#
# There is insufficient memory for the Java Runtime Environment to continue.
# Native memory allocation (mmap) failed to map 65011712 bytes. Error detail: G1 virtual space
# Possible reasons:
#   The system is out of physical RAM or swap space
#   This process is running with CompressedOops enabled, and the Java Heap may be blocking the growth of the native heap
# Possible solutions:
#   Reduce memory load on the system
#   Increase physical memory or swap space
#   Check if swap backing store is full
#   Decrease Java heap size (-Xmx/-Xms)
#   Decrease number of Java threads
#   Decrease Java thread stack sizes (-Xss)
#   Set larger code cache with -XX:ReservedCodeCacheSize=
#   JVM is running with Unscaled Compressed Oops mode in which the Java heap is
#     placed in the first 4GB address space. The Java Heap base address is the
#     maximum limit for the native heap growth. Please use -XX:HeapBaseMinAddress
#     to set the Java Heap base and to place the Java Heap above 4GB virtual address.
# This output file may be truncated or incomplete.
#
#  Out of Memory Error (os_windows.cpp:3825), pid=19512, tid=10500
#
# JRE version:  (17.0.12+1) (build )
# Java VM: OpenJDK 64-Bit Server VM (17.0.12+1-b1207.37, mixed mode, sharing, tiered, compressed oops, compressed class ptrs, g1 gc, windows-amd64)
# No core dump will be written. Minidumps are not enabled by default on client versions of Windows
#

---------------  S U M M A R Y ------------

Command Line: --module-path=C:\Users\39\.m2\repository\org\openjfx\javafx-base\21.0.2\javafx-base-21.0.2-win.jar;C:\Users\39\.m2\repository\org\openjfx\javafx-base\21.0.2\javafx-base-21.0.2.jar;C:\Users\39\.m2\repository\org\openjfx\javafx-controls\21.0.2\javafx-controls-21.0.2-win.jar;C:\Users\39\.m2\repository\org\openjfx\javafx-controls\21.0.2\javafx-controls-21.0.2.jar;C:\Users\39\.m2\repository\org\openjfx\javafx-fxml\21.0.2\javafx-fxml-21.0.2-win.jar;C:\Users\39\.m2\repository\org\openjfx\javafx-fxml\21.0.2\javafx-fxml-21.0.2.jar;C:\Users\39\.m2\repository\org\openjfx\javafx-graphics\21.0.2\javafx-graphics-21.0.2-win.jar;C:\Users\39\.m2\repository\org\openjfx\javafx-graphics\21.0.2\javafx-graphics-21.0.2.jar --add-modules=javafx.base,javafx.controls,javafx.fxml,javafx.graphics tn.gimify.tests.MainFx

Host: Intel(R) Core(TM) i5-10210U CPU @ 1.60GHz, 8 cores, 3G,  Windows 10 , 64 bit Build 19041 (10.0.19041.5438)
Time: Wed Feb 19 01:44:29 2025 Paris, Madrid elapsed time: 0.032521 seconds (0d 0h 0m 0s)

---------------  T H R E A D  ---------------

Current thread (0x0000026a6afaa4f0):  JavaThread "Unknown thread" [_thread_in_vm, id=10500, stack(0x0000009286800000,0x0000009286900000)]

Stack: [0x0000009286800000,0x0000009286900000]
Native frames: (J=compiled Java code, j=interpreted, Vv=VM code, C=native code)
V  [jvm.dll+0x689d89]  os::platform_print_native_stack+0xd9  (os_windows_x86.cpp:235)
V  [jvm.dll+0x84386a]  VMError::report+0xc6a  (vmError.cpp:868)
V  [jvm.dll+0x8454ee]  VMError::report_and_die+0x78e  (vmError.cpp:1766)
V  [jvm.dll+0x845b53]  VMError::report_and_die+0x43  (vmError.cpp:1552)
V  [jvm.dll+0x24a56f]  report_vm_out_of_memory+0x8f  (debug.cpp:321)
V  [jvm.dll+0x686ad9]  os::pd_commit_memory_or_exit+0xc9  (os_windows.cpp:3833)
V  [jvm.dll+0x67b3da]  os::commit_memory_or_exit+0x2a  (os.cpp:1740)
V  [jvm.dll+0x30b15b]  G1PageBasedVirtualSpace::commit+0x19b  (g1PageBasedVirtualSpace.cpp:204)
V  [jvm.dll+0x312646]  G1RegionsLargerThanCommitSizeMapper::commit_regions+0x96  (g1RegionToSpaceMapper.cpp:100)
V  [jvm.dll+0x36288e]  HeapRegionManager::expand_any+0xee  (heapRegionManager.cpp:363)
V  [jvm.dll+0x362acf]  HeapRegionManager::expand_by+0x7f  (heapRegionManager.cpp:380)
V  [jvm.dll+0x2e125c]  G1CollectedHeap::expand+0xbc  (g1CollectedHeap.cpp:1292)
V  [jvm.dll+0x2e21b4]  G1CollectedHeap::initialize+0x664  (g1CollectedHeap.cpp:1713)
V  [jvm.dll+0x81420b]  universe_init+0xbb  (universe.cpp:737)
V  [jvm.dll+0x370618]  init_globals+0x48  (init.cpp:131)
V  [jvm.dll+0x7f2b45]  Threads::create_vm+0x5e5  (thread.cpp:2909)
V  [jvm.dll+0x3f4aaf]  JNI_CreateJavaVM_inner+0x8f  (jni.cpp:3654)
V  [jvm.dll+0x3f6661]  JNI_CreateJavaVM+0x11  (jni.cpp:3746)
C  [jli.dll+0x528f]  JavaMain+0x113  (java.c:413)
C  [ucrtbase.dll+0x21bb2]
C  [KERNEL32.DLL+0x17374]
C  [ntdll.dll+0x4cc91]


---------------  P R O C E S S  ---------------

Threads class SMR info:
_java_thread_list=0x00007ff8c0655fd8, length=0, elements={
}

Java Threads: ( => current thread )

Other Threads:
  0x0000026a6afe6da0 GCTaskThread "GC Thread#0" [stack: 0x0000009286900000,0x0000009286a00000] [id=17644]
  0x0000026a6afef7f0 ConcurrentGCThread "G1 Main Marker" [stack: 0x0000009286a00000,0x0000009286b00000] [id=14664]
  0x0000026a6aff0210 ConcurrentGCThread "G1 Conc#0" [stack: 0x0000009286b00000,0x0000009286c00000] [id=2728]

[error occurred during error reporting (printing all threads), id 0xc0000005, EXCEPTION_ACCESS_VIOLATION (0xc0000005) at pc=0x00007ff8bfe01ae7]

VM state: not at safepoint (not fully initialized)

VM Mutex/Monitor currently owned by a thread:  ([mutex/lock_event])
[0x0000026a6afa5040] Heap_lock - owner thread: 0x0000026a6afaa4f0

Heap address: 0x00000000c2800000, size: 984 MB, Compressed Oops mode: 32-bit

CDS archive(s) mapped at: [0x0000000000000000-0x0000000000000000-0x0000000000000000), size 0, SharedBaseAddress: 0x0000000800000000, ArchiveRelocationMode: 1.
Narrow klass base: 0x0000000000000000, Narrow klass shift: 0, Narrow klass range: 0x0

GC Precious Log:
<Empty>

Heap:
 garbage-first heap   total 0K, used 0K [0x00000000c2800000, 0x0000000100000000)
  region size 1024K, 0 young (0K), 0 survivors (0K)
 Metaspace       used 0K, committed 0K, reserved 0K
  class space    used 0K, committed 0K, reserved 0K

Heap Regions: E=young(eden), S=young(survivor), O=old, HS=humongous(starts), HC=humongous(continues), CS=collection set, F=free, OA=open archive, CA=closed archive, TAMS=top-at-mark-start (previous, next)

Card table byte_map: [0x0000026a7fbe0000,0x0000026a7fdd0000] _byte_map_base: 0x0000026a7f5cc000

Marking Bits (Prev, Next): (CMBitMap*) 0x0000026a6afe73c0, (CMBitMap*) 0x0000026a6afe7400
 Prev Bits: [0x0000026a00000000, 0x0000026a00f60000)
 Next Bits: [0x0000026a00f60000, 0x0000026a01ec0000)

GC Heap History (0 events):
No events

Dll operation events (1 events):
Event: 0.012 Loaded shared library C:\Users\39\.jdks\jbr-17.0.12-1\bin\java.dll

Deoptimization events (0 events):
No events

Classes loaded (0 events):
No events

Classes unloaded (0 events):
No events

Classes redefined (0 events):
No events

Internal exceptions (0 events):
No events

VM Operations (0 events):
No events

Events (0 events):
No events


Dynamic libraries:
0x00007ff64a2c0000 - 0x00007ff64a2ca000 	C:\Users\39\.jdks\jbr-17.0.12-1\bin\java.exe
0x00007ff93f070000 - 0x00007ff93f268000 	C:\Windows\SYSTEM32\ntdll.dll
0x00007ff93df60000 - 0x00007ff93e022000 	C:\Windows\System32\KERNEL32.DLL
0x00007ff93c870000 - 0x00007ff93cb6f000 	C:\Windows\System32\KERNELBASE.dll
0x00007ff93cf90000 - 0x00007ff93d090000 	C:\Windows\System32\ucrtbase.dll
0x00007ff927b10000 - 0x00007ff927b27000 	C:\Users\39\.jdks\jbr-17.0.12-1\bin\jli.dll
0x00007ff93dd40000 - 0x00007ff93dedd000 	C:\Windows\System32\USER32.dll
0x00007ff927b50000 - 0x00007ff927b6b000 	C:\Users\39\.jdks\jbr-17.0.12-1\bin\VCRUNTIME140.dll
0x00007ff93cc30000 - 0x00007ff93cc52000 	C:\Windows\System32\win32u.dll
0x00007ff93e670000 - 0x00007ff93e69b000 	C:\Windows\System32\GDI32.dll
0x00007ff923a20000 - 0x00007ff923cba000 	C:\Windows\WinSxS\amd64_microsoft.windows.common-controls_6595b64144ccf1df_6.0.19041.4355_none_60b8b9eb71f62e16\COMCTL32.dll
0x00007ff93cd20000 - 0x00007ff93ce3a000 	C:\Windows\System32\gdi32full.dll
0x00007ff93d380000 - 0x00007ff93d41e000 	C:\Windows\System32\msvcrt.dll
0x00007ff93ce40000 - 0x00007ff93cedd000 	C:\Windows\System32\msvcp_win.dll
0x00007ff93ed00000 - 0x00007ff93ed2f000 	C:\Windows\System32\IMM32.DLL
0x00007ff924860000 - 0x00007ff92486c000 	C:\Users\39\.jdks\jbr-17.0.12-1\bin\vcruntime140_1.dll
0x00007ff9161c0000 - 0x00007ff91624d000 	C:\Users\39\.jdks\jbr-17.0.12-1\bin\msvcp140.dll
0x00007ff8bfb10000 - 0x00007ff8c079a000 	C:\Users\39\.jdks\jbr-17.0.12-1\bin\server\jvm.dll
0x00007ff93e730000 - 0x00007ff93e7df000 	C:\Windows\System32\ADVAPI32.dll
0x00007ff93e030000 - 0x00007ff93e0cf000 	C:\Windows\System32\sechost.dll
0x00007ff93ee50000 - 0x00007ff93ef73000 	C:\Windows\System32\RPCRT4.dll
0x00007ff93cc00000 - 0x00007ff93cc27000 	C:\Windows\System32\bcrypt.dll
0x00007ff93def0000 - 0x00007ff93df5b000 	C:\Windows\System32\WS2_32.dll
0x00007ff93c450000 - 0x00007ff93c49b000 	C:\Windows\SYSTEM32\POWRPROF.dll
0x00007ff92be80000 - 0x00007ff92bea7000 	C:\Windows\SYSTEM32\WINMM.dll
0x00007ff938a30000 - 0x00007ff938a3a000 	C:\Windows\SYSTEM32\VERSION.dll
0x00007ff93c430000 - 0x00007ff93c442000 	C:\Windows\SYSTEM32\UMPDC.dll
0x00007ff93a590000 - 0x00007ff93a5a2000 	C:\Windows\SYSTEM32\kernel.appcore.dll
0x00007ff924830000 - 0x00007ff92483a000 	C:\Users\39\.jdks\jbr-17.0.12-1\bin\jimage.dll
0x00007ff92b7d0000 - 0x00007ff92b9b4000 	C:\Windows\SYSTEM32\DBGHELP.DLL
0x00007ff913e10000 - 0x00007ff913e44000 	C:\Windows\SYSTEM32\dbgcore.DLL
0x00007ff93cb70000 - 0x00007ff93cbf2000 	C:\Windows\System32\bcryptPrimitives.dll
0x00007ff91bc50000 - 0x00007ff91bc75000 	C:\Users\39\.jdks\jbr-17.0.12-1\bin\java.dll

dbghelp: loaded successfully - version: 4.0.5 - missing functions: none
symbol engine: initialized successfully - sym options: 0x614 - pdb path: .;C:\Users\39\.jdks\jbr-17.0.12-1\bin;C:\Windows\SYSTEM32;C:\Windows\WinSxS\amd64_microsoft.windows.common-controls_6595b64144ccf1df_6.0.19041.4355_none_60b8b9eb71f62e16;C:\Users\39\.jdks\jbr-17.0.12-1\bin\server

VM Arguments:
jvm_args: --module-path=C:\Users\39\.m2\repository\org\openjfx\javafx-base\21.0.2\javafx-base-21.0.2-win.jar;C:\Users\39\.m2\repository\org\openjfx\javafx-base\21.0.2\javafx-base-21.0.2.jar;C:\Users\39\.m2\repository\org\openjfx\javafx-controls\21.0.2\javafx-controls-21.0.2-win.jar;C:\Users\39\.m2\repository\org\openjfx\javafx-controls\21.0.2\javafx-controls-21.0.2.jar;C:\Users\39\.m2\repository\org\openjfx\javafx-fxml\21.0.2\javafx-fxml-21.0.2-win.jar;C:\Users\39\.m2\repository\org\openjfx\javafx-fxml\21.0.2\javafx-fxml-21.0.2.jar;C:\Users\39\.m2\repository\org\openjfx\javafx-graphics\21.0.2\javafx-graphics-21.0.2-win.jar;C:\Users\39\.m2\repository\org\openjfx\javafx-graphics\21.0.2\javafx-graphics-21.0.2.jar --add-modules=javafx.base,javafx.controls,javafx.fxml,javafx.graphics 
java_command: tn.gimify.tests.MainFx
java_class_path (initial): C:\Users\39\IdeaProjects\gestion_Salle_Evennement\target\classes;C:\Users\39\.m2\repository\com\google\protobuf\protobuf-java\3.21.9\protobuf-java-3.21.9.jar;C:\Users\39\.m2\repository\com\mysql\mysql-connector-j\8.0.33\mysql-connector-j-8.0.33.jar;C:\Users\39\.m2\repository\jakarta\persistence\jakarta.persistence-api\3.1.0\jakarta.persistence-api-3.1.0.jar
Launcher Type: SUN_STANDARD

[Global flags]
     intx CICompilerCount                          = 4                                         {product} {ergonomic}
     uint ConcGCThreads                            = 2                                         {product} {ergonomic}
     uint G1ConcRefinementThreads                  = 8                                         {product} {ergonomic}
   size_t G1HeapRegionSize                         = 1048576                                   {product} {ergonomic}
    uintx GCDrainStackTargetSize                   = 64                                        {product} {ergonomic}
   size_t InitialHeapSize                          = 65011712                                  {product} {ergonomic}
   size_t MarkStackSize                            = 4194304                                   {product} {ergonomic}
   size_t MaxHeapSize                              = 1031798784                                {product} {ergonomic}
   size_t MinHeapDeltaBytes                        = 1048576                                   {product} {ergonomic}
   size_t MinHeapSize                              = 8388608                                   {product} {ergonomic}
    uintx NonNMethodCodeHeapSize                   = 5839372                                {pd product} {ergonomic}
    uintx NonProfiledCodeHeapSize                  = 122909434                              {pd product} {ergonomic}
    uintx ProfiledCodeHeapSize                     = 122909434                              {pd product} {ergonomic}
    uintx ReservedCodeCacheSize                    = 251658240                              {pd product} {ergonomic}
     bool SegmentedCodeCache                       = true                                      {product} {ergonomic}
   size_t SoftMaxHeapSize                          = 1031798784                             {manageable} {ergonomic}
     bool UseCompressedClassPointers               = true                           {product lp64_product} {ergonomic}
     bool UseCompressedOops                        = true                           {product lp64_product} {ergonomic}
     bool UseG1GC                                  = true                                      {product} {ergonomic}
     bool UseLargePagesIndividualAllocation        = false                                  {pd product} {ergonomic}

Logging:
Log output configuration:
 #0: stdout all=warning uptime,level,tags
 #1: stderr all=off uptime,level,tags

Environment Variables:
PATH=C:\oraclexe\app\oracle\product\11.2.0\server\bin;C:\Users\39\.jdks\jbr-17.0.12-1\bin;C:\Program Files (x86)\VMware\VMware Workstation\bin\;C:\Users\39\.jdks\jbr-17.0.12\bin;C:\Windows\system32;C:\Windows;C:\Windows\System32\Wbem;C:\Windows\System32\WindowsPowerShell\v1.0\;C:\Windows\System32\OpenSSH\;C:\xampp\php;C:\composer;C:\Program Files\Git\cmd;C:\Users\39\scoop\shims;C:\Users\39\AppData\Local\Microsoft\WindowsApps;C:\Users\39\AppData\Roaming\Composer\vendor\bin;C:\Users\39\AppData\Local\Programs\Microsoft VS Code\bin;C:\Users\39\AppData\Local\GitHubDesktop\bin
USERNAME=39
OS=Windows_NT
PROCESSOR_IDENTIFIER=Intel64 Family 6 Model 142 Stepping 12, GenuineIntel
TMP=C:\Users\39\AppData\Local\Temp
TEMP=C:\Users\39\AppData\Local\Temp



Periodic native trim disabled

JNI global refs:
JNI global refs: 0, weak refs: 0

JNI global refs memory usage: 0, weak refs: 0

Process memory usage:
Resident Set Size: 37352K (0% of 4024112K total physical memory with 374612K free physical memory)

OOME stack traces (most recent first):
Classloader memory used:


---------------  S Y S T E M  ---------------

OS:
 Windows 10 , 64 bit Build 19041 (10.0.19041.5438)
OS uptime: 1 days 17:24 hours

CPU: total 8 (initial active 8) (4 cores per cpu, 2 threads per core) family 6 model 142 stepping 12 microcode 0xde, cx8, cmov, fxsr, ht, mmx, 3dnowpref, sse, sse2, sse3, ssse3, sse4.1, sse4.2, popcnt, lzcnt, tsc, tscinvbit, avx, avx2, aes, erms, clmul, bmi1, bmi2, adx, fma, vzeroupper, clflush, clflushopt
Processor Information for all 8 processors :
  Max Mhz: 2112, Current Mhz: 1609, Mhz Limit: 1605

Memory: 4k page, system-wide physical 3929M (365M free)
TotalPageFile size 16217M (AvailPageFile size 212M)
current process WorkingSet (physical memory assigned to process): 36M, peak: 36M
current process commit charge ("private bytes"): 86M, peak: 121M

vm_info: OpenJDK 64-Bit Server VM (17.0.12+1-b1207.37) for windows-amd64 JRE (17.0.12+1-b1207.37), built on 2024-09-25 by "builduser" with MS VC++ 16.10 / 16.11 (VS2019)

END.
