#
# There is insufficient memory for the Java Runtime Environment to continue.
# Native memory allocation (mmap) failed to map 46137344 bytes. Error detail: G1 virtual space
# Possible reasons:
#   The system is out of physical RAM or swap space
#   This process is running with CompressedOops enabled, and the Java Heap may be blocking the growth of the native heap
# Possible solutions:
#   Reduce memory load on the system
#   Increase physical memory or swap space
#   Check if swap backing store is full
#   Decrease Java heap size (-Xmx/-Xms)
#   Decrease number of Java threads
#   Decrease Java thread stack sizes (-Xss)
#   Set larger code cache with -XX:ReservedCodeCacheSize=
#   JVM is running with Unscaled Compressed Oops mode in which the Java heap is
#     placed in the first 4GB address space. The Java Heap base address is the
#     maximum limit for the native heap growth. Please use -XX:HeapBaseMinAddress
#     to set the Java Heap base and to place the Java Heap above 4GB virtual address.
# This output file may be truncated or incomplete.
#
#  Out of Memory Error (os_windows.cpp:3830), pid=12564, tid=2864
#
# JRE version: OpenJDK Runtime Environment JBR-17.0.14+1-1367.22-nomod (17.0.14+1) (build 17.0.14+1-b1367.22)
# Java VM: OpenJDK 64-Bit Server VM JBR-17.0.14+1-1367.22-nomod (17.0.14+1-b1367.22, mixed mode, sharing, tiered, compressed oops, compressed class ptrs, g1 gc, windows-amd64)
# No core dump will be written. Minidumps are not enabled by default on client versions of Windows
#

---------------  S U M M A R Y ------------

Command Line: -Dmaven.multiModuleProjectDirectory=C:\Users\39\Documents\GitHub\DevAthletes\DevAthletes\gymify -Djansi.passthrough=true -Dmaven.home=C:\Program Files\JetBrains\IntelliJ IDEA 2024.2.2\plugins\maven\lib\maven3 -Dclassworlds.conf=C:\Program Files\JetBrains\IntelliJ IDEA 2024.2.2\plugins\maven\lib\maven3\bin\m2.conf -Dmaven.ext.class.path=C:\Program Files\JetBrains\IntelliJ IDEA 2024.2.2\plugins\maven\lib\maven-event-listener.jar -javaagent:C:\Program Files\JetBrains\IntelliJ IDEA 2024.2.2\lib\idea_rt.jar=50191:C:\Program Files\JetBrains\IntelliJ IDEA 2024.2.2\bin -Dfile.encoding=UTF-8 org.codehaus.classworlds.Launcher -Didea.version=2024.2.2 org.openjfx:javafx-maven-plugin:0.0.8:run

Host: Intel(R) Core(TM) i5-10210U CPU @ 1.60GHz, 8 cores, 3G,  Windows 10 , 64 bit Build 19041 (10.0.19041.5438)
Time: Fri Mar  7 05:39:49 2025 Paris, Madrid elapsed time: 7.638254 seconds (0d 0h 0m 7s)

---------------  T H R E A D  ---------------

Current thread (0x000001d59eb98580):  VMThread "VM Thread" [stack: 0x000000729f600000,0x000000729f700000] [id=2864]

Stack: [0x000000729f600000,0x000000729f700000]
Native frames: (J=compiled Java code, j=interpreted, Vv=VM code, C=native code)
V  [jvm.dll+0x68b969]

VM_Operation (0x000000729f0fc1d0): G1CollectForAllocation, mode: safepoint, requested by thread 0x000001d5872204d0


---------------  P R O C E S S  ---------------

Threads class SMR info:
_java_thread_list=0x000001d5e54134b0, length=14, elements={
0x000001d5872204d0, 0x000001d59eb9c3b0, 0x000001d59eb9d9d0, 0x000001d59ebb08d0,
0x000001d59ebb33a0, 0x000001d59ebb4500, 0x000001d59ebb4ec0, 0x000001d59ebb6bc0,
0x000001d59ebbb050, 0x000001d59ebc0630, 0x000001d5e4057820, 0x000001d5e40c7b70,
0x000001d5e40ceff0, 0x000001d5e541c670
}

Java Threads: ( => current thread )
  0x000001d5872204d0 JavaThread "main" [_thread_blocked, id=3240, stack(0x000000729f000000,0x000000729f100000)]
  0x000001d59eb9c3b0 JavaThread "Reference Handler" daemon [_thread_blocked, id=2648, stack(0x000000729f700000,0x000000729f800000)]
  0x000001d59eb9d9d0 JavaThread "Finalizer" daemon [_thread_blocked, id=11380, stack(0x000000729f800000,0x000000729f900000)]
  0x000001d59ebb08d0 JavaThread "Signal Dispatcher" daemon [_thread_blocked, id=13472, stack(0x000000729f900000,0x000000729fa00000)]
  0x000001d59ebb33a0 JavaThread "Attach Listener" daemon [_thread_blocked, id=15876, stack(0x000000729fa00000,0x000000729fb00000)]
  0x000001d59ebb4500 JavaThread "Service Thread" daemon [_thread_blocked, id=17276, stack(0x000000729fb00000,0x000000729fc00000)]
  0x000001d59ebb4ec0 JavaThread "Monitor Deflation Thread" daemon [_thread_blocked, id=16540, stack(0x000000729fc00000,0x000000729fd00000)]
  0x000001d59ebb6bc0 JavaThread "C2 CompilerThread0" daemon [_thread_blocked, id=7488, stack(0x000000729fd00000,0x000000729fe00000)]
  0x000001d59ebbb050 JavaThread "C1 CompilerThread0" daemon [_thread_blocked, id=1004, stack(0x000000729fe00000,0x000000729ff00000)]
  0x000001d59ebc0630 JavaThread "Sweeper thread" daemon [_thread_blocked, id=15120, stack(0x000000729ff00000,0x00000072a0000000)]
  0x000001d5e4057820 JavaThread "Common-Cleaner" daemon [_thread_blocked, id=8576, stack(0x00000072a0000000,0x00000072a0100000)]
  0x000001d5e40c7b70 JavaThread "Monitor Ctrl-Break" daemon [_thread_in_native, id=12280, stack(0x00000072a0100000,0x00000072a0200000)]
  0x000001d5e40ceff0 JavaThread "Notification Thread" daemon [_thread_blocked, id=10204, stack(0x00000072a0200000,0x00000072a0300000)]
  0x000001d5e541c670 JavaThread "Thread-1" daemon [_thread_blocked, id=9860, stack(0x00000072a0b00000,0x00000072a0c00000)]

Other Threads:
=>0x000001d59eb98580 VMThread "VM Thread" [stack: 0x000000729f600000,0x000000729f700000] [id=2864]
  0x000001d5e40d5f30 WatcherThread [stack: 0x00000072a0300000,0x00000072a0400000] [id=10604]
  0x000001d58725cb20 GCTaskThread "GC Thread#0" [stack: 0x000000729f100000,0x000000729f200000] [id=15908]
  0x000001d5e4a93780 GCTaskThread "GC Thread#1" [stack: 0x00000072a0400000,0x00000072a0500000] [id=2676]
  0x000001d5e4a8e080 GCTaskThread "GC Thread#2" [stack: 0x00000072a0500000,0x00000072a0600000] [id=4656]
  0x000001d5e4a8e340 GCTaskThread "GC Thread#3" [stack: 0x00000072a0600000,0x00000072a0700000] [id=16356]
  0x000001d5e4a8e600 GCTaskThread "GC Thread#4" [stack: 0x00000072a0700000,0x00000072a0800000] [id=8264]
  0x000001d5e4a8e8c0 GCTaskThread "GC Thread#5" [stack: 0x00000072a0800000,0x00000072a0900000] [id=11300]
  0x000001d5e4a90b90 GCTaskThread "GC Thread#6" [stack: 0x00000072a0900000,0x00000072a0a00000] [id=2344]
  0x000001d5e4d3b7c0 GCTaskThread "GC Thread#7" [stack: 0x00000072a0a00000,0x00000072a0b00000] [id=3084]
  0x000001d587265570 ConcurrentGCThread "G1 Main Marker" [stack: 0x000000729f200000,0x000000729f300000] [id=8800]
  0x000001d587266730 ConcurrentGCThread "G1 Conc#0" [stack: 0x000000729f300000,0x000000729f400000] [id=7540]
  0x000001d5e4fcf5e0 ConcurrentGCThread "G1 Conc#1" [stack: 0x00000072a0c00000,0x00000072a0d00000] [id=3148]
  0x000001d5872b4330 ConcurrentGCThread "G1 Refine#0" [stack: 0x000000729f400000,0x000000729f500000] [id=13248]
  0x000001d5e58539c0 ConcurrentGCThread "G1 Refine#1" [stack: 0x00000072a0d00000,0x00000072a0e00000] [id=12256]
  0x000001d5e48f6750 ConcurrentGCThread "G1 Refine#2" [stack: 0x00000072a0e00000,0x00000072a0f00000] [id=14384]
  0x000001d5872b4d60 ConcurrentGCThread "G1 Service" [stack: 0x000000729f500000,0x000000729f600000] [id=11596]

Threads with active compile tasks:
C2 CompilerThread0     7782 4924       4       com.sun.tools.javac.util.IntHashTable::put (99 bytes)

VM state: at safepoint (normal execution)

VM Mutex/Monitor currently owned by a thread:  ([mutex/lock_event])
[0x000001d58721af70] Threads_lock - owner thread: 0x000001d59eb98580
[0x000001d58721be10] Heap_lock - owner thread: 0x000001d5872204d0

Heap address: 0x00000000c2800000, size: 984 MB, Compressed Oops mode: 32-bit

CDS archive(s) mapped at: [0x000001d59f000000-0x000001d59fc00000-0x000001d59fc00000), size 12582912, SharedBaseAddress: 0x000001d59f000000, ArchiveRelocationMode: 1.
Compressed class space mapped at: 0x000001d5a0000000-0x000001d5e0000000, reserved size: 1073741824
Narrow klass base: 0x000001d59f000000, Narrow klass shift: 0, Narrow klass range: 0x100000000

GC Precious Log:
 CPUs: 8 total, 8 available
 Memory: 3929M
 Large Page Support: Disabled
 NUMA Support: Disabled
 Compressed Oops: Enabled (32-bit)
 Heap Region Size: 1M
 Heap Min Capacity: 8M
 Heap Initial Capacity: 62M
 Heap Max Capacity: 984M
 Pre-touch: Disabled
 Parallel Workers: 8
 Concurrent Workers: 2
 Concurrent Refinement Workers: 8
 Periodic GC: Disabled

Heap:
 garbage-first heap   total 63488K, used 24869K [0x00000000c2800000, 0x0000000100000000)
  region size 1024K, 3 young (3072K), 3 survivors (3072K)
 Metaspace       used 26685K, committed 26944K, reserved 1114112K
  class space    used 3184K, committed 3328K, reserved 1048576K

Heap Regions: E=young(eden), S=young(survivor), O=old, HS=humongous(starts), HC=humongous(continues), CS=collection set, F=free, OA=open archive, CA=closed archive, TAMS=top-at-mark-start (previous, next)
|   0|0x00000000c2800000, 0x00000000c2900000, 0x00000000c2900000|100%| O|  |TAMS 0x00000000c2900000, 0x00000000c2800000| Untracked 
|   1|0x00000000c2900000, 0x00000000c2a00000, 0x00000000c2a00000|100%| O|  |TAMS 0x00000000c2a00000, 0x00000000c2900000| Untracked 
|   2|0x00000000c2a00000, 0x00000000c2b00000, 0x00000000c2b00000|100%| O|  |TAMS 0x00000000c2b00000, 0x00000000c2a00000| Untracked 
|   3|0x00000000c2b00000, 0x00000000c2c00000, 0x00000000c2c00000|100%| O|  |TAMS 0x00000000c2c00000, 0x00000000c2b00000| Untracked 
|   4|0x00000000c2c00000, 0x00000000c2d00000, 0x00000000c2d00000|100%| O|  |TAMS 0x00000000c2d00000, 0x00000000c2c00000| Untracked 
|   5|0x00000000c2d00000, 0x00000000c2e00000, 0x00000000c2e00000|100%| O|  |TAMS 0x00000000c2e00000, 0x00000000c2d00000| Untracked 
|   6|0x00000000c2e00000, 0x00000000c2f00000, 0x00000000c2f00000|100%| O|  |TAMS 0x00000000c2f00000, 0x00000000c2e00000| Untracked 
|   7|0x00000000c2f00000, 0x00000000c3000000, 0x00000000c3000000|100%| O|  |TAMS 0x00000000c3000000, 0x00000000c2f00000| Untracked 
|   8|0x00000000c3000000, 0x00000000c3100000, 0x00000000c3100000|100%| O|  |TAMS 0x00000000c3100000, 0x00000000c3000000| Untracked 
|   9|0x00000000c3100000, 0x00000000c3200000, 0x00000000c3200000|100%| O|  |TAMS 0x00000000c3138e00, 0x00000000c3100000| Untracked 
|  10|0x00000000c3200000, 0x00000000c3300000, 0x00000000c3300000|100%| O|  |TAMS 0x00000000c3200000, 0x00000000c3200000| Untracked 
|  11|0x00000000c3300000, 0x00000000c3400000, 0x00000000c3400000|100%| O|  |TAMS 0x00000000c3300000, 0x00000000c3300000| Untracked 
|  12|0x00000000c3400000, 0x00000000c3500000, 0x00000000c3500000|100%| O|  |TAMS 0x00000000c3400000, 0x00000000c3400000| Untracked 
|  13|0x00000000c3500000, 0x00000000c3600000, 0x00000000c3600000|100%| O|  |TAMS 0x00000000c3500000, 0x00000000c3500000| Untracked 
|  14|0x00000000c3600000, 0x00000000c3700000, 0x00000000c3700000|100%| O|  |TAMS 0x00000000c3600000, 0x00000000c3600000| Untracked 
|  15|0x00000000c3700000, 0x00000000c3800000, 0x00000000c3800000|100%| O|  |TAMS 0x00000000c3700000, 0x00000000c3700000| Untracked 
|  16|0x00000000c3800000, 0x00000000c3900000, 0x00000000c3900000|100%| O|  |TAMS 0x00000000c3800000, 0x00000000c3800000| Untracked 
|  17|0x00000000c3900000, 0x00000000c3a00000, 0x00000000c3a00000|100%| O|  |TAMS 0x00000000c3900000, 0x00000000c3900000| Untracked 
|  18|0x00000000c3a00000, 0x00000000c3b00000, 0x00000000c3b00000|100%| O|  |TAMS 0x00000000c3a00000, 0x00000000c3a00000| Untracked 
|  19|0x00000000c3b00000, 0x00000000c3b49600, 0x00000000c3c00000| 28%| O|  |TAMS 0x00000000c3b00000, 0x00000000c3b00000| Untracked 
|  20|0x00000000c3c00000, 0x00000000c3c00000, 0x00000000c3d00000|  0%| F|  |TAMS 0x00000000c3c00000, 0x00000000c3c00000| Untracked 
|  21|0x00000000c3d00000, 0x00000000c3d00000, 0x00000000c3e00000|  0%| F|  |TAMS 0x00000000c3d00000, 0x00000000c3d00000| Untracked 
|  22|0x00000000c3e00000, 0x00000000c3f00000, 0x00000000c3f00000|100%| O|  |TAMS 0x00000000c3e00000, 0x00000000c3e00000| Untracked 
|  23|0x00000000c3f00000, 0x00000000c4000000, 0x00000000c4000000|100%| O|  |TAMS 0x00000000c3f00000, 0x00000000c3f00000| Untracked 
|  24|0x00000000c4000000, 0x00000000c4000000, 0x00000000c4100000|  0%| F|  |TAMS 0x00000000c4000000, 0x00000000c4000000| Untracked 
|  25|0x00000000c4100000, 0x00000000c4100000, 0x00000000c4200000|  0%| F|  |TAMS 0x00000000c4100000, 0x00000000c4100000| Untracked 
|  26|0x00000000c4200000, 0x00000000c4200000, 0x00000000c4300000|  0%| F|  |TAMS 0x00000000c4200000, 0x00000000c4200000| Untracked 
|  27|0x00000000c4300000, 0x00000000c4300000, 0x00000000c4400000|  0%| F|  |TAMS 0x00000000c4300000, 0x00000000c4300000| Untracked 
|  28|0x00000000c4400000, 0x00000000c4400000, 0x00000000c4500000|  0%| F|  |TAMS 0x00000000c4400000, 0x00000000c4400000| Untracked 
|  29|0x00000000c4500000, 0x00000000c4500000, 0x00000000c4600000|  0%| F|  |TAMS 0x00000000c4500000, 0x00000000c4500000| Untracked 
|  30|0x00000000c4600000, 0x00000000c4600000, 0x00000000c4700000|  0%| F|  |TAMS 0x00000000c4600000, 0x00000000c4600000| Untracked 
|  31|0x00000000c4700000, 0x00000000c4800000, 0x00000000c4800000|100%| S|CS|TAMS 0x00000000c4700000, 0x00000000c4700000| Complete 
|  32|0x00000000c4800000, 0x00000000c4900000, 0x00000000c4900000|100%| S|CS|TAMS 0x00000000c4800000, 0x00000000c4800000| Complete 
|  33|0x00000000c4900000, 0x00000000c4a00000, 0x00000000c4a00000|100%| S|CS|TAMS 0x00000000c4900000, 0x00000000c4900000| Complete 
|  34|0x00000000c4a00000, 0x00000000c4a00000, 0x00000000c4b00000|  0%| F|  |TAMS 0x00000000c4a00000, 0x00000000c4a00000| Untracked 
|  35|0x00000000c4b00000, 0x00000000c4b00000, 0x00000000c4c00000|  0%| F|  |TAMS 0x00000000c4b00000, 0x00000000c4b00000| Untracked 
|  36|0x00000000c4c00000, 0x00000000c4c00000, 0x00000000c4d00000|  0%| F|  |TAMS 0x00000000c4c00000, 0x00000000c4c00000| Untracked 
|  37|0x00000000c4d00000, 0x00000000c4d00000, 0x00000000c4e00000|  0%| F|  |TAMS 0x00000000c4d00000, 0x00000000c4d00000| Untracked 
|  38|0x00000000c4e00000, 0x00000000c4e00000, 0x00000000c4f00000|  0%| F|  |TAMS 0x00000000c4e00000, 0x00000000c4e00000| Untracked 
|  39|0x00000000c4f00000, 0x00000000c4f00000, 0x00000000c5000000|  0%| F|  |TAMS 0x00000000c4f00000, 0x00000000c4f00000| Untracked 
|  40|0x00000000c5000000, 0x00000000c5000000, 0x00000000c5100000|  0%| F|  |TAMS 0x00000000c5000000, 0x00000000c5000000| Untracked 
|  41|0x00000000c5100000, 0x00000000c5100000, 0x00000000c5200000|  0%| F|  |TAMS 0x00000000c5100000, 0x00000000c5100000| Untracked 
|  42|0x00000000c5200000, 0x00000000c5200000, 0x00000000c5300000|  0%| F|  |TAMS 0x00000000c5200000, 0x00000000c5200000| Untracked 
|  43|0x00000000c5300000, 0x00000000c5300000, 0x00000000c5400000|  0%| F|  |TAMS 0x00000000c5300000, 0x00000000c5300000| Untracked 
|  44|0x00000000c5400000, 0x00000000c5400000, 0x00000000c5500000|  0%| F|  |TAMS 0x00000000c5400000, 0x00000000c5400000| Untracked 
|  45|0x00000000c5500000, 0x00000000c5500000, 0x00000000c5600000|  0%| F|  |TAMS 0x00000000c5500000, 0x00000000c5500000| Untracked 
|  46|0x00000000c5600000, 0x00000000c5600000, 0x00000000c5700000|  0%| F|  |TAMS 0x00000000c5600000, 0x00000000c5600000| Untracked 
|  47|0x00000000c5700000, 0x00000000c5700000, 0x00000000c5800000|  0%| F|  |TAMS 0x00000000c5700000, 0x00000000c5700000| Untracked 
|  48|0x00000000c5800000, 0x00000000c5800000, 0x00000000c5900000|  0%| F|  |TAMS 0x00000000c5800000, 0x00000000c5800000| Untracked 
|  49|0x00000000c5900000, 0x00000000c5900000, 0x00000000c5a00000|  0%| F|  |TAMS 0x00000000c5900000, 0x00000000c5900000| Untracked 
|  50|0x00000000c5a00000, 0x00000000c5a00000, 0x00000000c5b00000|  0%| F|  |TAMS 0x00000000c5a00000, 0x00000000c5a00000| Untracked 
|  51|0x00000000c5b00000, 0x00000000c5b00000, 0x00000000c5c00000|  0%| F|  |TAMS 0x00000000c5b00000, 0x00000000c5b00000| Untracked 
|  52|0x00000000c5c00000, 0x00000000c5c00000, 0x00000000c5d00000|  0%| F|  |TAMS 0x00000000c5c00000, 0x00000000c5c00000| Untracked 
|  53|0x00000000c5d00000, 0x00000000c5d00000, 0x00000000c5e00000|  0%| F|  |TAMS 0x00000000c5d00000, 0x00000000c5d00000| Untracked 
|  54|0x00000000c5e00000, 0x00000000c5e00000, 0x00000000c5f00000|  0%| F|  |TAMS 0x00000000c5e00000, 0x00000000c5e00000| Untracked 
|  55|0x00000000c5f00000, 0x00000000c5f00000, 0x00000000c6000000|  0%| F|  |TAMS 0x00000000c5f00000, 0x00000000c5f00000| Untracked 
|  56|0x00000000c6000000, 0x00000000c6000000, 0x00000000c6100000|  0%| F|  |TAMS 0x00000000c6000000, 0x00000000c6000000| Untracked 
|  57|0x00000000c6100000, 0x00000000c6100000, 0x00000000c6200000|  0%| F|  |TAMS 0x00000000c6100000, 0x00000000c6100000| Untracked 
|  58|0x00000000c6200000, 0x00000000c6200000, 0x00000000c6300000|  0%| F|  |TAMS 0x00000000c6200000, 0x00000000c6200000| Untracked 
|  59|0x00000000c6300000, 0x00000000c6300000, 0x00000000c6400000|  0%| F|  |TAMS 0x00000000c6300000, 0x00000000c6300000| Untracked 
|  60|0x00000000c6400000, 0x00000000c6400000, 0x00000000c6500000|  0%| F|  |TAMS 0x00000000c6400000, 0x00000000c6400000| Untracked 
|  61|0x00000000c6500000, 0x00000000c6500000, 0x00000000c6600000|  0%| F|  |TAMS 0x00000000c6500000, 0x00000000c6500000| Untracked 

Card table byte_map: [0x000001d599f40000,0x000001d59a130000] _byte_map_base: 0x000001d59992c000

Marking Bits (Prev, Next): (CMBitMap*) 0x000001d58725d180, (CMBitMap*) 0x000001d58725d140
 Prev Bits: [0x000001d59b280000, 0x000001d59c1e0000)
 Next Bits: [0x000001d59a320000, 0x000001d59b280000)

Polling page: 0x000001d585100000

Metaspace:

Usage:
  Non-class:     22.95 MB used.
      Class:      3.11 MB used.
       Both:     26.06 MB used.

Virtual space:
  Non-class space:       64.00 MB reserved,      23.06 MB ( 36%) committed,  1 nodes.
      Class space:        1.00 GB reserved,       3.25 MB ( <1%) committed,  1 nodes.
             Both:        1.06 GB reserved,      26.31 MB (  2%) committed. 

Chunk freelists:
   Non-Class:  8.06 MB
       Class:  12.78 MB
        Both:  20.84 MB

MaxMetaspaceSize: unlimited
CompressedClassSpaceSize: 1.00 GB
Initial GC threshold: 21.00 MB
Current GC threshold: 35.56 MB
CDS: on
MetaspaceReclaimPolicy: balanced
 - commit_granule_bytes: 65536.
 - commit_granule_words: 8192.
 - virtual_space_node_default_size: 8388608.
 - enlarge_chunks_in_place: 1.
 - new_chunks_are_fully_committed: 0.
 - uncommit_free_chunks: 1.
 - use_allocation_guard: 0.
 - handle_deallocations: 1.


Internal statistics:

num_allocs_failed_limit: 3.
num_arena_births: 160.
num_arena_deaths: 0.
num_vsnodes_births: 2.
num_vsnodes_deaths: 0.
num_space_committed: 421.
num_space_uncommitted: 0.
num_chunks_returned_to_freelist: 3.
num_chunks_taken_from_freelist: 1105.
num_chunk_merges: 3.
num_chunk_splits: 768.
num_chunks_enlarged: 606.
num_inconsistent_stats: 0.

CodeHeap 'non-profiled nmethods': size=120000Kb used=2432Kb max_used=2432Kb free=117567Kb
 bounds [0x000001d5924e0000, 0x000001d592750000, 0x000001d599a10000]
CodeHeap 'profiled nmethods': size=120000Kb used=11704Kb max_used=11704Kb free=108296Kb
 bounds [0x000001d58aa10000, 0x000001d58b580000, 0x000001d591f40000]
CodeHeap 'non-nmethods': size=5760Kb used=1207Kb max_used=1255Kb free=4552Kb
 bounds [0x000001d591f40000, 0x000001d5921b0000, 0x000001d5924e0000]
 total_blobs=5934 nmethods=5426 adapters=420
 compilation: enabled
              stopped_count=0, restarted_count=0
 full_count=0

Compilation events (20 events):
Event: 7.612 Thread 0x000001d59ebb6bc0 nmethod 4913 0x000001d59273ed90 code [0x000001d59273ef00, 0x000001d59273ef98]
Event: 7.612 Thread 0x000001d59ebb6bc0 4900       4       com.sun.tools.javac.parser.JavaTokenizer::put (27 bytes)
Event: 7.612 Thread 0x000001d59ebbb050 5478  s    2       java.io.ByteArrayOutputStream::toString (18 bytes)
Event: 7.612 Thread 0x000001d59ebbb050 nmethod 5478 0x000001d58b57b190 code [0x000001d58b57b340, 0x000001d58b57b588]
Event: 7.615 Thread 0x000001d59ebbb050 5479       2       jdk.nio.zipfs.ZipPath::getFileName (5 bytes)
Event: 7.615 Thread 0x000001d59ebbb050 nmethod 5479 0x000001d58b57b690 code [0x000001d58b57b820, 0x000001d58b57b948]
Event: 7.616 Thread 0x000001d59ebb6bc0 nmethod 4900 0x000001d59273f090 code [0x000001d59273f240, 0x000001d59273f898]
Event: 7.616 Thread 0x000001d59ebb6bc0 4929       4       com.sun.tools.javac.parser.UnicodeReader::isOneOf (30 bytes)
Event: 7.616 Thread 0x000001d59ebbb050 5480       2       sun.nio.ch.IOUtil::read (14 bytes)
Event: 7.617 Thread 0x000001d59ebbb050 nmethod 5480 0x000001d58b57ba10 code [0x000001d58b57bba0, 0x000001d58b57bca8]
Event: 7.617 Thread 0x000001d59ebbb050 5481   !   3       sun.nio.ch.IOUtil::read (133 bytes)
Event: 7.617 Thread 0x000001d59ebb6bc0 nmethod 4929 0x000001d59273fc90 code [0x000001d59273fe00, 0x000001d59273feb8]
Event: 7.617 Thread 0x000001d59ebb6bc0 4888       4       com.sun.tools.javac.parser.UnicodeReader::isAvailable (17 bytes)
Event: 7.617 Thread 0x000001d59ebbb050 nmethod 5481 0x000001d58b57bd90 code [0x000001d58b57c000, 0x000001d58b57c948]
Event: 7.617 Thread 0x000001d59ebb6bc0 nmethod 4888 0x000001d59273ff90 code [0x000001d592740100, 0x000001d592740198]
Event: 7.617 Thread 0x000001d59ebb6bc0 4924       4       com.sun.tools.javac.util.IntHashTable::put (99 bytes)
Event: 7.618 Thread 0x000001d59ebbb050 5482       3       java.nio.HeapByteBuffer::put (12 bytes)
Event: 7.618 Thread 0x000001d59ebbb050 nmethod 5482 0x000001d58b57cd10 code [0x000001d58b57cee0, 0x000001d58b57d308]
Event: 7.621 Thread 0x000001d59ebbb050 5484       3       com.sun.tools.javac.file.JavacFileManager$ArchiveContainer::isValid (39 bytes)
Event: 7.621 Thread 0x000001d59ebbb050 nmethod 5484 0x000001d58b57d490 code [0x000001d58b57d6c0, 0x000001d58b57dd58]

GC Heap History (19 events):
Event: 1.965 GC heap before
{Heap before GC invocations=0 (full 0):
 garbage-first heap   total 63488K, used 23552K [0x00000000c2800000, 0x0000000100000000)
  region size 1024K, 23 young (23552K), 0 survivors (0K)
 Metaspace       used 6036K, committed 6208K, reserved 1114112K
  class space    used 742K, committed 832K, reserved 1048576K
}
Event: 2.027 GC heap after
{Heap after GC invocations=1 (full 0):
 garbage-first heap   total 63488K, used 3676K [0x00000000c2800000, 0x0000000100000000)
  region size 1024K, 3 young (3072K), 3 survivors (3072K)
 Metaspace       used 6036K, committed 6208K, reserved 1114112K
  class space    used 742K, committed 832K, reserved 1048576K
}
Event: 2.792 GC heap before
{Heap before GC invocations=1 (full 0):
 garbage-first heap   total 63488K, used 30300K [0x00000000c2800000, 0x0000000100000000)
  region size 1024K, 29 young (29696K), 3 survivors (3072K)
 Metaspace       used 9057K, committed 9216K, reserved 1114112K
  class space    used 1130K, committed 1216K, reserved 1048576K
}
Event: 2.798 GC heap after
{Heap after GC invocations=2 (full 0):
 garbage-first heap   total 63488K, used 4950K [0x00000000c2800000, 0x0000000100000000)
  region size 1024K, 2 young (2048K), 2 survivors (2048K)
 Metaspace       used 9057K, committed 9216K, reserved 1114112K
  class space    used 1130K, committed 1216K, reserved 1048576K
}
Event: 3.922 GC heap before
{Heap before GC invocations=2 (full 0):
 garbage-first heap   total 63488K, used 40790K [0x00000000c2800000, 0x0000000100000000)
  region size 1024K, 37 young (37888K), 2 survivors (2048K)
 Metaspace       used 15809K, committed 16000K, reserved 1114112K
  class space    used 1998K, committed 2112K, reserved 1048576K
}
Event: 3.932 GC heap after
{Heap after GC invocations=3 (full 0):
 garbage-first heap   total 63488K, used 7895K [0x00000000c2800000, 0x0000000100000000)
  region size 1024K, 5 young (5120K), 5 survivors (5120K)
 Metaspace       used 15809K, committed 16000K, reserved 1114112K
  class space    used 1998K, committed 2112K, reserved 1048576K
}
Event: 4.749 GC heap before
{Heap before GC invocations=3 (full 0):
 garbage-first heap   total 63488K, used 40663K [0x00000000c2800000, 0x0000000100000000)
  region size 1024K, 37 young (37888K), 5 survivors (5120K)
 Metaspace       used 16506K, committed 16704K, reserved 1114112K
  class space    used 2033K, committed 2112K, reserved 1048576K
}
Event: 4.757 GC heap after
{Heap after GC invocations=4 (full 0):
 garbage-first heap   total 63488K, used 10033K [0x00000000c2800000, 0x0000000100000000)
  region size 1024K, 3 young (3072K), 3 survivors (3072K)
 Metaspace       used 16506K, committed 16704K, reserved 1114112K
  class space    used 2033K, committed 2112K, reserved 1048576K
}
Event: 5.518 GC heap before
{Heap before GC invocations=4 (full 0):
 garbage-first heap   total 63488K, used 43825K [0x00000000c2800000, 0x0000000100000000)
  region size 1024K, 36 young (36864K), 3 survivors (3072K)
 Metaspace       used 17871K, committed 18112K, reserved 1114112K
  class space    used 2167K, committed 2304K, reserved 1048576K
}
Event: 5.523 GC heap after
{Heap after GC invocations=5 (full 0):
 garbage-first heap   total 63488K, used 11739K [0x00000000c2800000, 0x0000000100000000)
  region size 1024K, 4 young (4096K), 4 survivors (4096K)
 Metaspace       used 17871K, committed 18112K, reserved 1114112K
  class space    used 2167K, committed 2304K, reserved 1048576K
}
Event: 6.979 GC heap before
{Heap before GC invocations=5 (full 0):
 garbage-first heap   total 63488K, used 44507K [0x00000000c2800000, 0x0000000100000000)
  region size 1024K, 37 young (37888K), 4 survivors (4096K)
 Metaspace       used 20433K, committed 20672K, reserved 1114112K
  class space    used 2456K, committed 2560K, reserved 1048576K
}
Event: 6.985 GC heap after
{Heap after GC invocations=6 (full 0):
 garbage-first heap   total 63488K, used 12861K [0x00000000c2800000, 0x0000000100000000)
  region size 1024K, 4 young (4096K), 4 survivors (4096K)
 Metaspace       used 20433K, committed 20672K, reserved 1114112K
  class space    used 2456K, committed 2560K, reserved 1048576K
}
Event: 7.036 GC heap before
{Heap before GC invocations=6 (full 0):
 garbage-first heap   total 63488K, used 15933K [0x00000000c2800000, 0x0000000100000000)
  region size 1024K, 8 young (8192K), 4 survivors (4096K)
 Metaspace       used 21337K, committed 21504K, reserved 1114112K
  class space    used 2609K, committed 2688K, reserved 1048576K
}
Event: 7.041 GC heap after
{Heap after GC invocations=7 (full 0):
 garbage-first heap   total 63488K, used 13245K [0x00000000c2800000, 0x0000000100000000)
  region size 1024K, 2 young (2048K), 2 survivors (2048K)
 Metaspace       used 21337K, committed 21504K, reserved 1114112K
  class space    used 2609K, committed 2688K, reserved 1048576K
}
Event: 7.374 GC heap before
{Heap before GC invocations=8 (full 0):
 garbage-first heap   total 55296K, used 42941K [0x00000000c2800000, 0x0000000100000000)
  region size 1024K, 32 young (32768K), 2 survivors (2048K)
 Metaspace       used 25958K, committed 26240K, reserved 1114112K
  class space    used 3106K, committed 3264K, reserved 1048576K
}
Event: 7.382 GC heap after
{Heap after GC invocations=9 (full 0):
 garbage-first heap   total 55296K, used 19290K [0x00000000c2800000, 0x0000000100000000)
  region size 1024K, 4 young (4096K), 4 survivors (4096K)
 Metaspace       used 25958K, committed 26240K, reserved 1114112K
  class space    used 3106K, committed 3264K, reserved 1048576K
}
Event: 7.394 GC heap before
{Heap before GC invocations=9 (full 0):
 garbage-first heap   total 55296K, used 20314K [0x00000000c2800000, 0x0000000100000000)
  region size 1024K, 5 young (5120K), 4 survivors (4096K)
 Metaspace       used 25965K, committed 26240K, reserved 1114112K
  class space    used 3107K, committed 3264K, reserved 1048576K
}
Event: 7.399 GC heap after
{Heap after GC invocations=10 (full 0):
 garbage-first heap   total 55296K, used 19808K [0x00000000c2800000, 0x0000000100000000)
  region size 1024K, 1 young (1024K), 1 survivors (1024K)
 Metaspace       used 25965K, committed 26240K, reserved 1114112K
  class space    used 3107K, committed 3264K, reserved 1048576K
}
Event: 7.623 GC heap before
{Heap before GC invocations=10 (full 0):
 garbage-first heap   total 55296K, used 39264K [0x00000000c2800000, 0x0000000100000000)
  region size 1024K, 20 young (20480K), 1 survivors (1024K)
 Metaspace       used 26685K, committed 26944K, reserved 1114112K
  class space    used 3184K, committed 3328K, reserved 1048576K
}

Dll operation events (4 events):
Event: 0.091 Loaded shared library C:\Users\39\.jdks\jbr-17.0.14\bin\java.dll
Event: 0.454 Loaded shared library C:\Users\39\.jdks\jbr-17.0.14\bin\jsvml.dll
Event: 0.568 Loaded shared library C:\Users\39\.jdks\jbr-17.0.14\bin\zip.dll
Event: 0.917 Loaded shared library C:\Users\39\.jdks\jbr-17.0.14\bin\verify.dll

Deoptimization events (20 events):
Event: 7.521 Thread 0x000001d5872204d0 Uncommon trap: trap_request=0xffffff45 fr.pc=0x000001d5926fb534 relative=0x0000000000001ef4
Event: 7.521 Thread 0x000001d5872204d0 Uncommon trap: reason=unstable_if action=reinterpret pc=0x000001d5926fb534 method=java.lang.String.<init>([BIILjava/nio/charset/Charset;)V @ 18 c2
Event: 7.521 Thread 0x000001d5872204d0 DEOPT PACKING pc=0x000001d5926fb534 sp=0x000000729f0fc130
Event: 7.521 Thread 0x000001d5872204d0 DEOPT UNPACKING pc=0x000001d591f969a3 sp=0x000000729f0fc0f8 mode 2
Event: 7.529 Thread 0x000001d5872204d0 DEOPT PACKING pc=0x000001d58b54368d sp=0x000000729f0fc060
Event: 7.529 Thread 0x000001d5872204d0 DEOPT UNPACKING pc=0x000001d591f97143 sp=0x000000729f0fb4f8 mode 0
Event: 7.534 Thread 0x000001d5872204d0 DEOPT PACKING pc=0x000001d58b531b30 sp=0x000000729f0fc270
Event: 7.534 Thread 0x000001d5872204d0 DEOPT UNPACKING pc=0x000001d591f97143 sp=0x000000729f0fb718 mode 0
Event: 7.535 Thread 0x000001d5872204d0 DEOPT PACKING pc=0x000001d58b531b30 sp=0x000000729f0fc270
Event: 7.535 Thread 0x000001d5872204d0 DEOPT UNPACKING pc=0x000001d591f97143 sp=0x000000729f0fb718 mode 0
Event: 7.535 Thread 0x000001d5872204d0 DEOPT PACKING pc=0x000001d58b53703e sp=0x000000729f0fc130
Event: 7.535 Thread 0x000001d5872204d0 DEOPT UNPACKING pc=0x000001d591f97143 sp=0x000000729f0fb5c8 mode 0
Event: 7.535 Thread 0x000001d5872204d0 DEOPT PACKING pc=0x000001d58b53751e sp=0x000000729f0fc130
Event: 7.535 Thread 0x000001d5872204d0 DEOPT UNPACKING pc=0x000001d591f97143 sp=0x000000729f0fb5b0 mode 0
Event: 7.535 Thread 0x000001d5872204d0 DEOPT PACKING pc=0x000001d58b53703e sp=0x000000729f0fc130
Event: 7.535 Thread 0x000001d5872204d0 DEOPT UNPACKING pc=0x000001d591f97143 sp=0x000000729f0fb5c8 mode 0
Event: 7.536 Thread 0x000001d5872204d0 DEOPT PACKING pc=0x000001d58b53da7b sp=0x000000729f0fc120
Event: 7.536 Thread 0x000001d5872204d0 DEOPT UNPACKING pc=0x000001d591f97143 sp=0x000000729f0fb5e8 mode 0
Event: 7.536 Thread 0x000001d5872204d0 DEOPT PACKING pc=0x000001d58b53da7b sp=0x000000729f0fc120
Event: 7.536 Thread 0x000001d5872204d0 DEOPT UNPACKING pc=0x000001d591f97143 sp=0x000000729f0fb5e8 mode 0

Classes loaded (20 events):
Event: 7.513 Loading class java/nio/file/attribute/PosixFileAttributeView
Event: 7.513 Loading class java/nio/file/attribute/PosixFileAttributeView done
Event: 7.518 Loading class java/util/regex/PatternSyntaxException
Event: 7.518 Loading class java/util/regex/PatternSyntaxException done
Event: 7.519 Loading class java/time/temporal/TemporalAdjusters
Event: 7.519 Loading class java/time/temporal/TemporalAdjusters done
Event: 7.520 Loading class java/time/zone/ZoneOffsetTransitionRule$1
Event: 7.520 Loading class java/time/zone/ZoneOffsetTransitionRule$1 done
Event: 7.520 Loading class java/nio/file/SimpleFileVisitor
Event: 7.520 Loading class java/nio/file/SimpleFileVisitor done
Event: 7.521 Loading class java/nio/file/ClosedDirectoryStreamException
Event: 7.521 Loading class java/nio/file/ClosedDirectoryStreamException done
Event: 7.521 Loading class java/nio/file/DirectoryIteratorException
Event: 7.521 Loading class java/nio/file/DirectoryIteratorException done
Event: 7.521 Loading class java/nio/file/Files$3
Event: 7.521 Loading class java/nio/file/Files$3 done
Event: 7.521 Loading class java/nio/file/FileVisitResult
Event: 7.521 Loading class java/nio/file/FileVisitResult done
Event: 7.521 Loading class sun/nio/fs/BasicFileAttributesHolder
Event: 7.521 Loading class sun/nio/fs/BasicFileAttributesHolder done

Classes unloaded (0 events):
No events

Classes redefined (0 events):
No events

Internal exceptions (20 events):
Event: 5.294 Thread 0x000001d5872204d0 Implicit null exception at 0x000001d592670233 to 0x000001d5926709a8
Event: 5.300 Thread 0x000001d5872204d0 Exception <a 'java/lang/NoSuchMethodError'{0x00000000c488e748}: 'int java.lang.invoke.DirectMethodHandle$Holder.invokeVirtual(java.lang.Object, java.lang.Object)'> (0x00000000c488e748) 
thrown [s\src\hotspot\share\interpreter\linkResolver.cpp, line 771]
Event: 5.330 Thread 0x000001d5872204d0 Exception <a 'java/lang/NoSuchMethodError'{0x00000000c4684e20}: 'int java.lang.invoke.DirectMethodHandle$Holder.invokeStatic(java.lang.Object, java.lang.Object, int)'> (0x00000000c4684e20) 
thrown [s\src\hotspot\share\interpreter\linkResolver.cpp, line 771]
Event: 6.488 Thread 0x000001d5872204d0 Exception <a 'java/lang/IncompatibleClassChangeError'{0x00000000c52abee0}: Found class java.lang.Object, but interface was expected> (0x00000000c52abee0) 
thrown [s\src\hotspot\share\interpreter\linkResolver.cpp, line 838]
Event: 6.489 Thread 0x000001d5872204d0 Exception <a 'java/lang/NoSuchMethodError'{0x00000000c52b1cb8}: 'void java.lang.invoke.DirectMethodHandle$Holder.invokeInterface(java.lang.Object, java.lang.Object, java.lang.Object)'> (0x00000000c52b1cb8) 
thrown [s\src\hotspot\share\interpreter\linkResolver.cpp, line 771]
Event: 6.822 Thread 0x000001d5872204d0 Exception <a 'java/lang/NoSuchMethodError'{0x00000000c4afb638}: 'int java.lang.invoke.DirectMethodHandle$Holder.invokeInterface(java.lang.Object, java.lang.Object)'> (0x00000000c4afb638) 
thrown [s\src\hotspot\share\interpreter\linkResolver.cpp, line 771]
Event: 6.876 Thread 0x000001d5872204d0 Exception <a 'sun/nio/fs/WindowsException'{0x00000000c48f9a58}> (0x00000000c48f9a58) 
thrown [s\src\hotspot\share\prims\jni.cpp, line 531]
Event: 6.998 Thread 0x000001d5872204d0 Exception <a 'sun/nio/fs/WindowsException'{0x00000000c6593440}> (0x00000000c6593440) 
thrown [s\src\hotspot\share\prims\jni.cpp, line 531]
Event: 6.999 Thread 0x000001d5872204d0 Exception <a 'java/lang/NoSuchMethodError'{0x00000000c65a3b30}: 'int java.lang.invoke.DirectMethodHandle$Holder.invokeVirtual(java.lang.Object, java.lang.Object, java.lang.Object)'> (0x00000000c65a3b30) 
thrown [s\src\hotspot\share\interpreter\linkResolver.cpp, line 771]
Event: 7.162 Thread 0x000001d5872204d0 Exception <a 'java/lang/NoSuchMethodError'{0x00000000c506cfc0}: 'java.lang.Object java.lang.invoke.DirectMethodHandle$Holder.newInvokeSpecial(java.lang.Object, java.lang.Object, java.lang.Object, java.lang.Object, java.lang.Object, java.lang.Object)'> (0x00000000c506cfc0) 
thrown [s\src\hotspot\share\interpreter\linkResolver.cpp, line 771]
Event: 7.176 Thread 0x000001d5872204d0 Exception <a 'sun/nio/fs/WindowsException'{0x00000000c4fe6570}> (0x00000000c4fe6570) 
thrown [s\src\hotspot\share\prims\jni.cpp, line 531]
Event: 7.466 Thread 0x000001d5872204d0 Exception <a 'sun/nio/fs/WindowsException'{0x00000000c5605c08}> (0x00000000c5605c08) 
thrown [s\src\hotspot\share\prims\jni.cpp, line 531]
Event: 7.466 Thread 0x000001d5872204d0 Exception <a 'sun/nio/fs/WindowsException'{0x00000000c5606778}> (0x00000000c5606778) 
thrown [s\src\hotspot\share\prims\jni.cpp, line 531]
Event: 7.466 Thread 0x000001d5872204d0 Exception <a 'sun/nio/fs/WindowsException'{0x00000000c56073a0}> (0x00000000c56073a0) 
thrown [s\src\hotspot\share\prims\jni.cpp, line 531]
Event: 7.487 Thread 0x000001d5872204d0 Exception <a 'java/lang/NoSuchMethodError'{0x00000000c56e3758}: 'java.lang.Object java.lang.invoke.DirectMethodHandle$Holder.invokeVirtual(java.lang.Object, java.lang.Object, java.lang.Object, int, int)'> (0x00000000c56e3758) 
thrown [s\src\hotspot\share\interpreter\linkResolver.cpp, line 771]
Event: 7.487 Thread 0x000001d5872204d0 Exception <a 'java/lang/NoSuchMethodError'{0x00000000c56ea568}: 'java.lang.Object java.lang.invoke.DirectMethodHandle$Holder.invokeVirtual(java.lang.Object, java.lang.Object, int)'> (0x00000000c56ea568) 
thrown [s\src\hotspot\share\interpreter\linkResolver.cpp, line 771]
Event: 7.488 Thread 0x000001d5872204d0 Exception <a 'java/lang/NoSuchMethodError'{0x00000000c56fa320}: 'java.lang.Object java.lang.invoke.DirectMethodHandle$Holder.invokeSpecial(java.lang.Object, java.lang.Object, java.lang.Object, int, int)'> (0x00000000c56fa320) 
thrown [s\src\hotspot\share\interpreter\linkResolver.cpp, line 771]
Event: 7.519 Thread 0x000001d5872204d0 Exception <a 'java/lang/NoSuchMethodError'{0x00000000c5376b80}: 'java.lang.Object java.lang.invoke.DirectMethodHandle$Holder.invokeStatic(java.lang.Object, int, java.lang.Object)'> (0x00000000c5376b80) 
thrown [s\src\hotspot\share\interpreter\linkResolver.cpp, line 771]
Event: 7.602 Thread 0x000001d5872204d0 Exception <a 'sun/nio/fs/WindowsException'{0x00000000c4b92400}> (0x00000000c4b92400) 
thrown [s\src\hotspot\share\prims\jni.cpp, line 531]
Event: 7.602 Thread 0x000001d5872204d0 Exception <a 'sun/nio/fs/WindowsException'{0x00000000c4b92fe8}> (0x00000000c4b92fe8) 
thrown [s\src\hotspot\share\prims\jni.cpp, line 531]

VM Operations (20 events):
Event: 7.056 Executing VM operation: G1PauseRemark done
Event: 7.061 Executing VM operation: G1PauseCleanup
Event: 7.074 Executing VM operation: G1PauseCleanup done
Event: 7.177 Executing VM operation: HandshakeAllThreads
Event: 7.177 Executing VM operation: HandshakeAllThreads done
Event: 7.178 Executing VM operation: HandshakeAllThreads
Event: 7.178 Executing VM operation: HandshakeAllThreads done
Event: 7.374 Executing VM operation: G1CollectForAllocation
Event: 7.382 Executing VM operation: G1CollectForAllocation done
Event: 7.394 Executing VM operation: G1CollectForAllocation
Event: 7.399 Executing VM operation: G1CollectForAllocation done
Event: 7.469 Executing VM operation: HandshakeAllThreads
Event: 7.469 Executing VM operation: HandshakeAllThreads done
Event: 7.469 Executing VM operation: HandshakeAllThreads
Event: 7.469 Executing VM operation: HandshakeAllThreads done
Event: 7.475 Executing VM operation: HandshakeAllThreads
Event: 7.475 Executing VM operation: HandshakeAllThreads done
Event: 7.513 Executing VM operation: HandshakeAllThreads
Event: 7.513 Executing VM operation: HandshakeAllThreads done
Event: 7.622 Executing VM operation: G1CollectForAllocation

Memory protections (0 events):
No events

Nmethod flushes (0 events):
No events

Events (20 events):
Event: 0.496 Thread 0x000001d5872204d0 Thread added: 0x000001d59ebb33a0
Event: 0.496 Thread 0x000001d5872204d0 Thread added: 0x000001d59ebb4500
Event: 0.496 Thread 0x000001d5872204d0 Thread added: 0x000001d59ebb4ec0
Event: 0.496 Thread 0x000001d5872204d0 Thread added: 0x000001d59ebb6bc0
Event: 0.497 Thread 0x000001d5872204d0 Thread added: 0x000001d59ebbb050
Event: 0.497 Thread 0x000001d5872204d0 Thread added: 0x000001d59ebc0630
Event: 0.530 Thread 0x000001d5872204d0 Thread added: 0x000001d5e4057820
Event: 0.577 Loaded shared library C:\Users\39\.jdks\jbr-17.0.14\bin\instrument.dll
Event: 0.603 Loaded shared library C:\Users\39\.jdks\jbr-17.0.14\bin\net.dll
Event: 0.611 Loaded shared library C:\Users\39\.jdks\jbr-17.0.14\bin\nio.dll
Event: 0.615 Loaded shared library C:\Users\39\.jdks\jbr-17.0.14\bin\zip.dll
Event: 0.630 Loaded shared library C:\Program Files\JetBrains\IntelliJ IDEA 2024.2.2\bin\breakgen64.dll
Event: 0.633 Thread 0x000001d5872204d0 Thread added: 0x000001d5e40c7b70
Event: 0.633 Thread 0x000001d5872204d0 Thread added: 0x000001d5e40ceff0
Event: 0.669 Loaded shared library C:\Users\39\.jdks\jbr-17.0.14\bin\extnet.dll
Event: 0.857 Thread 0x000001d5872204d0 Thread added: 0x000001d5e4371080
Event: 0.861 Loaded shared library C:\Users\39\.jdks\jbr-17.0.14\bin\jimage.dll
Event: 0.896 Loaded shared library C:\Users\39\AppData\Local\Temp\jansi-2.4.1-5de8b6261c0dd43f-jansi.dll
Event: 1.154 Thread 0x000001d5e4371080 Thread exited: 0x000001d5e4371080
Event: 3.701 Thread 0x000001d5872204d0 Thread added: 0x000001d5e541c670


Dynamic libraries:
0x00007ff6cc530000 - 0x00007ff6cc53a000 	C:\Users\39\.jdks\jbr-17.0.14\bin\java.exe
0x00007ffbec690000 - 0x00007ffbec888000 	C:\Windows\SYSTEM32\ntdll.dll
0x00007ffbec4d0000 - 0x00007ffbec592000 	C:\Windows\System32\KERNEL32.DLL
0x00007ffbe9dd0000 - 0x00007ffbea0cf000 	C:\Windows\System32\KERNELBASE.dll
0x00007ffbd5c10000 - 0x00007ffbd5c27000 	C:\Users\39\.jdks\jbr-17.0.14\bin\jli.dll
0x00007ffbea330000 - 0x00007ffbea430000 	C:\Windows\System32\ucrtbase.dll
0x00007ffbd5d40000 - 0x00007ffbd5d5b000 	C:\Users\39\.jdks\jbr-17.0.14\bin\VCRUNTIME140.dll
0x00007ffbebf40000 - 0x00007ffbec0dd000 	C:\Windows\System32\USER32.dll
0x00007ffbea680000 - 0x00007ffbea6a2000 	C:\Windows\System32\win32u.dll
0x00007ffbea720000 - 0x00007ffbea74b000 	C:\Windows\System32\GDI32.dll
0x00007ffbea430000 - 0x00007ffbea54a000 	C:\Windows\System32\gdi32full.dll
0x00007ffbd6c00000 - 0x00007ffbd6e9a000 	C:\Windows\WinSxS\amd64_microsoft.windows.common-controls_6595b64144ccf1df_6.0.19041.4355_none_60b8b9eb71f62e16\COMCTL32.dll
0x00007ffbe9d30000 - 0x00007ffbe9dcd000 	C:\Windows\System32\msvcp_win.dll
0x00007ffbebaf0000 - 0x00007ffbebb8e000 	C:\Windows\System32\msvcrt.dll
0x00007ffbeaab0000 - 0x00007ffbeaadf000 	C:\Windows\System32\IMM32.DLL
0x00007ffbd5da0000 - 0x00007ffbd5dac000 	C:\Users\39\.jdks\jbr-17.0.14\bin\vcruntime140_1.dll
0x00007ffbbe080000 - 0x00007ffbbe10d000 	C:\Users\39\.jdks\jbr-17.0.14\bin\msvcp140.dll
0x00007ffb5e690000 - 0x00007ffb5f31e000 	C:\Users\39\.jdks\jbr-17.0.14\bin\server\jvm.dll
0x00007ffbec5a0000 - 0x00007ffbec64f000 	C:\Windows\System32\ADVAPI32.dll
0x00007ffbebd50000 - 0x00007ffbebdef000 	C:\Windows\System32\sechost.dll
0x00007ffbebdf0000 - 0x00007ffbebf13000 	C:\Windows\System32\RPCRT4.dll
0x00007ffbea550000 - 0x00007ffbea577000 	C:\Windows\System32\bcrypt.dll
0x00007ffbebb90000 - 0x00007ffbebbfb000 	C:\Windows\System32\WS2_32.dll
0x00007ffbe9a70000 - 0x00007ffbe9abb000 	C:\Windows\SYSTEM32\POWRPROF.dll
0x00007ffbd9750000 - 0x00007ffbd9777000 	C:\Windows\SYSTEM32\WINMM.dll
0x00007ffbe4350000 - 0x00007ffbe435a000 	C:\Windows\SYSTEM32\VERSION.dll
0x00007ffbe9a50000 - 0x00007ffbe9a62000 	C:\Windows\SYSTEM32\UMPDC.dll
0x00007ffbe7bb0000 - 0x00007ffbe7bc2000 	C:\Windows\SYSTEM32\kernel.appcore.dll
0x00007ffbd5d30000 - 0x00007ffbd5d3a000 	C:\Users\39\.jdks\jbr-17.0.14\bin\jimage.dll
0x00007ffbd8040000 - 0x00007ffbd8224000 	C:\Windows\SYSTEM32\DBGHELP.DLL
0x00007ffbd5720000 - 0x00007ffbd5754000 	C:\Windows\SYSTEM32\dbgcore.DLL
0x00007ffbea2a0000 - 0x00007ffbea322000 	C:\Windows\System32\bcryptPrimitives.dll
0x00007ffbd5ab0000 - 0x00007ffbd5abe000 	C:\Users\39\.jdks\jbr-17.0.14\bin\instrument.dll
0x00007ffbd0620000 - 0x00007ffbd0645000 	C:\Users\39\.jdks\jbr-17.0.14\bin\java.dll
0x00007ffbbdfa0000 - 0x00007ffbbe077000 	C:\Users\39\.jdks\jbr-17.0.14\bin\jsvml.dll
0x00007ffbeb370000 - 0x00007ffbebadd000 	C:\Windows\System32\SHELL32.dll
0x00007ffbe7db0000 - 0x00007ffbe8554000 	C:\Windows\SYSTEM32\windows.storage.dll
0x00007ffbea750000 - 0x00007ffbeaaa5000 	C:\Windows\System32\combase.dll
0x00007ffbe9690000 - 0x00007ffbe96bf000 	C:\Windows\SYSTEM32\Wldp.dll
0x00007ffbec250000 - 0x00007ffbec31d000 	C:\Windows\System32\OLEAUT32.dll
0x00007ffbeb2c0000 - 0x00007ffbeb36d000 	C:\Windows\System32\SHCORE.dll
0x00007ffbebc60000 - 0x00007ffbebcb5000 	C:\Windows\System32\shlwapi.dll
0x00007ffbe9c60000 - 0x00007ffbe9c84000 	C:\Windows\SYSTEM32\profapi.dll
0x00007ffbd59f0000 - 0x00007ffbd5a08000 	C:\Users\39\.jdks\jbr-17.0.14\bin\zip.dll
0x00007ffbd06d0000 - 0x00007ffbd06e9000 	C:\Users\39\.jdks\jbr-17.0.14\bin\net.dll
0x00007ffbe0f60000 - 0x00007ffbe106a000 	C:\Windows\SYSTEM32\WINHTTP.dll
0x00007ffbe93f0000 - 0x00007ffbe945c000 	C:\Windows\system32\mswsock.dll
0x00007ffbcdb30000 - 0x00007ffbcdb46000 	C:\Users\39\.jdks\jbr-17.0.14\bin\nio.dll
0x00007ffbcd500000 - 0x00007ffbcd51a000 	C:\Program Files\JetBrains\IntelliJ IDEA 2024.2.2\bin\breakgen64.dll
0x00007ffbd5aa0000 - 0x00007ffbd5aa9000 	C:\Users\39\.jdks\jbr-17.0.14\bin\extnet.dll
0x00007ffbcb9b0000 - 0x00007ffbcb9d4000 	C:\Users\39\AppData\Local\Temp\jansi-2.4.1-5de8b6261c0dd43f-jansi.dll
0x00007ffbd08d0000 - 0x00007ffbd08e0000 	C:\Users\39\.jdks\jbr-17.0.14\bin\verify.dll

dbghelp: loaded successfully - version: 4.0.5 - missing functions: none
symbol engine: initialized successfully - sym options: 0x614 - pdb path: .;C:\Users\39\.jdks\jbr-17.0.14\bin;C:\Windows\SYSTEM32;C:\Windows\WinSxS\amd64_microsoft.windows.common-controls_6595b64144ccf1df_6.0.19041.4355_none_60b8b9eb71f62e16;C:\Users\39\.jdks\jbr-17.0.14\bin\server;C:\Program Files\JetBrains\IntelliJ IDEA 2024.2.2\bin;C:\Users\39\AppData\Local\Temp

VM Arguments:
jvm_args: -Dmaven.multiModuleProjectDirectory=C:\Users\39\Documents\GitHub\DevAthletes\DevAthletes\gymify -Djansi.passthrough=true -Dmaven.home=C:\Program Files\JetBrains\IntelliJ IDEA 2024.2.2\plugins\maven\lib\maven3 -Dclassworlds.conf=C:\Program Files\JetBrains\IntelliJ IDEA 2024.2.2\plugins\maven\lib\maven3\bin\m2.conf -Dmaven.ext.class.path=C:\Program Files\JetBrains\IntelliJ IDEA 2024.2.2\plugins\maven\lib\maven-event-listener.jar -javaagent:C:\Program Files\JetBrains\IntelliJ IDEA 2024.2.2\lib\idea_rt.jar=50191:C:\Program Files\JetBrains\IntelliJ IDEA 2024.2.2\bin -Dfile.encoding=UTF-8 
java_command: org.codehaus.classworlds.Launcher -Didea.version=2024.2.2 org.openjfx:javafx-maven-plugin:0.0.8:run
java_class_path (initial): C:\Program Files\JetBrains\IntelliJ IDEA 2024.2.2\plugins\maven\lib\maven3\boot\plexus-classworlds-2.8.0.jar;C:\Program Files\JetBrains\IntelliJ IDEA 2024.2.2\plugins\maven\lib\maven3\boot\plexus-classworlds.license
Launcher Type: SUN_STANDARD

[Global flags]
     intx CICompilerCount                          = 4                                         {product} {ergonomic}
     uint ConcGCThreads                            = 2                                         {product} {ergonomic}
     uint G1ConcRefinementThreads                  = 8                                         {product} {ergonomic}
   size_t G1HeapRegionSize                         = 1048576                                   {product} {ergonomic}
    uintx GCDrainStackTargetSize                   = 64                                        {product} {ergonomic}
   size_t InitialHeapSize                          = 65011712                                  {product} {ergonomic}
   size_t MarkStackSize                            = 4194304                                   {product} {ergonomic}
   size_t MaxHeapSize                              = 1031798784                                {product} {ergonomic}
   size_t MaxNewSize                               = 618659840                                 {product} {ergonomic}
   size_t MinHeapDeltaBytes                        = 1048576                                   {product} {ergonomic}
   size_t MinHeapSize                              = 8388608                                   {product} {ergonomic}
    uintx NonNMethodCodeHeapSize                   = 5839372                                {pd product} {ergonomic}
    uintx NonProfiledCodeHeapSize                  = 122909434                              {pd product} {ergonomic}
    uintx ProfiledCodeHeapSize                     = 122909434                              {pd product} {ergonomic}
    uintx ReservedCodeCacheSize                    = 251658240                              {pd product} {ergonomic}
     bool SegmentedCodeCache                       = true                                      {product} {ergonomic}
   size_t SoftMaxHeapSize                          = 1031798784                             {manageable} {ergonomic}
     bool UseCompressedClassPointers               = true                           {product lp64_product} {ergonomic}
     bool UseCompressedOops                        = true                           {product lp64_product} {ergonomic}
     bool UseG1GC                                  = true                                      {product} {ergonomic}
     bool UseLargePagesIndividualAllocation        = false                                  {pd product} {ergonomic}

Logging:
Log output configuration:
 #0: stdout all=warning uptime,level,tags
 #1: stderr all=off uptime,level,tags

Environment Variables:
PATH=C:\oraclexe\app\oracle\product\11.2.0\server\bin;C:\Users\39\.jdks\jbr-17.0.12-1\bin;C:\Program Files (x86)\VMware\VMware Workstation\bin\;C:\Users\39\.jdks\jbr-17.0.12\bin;C:\Windows\system32;C:\Windows;C:\Windows\System32\Wbem;C:\Windows\System32\WindowsPowerShell\v1.0\;C:\Windows\System32\OpenSSH\;C:\xampp\php;C:\composer;C:\Program Files\Git\cmd;C:\Program Files (x86)\CodeBlocks\MinGW\bin;C:\Program Files (x86)\GnuWin32\bin;C:\Program Files\Apache\Maven\apache-maven-3.8.8\bin;C:\Users\39\scoop\shims;C:\Users\39\AppData\Local\Microsoft\WindowsApps;C:\Users\39\AppData\Roaming\Composer\vendor\bin;C:\Users\39\AppData\Local\Programs\Microsoft VS Code\bin;C:\Users\39\AppData\Local\GitHubDesktop\bin
USERNAME=39
OS=Windows_NT
PROCESSOR_IDENTIFIER=Intel64 Family 6 Model 142 Stepping 12, GenuineIntel
TMP=C:\Users\39\AppData\Local\Temp
TEMP=C:\Users\39\AppData\Local\Temp



Periodic native trim disabled

JNI global refs:
JNI global refs: 15, weak refs: 6

JNI global refs memory usage: 843, weak refs: 841

Process memory usage:
Resident Set Size: 184104K (4% of 4024112K total physical memory with 217840K free physical memory)

OOME stack traces (most recent first):
Classloader memory used:
Loader org.codehaus.plexus.classworlds.realm.ClassRealm                                : 1730K
Loader jdk.internal.loader.ClassLoaders$AppClassLoader                                 : 842K
Loader bootstrap                                                                       : 691K
Loader jdk.internal.loader.ClassLoaders$PlatformClassLoader                            : 62027B
Loader jdk.internal.reflect.DelegatingClassLoader                                      : 6758B
Loader org.eclipse.sisu.space.CloningClassSpace$CloningClassLoader                     : 4624B

Classes loaded by more than one classloader:
Class org.codehaus.plexus.util.DirectoryScanner                                       : loaded 2 times (x 113B)
Class org.codehaus.plexus.interpolation.BasicInterpolator                             : loaded 2 times (x 68B)
Class org.codehaus.plexus.util.Scanner                                                : loaded 2 times (x 68B)
Class [Lorg.codehaus.plexus.util.MatchPattern;                                        : loaded 2 times (x 67B)
Class org.codehaus.plexus.interpolation.ValueSource                                   : loaded 2 times (x 68B)
Class org.codehaus.plexus.util.AbstractScanner                                        : loaded 2 times (x 98B)
Class org.codehaus.plexus.util.MatchPattern                                           : loaded 2 times (x 76B)
Class org.codehaus.plexus.interpolation.RecursionInterceptor                          : loaded 2 times (x 68B)
Class org.apache.maven.shared.utils.logging.MessageBuilder                            : loaded 2 times (x 68B)
Class org.apache.maven.shared.utils.logging.AnsiMessageBuilder                        : loaded 2 times (x 124B)
Class [Lorg.apache.maven.shared.utils.logging.Style;                                  : loaded 2 times (x 67B)
Class org.codehaus.plexus.interpolation.PropertiesBasedValueSource                    : loaded 2 times (x 80B)
Class org.codehaus.plexus.interpolation.AbstractValueSource                           : loaded 2 times (x 80B)
Class org.codehaus.plexus.util.MatchPatterns                                          : loaded 2 times (x 74B)
Class org.apache.maven.shared.utils.logging.MessageUtils$1                            : loaded 2 times (x 85B)
Class org.apache.maven.shared.utils.logging.Style                                     : loaded 2 times (x 78B)
Class org.apache.maven.shared.utils.logging.LoggerLevelRenderer                       : loaded 2 times (x 68B)
Class org.codehaus.plexus.util.SelectorUtils                                          : loaded 2 times (x 69B)
Class org.codehaus.plexus.util.StringUtils                                            : loaded 2 times (x 69B)
Class org.apache.maven.shared.utils.logging.MessageUtils                              : loaded 2 times (x 69B)
Class org.codehaus.plexus.interpolation.Interpolator                                  : loaded 2 times (x 68B)


---------------  S Y S T E M  ---------------

OS:
 Windows 10 , 64 bit Build 19041 (10.0.19041.5438)
OS uptime: 0 days 8:26 hours

CPU: total 8 (initial active 8) (4 cores per cpu, 2 threads per core) family 6 model 142 stepping 12 microcode 0xde, cx8, cmov, fxsr, ht, mmx, 3dnowpref, sse, sse2, sse3, ssse3, sse4.1, sse4.2, popcnt, lzcnt, tsc, tscinvbit, avx, avx2, aes, erms, clmul, bmi1, bmi2, adx, fma, vzeroupper, clflush, clflushopt
Processor Information for all 8 processors :
  Max Mhz: 2112, Current Mhz: 1609, Mhz Limit: 1605

Memory: 4k page, system-wide physical 3929M (212M free)
TotalPageFile size 16217M (AvailPageFile size 1M)
current process WorkingSet (physical memory assigned to process): 180M, peak: 180M
current process commit charge ("private bytes"): 223M, peak: 252M

vm_info: OpenJDK 64-Bit Server VM (17.0.14+1-b1367.22) for windows-amd64 JRE (17.0.14+1-b1367.22), built on 2025-01-30 by "builduser" with MS VC++ 16.10 / 16.11 (VS2019)

END.
