#
# There is insufficient memory for the Java Runtime Environment to continue.
# Native memory allocation (malloc) failed to allocate 771216 bytes. Error detail: Chunk::new
# Possible reasons:
#   The system is out of physical RAM or swap space
#   This process is running with CompressedOops enabled, and the Java Heap may be blocking the growth of the native heap
# Possible solutions:
#   Reduce memory load on the system
#   Increase physical memory or swap space
#   Check if swap backing store is full
#   Decrease Java heap size (-Xmx/-Xms)
#   Decrease number of Java threads
#   Decrease Java thread stack sizes (-Xss)
#   Set larger code cache with -XX:ReservedCodeCacheSize=
#   JVM is running with Unscaled Compressed Oops mode in which the Java heap is
#     placed in the first 4GB address space. The Java Heap base address is the
#     maximum limit for the native heap growth. Please use -XX:HeapBaseMinAddress
#     to set the Java Heap base and to place the Java Heap above 4GB virtual address.
# This output file may be truncated or incomplete.
#
#  Out of Memory Error (arena.cpp:191), pid=10836, tid=8884
#
# JRE version: OpenJDK Runtime Environment JBR-17.0.12+1-1207.37-nomod (17.0.12+1) (build 17.0.12+1-b1207.37)
# Java VM: OpenJDK 64-Bit Server VM JBR-17.0.12+1-1207.37-nomod (17.0.12+1-b1207.37, mixed mode, sharing, tiered, compressed oops, compressed class ptrs, g1 gc, windows-amd64)
# No core dump will be written. Minidumps are not enabled by default on client versions of Windows
#

---------------  S U M M A R Y ------------

Command Line: --module-path=C:\Users\39\.m2\repository\org\openjfx\javafx-base\21.0.2\javafx-base-21.0.2-win.jar;C:\Users\39\.m2\repository\org\openjfx\javafx-base\21.0.2\javafx-base-21.0.2.jar;C:\Users\39\.m2\repository\org\openjfx\javafx-controls\21.0.2\javafx-controls-21.0.2-win.jar;C:\Users\39\.m2\repository\org\openjfx\javafx-controls\21.0.2\javafx-controls-21.0.2.jar;C:\Users\39\.m2\repository\org\openjfx\javafx-fxml\21.0.2\javafx-fxml-21.0.2-win.jar;C:\Users\39\.m2\repository\org\openjfx\javafx-fxml\21.0.2\javafx-fxml-21.0.2.jar;C:\Users\39\.m2\repository\org\openjfx\javafx-graphics\21.0.2\javafx-graphics-21.0.2-win.jar;C:\Users\39\.m2\repository\org\openjfx\javafx-graphics\21.0.2\javafx-graphics-21.0.2.jar;C:\Users\39\.m2\repository\org\openjfx\javafx-media\21.0.2\javafx-media-21.0.2-win.jar;C:\Users\39\.m2\repository\org\openjfx\javafx-media\21.0.2\javafx-media-21.0.2.jar;C:\Users\39\.m2\repository\org\openjfx\javafx-swing\21.0.2\javafx-swing-21.0.2-win.jar;C:\Users\39\.m2\repository\org\openjfx\javafx-swing\21.0.2\javafx-swing-21.0.2.jar;C:\Users\39\.m2\repository\org\openjfx\javafx-web\21.0.2\javafx-web-21.0.2-win.jar;C:\Users\39\.m2\repository\org\openjfx\javafx-web\21.0.2\javafx-web-21.0.2.jar --add-modules=javafx.base,javafx.controls,javafx.fxml,javafx.graphics,javafx.media,javafx.swing,javafx.web org.gymify.tests.MainApp

Host: Intel(R) Core(TM) i5-10210U CPU @ 1.60GHz, 8 cores, 3G,  Windows 10 , 64 bit Build 19041 (10.0.19041.5438)
Time: Fri Mar  7 04:10:24 2025 Paris, Madrid elapsed time: 52.383677 seconds (0d 0h 0m 52s)

---------------  T H R E A D  ---------------

Current thread (0x000002e5d68d3740):  JavaThread "C2 CompilerThread0" daemon [_thread_in_native, id=8884, stack(0x000000ee64500000,0x000000ee64600000)]


Current CompileTask:
C2:  52384 6340       4       javafx.scene.CssStyleHelper::createStyleHelper (316 bytes)

Stack: [0x000000ee64500000,0x000000ee64600000]
Native frames: (J=compiled Java code, j=interpreted, Vv=VM code, C=native code)
V  [jvm.dll+0x689d89]


---------------  P R O C E S S  ---------------

Threads class SMR info:
_java_thread_list=0x000002e622501750, length=22, elements={
0x000002e5bef46600, 0x000002e5d68afc70, 0x000002e5d68b0af0, 0x000002e5d68c6a40,
0x000002e5d68c7600, 0x000002e5d68c9fd0, 0x000002e5d68ca990, 0x000002e5d68d3740,
0x000002e5d68dd680, 0x000002e5d68de080, 0x000002e5d689e3d0, 0x000002e5d6d186b0,
0x000002e61c2a8190, 0x000002e61c329ca0, 0x000002e61c33ffb0, 0x000002e61c544fe0,
0x000002e61c5399c0, 0x000002e621c92e70, 0x000002e6224eb070, 0x000002e6224eba90,
0x000002e6224ebfa0, 0x000002e6224e87f0
}

Java Threads: ( => current thread )
  0x000002e5bef46600 JavaThread "main" [_thread_blocked, id=3124, stack(0x000000ee63800000,0x000000ee63900000)]
  0x000002e5d68afc70 JavaThread "Reference Handler" daemon [_thread_blocked, id=5388, stack(0x000000ee63f00000,0x000000ee64000000)]
  0x000002e5d68b0af0 JavaThread "Finalizer" daemon [_thread_blocked, id=11956, stack(0x000000ee64000000,0x000000ee64100000)]
  0x000002e5d68c6a40 JavaThread "Signal Dispatcher" daemon [_thread_blocked, id=10352, stack(0x000000ee64100000,0x000000ee64200000)]
  0x000002e5d68c7600 JavaThread "Attach Listener" daemon [_thread_blocked, id=13180, stack(0x000000ee64200000,0x000000ee64300000)]
  0x000002e5d68c9fd0 JavaThread "Service Thread" daemon [_thread_blocked, id=13412, stack(0x000000ee64300000,0x000000ee64400000)]
  0x000002e5d68ca990 JavaThread "Monitor Deflation Thread" daemon [_thread_blocked, id=10544, stack(0x000000ee64400000,0x000000ee64500000)]
=>0x000002e5d68d3740 JavaThread "C2 CompilerThread0" daemon [_thread_in_native, id=8884, stack(0x000000ee64500000,0x000000ee64600000)]
  0x000002e5d68dd680 JavaThread "C1 CompilerThread0" daemon [_thread_blocked, id=2660, stack(0x000000ee64600000,0x000000ee64700000)]
  0x000002e5d68de080 JavaThread "Sweeper thread" daemon [_thread_blocked, id=16652, stack(0x000000ee64700000,0x000000ee64800000)]
  0x000002e5d689e3d0 JavaThread "Common-Cleaner" daemon [_thread_blocked, id=4968, stack(0x000000ee64800000,0x000000ee64900000)]
  0x000002e5d6d186b0 JavaThread "Notification Thread" daemon [_thread_blocked, id=1100, stack(0x000000ee64900000,0x000000ee64a00000)]
  0x000002e61c2a8190 JavaThread "QuantumRenderer-0" daemon [_thread_blocked, id=12692, stack(0x000000ee64b00000,0x000000ee64c00000)]
  0x000002e61c329ca0 JavaThread "InvokeLaterDispatcher" daemon [_thread_blocked, id=13212, stack(0x000000ee64c00000,0x000000ee64d00000)]
  0x000002e61c33ffb0 JavaThread "JavaFX Application Thread" [_thread_in_native, id=3036, stack(0x000000ee64d00000,0x000000ee64e00000)]
  0x000002e61c544fe0 JavaThread "JavaFX-Launcher" [_thread_blocked, id=10736, stack(0x000000ee65200000,0x000000ee65300000)]
  0x000002e61c5399c0 JavaThread "Thread-2" daemon [_thread_in_native, id=10772, stack(0x000000ee65100000,0x000000ee65200000)]
  0x000002e621c92e70 JavaThread "mysql-cj-abandoned-connection-cleanup" daemon [_thread_blocked, id=14632, stack(0x000000ee65800000,0x000000ee65900000)]
  0x000002e6224eb070 JavaThread "Prism Font Disposer" daemon [_thread_blocked, id=15872, stack(0x000000ee65e00000,0x000000ee65f00000)]
  0x000002e6224eba90 JavaThread "Java2D Disposer" daemon [_thread_blocked, id=7180, stack(0x000000ee65f00000,0x000000ee66000000)]
  0x000002e6224ebfa0 JavaThread "AWT-Windows" daemon [_thread_in_native, id=132, stack(0x000000ee66100000,0x000000ee66200000)]
  0x000002e6224e87f0 JavaThread "Cleaner-0" daemon [_thread_blocked, id=16552, stack(0x000000ee66600000,0x000000ee66700000)]

Other Threads:
  0x000002e5d68ac7b0 VMThread "VM Thread" [stack: 0x000000ee63e00000,0x000000ee63f00000] [id=3776]
  0x000002e5d6d18b90 WatcherThread [stack: 0x000000ee64a00000,0x000000ee64b00000] [id=14844]
  0x000002e5bef81820 GCTaskThread "GC Thread#0" [stack: 0x000000ee63900000,0x000000ee63a00000] [id=17180]
  0x000002e61c54e860 GCTaskThread "GC Thread#1" [stack: 0x000000ee65300000,0x000000ee65400000] [id=11780]
  0x000002e61c539660 GCTaskThread "GC Thread#2" [stack: 0x000000ee65400000,0x000000ee65500000] [id=15788]
  0x000002e61c592ff0 GCTaskThread "GC Thread#3" [stack: 0x000000ee65500000,0x000000ee65600000] [id=2620]
  0x000002e61c342020 GCTaskThread "GC Thread#4" [stack: 0x000000ee65600000,0x000000ee65700000] [id=15124]
  0x000002e61c3426f0 GCTaskThread "GC Thread#5" [stack: 0x000000ee65700000,0x000000ee65800000] [id=16816]
  0x000002e621f7d840 GCTaskThread "GC Thread#6" [stack: 0x000000ee65900000,0x000000ee65a00000] [id=2728]
  0x000002e621f7e8c0 GCTaskThread "GC Thread#7" [stack: 0x000000ee65a00000,0x000000ee65b00000] [id=12880]
  0x000002e5bef8a270 ConcurrentGCThread "G1 Main Marker" [stack: 0x000000ee63a00000,0x000000ee63b00000] [id=12776]
  0x000002e5bef8ac90 ConcurrentGCThread "G1 Conc#0" [stack: 0x000000ee63b00000,0x000000ee63c00000] [id=13960]
  0x000002e621f7e080 ConcurrentGCThread "G1 Conc#1" [stack: 0x000000ee66500000,0x000000ee66600000] [id=10596]
  0x000002e5befe00c0 ConcurrentGCThread "G1 Refine#0" [stack: 0x000000ee63c00000,0x000000ee63d00000] [id=2932]
  0x000002e62209bd70 ConcurrentGCThread "G1 Refine#1" [stack: 0x000000ee65b00000,0x000000ee65c00000] [id=13664]
  0x000002e6221a94b0 ConcurrentGCThread "G1 Refine#2" [stack: 0x000000ee65c00000,0x000000ee65d00000] [id=2872]
  0x000002e6220d8440 ConcurrentGCThread "G1 Refine#3" [stack: 0x000000ee65d00000,0x000000ee65e00000] [id=11480]
  0x000002e5befe0af0 ConcurrentGCThread "G1 Service" [stack: 0x000000ee63d00000,0x000000ee63e00000] [id=11868]

Threads with active compile tasks:
C2 CompilerThread0    52607 6340       4       javafx.scene.CssStyleHelper::createStyleHelper (316 bytes)

VM state: not at safepoint (normal execution)

VM Mutex/Monitor currently owned by a thread: None

Heap address: 0x00000000c2800000, size: 984 MB, Compressed Oops mode: 32-bit

CDS archive(s) mapped at: [0x000002e5d7000000-0x000002e5d7c00000-0x000002e5d7c00000), size 12582912, SharedBaseAddress: 0x000002e5d7000000, ArchiveRelocationMode: 1.
Compressed class space mapped at: 0x000002e5d8000000-0x000002e618000000, reserved size: 1073741824
Narrow klass base: 0x000002e5d7000000, Narrow klass shift: 0, Narrow klass range: 0x100000000

GC Precious Log:
 CPUs: 8 total, 8 available
 Memory: 3929M
 Large Page Support: Disabled
 NUMA Support: Disabled
 Compressed Oops: Enabled (32-bit)
 Heap Region Size: 1M
 Heap Min Capacity: 8M
 Heap Initial Capacity: 62M
 Heap Max Capacity: 984M
 Pre-touch: Disabled
 Parallel Workers: 8
 Concurrent Workers: 2
 Concurrent Refinement Workers: 8
 Periodic GC: Disabled

Heap:
 garbage-first heap   total 201728K, used 121744K [0x00000000c2800000, 0x0000000100000000)
  region size 1024K, 6 young (6144K), 2 survivors (2048K)
 Metaspace       used 28762K, committed 29056K, reserved 1114112K
  class space    used 3955K, committed 4096K, reserved 1048576K

Heap Regions: E=young(eden), S=young(survivor), O=old, HS=humongous(starts), HC=humongous(continues), CS=collection set, F=free, OA=open archive, CA=closed archive, TAMS=top-at-mark-start (previous, next)
|   0|0x00000000c2800000, 0x00000000c2900000, 0x00000000c2900000|100%| O|  |TAMS 0x00000000c2900000, 0x00000000c2800000| Untracked 
|   1|0x00000000c2900000, 0x00000000c2a00000, 0x00000000c2a00000|100%| O|  |TAMS 0x00000000c2a00000, 0x00000000c2900000| Untracked 
|   2|0x00000000c2a00000, 0x00000000c2b00000, 0x00000000c2b00000|100%| O|  |TAMS 0x00000000c2b00000, 0x00000000c2a00000| Untracked 
|   3|0x00000000c2b00000, 0x00000000c2c00000, 0x00000000c2c00000|100%| O|  |TAMS 0x00000000c2c00000, 0x00000000c2b00000| Untracked 
|   4|0x00000000c2c00000, 0x00000000c2d00000, 0x00000000c2d00000|100%| O|  |TAMS 0x00000000c2d00000, 0x00000000c2c00000| Untracked 
|   5|0x00000000c2d00000, 0x00000000c2e00000, 0x00000000c2e00000|100%| O|  |TAMS 0x00000000c2e00000, 0x00000000c2d00000| Untracked 
|   6|0x00000000c2e00000, 0x00000000c2e00000, 0x00000000c2f00000|  0%| F|  |TAMS 0x00000000c2e00000, 0x00000000c2e00000| Untracked 
|   7|0x00000000c2f00000, 0x00000000c3000000, 0x00000000c3000000|100%| O|  |TAMS 0x00000000c3000000, 0x00000000c2f00000| Untracked 
|   8|0x00000000c3000000, 0x00000000c3100000, 0x00000000c3100000|100%| O|  |TAMS 0x00000000c3100000, 0x00000000c3000000| Untracked 
|   9|0x00000000c3100000, 0x00000000c3200000, 0x00000000c3200000|100%| O|  |TAMS 0x00000000c3200000, 0x00000000c3100000| Untracked 
|  10|0x00000000c3200000, 0x00000000c325e600, 0x00000000c3300000| 36%| O|  |TAMS 0x00000000c325e600, 0x00000000c3200000| Untracked 
|  11|0x00000000c3300000, 0x00000000c3400000, 0x00000000c3400000|100%|HS|  |TAMS 0x00000000c3400000, 0x00000000c3300000| Complete 
|  12|0x00000000c3400000, 0x00000000c3500000, 0x00000000c3500000|100%|HC|  |TAMS 0x00000000c3500000, 0x00000000c3400000| Complete 
|  13|0x00000000c3500000, 0x00000000c3600000, 0x00000000c3600000|100%|HS|  |TAMS 0x00000000c3600000, 0x00000000c3500000| Complete 
|  14|0x00000000c3600000, 0x00000000c3700000, 0x00000000c3700000|100%|HC|  |TAMS 0x00000000c3700000, 0x00000000c3600000| Complete 
|  15|0x00000000c3700000, 0x00000000c3800000, 0x00000000c3800000|100%|HS|  |TAMS 0x00000000c3800000, 0x00000000c3700000| Complete 
|  16|0x00000000c3800000, 0x00000000c3900000, 0x00000000c3900000|100%|HC|  |TAMS 0x00000000c3900000, 0x00000000c3800000| Complete 
|  17|0x00000000c3900000, 0x00000000c3a00000, 0x00000000c3a00000|100%| O|  |TAMS 0x00000000c3a00000, 0x00000000c3900000| Untracked 
|  18|0x00000000c3a00000, 0x00000000c3b00000, 0x00000000c3b00000|100%| O|  |TAMS 0x00000000c3b00000, 0x00000000c3a00000| Untracked 
|  19|0x00000000c3b00000, 0x00000000c3c00000, 0x00000000c3c00000|100%|HS|  |TAMS 0x00000000c3c00000, 0x00000000c3b00000| Complete 
|  20|0x00000000c3c00000, 0x00000000c3d00000, 0x00000000c3d00000|100%|HC|  |TAMS 0x00000000c3d00000, 0x00000000c3c00000| Complete 
|  21|0x00000000c3d00000, 0x00000000c3e00000, 0x00000000c3e00000|100%|HS|  |TAMS 0x00000000c3e00000, 0x00000000c3d00000| Complete 
|  22|0x00000000c3e00000, 0x00000000c3f00000, 0x00000000c3f00000|100%|HC|  |TAMS 0x00000000c3f00000, 0x00000000c3e00000| Complete 
|  23|0x00000000c3f00000, 0x00000000c4000000, 0x00000000c4000000|100%|HS|  |TAMS 0x00000000c4000000, 0x00000000c3f00000| Complete 
|  24|0x00000000c4000000, 0x00000000c4100000, 0x00000000c4100000|100%|HC|  |TAMS 0x00000000c4100000, 0x00000000c4000000| Complete 
|  25|0x00000000c4100000, 0x00000000c4200000, 0x00000000c4200000|100%|HS|  |TAMS 0x00000000c4200000, 0x00000000c4100000| Complete 
|  26|0x00000000c4200000, 0x00000000c4300000, 0x00000000c4300000|100%|HC|  |TAMS 0x00000000c4300000, 0x00000000c4200000| Complete 
|  27|0x00000000c4300000, 0x00000000c4400000, 0x00000000c4400000|100%| O|  |TAMS 0x00000000c4400000, 0x00000000c4300000| Untracked 
|  28|0x00000000c4400000, 0x00000000c4500000, 0x00000000c4500000|100%| O|  |TAMS 0x00000000c4500000, 0x00000000c4400000| Untracked 
|  29|0x00000000c4500000, 0x00000000c4600000, 0x00000000c4600000|100%| O|  |TAMS 0x00000000c4600000, 0x00000000c4500000| Untracked 
|  30|0x00000000c4600000, 0x00000000c4700000, 0x00000000c4700000|100%|HS|  |TAMS 0x00000000c4700000, 0x00000000c4600000| Complete 
|  31|0x00000000c4700000, 0x00000000c4800000, 0x00000000c4800000|100%|HC|  |TAMS 0x00000000c4800000, 0x00000000c4700000| Complete 
|  32|0x00000000c4800000, 0x00000000c4900000, 0x00000000c4900000|100%|HS|  |TAMS 0x00000000c4900000, 0x00000000c4800000| Complete 
|  33|0x00000000c4900000, 0x00000000c4a00000, 0x00000000c4a00000|100%|HC|  |TAMS 0x00000000c4a00000, 0x00000000c4900000| Complete 
|  34|0x00000000c4a00000, 0x00000000c4b00000, 0x00000000c4b00000|100%| O|  |TAMS 0x00000000c4b00000, 0x00000000c4a00000| Untracked 
|  35|0x00000000c4b00000, 0x00000000c4c00000, 0x00000000c4c00000|100%| O|  |TAMS 0x00000000c4c00000, 0x00000000c4b00000| Untracked 
|  36|0x00000000c4c00000, 0x00000000c4d00000, 0x00000000c4d00000|100%|HS|  |TAMS 0x00000000c4d00000, 0x00000000c4c00000| Complete 
|  37|0x00000000c4d00000, 0x00000000c4e00000, 0x00000000c4e00000|100%|HC|  |TAMS 0x00000000c4e00000, 0x00000000c4d00000| Complete 
|  38|0x00000000c4e00000, 0x00000000c4f00000, 0x00000000c4f00000|100%|HS|  |TAMS 0x00000000c4f00000, 0x00000000c4e00000| Complete 
|  39|0x00000000c4f00000, 0x00000000c5000000, 0x00000000c5000000|100%|HC|  |TAMS 0x00000000c5000000, 0x00000000c4f00000| Complete 
|  40|0x00000000c5000000, 0x00000000c5100000, 0x00000000c5100000|100%|HS|  |TAMS 0x00000000c5100000, 0x00000000c5000000| Complete 
|  41|0x00000000c5100000, 0x00000000c5200000, 0x00000000c5200000|100%|HC|  |TAMS 0x00000000c5200000, 0x00000000c5100000| Complete 
|  42|0x00000000c5200000, 0x00000000c5300000, 0x00000000c5300000|100%|HS|  |TAMS 0x00000000c5300000, 0x00000000c5200000| Complete 
|  43|0x00000000c5300000, 0x00000000c5400000, 0x00000000c5400000|100%|HC|  |TAMS 0x00000000c5400000, 0x00000000c5300000| Complete 
|  44|0x00000000c5400000, 0x00000000c5500000, 0x00000000c5500000|100%|HS|  |TAMS 0x00000000c5500000, 0x00000000c5400000| Complete 
|  45|0x00000000c5500000, 0x00000000c5600000, 0x00000000c5600000|100%|HC|  |TAMS 0x00000000c5600000, 0x00000000c5500000| Complete 
|  46|0x00000000c5600000, 0x00000000c5700000, 0x00000000c5700000|100%| O|  |TAMS 0x00000000c5700000, 0x00000000c5600000| Untracked 
|  47|0x00000000c5700000, 0x00000000c5800000, 0x00000000c5800000|100%| O|  |TAMS 0x00000000c5800000, 0x00000000c5700000| Untracked 
|  48|0x00000000c5800000, 0x00000000c5900000, 0x00000000c5900000|100%|HS|  |TAMS 0x00000000c5900000, 0x00000000c5800000| Complete 
|  49|0x00000000c5900000, 0x00000000c5a00000, 0x00000000c5a00000|100%|HC|  |TAMS 0x00000000c5a00000, 0x00000000c5900000| Complete 
|  50|0x00000000c5a00000, 0x00000000c5b00000, 0x00000000c5b00000|100%|HS|  |TAMS 0x00000000c5b00000, 0x00000000c5a00000| Complete 
|  51|0x00000000c5b00000, 0x00000000c5c00000, 0x00000000c5c00000|100%|HC|  |TAMS 0x00000000c5c00000, 0x00000000c5b00000| Complete 
|  52|0x00000000c5c00000, 0x00000000c5d00000, 0x00000000c5d00000|100%|HS|  |TAMS 0x00000000c5d00000, 0x00000000c5c00000| Complete 
|  53|0x00000000c5d00000, 0x00000000c5e00000, 0x00000000c5e00000|100%|HC|  |TAMS 0x00000000c5e00000, 0x00000000c5d00000| Complete 
|  54|0x00000000c5e00000, 0x00000000c5f00000, 0x00000000c5f00000|100%|HS|  |TAMS 0x00000000c5f00000, 0x00000000c5e00000| Complete 
|  55|0x00000000c5f00000, 0x00000000c6000000, 0x00000000c6000000|100%|HC|  |TAMS 0x00000000c6000000, 0x00000000c5f00000| Complete 
|  56|0x00000000c6000000, 0x00000000c6100000, 0x00000000c6100000|100%|HS|  |TAMS 0x00000000c6100000, 0x00000000c6000000| Complete 
|  57|0x00000000c6100000, 0x00000000c6200000, 0x00000000c6200000|100%|HC|  |TAMS 0x00000000c6200000, 0x00000000c6100000| Complete 
|  58|0x00000000c6200000, 0x00000000c6300000, 0x00000000c6300000|100%|HS|  |TAMS 0x00000000c6200000, 0x00000000c6200000| Complete 
|  59|0x00000000c6300000, 0x00000000c6400000, 0x00000000c6400000|100%|HC|  |TAMS 0x00000000c6300000, 0x00000000c6300000| Complete 
|  60|0x00000000c6400000, 0x00000000c6400000, 0x00000000c6500000|  0%| F|  |TAMS 0x00000000c6400000, 0x00000000c6400000| Untracked 
|  61|0x00000000c6500000, 0x00000000c6500000, 0x00000000c6600000|  0%| F|  |TAMS 0x00000000c6500000, 0x00000000c6500000| Untracked 
|  62|0x00000000c6600000, 0x00000000c6600000, 0x00000000c6700000|  0%| F|  |TAMS 0x00000000c6600000, 0x00000000c6600000| Untracked 
|  63|0x00000000c6700000, 0x00000000c6700000, 0x00000000c6800000|  0%| F|  |TAMS 0x00000000c6700000, 0x00000000c6700000| Untracked 
|  64|0x00000000c6800000, 0x00000000c6800000, 0x00000000c6900000|  0%| F|  |TAMS 0x00000000c6800000, 0x00000000c6800000| Untracked 
|  65|0x00000000c6900000, 0x00000000c6900000, 0x00000000c6a00000|  0%| F|  |TAMS 0x00000000c6900000, 0x00000000c6900000| Untracked 
|  66|0x00000000c6a00000, 0x00000000c6a00000, 0x00000000c6b00000|  0%| F|  |TAMS 0x00000000c6a00000, 0x00000000c6a00000| Untracked 
|  67|0x00000000c6b00000, 0x00000000c6b00000, 0x00000000c6c00000|  0%| F|  |TAMS 0x00000000c6b00000, 0x00000000c6b00000| Untracked 
|  68|0x00000000c6c00000, 0x00000000c6c00000, 0x00000000c6d00000|  0%| F|  |TAMS 0x00000000c6c00000, 0x00000000c6c00000| Untracked 
|  69|0x00000000c6d00000, 0x00000000c6d00000, 0x00000000c6e00000|  0%| F|  |TAMS 0x00000000c6d00000, 0x00000000c6d00000| Untracked 
|  70|0x00000000c6e00000, 0x00000000c6e00000, 0x00000000c6f00000|  0%| F|  |TAMS 0x00000000c6e00000, 0x00000000c6e00000| Untracked 
|  71|0x00000000c6f00000, 0x00000000c6f00000, 0x00000000c7000000|  0%| F|  |TAMS 0x00000000c6f00000, 0x00000000c6f00000| Untracked 
|  72|0x00000000c7000000, 0x00000000c7000000, 0x00000000c7100000|  0%| F|  |TAMS 0x00000000c7000000, 0x00000000c7000000| Untracked 
|  73|0x00000000c7100000, 0x00000000c7100000, 0x00000000c7200000|  0%| F|  |TAMS 0x00000000c7100000, 0x00000000c7100000| Untracked 
|  74|0x00000000c7200000, 0x00000000c7200000, 0x00000000c7300000|  0%| F|  |TAMS 0x00000000c7200000, 0x00000000c7200000| Untracked 
|  75|0x00000000c7300000, 0x00000000c7300000, 0x00000000c7400000|  0%| F|  |TAMS 0x00000000c7300000, 0x00000000c7300000| Untracked 
|  76|0x00000000c7400000, 0x00000000c7400000, 0x00000000c7500000|  0%| F|  |TAMS 0x00000000c7400000, 0x00000000c7400000| Untracked 
|  77|0x00000000c7500000, 0x00000000c7500000, 0x00000000c7600000|  0%| F|  |TAMS 0x00000000c7500000, 0x00000000c7500000| Untracked 
|  78|0x00000000c7600000, 0x00000000c7600000, 0x00000000c7700000|  0%| F|  |TAMS 0x00000000c7600000, 0x00000000c7600000| Untracked 
|  79|0x00000000c7700000, 0x00000000c7700000, 0x00000000c7800000|  0%| F|  |TAMS 0x00000000c7700000, 0x00000000c7700000| Untracked 
|  80|0x00000000c7800000, 0x00000000c7800000, 0x00000000c7900000|  0%| F|  |TAMS 0x00000000c7800000, 0x00000000c7800000| Untracked 
|  81|0x00000000c7900000, 0x00000000c7900000, 0x00000000c7a00000|  0%| F|  |TAMS 0x00000000c7900000, 0x00000000c7900000| Untracked 
|  82|0x00000000c7a00000, 0x00000000c7a00000, 0x00000000c7b00000|  0%| F|  |TAMS 0x00000000c7a00000, 0x00000000c7a00000| Untracked 
|  83|0x00000000c7b00000, 0x00000000c7b00000, 0x00000000c7c00000|  0%| F|  |TAMS 0x00000000c7b00000, 0x00000000c7b00000| Untracked 
|  84|0x00000000c7c00000, 0x00000000c7c00000, 0x00000000c7d00000|  0%| F|  |TAMS 0x00000000c7c00000, 0x00000000c7c00000| Untracked 
|  85|0x00000000c7d00000, 0x00000000c7d00000, 0x00000000c7e00000|  0%| F|  |TAMS 0x00000000c7d00000, 0x00000000c7d00000| Untracked 
|  86|0x00000000c7e00000, 0x00000000c7e00000, 0x00000000c7f00000|  0%| F|  |TAMS 0x00000000c7e00000, 0x00000000c7e00000| Untracked 
|  87|0x00000000c7f00000, 0x00000000c7f00000, 0x00000000c8000000|  0%| F|  |TAMS 0x00000000c7f00000, 0x00000000c7f00000| Untracked 
|  88|0x00000000c8000000, 0x00000000c8000000, 0x00000000c8100000|  0%| F|  |TAMS 0x00000000c8000000, 0x00000000c8000000| Untracked 
|  89|0x00000000c8100000, 0x00000000c8100000, 0x00000000c8200000|  0%| F|  |TAMS 0x00000000c8100000, 0x00000000c8100000| Untracked 
|  90|0x00000000c8200000, 0x00000000c8200000, 0x00000000c8300000|  0%| F|  |TAMS 0x00000000c8200000, 0x00000000c8200000| Untracked 
|  91|0x00000000c8300000, 0x00000000c8300000, 0x00000000c8400000|  0%| F|  |TAMS 0x00000000c8300000, 0x00000000c8300000| Untracked 
|  92|0x00000000c8400000, 0x00000000c8400000, 0x00000000c8500000|  0%| F|  |TAMS 0x00000000c8400000, 0x00000000c8400000| Untracked 
|  93|0x00000000c8500000, 0x00000000c8500000, 0x00000000c8600000|  0%| F|  |TAMS 0x00000000c8500000, 0x00000000c8500000| Untracked 
|  94|0x00000000c8600000, 0x00000000c8600000, 0x00000000c8700000|  0%| F|  |TAMS 0x00000000c8600000, 0x00000000c8600000| Untracked 
|  95|0x00000000c8700000, 0x00000000c8700000, 0x00000000c8800000|  0%| F|  |TAMS 0x00000000c8700000, 0x00000000c8700000| Untracked 
|  96|0x00000000c8800000, 0x00000000c8800000, 0x00000000c8900000|  0%| F|  |TAMS 0x00000000c8800000, 0x00000000c8800000| Untracked 
|  97|0x00000000c8900000, 0x00000000c8900000, 0x00000000c8a00000|  0%| F|  |TAMS 0x00000000c8900000, 0x00000000c8900000| Untracked 
|  98|0x00000000c8a00000, 0x00000000c8a00000, 0x00000000c8b00000|  0%| F|  |TAMS 0x00000000c8a00000, 0x00000000c8a00000| Untracked 
|  99|0x00000000c8b00000, 0x00000000c8b00000, 0x00000000c8c00000|  0%| F|  |TAMS 0x00000000c8b00000, 0x00000000c8b00000| Untracked 
| 100|0x00000000c8c00000, 0x00000000c8c00000, 0x00000000c8d00000|  0%| F|  |TAMS 0x00000000c8c00000, 0x00000000c8c00000| Untracked 
| 101|0x00000000c8d00000, 0x00000000c8e00000, 0x00000000c8e00000|100%|HS|  |TAMS 0x00000000c8e00000, 0x00000000c8d00000| Complete 
| 102|0x00000000c8e00000, 0x00000000c8f00000, 0x00000000c8f00000|100%|HC|  |TAMS 0x00000000c8f00000, 0x00000000c8e00000| Complete 
| 103|0x00000000c8f00000, 0x00000000c9000000, 0x00000000c9000000|100%|HC|  |TAMS 0x00000000c9000000, 0x00000000c8f00000| Complete 
| 104|0x00000000c9000000, 0x00000000c9100000, 0x00000000c9100000|100%|HC|  |TAMS 0x00000000c9100000, 0x00000000c9000000| Complete 
| 105|0x00000000c9100000, 0x00000000c9200000, 0x00000000c9200000|100%|HC|  |TAMS 0x00000000c9200000, 0x00000000c9100000| Complete 
| 106|0x00000000c9200000, 0x00000000c9300000, 0x00000000c9300000|100%|HC|  |TAMS 0x00000000c9300000, 0x00000000c9200000| Complete 
| 107|0x00000000c9300000, 0x00000000c9400000, 0x00000000c9400000|100%|HC|  |TAMS 0x00000000c9400000, 0x00000000c9300000| Complete 
| 108|0x00000000c9400000, 0x00000000c9500000, 0x00000000c9500000|100%|HC|  |TAMS 0x00000000c9500000, 0x00000000c9400000| Complete 
| 109|0x00000000c9500000, 0x00000000c9600000, 0x00000000c9600000|100%|HC|  |TAMS 0x00000000c9600000, 0x00000000c9500000| Complete 
| 110|0x00000000c9600000, 0x00000000c9700000, 0x00000000c9700000|100%|HC|  |TAMS 0x00000000c9700000, 0x00000000c9600000| Complete 
| 111|0x00000000c9700000, 0x00000000c9800000, 0x00000000c9800000|100%|HC|  |TAMS 0x00000000c9800000, 0x00000000c9700000| Complete 
| 112|0x00000000c9800000, 0x00000000c9900000, 0x00000000c9900000|100%|HC|  |TAMS 0x00000000c9900000, 0x00000000c9800000| Complete 
| 113|0x00000000c9900000, 0x00000000c9a00000, 0x00000000c9a00000|100%|HC|  |TAMS 0x00000000c9a00000, 0x00000000c9900000| Complete 
| 114|0x00000000c9a00000, 0x00000000c9b00000, 0x00000000c9b00000|100%|HC|  |TAMS 0x00000000c9b00000, 0x00000000c9a00000| Complete 
| 115|0x00000000c9b00000, 0x00000000c9c00000, 0x00000000c9c00000|100%|HC|  |TAMS 0x00000000c9c00000, 0x00000000c9b00000| Complete 
| 116|0x00000000c9c00000, 0x00000000c9d00000, 0x00000000c9d00000|100%|HC|  |TAMS 0x00000000c9d00000, 0x00000000c9c00000| Complete 
| 117|0x00000000c9d00000, 0x00000000c9e00000, 0x00000000c9e00000|100%|HC|  |TAMS 0x00000000c9e00000, 0x00000000c9d00000| Complete 
| 118|0x00000000c9e00000, 0x00000000c9f00000, 0x00000000c9f00000|100%|HC|  |TAMS 0x00000000c9f00000, 0x00000000c9e00000| Complete 
| 119|0x00000000c9f00000, 0x00000000ca000000, 0x00000000ca000000|100%|HC|  |TAMS 0x00000000ca000000, 0x00000000c9f00000| Complete 
| 120|0x00000000ca000000, 0x00000000ca100000, 0x00000000ca100000|100%|HC|  |TAMS 0x00000000ca100000, 0x00000000ca000000| Complete 
| 121|0x00000000ca100000, 0x00000000ca200000, 0x00000000ca200000|100%|HC|  |TAMS 0x00000000ca200000, 0x00000000ca100000| Complete 
| 122|0x00000000ca200000, 0x00000000ca300000, 0x00000000ca300000|100%|HC|  |TAMS 0x00000000ca300000, 0x00000000ca200000| Complete 
| 123|0x00000000ca300000, 0x00000000ca400000, 0x00000000ca400000|100%|HC|  |TAMS 0x00000000ca400000, 0x00000000ca300000| Complete 
| 124|0x00000000ca400000, 0x00000000ca500000, 0x00000000ca500000|100%|HC|  |TAMS 0x00000000ca500000, 0x00000000ca400000| Complete 
| 125|0x00000000ca500000, 0x00000000ca600000, 0x00000000ca600000|100%|HC|  |TAMS 0x00000000ca600000, 0x00000000ca500000| Complete 
| 126|0x00000000ca600000, 0x00000000ca700000, 0x00000000ca700000|100%|HC|  |TAMS 0x00000000ca700000, 0x00000000ca600000| Complete 
| 127|0x00000000ca700000, 0x00000000ca800000, 0x00000000ca800000|100%|HC|  |TAMS 0x00000000ca800000, 0x00000000ca700000| Complete 
| 128|0x00000000ca800000, 0x00000000ca900000, 0x00000000ca900000|100%|HC|  |TAMS 0x00000000ca900000, 0x00000000ca800000| Complete 
| 129|0x00000000ca900000, 0x00000000caa00000, 0x00000000caa00000|100%|HC|  |TAMS 0x00000000caa00000, 0x00000000ca900000| Complete 
| 130|0x00000000caa00000, 0x00000000cab00000, 0x00000000cab00000|100%|HC|  |TAMS 0x00000000cab00000, 0x00000000caa00000| Complete 
| 131|0x00000000cab00000, 0x00000000cac00000, 0x00000000cac00000|100%|HC|  |TAMS 0x00000000cac00000, 0x00000000cab00000| Complete 
| 132|0x00000000cac00000, 0x00000000cad00000, 0x00000000cad00000|100%|HC|  |TAMS 0x00000000cad00000, 0x00000000cac00000| Complete 
| 133|0x00000000cad00000, 0x00000000cae00000, 0x00000000cae00000|100%|HC|  |TAMS 0x00000000cae00000, 0x00000000cad00000| Complete 
| 134|0x00000000cae00000, 0x00000000caf00000, 0x00000000caf00000|100%|HC|  |TAMS 0x00000000caf00000, 0x00000000cae00000| Complete 
| 135|0x00000000caf00000, 0x00000000cb000000, 0x00000000cb000000|100%|HC|  |TAMS 0x00000000cb000000, 0x00000000caf00000| Complete 
| 136|0x00000000cb000000, 0x00000000cb100000, 0x00000000cb100000|100%|HC|  |TAMS 0x00000000cb100000, 0x00000000cb000000| Complete 
| 137|0x00000000cb100000, 0x00000000cb200000, 0x00000000cb200000|100%|HC|  |TAMS 0x00000000cb200000, 0x00000000cb100000| Complete 
| 138|0x00000000cb200000, 0x00000000cb300000, 0x00000000cb300000|100%|HC|  |TAMS 0x00000000cb300000, 0x00000000cb200000| Complete 
| 139|0x00000000cb300000, 0x00000000cb400000, 0x00000000cb400000|100%|HC|  |TAMS 0x00000000cb400000, 0x00000000cb300000| Complete 
| 140|0x00000000cb400000, 0x00000000cb500000, 0x00000000cb500000|100%|HC|  |TAMS 0x00000000cb500000, 0x00000000cb400000| Complete 
| 141|0x00000000cb500000, 0x00000000cb600000, 0x00000000cb600000|100%|HC|  |TAMS 0x00000000cb600000, 0x00000000cb500000| Complete 
| 142|0x00000000cb600000, 0x00000000cb700000, 0x00000000cb700000|100%|HC|  |TAMS 0x00000000cb700000, 0x00000000cb600000| Complete 
| 143|0x00000000cb700000, 0x00000000cb800000, 0x00000000cb800000|100%|HC|  |TAMS 0x00000000cb800000, 0x00000000cb700000| Complete 
| 144|0x00000000cb800000, 0x00000000cb900000, 0x00000000cb900000|100%|HC|  |TAMS 0x00000000cb900000, 0x00000000cb800000| Complete 
| 145|0x00000000cb900000, 0x00000000cba00000, 0x00000000cba00000|100%|HC|  |TAMS 0x00000000cba00000, 0x00000000cb900000| Complete 
| 146|0x00000000cba00000, 0x00000000cbb00000, 0x00000000cbb00000|100%|HC|  |TAMS 0x00000000cbb00000, 0x00000000cba00000| Complete 
| 147|0x00000000cbb00000, 0x00000000cbc00000, 0x00000000cbc00000|100%|HC|  |TAMS 0x00000000cbc00000, 0x00000000cbb00000| Complete 
| 148|0x00000000cbc00000, 0x00000000cbd00000, 0x00000000cbd00000|100%|HC|  |TAMS 0x00000000cbd00000, 0x00000000cbc00000| Complete 
| 149|0x00000000cbd00000, 0x00000000cbe00000, 0x00000000cbe00000|100%|HC|  |TAMS 0x00000000cbe00000, 0x00000000cbd00000| Complete 
| 150|0x00000000cbe00000, 0x00000000cbf00000, 0x00000000cbf00000|100%|HC|  |TAMS 0x00000000cbf00000, 0x00000000cbe00000| Complete 
| 151|0x00000000cbf00000, 0x00000000cc000000, 0x00000000cc000000|100%|HC|  |TAMS 0x00000000cc000000, 0x00000000cbf00000| Complete 
| 152|0x00000000cc000000, 0x00000000cc100000, 0x00000000cc100000|100%|HC|  |TAMS 0x00000000cc100000, 0x00000000cc000000| Complete 
| 153|0x00000000cc100000, 0x00000000cc200000, 0x00000000cc200000|100%|HC|  |TAMS 0x00000000cc200000, 0x00000000cc100000| Complete 
| 154|0x00000000cc200000, 0x00000000cc300000, 0x00000000cc300000|100%|HC|  |TAMS 0x00000000cc300000, 0x00000000cc200000| Complete 
| 155|0x00000000cc300000, 0x00000000cc400000, 0x00000000cc400000|100%|HC|  |TAMS 0x00000000cc400000, 0x00000000cc300000| Complete 
| 156|0x00000000cc400000, 0x00000000cc500000, 0x00000000cc500000|100%|HC|  |TAMS 0x00000000cc500000, 0x00000000cc400000| Complete 
| 157|0x00000000cc500000, 0x00000000cc500000, 0x00000000cc600000|  0%| F|  |TAMS 0x00000000cc500000, 0x00000000cc500000| Untracked 
| 158|0x00000000cc600000, 0x00000000cc600000, 0x00000000cc700000|  0%| F|  |TAMS 0x00000000cc600000, 0x00000000cc600000| Untracked 
| 159|0x00000000cc700000, 0x00000000cc700000, 0x00000000cc800000|  0%| F|  |TAMS 0x00000000cc700000, 0x00000000cc700000| Untracked 
| 160|0x00000000cc800000, 0x00000000cc800000, 0x00000000cc900000|  0%| F|  |TAMS 0x00000000cc800000, 0x00000000cc800000| Untracked 
| 161|0x00000000cc900000, 0x00000000cc900000, 0x00000000cca00000|  0%| F|  |TAMS 0x00000000cc900000, 0x00000000cc900000| Untracked 
| 162|0x00000000cca00000, 0x00000000cca00000, 0x00000000ccb00000|  0%| F|  |TAMS 0x00000000cca00000, 0x00000000cca00000| Untracked 
| 163|0x00000000ccb00000, 0x00000000ccb00000, 0x00000000ccc00000|  0%| F|  |TAMS 0x00000000ccb00000, 0x00000000ccb00000| Untracked 
| 164|0x00000000ccc00000, 0x00000000ccc00000, 0x00000000ccd00000|  0%| F|  |TAMS 0x00000000ccc00000, 0x00000000ccc00000| Untracked 
| 165|0x00000000ccd00000, 0x00000000ccd00000, 0x00000000cce00000|  0%| F|  |TAMS 0x00000000ccd00000, 0x00000000ccd00000| Untracked 
| 166|0x00000000cce00000, 0x00000000cce00000, 0x00000000ccf00000|  0%| F|  |TAMS 0x00000000cce00000, 0x00000000cce00000| Untracked 
| 167|0x00000000ccf00000, 0x00000000ccf00000, 0x00000000cd000000|  0%| F|  |TAMS 0x00000000ccf00000, 0x00000000ccf00000| Untracked 
| 168|0x00000000cd000000, 0x00000000cd000000, 0x00000000cd100000|  0%| F|  |TAMS 0x00000000cd000000, 0x00000000cd000000| Untracked 
| 169|0x00000000cd100000, 0x00000000cd100000, 0x00000000cd200000|  0%| F|  |TAMS 0x00000000cd100000, 0x00000000cd100000| Untracked 
| 170|0x00000000cd200000, 0x00000000cd200000, 0x00000000cd300000|  0%| F|  |TAMS 0x00000000cd200000, 0x00000000cd200000| Untracked 
| 171|0x00000000cd300000, 0x00000000cd300000, 0x00000000cd400000|  0%| F|  |TAMS 0x00000000cd300000, 0x00000000cd300000| Untracked 
| 172|0x00000000cd400000, 0x00000000cd400000, 0x00000000cd500000|  0%| F|  |TAMS 0x00000000cd400000, 0x00000000cd400000| Untracked 
| 173|0x00000000cd500000, 0x00000000cd500000, 0x00000000cd600000|  0%| F|  |TAMS 0x00000000cd500000, 0x00000000cd500000| Untracked 
| 174|0x00000000cd600000, 0x00000000cd600000, 0x00000000cd700000|  0%| F|  |TAMS 0x00000000cd600000, 0x00000000cd600000| Untracked 
| 175|0x00000000cd700000, 0x00000000cd700000, 0x00000000cd800000|  0%| F|  |TAMS 0x00000000cd700000, 0x00000000cd700000| Untracked 
| 176|0x00000000cd800000, 0x00000000cd800000, 0x00000000cd900000|  0%| F|  |TAMS 0x00000000cd800000, 0x00000000cd800000| Untracked 
| 177|0x00000000cd900000, 0x00000000cd900000, 0x00000000cda00000|  0%| F|  |TAMS 0x00000000cd900000, 0x00000000cd900000| Untracked 
| 178|0x00000000cda00000, 0x00000000cda00000, 0x00000000cdb00000|  0%| F|  |TAMS 0x00000000cda00000, 0x00000000cda00000| Untracked 
| 179|0x00000000cdb00000, 0x00000000cdb00000, 0x00000000cdc00000|  0%| F|  |TAMS 0x00000000cdb00000, 0x00000000cdb00000| Untracked 
| 180|0x00000000cdc00000, 0x00000000cdc00000, 0x00000000cdd00000|  0%| F|  |TAMS 0x00000000cdc00000, 0x00000000cdc00000| Untracked 
| 181|0x00000000cdd00000, 0x00000000cdd00000, 0x00000000cde00000|  0%| F|  |TAMS 0x00000000cdd00000, 0x00000000cdd00000| Untracked 
| 182|0x00000000cde00000, 0x00000000cde00000, 0x00000000cdf00000|  0%| F|  |TAMS 0x00000000cde00000, 0x00000000cde00000| Untracked 
| 183|0x00000000cdf00000, 0x00000000cdf00000, 0x00000000ce000000|  0%| F|  |TAMS 0x00000000cdf00000, 0x00000000cdf00000| Untracked 
| 184|0x00000000ce000000, 0x00000000ce000000, 0x00000000ce100000|  0%| F|  |TAMS 0x00000000ce000000, 0x00000000ce000000| Untracked 
| 185|0x00000000ce100000, 0x00000000ce100000, 0x00000000ce200000|  0%| F|  |TAMS 0x00000000ce100000, 0x00000000ce100000| Untracked 
| 186|0x00000000ce200000, 0x00000000ce200000, 0x00000000ce300000|  0%| F|  |TAMS 0x00000000ce200000, 0x00000000ce200000| Untracked 
| 187|0x00000000ce300000, 0x00000000ce300000, 0x00000000ce400000|  0%| F|  |TAMS 0x00000000ce300000, 0x00000000ce300000| Untracked 
| 188|0x00000000ce400000, 0x00000000ce400000, 0x00000000ce500000|  0%| F|  |TAMS 0x00000000ce400000, 0x00000000ce400000| Untracked 
| 189|0x00000000ce500000, 0x00000000ce585aa0, 0x00000000ce600000| 52%| S|CS|TAMS 0x00000000ce500000, 0x00000000ce500000| Complete 
| 190|0x00000000ce600000, 0x00000000ce700000, 0x00000000ce700000|100%| S|CS|TAMS 0x00000000ce600000, 0x00000000ce600000| Complete 
| 191|0x00000000ce700000, 0x00000000ce800000, 0x00000000ce800000|100%| E|CS|TAMS 0x00000000ce700000, 0x00000000ce700000| Complete 
| 192|0x00000000ce800000, 0x00000000ce800000, 0x00000000ce900000|  0%| F|  |TAMS 0x00000000ce800000, 0x00000000ce800000| Untracked 
| 193|0x00000000ce900000, 0x00000000ce900000, 0x00000000cea00000|  0%| F|  |TAMS 0x00000000ce900000, 0x00000000ce900000| Untracked 
| 194|0x00000000cea00000, 0x00000000cea8c0c8, 0x00000000ceb00000| 54%| E|  |TAMS 0x00000000cea00000, 0x00000000cea00000| Complete 
| 195|0x00000000ceb00000, 0x00000000cec00000, 0x00000000cec00000|100%| E|CS|TAMS 0x00000000ceb00000, 0x00000000ceb00000| Complete 
| 196|0x00000000cec00000, 0x00000000ced00000, 0x00000000ced00000|100%| E|CS|TAMS 0x00000000cec00000, 0x00000000cec00000| Complete 

Card table byte_map: [0x000002e5d1c40000,0x000002e5d1e30000] _byte_map_base: 0x000002e5d162c000

Marking Bits (Prev, Next): (CMBitMap*) 0x000002e5bef81e80, (CMBitMap*) 0x000002e5bef81e40
 Prev Bits: [0x000002e5d2f80000, 0x000002e5d3ee0000)
 Next Bits: [0x000002e5d2020000, 0x000002e5d2f80000)

Polling page: 0x000002e5be700000

Metaspace:

Usage:
  Non-class:     24.23 MB used.
      Class:      3.86 MB used.
       Both:     28.09 MB used.

Virtual space:
  Non-class space:       64.00 MB reserved,      24.38 MB ( 38%) committed,  1 nodes.
      Class space:        1.00 GB reserved,       4.00 MB ( <1%) committed,  1 nodes.
             Both:        1.06 GB reserved,      28.38 MB (  3%) committed. 

Chunk freelists:
   Non-Class:  7.33 MB
       Class:  12.02 MB
        Both:  19.34 MB

MaxMetaspaceSize: unlimited
CompressedClassSpaceSize: 1.00 GB
Initial GC threshold: 21.00 MB
Current GC threshold: 47.12 MB
CDS: on
MetaspaceReclaimPolicy: balanced
 - commit_granule_bytes: 65536.
 - commit_granule_words: 8192.
 - virtual_space_node_default_size: 8388608.
 - enlarge_chunks_in_place: 1.
 - new_chunks_are_fully_committed: 0.
 - uncommit_free_chunks: 1.
 - use_allocation_guard: 0.
 - handle_deallocations: 1.


Internal statistics:

num_allocs_failed_limit: 3.
num_arena_births: 348.
num_arena_deaths: 0.
num_vsnodes_births: 2.
num_vsnodes_deaths: 0.
num_space_committed: 454.
num_space_uncommitted: 0.
num_chunks_returned_to_freelist: 3.
num_chunks_taken_from_freelist: 1258.
num_chunk_merges: 3.
num_chunk_splits: 877.
num_chunks_enlarged: 654.
num_inconsistent_stats: 0.

CodeHeap 'non-profiled nmethods': size=120000Kb used=2778Kb max_used=2778Kb free=117221Kb
 bounds [0x000002e5ca1f0000, 0x000002e5ca4c0000, 0x000002e5d1720000]
CodeHeap 'profiled nmethods': size=120000Kb used=11024Kb max_used=12370Kb free=108976Kb
 bounds [0x000002e5c2720000, 0x000002e5c3360000, 0x000002e5c9c50000]
CodeHeap 'non-nmethods': size=5760Kb used=1563Kb max_used=1670Kb free=4196Kb
 bounds [0x000002e5c9c50000, 0x000002e5c9ec0000, 0x000002e5ca1f0000]
 total_blobs=6452 nmethods=5494 adapters=869
 compilation: enabled
              stopped_count=0, restarted_count=0
 full_count=0

Compilation events (20 events):
Event: 52.323 Thread 0x000002e5d68dd680 6369       3       javafx.scene.shape.Shape$StyleableProperties$9::isSettable (9 bytes)
Event: 52.323 Thread 0x000002e5d68dd680 nmethod 6369 0x000002e5c274a310 code [0x000002e5c274a4e0, 0x000002e5c274aa38]
Event: 52.323 Thread 0x000002e5d68dd680 6370       3       javafx.scene.shape.Shape$StyleableProperties$9::isSettable (23 bytes)
Event: 52.324 Thread 0x000002e5d68dd680 nmethod 6370 0x000002e5c2749c10 code [0x000002e5c2749dc0, 0x000002e5c274a1b8]
Event: 52.324 Thread 0x000002e5d68dd680 6364       1       com.sun.prism.impl.BaseResourcePool::lambda$cleanup$6 (2 bytes)
Event: 52.324 Thread 0x000002e5d68dd680 nmethod 6364 0x000002e5ca32f210 code [0x000002e5ca32f3a0, 0x000002e5ca32f458]
Event: 52.324 Thread 0x000002e5d68dd680 6359       3       javafx.scene.control.Labeled::getAlignment (24 bytes)
Event: 52.324 Thread 0x000002e5d68dd680 nmethod 6359 0x000002e5c2749610 code [0x000002e5c27497c0, 0x000002e5c2749ae8]
Event: 52.324 Thread 0x000002e5d68dd680 6361       3       com.sun.javafx.sg.prism.NGRectangle::isRounded (30 bytes)
Event: 52.324 Thread 0x000002e5d68dd680 nmethod 6361 0x000002e5c2d09690 code [0x000002e5c2d09820, 0x000002e5c2d09a18]
Event: 52.324 Thread 0x000002e5d68dd680 6362       3       com.sun.javafx.geom.RoundRectangle2D::getBounds (34 bytes)
Event: 52.324 Thread 0x000002e5d68dd680 nmethod 6362 0x000002e5c2a74e90 code [0x000002e5c2a75040, 0x000002e5c2a75208]
Event: 52.336 Thread 0x000002e5d68dd680 6372       3       jdk.internal.misc.VM::isModuleSystemInited (13 bytes)
Event: 52.336 Thread 0x000002e5d68dd680 nmethod 6372 0x000002e5c2c1f410 code [0x000002e5c2c1f5a0, 0x000002e5c2c1f758]
Event: 52.337 Thread 0x000002e5d68dd680 6374       1       com.sun.javafx.tk.quantum.PaintRenderJob::getScene (5 bytes)
Event: 52.337 Thread 0x000002e5d68dd680 nmethod 6374 0x000002e5ca32ef10 code [0x000002e5ca32f0a0, 0x000002e5ca32f178]
Event: 52.337 Thread 0x000002e5d68dd680 6375       3       com.sun.javafx.geom.DirtyRegionContainer::reset (6 bytes)
Event: 52.337 Thread 0x000002e5d68dd680 nmethod 6375 0x000002e5c2c73f90 code [0x000002e5c2c74120, 0x000002e5c2c74238]
Event: 52.350 Thread 0x000002e5d68dd680 6377       3       java.lang.StrictMath::floorOrCeil (128 bytes)
Event: 52.350 Thread 0x000002e5d68dd680 nmethod 6377 0x000002e5c27e3a90 code [0x000002e5c27e3c60, 0x000002e5c27e40f8]

GC Heap History (20 events):
Event: 28.740 GC heap before
{Heap before GC invocations=8 (full 0):
 garbage-first heap   total 55296K, used 32238K [0x00000000c2800000, 0x0000000100000000)
  region size 1024K, 2 young (2048K), 1 survivors (1024K)
 Metaspace       used 26117K, committed 26432K, reserved 1114112K
  class space    used 3618K, committed 3776K, reserved 1048576K
}
Event: 28.741 GC heap after
{Heap after GC invocations=9 (full 0):
 garbage-first heap   total 55296K, used 32212K [0x00000000c2800000, 0x0000000100000000)
  region size 1024K, 1 young (1024K), 1 survivors (1024K)
 Metaspace       used 26117K, committed 26432K, reserved 1114112K
  class space    used 3618K, committed 3776K, reserved 1048576K
}
Event: 28.965 GC heap before
{Heap before GC invocations=10 (full 0):
 garbage-first heap   total 61440K, used 45524K [0x00000000c2800000, 0x0000000100000000)
  region size 1024K, 12 young (12288K), 1 survivors (1024K)
 Metaspace       used 26790K, committed 27136K, reserved 1114112K
  class space    used 3737K, committed 3904K, reserved 1048576K
}
Event: 28.968 GC heap after
{Heap after GC invocations=11 (full 0):
 garbage-first heap   total 61440K, used 35791K [0x00000000c2800000, 0x0000000100000000)
  region size 1024K, 2 young (2048K), 2 survivors (2048K)
 Metaspace       used 26790K, committed 27136K, reserved 1114112K
  class space    used 3737K, committed 3904K, reserved 1048576K
}
Event: 30.978 GC heap before
{Heap before GC invocations=11 (full 0):
 garbage-first heap   total 61440K, used 47055K [0x00000000c2800000, 0x0000000100000000)
  region size 1024K, 14 young (14336K), 2 survivors (2048K)
 Metaspace       used 27982K, committed 28288K, reserved 1114112K
  class space    used 3906K, committed 4032K, reserved 1048576K
}
Event: 30.982 GC heap after
{Heap after GC invocations=12 (full 0):
 garbage-first heap   total 61440K, used 38153K [0x00000000c2800000, 0x0000000100000000)
  region size 1024K, 2 young (2048K), 2 survivors (2048K)
 Metaspace       used 27982K, committed 28288K, reserved 1114112K
  class space    used 3906K, committed 4032K, reserved 1048576K
}
Event: 31.008 GC heap before
{Heap before GC invocations=13 (full 0):
 garbage-first heap   total 76800K, used 46345K [0x00000000c2800000, 0x0000000100000000)
  region size 1024K, 3 young (3072K), 2 survivors (2048K)
 Metaspace       used 27986K, committed 28288K, reserved 1114112K
  class space    used 3908K, committed 4032K, reserved 1048576K
}
Event: 31.010 GC heap after
{Heap after GC invocations=14 (full 0):
 garbage-first heap   total 76800K, used 46769K [0x00000000c2800000, 0x0000000100000000)
  region size 1024K, 1 young (1024K), 1 survivors (1024K)
 Metaspace       used 27986K, committed 28288K, reserved 1114112K
  class space    used 3908K, committed 4032K, reserved 1048576K
}
Event: 38.366 GC heap before
{Heap before GC invocations=15 (full 0):
 garbage-first heap   total 91136K, used 62129K [0x00000000c2800000, 0x0000000100000000)
  region size 1024K, 10 young (10240K), 1 survivors (1024K)
 Metaspace       used 28390K, committed 28736K, reserved 1114112K
  class space    used 3924K, committed 4096K, reserved 1048576K
}
Event: 38.373 GC heap after
{Heap after GC invocations=16 (full 0):
 garbage-first heap   total 109568K, used 42413K [0x00000000c2800000, 0x0000000100000000)
  region size 1024K, 2 young (2048K), 2 survivors (2048K)
 Metaspace       used 28390K, committed 28736K, reserved 1114112K
  class space    used 3924K, committed 4096K, reserved 1048576K
}
Event: 38.411 GC heap before
{Heap before GC invocations=16 (full 0):
 garbage-first heap   total 109568K, used 50605K [0x00000000c2800000, 0x0000000100000000)
  region size 1024K, 3 young (3072K), 2 survivors (2048K)
 Metaspace       used 28392K, committed 28736K, reserved 1114112K
  class space    used 3924K, committed 4096K, reserved 1048576K
}
Event: 38.413 GC heap after
{Heap after GC invocations=17 (full 0):
 garbage-first heap   total 109568K, used 50670K [0x00000000c2800000, 0x0000000100000000)
  region size 1024K, 2 young (2048K), 2 survivors (2048K)
 Metaspace       used 28392K, committed 28736K, reserved 1114112K
  class space    used 3924K, committed 4096K, reserved 1048576K
}
Event: 50.180 GC heap before
{Heap before GC invocations=18 (full 0):
 garbage-first heap   total 109568K, used 61934K [0x00000000c2800000, 0x0000000100000000)
  region size 1024K, 6 young (6144K), 2 survivors (2048K)
 Metaspace       used 28495K, committed 28864K, reserved 1114112K
  class space    used 3924K, committed 4096K, reserved 1048576K
}
Event: 50.186 GC heap after
{Heap after GC invocations=19 (full 0):
 garbage-first heap   total 109568K, used 42428K [0x00000000c2800000, 0x0000000100000000)
  region size 1024K, 2 young (2048K), 2 survivors (2048K)
 Metaspace       used 28495K, committed 28864K, reserved 1114112K
  class space    used 3924K, committed 4096K, reserved 1048576K
}
Event: 50.225 GC heap before
{Heap before GC invocations=19 (full 0):
 garbage-first heap   total 109568K, used 50620K [0x00000000c2800000, 0x0000000100000000)
  region size 1024K, 3 young (3072K), 2 survivors (2048K)
 Metaspace       used 28498K, committed 28864K, reserved 1114112K
  class space    used 3924K, committed 4096K, reserved 1048576K
}
Event: 50.226 GC heap after
{Heap after GC invocations=20 (full 0):
 garbage-first heap   total 109568K, used 50686K [0x00000000c2800000, 0x0000000100000000)
  region size 1024K, 2 young (2048K), 2 survivors (2048K)
 Metaspace       used 28498K, committed 28864K, reserved 1114112K
  class space    used 3924K, committed 4096K, reserved 1048576K
}
Event: 51.820 GC heap before
{Heap before GC invocations=21 (full 0):
 garbage-first heap   total 109568K, used 61950K [0x00000000c2800000, 0x0000000100000000)
  region size 1024K, 6 young (6144K), 2 survivors (2048K)
 Metaspace       used 28569K, committed 28928K, reserved 1114112K
  class space    used 3931K, committed 4096K, reserved 1048576K
}
Event: 51.825 GC heap after
{Heap after GC invocations=22 (full 0):
 garbage-first heap   total 109568K, used 59267K [0x00000000c2800000, 0x0000000100000000)
  region size 1024K, 2 young (2048K), 2 survivors (2048K)
 Metaspace       used 28569K, committed 28928K, reserved 1114112K
  class space    used 3931K, committed 4096K, reserved 1048576K
}
Event: 52.164 GC heap before
{Heap before GC invocations=23 (full 0):
 garbage-first heap   total 196608K, used 116611K [0x00000000c2800000, 0x0000000100000000)
  region size 1024K, 3 young (3072K), 2 survivors (2048K)
 Metaspace       used 28571K, committed 28928K, reserved 1114112K
  class space    used 3931K, committed 4096K, reserved 1048576K
}
Event: 52.167 GC heap after
{Heap after GC invocations=24 (full 0):
 garbage-first heap   total 196608K, used 116624K [0x00000000c2800000, 0x0000000100000000)
  region size 1024K, 2 young (2048K), 2 survivors (2048K)
 Metaspace       used 28571K, committed 28928K, reserved 1114112K
  class space    used 3931K, committed 4096K, reserved 1048576K
}

Dll operation events (3 events):
Event: 0.007 Loaded shared library C:\Users\39\.jdks\jbr-17.0.12-1\bin\java.dll
Event: 0.023 Loaded shared library C:\Users\39\.jdks\jbr-17.0.12-1\bin\jsvml.dll
Event: 28.172 Loaded shared library C:\Users\39\.jdks\jbr-17.0.12-1\bin\verify.dll

Deoptimization events (20 events):
Event: 52.180 Thread 0x000002e61c33ffb0 DEOPT PACKING pc=0x000002e5ca21d950 sp=0x000000ee64dfb540
Event: 52.180 Thread 0x000002e61c33ffb0 DEOPT UNPACKING pc=0x000002e5c9ca69a3 sp=0x000000ee64dfb4d0 mode 2
Event: 52.185 Thread 0x000002e61c33ffb0 Uncommon trap: trap_request=0xffffff45 fr.pc=0x000002e5ca400418 relative=0x00000000000000d8
Event: 52.185 Thread 0x000002e61c33ffb0 Uncommon trap: reason=unstable_if action=reinterpret pc=0x000002e5ca400418 method=java.lang.StrictMath.floorOrCeil(DDDD)D @ 38 c2
Event: 52.185 Thread 0x000002e61c33ffb0 DEOPT PACKING pc=0x000002e5ca400418 sp=0x000000ee64dfc810
Event: 52.185 Thread 0x000002e61c33ffb0 DEOPT UNPACKING pc=0x000002e5c9ca69a3 sp=0x000000ee64dfc6c8 mode 2
Event: 52.185 Thread 0x000002e61c33ffb0 Uncommon trap: trap_request=0xffffff45 fr.pc=0x000002e5ca400770 relative=0x00000000000000d0
Event: 52.185 Thread 0x000002e61c33ffb0 Uncommon trap: reason=unstable_if action=reinterpret pc=0x000002e5ca400770 method=java.lang.StrictMath.floorOrCeil(DDDD)D @ 38 c2
Event: 52.185 Thread 0x000002e61c33ffb0 DEOPT PACKING pc=0x000002e5ca400770 sp=0x000000ee64dfc750
Event: 52.185 Thread 0x000002e61c33ffb0 DEOPT UNPACKING pc=0x000002e5c9ca69a3 sp=0x000000ee64dfc6b0 mode 2
Event: 52.210 Thread 0x000002e61c33ffb0 Uncommon trap: trap_request=0xfffffff4 fr.pc=0x000002e5ca4bb2c8 relative=0x00000000000056a8
Event: 52.210 Thread 0x000002e61c33ffb0 Uncommon trap: reason=null_check action=make_not_entrant pc=0x000002e5ca4bb2c8 method=javafx.stage.PopupWindow.getOwnerNode()Ljavafx/scene/Node; @ 7 c2
Event: 52.210 Thread 0x000002e61c33ffb0 DEOPT PACKING pc=0x000002e5ca4bb2c8 sp=0x000000ee64df9a00
Event: 52.210 Thread 0x000002e61c33ffb0 DEOPT UNPACKING pc=0x000002e5c9ca69a3 sp=0x000000ee64df9868 mode 2
Event: 52.216 Thread 0x000002e61c33ffb0 DEOPT PACKING pc=0x000002e5c3051918 sp=0x000000ee64dfa6a0
Event: 52.216 Thread 0x000002e61c33ffb0 DEOPT UNPACKING pc=0x000002e5c9ca7143 sp=0x000000ee64df9b00 mode 0
Event: 52.219 Thread 0x000002e61c33ffb0 Uncommon trap: trap_request=0xffffff45 fr.pc=0x000002e5ca458e64 relative=0x0000000000000124
Event: 52.219 Thread 0x000002e61c33ffb0 Uncommon trap: reason=unstable_if action=reinterpret pc=0x000002e5ca458e64 method=java.lang.Double.isInfinite(D)Z @ 5 c2
Event: 52.219 Thread 0x000002e61c33ffb0 DEOPT PACKING pc=0x000002e5ca458e64 sp=0x000000ee64dfc380
Event: 52.219 Thread 0x000002e61c33ffb0 DEOPT UNPACKING pc=0x000002e5c9ca69a3 sp=0x000000ee64dfc298 mode 2

Classes loaded (20 events):
Event: 28.618 Loading class java/time/format/FormatStyle
Event: 28.619 Loading class java/time/format/FormatStyle done
Event: 28.632 Loading class sun/nio/cs/Surrogate$Parser
Event: 28.633 Loading class sun/nio/cs/Surrogate$Parser done
Event: 28.633 Loading class sun/nio/cs/Surrogate
Event: 28.633 Loading class sun/nio/cs/Surrogate done
Event: 28.653 Loading class java/text/FieldPosition$Delegate
Event: 28.653 Loading class java/text/FieldPosition$Delegate done
Event: 29.162 Loading class java/util/ComparableTimSort
Event: 29.163 Loading class java/util/ComparableTimSort done
Event: 30.943 Loading class java/nio/charset/CharacterCodingException
Event: 30.943 Loading class java/nio/charset/CharacterCodingException done
Event: 30.944 Loading class jdk/internal/loader/BootLoader$PackageHelper
Event: 30.945 Loading class jdk/internal/loader/BootLoader$PackageHelper done
Event: 31.046 Loading class java/text/ChoiceFormat
Event: 31.047 Loading class java/text/ChoiceFormat done
Event: 52.334 Loading class java/lang/Throwable$WrappedPrintStream
Event: 52.335 Loading class java/lang/Throwable$PrintStreamOrWriter
Event: 52.336 Loading class java/lang/Throwable$PrintStreamOrWriter done
Event: 52.336 Loading class java/lang/Throwable$WrappedPrintStream done

Classes unloaded (0 events):
No events

Classes redefined (0 events):
No events

Internal exceptions (20 events):
Event: 3.432 Thread 0x000002e61c2a8190 Exception <a 'java/lang/NoSuchMethodError'{0x00000000c4f94878}: 'int java.lang.invoke.DirectMethodHandle$Holder.invokeStaticInit(java.lang.Object, java.lang.Object)'> (0x00000000c4f94878) 
thrown [s\src\hotspot\share\interpreter\linkResolver.cpp, line 771]
Event: 3.444 Thread 0x000002e61c33ffb0 Exception <a 'java/lang/NoSuchMethodError'{0x00000000c4f577c8}: 'long java.lang.invoke.DirectMethodHandle$Holder.invokeStatic(java.lang.Object, java.lang.Object, java.lang.Object)'> (0x00000000c4f577c8) 
thrown [s\src\hotspot\share\interpreter\linkResolver.cpp, line 771]
Event: 3.444 Thread 0x000002e61c33ffb0 Exception <a 'java/lang/NoSuchMethodError'{0x00000000c4f5af70}: 'long java.lang.invoke.DirectMethodHandle$Holder.invokeStaticInit(java.lang.Object, java.lang.Object, java.lang.Object)'> (0x00000000c4f5af70) 
thrown [s\src\hotspot\share\interpreter\linkResolver.cpp, line 771]
Event: 3.447 Thread 0x000002e61c33ffb0 Exception <a 'java/lang/NoSuchMethodError'{0x00000000c4f72af0}: 'java.lang.Object java.lang.invoke.DirectMethodHandle$Holder.newInvokeSpecial(java.lang.Object, java.lang.Object, long)'> (0x00000000c4f72af0) 
thrown [s\src\hotspot\share\interpreter\linkResolver.cpp, line 771]
Event: 3.447 Thread 0x000002e61c33ffb0 Exception <a 'java/lang/NoSuchMethodError'{0x00000000c4f76660}: 'java.lang.Object java.lang.invoke.Invokers$Holder.linkToTargetMethod(java.lang.Object, long, java.lang.Object)'> (0x00000000c4f76660) 
thrown [s\src\hotspot\share\interpreter\linkResolver.cpp, line 771]
Event: 3.650 Thread 0x000002e61c2a8190 Exception <a 'java/lang/NoSuchMethodError'{0x00000000c4b75840}: 'java.lang.Object java.lang.invoke.DirectMethodHandle$Holder.invokeStaticInit(java.lang.Object, int)'> (0x00000000c4b75840) 
thrown [s\src\hotspot\share\interpreter\linkResolver.cpp, line 771]
Event: 12.573 Thread 0x000002e61c33ffb0 Exception <a 'java/lang/NoSuchMethodError'{0x00000000c4926c08}: 'java.lang.Object java.lang.invoke.DirectMethodHandle$Holder.newInvokeSpecial(java.lang.Object, java.lang.Object, int, int, int, int, int, java.lang.Object)'> (0x00000000c4926c08) 
thrown [s\src\hotspot\share\interpreter\linkResolver.cpp, line 771]
Event: 12.577 Thread 0x000002e61c33ffb0 Exception <a 'java/lang/NoSuchMethodError'{0x00000000c4939be0}: 'java.lang.Object java.lang.invoke.DirectMethodHandle$Holder.newInvokeSpecial(java.lang.Object, java.lang.Object, java.lang.Object, int, int, int, int, int)'> (0x00000000c4939be0) 
thrown [s\src\hotspot\share\interpreter\linkResolver.cpp, line 771]
Event: 12.579 Thread 0x000002e61c33ffb0 Exception <a 'java/lang/NoSuchMethodError'{0x00000000c4941440}: 'java.lang.Object java.lang.invoke.Invokers$Holder.linkToTargetMethod(java.lang.Object, java.lang.Object, int, int, int, int, int, java.lang.Object)'> (0x00000000c4941440) 
thrown [s\src\hotspot\share\interpreter\linkResolver.cpp, line 771]
Event: 28.642 Thread 0x000002e61c33ffb0 Implicit null exception at 0x000002e5ca2a4a75 to 0x000002e5ca2a5098
Event: 28.642 Thread 0x000002e61c33ffb0 Implicit null exception at 0x000002e5ca294cf2 to 0x000002e5ca2952fc
Event: 28.652 Thread 0x000002e61c33ffb0 Exception <a 'java/lang/NoSuchMethodError'{0x00000000c40bb6b0}: 'void java.lang.invoke.DirectMethodHandle$Holder.invokeSpecialIFC(java.lang.Object, java.lang.Object, java.lang.Object)'> (0x00000000c40bb6b0) 
thrown [s\src\hotspot\share\interpreter\linkResolver.cpp, line 771]
Event: 28.747 Thread 0x000002e61c33ffb0 Exception <a 'java/io/FileNotFoundException'{0x00000000c6505cc8}> (0x00000000c6505cc8) 
thrown [s\src\hotspot\share\prims\jni.cpp, line 531]
Event: 28.779 Thread 0x000002e61c33ffb0 Exception <a 'java/lang/ClassNotFoundException'{0x00000000c62f13e8}: com/sun/javafx/scene/control/skin/resources/controls-nt> (0x00000000c62f13e8) 
thrown [s\src\hotspot\share\prims\jni.cpp, line 550]
Event: 28.779 Thread 0x000002e61c33ffb0 Exception <a 'java/lang/ClassNotFoundException'{0x00000000c62f9f38}: com/sun/javafx/scene/control/skin/resources/controls-nt_fr> (0x00000000c62f9f38) 
thrown [s\src\hotspot\share\prims\jni.cpp, line 550]
Event: 28.780 Thread 0x000002e61c33ffb0 Exception <a 'java/lang/ClassNotFoundException'{0x00000000c62fbe68}: com/sun/javafx/scene/control/skin/resources/controls-nt_fr_FR> (0x00000000c62fbe68) 
thrown [s\src\hotspot\share\prims\jni.cpp, line 550]
Event: 31.040 Thread 0x000002e61c33ffb0 Exception <a 'java/io/FileNotFoundException'{0x00000000c7123040}> (0x00000000c7123040) 
thrown [s\src\hotspot\share\prims\jni.cpp, line 531]
Event: 31.044 Thread 0x000002e61c33ffb0 Exception <a 'java/io/FileNotFoundException'{0x00000000c71519c0}> (0x00000000c71519c0) 
thrown [s\src\hotspot\share\prims\jni.cpp, line 531]
Event: 33.471 Thread 0x000002e61c33ffb0 Implicit null exception at 0x000002e5ca4249ea to 0x000002e5ca425180
Event: 52.210 Thread 0x000002e61c33ffb0 Implicit null exception at 0x000002e5ca4b6f61 to 0x000002e5ca4bb29c

VM Operations (20 events):
Event: 50.225 Executing VM operation: G1TryInitiateConcMark
Event: 50.226 Executing VM operation: G1TryInitiateConcMark done
Event: 50.243 Executing VM operation: G1PauseRemark
Event: 50.245 Executing VM operation: G1PauseRemark done
Event: 50.253 Executing VM operation: G1PauseCleanup
Event: 50.253 Executing VM operation: G1PauseCleanup done
Event: 51.254 Executing VM operation: Cleanup
Event: 51.254 Executing VM operation: Cleanup done
Event: 51.820 Executing VM operation: G1TryInitiateConcMark
Event: 51.826 Executing VM operation: G1TryInitiateConcMark done
Event: 51.846 Executing VM operation: G1PauseRemark
Event: 51.857 Executing VM operation: G1PauseRemark done
Event: 51.863 Executing VM operation: G1PauseCleanup
Event: 51.863 Executing VM operation: G1PauseCleanup done
Event: 52.164 Executing VM operation: G1TryInitiateConcMark
Event: 52.167 Executing VM operation: G1TryInitiateConcMark done
Event: 52.190 Executing VM operation: G1PauseRemark
Event: 52.192 Executing VM operation: G1PauseRemark done
Event: 52.200 Executing VM operation: G1PauseCleanup
Event: 52.200 Executing VM operation: G1PauseCleanup done

Events (20 events):
Event: 38.626 Thread 0x000002e5d68de080 flushing nmethod 0x000002e5c3174210
Event: 38.626 Thread 0x000002e5d68de080 flushing nmethod 0x000002e5c3175590
Event: 38.626 Thread 0x000002e5d68de080 flushing nmethod 0x000002e5c3175a90
Event: 38.626 Thread 0x000002e5d68de080 flushing nmethod 0x000002e5c3176f10
Event: 38.626 Thread 0x000002e5d68de080 flushing nmethod 0x000002e5c3177690
Event: 38.626 Thread 0x000002e5d68de080 flushing nmethod 0x000002e5c3178c90
Event: 38.626 Thread 0x000002e5d68de080 flushing nmethod 0x000002e5c3187090
Event: 38.626 Thread 0x000002e5d68de080 flushing nmethod 0x000002e5c3191210
Event: 38.626 Thread 0x000002e5d68de080 flushing nmethod 0x000002e5c3193790
Event: 38.626 Thread 0x000002e5d68de080 flushing nmethod 0x000002e5c31ac190
Event: 38.626 Thread 0x000002e5d68de080 flushing nmethod 0x000002e5c31b4690
Event: 38.626 Thread 0x000002e5d68de080 flushing nmethod 0x000002e5c31b6010
Event: 38.626 Thread 0x000002e5d68de080 flushing nmethod 0x000002e5c31c3110
Event: 38.626 Thread 0x000002e5d68de080 flushing nmethod 0x000002e5c31c3690
Event: 38.626 Thread 0x000002e5d68de080 flushing nmethod 0x000002e5c31cc790
Event: 38.626 Thread 0x000002e5d68de080 flushing nmethod 0x000002e5c31deb10
Event: 38.626 Thread 0x000002e5d68de080 flushing nmethod 0x000002e5c3235910
Event: 38.626 Thread 0x000002e5d68de080 flushing nmethod 0x000002e5c3247690
Event: 38.627 Thread 0x000002e5d68de080 flushing nmethod 0x000002e5c3295990
Event: 38.627 Thread 0x000002e5d68de080 flushing nmethod 0x000002e5c32a2e90


Dynamic libraries:
0x00007ff7ca100000 - 0x00007ff7ca10a000 	C:\Users\39\.jdks\jbr-17.0.12-1\bin\java.exe
0x00007ffbec690000 - 0x00007ffbec888000 	C:\Windows\SYSTEM32\ntdll.dll
0x00007ffbec4d0000 - 0x00007ffbec592000 	C:\Windows\System32\KERNEL32.DLL
0x00007ffbe9dd0000 - 0x00007ffbea0cf000 	C:\Windows\System32\KERNELBASE.dll
0x00007ffbea330000 - 0x00007ffbea430000 	C:\Windows\System32\ucrtbase.dll
0x00007ffbbd720000 - 0x00007ffbbd737000 	C:\Users\39\.jdks\jbr-17.0.12-1\bin\jli.dll
0x00007ffbbd740000 - 0x00007ffbbd75b000 	C:\Users\39\.jdks\jbr-17.0.12-1\bin\VCRUNTIME140.dll
0x00007ffbebf40000 - 0x00007ffbec0dd000 	C:\Windows\System32\USER32.dll
0x00007ffbea680000 - 0x00007ffbea6a2000 	C:\Windows\System32\win32u.dll
0x00007ffbd6c00000 - 0x00007ffbd6e9a000 	C:\Windows\WinSxS\amd64_microsoft.windows.common-controls_6595b64144ccf1df_6.0.19041.4355_none_60b8b9eb71f62e16\COMCTL32.dll
0x00007ffbea720000 - 0x00007ffbea74b000 	C:\Windows\System32\GDI32.dll
0x00007ffbebaf0000 - 0x00007ffbebb8e000 	C:\Windows\System32\msvcrt.dll
0x00007ffbea430000 - 0x00007ffbea54a000 	C:\Windows\System32\gdi32full.dll
0x00007ffbe9d30000 - 0x00007ffbe9dcd000 	C:\Windows\System32\msvcp_win.dll
0x00007ffbeaab0000 - 0x00007ffbeaadf000 	C:\Windows\System32\IMM32.DLL
0x00007ffbc8ca0000 - 0x00007ffbc8cac000 	C:\Users\39\.jdks\jbr-17.0.12-1\bin\vcruntime140_1.dll
0x00007ffbba400000 - 0x00007ffbba48d000 	C:\Users\39\.jdks\jbr-17.0.12-1\bin\msvcp140.dll
0x00007ffb4a330000 - 0x00007ffb4afba000 	C:\Users\39\.jdks\jbr-17.0.12-1\bin\server\jvm.dll
0x00007ffbec5a0000 - 0x00007ffbec64f000 	C:\Windows\System32\ADVAPI32.dll
0x00007ffbebd50000 - 0x00007ffbebdef000 	C:\Windows\System32\sechost.dll
0x00007ffbebdf0000 - 0x00007ffbebf13000 	C:\Windows\System32\RPCRT4.dll
0x00007ffbea550000 - 0x00007ffbea577000 	C:\Windows\System32\bcrypt.dll
0x00007ffbebb90000 - 0x00007ffbebbfb000 	C:\Windows\System32\WS2_32.dll
0x00007ffbe9a70000 - 0x00007ffbe9abb000 	C:\Windows\SYSTEM32\POWRPROF.dll
0x00007ffbe4350000 - 0x00007ffbe435a000 	C:\Windows\SYSTEM32\VERSION.dll
0x00007ffbd9750000 - 0x00007ffbd9777000 	C:\Windows\SYSTEM32\WINMM.dll
0x00007ffbe9a50000 - 0x00007ffbe9a62000 	C:\Windows\SYSTEM32\UMPDC.dll
0x00007ffbe7bb0000 - 0x00007ffbe7bc2000 	C:\Windows\SYSTEM32\kernel.appcore.dll
0x00007ffbc88f0000 - 0x00007ffbc88fa000 	C:\Users\39\.jdks\jbr-17.0.12-1\bin\jimage.dll
0x00007ffbd8040000 - 0x00007ffbd8224000 	C:\Windows\SYSTEM32\DBGHELP.DLL
0x00007ffbd5720000 - 0x00007ffbd5754000 	C:\Windows\SYSTEM32\dbgcore.DLL
0x00007ffbea2a0000 - 0x00007ffbea322000 	C:\Windows\System32\bcryptPrimitives.dll
0x00007ffbbd6f0000 - 0x00007ffbbd715000 	C:\Users\39\.jdks\jbr-17.0.12-1\bin\java.dll
0x00007ffbb03b0000 - 0x00007ffbb0487000 	C:\Users\39\.jdks\jbr-17.0.12-1\bin\jsvml.dll
0x00007ffbeb370000 - 0x00007ffbebadd000 	C:\Windows\System32\SHELL32.dll
0x00007ffbe7db0000 - 0x00007ffbe8554000 	C:\Windows\SYSTEM32\windows.storage.dll
0x00007ffbea750000 - 0x00007ffbeaaa5000 	C:\Windows\System32\combase.dll
0x00007ffbe9690000 - 0x00007ffbe96bf000 	C:\Windows\SYSTEM32\Wldp.dll
0x00007ffbec250000 - 0x00007ffbec31d000 	C:\Windows\System32\OLEAUT32.dll
0x00007ffbeb2c0000 - 0x00007ffbeb36d000 	C:\Windows\System32\SHCORE.dll
0x00007ffbebc60000 - 0x00007ffbebcb5000 	C:\Windows\System32\shlwapi.dll
0x00007ffbe9c60000 - 0x00007ffbe9c84000 	C:\Windows\SYSTEM32\profapi.dll
0x00007ffbbd540000 - 0x00007ffbbd559000 	C:\Users\39\.jdks\jbr-17.0.12-1\bin\net.dll
0x00007ffbe0f60000 - 0x00007ffbe106a000 	C:\Windows\SYSTEM32\WINHTTP.dll
0x00007ffbe93f0000 - 0x00007ffbe945c000 	C:\Windows\system32\mswsock.dll
0x00007ffbbd520000 - 0x00007ffbbd536000 	C:\Users\39\.jdks\jbr-17.0.12-1\bin\nio.dll
0x00007ffbbd4d0000 - 0x00007ffbbd4e8000 	C:\Users\39\.jdks\jbr-17.0.12-1\bin\zip.dll
0x000002e5beeb0000 - 0x000002e5beeb3000 	C:\Users\39\.openjfx\cache\21.0.2+5\amd64\api-ms-win-core-console-l1-1-0.dll
0x000002e5beec0000 - 0x000002e5beec3000 	C:\Users\39\.openjfx\cache\21.0.2+5\amd64\api-ms-win-core-console-l1-2-0.dll
0x000002e5beed0000 - 0x000002e5beed3000 	C:\Users\39\.openjfx\cache\21.0.2+5\amd64\api-ms-win-core-datetime-l1-1-0.dll
0x000002e5beee0000 - 0x000002e5beee3000 	C:\Users\39\.openjfx\cache\21.0.2+5\amd64\api-ms-win-core-debug-l1-1-0.dll
0x000002e5beef0000 - 0x000002e5beef3000 	C:\Users\39\.openjfx\cache\21.0.2+5\amd64\api-ms-win-core-errorhandling-l1-1-0.dll
0x000002e5d6fe0000 - 0x000002e5d6fe4000 	C:\Users\39\.openjfx\cache\21.0.2+5\amd64\api-ms-win-core-file-l1-1-0.dll
0x000002e5d6ff0000 - 0x000002e5d6ff3000 	C:\Users\39\.openjfx\cache\21.0.2+5\amd64\api-ms-win-core-file-l1-2-0.dll
0x000002e61c800000 - 0x000002e61c803000 	C:\Users\39\.openjfx\cache\21.0.2+5\amd64\api-ms-win-core-file-l2-1-0.dll
0x000002e61c810000 - 0x000002e61c813000 	C:\Users\39\.openjfx\cache\21.0.2+5\amd64\api-ms-win-core-handle-l1-1-0.dll
0x000002e61c820000 - 0x000002e61c823000 	C:\Users\39\.openjfx\cache\21.0.2+5\amd64\api-ms-win-core-heap-l1-1-0.dll
0x000002e61c830000 - 0x000002e61c833000 	C:\Users\39\.openjfx\cache\21.0.2+5\amd64\api-ms-win-core-interlocked-l1-1-0.dll
0x000002e61c840000 - 0x000002e61c843000 	C:\Users\39\.openjfx\cache\21.0.2+5\amd64\api-ms-win-core-libraryloader-l1-1-0.dll
0x000002e61c850000 - 0x000002e61c853000 	C:\Users\39\.openjfx\cache\21.0.2+5\amd64\api-ms-win-core-localization-l1-2-0.dll
0x000002e61c860000 - 0x000002e61c863000 	C:\Users\39\.openjfx\cache\21.0.2+5\amd64\api-ms-win-core-memory-l1-1-0.dll
0x000002e61c870000 - 0x000002e61c873000 	C:\Users\39\.openjfx\cache\21.0.2+5\amd64\api-ms-win-core-namedpipe-l1-1-0.dll
0x000002e61c880000 - 0x000002e61c883000 	C:\Users\39\.openjfx\cache\21.0.2+5\amd64\api-ms-win-core-processenvironment-l1-1-0.dll
0x000002e61c890000 - 0x000002e61c893000 	C:\Users\39\.openjfx\cache\21.0.2+5\amd64\api-ms-win-core-processthreads-l1-1-0.dll
0x000002e61c8a0000 - 0x000002e61c8a3000 	C:\Users\39\.openjfx\cache\21.0.2+5\amd64\api-ms-win-core-processthreads-l1-1-1.dll
0x000002e61c8b0000 - 0x000002e61c8b3000 	C:\Users\39\.openjfx\cache\21.0.2+5\amd64\api-ms-win-core-profile-l1-1-0.dll
0x000002e61c8c0000 - 0x000002e61c8c3000 	C:\Users\39\.openjfx\cache\21.0.2+5\amd64\api-ms-win-core-rtlsupport-l1-1-0.dll
0x000002e61c8d0000 - 0x000002e61c8d3000 	C:\Users\39\.openjfx\cache\21.0.2+5\amd64\api-ms-win-core-string-l1-1-0.dll
0x000002e61c8e0000 - 0x000002e61c8e3000 	C:\Users\39\.openjfx\cache\21.0.2+5\amd64\api-ms-win-core-synch-l1-1-0.dll
0x000002e61c8f0000 - 0x000002e61c8f3000 	C:\Users\39\.openjfx\cache\21.0.2+5\amd64\api-ms-win-core-synch-l1-2-0.dll
0x000002e61c900000 - 0x000002e61c903000 	C:\Users\39\.openjfx\cache\21.0.2+5\amd64\api-ms-win-core-sysinfo-l1-1-0.dll
0x000002e61c910000 - 0x000002e61c913000 	C:\Users\39\.openjfx\cache\21.0.2+5\amd64\api-ms-win-core-timezone-l1-1-0.dll
0x000002e61c920000 - 0x000002e61c923000 	C:\Users\39\.openjfx\cache\21.0.2+5\amd64\api-ms-win-core-util-l1-1-0.dll
0x000002e61c930000 - 0x000002e61c933000 	C:\Users\39\.openjfx\cache\21.0.2+5\amd64\api-ms-win-crt-conio-l1-1-0.dll
0x000002e61c940000 - 0x000002e61c944000 	C:\Users\39\.openjfx\cache\21.0.2+5\amd64\api-ms-win-crt-convert-l1-1-0.dll
0x000002e61c950000 - 0x000002e61c953000 	C:\Users\39\.openjfx\cache\21.0.2+5\amd64\api-ms-win-crt-environment-l1-1-0.dll
0x000002e61c960000 - 0x000002e61c963000 	C:\Users\39\.openjfx\cache\21.0.2+5\amd64\api-ms-win-crt-filesystem-l1-1-0.dll
0x000002e61c970000 - 0x000002e61c973000 	C:\Users\39\.openjfx\cache\21.0.2+5\amd64\api-ms-win-crt-heap-l1-1-0.dll
0x000002e61c980000 - 0x000002e61c983000 	C:\Users\39\.openjfx\cache\21.0.2+5\amd64\api-ms-win-crt-locale-l1-1-0.dll
0x000002e61c990000 - 0x000002e61c995000 	C:\Users\39\.openjfx\cache\21.0.2+5\amd64\api-ms-win-crt-math-l1-1-0.dll
0x000002e61c9a0000 - 0x000002e61c9a5000 	C:\Users\39\.openjfx\cache\21.0.2+5\amd64\api-ms-win-crt-multibyte-l1-1-0.dll
0x000002e61c9b0000 - 0x000002e61c9c0000 	C:\Users\39\.openjfx\cache\21.0.2+5\amd64\api-ms-win-crt-private-l1-1-0.dll
0x000002e61c9c0000 - 0x000002e61c9c3000 	C:\Users\39\.openjfx\cache\21.0.2+5\amd64\api-ms-win-crt-process-l1-1-0.dll
0x000002e61c9d0000 - 0x000002e61c9d4000 	C:\Users\39\.openjfx\cache\21.0.2+5\amd64\api-ms-win-crt-runtime-l1-1-0.dll
0x000002e61c9e0000 - 0x000002e61c9e4000 	C:\Users\39\.openjfx\cache\21.0.2+5\amd64\api-ms-win-crt-stdio-l1-1-0.dll
0x000002e61c9f0000 - 0x000002e61c9f4000 	C:\Users\39\.openjfx\cache\21.0.2+5\amd64\api-ms-win-crt-string-l1-1-0.dll
0x000002e61ca00000 - 0x000002e61ca03000 	C:\Users\39\.openjfx\cache\21.0.2+5\amd64\api-ms-win-crt-time-l1-1-0.dll
0x000002e61ca10000 - 0x000002e61ca13000 	C:\Users\39\.openjfx\cache\21.0.2+5\amd64\api-ms-win-crt-utility-l1-1-0.dll
0x00007ffbaff40000 - 0x00007ffbb003c000 	C:\Users\39\.openjfx\cache\21.0.2+5\amd64\ucrtbase.dll
0x00007ffbbce70000 - 0x00007ffbbce8b000 	C:\Users\39\.openjfx\cache\21.0.2+5\amd64\vcruntime140.dll
0x00007ffbc09e0000 - 0x00007ffbc09ec000 	C:\Users\39\.openjfx\cache\21.0.2+5\amd64\vcruntime140_1.dll
0x00007ffbb8cf0000 - 0x00007ffbb8d7e000 	C:\Users\39\.openjfx\cache\21.0.2+5\amd64\msvcp140.dll
0x00007ffbc0080000 - 0x00007ffbc0089000 	C:\Users\39\.openjfx\cache\21.0.2+5\amd64\msvcp140_1.dll
0x00007ffbbcb50000 - 0x00007ffbbcb91000 	C:\Users\39\.openjfx\cache\21.0.2+5\amd64\msvcp140_2.dll
0x00007ffbbc820000 - 0x00007ffbbc850000 	C:\Users\39\.openjfx\cache\21.0.2+5\amd64\prism_d3d.dll
0x00007ffbda3a0000 - 0x00007ffbda571000 	C:\Windows\system32\d3d9.dll
0x00007ffbe78b0000 - 0x00007ffbe78df000 	C:\Windows\SYSTEM32\dwmapi.dll
0x00007ffbe7680000 - 0x00007ffbe771e000 	C:\Windows\system32\uxtheme.dll
0x00007ffbbc680000 - 0x00007ffbbc7e5000 	C:\Windows\System32\DriverStore\FileRepository\iigd_dch.inf_amd64_4b31d9b38e2bb506\igdumdim64.dll
0x00007ffbeafc0000 - 0x00007ffbeb0eb000 	C:\Windows\System32\ole32.dll
0x00007ffb5aa00000 - 0x00007ffb5e68b000 	C:\Windows\System32\DriverStore\FileRepository\iigd_dch.inf_amd64_4b31d9b38e2bb506\igd9dxva64.dll
0x00007ffbeab40000 - 0x00007ffbeafb1000 	C:\Windows\System32\SETUPAPI.dll
0x00007ffbea630000 - 0x00007ffbea67e000 	C:\Windows\System32\cfgmgr32.dll
0x00007ffbdd470000 - 0x00007ffbdd7a6000 	C:\Windows\System32\DriverStore\FileRepository\iigd_dch.inf_amd64_4b31d9b38e2bb506\igdgmm64.dll
0x00007ffbbc170000 - 0x00007ffbbc1b2000 	C:\Users\39\.openjfx\cache\21.0.2+5\amd64\glass.dll
0x00007ffbec170000 - 0x00007ffbec24a000 	C:\Windows\System32\COMDLG32.dll
0x00007ffbeb1a0000 - 0x00007ffbeb2b5000 	C:\Windows\System32\MSCTF.dll
0x00007ffb98ff0000 - 0x00007ffb99017000 	C:\Windows\System32\DriverStore\FileRepository\iigd_dch.inf_amd64_4b31d9b38e2bb506\igdinfo64.dll
0x00007ffbe95f0000 - 0x00007ffbe9608000 	C:\Windows\SYSTEM32\CRYPTSP.dll
0x00007ffbe8d10000 - 0x00007ffbe8d44000 	C:\Windows\system32\rsaenh.dll
0x00007ffbe95e0000 - 0x00007ffbe95ec000 	C:\Windows\SYSTEM32\CRYPTBASE.dll
0x00007ffbda6e0000 - 0x00007ffbdd46f000 	C:\Windows\System32\DriverStore\FileRepository\iigd_dch.inf_amd64_4b31d9b38e2bb506\igc64.dll
0x00007ffbdf240000 - 0x00007ffbdf27b000 	C:\Windows\SYSTEM32\dxcore.dll
0x00007ffbe9110000 - 0x00007ffbe91da000 	C:\Windows\SYSTEM32\DNSAPI.dll
0x00007ffbe90d0000 - 0x00007ffbe910b000 	C:\Windows\SYSTEM32\IPHLPAPI.DLL
0x00007ffbebae0000 - 0x00007ffbebae8000 	C:\Windows\System32\NSI.dll
0x00007ffbe1bf0000 - 0x00007ffbe1bfa000 	C:\Windows\System32\rasadhlp.dll
0x00007ffbdd7b0000 - 0x00007ffbdd830000 	C:\Windows\System32\fwpuclnt.dll
0x00007ffbbe1a0000 - 0x00007ffbbe1a9000 	C:\Users\39\.jdks\jbr-17.0.12-1\bin\extnet.dll
0x00007ffbbce50000 - 0x00007ffbbce64000 	C:\Users\39\.openjfx\cache\21.0.2+5\amd64\javafx_font.dll
0x00007ffbceb60000 - 0x00007ffbceddf000 	C:\Windows\SYSTEM32\dwrite.dll
0x00007ffbafa30000 - 0x00007ffbafbca000 	C:\Users\39\.jdks\jbr-17.0.12-1\bin\awt.dll
0x00007ffbba8c0000 - 0x00007ffbba904000 	C:\Users\39\.jdks\jbr-17.0.12-1\bin\nvdaControllerClient64.dll
0x00007ffbe5200000 - 0x00007ffbe5294000 	C:\Windows\SYSTEM32\apphelp.dll
0x00007ffbb6f20000 - 0x00007ffbb6fa7000 	C:\Users\39\.jdks\jbr-17.0.12-1\bin\freetype.dll
0x00007ffbafdd0000 - 0x00007ffbafeb5000 	C:\Users\39\.jdks\jbr-17.0.12-1\bin\fontmanager.dll
0x00007ffbeb0f0000 - 0x00007ffbeb199000 	C:\Windows\System32\clbcatq.dll
0x00007ffbe7440000 - 0x00007ffbe75f4000 	C:\Windows\SYSTEM32\WindowsCodecs.dll

dbghelp: loaded successfully - version: 4.0.5 - missing functions: none
symbol engine: initialized successfully - sym options: 0x614 - pdb path: .;C:\Users\39\.jdks\jbr-17.0.12-1\bin;C:\Windows\SYSTEM32;C:\Windows\WinSxS\amd64_microsoft.windows.common-controls_6595b64144ccf1df_6.0.19041.4355_none_60b8b9eb71f62e16;C:\Users\39\.jdks\jbr-17.0.12-1\bin\server;C:\Users\39\.openjfx\cache\21.0.2+5\amd64;C:\Windows\System32\DriverStore\FileRepository\iigd_dch.inf_amd64_4b31d9b38e2bb506;C:\Program Files\Common Files\Microsoft Shared\Ink

VM Arguments:
jvm_args: --module-path=C:\Users\39\.m2\repository\org\openjfx\javafx-base\21.0.2\javafx-base-21.0.2-win.jar;C:\Users\39\.m2\repository\org\openjfx\javafx-base\21.0.2\javafx-base-21.0.2.jar;C:\Users\39\.m2\repository\org\openjfx\javafx-controls\21.0.2\javafx-controls-21.0.2-win.jar;C:\Users\39\.m2\repository\org\openjfx\javafx-controls\21.0.2\javafx-controls-21.0.2.jar;C:\Users\39\.m2\repository\org\openjfx\javafx-fxml\21.0.2\javafx-fxml-21.0.2-win.jar;C:\Users\39\.m2\repository\org\openjfx\javafx-fxml\21.0.2\javafx-fxml-21.0.2.jar;C:\Users\39\.m2\repository\org\openjfx\javafx-graphics\21.0.2\javafx-graphics-21.0.2-win.jar;C:\Users\39\.m2\repository\org\openjfx\javafx-graphics\21.0.2\javafx-graphics-21.0.2.jar;C:\Users\39\.m2\repository\org\openjfx\javafx-media\21.0.2\javafx-media-21.0.2-win.jar;C:\Users\39\.m2\repository\org\openjfx\javafx-media\21.0.2\javafx-media-21.0.2.jar;C:\Users\39\.m2\repository\org\openjfx\javafx-swing\21.0.2\javafx-swing-21.0.2-win.jar;C:\Users\39\.m2\repository\org\openjfx\javafx-swing\21.0.2\javafx-swing-21.0.2.jar;C:\Users\39\.m2\repository\org\openjfx\javafx-web\21.0.2\javafx-web-21.0.2-win.jar;C:\Users\39\.m2\repository\org\openjfx\javafx-web\21.0.2\javafx-web-21.0.2.jar --add-modules=javafx.base,javafx.controls,javafx.fxml,javafx.graphics,javafx.media,javafx.swing,javafx.web 
java_command: org.gymify.tests.MainApp
java_class_path (initial): C:\Users\39\Documents\GitHub\DevAthletes\DevAthletes\gymify\target\classes;C:\Users\39\.m2\repository\com\fasterxml\jackson\core\jackson-annotations\2.15.2\jackson-annotations-2.15.2.jar;C:\Users\39\.m2\repository\com\fasterxml\jackson\core\jackson-core\2.13.3\jackson-core-2.13.3.jar;C:\Users\39\.m2\repository\com\fasterxml\jackson\core\jackson-databind\2.15.2\jackson-databind-2.15.2.jar;C:\Users\39\.m2\repository\com\fasterxml\woodstox\woodstox-core\5.1.0\woodstox-core-5.1.0.jar;C:\Users\39\.m2\repository\com\google\api-client\google-api-client\2.0.0\google-api-client-2.0.0.jar;C:\Users\39\.m2\repository\com\google\apis\google-api-services-calendar\v3-rev20220715-2.0.0\google-api-services-calendar-v3-rev20220715-2.0.0.jar;C:\Users\39\.m2\repository\com\google\code\findbugs\jsr305\3.0.2\jsr305-3.0.2.jar;C:\Users\39\.m2\repository\com\google\code\gson\gson\2.9.0\gson-2.9.0.jar;C:\Users\39\.m2\repository\com\google\errorprone\error_prone_annotations\2.11.0\error_prone_annotations-2.11.0.jar;C:\Users\39\.m2\repository\com\google\guava\failureaccess\1.0.1\failureaccess-1.0.1.jar;C:\Users\39\.m2\repository\com\google\guava\guava\31.1-jre\guava-31.1-jre.jar;C:\Users\39\.m2\repository\com\google\guava\listenablefuture\9999.0-empty-to-avoid-conflict-with-guava\listenablefuture-9999.0-empty-to-avoid-conflict-with-guava.jar;C:\Users\39\.m2\repository\com\google\http-client\google-http-client\1.42.0\google-http-client-1.42.0.jar;C:\Users\39\.m2\repository\com\google\http-client\google-http-client-apache-v2\1.42.1\google-http-client-apache-v2-1.42.1.jar;C:\Users\39\.m2\repository\com\google\http-client\google-http-client-gson\1.42.1\google-http-client-gson-1.42.1.jar;C:\Users\39\.m2\repository\com\google\http-client\google-http-client-jackson2\1.42.0\google-http-client-jackson2-1.42.0.jar;C:\Users\39\.m2\repository\com\google\j2objc\j2objc-annotations\1.3\j2objc-annotations-1.3.jar;C:\Users\39\.m2\repository\com\google\oauth-client\google-oauth-clie
Launcher Type: SUN_STANDARD

[Global flags]
     intx CICompilerCount                          = 4                                         {product} {ergonomic}
     uint ConcGCThreads                            = 2                                         {product} {ergonomic}
     uint G1ConcRefinementThreads                  = 8                                         {product} {ergonomic}
   size_t G1HeapRegionSize                         = 1048576                                   {product} {ergonomic}
    uintx GCDrainStackTargetSize                   = 64                                        {product} {ergonomic}
   size_t InitialHeapSize                          = 65011712                                  {product} {ergonomic}
   size_t MarkStackSize                            = 4194304                                   {product} {ergonomic}
   size_t MaxHeapSize                              = 1031798784                                {product} {ergonomic}
   size_t MaxNewSize                               = 618659840                                 {product} {ergonomic}
   size_t MinHeapDeltaBytes                        = 1048576                                   {product} {ergonomic}
   size_t MinHeapSize                              = 8388608                                   {product} {ergonomic}
    uintx NonNMethodCodeHeapSize                   = 5839372                                {pd product} {ergonomic}
    uintx NonProfiledCodeHeapSize                  = 122909434                              {pd product} {ergonomic}
    uintx ProfiledCodeHeapSize                     = 122909434                              {pd product} {ergonomic}
    uintx ReservedCodeCacheSize                    = 251658240                              {pd product} {ergonomic}
     bool SegmentedCodeCache                       = true                                      {product} {ergonomic}
   size_t SoftMaxHeapSize                          = 1031798784                             {manageable} {ergonomic}
     bool UseCompressedClassPointers               = true                           {product lp64_product} {ergonomic}
     bool UseCompressedOops                        = true                           {product lp64_product} {ergonomic}
     bool UseG1GC                                  = true                                      {product} {ergonomic}
     bool UseLargePagesIndividualAllocation        = false                                  {pd product} {ergonomic}

Logging:
Log output configuration:
 #0: stdout all=warning uptime,level,tags
 #1: stderr all=off uptime,level,tags

Environment Variables:
PATH=C:\oraclexe\app\oracle\product\11.2.0\server\bin;C:\Users\39\.jdks\jbr-17.0.12-1\bin;C:\Program Files (x86)\VMware\VMware Workstation\bin\;C:\Users\39\.jdks\jbr-17.0.12\bin;C:\Windows\system32;C:\Windows;C:\Windows\System32\Wbem;C:\Windows\System32\WindowsPowerShell\v1.0\;C:\Windows\System32\OpenSSH\;C:\xampp\php;C:\composer;C:\Program Files\Git\cmd;C:\Program Files (x86)\CodeBlocks\MinGW\bin;C:\Program Files (x86)\GnuWin32\bin;C:\Program Files\Apache\Maven\apache-maven-3.8.8\bin;C:\Users\39\scoop\shims;C:\Users\39\AppData\Local\Microsoft\WindowsApps;C:\Users\39\AppData\Roaming\Composer\vendor\bin;C:\Users\39\AppData\Local\Programs\Microsoft VS Code\bin;C:\Users\39\AppData\Local\GitHubDesktop\bin
USERNAME=39
OS=Windows_NT
PROCESSOR_IDENTIFIER=Intel64 Family 6 Model 142 Stepping 12, GenuineIntel
TMP=C:\Users\39\AppData\Local\Temp
TEMP=C:\Users\39\AppData\Local\Temp



Periodic native trim disabled

JNI global refs:
JNI global refs: 107, weak refs: 8

JNI global refs memory usage: 1475, weak refs: 841

Process memory usage:
Resident Set Size: 385656K (9% of 4024112K total physical memory with 217140K free physical memory)

OOME stack traces (most recent first):
Classloader memory used:
Loader jdk.internal.loader.ClassLoaders$AppClassLoader                                 : 2370K
Loader bootstrap                                                                       : 1165K
Loader jdk.internal.loader.ClassLoaders$PlatformClassLoader                            : 47626B
Loader jdk.internal.reflect.DelegatingClassLoader                                      : 12742B
Loader com.sun.javafx.reflect.MethodUtil                                               : 510B


---------------  S Y S T E M  ---------------

OS:
 Windows 10 , 64 bit Build 19041 (10.0.19041.5438)
OS uptime: 0 days 6:57 hours

CPU: total 8 (initial active 8) (4 cores per cpu, 2 threads per core) family 6 model 142 stepping 12 microcode 0xde, cx8, cmov, fxsr, ht, mmx, 3dnowpref, sse, sse2, sse3, ssse3, sse4.1, sse4.2, popcnt, lzcnt, tsc, tscinvbit, avx, avx2, aes, erms, clmul, bmi1, bmi2, adx, fma, vzeroupper, clflush, clflushopt
Processor Information for processor 0
  Max Mhz: 2112, Current Mhz: 1408, Mhz Limit: 1605
Processor Information for processor 1
  Max Mhz: 2112, Current Mhz: 1609, Mhz Limit: 1605
Processor Information for processor 2
  Max Mhz: 2112, Current Mhz: 1408, Mhz Limit: 1605
Processor Information for processor 3
  Max Mhz: 2112, Current Mhz: 1408, Mhz Limit: 1605
Processor Information for processor 4
  Max Mhz: 2112, Current Mhz: 1609, Mhz Limit: 1605
Processor Information for processor 5
  Max Mhz: 2112, Current Mhz: 1609, Mhz Limit: 1605
Processor Information for processor 6
  Max Mhz: 2112, Current Mhz: 1408, Mhz Limit: 1605
Processor Information for processor 7
  Max Mhz: 2112, Current Mhz: 1609, Mhz Limit: 1605

Memory: 4k page, system-wide physical 3929M (213M free)
TotalPageFile size 16217M (AvailPageFile size 0M)
current process WorkingSet (physical memory assigned to process): 376M, peak: 420M
current process commit charge ("private bytes"): 535M, peak: 563M

vm_info: OpenJDK 64-Bit Server VM (17.0.12+1-b1207.37) for windows-amd64 JRE (17.0.12+1-b1207.37), built on 2024-09-25 by "builduser" with MS VC++ 16.10 / 16.11 (VS2019)

END.
