#
# There is insufficient memory for the Java Runtime Environment to continue.
# Native memory allocation (mmap) failed to map 60817408 bytes. Error detail: G1 virtual space
# Possible reasons:
#   The system is out of physical RAM or swap space
#   This process is running with CompressedOops enabled, and the Java Heap may be blocking the growth of the native heap
# Possible solutions:
#   Reduce memory load on the system
#   Increase physical memory or swap space
#   Check if swap backing store is full
#   Decrease Java heap size (-Xmx/-Xms)
#   Decrease number of Java threads
#   Decrease Java thread stack sizes (-Xss)
#   Set larger code cache with -XX:ReservedCodeCacheSize=
#   JVM is running with Unscaled Compressed Oops mode in which the Java heap is
#     placed in the first 4GB address space. The Java Heap base address is the
#     maximum limit for the native heap growth. Please use -XX:HeapBaseMinAddress
#     to set the Java Heap base and to place the Java Heap above 4GB virtual address.
# This output file may be truncated or incomplete.
#
#  Out of Memory Error (os_windows.cpp:3830), pid=10132, tid=16424
#
# JRE version: OpenJDK Runtime Environment JBR-17.0.14+1-1367.22-nomod (17.0.14+1) (build 17.0.14+1-b1367.22)
# Java VM: OpenJDK 64-Bit Server VM JBR-17.0.14+1-1367.22-nomod (17.0.14+1-b1367.22, mixed mode, sharing, tiered, compressed oops, compressed class ptrs, g1 gc, windows-amd64)
# No core dump will be written. Minidumps are not enabled by default on client versions of Windows
#

---------------  S U M M A R Y ------------

Command Line: -Dmaven.multiModuleProjectDirectory=C:\Users\39\Documents\GitHub\DevAthletes\DevAthletes\gymify -Djansi.passthrough=true -Dmaven.home=C:\Program Files\JetBrains\IntelliJ IDEA 2024.2.2\plugins\maven\lib\maven3 -Dclassworlds.conf=C:\Program Files\JetBrains\IntelliJ IDEA 2024.2.2\plugins\maven\lib\maven3\bin\m2.conf -Dmaven.ext.class.path=C:\Program Files\JetBrains\IntelliJ IDEA 2024.2.2\plugins\maven\lib\maven-event-listener.jar -javaagent:C:\Program Files\JetBrains\IntelliJ IDEA 2024.2.2\lib\idea_rt.jar=59058:C:\Program Files\JetBrains\IntelliJ IDEA 2024.2.2\bin -Dfile.encoding=UTF-8 org.codehaus.classworlds.Launcher -Didea.version=2024.2.2 org.openjfx:javafx-maven-plugin:0.0.8:run

Host: Intel(R) Core(TM) i5-10210U CPU @ 1.60GHz, 8 cores, 3G,  Windows 10 , 64 bit Build 19041 (10.0.19041.5438)
Time: Tue Mar 25 18:15:18 2025 Paris, Madrid elapsed time: 6.049225 seconds (0d 0h 0m 6s)

---------------  T H R E A D  ---------------

Current thread (0x000002c77da8b000):  VMThread "VM Thread" [stack: 0x000000dc24500000,0x000000dc24600000] [id=16424]

Stack: [0x000000dc24500000,0x000000dc24600000]
Native frames: (J=compiled Java code, j=interpreted, Vv=VM code, C=native code)
V  [jvm.dll+0x68b969]  os::platform_print_native_stack+0xd9  (os_windows_x86.cpp:235)
V  [jvm.dll+0x84572a]  VMError::report+0xc6a  (vmError.cpp:868)
V  [jvm.dll+0x8473ae]  VMError::report_and_die+0x78e  (vmError.cpp:1766)
V  [jvm.dll+0x847a13]  VMError::report_and_die+0x43  (vmError.cpp:1552)
V  [jvm.dll+0x24a83f]  report_vm_out_of_memory+0x8f  (debug.cpp:321)
V  [jvm.dll+0x688629]  os::pd_commit_memory_or_exit+0xc9  (os_windows.cpp:3838)
V  [jvm.dll+0x67cf3a]  os::commit_memory_or_exit+0x2a  (os.cpp:1768)
V  [jvm.dll+0x30b83b]  G1PageBasedVirtualSpace::commit+0x19b  (g1PageBasedVirtualSpace.cpp:204)
V  [jvm.dll+0x312d26]  G1RegionsLargerThanCommitSizeMapper::commit_regions+0x96  (g1RegionToSpaceMapper.cpp:100)
V  [jvm.dll+0x3630fe]  HeapRegionManager::expand_any+0xee  (heapRegionManager.cpp:363)
V  [jvm.dll+0x36333f]  HeapRegionManager::expand_by+0x7f  (heapRegionManager.cpp:380)
V  [jvm.dll+0x2e18cc]  G1CollectedHeap::expand+0xbc  (g1CollectedHeap.cpp:1292)
V  [jvm.dll+0x2dfc8f]  G1CollectedHeap::do_collection_pause_at_safepoint_helper+0x8bf  (g1CollectedHeap.cpp:3094)
V  [jvm.dll+0x2df3bc]  G1CollectedHeap::do_collection_pause_at_safepoint+0x5c  (g1CollectedHeap.cpp:2898)
V  [jvm.dll+0x323a7b]  VM_G1CollectForAllocation::doit+0x6b  (g1VMOperations.cpp:147)
V  [jvm.dll+0x84c11d]  VM_Operation::evaluate+0xfd  (vmOperations.cpp:73)
V  [jvm.dll+0x84ce62]  VMThread::evaluate_operation+0xd2  (vmThread.cpp:269)
V  [jvm.dll+0x84d38f]  VMThread::inner_execute+0x1af  (vmThread.cpp:417)
V  [jvm.dll+0x84d774]  VMThread::loop+0x254  (vmThread.cpp:481)
V  [jvm.dll+0x84d840]  VMThread::run+0x70  (vmThread.cpp:167)
V  [jvm.dll+0x7f3a1c]  Thread::call_run+0x8c  (thread.cpp:405)
V  [jvm.dll+0x68a7c7]  thread_native_entry+0x77  (os_windows.cpp:551)
C  [ucrtbase.dll+0x21bb2]
C  [KERNEL32.DLL+0x17374]
C  [ntdll.dll+0x4cc91]

VM_Operation (0x000000dc23ffa900): G1CollectForAllocation, mode: safepoint, requested by thread 0x000002c77512f200


---------------  P R O C E S S  ---------------

Threads class SMR info:
_java_thread_list=0x000002c77edc5940, length=14, elements={
0x000002c77512f200, 0x000002c77da8e690, 0x000002c77da8f510, 0x000002c77daa2350,
0x000002c77daa4e20, 0x000002c77daa57e0, 0x000002c77daa89c0, 0x000002c77daadc70,
0x000002c77dab8740, 0x000002c77dab9140, 0x000002c77de11100, 0x000002c77de0f2a0,
0x000002c77de0f7b0, 0x000002c77de0e370
}

Java Threads: ( => current thread )
  0x000002c77512f200 JavaThread "main" [_thread_blocked, id=912, stack(0x000000dc23f00000,0x000000dc24000000)]
  0x000002c77da8e690 JavaThread "Reference Handler" daemon [_thread_blocked, id=5540, stack(0x000000dc24600000,0x000000dc24700000)]
  0x000002c77da8f510 JavaThread "Finalizer" daemon [_thread_blocked, id=19812, stack(0x000000dc24700000,0x000000dc24800000)]
  0x000002c77daa2350 JavaThread "Signal Dispatcher" daemon [_thread_blocked, id=2628, stack(0x000000dc24800000,0x000000dc24900000)]
  0x000002c77daa4e20 JavaThread "Attach Listener" daemon [_thread_blocked, id=8764, stack(0x000000dc24900000,0x000000dc24a00000)]
  0x000002c77daa57e0 JavaThread "Service Thread" daemon [_thread_blocked, id=1724, stack(0x000000dc24a00000,0x000000dc24b00000)]
  0x000002c77daa89c0 JavaThread "Monitor Deflation Thread" daemon [_thread_blocked, id=3364, stack(0x000000dc24b00000,0x000000dc24c00000)]
  0x000002c77daadc70 JavaThread "C2 CompilerThread0" daemon [_thread_blocked, id=8236, stack(0x000000dc24c00000,0x000000dc24d00000)]
  0x000002c77dab8740 JavaThread "C1 CompilerThread0" daemon [_thread_blocked, id=12640, stack(0x000000dc24d00000,0x000000dc24e00000)]
  0x000002c77dab9140 JavaThread "Sweeper thread" daemon [_thread_blocked, id=20020, stack(0x000000dc24e00000,0x000000dc24f00000)]
  0x000002c77de11100 JavaThread "Common-Cleaner" daemon [_thread_blocked, id=18632, stack(0x000000dc24f00000,0x000000dc25000000)]
  0x000002c77de0f2a0 JavaThread "Monitor Ctrl-Break" daemon [_thread_in_native, id=5588, stack(0x000000dc25000000,0x000000dc25100000)]
  0x000002c77de0f7b0 JavaThread "Notification Thread" daemon [_thread_blocked, id=2580, stack(0x000000dc25100000,0x000000dc25200000)]
  0x000002c77de0e370 JavaThread "Thread-1" daemon [_thread_blocked, id=1300, stack(0x000000dc25a00000,0x000000dc25b00000)]

Other Threads:
=>0x000002c77da8b000 VMThread "VM Thread" [stack: 0x000000dc24500000,0x000000dc24600000] [id=16424]
  0x000002c77de8c9c0 WatcherThread [stack: 0x000000dc25200000,0x000000dc25300000] [id=5996]
  0x000002c77516ac20 GCTaskThread "GC Thread#0" [stack: 0x000000dc24000000,0x000000dc24100000] [id=12476]
  0x000002c77df92710 GCTaskThread "GC Thread#1" [stack: 0x000000dc25300000,0x000000dc25400000] [id=12892]
  0x000002c77e42c2d0 GCTaskThread "GC Thread#2" [stack: 0x000000dc25400000,0x000000dc25500000] [id=10440]
  0x000002c77e9856d0 GCTaskThread "GC Thread#3" [stack: 0x000000dc25500000,0x000000dc25600000] [id=14076]
  0x000002c77e985990 GCTaskThread "GC Thread#4" [stack: 0x000000dc25600000,0x000000dc25700000] [id=6292]
  0x000002c77e985c50 GCTaskThread "GC Thread#5" [stack: 0x000000dc25700000,0x000000dc25800000] [id=20404]
  0x000002c77e987f20 GCTaskThread "GC Thread#6" [stack: 0x000000dc25800000,0x000000dc25900000] [id=12504]
  0x000002c77eb55af0 GCTaskThread "GC Thread#7" [stack: 0x000000dc25900000,0x000000dc25a00000] [id=20396]
  0x000002c775173670 ConcurrentGCThread "G1 Main Marker" [stack: 0x000000dc24100000,0x000000dc24200000] [id=13724]
  0x000002c7751760a0 ConcurrentGCThread "G1 Conc#0" [stack: 0x000000dc24200000,0x000000dc24300000] [id=3896]
  0x000002c77f74ace0 ConcurrentGCThread "G1 Conc#1" [stack: 0x000000dc25b00000,0x000000dc25c00000] [id=7260]
  0x000002c7751c8170 ConcurrentGCThread "G1 Refine#0" [stack: 0x000000dc24300000,0x000000dc24400000] [id=20000]
  0x000002c77f8f4fe0 ConcurrentGCThread "G1 Refine#1" [stack: 0x000000dc25c00000,0x000000dc25d00000] [id=1164]
  0x000002c77f6bfcd0 ConcurrentGCThread "G1 Refine#2" [stack: 0x000000dc25d00000,0x000000dc25e00000] [id=19496]
  0x000002c77e8ab8d0 ConcurrentGCThread "G1 Refine#3" [stack: 0x000000dc25e00000,0x000000dc25f00000] [id=19240]
  0x000002c7751c8ba0 ConcurrentGCThread "G1 Service" [stack: 0x000000dc24400000,0x000000dc24500000] [id=15284]

Threads with active compile tasks:
C2 CompilerThread0     6227 7857       4       com.sun.tools.javac.comp.Attr::check (219 bytes)
C1 CompilerThread0     6227 7990       2       com.sun.tools.javac.code.Types::returnTypeSubstitutable (41 bytes)

VM state: at safepoint (normal execution)

VM Mutex/Monitor currently owned by a thread:  ([mutex/lock_event])
[0x000002c77512b510] Threads_lock - owner thread: 0x000002c77da8b000
[0x000002c775129bc0] Heap_lock - owner thread: 0x000002c77512f200

Heap address: 0x00000000c2800000, size: 984 MB, Compressed Oops mode: 32-bit

CDS archive(s) mapped at: [0x000002c70f000000-0x000002c70fc00000-0x000002c70fc00000), size 12582912, SharedBaseAddress: 0x000002c70f000000, ArchiveRelocationMode: 1.
Compressed class space mapped at: 0x000002c710000000-0x000002c750000000, reserved size: 1073741824
Narrow klass base: 0x000002c70f000000, Narrow klass shift: 0, Narrow klass range: 0x100000000

GC Precious Log:
 CPUs: 8 total, 8 available
 Memory: 3929M
 Large Page Support: Disabled
 NUMA Support: Disabled
 Compressed Oops: Enabled (32-bit)
 Heap Region Size: 1M
 Heap Min Capacity: 8M
 Heap Initial Capacity: 62M
 Heap Max Capacity: 984M
 Pre-touch: Disabled
 Parallel Workers: 8
 Concurrent Workers: 2
 Concurrent Refinement Workers: 8
 Periodic GC: Disabled

Heap:
 garbage-first heap   total 112640K, used 52482K [0x00000000c2800000, 0x0000000100000000)
  region size 1024K, 2 young (2048K), 2 survivors (2048K)
 Metaspace       used 30344K, committed 30592K, reserved 1114112K
  class space    used 3514K, committed 3648K, reserved 1048576K

Heap Regions: E=young(eden), S=young(survivor), O=old, HS=humongous(starts), HC=humongous(continues), CS=collection set, F=free, OA=open archive, CA=closed archive, TAMS=top-at-mark-start (previous, next)
|   0|0x00000000c2800000, 0x00000000c2900000, 0x00000000c2900000|100%| O|  |TAMS 0x00000000c2900000, 0x00000000c2800000| Untracked 
|   1|0x00000000c2900000, 0x00000000c2a00000, 0x00000000c2a00000|100%| O|  |TAMS 0x00000000c2a00000, 0x00000000c2900000| Untracked 
|   2|0x00000000c2a00000, 0x00000000c2b00000, 0x00000000c2b00000|100%| O|  |TAMS 0x00000000c2b00000, 0x00000000c2a00000| Untracked 
|   3|0x00000000c2b00000, 0x00000000c2c00000, 0x00000000c2c00000|100%| O|  |TAMS 0x00000000c2c00000, 0x00000000c2b00000| Untracked 
|   4|0x00000000c2c00000, 0x00000000c2d00000, 0x00000000c2d00000|100%| O|  |TAMS 0x00000000c2d00000, 0x00000000c2c00000| Untracked 
|   5|0x00000000c2d00000, 0x00000000c2e00000, 0x00000000c2e00000|100%| O|  |TAMS 0x00000000c2e00000, 0x00000000c2d00000| Untracked 
|   6|0x00000000c2e00000, 0x00000000c2f00000, 0x00000000c2f00000|100%| O|  |TAMS 0x00000000c2f00000, 0x00000000c2e00000| Untracked 
|   7|0x00000000c2f00000, 0x00000000c3000000, 0x00000000c3000000|100%| O|  |TAMS 0x00000000c2f75a00, 0x00000000c2f00000| Untracked 
|   8|0x00000000c3000000, 0x00000000c3100000, 0x00000000c3100000|100%|HS|  |TAMS 0x00000000c3000000, 0x00000000c3000000| Complete 
|   9|0x00000000c3100000, 0x00000000c3200000, 0x00000000c3200000|100%| O|  |TAMS 0x00000000c3100000, 0x00000000c3100000| Untracked 
|  10|0x00000000c3200000, 0x00000000c3300000, 0x00000000c3300000|100%|HS|  |TAMS 0x00000000c3200000, 0x00000000c3200000| Complete 
|  11|0x00000000c3300000, 0x00000000c3400000, 0x00000000c3400000|100%| O|  |TAMS 0x00000000c3300000, 0x00000000c3300000| Untracked 
|  12|0x00000000c3400000, 0x00000000c3500000, 0x00000000c3500000|100%| O|  |TAMS 0x00000000c3400000, 0x00000000c3400000| Untracked 
|  13|0x00000000c3500000, 0x00000000c3600000, 0x00000000c3600000|100%| O|  |TAMS 0x00000000c3500000, 0x00000000c3500000| Untracked 
|  14|0x00000000c3600000, 0x00000000c3700000, 0x00000000c3700000|100%| O|  |TAMS 0x00000000c3600000, 0x00000000c3600000| Untracked 
|  15|0x00000000c3700000, 0x00000000c3800000, 0x00000000c3800000|100%| O|  |TAMS 0x00000000c3700000, 0x00000000c3700000| Untracked 
|  16|0x00000000c3800000, 0x00000000c3900000, 0x00000000c3900000|100%| O|  |TAMS 0x00000000c3800000, 0x00000000c3800000| Untracked 
|  17|0x00000000c3900000, 0x00000000c3a00000, 0x00000000c3a00000|100%| O|  |TAMS 0x00000000c3900000, 0x00000000c3900000| Untracked 
|  18|0x00000000c3a00000, 0x00000000c3b00000, 0x00000000c3b00000|100%| O|  |TAMS 0x00000000c3a00000, 0x00000000c3a00000| Untracked 
|  19|0x00000000c3b00000, 0x00000000c3c00000, 0x00000000c3c00000|100%| O|  |TAMS 0x00000000c3b00000, 0x00000000c3b00000| Untracked 
|  20|0x00000000c3c00000, 0x00000000c3d00000, 0x00000000c3d00000|100%| O|  |TAMS 0x00000000c3c00000, 0x00000000c3c00000| Untracked 
|  21|0x00000000c3d00000, 0x00000000c3e00000, 0x00000000c3e00000|100%| O|  |TAMS 0x00000000c3d00000, 0x00000000c3d00000| Untracked 
|  22|0x00000000c3e00000, 0x00000000c3f00000, 0x00000000c3f00000|100%| O|  |TAMS 0x00000000c3e00000, 0x00000000c3e00000| Untracked 
|  23|0x00000000c3f00000, 0x00000000c4000000, 0x00000000c4000000|100%| O|  |TAMS 0x00000000c3f00000, 0x00000000c3f00000| Untracked 
|  24|0x00000000c4000000, 0x00000000c4100000, 0x00000000c4100000|100%| O|  |TAMS 0x00000000c4000000, 0x00000000c4000000| Untracked 
|  25|0x00000000c4100000, 0x00000000c4200000, 0x00000000c4200000|100%| O|  |TAMS 0x00000000c4100000, 0x00000000c4100000| Untracked 
|  26|0x00000000c4200000, 0x00000000c4300000, 0x00000000c4300000|100%| O|  |TAMS 0x00000000c4200000, 0x00000000c4200000| Untracked 
|  27|0x00000000c4300000, 0x00000000c4400000, 0x00000000c4400000|100%| O|  |TAMS 0x00000000c4300000, 0x00000000c4300000| Untracked 
|  28|0x00000000c4400000, 0x00000000c4500000, 0x00000000c4500000|100%| O|  |TAMS 0x00000000c4400000, 0x00000000c4400000| Untracked 
|  29|0x00000000c4500000, 0x00000000c4600000, 0x00000000c4600000|100%| O|  |TAMS 0x00000000c4500000, 0x00000000c4500000| Untracked 
|  30|0x00000000c4600000, 0x00000000c4700000, 0x00000000c4700000|100%| O|  |TAMS 0x00000000c4600000, 0x00000000c4600000| Untracked 
|  31|0x00000000c4700000, 0x00000000c4800000, 0x00000000c4800000|100%| O|  |TAMS 0x00000000c4700000, 0x00000000c4700000| Untracked 
|  32|0x00000000c4800000, 0x00000000c4900000, 0x00000000c4900000|100%| O|  |TAMS 0x00000000c4800000, 0x00000000c4800000| Untracked 
|  33|0x00000000c4900000, 0x00000000c4a00000, 0x00000000c4a00000|100%| O|  |TAMS 0x00000000c4900000, 0x00000000c4900000| Untracked 
|  34|0x00000000c4a00000, 0x00000000c4b00000, 0x00000000c4b00000|100%| O|  |TAMS 0x00000000c4a00000, 0x00000000c4a00000| Untracked 
|  35|0x00000000c4b00000, 0x00000000c4c00000, 0x00000000c4c00000|100%| O|  |TAMS 0x00000000c4b00000, 0x00000000c4b00000| Untracked 
|  36|0x00000000c4c00000, 0x00000000c4d00000, 0x00000000c4d00000|100%| O|  |TAMS 0x00000000c4c00000, 0x00000000c4c00000| Untracked 
|  37|0x00000000c4d00000, 0x00000000c4e00000, 0x00000000c4e00000|100%| O|  |TAMS 0x00000000c4d00000, 0x00000000c4d00000| Untracked 
|  38|0x00000000c4e00000, 0x00000000c4f00000, 0x00000000c4f00000|100%| O|  |TAMS 0x00000000c4e00000, 0x00000000c4e00000| Untracked 
|  39|0x00000000c4f00000, 0x00000000c5000000, 0x00000000c5000000|100%| O|  |TAMS 0x00000000c4f00000, 0x00000000c4f00000| Untracked 
|  40|0x00000000c5000000, 0x00000000c5100000, 0x00000000c5100000|100%| O|  |TAMS 0x00000000c5000000, 0x00000000c5000000| Untracked 
|  41|0x00000000c5100000, 0x00000000c5200000, 0x00000000c5200000|100%| O|  |TAMS 0x00000000c5100000, 0x00000000c5100000| Untracked 
|  42|0x00000000c5200000, 0x00000000c5300000, 0x00000000c5300000|100%| O|  |TAMS 0x00000000c5200000, 0x00000000c5200000| Untracked 
|  43|0x00000000c5300000, 0x00000000c5400000, 0x00000000c5400000|100%| O|  |TAMS 0x00000000c5300000, 0x00000000c5300000| Untracked 
|  44|0x00000000c5400000, 0x00000000c5500000, 0x00000000c5500000|100%| O|  |TAMS 0x00000000c5400000, 0x00000000c5400000| Untracked 
|  45|0x00000000c5500000, 0x00000000c5600000, 0x00000000c5600000|100%| O|  |TAMS 0x00000000c5500000, 0x00000000c5500000| Untracked 
|  46|0x00000000c5600000, 0x00000000c5700000, 0x00000000c5700000|100%| O|  |TAMS 0x00000000c5600000, 0x00000000c5600000| Untracked 
|  47|0x00000000c5700000, 0x00000000c5800000, 0x00000000c5800000|100%| O|  |TAMS 0x00000000c5700000, 0x00000000c5700000| Untracked 
|  48|0x00000000c5800000, 0x00000000c5880000, 0x00000000c5900000| 50%| O|  |TAMS 0x00000000c5800000, 0x00000000c5800000| Untracked 
|  49|0x00000000c5900000, 0x00000000c5900000, 0x00000000c5a00000|  0%| F|  |TAMS 0x00000000c5900000, 0x00000000c5900000| Untracked 
|  50|0x00000000c5a00000, 0x00000000c5a00000, 0x00000000c5b00000|  0%| F|  |TAMS 0x00000000c5a00000, 0x00000000c5a00000| Untracked 
|  51|0x00000000c5b00000, 0x00000000c5b00000, 0x00000000c5c00000|  0%| F|  |TAMS 0x00000000c5b00000, 0x00000000c5b00000| Untracked 
|  52|0x00000000c5c00000, 0x00000000c5c00000, 0x00000000c5d00000|  0%| F|  |TAMS 0x00000000c5c00000, 0x00000000c5c00000| Untracked 
|  53|0x00000000c5d00000, 0x00000000c5d00000, 0x00000000c5e00000|  0%| F|  |TAMS 0x00000000c5d00000, 0x00000000c5d00000| Untracked 
|  54|0x00000000c5e00000, 0x00000000c5e00000, 0x00000000c5f00000|  0%| F|  |TAMS 0x00000000c5e00000, 0x00000000c5e00000| Untracked 
|  55|0x00000000c5f00000, 0x00000000c5f00000, 0x00000000c6000000|  0%| F|  |TAMS 0x00000000c5f00000, 0x00000000c5f00000| Untracked 
|  56|0x00000000c6000000, 0x00000000c6000000, 0x00000000c6100000|  0%| F|  |TAMS 0x00000000c6000000, 0x00000000c6000000| Untracked 
|  57|0x00000000c6100000, 0x00000000c6100000, 0x00000000c6200000|  0%| F|  |TAMS 0x00000000c6100000, 0x00000000c6100000| Untracked 
|  58|0x00000000c6200000, 0x00000000c6200000, 0x00000000c6300000|  0%| F|  |TAMS 0x00000000c6200000, 0x00000000c6200000| Untracked 
|  59|0x00000000c6300000, 0x00000000c6300000, 0x00000000c6400000|  0%| F|  |TAMS 0x00000000c6300000, 0x00000000c6300000| Untracked 
|  60|0x00000000c6400000, 0x00000000c6400000, 0x00000000c6500000|  0%| F|  |TAMS 0x00000000c6400000, 0x00000000c6400000| Untracked 
|  61|0x00000000c6500000, 0x00000000c6500000, 0x00000000c6600000|  0%| F|  |TAMS 0x00000000c6500000, 0x00000000c6500000| Untracked 
|  62|0x00000000c6600000, 0x00000000c6600000, 0x00000000c6700000|  0%| F|  |TAMS 0x00000000c6600000, 0x00000000c6600000| Untracked 
|  63|0x00000000c6700000, 0x00000000c6700000, 0x00000000c6800000|  0%| F|  |TAMS 0x00000000c6700000, 0x00000000c6700000| Untracked 
|  64|0x00000000c6800000, 0x00000000c6800000, 0x00000000c6900000|  0%| F|  |TAMS 0x00000000c6800000, 0x00000000c6800000| Untracked 
|  65|0x00000000c6900000, 0x00000000c6900000, 0x00000000c6a00000|  0%| F|  |TAMS 0x00000000c6900000, 0x00000000c6900000| Untracked 
|  66|0x00000000c6a00000, 0x00000000c6a00000, 0x00000000c6b00000|  0%| F|  |TAMS 0x00000000c6a00000, 0x00000000c6a00000| Untracked 
|  67|0x00000000c6b00000, 0x00000000c6b00000, 0x00000000c6c00000|  0%| F|  |TAMS 0x00000000c6b00000, 0x00000000c6b00000| Untracked 
|  68|0x00000000c6c00000, 0x00000000c6c00000, 0x00000000c6d00000|  0%| F|  |TAMS 0x00000000c6c00000, 0x00000000c6c00000| Untracked 
|  69|0x00000000c6d00000, 0x00000000c6d00000, 0x00000000c6e00000|  0%| F|  |TAMS 0x00000000c6d00000, 0x00000000c6d00000| Untracked 
|  70|0x00000000c6e00000, 0x00000000c6e00000, 0x00000000c6f00000|  0%| F|  |TAMS 0x00000000c6e00000, 0x00000000c6e00000| Untracked 
|  71|0x00000000c6f00000, 0x00000000c6f00000, 0x00000000c7000000|  0%| F|  |TAMS 0x00000000c6f00000, 0x00000000c6f00000| Untracked 
|  72|0x00000000c7000000, 0x00000000c7000000, 0x00000000c7100000|  0%| F|  |TAMS 0x00000000c7000000, 0x00000000c7000000| Untracked 
|  73|0x00000000c7100000, 0x00000000c71c0ad0, 0x00000000c7200000| 75%| S|CS|TAMS 0x00000000c7100000, 0x00000000c7100000| Complete 
|  74|0x00000000c7200000, 0x00000000c7200000, 0x00000000c7300000|  0%| F|  |TAMS 0x00000000c7200000, 0x00000000c7200000| Untracked 
|  75|0x00000000c7300000, 0x00000000c7300000, 0x00000000c7400000|  0%| F|  |TAMS 0x00000000c7300000, 0x00000000c7300000| Untracked 
|  76|0x00000000c7400000, 0x00000000c7500000, 0x00000000c7500000|100%| S|CS|TAMS 0x00000000c7400000, 0x00000000c7400000| Complete 
|  77|0x00000000c7500000, 0x00000000c7500000, 0x00000000c7600000|  0%| F|  |TAMS 0x00000000c7500000, 0x00000000c7500000| Untracked 
|  78|0x00000000c7600000, 0x00000000c7600000, 0x00000000c7700000|  0%| F|  |TAMS 0x00000000c7600000, 0x00000000c7600000| Untracked 
|  79|0x00000000c7700000, 0x00000000c7700000, 0x00000000c7800000|  0%| F|  |TAMS 0x00000000c7700000, 0x00000000c7700000| Untracked 
|  80|0x00000000c7800000, 0x00000000c7800000, 0x00000000c7900000|  0%| F|  |TAMS 0x00000000c7800000, 0x00000000c7800000| Untracked 
|  81|0x00000000c7900000, 0x00000000c7900000, 0x00000000c7a00000|  0%| F|  |TAMS 0x00000000c7900000, 0x00000000c7900000| Untracked 
|  82|0x00000000c7a00000, 0x00000000c7a00000, 0x00000000c7b00000|  0%| F|  |TAMS 0x00000000c7a00000, 0x00000000c7a00000| Untracked 
|  83|0x00000000c7b00000, 0x00000000c7b00000, 0x00000000c7c00000|  0%| F|  |TAMS 0x00000000c7b00000, 0x00000000c7b00000| Untracked 
|  84|0x00000000c7c00000, 0x00000000c7c00000, 0x00000000c7d00000|  0%| F|  |TAMS 0x00000000c7c00000, 0x00000000c7c00000| Untracked 
|  85|0x00000000c7d00000, 0x00000000c7d00000, 0x00000000c7e00000|  0%| F|  |TAMS 0x00000000c7d00000, 0x00000000c7d00000| Untracked 
|  86|0x00000000c7e00000, 0x00000000c7e00000, 0x00000000c7f00000|  0%| F|  |TAMS 0x00000000c7e00000, 0x00000000c7e00000| Untracked 
|  87|0x00000000c7f00000, 0x00000000c7f00000, 0x00000000c8000000|  0%| F|  |TAMS 0x00000000c7f00000, 0x00000000c7f00000| Untracked 
|  88|0x00000000c8000000, 0x00000000c8000000, 0x00000000c8100000|  0%| F|  |TAMS 0x00000000c8000000, 0x00000000c8000000| Untracked 
|  89|0x00000000c8100000, 0x00000000c8100000, 0x00000000c8200000|  0%| F|  |TAMS 0x00000000c8100000, 0x00000000c8100000| Untracked 
|  90|0x00000000c8200000, 0x00000000c8200000, 0x00000000c8300000|  0%| F|  |TAMS 0x00000000c8200000, 0x00000000c8200000| Untracked 
|  91|0x00000000c8300000, 0x00000000c8300000, 0x00000000c8400000|  0%| F|  |TAMS 0x00000000c8300000, 0x00000000c8300000| Untracked 
|  92|0x00000000c8400000, 0x00000000c8400000, 0x00000000c8500000|  0%| F|  |TAMS 0x00000000c8400000, 0x00000000c8400000| Untracked 
|  93|0x00000000c8500000, 0x00000000c8500000, 0x00000000c8600000|  0%| F|  |TAMS 0x00000000c8500000, 0x00000000c8500000| Untracked 
|  94|0x00000000c8600000, 0x00000000c8600000, 0x00000000c8700000|  0%| F|  |TAMS 0x00000000c8600000, 0x00000000c8600000| Untracked 
|  95|0x00000000c8700000, 0x00000000c8700000, 0x00000000c8800000|  0%| F|  |TAMS 0x00000000c8700000, 0x00000000c8700000| Untracked 
|  96|0x00000000c8800000, 0x00000000c8800000, 0x00000000c8900000|  0%| F|  |TAMS 0x00000000c8800000, 0x00000000c8800000| Untracked 
|  97|0x00000000c8900000, 0x00000000c8900000, 0x00000000c8a00000|  0%| F|  |TAMS 0x00000000c8900000, 0x00000000c8900000| Untracked 
|  98|0x00000000c8a00000, 0x00000000c8a00000, 0x00000000c8b00000|  0%| F|  |TAMS 0x00000000c8a00000, 0x00000000c8a00000| Untracked 
|  99|0x00000000c8b00000, 0x00000000c8b00000, 0x00000000c8c00000|  0%| F|  |TAMS 0x00000000c8b00000, 0x00000000c8b00000| Untracked 
| 100|0x00000000c8c00000, 0x00000000c8c00000, 0x00000000c8d00000|  0%| F|  |TAMS 0x00000000c8c00000, 0x00000000c8c00000| Untracked 
| 101|0x00000000c8d00000, 0x00000000c8d00000, 0x00000000c8e00000|  0%| F|  |TAMS 0x00000000c8d00000, 0x00000000c8d00000| Untracked 
| 102|0x00000000c8e00000, 0x00000000c8e00000, 0x00000000c8f00000|  0%| F|  |TAMS 0x00000000c8e00000, 0x00000000c8e00000| Untracked 
| 103|0x00000000c8f00000, 0x00000000c8f00000, 0x00000000c9000000|  0%| F|  |TAMS 0x00000000c8f00000, 0x00000000c8f00000| Untracked 
| 104|0x00000000c9000000, 0x00000000c9000000, 0x00000000c9100000|  0%| F|  |TAMS 0x00000000c9000000, 0x00000000c9000000| Untracked 
| 105|0x00000000c9100000, 0x00000000c9100000, 0x00000000c9200000|  0%| F|  |TAMS 0x00000000c9100000, 0x00000000c9100000| Untracked 
| 106|0x00000000c9200000, 0x00000000c9200000, 0x00000000c9300000|  0%| F|  |TAMS 0x00000000c9200000, 0x00000000c9200000| Untracked 
| 107|0x00000000c9300000, 0x00000000c9300000, 0x00000000c9400000|  0%| F|  |TAMS 0x00000000c9300000, 0x00000000c9300000| Untracked 
| 108|0x00000000c9400000, 0x00000000c9400000, 0x00000000c9500000|  0%| F|  |TAMS 0x00000000c9400000, 0x00000000c9400000| Untracked 
| 983|0x00000000fff00000, 0x0000000100000000, 0x0000000100000000|100%| O|  |TAMS 0x00000000fff00000, 0x00000000fff00000| Untracked 

Card table byte_map: [0x000002c778e40000,0x000002c779030000] _byte_map_base: 0x000002c77882c000

Marking Bits (Prev, Next): (CMBitMap*) 0x000002c77516b280, (CMBitMap*) 0x000002c77516b240
 Prev Bits: [0x000002c77a180000, 0x000002c77b0e0000)
 Next Bits: [0x000002c779220000, 0x000002c77a180000)

Polling page: 0x000002c773030000

Metaspace:

Usage:
  Non-class:     26.20 MB used.
      Class:      3.43 MB used.
       Both:     29.63 MB used.

Virtual space:
  Non-class space:       64.00 MB reserved,      26.31 MB ( 41%) committed,  1 nodes.
      Class space:        1.00 GB reserved,       3.56 MB ( <1%) committed,  1 nodes.
             Both:        1.06 GB reserved,      29.88 MB (  3%) committed. 

Chunk freelists:
   Non-Class:  5.09 MB
       Class:  12.45 MB
        Both:  17.55 MB

MaxMetaspaceSize: unlimited
CompressedClassSpaceSize: 1.00 GB
Initial GC threshold: 21.00 MB
Current GC threshold: 35.56 MB
CDS: on
MetaspaceReclaimPolicy: balanced
 - commit_granule_bytes: 65536.
 - commit_granule_words: 8192.
 - virtual_space_node_default_size: 8388608.
 - enlarge_chunks_in_place: 1.
 - new_chunks_are_fully_committed: 0.
 - uncommit_free_chunks: 1.
 - use_allocation_guard: 0.
 - handle_deallocations: 1.


Internal statistics:

num_allocs_failed_limit: 3.
num_arena_births: 192.
num_arena_deaths: 0.
num_vsnodes_births: 2.
num_vsnodes_deaths: 0.
num_space_committed: 478.
num_space_uncommitted: 0.
num_chunks_returned_to_freelist: 3.
num_chunks_taken_from_freelist: 1273.
num_chunk_merges: 3.
num_chunk_splits: 893.
num_chunks_enlarged: 716.
num_inconsistent_stats: 0.

CodeHeap 'non-profiled nmethods': size=120000Kb used=2600Kb max_used=2600Kb free=117399Kb
 bounds [0x000002c707ad0000, 0x000002c707d60000, 0x000002c70f000000]
CodeHeap 'profiled nmethods': size=120000Kb used=14040Kb max_used=14040Kb free=105959Kb
 bounds [0x000002c700000000, 0x000002c700dc0000, 0x000002c707530000]
CodeHeap 'non-nmethods': size=5760Kb used=1209Kb max_used=1263Kb free=4550Kb
 bounds [0x000002c707530000, 0x000002c7077a0000, 0x000002c707ad0000]
 total_blobs=7443 nmethods=6931 adapters=424
 compilation: enabled
              stopped_count=0, restarted_count=0
 full_count=0

Compilation events (20 events):
Event: 6.024 Thread 0x000002c77dab8740 nmethod 7979 0x000002c700db3910 code [0x000002c700db3d00, 0x000002c700db5058]
Event: 6.024 Thread 0x000002c77dab8740 7980       2       com.sun.tools.javac.comp.TransTypes::visitBinary (71 bytes)
Event: 6.024 Thread 0x000002c77dab8740 nmethod 7980 0x000002c700db5c10 code [0x000002c700db5e00, 0x000002c700db6218]
Event: 6.024 Thread 0x000002c77dab8740 7981   !   2       com.sun.tools.javac.comp.TransPatterns::visitBinary (52 bytes)
Event: 6.025 Thread 0x000002c77dab8740 nmethod 7981 0x000002c700db6490 code [0x000002c700db6680, 0x000002c700db6b98]
Event: 6.025 Thread 0x000002c77dab8740 7983       2       com.sun.tools.javac.comp.Check::protection (48 bytes)
Event: 6.025 Thread 0x000002c77dab8740 nmethod 7983 0x000002c700db6d90 code [0x000002c700db6f40, 0x000002c700db70d8]
Event: 6.029 Thread 0x000002c77dab8740 7984       2       com.sun.tools.javac.comp.Attr::preFlow (20 bytes)
Event: 6.029 Thread 0x000002c77dab8740 nmethod 7984 0x000002c700db7190 code [0x000002c700db7360, 0x000002c700db76c8]
Event: 6.029 Thread 0x000002c77dab8740 7985       2       com.sun.tools.javac.comp.Attr$6::<init> (11 bytes)
Event: 6.029 Thread 0x000002c77dab8740 nmethod 7985 0x000002c700db7890 code [0x000002c700db7a20, 0x000002c700db7bd8]
Event: 6.029 Thread 0x000002c77dab8740 7986       2       com.sun.tools.javac.tree.TreeScanner::visitThrow (9 bytes)
Event: 6.029 Thread 0x000002c77dab8740 nmethod 7986 0x000002c700db7c90 code [0x000002c700db7e20, 0x000002c700db7f48]
Event: 6.029 Thread 0x000002c77dab8740 7987       2       com.sun.tools.javac.comp.DeferredAttr::attribSpeculative (23 bytes)
Event: 6.029 Thread 0x000002c77dab8740 nmethod 7987 0x000002c700db8010 code [0x000002c700db81c0, 0x000002c700db83f8]
Event: 6.030 Thread 0x000002c77dab8740 7988       2       com.sun.tools.javac.comp.ArgumentAttr$ArgumentType::speculativeType (111 bytes)
Event: 6.030 Thread 0x000002c77dab8740 nmethod 7988 0x000002c700db8590 code [0x000002c700db87e0, 0x000002c700db8c88]
Event: 6.030 Thread 0x000002c77dab8740 7989       2       java.util.HashMap::getNode (150 bytes)
Event: 6.030 Thread 0x000002c77dab8740 nmethod 7989 0x000002c700db8f90 code [0x000002c700db9180, 0x000002c700db9618]
Event: 6.030 Thread 0x000002c77dab8740 7990       2       com.sun.tools.javac.code.Types::returnTypeSubstitutable (41 bytes)

GC Heap History (20 events):
Event: 2.342 GC heap after
{Heap after GC invocations=4 (full 0):
 garbage-first heap   total 63488K, used 10022K [0x00000000c2800000, 0x0000000100000000)
  region size 1024K, 3 young (3072K), 3 survivors (3072K)
 Metaspace       used 16544K, committed 16704K, reserved 1114112K
  class space    used 2035K, committed 2112K, reserved 1048576K
}
Event: 2.991 GC heap before
{Heap before GC invocations=4 (full 0):
 garbage-first heap   total 63488K, used 43814K [0x00000000c2800000, 0x0000000100000000)
  region size 1024K, 36 young (36864K), 3 survivors (3072K)
 Metaspace       used 17900K, committed 18176K, reserved 1114112K
  class space    used 2170K, committed 2304K, reserved 1048576K
}
Event: 2.998 GC heap after
{Heap after GC invocations=5 (full 0):
 garbage-first heap   total 63488K, used 11642K [0x00000000c2800000, 0x0000000100000000)
  region size 1024K, 4 young (4096K), 4 survivors (4096K)
 Metaspace       used 17900K, committed 18176K, reserved 1114112K
  class space    used 2170K, committed 2304K, reserved 1048576K
}
Event: 3.991 GC heap before
{Heap before GC invocations=5 (full 0):
 garbage-first heap   total 63488K, used 44410K [0x00000000c2800000, 0x0000000100000000)
  region size 1024K, 36 young (36864K), 4 survivors (4096K)
 Metaspace       used 21271K, committed 21504K, reserved 1114112K
  class space    used 2608K, committed 2752K, reserved 1048576K
}
Event: 4.001 GC heap after
{Heap after GC invocations=6 (full 0):
 garbage-first heap   total 76800K, used 13297K [0x00000000c2800000, 0x0000000100000000)
  region size 1024K, 4 young (4096K), 4 survivors (4096K)
 Metaspace       used 21271K, committed 21504K, reserved 1114112K
  class space    used 2608K, committed 2752K, reserved 1048576K
}
Event: 4.310 GC heap before
{Heap before GC invocations=7 (full 0):
 garbage-first heap   total 55296K, used 44017K [0x00000000c2800000, 0x0000000100000000)
  region size 1024K, 34 young (34816K), 4 survivors (4096K)
 Metaspace       used 25924K, committed 26240K, reserved 1114112K
  class space    used 3106K, committed 3264K, reserved 1048576K
}
Event: 4.322 GC heap after
{Heap after GC invocations=8 (full 0):
 garbage-first heap   total 56320K, used 20071K [0x00000000c2800000, 0x0000000100000000)
  region size 1024K, 5 young (5120K), 5 survivors (5120K)
 Metaspace       used 25924K, committed 26240K, reserved 1114112K
  class space    used 3106K, committed 3264K, reserved 1048576K
}
Event: 4.331 GC heap before
{Heap before GC invocations=8 (full 0):
 garbage-first heap   total 56320K, used 21095K [0x00000000c2800000, 0x0000000100000000)
  region size 1024K, 6 young (6144K), 5 survivors (5120K)
 Metaspace       used 25929K, committed 26240K, reserved 1114112K
  class space    used 3107K, committed 3264K, reserved 1048576K
}
Event: 4.336 GC heap after
{Heap after GC invocations=9 (full 0):
 garbage-first heap   total 56320K, used 21589K [0x00000000c2800000, 0x0000000100000000)
  region size 1024K, 1 young (1024K), 1 survivors (1024K)
 Metaspace       used 25929K, committed 26240K, reserved 1114112K
  class space    used 3107K, committed 3264K, reserved 1048576K
}
Event: 4.538 GC heap before
{Heap before GC invocations=9 (full 0):
 garbage-first heap   total 56320K, used 41045K [0x00000000c2800000, 0x0000000100000000)
  region size 1024K, 19 young (19456K), 1 survivors (1024K)
 Metaspace       used 26635K, committed 26944K, reserved 1114112K
  class space    used 3185K, committed 3328K, reserved 1048576K
}
Event: 4.545 GC heap after
{Heap after GC invocations=10 (full 0):
 garbage-first heap   total 56320K, used 26624K [0x00000000c2800000, 0x0000000100000000)
  region size 1024K, 3 young (3072K), 3 survivors (3072K)
 Metaspace       used 26635K, committed 26944K, reserved 1114112K
  class space    used 3185K, committed 3328K, reserved 1048576K
}
Event: 4.652 GC heap before
{Heap before GC invocations=10 (full 0):
 garbage-first heap   total 56320K, used 39936K [0x00000000c2800000, 0x0000000100000000)
  region size 1024K, 17 young (17408K), 3 survivors (3072K)
 Metaspace       used 26674K, committed 26944K, reserved 1114112K
  class space    used 3185K, committed 3328K, reserved 1048576K
}
Event: 4.658 GC heap after
{Heap after GC invocations=11 (full 0):
 garbage-first heap   total 112640K, used 31561K [0x00000000c2800000, 0x0000000100000000)
  region size 1024K, 3 young (3072K), 3 survivors (3072K)
 Metaspace       used 26674K, committed 26944K, reserved 1114112K
  class space    used 3185K, committed 3328K, reserved 1048576K
}
Event: 5.029 GC heap before
{Heap before GC invocations=11 (full 0):
 garbage-first heap   total 112640K, used 72521K [0x00000000c2800000, 0x0000000100000000)
  region size 1024K, 43 young (44032K), 3 survivors (3072K)
 Metaspace       used 27463K, committed 27712K, reserved 1114112K
  class space    used 3251K, committed 3392K, reserved 1048576K
}
Event: 5.044 GC heap after
{Heap after GC invocations=12 (full 0):
 garbage-first heap   total 112640K, used 39936K [0x00000000c2800000, 0x0000000100000000)
  region size 1024K, 6 young (6144K), 6 survivors (6144K)
 Metaspace       used 27463K, committed 27712K, reserved 1114112K
  class space    used 3251K, committed 3392K, reserved 1048576K
}
Event: 5.174 GC heap before
{Heap before GC invocations=12 (full 0):
 garbage-first heap   total 112640K, used 75776K [0x00000000c2800000, 0x0000000100000000)
  region size 1024K, 41 young (41984K), 6 survivors (6144K)
 Metaspace       used 27564K, committed 27840K, reserved 1114112K
  class space    used 3253K, committed 3392K, reserved 1048576K
}
Event: 5.189 GC heap after
{Heap after GC invocations=13 (full 0):
 garbage-first heap   total 112640K, used 46983K [0x00000000c2800000, 0x0000000100000000)
  region size 1024K, 6 young (6144K), 6 survivors (6144K)
 Metaspace       used 27564K, committed 27840K, reserved 1114112K
  class space    used 3253K, committed 3392K, reserved 1048576K
}
Event: 5.660 GC heap before
{Heap before GC invocations=13 (full 0):
 garbage-first heap   total 112640K, used 80775K [0x00000000c2800000, 0x0000000100000000)
  region size 1024K, 39 young (39936K), 6 survivors (6144K)
 Metaspace       used 29770K, committed 30016K, reserved 1114112K
  class space    used 3500K, committed 3648K, reserved 1048576K
}
Event: 5.675 GC heap after
{Heap after GC invocations=14 (full 0):
 garbage-first heap   total 112640K, used 50688K [0x00000000c2800000, 0x0000000100000000)
  region size 1024K, 4 young (4096K), 4 survivors (4096K)
 Metaspace       used 29770K, committed 30016K, reserved 1114112K
  class space    used 3500K, committed 3648K, reserved 1048576K
}
Event: 6.031 GC heap before
{Heap before GC invocations=14 (full 0):
 garbage-first heap   total 112640K, used 83456K [0x00000000c2800000, 0x0000000100000000)
  region size 1024K, 36 young (36864K), 4 survivors (4096K)
 Metaspace       used 30344K, committed 30592K, reserved 1114112K
  class space    used 3514K, committed 3648K, reserved 1048576K
}

Dll operation events (4 events):
Event: 0.022 Loaded shared library C:\Users\39\.jdks\jbr-17.0.14\bin\java.dll
Event: 0.039 Loaded shared library C:\Users\39\.jdks\jbr-17.0.14\bin\jsvml.dll
Event: 0.076 Loaded shared library C:\Users\39\.jdks\jbr-17.0.14\bin\zip.dll
Event: 0.210 Loaded shared library C:\Users\39\.jdks\jbr-17.0.14\bin\verify.dll

Deoptimization events (20 events):
Event: 5.806 Thread 0x000002c77512f200 Uncommon trap: trap_request=0xffffff45 fr.pc=0x000002c707b8af2c relative=0x000000000000020c
Event: 5.806 Thread 0x000002c77512f200 Uncommon trap: reason=unstable_if action=reinterpret pc=0x000002c707b8af2c method=java.util.HashMap.getNode(Ljava/lang/Object;)Ljava/util/HashMap$Node; @ 66 c2
Event: 5.806 Thread 0x000002c77512f200 DEOPT PACKING pc=0x000002c707b8af2c sp=0x000000dc23ff9e30
Event: 5.806 Thread 0x000002c77512f200 DEOPT UNPACKING pc=0x000002c7075869a3 sp=0x000000dc23ff9d40 mode 2
Event: 5.822 Thread 0x000002c77512f200 DEOPT PACKING pc=0x000002c700cb98c9 sp=0x000000dc23ffc9c0
Event: 5.822 Thread 0x000002c77512f200 DEOPT UNPACKING pc=0x000002c707587143 sp=0x000000dc23ffbe28 mode 0
Event: 5.823 Thread 0x000002c77512f200 DEOPT PACKING pc=0x000002c7005f3857 sp=0x000000dc23ffccf0
Event: 5.823 Thread 0x000002c77512f200 DEOPT UNPACKING pc=0x000002c707587143 sp=0x000000dc23ffc188 mode 0
Event: 5.881 Thread 0x000002c77512f200 Uncommon trap: trap_request=0xffffffc6 fr.pc=0x000002c707d4f448 relative=0x0000000000002e88
Event: 5.881 Thread 0x000002c77512f200 Uncommon trap: reason=bimorphic_or_optimized_type_check action=maybe_recompile pc=0x000002c707d4f448 method=com.sun.tools.javac.comp.Attr.check(Lcom/sun/tools/javac/tree/JCTree;Lcom/sun/tools/javac/code/Type;Lcom/sun/tools/javac/code/Kinds$KindSelector;Lc
Event: 5.881 Thread 0x000002c77512f200 DEOPT PACKING pc=0x000002c707d4f448 sp=0x000000dc23ffc700
Event: 5.881 Thread 0x000002c77512f200 DEOPT UNPACKING pc=0x000002c7075869a3 sp=0x000000dc23ffc738 mode 2
Event: 5.937 Thread 0x000002c77512f200 Uncommon trap: trap_request=0xffffff45 fr.pc=0x000002c707cabf34 relative=0x00000000000003d4
Event: 5.937 Thread 0x000002c77512f200 Uncommon trap: reason=unstable_if action=reinterpret pc=0x000002c707cabf34 method=com.sun.tools.javac.code.Symbol$TypeSymbol.formFullName(Lcom/sun/tools/javac/util/Name;Lcom/sun/tools/javac/code/Symbol;)Lcom/sun/tools/javac/util/Name; @ 13 c2
Event: 5.937 Thread 0x000002c77512f200 DEOPT PACKING pc=0x000002c707cabf34 sp=0x000000dc23ff8e00
Event: 5.937 Thread 0x000002c77512f200 DEOPT UNPACKING pc=0x000002c7075869a3 sp=0x000000dc23ff8dc0 mode 2
Event: 6.029 Thread 0x000002c77512f200 Uncommon trap: trap_request=0xffffff45 fr.pc=0x000002c707d1e438 relative=0x0000000000000298
Event: 6.029 Thread 0x000002c77512f200 Uncommon trap: reason=unstable_if action=reinterpret pc=0x000002c707d1e438 method=java.util.HashMap.getNode(Ljava/lang/Object;)Ljava/util/HashMap$Node; @ 131 c2
Event: 6.029 Thread 0x000002c77512f200 DEOPT PACKING pc=0x000002c707d1e438 sp=0x000000dc23ffb170
Event: 6.029 Thread 0x000002c77512f200 DEOPT UNPACKING pc=0x000002c7075869a3 sp=0x000000dc23ffb0f0 mode 2

Classes loaded (20 events):
Event: 5.261 Loading class java/util/stream/ReduceOps$1
Event: 5.261 Loading class java/util/stream/ReduceOps$1 done
Event: 5.262 Loading class java/util/stream/ReduceOps$1ReducingSink
Event: 5.262 Loading class java/util/stream/ReduceOps$1ReducingSink done
Event: 5.339 Loading class java/util/stream/ReduceOps$2
Event: 5.339 Loading class java/util/stream/ReduceOps$2 done
Event: 5.339 Loading class java/util/stream/ReduceOps$2ReducingSink
Event: 5.339 Loading class java/util/stream/ReduceOps$2ReducingSink done
Event: 5.352 Loading class java/util/function/ToIntBiFunction
Event: 5.352 Loading class java/util/function/ToIntBiFunction done
Event: 5.382 Loading class java/util/EnumMap$EntrySet
Event: 5.383 Loading class java/util/EnumMap$EntrySet done
Event: 5.383 Loading class java/util/EnumMap$EntryIterator
Event: 5.383 Loading class java/util/EnumMap$EnumMapIterator
Event: 5.383 Loading class java/util/EnumMap$EnumMapIterator done
Event: 5.383 Loading class java/util/EnumMap$EntryIterator done
Event: 5.383 Loading class java/util/EnumMap$EntryIterator$Entry
Event: 5.383 Loading class java/util/EnumMap$EntryIterator$Entry done
Event: 5.574 Loading class java/io/DataOutputStream
Event: 5.575 Loading class java/io/DataOutputStream done

Classes unloaded (0 events):
No events

Classes redefined (0 events):
No events

Internal exceptions (20 events):
Event: 5.926 Thread 0x000002c77512f200 Exception <a 'sun/nio/fs/WindowsException'{0x00000000c7ea1750}> (0x00000000c7ea1750) 
thrown [s\src\hotspot\share\prims\jni.cpp, line 531]
Event: 5.927 Thread 0x000002c77512f200 Exception <a 'sun/nio/fs/WindowsException'{0x00000000c7ea9408}> (0x00000000c7ea9408) 
thrown [s\src\hotspot\share\prims\jni.cpp, line 531]
Event: 5.927 Thread 0x000002c77512f200 Exception <a 'sun/nio/fs/WindowsException'{0x00000000c7eb9a58}> (0x00000000c7eb9a58) 
thrown [s\src\hotspot\share\prims\jni.cpp, line 531]
Event: 5.927 Thread 0x000002c77512f200 Exception <a 'sun/nio/fs/WindowsException'{0x00000000c7eba9c8}> (0x00000000c7eba9c8) 
thrown [s\src\hotspot\share\prims\jni.cpp, line 531]
Event: 5.927 Thread 0x000002c77512f200 Exception <a 'sun/nio/fs/WindowsException'{0x00000000c7ec7c28}> (0x00000000c7ec7c28) 
thrown [s\src\hotspot\share\prims\jni.cpp, line 531]
Event: 5.928 Thread 0x000002c77512f200 Exception <a 'sun/nio/fs/WindowsException'{0x00000000c7ef4558}> (0x00000000c7ef4558) 
thrown [s\src\hotspot\share\prims\jni.cpp, line 531]
Event: 5.928 Thread 0x000002c77512f200 Exception <a 'sun/nio/fs/WindowsException'{0x00000000c7d59d30}> (0x00000000c7d59d30) 
thrown [s\src\hotspot\share\prims\jni.cpp, line 531]
Event: 5.928 Thread 0x000002c77512f200 Exception <a 'sun/nio/fs/WindowsException'{0x00000000c7d5aa00}> (0x00000000c7d5aa00) 
thrown [s\src\hotspot\share\prims\jni.cpp, line 531]
Event: 5.958 Thread 0x000002c77512f200 Exception <a 'sun/nio/fs/WindowsException'{0x00000000c7bf76f8}> (0x00000000c7bf76f8) 
thrown [s\src\hotspot\share\prims\jni.cpp, line 531]
Event: 5.970 Thread 0x000002c77512f200 Exception <a 'sun/nio/fs/WindowsException'{0x00000000c7915668}> (0x00000000c7915668) 
thrown [s\src\hotspot\share\prims\jni.cpp, line 531]
Event: 5.987 Thread 0x000002c77512f200 Exception <a 'sun/nio/fs/WindowsException'{0x00000000c78f6088}> (0x00000000c78f6088) 
thrown [s\src\hotspot\share\prims\jni.cpp, line 531]
Event: 5.991 Thread 0x000002c77512f200 Exception <a 'sun/nio/fs/WindowsException'{0x00000000c7725748}> (0x00000000c7725748) 
thrown [s\src\hotspot\share\prims\jni.cpp, line 531]
Event: 6.002 Thread 0x000002c77512f200 Exception <a 'sun/nio/fs/WindowsException'{0x00000000c77b8f18}> (0x00000000c77b8f18) 
thrown [s\src\hotspot\share\prims\jni.cpp, line 531]
Event: 6.004 Thread 0x000002c77512f200 Exception <a 'sun/nio/fs/WindowsException'{0x00000000c77db060}> (0x00000000c77db060) 
thrown [s\src\hotspot\share\prims\jni.cpp, line 531]
Event: 6.007 Thread 0x000002c77512f200 Exception <a 'sun/nio/fs/WindowsException'{0x00000000c77f53f8}> (0x00000000c77f53f8) 
thrown [s\src\hotspot\share\prims\jni.cpp, line 531]
Event: 6.008 Thread 0x000002c77512f200 Exception <a 'sun/nio/fs/WindowsException'{0x00000000c7603ab0}> (0x00000000c7603ab0) 
thrown [s\src\hotspot\share\prims\jni.cpp, line 531]
Event: 6.009 Thread 0x000002c77512f200 Exception <a 'sun/nio/fs/WindowsException'{0x00000000c7624610}> (0x00000000c7624610) 
thrown [s\src\hotspot\share\prims\jni.cpp, line 531]
Event: 6.009 Thread 0x000002c77512f200 Exception <a 'sun/nio/fs/WindowsException'{0x00000000c7625558}> (0x00000000c7625558) 
thrown [s\src\hotspot\share\prims\jni.cpp, line 531]
Event: 6.017 Thread 0x000002c77512f200 Exception <a 'sun/nio/fs/WindowsException'{0x00000000c76d8958}> (0x00000000c76d8958) 
thrown [s\src\hotspot\share\prims\jni.cpp, line 531]
Event: 6.023 Thread 0x000002c77512f200 Exception <a 'sun/nio/fs/WindowsException'{0x00000000c75425d0}> (0x00000000c75425d0) 
thrown [s\src\hotspot\share\prims\jni.cpp, line 531]

VM Operations (20 events):
Event: 5.528 Executing VM operation: ICBufferFull done
Event: 5.536 Executing VM operation: HandshakeAllThreads
Event: 5.537 Executing VM operation: HandshakeAllThreads done
Event: 5.537 Executing VM operation: HandshakeAllThreads
Event: 5.537 Executing VM operation: HandshakeAllThreads done
Event: 5.585 Executing VM operation: ICBufferFull
Event: 5.585 Executing VM operation: ICBufferFull done
Event: 5.627 Executing VM operation: ICBufferFull
Event: 5.628 Executing VM operation: ICBufferFull done
Event: 5.639 Executing VM operation: HandshakeAllThreads
Event: 5.639 Executing VM operation: HandshakeAllThreads done
Event: 5.660 Executing VM operation: G1CollectForAllocation
Event: 5.675 Executing VM operation: G1CollectForAllocation done
Event: 5.750 Executing VM operation: ICBufferFull
Event: 5.750 Executing VM operation: ICBufferFull done
Event: 5.819 Executing VM operation: ICBufferFull
Event: 5.819 Executing VM operation: ICBufferFull done
Event: 5.929 Executing VM operation: ICBufferFull
Event: 5.930 Executing VM operation: ICBufferFull done
Event: 6.031 Executing VM operation: G1CollectForAllocation

Memory protections (0 events):
No events

Nmethod flushes (20 events):
Event: 5.027 Thread 0x000002c77dab9140 flushing  nmethod 0x000002c700b76690
Event: 5.027 Thread 0x000002c77dab9140 flushing  nmethod 0x000002c700b77a10
Event: 5.027 Thread 0x000002c77dab9140 flushing  nmethod 0x000002c700b89f90
Event: 5.027 Thread 0x000002c77dab9140 flushing  nmethod 0x000002c700b90610
Event: 5.027 Thread 0x000002c77dab9140 flushing  nmethod 0x000002c700b91e10
Event: 5.027 Thread 0x000002c77dab9140 flushing  nmethod 0x000002c700b92c10
Event: 5.027 Thread 0x000002c77dab9140 flushing  nmethod 0x000002c700b93190
Event: 5.027 Thread 0x000002c77dab9140 flushing  nmethod 0x000002c700b93c10
Event: 5.027 Thread 0x000002c77dab9140 flushing  nmethod 0x000002c700b95790
Event: 5.027 Thread 0x000002c77dab9140 flushing  nmethod 0x000002c700b9d090
Event: 5.027 Thread 0x000002c77dab9140 flushing  nmethod 0x000002c700bb3b10
Event: 5.027 Thread 0x000002c77dab9140 flushing  nmethod 0x000002c700bcad90
Event: 5.027 Thread 0x000002c77dab9140 flushing  nmethod 0x000002c700bcbf90
Event: 5.027 Thread 0x000002c77dab9140 flushing  nmethod 0x000002c700bd2210
Event: 5.027 Thread 0x000002c77dab9140 flushing  nmethod 0x000002c700bebe10
Event: 5.027 Thread 0x000002c77dab9140 flushing  nmethod 0x000002c700c05390
Event: 5.028 Thread 0x000002c77dab9140 flushing  nmethod 0x000002c700c15b10
Event: 5.028 Thread 0x000002c77dab9140 flushing  nmethod 0x000002c700c16a90
Event: 5.028 Thread 0x000002c77dab9140 flushing  nmethod 0x000002c700c2e790
Event: 5.028 Thread 0x000002c77dab9140 flushing  nmethod 0x000002c700c35b10

Events (20 events):
Event: 0.048 Thread 0x000002c77512f200 Thread added: 0x000002c77daa4e20
Event: 0.048 Thread 0x000002c77512f200 Thread added: 0x000002c77daa57e0
Event: 0.049 Thread 0x000002c77512f200 Thread added: 0x000002c77daa89c0
Event: 0.049 Thread 0x000002c77512f200 Thread added: 0x000002c77daadc70
Event: 0.049 Thread 0x000002c77512f200 Thread added: 0x000002c77dab8740
Event: 0.049 Thread 0x000002c77512f200 Thread added: 0x000002c77dab9140
Event: 0.062 Thread 0x000002c77512f200 Thread added: 0x000002c77de11100
Event: 0.078 Loaded shared library C:\Users\39\.jdks\jbr-17.0.14\bin\instrument.dll
Event: 0.082 Loaded shared library C:\Users\39\.jdks\jbr-17.0.14\bin\net.dll
Event: 0.083 Loaded shared library C:\Users\39\.jdks\jbr-17.0.14\bin\nio.dll
Event: 0.085 Loaded shared library C:\Users\39\.jdks\jbr-17.0.14\bin\zip.dll
Event: 0.090 Loaded shared library C:\Program Files\JetBrains\IntelliJ IDEA 2024.2.2\bin\breakgen64.dll
Event: 0.091 Thread 0x000002c77512f200 Thread added: 0x000002c77de0f2a0
Event: 0.091 Thread 0x000002c77512f200 Thread added: 0x000002c77de0f7b0
Event: 0.098 Loaded shared library C:\Users\39\.jdks\jbr-17.0.14\bin\extnet.dll
Event: 0.180 Thread 0x000002c77512f200 Thread added: 0x000002c77de0e370
Event: 0.182 Loaded shared library C:\Users\39\.jdks\jbr-17.0.14\bin\jimage.dll
Event: 0.201 Loaded shared library C:\Users\39\AppData\Local\Temp\jansi-2.4.1-a824049b788a8ed0-jansi.dll
Event: 0.265 Thread 0x000002c77de0e370 Thread exited: 0x000002c77de0e370
Event: 1.605 Thread 0x000002c77512f200 Thread added: 0x000002c77de0e370


Dynamic libraries:
0x00007ff79adb0000 - 0x00007ff79adba000 	C:\Users\39\.jdks\jbr-17.0.14\bin\java.exe
0x00007ffc22470000 - 0x00007ffc22668000 	C:\Windows\SYSTEM32\ntdll.dll
0x00007ffc21560000 - 0x00007ffc21622000 	C:\Windows\System32\KERNEL32.DLL
0x00007ffc20090000 - 0x00007ffc2038f000 	C:\Windows\System32\KERNELBASE.dll
0x00007ffc1fe90000 - 0x00007ffc1ff90000 	C:\Windows\System32\ucrtbase.dll
0x00007ffc16a70000 - 0x00007ffc16a8b000 	C:\Users\39\.jdks\jbr-17.0.14\bin\VCRUNTIME140.dll
0x00007ffc16a90000 - 0x00007ffc16aa7000 	C:\Users\39\.jdks\jbr-17.0.14\bin\jli.dll
0x00007ffc20720000 - 0x00007ffc208bd000 	C:\Windows\System32\USER32.dll
0x00007ffc1fc30000 - 0x00007ffc1fc52000 	C:\Windows\System32\win32u.dll
0x00007ffc0ba50000 - 0x00007ffc0bcea000 	C:\Windows\WinSxS\amd64_microsoft.windows.common-controls_6595b64144ccf1df_6.0.19041.4355_none_60b8b9eb71f62e16\COMCTL32.dll
0x00007ffc21040000 - 0x00007ffc2106b000 	C:\Windows\System32\GDI32.dll
0x00007ffc20cd0000 - 0x00007ffc20d6e000 	C:\Windows\System32\msvcrt.dll
0x00007ffc1fb10000 - 0x00007ffc1fc2a000 	C:\Windows\System32\gdi32full.dll
0x00007ffc1fc60000 - 0x00007ffc1fcfd000 	C:\Windows\System32\msvcp_win.dll
0x00007ffc20d70000 - 0x00007ffc20d9f000 	C:\Windows\System32\IMM32.DLL
0x00007ffc13c00000 - 0x00007ffc13c0c000 	C:\Users\39\.jdks\jbr-17.0.14\bin\vcruntime140_1.dll
0x00007ffc06010000 - 0x00007ffc0609d000 	C:\Users\39\.jdks\jbr-17.0.14\bin\msvcp140.dll
0x00007ffbd5220000 - 0x00007ffbd5eae000 	C:\Users\39\.jdks\jbr-17.0.14\bin\server\jvm.dll
0x00007ffc20670000 - 0x00007ffc2071f000 	C:\Windows\System32\ADVAPI32.dll
0x00007ffc205d0000 - 0x00007ffc2066f000 	C:\Windows\System32\sechost.dll
0x00007ffc20e60000 - 0x00007ffc20f83000 	C:\Windows\System32\RPCRT4.dll
0x00007ffc1fd00000 - 0x00007ffc1fd27000 	C:\Windows\System32\bcrypt.dll
0x00007ffc21070000 - 0x00007ffc210db000 	C:\Windows\System32\WS2_32.dll
0x00007ffc1f850000 - 0x00007ffc1f89b000 	C:\Windows\SYSTEM32\POWRPROF.dll
0x00007ffc13950000 - 0x00007ffc13977000 	C:\Windows\SYSTEM32\WINMM.dll
0x00007ffc1bbb0000 - 0x00007ffc1bbba000 	C:\Windows\SYSTEM32\VERSION.dll
0x00007ffc1f830000 - 0x00007ffc1f842000 	C:\Windows\SYSTEM32\UMPDC.dll
0x00007ffc1e330000 - 0x00007ffc1e342000 	C:\Windows\SYSTEM32\kernel.appcore.dll
0x00007ffc12450000 - 0x00007ffc1245a000 	C:\Users\39\.jdks\jbr-17.0.14\bin\jimage.dll
0x00007ffc1d890000 - 0x00007ffc1da74000 	C:\Windows\SYSTEM32\DBGHELP.DLL
0x00007ffc17ff0000 - 0x00007ffc18024000 	C:\Windows\SYSTEM32\dbgcore.DLL
0x00007ffc20000000 - 0x00007ffc20082000 	C:\Windows\System32\bcryptPrimitives.dll
0x00007ffc0edc0000 - 0x00007ffc0edce000 	C:\Users\39\.jdks\jbr-17.0.14\bin\instrument.dll
0x00007ffc0d420000 - 0x00007ffc0d445000 	C:\Users\39\.jdks\jbr-17.0.14\bin\java.dll
0x00007ffbf9370000 - 0x00007ffbf9447000 	C:\Users\39\.jdks\jbr-17.0.14\bin\jsvml.dll
0x00007ffc21ba0000 - 0x00007ffc2230d000 	C:\Windows\System32\SHELL32.dll
0x00007ffc1da80000 - 0x00007ffc1e224000 	C:\Windows\SYSTEM32\windows.storage.dll
0x00007ffc208c0000 - 0x00007ffc20c15000 	C:\Windows\System32\combase.dll
0x00007ffc1f470000 - 0x00007ffc1f49b000 	C:\Windows\SYSTEM32\Wldp.dll
0x00007ffc21850000 - 0x00007ffc2191d000 	C:\Windows\System32\OLEAUT32.dll
0x00007ffc20c20000 - 0x00007ffc20ccd000 	C:\Windows\System32\SHCORE.dll
0x00007ffc21b40000 - 0x00007ffc21b95000 	C:\Windows\System32\shlwapi.dll
0x00007ffc1fa40000 - 0x00007ffc1fa65000 	C:\Windows\SYSTEM32\profapi.dll
0x00007ffc0d350000 - 0x00007ffc0d368000 	C:\Users\39\.jdks\jbr-17.0.14\bin\zip.dll
0x00007ffc0d330000 - 0x00007ffc0d349000 	C:\Users\39\.jdks\jbr-17.0.14\bin\net.dll
0x00007ffc181a0000 - 0x00007ffc182aa000 	C:\Windows\SYSTEM32\WINHTTP.dll
0x00007ffc1f1d0000 - 0x00007ffc1f23c000 	C:\Windows\system32\mswsock.dll
0x00007ffc0d2c0000 - 0x00007ffc0d2d6000 	C:\Users\39\.jdks\jbr-17.0.14\bin\nio.dll
0x00007ffc07ee0000 - 0x00007ffc07efa000 	C:\Program Files\JetBrains\IntelliJ IDEA 2024.2.2\bin\breakgen64.dll
0x00007ffc0d410000 - 0x00007ffc0d419000 	C:\Users\39\.jdks\jbr-17.0.14\bin\extnet.dll
0x00007ffbefc60000 - 0x00007ffbefc84000 	C:\Users\39\AppData\Local\Temp\jansi-2.4.1-a824049b788a8ed0-jansi.dll
0x00007ffc0d300000 - 0x00007ffc0d310000 	C:\Users\39\.jdks\jbr-17.0.14\bin\verify.dll

dbghelp: loaded successfully - version: 4.0.5 - missing functions: none
symbol engine: initialized successfully - sym options: 0x614 - pdb path: .;C:\Users\39\.jdks\jbr-17.0.14\bin;C:\Windows\SYSTEM32;C:\Windows\WinSxS\amd64_microsoft.windows.common-controls_6595b64144ccf1df_6.0.19041.4355_none_60b8b9eb71f62e16;C:\Users\39\.jdks\jbr-17.0.14\bin\server;C:\Program Files\JetBrains\IntelliJ IDEA 2024.2.2\bin;C:\Users\39\AppData\Local\Temp

VM Arguments:
jvm_args: -Dmaven.multiModuleProjectDirectory=C:\Users\39\Documents\GitHub\DevAthletes\DevAthletes\gymify -Djansi.passthrough=true -Dmaven.home=C:\Program Files\JetBrains\IntelliJ IDEA 2024.2.2\plugins\maven\lib\maven3 -Dclassworlds.conf=C:\Program Files\JetBrains\IntelliJ IDEA 2024.2.2\plugins\maven\lib\maven3\bin\m2.conf -Dmaven.ext.class.path=C:\Program Files\JetBrains\IntelliJ IDEA 2024.2.2\plugins\maven\lib\maven-event-listener.jar -javaagent:C:\Program Files\JetBrains\IntelliJ IDEA 2024.2.2\lib\idea_rt.jar=59058:C:\Program Files\JetBrains\IntelliJ IDEA 2024.2.2\bin -Dfile.encoding=UTF-8 
java_command: org.codehaus.classworlds.Launcher -Didea.version=2024.2.2 org.openjfx:javafx-maven-plugin:0.0.8:run
java_class_path (initial): C:\Program Files\JetBrains\IntelliJ IDEA 2024.2.2\plugins\maven\lib\maven3\boot\plexus-classworlds-2.8.0.jar;C:\Program Files\JetBrains\IntelliJ IDEA 2024.2.2\plugins\maven\lib\maven3\boot\plexus-classworlds.license
Launcher Type: SUN_STANDARD

[Global flags]
     intx CICompilerCount                          = 4                                         {product} {ergonomic}
     uint ConcGCThreads                            = 2                                         {product} {ergonomic}
     uint G1ConcRefinementThreads                  = 8                                         {product} {ergonomic}
   size_t G1HeapRegionSize                         = 1048576                                   {product} {ergonomic}
    uintx GCDrainStackTargetSize                   = 64                                        {product} {ergonomic}
   size_t InitialHeapSize                          = 65011712                                  {product} {ergonomic}
   size_t MarkStackSize                            = 4194304                                   {product} {ergonomic}
   size_t MaxHeapSize                              = 1031798784                                {product} {ergonomic}
   size_t MaxNewSize                               = 618659840                                 {product} {ergonomic}
   size_t MinHeapDeltaBytes                        = 1048576                                   {product} {ergonomic}
   size_t MinHeapSize                              = 8388608                                   {product} {ergonomic}
    uintx NonNMethodCodeHeapSize                   = 5839372                                {pd product} {ergonomic}
    uintx NonProfiledCodeHeapSize                  = 122909434                              {pd product} {ergonomic}
    uintx ProfiledCodeHeapSize                     = 122909434                              {pd product} {ergonomic}
    uintx ReservedCodeCacheSize                    = 251658240                              {pd product} {ergonomic}
     bool SegmentedCodeCache                       = true                                      {product} {ergonomic}
   size_t SoftMaxHeapSize                          = 1031798784                             {manageable} {ergonomic}
     bool UseCompressedClassPointers               = true                           {product lp64_product} {ergonomic}
     bool UseCompressedOops                        = true                           {product lp64_product} {ergonomic}
     bool UseG1GC                                  = true                                      {product} {ergonomic}
     bool UseLargePagesIndividualAllocation        = false                                  {pd product} {ergonomic}

Logging:
Log output configuration:
 #0: stdout all=warning uptime,level,tags
 #1: stderr all=off uptime,level,tags

Environment Variables:
PATH=C:\oraclexe\app\oracle\product\11.2.0\server\bin;C:\Users\39\.jdks\jbr-17.0.12-1\bin;C:\Program Files (x86)\VMware\VMware Workstation\bin\;C:\Users\39\.jdks\jbr-17.0.12\bin;C:\Windows\system32;C:\Windows;C:\Windows\System32\Wbem;C:\Windows\System32\WindowsPowerShell\v1.0\;C:\Windows\System32\OpenSSH\;C:\xampp\php;C:\composer;C:\Program Files\Git\cmd;C:\Program Files (x86)\CodeBlocks\MinGW\bin;C:\Program Files (x86)\GnuWin32\bin;C:\Program Files\Apache\Maven\apache-maven-3.8.8\bin;C:\Users\39\scoop\shims;C:\Users\39\AppData\Local\Microsoft\WindowsApps;C:\Users\39\AppData\Roaming\Composer\vendor\bin;C:\Users\39\AppData\Local\Programs\Microsoft VS Code\bin;C:\Users\39\AppData\Local\GitHubDesktop\bin
USERNAME=39
OS=Windows_NT
PROCESSOR_IDENTIFIER=Intel64 Family 6 Model 142 Stepping 12, GenuineIntel
TMP=C:\Users\39\AppData\Local\Temp
TEMP=C:\Users\39\AppData\Local\Temp



Periodic native trim disabled

JNI global refs:
JNI global refs: 17, weak refs: 51

JNI global refs memory usage: 843, weak refs: 841

Process memory usage:
Resident Set Size: 223368K (5% of 4024112K total physical memory with 185168K free physical memory)

OOME stack traces (most recent first):
Classloader memory used:
Loader org.codehaus.plexus.classworlds.realm.ClassRealm                                : 1726K
Loader jdk.internal.loader.ClassLoaders$AppClassLoader                                 : 1257K
Loader bootstrap                                                                       : 732K
Loader jdk.internal.loader.ClassLoaders$PlatformClassLoader                            : 65567B
Loader jdk.internal.reflect.DelegatingClassLoader                                      : 6868B
Loader org.eclipse.sisu.space.CloningClassSpace$CloningClassLoader                     : 4698B

Classes loaded by more than one classloader:
Class org.codehaus.plexus.util.DirectoryScanner                                       : loaded 2 times (x 113B)
Class org.codehaus.plexus.interpolation.BasicInterpolator                             : loaded 2 times (x 68B)
Class org.codehaus.plexus.util.Scanner                                                : loaded 2 times (x 68B)
Class [Lorg.codehaus.plexus.util.MatchPattern;                                        : loaded 2 times (x 67B)
Class org.codehaus.plexus.interpolation.ValueSource                                   : loaded 2 times (x 68B)
Class org.codehaus.plexus.util.AbstractScanner                                        : loaded 2 times (x 98B)
Class org.codehaus.plexus.util.MatchPattern                                           : loaded 2 times (x 76B)
Class org.codehaus.plexus.interpolation.RecursionInterceptor                          : loaded 2 times (x 68B)
Class org.apache.maven.shared.utils.logging.MessageBuilder                            : loaded 2 times (x 68B)
Class org.apache.maven.shared.utils.logging.AnsiMessageBuilder                        : loaded 2 times (x 124B)
Class [Lorg.apache.maven.shared.utils.logging.Style;                                  : loaded 2 times (x 67B)
Class org.codehaus.plexus.interpolation.PropertiesBasedValueSource                    : loaded 2 times (x 80B)
Class org.codehaus.plexus.interpolation.AbstractValueSource                           : loaded 2 times (x 80B)
Class org.codehaus.plexus.util.MatchPatterns                                          : loaded 2 times (x 74B)
Class org.apache.maven.shared.utils.logging.MessageUtils$1                            : loaded 2 times (x 85B)
Class org.apache.maven.shared.utils.logging.Style                                     : loaded 2 times (x 78B)
Class org.apache.maven.shared.utils.logging.LoggerLevelRenderer                       : loaded 2 times (x 68B)
Class org.codehaus.plexus.util.SelectorUtils                                          : loaded 2 times (x 69B)
Class org.codehaus.plexus.util.StringUtils                                            : loaded 2 times (x 69B)
Class org.apache.maven.shared.utils.logging.MessageUtils                              : loaded 2 times (x 69B)
Class org.codehaus.plexus.interpolation.Interpolator                                  : loaded 2 times (x 68B)


---------------  S Y S T E M  ---------------

OS:
 Windows 10 , 64 bit Build 19041 (10.0.19041.5438)
OS uptime: 9 days 18:46 hours

CPU: total 8 (initial active 8) (4 cores per cpu, 2 threads per core) family 6 model 142 stepping 12 microcode 0xde, cx8, cmov, fxsr, ht, mmx, 3dnowpref, sse, sse2, sse3, ssse3, sse4.1, sse4.2, popcnt, lzcnt, tsc, tscinvbit, avx, avx2, aes, erms, clmul, bmi1, bmi2, adx, fma, vzeroupper, clflush, clflushopt
Processor Information for all 8 processors :
  Max Mhz: 2112, Current Mhz: 1609, Mhz Limit: 1605

Memory: 4k page, system-wide physical 3929M (181M free)
TotalPageFile size 16217M (AvailPageFile size 30M)
current process WorkingSet (physical memory assigned to process): 218M, peak: 222M
current process commit charge ("private bytes"): 290M, peak: 329M

vm_info: OpenJDK 64-Bit Server VM (17.0.14+1-b1367.22) for windows-amd64 JRE (17.0.14+1-b1367.22), built on 2025-01-30 by "builduser" with MS VC++ 16.10 / 16.11 (VS2019)

END.
