#
# There is insufficient memory for the Java Runtime Environment to continue.
# Native memory allocation (malloc) failed to allocate 634496 bytes. Error detail: Chunk::new
# Possible reasons:
#   The system is out of physical RAM or swap space
#   This process is running with CompressedOops enabled, and the Java Heap may be blocking the growth of the native heap
# Possible solutions:
#   Reduce memory load on the system
#   Increase physical memory or swap space
#   Check if swap backing store is full
#   Decrease Java heap size (-Xmx/-Xms)
#   Decrease number of Java threads
#   Decrease Java thread stack sizes (-Xss)
#   Set larger code cache with -XX:ReservedCodeCacheSize=
#   JVM is running with Unscaled Compressed Oops mode in which the Java heap is
#     placed in the first 4GB address space. The Java Heap base address is the
#     maximum limit for the native heap growth. Please use -XX:HeapBaseMinAddress
#     to set the Java Heap base and to place the Java Heap above 4GB virtual address.
# This output file may be truncated or incomplete.
#
#  Out of Memory Error (arena.cpp:191), pid=2336, tid=17384
#
# JRE version: OpenJDK Runtime Environment JBR-17.0.12+1-1207.37-nomod (17.0.12+1) (build 17.0.12+1-b1207.37)
# Java VM: OpenJDK 64-Bit Server VM JBR-17.0.12+1-1207.37-nomod (17.0.12+1-b1207.37, mixed mode, sharing, tiered, compressed oops, compressed class ptrs, g1 gc, windows-amd64)
# No core dump will be written. Minidumps are not enabled by default on client versions of Windows
#

---------------  S U M M A R Y ------------

Command Line: -Dmaven.multiModuleProjectDirectory=C:\Users\39\Documents\GitHub\DevAthletes\DevAthletes\gymify -Djansi.passthrough=true -Dmaven.home=C:\Program Files\JetBrains\IntelliJ IDEA 2024.2.2\plugins\maven\lib\maven3 -Dclassworlds.conf=C:\Program Files\JetBrains\IntelliJ IDEA 2024.2.2\plugins\maven\lib\maven3\bin\m2.conf -Dmaven.ext.class.path=C:\Program Files\JetBrains\IntelliJ IDEA 2024.2.2\plugins\maven\lib\maven-event-listener.jar -javaagent:C:\Program Files\JetBrains\IntelliJ IDEA 2024.2.2\lib\idea_rt.jar=61761:C:\Program Files\JetBrains\IntelliJ IDEA 2024.2.2\bin -Dfile.encoding=UTF-8 org.codehaus.classworlds.Launcher -Didea.version=2024.2.2 org.openjfx:javafx-maven-plugin:0.0.8:run

Host: Intel(R) Core(TM) i5-10210U CPU @ 1.60GHz, 8 cores, 3G,  Windows 10 , 64 bit Build 19041 (10.0.19041.5438)
Time: Thu Mar  6 14:33:17 2025 Paris, Madrid elapsed time: 1.352232 seconds (0d 0h 0m 1s)

---------------  T H R E A D  ---------------

Current thread (0x000001e75d5f7b10):  JavaThread "C2 CompilerThread0" daemon [_thread_in_native, id=17384, stack(0x0000002039e00000,0x0000002039f00000)]


Current CompileTask:
C2:   1352 1505   !   4       java.lang.String::<init> (840 bytes)

Stack: [0x0000002039e00000,0x0000002039f00000]
Native frames: (J=compiled Java code, j=interpreted, Vv=VM code, C=native code)
V  [jvm.dll+0x689d89]


---------------  P R O C E S S  ---------------

Threads class SMR info:
_java_thread_list=0x000001e762005fd0, length=13, elements={
0x000001e743d10940, 0x000001e75d5da140, 0x000001e75d5db280, 0x000001e75d5ece60,
0x000001e75d5f0460, 0x000001e75d5f10e0, 0x000001e75d5f15c0, 0x000001e75d5f7b10,
0x000001e75d5ff0a0, 0x000001e75d605030, 0x000001e75d6ae860, 0x000001e75da5c140,
0x000001e75da0d6d0
}

Java Threads: ( => current thread )
  0x000001e743d10940 JavaThread "main" [_thread_blocked, id=10652, stack(0x0000002039100000,0x0000002039200000)]
  0x000001e75d5da140 JavaThread "Reference Handler" daemon [_thread_blocked, id=16444, stack(0x0000002039800000,0x0000002039900000)]
  0x000001e75d5db280 JavaThread "Finalizer" daemon [_thread_blocked, id=17212, stack(0x0000002039900000,0x0000002039a00000)]
  0x000001e75d5ece60 JavaThread "Signal Dispatcher" daemon [_thread_blocked, id=4776, stack(0x0000002039a00000,0x0000002039b00000)]
  0x000001e75d5f0460 JavaThread "Attach Listener" daemon [_thread_blocked, id=8792, stack(0x0000002039b00000,0x0000002039c00000)]
  0x000001e75d5f10e0 JavaThread "Service Thread" daemon [_thread_blocked, id=4748, stack(0x0000002039c00000,0x0000002039d00000)]
  0x000001e75d5f15c0 JavaThread "Monitor Deflation Thread" daemon [_thread_blocked, id=16672, stack(0x0000002039d00000,0x0000002039e00000)]
=>0x000001e75d5f7b10 JavaThread "C2 CompilerThread0" daemon [_thread_in_native, id=17384, stack(0x0000002039e00000,0x0000002039f00000)]
  0x000001e75d5ff0a0 JavaThread "C1 CompilerThread0" daemon [_thread_blocked, id=5912, stack(0x0000002039f00000,0x000000203a000000)]
  0x000001e75d605030 JavaThread "Sweeper thread" daemon [_thread_blocked, id=12400, stack(0x000000203a000000,0x000000203a100000)]
  0x000001e75d6ae860 JavaThread "Common-Cleaner" daemon [_thread_blocked, id=13120, stack(0x000000203a100000,0x000000203a200000)]
  0x000001e75da5c140 JavaThread "Monitor Ctrl-Break" daemon [_thread_in_native, id=1368, stack(0x000000203a200000,0x000000203a300000)]
  0x000001e75da0d6d0 JavaThread "Notification Thread" daemon [_thread_blocked, id=17708, stack(0x000000203a300000,0x000000203a400000)]

Other Threads:
  0x000001e75d5d6f90 VMThread "VM Thread" [stack: 0x0000002039700000,0x0000002039800000] [id=17396]
  0x000001e75da18a80 WatcherThread [stack: 0x000000203a400000,0x000000203a500000] [id=18248]
  0x000001e743d4c250 GCTaskThread "GC Thread#0" [stack: 0x0000002039200000,0x0000002039300000] [id=4636]
  0x000001e762597e30 GCTaskThread "GC Thread#1" [stack: 0x000000203a500000,0x000000203a600000] [id=13428]
  0x000001e76251f9b0 GCTaskThread "GC Thread#2" [stack: 0x000000203a600000,0x000000203a700000] [id=9312]
  0x000001e76205d2c0 GCTaskThread "GC Thread#3" [stack: 0x000000203a700000,0x000000203a800000] [id=5872]
  0x000001e76297a570 GCTaskThread "GC Thread#4" [stack: 0x000000203a800000,0x000000203a900000] [id=6784]
  0x000001e7625eb830 GCTaskThread "GC Thread#5" [stack: 0x000000203a900000,0x000000203aa00000] [id=13032]
  0x000001e7625ebaf0 GCTaskThread "GC Thread#6" [stack: 0x000000203aa00000,0x000000203ab00000] [id=2416]
  0x000001e743d50cd0 ConcurrentGCThread "G1 Main Marker" [stack: 0x0000002039300000,0x0000002039400000] [id=7468]
  0x000001e743bee680 ConcurrentGCThread "G1 Conc#0" [stack: 0x0000002039400000,0x0000002039500000] [id=13668]
  0x000001e743da43e0 ConcurrentGCThread "G1 Refine#0" [stack: 0x0000002039500000,0x0000002039600000] [id=4832]
  0x000001e743da7d50 ConcurrentGCThread "G1 Service" [stack: 0x0000002039600000,0x0000002039700000] [id=8108]

Threads with active compile tasks:
C2 CompilerThread0     1471 1505   !   4       java.lang.String::<init> (840 bytes)

VM state: at safepoint (normal execution)

VM Mutex/Monitor currently owned by a thread:  ([mutex/lock_event])
[0x000001e743d0bb70] Threads_lock - owner thread: 0x000001e75d5d6f90
[0x000001e743d0c470] Heap_lock - owner thread: 0x000001e743d10940

Heap address: 0x00000000c2800000, size: 984 MB, Compressed Oops mode: 32-bit

CDS archive(s) mapped at: [0x000001e700000000-0x000001e700c00000-0x000001e700c00000), size 12582912, SharedBaseAddress: 0x000001e700000000, ArchiveRelocationMode: 1.
Compressed class space mapped at: 0x000001e701000000-0x000001e741000000, reserved size: 1073741824
Narrow klass base: 0x000001e700000000, Narrow klass shift: 0, Narrow klass range: 0x100000000

GC Precious Log:
 CPUs: 8 total, 8 available
 Memory: 3929M
 Large Page Support: Disabled
 NUMA Support: Disabled
 Compressed Oops: Enabled (32-bit)
 Heap Region Size: 1M
 Heap Min Capacity: 8M
 Heap Initial Capacity: 62M
 Heap Max Capacity: 984M
 Pre-touch: Disabled
 Parallel Workers: 8
 Concurrent Workers: 2
 Concurrent Refinement Workers: 8
 Periodic GC: Disabled

Heap:
 garbage-first heap   total 63488K, used 30328K [0x00000000c2800000, 0x0000000100000000)
  region size 1024K, 27 young (27648K), 1 survivors (1024K)
 Metaspace       used 8997K, committed 9216K, reserved 1114112K
  class space    used 1113K, committed 1216K, reserved 1048576K

Heap Regions: E=young(eden), S=young(survivor), O=old, HS=humongous(starts), HC=humongous(continues), CS=collection set, F=free, OA=open archive, CA=closed archive, TAMS=top-at-mark-start (previous, next)
|   0|0x00000000c2800000, 0x00000000c2900000, 0x00000000c2900000|100%| O|  |TAMS 0x00000000c2800000, 0x00000000c2800000| Untracked 
|   1|0x00000000c2900000, 0x00000000c2a00000, 0x00000000c2a00000|100%| O|  |TAMS 0x00000000c2900000, 0x00000000c2900000| Untracked 
|   2|0x00000000c2a00000, 0x00000000c2a566a0, 0x00000000c2b00000| 33%| O|  |TAMS 0x00000000c2a00000, 0x00000000c2a00000| Untracked 
|   3|0x00000000c2b00000, 0x00000000c2b00000, 0x00000000c2c00000|  0%| F|  |TAMS 0x00000000c2b00000, 0x00000000c2b00000| Untracked 
|   4|0x00000000c2c00000, 0x00000000c2c00000, 0x00000000c2d00000|  0%| F|  |TAMS 0x00000000c2c00000, 0x00000000c2c00000| Untracked 
|   5|0x00000000c2d00000, 0x00000000c2d00000, 0x00000000c2e00000|  0%| F|  |TAMS 0x00000000c2d00000, 0x00000000c2d00000| Untracked 
|   6|0x00000000c2e00000, 0x00000000c2e00000, 0x00000000c2f00000|  0%| F|  |TAMS 0x00000000c2e00000, 0x00000000c2e00000| Untracked 
|   7|0x00000000c2f00000, 0x00000000c2f00000, 0x00000000c3000000|  0%| F|  |TAMS 0x00000000c2f00000, 0x00000000c2f00000| Untracked 
|   8|0x00000000c3000000, 0x00000000c3000000, 0x00000000c3100000|  0%| F|  |TAMS 0x00000000c3000000, 0x00000000c3000000| Untracked 
|   9|0x00000000c3100000, 0x00000000c3100000, 0x00000000c3200000|  0%| F|  |TAMS 0x00000000c3100000, 0x00000000c3100000| Untracked 
|  10|0x00000000c3200000, 0x00000000c3200000, 0x00000000c3300000|  0%| F|  |TAMS 0x00000000c3200000, 0x00000000c3200000| Untracked 
|  11|0x00000000c3300000, 0x00000000c3300000, 0x00000000c3400000|  0%| F|  |TAMS 0x00000000c3300000, 0x00000000c3300000| Untracked 
|  12|0x00000000c3400000, 0x00000000c3400000, 0x00000000c3500000|  0%| F|  |TAMS 0x00000000c3400000, 0x00000000c3400000| Untracked 
|  13|0x00000000c3500000, 0x00000000c3500000, 0x00000000c3600000|  0%| F|  |TAMS 0x00000000c3500000, 0x00000000c3500000| Untracked 
|  14|0x00000000c3600000, 0x00000000c3600000, 0x00000000c3700000|  0%| F|  |TAMS 0x00000000c3600000, 0x00000000c3600000| Untracked 
|  15|0x00000000c3700000, 0x00000000c3700000, 0x00000000c3800000|  0%| F|  |TAMS 0x00000000c3700000, 0x00000000c3700000| Untracked 
|  16|0x00000000c3800000, 0x00000000c3800000, 0x00000000c3900000|  0%| F|  |TAMS 0x00000000c3800000, 0x00000000c3800000| Untracked 
|  17|0x00000000c3900000, 0x00000000c3900000, 0x00000000c3a00000|  0%| F|  |TAMS 0x00000000c3900000, 0x00000000c3900000| Untracked 
|  18|0x00000000c3a00000, 0x00000000c3a00000, 0x00000000c3b00000|  0%| F|  |TAMS 0x00000000c3a00000, 0x00000000c3a00000| Untracked 
|  19|0x00000000c3b00000, 0x00000000c3b00000, 0x00000000c3c00000|  0%| F|  |TAMS 0x00000000c3b00000, 0x00000000c3b00000| Untracked 
|  20|0x00000000c3c00000, 0x00000000c3c00000, 0x00000000c3d00000|  0%| F|  |TAMS 0x00000000c3c00000, 0x00000000c3c00000| Untracked 
|  21|0x00000000c3d00000, 0x00000000c3d00000, 0x00000000c3e00000|  0%| F|  |TAMS 0x00000000c3d00000, 0x00000000c3d00000| Untracked 
|  22|0x00000000c3e00000, 0x00000000c3e00000, 0x00000000c3f00000|  0%| F|  |TAMS 0x00000000c3e00000, 0x00000000c3e00000| Untracked 
|  23|0x00000000c3f00000, 0x00000000c3f00000, 0x00000000c4000000|  0%| F|  |TAMS 0x00000000c3f00000, 0x00000000c3f00000| Untracked 
|  24|0x00000000c4000000, 0x00000000c4000000, 0x00000000c4100000|  0%| F|  |TAMS 0x00000000c4000000, 0x00000000c4000000| Untracked 
|  25|0x00000000c4100000, 0x00000000c4100000, 0x00000000c4200000|  0%| F|  |TAMS 0x00000000c4100000, 0x00000000c4100000| Untracked 
|  26|0x00000000c4200000, 0x00000000c4200000, 0x00000000c4300000|  0%| F|  |TAMS 0x00000000c4200000, 0x00000000c4200000| Untracked 
|  27|0x00000000c4300000, 0x00000000c4300000, 0x00000000c4400000|  0%| F|  |TAMS 0x00000000c4300000, 0x00000000c4300000| Untracked 
|  28|0x00000000c4400000, 0x00000000c4400000, 0x00000000c4500000|  0%| F|  |TAMS 0x00000000c4400000, 0x00000000c4400000| Untracked 
|  29|0x00000000c4500000, 0x00000000c4500000, 0x00000000c4600000|  0%| F|  |TAMS 0x00000000c4500000, 0x00000000c4500000| Untracked 
|  30|0x00000000c4600000, 0x00000000c4600000, 0x00000000c4700000|  0%| F|  |TAMS 0x00000000c4600000, 0x00000000c4600000| Untracked 
|  31|0x00000000c4700000, 0x00000000c4700000, 0x00000000c4800000|  0%| F|  |TAMS 0x00000000c4700000, 0x00000000c4700000| Untracked 
|  32|0x00000000c4800000, 0x00000000c4900000, 0x00000000c4900000|100%| S|  |TAMS 0x00000000c4800000, 0x00000000c4800000| Complete 
|  33|0x00000000c4900000, 0x00000000c4a00000, 0x00000000c4a00000|100%| E|CS|TAMS 0x00000000c4900000, 0x00000000c4900000| Complete 
|  34|0x00000000c4a00000, 0x00000000c4b00000, 0x00000000c4b00000|100%| E|CS|TAMS 0x00000000c4a00000, 0x00000000c4a00000| Complete 
|  35|0x00000000c4b00000, 0x00000000c4c00000, 0x00000000c4c00000|100%| E|CS|TAMS 0x00000000c4b00000, 0x00000000c4b00000| Complete 
|  36|0x00000000c4c00000, 0x00000000c4d00000, 0x00000000c4d00000|100%| E|CS|TAMS 0x00000000c4c00000, 0x00000000c4c00000| Complete 
|  37|0x00000000c4d00000, 0x00000000c4e00000, 0x00000000c4e00000|100%| E|CS|TAMS 0x00000000c4d00000, 0x00000000c4d00000| Complete 
|  38|0x00000000c4e00000, 0x00000000c4f00000, 0x00000000c4f00000|100%| E|CS|TAMS 0x00000000c4e00000, 0x00000000c4e00000| Complete 
|  39|0x00000000c4f00000, 0x00000000c5000000, 0x00000000c5000000|100%| E|CS|TAMS 0x00000000c4f00000, 0x00000000c4f00000| Complete 
|  40|0x00000000c5000000, 0x00000000c5100000, 0x00000000c5100000|100%| E|CS|TAMS 0x00000000c5000000, 0x00000000c5000000| Complete 
|  41|0x00000000c5100000, 0x00000000c5200000, 0x00000000c5200000|100%| E|CS|TAMS 0x00000000c5100000, 0x00000000c5100000| Complete 
|  42|0x00000000c5200000, 0x00000000c5300000, 0x00000000c5300000|100%| E|CS|TAMS 0x00000000c5200000, 0x00000000c5200000| Complete 
|  43|0x00000000c5300000, 0x00000000c5400000, 0x00000000c5400000|100%| E|CS|TAMS 0x00000000c5300000, 0x00000000c5300000| Complete 
|  44|0x00000000c5400000, 0x00000000c5500000, 0x00000000c5500000|100%| E|CS|TAMS 0x00000000c5400000, 0x00000000c5400000| Complete 
|  45|0x00000000c5500000, 0x00000000c5600000, 0x00000000c5600000|100%| E|CS|TAMS 0x00000000c5500000, 0x00000000c5500000| Complete 
|  46|0x00000000c5600000, 0x00000000c5700000, 0x00000000c5700000|100%| E|CS|TAMS 0x00000000c5600000, 0x00000000c5600000| Complete 
|  47|0x00000000c5700000, 0x00000000c5800000, 0x00000000c5800000|100%| E|CS|TAMS 0x00000000c5700000, 0x00000000c5700000| Complete 
|  48|0x00000000c5800000, 0x00000000c5900000, 0x00000000c5900000|100%| E|CS|TAMS 0x00000000c5800000, 0x00000000c5800000| Complete 
|  49|0x00000000c5900000, 0x00000000c5a00000, 0x00000000c5a00000|100%| E|CS|TAMS 0x00000000c5900000, 0x00000000c5900000| Complete 
|  50|0x00000000c5a00000, 0x00000000c5b00000, 0x00000000c5b00000|100%| E|CS|TAMS 0x00000000c5a00000, 0x00000000c5a00000| Complete 
|  51|0x00000000c5b00000, 0x00000000c5c00000, 0x00000000c5c00000|100%| E|CS|TAMS 0x00000000c5b00000, 0x00000000c5b00000| Complete 
|  52|0x00000000c5c00000, 0x00000000c5d00000, 0x00000000c5d00000|100%| E|CS|TAMS 0x00000000c5c00000, 0x00000000c5c00000| Complete 
|  53|0x00000000c5d00000, 0x00000000c5e00000, 0x00000000c5e00000|100%| E|CS|TAMS 0x00000000c5d00000, 0x00000000c5d00000| Complete 
|  54|0x00000000c5e00000, 0x00000000c5f00000, 0x00000000c5f00000|100%| E|CS|TAMS 0x00000000c5e00000, 0x00000000c5e00000| Complete 
|  55|0x00000000c5f00000, 0x00000000c6000000, 0x00000000c6000000|100%| E|CS|TAMS 0x00000000c5f00000, 0x00000000c5f00000| Complete 
|  56|0x00000000c6000000, 0x00000000c6100000, 0x00000000c6100000|100%| E|CS|TAMS 0x00000000c6000000, 0x00000000c6000000| Complete 
|  57|0x00000000c6100000, 0x00000000c6200000, 0x00000000c6200000|100%| E|CS|TAMS 0x00000000c6100000, 0x00000000c6100000| Complete 
|  58|0x00000000c6200000, 0x00000000c6300000, 0x00000000c6300000|100%| E|CS|TAMS 0x00000000c6200000, 0x00000000c6200000| Complete 
|  59|0x00000000c6300000, 0x00000000c6400000, 0x00000000c6400000|100%| E|CS|TAMS 0x00000000c6300000, 0x00000000c6300000| Complete 
|  60|0x00000000c6400000, 0x00000000c6500000, 0x00000000c6500000|100%| E|CS|TAMS 0x00000000c6400000, 0x00000000c6400000| Complete 
|  61|0x00000000c6500000, 0x00000000c6600000, 0x00000000c6600000|100%| E|CS|TAMS 0x00000000c6500000, 0x00000000c6500000| Complete 

Card table byte_map: [0x000001e758920000,0x000001e758b10000] _byte_map_base: 0x000001e75830c000

Marking Bits (Prev, Next): (CMBitMap*) 0x000001e743d4c870, (CMBitMap*) 0x000001e743d4c8b0
 Prev Bits: [0x000001e758d00000, 0x000001e759c60000)
 Next Bits: [0x000001e759c60000, 0x000001e75abc0000)

Polling page: 0x000001e748ca0000

Metaspace:

Usage:
  Non-class:      7.70 MB used.
      Class:      1.09 MB used.
       Both:      8.79 MB used.

Virtual space:
  Non-class space:       64.00 MB reserved,       7.81 MB ( 12%) committed,  1 nodes.
      Class space:        1.00 GB reserved,       1.19 MB ( <1%) committed,  1 nodes.
             Both:        1.06 GB reserved,       9.00 MB ( <1%) committed. 

Chunk freelists:
   Non-Class:  6.98 MB
       Class:  14.66 MB
        Both:  21.64 MB

MaxMetaspaceSize: unlimited
CompressedClassSpaceSize: 1.00 GB
Initial GC threshold: 21.00 MB
Current GC threshold: 21.00 MB
CDS: on
MetaspaceReclaimPolicy: balanced
 - commit_granule_bytes: 65536.
 - commit_granule_words: 8192.
 - virtual_space_node_default_size: 8388608.
 - enlarge_chunks_in_place: 1.
 - new_chunks_are_fully_committed: 0.
 - uncommit_free_chunks: 1.
 - use_allocation_guard: 0.
 - handle_deallocations: 1.


Internal statistics:

num_allocs_failed_limit: 0.
num_arena_births: 52.
num_arena_deaths: 0.
num_vsnodes_births: 2.
num_vsnodes_deaths: 0.
num_space_committed: 144.
num_space_uncommitted: 0.
num_chunks_returned_to_freelist: 0.
num_chunks_taken_from_freelist: 338.
num_chunk_merges: 0.
num_chunk_splits: 221.
num_chunks_enlarged: 177.
num_inconsistent_stats: 0.

CodeHeap 'non-profiled nmethods': size=120000Kb used=593Kb max_used=593Kb free=119406Kb
 bounds [0x000001e750790000, 0x000001e750a00000, 0x000001e757cc0000]
CodeHeap 'profiled nmethods': size=120000Kb used=3167Kb max_used=3167Kb free=116833Kb
 bounds [0x000001e748cc0000, 0x000001e748fe0000, 0x000001e7501f0000]
CodeHeap 'non-nmethods': size=5760Kb used=1157Kb max_used=1194Kb free=4602Kb
 bounds [0x000001e7501f0000, 0x000001e750460000, 0x000001e750790000]
 total_blobs=2070 nmethods=1619 adapters=364
 compilation: enabled
              stopped_count=0, restarted_count=0
 full_count=0

Compilation events (20 events):
Event: 1.330 Thread 0x000001e75d5ff0a0 1516       3       java.net.URLClassLoader$2::<init> (15 bytes)
Event: 1.330 Thread 0x000001e75d5ff0a0 nmethod 1516 0x000001e748f93d10 code [0x000001e748f93ec0, 0x000001e748f940d8]
Event: 1.330 Thread 0x000001e75d5ff0a0 1517       3       java.net.URLClassLoader$2::run (5 bytes)
Event: 1.331 Thread 0x000001e75d5ff0a0 nmethod 1517 0x000001e748f94190 code [0x000001e748f94340, 0x000001e748f94528]
Event: 1.331 Thread 0x000001e75d5ff0a0 1513       3       com.google.inject.internal.BindingBuilder::<init> (10 bytes)
Event: 1.331 Thread 0x000001e75d5ff0a0 nmethod 1513 0x000001e748f94690 code [0x000001e748f94820, 0x000001e748f94968]
Event: 1.331 Thread 0x000001e75d5ff0a0 1514       3       com.google.inject.internal.AbstractBindingBuilder::<init> (56 bytes)
Event: 1.331 Thread 0x000001e75d5ff0a0 nmethod 1514 0x000001e748f94a10 code [0x000001e748f94c00, 0x000001e748f952f8]
Event: 1.334 Thread 0x000001e75d5ff0a0 1518       3       java.lang.Class::isAnnotationPresent (6 bytes)
Event: 1.335 Thread 0x000001e75d5ff0a0 nmethod 1518 0x000001e748f95510 code [0x000001e748f95700, 0x000001e748f95ca8]
Event: 1.335 Thread 0x000001e75d5ff0a0 1519       3       sun.nio.fs.WindowsFileSystem::getPath (106 bytes)
Event: 1.336 Thread 0x000001e75d5ff0a0 nmethod 1519 0x000001e748f95e90 code [0x000001e748f96120, 0x000001e748f96bb8]
Event: 1.336 Thread 0x000001e75d5ff0a0 1520       3       sun.nio.fs.WindowsPath::parse (26 bytes)
Event: 1.336 Thread 0x000001e75d5ff0a0 nmethod 1520 0x000001e748f97090 code [0x000001e748f97260, 0x000001e748f97708]
Event: 1.336 Thread 0x000001e75d5ff0a0 1521       3       sun.nio.fs.WindowsPathParser::isLetter (30 bytes)
Event: 1.336 Thread 0x000001e75d5ff0a0 nmethod 1521 0x000001e748f97890 code [0x000001e748f97a20, 0x000001e748f97c18]
Event: 1.337 Thread 0x000001e75d5ff0a0 1522       3       org.eclipse.sisu.space.IndexedClassFinder$1::hasMoreElements (87 bytes)
Event: 1.337 Thread 0x000001e75d5ff0a0 nmethod 1522 0x000001e748f97c90 code [0x000001e748f97f20, 0x000001e748f98ae8]
Event: 1.344 Thread 0x000001e75d5ff0a0 1524       3       com.google.inject.internal.AbstractBindingBuilder::checkNotTargetted (26 bytes)
Event: 1.344 Thread 0x000001e75d5ff0a0 nmethod 1524 0x000001e748f98e90 code [0x000001e748f99040, 0x000001e748f993c8]

GC Heap History (2 events):
Event: 0.875 GC heap before
{Heap before GC invocations=0 (full 0):
 garbage-first heap   total 63488K, used 23552K [0x00000000c2800000, 0x0000000100000000)
  region size 1024K, 23 young (23552K), 0 survivors (0K)
 Metaspace       used 6025K, committed 6208K, reserved 1114112K
  class space    used 742K, committed 832K, reserved 1048576K
}
Event: 0.884 GC heap after
{Heap after GC invocations=1 (full 0):
 garbage-first heap   total 63488K, used 3704K [0x00000000c2800000, 0x0000000100000000)
  region size 1024K, 3 young (3072K), 3 survivors (3072K)
 Metaspace       used 6025K, committed 6208K, reserved 1114112K
  class space    used 742K, committed 832K, reserved 1048576K
}

Dll operation events (4 events):
Event: 0.018 Loaded shared library C:\Users\39\.jdks\jbr-17.0.12-1\bin\java.dll
Event: 0.036 Loaded shared library C:\Users\39\.jdks\jbr-17.0.12-1\bin\jsvml.dll
Event: 0.081 Loaded shared library C:\Users\39\.jdks\jbr-17.0.12-1\bin\zip.dll
Event: 0.254 Loaded shared library C:\Users\39\.jdks\jbr-17.0.12-1\bin\verify.dll

Deoptimization events (20 events):
Event: 1.057 Thread 0x000001e743d10940 DEOPT PACKING pc=0x000001e75080a248 sp=0x00000020391fcc60
Event: 1.057 Thread 0x000001e743d10940 DEOPT UNPACKING pc=0x000001e7502469a3 sp=0x00000020391fcbe8 mode 2
Event: 1.059 Thread 0x000001e743d10940 Uncommon trap: trap_request=0xffffffde fr.pc=0x000001e75080a248 relative=0x0000000000000128
Event: 1.059 Thread 0x000001e743d10940 Uncommon trap: reason=class_check action=maybe_recompile pc=0x000001e75080a248 method=jdk.internal.misc.Unsafe.allocateUninitializedArray(Ljava/lang/Class;I)Ljava/lang/Object; @ 51 c2
Event: 1.059 Thread 0x000001e743d10940 DEOPT PACKING pc=0x000001e75080a248 sp=0x00000020391fbf90
Event: 1.059 Thread 0x000001e743d10940 DEOPT UNPACKING pc=0x000001e7502469a3 sp=0x00000020391fbf18 mode 2
Event: 1.059 Thread 0x000001e743d10940 Uncommon trap: trap_request=0xffffffde fr.pc=0x000001e75080a248 relative=0x0000000000000128
Event: 1.059 Thread 0x000001e743d10940 Uncommon trap: reason=class_check action=maybe_recompile pc=0x000001e75080a248 method=jdk.internal.misc.Unsafe.allocateUninitializedArray(Ljava/lang/Class;I)Ljava/lang/Object; @ 51 c2
Event: 1.059 Thread 0x000001e743d10940 DEOPT PACKING pc=0x000001e75080a248 sp=0x00000020391fc030
Event: 1.059 Thread 0x000001e743d10940 DEOPT UNPACKING pc=0x000001e7502469a3 sp=0x00000020391fbfb8 mode 2
Event: 1.059 Thread 0x000001e743d10940 Uncommon trap: trap_request=0xffffffde fr.pc=0x000001e75080a248 relative=0x0000000000000128
Event: 1.059 Thread 0x000001e743d10940 Uncommon trap: reason=class_check action=maybe_recompile pc=0x000001e75080a248 method=jdk.internal.misc.Unsafe.allocateUninitializedArray(Ljava/lang/Class;I)Ljava/lang/Object; @ 51 c2
Event: 1.059 Thread 0x000001e743d10940 DEOPT PACKING pc=0x000001e75080a248 sp=0x00000020391fbfd0
Event: 1.059 Thread 0x000001e743d10940 DEOPT UNPACKING pc=0x000001e7502469a3 sp=0x00000020391fbf58 mode 2
Event: 1.155 Thread 0x000001e743d10940 Uncommon trap: trap_request=0xffffff45 fr.pc=0x000001e75080e8f4 relative=0x00000000000006d4
Event: 1.155 Thread 0x000001e743d10940 Uncommon trap: reason=unstable_if action=reinterpret pc=0x000001e75080e8f4 method=java.lang.String.<init>([CIILjava/lang/Void;)V @ 5 c2
Event: 1.155 Thread 0x000001e743d10940 DEOPT PACKING pc=0x000001e75080e8f4 sp=0x00000020391fd4e0
Event: 1.155 Thread 0x000001e743d10940 DEOPT UNPACKING pc=0x000001e7502469a3 sp=0x00000020391fd380 mode 2
Event: 1.179 Thread 0x000001e743d10940 DEOPT PACKING pc=0x000001e748eff6f3 sp=0x00000020391fd6d0
Event: 1.179 Thread 0x000001e743d10940 DEOPT UNPACKING pc=0x000001e750247143 sp=0x00000020391fcb40 mode 0

Classes loaded (20 events):
Event: 1.042 Loading class jdk/internal/reflect/ByteVector done
Event: 1.042 Loading class jdk/internal/reflect/ByteVectorImpl done
Event: 1.042 Loading class jdk/internal/reflect/ClassFileAssembler
Event: 1.042 Loading class jdk/internal/reflect/ClassFileAssembler done
Event: 1.042 Loading class jdk/internal/reflect/UTF8
Event: 1.042 Loading class jdk/internal/reflect/UTF8 done
Event: 1.042 Loading class jdk/internal/reflect/Label
Event: 1.043 Loading class jdk/internal/reflect/Label done
Event: 1.043 Loading class jdk/internal/reflect/Label$PatchInfo
Event: 1.043 Loading class jdk/internal/reflect/Label$PatchInfo done
Event: 1.043 Loading class jdk/internal/reflect/MethodAccessorGenerator$1
Event: 1.043 Loading class jdk/internal/reflect/MethodAccessorGenerator$1 done
Event: 1.043 Loading class jdk/internal/reflect/ClassDefiner
Event: 1.043 Loading class jdk/internal/reflect/ClassDefiner done
Event: 1.043 Loading class jdk/internal/reflect/ClassDefiner$1
Event: 1.043 Loading class jdk/internal/reflect/ClassDefiner$1 done
Event: 1.043 Loading class jdk/internal/reflect/BootstrapConstructorAccessorImpl
Event: 1.043 Loading class jdk/internal/reflect/BootstrapConstructorAccessorImpl done
Event: 1.266 Loading class java/lang/Deprecated
Event: 1.267 Loading class java/lang/Deprecated done

Classes unloaded (0 events):
No events

Classes redefined (0 events):
No events

Internal exceptions (20 events):
Event: 0.213 Thread 0x000001e743d10940 Exception <a 'java/lang/NullPointerException'{0x00000000c60438c0}> (0x00000000c60438c0) 
thrown [s\src\hotspot\share\interpreter\linkResolver.cpp, line 1362]
Event: 0.227 Thread 0x000001e743d10940 Exception <a 'sun/nio/fs/WindowsException'{0x00000000c606aa30}> (0x00000000c606aa30) 
thrown [s\src\hotspot\share\prims\jni.cpp, line 531]
Event: 0.249 Thread 0x000001e743d10940 Exception <a 'sun/nio/fs/WindowsException'{0x00000000c5f38440}> (0x00000000c5f38440) 
thrown [s\src\hotspot\share\prims\jni.cpp, line 531]
Event: 0.250 Thread 0x000001e743d10940 Exception <a 'sun/nio/fs/WindowsException'{0x00000000c5f38bf8}> (0x00000000c5f38bf8) 
thrown [s\src\hotspot\share\prims\jni.cpp, line 531]
Event: 0.250 Thread 0x000001e743d10940 Exception <a 'sun/nio/fs/WindowsException'{0x00000000c5f39228}> (0x00000000c5f39228) 
thrown [s\src\hotspot\share\prims\jni.cpp, line 531]
Event: 0.250 Thread 0x000001e743d10940 Exception <a 'sun/nio/fs/WindowsException'{0x00000000c5f397c8}> (0x00000000c5f397c8) 
thrown [s\src\hotspot\share\prims\jni.cpp, line 531]
Event: 0.250 Thread 0x000001e743d10940 Exception <a 'sun/nio/fs/WindowsException'{0x00000000c5f39d48}> (0x00000000c5f39d48) 
thrown [s\src\hotspot\share\prims\jni.cpp, line 531]
Event: 0.250 Thread 0x000001e743d10940 Exception <a 'sun/nio/fs/WindowsException'{0x00000000c5f3a260}> (0x00000000c5f3a260) 
thrown [s\src\hotspot\share\prims\jni.cpp, line 531]
Event: 0.250 Thread 0x000001e743d10940 Exception <a 'sun/nio/fs/WindowsException'{0x00000000c5f3a770}> (0x00000000c5f3a770) 
thrown [s\src\hotspot\share\prims\jni.cpp, line 531]
Event: 0.250 Thread 0x000001e743d10940 Exception <a 'sun/nio/fs/WindowsException'{0x00000000c5f3ac38}> (0x00000000c5f3ac38) 
thrown [s\src\hotspot\share\prims\jni.cpp, line 531]
Event: 0.266 Thread 0x000001e743d10940 Exception <a 'java/lang/NoSuchMethodError'{0x00000000c5f8fee8}: 'void java.lang.invoke.DirectMethodHandle$Holder.invokeStaticInit(java.lang.Object, java.lang.Object)'> (0x00000000c5f8fee8) 
thrown [s\src\hotspot\share\interpreter\linkResolver.cpp, line 771]
Event: 0.279 Thread 0x000001e743d10940 Exception <a 'java/lang/NoSuchMethodError'{0x00000000c5fde180}: 'void java.lang.invoke.DirectMethodHandle$Holder.invokeStatic(java.lang.Object, java.lang.Object, java.lang.Object)'> (0x00000000c5fde180) 
thrown [s\src\hotspot\share\interpreter\linkResolver.cpp, line 771]
Event: 0.355 Thread 0x000001e743d10940 Exception <a 'java/lang/NoSuchMethodError'{0x00000000c5d717d0}: 'java.lang.Object java.lang.invoke.DirectMethodHandle$Holder.invokeSpecialIFC(java.lang.Object, java.lang.Object, java.lang.Object, java.lang.Object)'> (0x00000000c5d717d0) 
thrown [s\src\hotspot\share\interpreter\linkResolver.cpp, line 771]
Event: 0.626 Thread 0x000001e743d10940 Exception <a 'java/lang/NoSuchMethodError'{0x00000000c577d220}: 'void java.lang.invoke.DirectMethodHandle$Holder.invokeSpecial(java.lang.Object, java.lang.Object, java.lang.Object)'> (0x00000000c577d220) 
thrown [s\src\hotspot\share\interpreter\linkResolver.cpp, line 771]
Event: 0.670 Thread 0x000001e743d10940 Exception <a 'java/lang/NoSuchMethodError'{0x00000000c56e9d48}: 'java.lang.Object java.lang.invoke.DirectMethodHandle$Holder.invokeInterface(java.lang.Object, java.lang.Object)'> (0x00000000c56e9d48) 
thrown [s\src\hotspot\share\interpreter\linkResolver.cpp, line 771]
Event: 0.692 Thread 0x000001e743d10940 Exception <a 'java/lang/NoSuchMethodError'{0x00000000c559ab40}: 'java.lang.Object java.lang.invoke.Invokers$Holder.invokeExact_MT(java.lang.Object, java.lang.Object, java.lang.Object, java.lang.Object, java.lang.Object, java.lang.Object)'> (0x00000000c559ab40) 
thrown [s\src\hotspot\share\interpreter\linkResolver.cpp, line 771]
Event: 0.697 Thread 0x000001e743d10940 Exception <a 'java/lang/NoSuchMethodError'{0x00000000c55abf80}: 'int java.lang.invoke.DirectMethodHandle$Holder.invokeSpecialIFC(java.lang.Object, java.lang.Object, java.lang.Object, java.lang.Object, java.lang.Object)'> (0x00000000c55abf80) 
thrown [s\src\hotspot\share\interpreter\linkResolver.cpp, line 771]
Event: 0.770 Thread 0x000001e743d10940 Exception <a 'java/lang/NoSuchMethodError'{0x00000000c535e5f8}: 'java.lang.Object java.lang.invoke.DirectMethodHandle$Holder.newInvokeSpecial(java.lang.Object, java.lang.Object, java.lang.Object, java.lang.Object, java.lang.Object)'> (0x00000000c535e5f8) 
thrown [s\src\hotspot\share\interpreter\linkResolver.cpp, line 771]
Event: 0.810 Thread 0x000001e743d10940 Exception <a 'java/lang/NoSuchMethodError'{0x00000000c526abc0}: 'int java.lang.invoke.DirectMethodHandle$Holder.invokeStaticInit(java.lang.Object, java.lang.Object)'> (0x00000000c526abc0) 
thrown [s\src\hotspot\share\interpreter\linkResolver.cpp, line 771]
Event: 0.818 Thread 0x000001e743d10940 Exception <a 'java/lang/NoClassDefFoundError'{0x00000000c52a6310}: javax/enterprise/inject/Typed> (0x00000000c52a6310) 
thrown [s\src\hotspot\share\classfile\systemDictionary.cpp, line 245]

VM Operations (12 events):
Event: 0.070 Executing VM operation: HandshakeAllThreads
Event: 0.070 Executing VM operation: HandshakeAllThreads done
Event: 0.110 Executing VM operation: HandshakeAllThreads
Event: 0.110 Executing VM operation: HandshakeAllThreads done
Event: 0.212 Executing VM operation: HandshakeAllThreads
Event: 0.212 Executing VM operation: HandshakeAllThreads done
Event: 0.221 Executing VM operation: HandshakeAllThreads
Event: 0.221 Executing VM operation: HandshakeAllThreads done
Event: 0.847 Executing VM operation: ICBufferFull
Event: 0.848 Executing VM operation: ICBufferFull done
Event: 0.873 Executing VM operation: G1CollectForAllocation
Event: 0.884 Executing VM operation: G1CollectForAllocation done

Events (20 events):
Event: 0.049 Thread 0x000001e75d5ece60 Thread added: 0x000001e75d5ece60
Event: 0.049 Thread 0x000001e75d5f0460 Thread added: 0x000001e75d5f0460
Event: 0.049 Thread 0x000001e75d5f10e0 Thread added: 0x000001e75d5f10e0
Event: 0.049 Thread 0x000001e75d5f15c0 Thread added: 0x000001e75d5f15c0
Event: 0.049 Thread 0x000001e75d5f7b10 Thread added: 0x000001e75d5f7b10
Event: 0.049 Thread 0x000001e75d5ff0a0 Thread added: 0x000001e75d5ff0a0
Event: 0.049 Thread 0x000001e75d605030 Thread added: 0x000001e75d605030
Event: 0.064 Thread 0x000001e75d6ae860 Thread added: 0x000001e75d6ae860
Event: 0.083 Loaded shared library C:\Users\39\.jdks\jbr-17.0.12-1\bin\instrument.dll
Event: 0.091 Loaded shared library C:\Users\39\.jdks\jbr-17.0.12-1\bin\net.dll
Event: 0.095 Loaded shared library C:\Users\39\.jdks\jbr-17.0.12-1\bin\nio.dll
Event: 0.098 Loaded shared library C:\Users\39\.jdks\jbr-17.0.12-1\bin\zip.dll
Event: 0.107 Loaded shared library C:\Program Files\JetBrains\IntelliJ IDEA 2024.2.2\bin\breakgen64.dll
Event: 0.108 Thread 0x000001e75da5c140 Thread added: 0x000001e75da5c140
Event: 0.108 Thread 0x000001e75da0d6d0 Thread added: 0x000001e75da0d6d0
Event: 0.119 Loaded shared library C:\Users\39\.jdks\jbr-17.0.12-1\bin\extnet.dll
Event: 0.215 Thread 0x000001e75dca8860 Thread added: 0x000001e75dca8860
Event: 0.217 Loaded shared library C:\Users\39\.jdks\jbr-17.0.12-1\bin\jimage.dll
Event: 0.238 Loaded shared library C:\Users\39\AppData\Local\Temp\jansi-2.4.1-4a95440dda7fc3f4-jansi.dll
Event: 0.344 Thread 0x000001e75dca8860 Thread exited: 0x000001e75dca8860


Dynamic libraries:
0x00007ff620350000 - 0x00007ff62035a000 	C:\Users\39\.jdks\jbr-17.0.12-1\bin\java.exe
0x00007ffe88110000 - 0x00007ffe88308000 	C:\Windows\SYSTEM32\ntdll.dll
0x00007ffe868e0000 - 0x00007ffe869a2000 	C:\Windows\System32\KERNEL32.DLL
0x00007ffe857b0000 - 0x00007ffe85aaf000 	C:\Windows\System32\KERNELBASE.dll
0x00007ffe85ca0000 - 0x00007ffe85da0000 	C:\Windows\System32\ucrtbase.dll
0x00007ffe81b60000 - 0x00007ffe81b77000 	C:\Users\39\.jdks\jbr-17.0.12-1\bin\jli.dll
0x00007ffe81b40000 - 0x00007ffe81b5b000 	C:\Users\39\.jdks\jbr-17.0.12-1\bin\VCRUNTIME140.dll
0x00007ffe877f0000 - 0x00007ffe8798d000 	C:\Windows\System32\USER32.dll
0x00007ffe85ab0000 - 0x00007ffe85ad2000 	C:\Windows\System32\win32u.dll
0x00007ffe72660000 - 0x00007ffe728fa000 	C:\Windows\WinSxS\amd64_microsoft.windows.common-controls_6595b64144ccf1df_6.0.19041.4355_none_60b8b9eb71f62e16\COMCTL32.dll
0x00007ffe86a50000 - 0x00007ffe86a7b000 	C:\Windows\System32\GDI32.dll
0x00007ffe87e10000 - 0x00007ffe87eae000 	C:\Windows\System32\msvcrt.dll
0x00007ffe86010000 - 0x00007ffe8612a000 	C:\Windows\System32\gdi32full.dll
0x00007ffe85e10000 - 0x00007ffe85ead000 	C:\Windows\System32\msvcp_win.dll
0x00007ffe869b0000 - 0x00007ffe869df000 	C:\Windows\System32\IMM32.DLL
0x00007ffe81c40000 - 0x00007ffe81c4c000 	C:\Users\39\.jdks\jbr-17.0.12-1\bin\vcruntime140_1.dll
0x00007ffe7e480000 - 0x00007ffe7e50d000 	C:\Users\39\.jdks\jbr-17.0.12-1\bin\msvcp140.dll
0x00007ffe1db50000 - 0x00007ffe1e7da000 	C:\Users\39\.jdks\jbr-17.0.12-1\bin\server\jvm.dll
0x00007ffe861c0000 - 0x00007ffe8626f000 	C:\Windows\System32\ADVAPI32.dll
0x00007ffe86840000 - 0x00007ffe868df000 	C:\Windows\System32\sechost.dll
0x00007ffe87f40000 - 0x00007ffe88063000 	C:\Windows\System32\RPCRT4.dll
0x00007ffe85ae0000 - 0x00007ffe85b07000 	C:\Windows\System32\bcrypt.dll
0x00007ffe86ae0000 - 0x00007ffe86b4b000 	C:\Windows\System32\WS2_32.dll
0x00007ffe854f0000 - 0x00007ffe8553b000 	C:\Windows\SYSTEM32\POWRPROF.dll
0x00007ffe805b0000 - 0x00007ffe805ba000 	C:\Windows\SYSTEM32\VERSION.dll
0x00007ffe75180000 - 0x00007ffe751a7000 	C:\Windows\SYSTEM32\WINMM.dll
0x00007ffe854d0000 - 0x00007ffe854e2000 	C:\Windows\SYSTEM32\UMPDC.dll
0x00007ffe83630000 - 0x00007ffe83642000 	C:\Windows\SYSTEM32\kernel.appcore.dll
0x00007ffe81840000 - 0x00007ffe8184a000 	C:\Users\39\.jdks\jbr-17.0.12-1\bin\jimage.dll
0x00007ffe738d0000 - 0x00007ffe73ab4000 	C:\Windows\SYSTEM32\DBGHELP.DLL
0x00007ffe71210000 - 0x00007ffe71244000 	C:\Windows\SYSTEM32\dbgcore.DLL
0x00007ffe85bc0000 - 0x00007ffe85c42000 	C:\Windows\System32\bcryptPrimitives.dll
0x00007ffe815d0000 - 0x00007ffe815de000 	C:\Users\39\.jdks\jbr-17.0.12-1\bin\instrument.dll
0x00007ffe7e6c0000 - 0x00007ffe7e6e5000 	C:\Users\39\.jdks\jbr-17.0.12-1\bin\java.dll
0x00007ffe71740000 - 0x00007ffe71817000 	C:\Users\39\.jdks\jbr-17.0.12-1\bin\jsvml.dll
0x00007ffe87080000 - 0x00007ffe877ed000 	C:\Windows\System32\SHELL32.dll
0x00007ffe83830000 - 0x00007ffe83fd4000 	C:\Windows\SYSTEM32\windows.storage.dll
0x00007ffe86c70000 - 0x00007ffe86fc5000 	C:\Windows\System32\combase.dll
0x00007ffe85110000 - 0x00007ffe8513f000 	C:\Windows\SYSTEM32\Wldp.dll
0x00007ffe86280000 - 0x00007ffe8634d000 	C:\Windows\System32\OLEAUT32.dll
0x00007ffe86fd0000 - 0x00007ffe8707d000 	C:\Windows\System32\SHCORE.dll
0x00007ffe869e0000 - 0x00007ffe86a35000 	C:\Windows\System32\shlwapi.dll
0x00007ffe856e0000 - 0x00007ffe85704000 	C:\Windows\SYSTEM32\profapi.dll
0x00007ffe81010000 - 0x00007ffe81028000 	C:\Users\39\.jdks\jbr-17.0.12-1\bin\zip.dll
0x00007ffe80f30000 - 0x00007ffe80f49000 	C:\Users\39\.jdks\jbr-17.0.12-1\bin\net.dll
0x00007ffe7c400000 - 0x00007ffe7c50a000 	C:\Windows\SYSTEM32\WINHTTP.dll
0x00007ffe84e70000 - 0x00007ffe84edc000 	C:\Windows\system32\mswsock.dll
0x00007ffe7e6a0000 - 0x00007ffe7e6b6000 	C:\Users\39\.jdks\jbr-17.0.12-1\bin\nio.dll
0x00007ffe7e5d0000 - 0x00007ffe7e5ea000 	C:\Program Files\JetBrains\IntelliJ IDEA 2024.2.2\bin\breakgen64.dll
0x00007ffe7e7d0000 - 0x00007ffe7e7d9000 	C:\Users\39\.jdks\jbr-17.0.12-1\bin\extnet.dll
0x00007ffe6bce0000 - 0x00007ffe6bd04000 	C:\Users\39\AppData\Local\Temp\jansi-2.4.1-4a95440dda7fc3f4-jansi.dll
0x00007ffe7e650000 - 0x00007ffe7e660000 	C:\Users\39\.jdks\jbr-17.0.12-1\bin\verify.dll

dbghelp: loaded successfully - version: 4.0.5 - missing functions: none
symbol engine: initialized successfully - sym options: 0x614 - pdb path: .;C:\Users\39\.jdks\jbr-17.0.12-1\bin;C:\Windows\SYSTEM32;C:\Windows\WinSxS\amd64_microsoft.windows.common-controls_6595b64144ccf1df_6.0.19041.4355_none_60b8b9eb71f62e16;C:\Users\39\.jdks\jbr-17.0.12-1\bin\server;C:\Program Files\JetBrains\IntelliJ IDEA 2024.2.2\bin;C:\Users\39\AppData\Local\Temp

VM Arguments:
jvm_args: -Dmaven.multiModuleProjectDirectory=C:\Users\39\Documents\GitHub\DevAthletes\DevAthletes\gymify -Djansi.passthrough=true -Dmaven.home=C:\Program Files\JetBrains\IntelliJ IDEA 2024.2.2\plugins\maven\lib\maven3 -Dclassworlds.conf=C:\Program Files\JetBrains\IntelliJ IDEA 2024.2.2\plugins\maven\lib\maven3\bin\m2.conf -Dmaven.ext.class.path=C:\Program Files\JetBrains\IntelliJ IDEA 2024.2.2\plugins\maven\lib\maven-event-listener.jar -javaagent:C:\Program Files\JetBrains\IntelliJ IDEA 2024.2.2\lib\idea_rt.jar=61761:C:\Program Files\JetBrains\IntelliJ IDEA 2024.2.2\bin -Dfile.encoding=UTF-8 
java_command: org.codehaus.classworlds.Launcher -Didea.version=2024.2.2 org.openjfx:javafx-maven-plugin:0.0.8:run
java_class_path (initial): C:\Program Files\JetBrains\IntelliJ IDEA 2024.2.2\plugins\maven\lib\maven3\boot\plexus-classworlds-2.8.0.jar;C:\Program Files\JetBrains\IntelliJ IDEA 2024.2.2\plugins\maven\lib\maven3\boot\plexus-classworlds.license
Launcher Type: SUN_STANDARD

[Global flags]
     intx CICompilerCount                          = 4                                         {product} {ergonomic}
     uint ConcGCThreads                            = 2                                         {product} {ergonomic}
     uint G1ConcRefinementThreads                  = 8                                         {product} {ergonomic}
   size_t G1HeapRegionSize                         = 1048576                                   {product} {ergonomic}
    uintx GCDrainStackTargetSize                   = 64                                        {product} {ergonomic}
   size_t InitialHeapSize                          = 65011712                                  {product} {ergonomic}
   size_t MarkStackSize                            = 4194304                                   {product} {ergonomic}
   size_t MaxHeapSize                              = 1031798784                                {product} {ergonomic}
   size_t MaxNewSize                               = 618659840                                 {product} {ergonomic}
   size_t MinHeapDeltaBytes                        = 1048576                                   {product} {ergonomic}
   size_t MinHeapSize                              = 8388608                                   {product} {ergonomic}
    uintx NonNMethodCodeHeapSize                   = 5839372                                {pd product} {ergonomic}
    uintx NonProfiledCodeHeapSize                  = 122909434                              {pd product} {ergonomic}
    uintx ProfiledCodeHeapSize                     = 122909434                              {pd product} {ergonomic}
    uintx ReservedCodeCacheSize                    = 251658240                              {pd product} {ergonomic}
     bool SegmentedCodeCache                       = true                                      {product} {ergonomic}
   size_t SoftMaxHeapSize                          = 1031798784                             {manageable} {ergonomic}
     bool UseCompressedClassPointers               = true                           {product lp64_product} {ergonomic}
     bool UseCompressedOops                        = true                           {product lp64_product} {ergonomic}
     bool UseG1GC                                  = true                                      {product} {ergonomic}
     bool UseLargePagesIndividualAllocation        = false                                  {pd product} {ergonomic}

Logging:
Log output configuration:
 #0: stdout all=warning uptime,level,tags
 #1: stderr all=off uptime,level,tags

Environment Variables:
PATH=C:\oraclexe\app\oracle\product\11.2.0\server\bin;C:\Users\39\.jdks\jbr-17.0.12-1\bin;C:\Program Files (x86)\VMware\VMware Workstation\bin\;C:\Users\39\.jdks\jbr-17.0.12\bin;C:\Windows\system32;C:\Windows;C:\Windows\System32\Wbem;C:\Windows\System32\WindowsPowerShell\v1.0\;C:\Windows\System32\OpenSSH\;C:\xampp\php;C:\composer;C:\Program Files\Git\cmd;C:\Program Files (x86)\CodeBlocks\MinGW\bin;C:\Program Files (x86)\GnuWin32\bin;C:\Program Files\Apache\Maven\apache-maven-3.8.8\bin;C:\Users\39\scoop\shims;C:\Users\39\AppData\Local\Microsoft\WindowsApps;C:\Users\39\AppData\Roaming\Composer\vendor\bin;C:\Users\39\AppData\Local\Programs\Microsoft VS Code\bin;C:\Users\39\AppData\Local\GitHubDesktop\bin
USERNAME=39
OS=Windows_NT
PROCESSOR_IDENTIFIER=Intel64 Family 6 Model 142 Stepping 12, GenuineIntel
TMP=C:\Users\39\AppData\Local\Temp
TEMP=C:\Users\39\AppData\Local\Temp



Periodic native trim disabled

JNI global refs:
JNI global refs: 14, weak refs: 0

JNI global refs memory usage: 843, weak refs: 841

Process memory usage:
Resident Set Size: 104516K (2% of 4024112K total physical memory with 108528K free physical memory)

OOME stack traces (most recent first):
Classloader memory used:
