#
# There is insufficient memory for the Java Runtime Environment to continue.
# Native memory allocation (malloc) failed to allocate 452416 bytes. Error detail: Chunk::new
# Possible reasons:
#   The system is out of physical RAM or swap space
#   This process is running with CompressedOops enabled, and the Java Heap may be blocking the growth of the native heap
# Possible solutions:
#   Reduce memory load on the system
#   Increase physical memory or swap space
#   Check if swap backing store is full
#   Decrease Java heap size (-Xmx/-Xms)
#   Decrease number of Java threads
#   Decrease Java thread stack sizes (-Xss)
#   Set larger code cache with -XX:ReservedCodeCacheSize=
#   JVM is running with Unscaled Compressed Oops mode in which the Java heap is
#     placed in the first 4GB address space. The Java Heap base address is the
#     maximum limit for the native heap growth. Please use -XX:HeapBaseMinAddress
#     to set the Java Heap base and to place the Java Heap above 4GB virtual address.
# This output file may be truncated or incomplete.
#
#  Out of Memory Error (arena.cpp:191), pid=9448, tid=10976
#
# JRE version: OpenJDK Runtime Environment JBR-17.0.12+1-1207.37-nomod (17.0.12+1) (build 17.0.12+1-b1207.37)
# Java VM: OpenJDK 64-Bit Server VM JBR-17.0.12+1-1207.37-nomod (17.0.12+1-b1207.37, mixed mode, sharing, tiered, compressed oops, compressed class ptrs, g1 gc, windows-amd64)
# No core dump will be written. Minidumps are not enabled by default on client versions of Windows
#

---------------  S U M M A R Y ------------

Command Line: --module-path=C:\Users\39\.m2\repository\org\openjfx\javafx-base\21.0.2\javafx-base-21.0.2-win.jar;C:\Users\39\.m2\repository\org\openjfx\javafx-base\21.0.2\javafx-base-21.0.2.jar;C:\Users\39\.m2\repository\org\openjfx\javafx-controls\21.0.2\javafx-controls-21.0.2-win.jar;C:\Users\39\.m2\repository\org\openjfx\javafx-controls\21.0.2\javafx-controls-21.0.2.jar;C:\Users\39\.m2\repository\org\openjfx\javafx-fxml\21.0.2\javafx-fxml-21.0.2-win.jar;C:\Users\39\.m2\repository\org\openjfx\javafx-fxml\21.0.2\javafx-fxml-21.0.2.jar;C:\Users\39\.m2\repository\org\openjfx\javafx-graphics\21.0.2\javafx-graphics-21.0.2-win.jar;C:\Users\39\.m2\repository\org\openjfx\javafx-graphics\21.0.2\javafx-graphics-21.0.2.jar;C:\Users\39\.m2\repository\org\openjfx\javafx-media\21.0.2\javafx-media-21.0.2-win.jar;C:\Users\39\.m2\repository\org\openjfx\javafx-media\21.0.2\javafx-media-21.0.2.jar;C:\Users\39\.m2\repository\org\openjfx\javafx-swing\21.0.2\javafx-swing-21.0.2-win.jar;C:\Users\39\.m2\repository\org\openjfx\javafx-swing\21.0.2\javafx-swing-21.0.2.jar;C:\Users\39\.m2\repository\org\openjfx\javafx-web\21.0.2\javafx-web-21.0.2-win.jar;C:\Users\39\.m2\repository\org\openjfx\javafx-web\21.0.2\javafx-web-21.0.2.jar --add-modules=javafx.base,javafx.controls,javafx.fxml,javafx.graphics,javafx.media,javafx.swing,javafx.web org.gymify.tests.MainApp

Host: Intel(R) Core(TM) i5-10210U CPU @ 1.60GHz, 8 cores, 3G,  Windows 10 , 64 bit Build 19041 (10.0.19041.5438)
Time: Thu Mar  6 05:51:34 2025 Paris, Madrid elapsed time: 55.144433 seconds (0d 0h 0m 55s)

---------------  T H R E A D  ---------------

Current thread (0x00000208e44c2ba0):  JavaThread "C2 CompilerThread0" daemon [_thread_in_native, id=10976, stack(0x00000032cdf00000,0x00000032ce000000)]


Current CompileTask:
C2:  55144 5054       4       com.sun.javafx.css.StyleMap::getCascadingStyles (384 bytes)

Stack: [0x00000032cdf00000,0x00000032ce000000]
Native frames: (J=compiled Java code, j=interpreted, Vv=VM code, C=native code)
V  [jvm.dll+0x689d89]


---------------  P R O C E S S  ---------------

Threads class SMR info:
_java_thread_list=0x00000208e48c0b20, length=23, elements={
0x00000208ca96e6a0, 0x00000208e449fcb0, 0x00000208e44a0740, 0x00000208e44ba000,
0x00000208e44bc6e0, 0x00000208e44bccb0, 0x00000208e44bd280, 0x00000208e44c2ba0,
0x00000208e44c5270, 0x00000208e44cd890, 0x00000208e448e470, 0x00000208e493b9a0,
0x00000208e4ac9f40, 0x00000208e938ff60, 0x00000208e9365c50, 0x00000208e95a5520,
0x00000208e955c0b0, 0x00000208ee694420, 0x00000208ee695d70, 0x00000208ee696ca0,
0x00000208ee694e40, 0x00000208ee695860, 0x00000208ee693f10
}

Java Threads: ( => current thread )
  0x00000208ca96e6a0 JavaThread "main" [_thread_blocked, id=10904, stack(0x00000032cd200000,0x00000032cd300000)]
  0x00000208e449fcb0 JavaThread "Reference Handler" daemon [_thread_blocked, id=14640, stack(0x00000032cd900000,0x00000032cda00000)]
  0x00000208e44a0740 JavaThread "Finalizer" daemon [_thread_blocked, id=5648, stack(0x00000032cda00000,0x00000032cdb00000)]
  0x00000208e44ba000 JavaThread "Signal Dispatcher" daemon [_thread_blocked, id=14372, stack(0x00000032cdb00000,0x00000032cdc00000)]
  0x00000208e44bc6e0 JavaThread "Attach Listener" daemon [_thread_blocked, id=10316, stack(0x00000032cdc00000,0x00000032cdd00000)]
  0x00000208e44bccb0 JavaThread "Service Thread" daemon [_thread_blocked, id=10944, stack(0x00000032cdd00000,0x00000032cde00000)]
  0x00000208e44bd280 JavaThread "Monitor Deflation Thread" daemon [_thread_blocked, id=2672, stack(0x00000032cde00000,0x00000032cdf00000)]
=>0x00000208e44c2ba0 JavaThread "C2 CompilerThread0" daemon [_thread_in_native, id=10976, stack(0x00000032cdf00000,0x00000032ce000000)]
  0x00000208e44c5270 JavaThread "C1 CompilerThread0" daemon [_thread_in_native, id=6364, stack(0x00000032ce000000,0x00000032ce100000)]
  0x00000208e44cd890 JavaThread "Sweeper thread" daemon [_thread_blocked, id=8504, stack(0x00000032ce100000,0x00000032ce200000)]
  0x00000208e448e470 JavaThread "Common-Cleaner" daemon [_thread_blocked, id=10456, stack(0x00000032ce200000,0x00000032ce300000)]
  0x00000208e493b9a0 JavaThread "Notification Thread" daemon [_thread_blocked, id=1688, stack(0x00000032ce300000,0x00000032ce400000)]
  0x00000208e4ac9f40 JavaThread "QuantumRenderer-0" daemon [_thread_blocked, id=15936, stack(0x00000032ce500000,0x00000032ce600000)]
  0x00000208e938ff60 JavaThread "InvokeLaterDispatcher" daemon [_thread_blocked, id=11724, stack(0x00000032ce600000,0x00000032ce700000)]
  0x00000208e9365c50 JavaThread "JavaFX Application Thread" [_thread_in_Java, id=11428, stack(0x00000032ce700000,0x00000032ce800000)]
  0x00000208e95a5520 JavaThread "JavaFX-Launcher" [_thread_blocked, id=17192, stack(0x00000032cec00000,0x00000032ced00000)]
  0x00000208e955c0b0 JavaThread "Thread-2" daemon [_thread_in_native, id=15780, stack(0x00000032ceb00000,0x00000032cec00000)]
  0x00000208ee694420 JavaThread "mysql-cj-abandoned-connection-cleanup" daemon [_thread_blocked, id=892, stack(0x00000032cf200000,0x00000032cf300000)]
  0x00000208ee695d70 JavaThread "Prism Font Disposer" daemon [_thread_blocked, id=5616, stack(0x00000032cf500000,0x00000032cf600000)]
  0x00000208ee696ca0 JavaThread "Java2D Disposer" daemon [_thread_blocked, id=4020, stack(0x00000032cf600000,0x00000032cf700000)]
  0x00000208ee694e40 JavaThread "AWT-Windows" daemon [_thread_in_native, id=10624, stack(0x00000032cf800000,0x00000032cf900000)]
  0x00000208ee695860 JavaThread "Cleaner-0" daemon [_thread_blocked, id=12572, stack(0x00000032cfd00000,0x00000032cfe00000)]
  0x00000208ee693f10 JavaThread "Keep-Alive-Timer" daemon [_thread_blocked, id=6132, stack(0x00000032cf700000,0x00000032cf800000)]

Other Threads:
  0x00000208e449a890 VMThread "VM Thread" [stack: 0x00000032cd800000,0x00000032cd900000] [id=10212]
  0x00000208e494a050 WatcherThread [stack: 0x00000032ce400000,0x00000032ce500000] [id=14304]
  0x00000208ccb7e3a0 GCTaskThread "GC Thread#0" [stack: 0x00000032cd300000,0x00000032cd400000] [id=10744]
  0x00000208e966ec80 GCTaskThread "GC Thread#1" [stack: 0x00000032ced00000,0x00000032cee00000] [id=16444]
  0x00000208e9568840 GCTaskThread "GC Thread#2" [stack: 0x00000032cee00000,0x00000032cef00000] [id=2504]
  0x00000208e95680c0 GCTaskThread "GC Thread#3" [stack: 0x00000032cef00000,0x00000032cf000000] [id=10716]
  0x00000208e9555e60 GCTaskThread "GC Thread#4" [stack: 0x00000032cf000000,0x00000032cf100000] [id=2000]
  0x00000208e955d320 GCTaskThread "GC Thread#5" [stack: 0x00000032cf100000,0x00000032cf200000] [id=9768]
  0x00000208ef52dc10 GCTaskThread "GC Thread#6" [stack: 0x00000032cf300000,0x00000032cf400000] [id=15140]
  0x00000208eeb20ff0 GCTaskThread "GC Thread#7" [stack: 0x00000032cf400000,0x00000032cf500000] [id=17016]
  0x00000208ccb86df0 ConcurrentGCThread "G1 Main Marker" [stack: 0x00000032cd400000,0x00000032cd500000] [id=1584]
  0x00000208ccb87fb0 ConcurrentGCThread "G1 Conc#0" [stack: 0x00000032cd500000,0x00000032cd600000] [id=11232]
  0x00000208eed414e0 ConcurrentGCThread "G1 Conc#1" [stack: 0x00000032cfc00000,0x00000032cfd00000] [id=11140]
  0x00000208ccbde7f0 ConcurrentGCThread "G1 Refine#0" [stack: 0x00000032cd600000,0x00000032cd700000] [id=11160]
  0x00000208ccbe0e40 ConcurrentGCThread "G1 Service" [stack: 0x00000032cd700000,0x00000032cd800000] [id=15072]

Threads with active compile tasks:
C2 CompilerThread0    55168 5054       4       com.sun.javafx.css.StyleMap::getCascadingStyles (384 bytes)

VM state: not at safepoint (normal execution)

VM Mutex/Monitor currently owned by a thread: None

Heap address: 0x00000000c2800000, size: 984 MB, Compressed Oops mode: 32-bit

CDS archive(s) mapped at: [0x0000020880000000-0x0000020880c00000-0x0000020880c00000), size 12582912, SharedBaseAddress: 0x0000020880000000, ArchiveRelocationMode: 1.
Compressed class space mapped at: 0x0000020881000000-0x00000208c1000000, reserved size: 1073741824
Narrow klass base: 0x0000020880000000, Narrow klass shift: 0, Narrow klass range: 0x100000000

GC Precious Log:
 CPUs: 8 total, 8 available
 Memory: 3929M
 Large Page Support: Disabled
 NUMA Support: Disabled
 Compressed Oops: Enabled (32-bit)
 Heap Region Size: 1M
 Heap Min Capacity: 8M
 Heap Initial Capacity: 62M
 Heap Max Capacity: 984M
 Pre-touch: Disabled
 Parallel Workers: 8
 Concurrent Workers: 2
 Concurrent Refinement Workers: 8
 Periodic GC: Disabled

Heap:
 garbage-first heap   total 96256K, used 65667K [0x00000000c2800000, 0x0000000100000000)
  region size 1024K, 10 young (10240K), 1 survivors (1024K)
 Metaspace       used 32655K, committed 32896K, reserved 1114112K
  class space    used 4426K, committed 4544K, reserved 1048576K

Heap Regions: E=young(eden), S=young(survivor), O=old, HS=humongous(starts), HC=humongous(continues), CS=collection set, F=free, OA=open archive, CA=closed archive, TAMS=top-at-mark-start (previous, next)
|   0|0x00000000c2800000, 0x00000000c2900000, 0x00000000c2900000|100%| O|  |TAMS 0x00000000c2900000, 0x00000000c2800000| Untracked 
|   1|0x00000000c2900000, 0x00000000c2a00000, 0x00000000c2a00000|100%| O|  |TAMS 0x00000000c2a00000, 0x00000000c2900000| Untracked 
|   2|0x00000000c2a00000, 0x00000000c2b00000, 0x00000000c2b00000|100%| O|  |TAMS 0x00000000c2b00000, 0x00000000c2a00000| Untracked 
|   3|0x00000000c2b00000, 0x00000000c2c00000, 0x00000000c2c00000|100%| O|  |TAMS 0x00000000c2c00000, 0x00000000c2b00000| Untracked 
|   4|0x00000000c2c00000, 0x00000000c2d00000, 0x00000000c2d00000|100%| O|  |TAMS 0x00000000c2d00000, 0x00000000c2c00000| Untracked 
|   5|0x00000000c2d00000, 0x00000000c2e00000, 0x00000000c2e00000|100%|HS|  |TAMS 0x00000000c2e00000, 0x00000000c2d00000| Complete 
|   6|0x00000000c2e00000, 0x00000000c2f00000, 0x00000000c2f00000|100%| O|  |TAMS 0x00000000c2f00000, 0x00000000c2e00000| Untracked 
|   7|0x00000000c2f00000, 0x00000000c3000000, 0x00000000c3000000|100%| O|  |TAMS 0x00000000c3000000, 0x00000000c2f00000| Untracked 
|   8|0x00000000c3000000, 0x00000000c3100000, 0x00000000c3100000|100%| O|  |TAMS 0x00000000c3100000, 0x00000000c3000000| Untracked 
|   9|0x00000000c3100000, 0x00000000c31bbe00, 0x00000000c3200000| 73%| O|  |TAMS 0x00000000c31bbe00, 0x00000000c3100000| Untracked 
|  10|0x00000000c3200000, 0x00000000c3300000, 0x00000000c3300000|100%|HS|  |TAMS 0x00000000c3300000, 0x00000000c3200000| Complete 
|  11|0x00000000c3300000, 0x00000000c3400000, 0x00000000c3400000|100%|HC|  |TAMS 0x00000000c3400000, 0x00000000c3300000| Complete 
|  12|0x00000000c3400000, 0x00000000c3500000, 0x00000000c3500000|100%| O|  |TAMS 0x00000000c3500000, 0x00000000c3400000| Untracked 
|  13|0x00000000c3500000, 0x00000000c3600000, 0x00000000c3600000|100%| O|  |TAMS 0x00000000c3600000, 0x00000000c3500000| Untracked 
|  14|0x00000000c3600000, 0x00000000c3700000, 0x00000000c3700000|100%|HS|  |TAMS 0x00000000c3700000, 0x00000000c3600000| Complete 
|  15|0x00000000c3700000, 0x00000000c3800000, 0x00000000c3800000|100%|HC|  |TAMS 0x00000000c3800000, 0x00000000c3700000| Complete 
|  16|0x00000000c3800000, 0x00000000c3900000, 0x00000000c3900000|100%|HS|  |TAMS 0x00000000c3900000, 0x00000000c3800000| Complete 
|  17|0x00000000c3900000, 0x00000000c3a00000, 0x00000000c3a00000|100%|HC|  |TAMS 0x00000000c3a00000, 0x00000000c3900000| Complete 
|  18|0x00000000c3a00000, 0x00000000c3b00000, 0x00000000c3b00000|100%|HS|  |TAMS 0x00000000c3b00000, 0x00000000c3a00000| Complete 
|  19|0x00000000c3b00000, 0x00000000c3c00000, 0x00000000c3c00000|100%|HC|  |TAMS 0x00000000c3c00000, 0x00000000c3b00000| Complete 
|  20|0x00000000c3c00000, 0x00000000c3d00000, 0x00000000c3d00000|100%|HC|  |TAMS 0x00000000c3d00000, 0x00000000c3c00000| Complete 
|  21|0x00000000c3d00000, 0x00000000c3e00000, 0x00000000c3e00000|100%|HC|  |TAMS 0x00000000c3e00000, 0x00000000c3d00000| Complete 
|  22|0x00000000c3e00000, 0x00000000c3f00000, 0x00000000c3f00000|100%|HC|  |TAMS 0x00000000c3f00000, 0x00000000c3e00000| Complete 
|  23|0x00000000c3f00000, 0x00000000c4000000, 0x00000000c4000000|100%| O|  |TAMS 0x00000000c4000000, 0x00000000c3f00000| Untracked 
|  24|0x00000000c4000000, 0x00000000c4100000, 0x00000000c4100000|100%| O|  |TAMS 0x00000000c4100000, 0x00000000c4000000| Untracked 
|  25|0x00000000c4100000, 0x00000000c4200000, 0x00000000c4200000|100%| O|  |TAMS 0x00000000c4200000, 0x00000000c4100000| Untracked 
|  26|0x00000000c4200000, 0x00000000c4300000, 0x00000000c4300000|100%| O|  |TAMS 0x00000000c4300000, 0x00000000c4200000| Untracked 
|  27|0x00000000c4300000, 0x00000000c4400000, 0x00000000c4400000|100%|HS|  |TAMS 0x00000000c4400000, 0x00000000c4300000| Complete 
|  28|0x00000000c4400000, 0x00000000c4500000, 0x00000000c4500000|100%|HC|  |TAMS 0x00000000c4500000, 0x00000000c4400000| Complete 
|  29|0x00000000c4500000, 0x00000000c45f7000, 0x00000000c4600000| 96%| O|  |TAMS 0x00000000c45f7000, 0x00000000c4500000| Untracked 
|  30|0x00000000c4600000, 0x00000000c4700000, 0x00000000c4700000|100%|HS|  |TAMS 0x00000000c4700000, 0x00000000c4600000| Complete 
|  31|0x00000000c4700000, 0x00000000c4800000, 0x00000000c4800000|100%|HC|  |TAMS 0x00000000c4800000, 0x00000000c4700000| Complete 
|  32|0x00000000c4800000, 0x00000000c4900000, 0x00000000c4900000|100%|HS|  |TAMS 0x00000000c4900000, 0x00000000c4800000| Complete 
|  33|0x00000000c4900000, 0x00000000c4a00000, 0x00000000c4a00000|100%|HC|  |TAMS 0x00000000c4a00000, 0x00000000c4900000| Complete 
|  34|0x00000000c4a00000, 0x00000000c4b00000, 0x00000000c4b00000|100%|HS|  |TAMS 0x00000000c4b00000, 0x00000000c4a00000| Complete 
|  35|0x00000000c4b00000, 0x00000000c4c00000, 0x00000000c4c00000|100%|HC|  |TAMS 0x00000000c4c00000, 0x00000000c4b00000| Complete 
|  36|0x00000000c4c00000, 0x00000000c4d00000, 0x00000000c4d00000|100%|HS|  |TAMS 0x00000000c4d00000, 0x00000000c4c00000| Complete 
|  37|0x00000000c4d00000, 0x00000000c4e00000, 0x00000000c4e00000|100%|HC|  |TAMS 0x00000000c4e00000, 0x00000000c4d00000| Complete 
|  38|0x00000000c4e00000, 0x00000000c4f00000, 0x00000000c4f00000|100%|HS|  |TAMS 0x00000000c4f00000, 0x00000000c4e00000| Complete 
|  39|0x00000000c4f00000, 0x00000000c5000000, 0x00000000c5000000|100%|HC|  |TAMS 0x00000000c5000000, 0x00000000c4f00000| Complete 
|  40|0x00000000c5000000, 0x00000000c5100000, 0x00000000c5100000|100%|HS|  |TAMS 0x00000000c5100000, 0x00000000c5000000| Complete 
|  41|0x00000000c5100000, 0x00000000c5200000, 0x00000000c5200000|100%|HC|  |TAMS 0x00000000c5200000, 0x00000000c5100000| Complete 
|  42|0x00000000c5200000, 0x00000000c5300000, 0x00000000c5300000|100%|HS|  |TAMS 0x00000000c5300000, 0x00000000c5200000| Complete 
|  43|0x00000000c5300000, 0x00000000c5400000, 0x00000000c5400000|100%|HC|  |TAMS 0x00000000c5400000, 0x00000000c5300000| Complete 
|  44|0x00000000c5400000, 0x00000000c5500000, 0x00000000c5500000|100%|HS|  |TAMS 0x00000000c5500000, 0x00000000c5400000| Complete 
|  45|0x00000000c5500000, 0x00000000c5600000, 0x00000000c5600000|100%|HC|  |TAMS 0x00000000c5600000, 0x00000000c5500000| Complete 
|  46|0x00000000c5600000, 0x00000000c5700000, 0x00000000c5700000|100%|HS|  |TAMS 0x00000000c5700000, 0x00000000c5600000| Complete 
|  47|0x00000000c5700000, 0x00000000c5800000, 0x00000000c5800000|100%|HC|  |TAMS 0x00000000c5800000, 0x00000000c5700000| Complete 
|  48|0x00000000c5800000, 0x00000000c5900000, 0x00000000c5900000|100%|HS|  |TAMS 0x00000000c5900000, 0x00000000c5800000| Complete 
|  49|0x00000000c5900000, 0x00000000c5a00000, 0x00000000c5a00000|100%|HC|  |TAMS 0x00000000c5a00000, 0x00000000c5900000| Complete 
|  50|0x00000000c5a00000, 0x00000000c5b00000, 0x00000000c5b00000|100%|HS|  |TAMS 0x00000000c5a00000, 0x00000000c5a00000| Complete 
|  51|0x00000000c5b00000, 0x00000000c5c00000, 0x00000000c5c00000|100%|HC|  |TAMS 0x00000000c5b00000, 0x00000000c5b00000| Complete 
|  52|0x00000000c5c00000, 0x00000000c5d00000, 0x00000000c5d00000|100%|HS|  |TAMS 0x00000000c5c00000, 0x00000000c5c00000| Complete 
|  53|0x00000000c5d00000, 0x00000000c5e00000, 0x00000000c5e00000|100%|HC|  |TAMS 0x00000000c5d00000, 0x00000000c5d00000| Complete 
|  54|0x00000000c5e00000, 0x00000000c5f00000, 0x00000000c5f00000|100%|HS|  |TAMS 0x00000000c5e00000, 0x00000000c5e00000| Complete 
|  55|0x00000000c5f00000, 0x00000000c6000000, 0x00000000c6000000|100%|HC|  |TAMS 0x00000000c5f00000, 0x00000000c5f00000| Complete 
|  56|0x00000000c6000000, 0x00000000c6000000, 0x00000000c6100000|  0%| F|  |TAMS 0x00000000c6000000, 0x00000000c6000000| Untracked 
|  57|0x00000000c6100000, 0x00000000c6100000, 0x00000000c6200000|  0%| F|  |TAMS 0x00000000c6100000, 0x00000000c6100000| Untracked 
|  58|0x00000000c6200000, 0x00000000c6200000, 0x00000000c6300000|  0%| F|  |TAMS 0x00000000c6200000, 0x00000000c6200000| Untracked 
|  59|0x00000000c6300000, 0x00000000c6300000, 0x00000000c6400000|  0%| F|  |TAMS 0x00000000c6300000, 0x00000000c6300000| Untracked 
|  60|0x00000000c6400000, 0x00000000c6400000, 0x00000000c6500000|  0%| F|  |TAMS 0x00000000c6400000, 0x00000000c6400000| Untracked 
|  61|0x00000000c6500000, 0x00000000c6500000, 0x00000000c6600000|  0%| F|  |TAMS 0x00000000c6500000, 0x00000000c6500000| Untracked 
|  62|0x00000000c6600000, 0x00000000c6600000, 0x00000000c6700000|  0%| F|  |TAMS 0x00000000c6600000, 0x00000000c6600000| Untracked 
|  63|0x00000000c6700000, 0x00000000c6700000, 0x00000000c6800000|  0%| F|  |TAMS 0x00000000c6700000, 0x00000000c6700000| Untracked 
|  64|0x00000000c6800000, 0x00000000c6800000, 0x00000000c6900000|  0%| F|  |TAMS 0x00000000c6800000, 0x00000000c6800000| Untracked 
|  65|0x00000000c6900000, 0x00000000c6900000, 0x00000000c6a00000|  0%| F|  |TAMS 0x00000000c6900000, 0x00000000c6900000| Untracked 
|  66|0x00000000c6a00000, 0x00000000c6a00000, 0x00000000c6b00000|  0%| F|  |TAMS 0x00000000c6a00000, 0x00000000c6a00000| Untracked 
|  67|0x00000000c6b00000, 0x00000000c6b00000, 0x00000000c6c00000|  0%| F|  |TAMS 0x00000000c6b00000, 0x00000000c6b00000| Untracked 
|  68|0x00000000c6c00000, 0x00000000c6c00000, 0x00000000c6d00000|  0%| F|  |TAMS 0x00000000c6c00000, 0x00000000c6c00000| Untracked 
|  69|0x00000000c6d00000, 0x00000000c6d00000, 0x00000000c6e00000|  0%| F|  |TAMS 0x00000000c6d00000, 0x00000000c6d00000| Untracked 
|  70|0x00000000c6e00000, 0x00000000c6e00000, 0x00000000c6f00000|  0%| F|  |TAMS 0x00000000c6e00000, 0x00000000c6e00000| Untracked 
|  71|0x00000000c6f00000, 0x00000000c6f00000, 0x00000000c7000000|  0%| F|  |TAMS 0x00000000c6f00000, 0x00000000c6f00000| Untracked 
|  72|0x00000000c7000000, 0x00000000c7000000, 0x00000000c7100000|  0%| F|  |TAMS 0x00000000c7000000, 0x00000000c7000000| Untracked 
|  73|0x00000000c7100000, 0x00000000c7100000, 0x00000000c7200000|  0%| F|  |TAMS 0x00000000c7100000, 0x00000000c7100000| Untracked 
|  74|0x00000000c7200000, 0x00000000c7200000, 0x00000000c7300000|  0%| F|  |TAMS 0x00000000c7200000, 0x00000000c7200000| Untracked 
|  75|0x00000000c7300000, 0x00000000c7300000, 0x00000000c7400000|  0%| F|  |TAMS 0x00000000c7300000, 0x00000000c7300000| Untracked 
|  76|0x00000000c7400000, 0x00000000c7400000, 0x00000000c7500000|  0%| F|  |TAMS 0x00000000c7400000, 0x00000000c7400000| Untracked 
|  77|0x00000000c7500000, 0x00000000c7500000, 0x00000000c7600000|  0%| F|  |TAMS 0x00000000c7500000, 0x00000000c7500000| Untracked 
|  78|0x00000000c7600000, 0x00000000c7600000, 0x00000000c7700000|  0%| F|  |TAMS 0x00000000c7600000, 0x00000000c7600000| Untracked 
|  79|0x00000000c7700000, 0x00000000c7700000, 0x00000000c7800000|  0%| F|  |TAMS 0x00000000c7700000, 0x00000000c7700000| Untracked 
|  80|0x00000000c7800000, 0x00000000c7800000, 0x00000000c7900000|  0%| F|  |TAMS 0x00000000c7800000, 0x00000000c7800000| Untracked 
|  81|0x00000000c7900000, 0x00000000c7900000, 0x00000000c7a00000|  0%| F|  |TAMS 0x00000000c7900000, 0x00000000c7900000| Untracked 
|  82|0x00000000c7a00000, 0x00000000c7b00000, 0x00000000c7b00000|100%| E|CS|TAMS 0x00000000c7a00000, 0x00000000c7a00000| Complete 
|  83|0x00000000c7b00000, 0x00000000c7b6de90, 0x00000000c7c00000| 42%| S|CS|TAMS 0x00000000c7b00000, 0x00000000c7b00000| Complete 
|  84|0x00000000c7c00000, 0x00000000c7c00000, 0x00000000c7d00000|  0%| F|  |TAMS 0x00000000c7c00000, 0x00000000c7c00000| Untracked 
|  85|0x00000000c7d00000, 0x00000000c7d00000, 0x00000000c7e00000|  0%| F|  |TAMS 0x00000000c7d00000, 0x00000000c7d00000| Untracked 
|  86|0x00000000c7e00000, 0x00000000c7e9ff98, 0x00000000c7f00000| 62%| E|  |TAMS 0x00000000c7e00000, 0x00000000c7e00000| Complete 
|  87|0x00000000c7f00000, 0x00000000c8000000, 0x00000000c8000000|100%| E|CS|TAMS 0x00000000c7f00000, 0x00000000c7f00000| Complete 
|  88|0x00000000c8000000, 0x00000000c8100000, 0x00000000c8100000|100%| E|CS|TAMS 0x00000000c8000000, 0x00000000c8000000| Complete 
|  89|0x00000000c8100000, 0x00000000c8200000, 0x00000000c8200000|100%| E|CS|TAMS 0x00000000c8100000, 0x00000000c8100000| Complete 
|  90|0x00000000c8200000, 0x00000000c8300000, 0x00000000c8300000|100%| E|CS|TAMS 0x00000000c8200000, 0x00000000c8200000| Complete 
|  91|0x00000000c8300000, 0x00000000c8400000, 0x00000000c8400000|100%| E|CS|TAMS 0x00000000c8300000, 0x00000000c8300000| Complete 
|  92|0x00000000c8400000, 0x00000000c8500000, 0x00000000c8500000|100%| E|CS|TAMS 0x00000000c8400000, 0x00000000c8400000| Complete 
|  93|0x00000000c8500000, 0x00000000c8600000, 0x00000000c8600000|100%| E|CS|TAMS 0x00000000c8500000, 0x00000000c8500000| Complete 

Card table byte_map: [0x00000208df840000,0x00000208dfa30000] _byte_map_base: 0x00000208df22c000

Marking Bits (Prev, Next): (CMBitMap*) 0x00000208ccb7e9c0, (CMBitMap*) 0x00000208ccb7ea00
 Prev Bits: [0x00000208dfc20000, 0x00000208e0b80000)
 Next Bits: [0x00000208e0b80000, 0x00000208e1ae0000)

Polling page: 0x00000208caa60000

Metaspace:

Usage:
  Non-class:     27.58 MB used.
      Class:      4.32 MB used.
       Both:     31.90 MB used.

Virtual space:
  Non-class space:       64.00 MB reserved,      27.75 MB ( 43%) committed,  1 nodes.
      Class space:        1.00 GB reserved,       4.44 MB ( <1%) committed,  1 nodes.
             Both:        1.06 GB reserved,      32.19 MB (  3%) committed. 

Chunk freelists:
   Non-Class:  3.86 MB
       Class:  11.58 MB
        Both:  15.44 MB

MaxMetaspaceSize: unlimited
CompressedClassSpaceSize: 1.00 GB
Initial GC threshold: 21.00 MB
Current GC threshold: 52.62 MB
CDS: on
MetaspaceReclaimPolicy: balanced
 - commit_granule_bytes: 65536.
 - commit_granule_words: 8192.
 - virtual_space_node_default_size: 8388608.
 - enlarge_chunks_in_place: 1.
 - new_chunks_are_fully_committed: 0.
 - uncommit_free_chunks: 1.
 - use_allocation_guard: 0.
 - handle_deallocations: 1.


Internal statistics:

num_allocs_failed_limit: 3.
num_arena_births: 354.
num_arena_deaths: 0.
num_vsnodes_births: 2.
num_vsnodes_deaths: 0.
num_space_committed: 515.
num_space_uncommitted: 0.
num_chunks_returned_to_freelist: 3.
num_chunks_taken_from_freelist: 1234.
num_chunk_merges: 3.
num_chunk_splits: 832.
num_chunks_enlarged: 598.
num_inconsistent_stats: 0.

CodeHeap 'non-profiled nmethods': size=120000Kb used=1927Kb max_used=1927Kb free=118072Kb
 bounds [0x00000208d7df0000, 0x00000208d8060000, 0x00000208df320000]
CodeHeap 'profiled nmethods': size=120000Kb used=10966Kb max_used=10966Kb free=109033Kb
 bounds [0x00000208d0320000, 0x00000208d0de0000, 0x00000208d7850000]
CodeHeap 'non-nmethods': size=5760Kb used=1582Kb max_used=1608Kb free=4177Kb
 bounds [0x00000208d7850000, 0x00000208d7ac0000, 0x00000208d7df0000]
 total_blobs=6148 nmethods=5168 adapters=892
 compilation: enabled
              stopped_count=0, restarted_count=0
 full_count=0

Compilation events (20 events):
Event: 55.136 Thread 0x00000208e44c5270 nmethod 5111 0x00000208d0d94210 code [0x00000208d0d943c0, 0x00000208d0d94678]
Event: 55.136 Thread 0x00000208e44c5270 5105       3       javafx.scene.paint.Color::checkSB (53 bytes)
Event: 55.136 Thread 0x00000208e44c5270 nmethod 5105 0x00000208d0d94790 code [0x00000208d0d949a0, 0x00000208d0d94e38]
Event: 55.136 Thread 0x00000208e44c5270 5108       3       javafx.beans.property.SimpleObjectProperty::<init> (11 bytes)
Event: 55.136 Thread 0x00000208e44c5270 nmethod 5108 0x00000208d0d95010 code [0x00000208d0d951e0, 0x00000208d0d956d8]
Event: 55.136 Thread 0x00000208e44c5270 5113       3       javafx.css.StyleConverter::getInsetsConverter (4 bytes)
Event: 55.136 Thread 0x00000208e44c5270 nmethod 5113 0x00000208d0d95890 code [0x00000208d0d95a20, 0x00000208d0d95b78]
Event: 55.136 Thread 0x00000208e44c5270 5112       1       javafx.scene.text.Font::getFamily (5 bytes)
Event: 55.136 Thread 0x00000208e44c5270 nmethod 5112 0x00000208d7fd1310 code [0x00000208d7fd14a0, 0x00000208d7fd1578]
Event: 55.137 Thread 0x00000208e44c5270 5114       3       javafx.scene.CssStyleHelper::lookupInheritedFontProperty (158 bytes)
Event: 55.137 Thread 0x00000208e44c5270 nmethod 5114 0x00000208d0d95c10 code [0x00000208d0d95e80, 0x00000208d0d96ab8]
Event: 55.137 Thread 0x00000208e44c5270 5115       3       com.sun.javafx.css.StyleCache$Key::hashCode (63 bytes)
Event: 55.137 Thread 0x00000208e44c5270 nmethod 5115 0x00000208d0d96f90 code [0x00000208d0d97140, 0x00000208d0d97398]
Event: 55.137 Thread 0x00000208e44c5270 5116       3       javafx.css.Match::<init> (90 bytes)
Event: 55.138 Thread 0x00000208e44c5270 nmethod 5116 0x00000208d0d97490 code [0x00000208d0d976e0, 0x00000208d0d98338]
Event: 55.138 Thread 0x00000208e44c5270 5117       3       javafx.geometry.Insets::<init> (32 bytes)
Event: 55.138 Thread 0x00000208e44c5270 nmethod 5117 0x00000208d0d98710 code [0x00000208d0d988a0, 0x00000208d0d98a18]
Event: 55.138 Thread 0x00000208e44c5270 5118       3       javafx.scene.layout.Region::getPadding (11 bytes)
Event: 55.138 Thread 0x00000208e44c5270 nmethod 5118 0x00000208d0d98b10 code [0x00000208d0d98cc0, 0x00000208d0d990e8]
Event: 55.139 Thread 0x00000208e44c5270 5119   !   3       javafx.scene.CssStyleHelper::calculateValue (787 bytes)

GC Heap History (20 events):
Event: 0.879 GC heap before
{Heap before GC invocations=0 (full 0):
 garbage-first heap   total 63488K, used 22528K [0x00000000c2800000, 0x0000000100000000)
  region size 1024K, 23 young (23552K), 0 survivors (0K)
 Metaspace       used 4860K, committed 5056K, reserved 1114112K
  class space    used 570K, committed 640K, reserved 1048576K
}
Event: 0.882 GC heap after
{Heap after GC invocations=1 (full 0):
 garbage-first heap   total 63488K, used 3407K [0x00000000c2800000, 0x0000000100000000)
  region size 1024K, 3 young (3072K), 3 survivors (3072K)
 Metaspace       used 4860K, committed 5056K, reserved 1114112K
  class space    used 570K, committed 640K, reserved 1048576K
}
Event: 1.548 GC heap before
{Heap before GC invocations=1 (full 0):
 garbage-first heap   total 63488K, used 30031K [0x00000000c2800000, 0x0000000100000000)
  region size 1024K, 30 young (30720K), 3 survivors (3072K)
 Metaspace       used 13151K, committed 13376K, reserved 1114112K
  class space    used 1680K, committed 1792K, reserved 1048576K
}
Event: 1.555 GC heap after
{Heap after GC invocations=2 (full 0):
 garbage-first heap   total 63488K, used 9193K [0x00000000c2800000, 0x0000000100000000)
  region size 1024K, 4 young (4096K), 4 survivors (4096K)
 Metaspace       used 13151K, committed 13376K, reserved 1114112K
  class space    used 1680K, committed 1792K, reserved 1048576K
}
Event: 3.032 GC heap before
{Heap before GC invocations=2 (full 0):
 garbage-first heap   total 63488K, used 37865K [0x00000000c2800000, 0x0000000100000000)
  region size 1024K, 31 young (31744K), 4 survivors (4096K)
 Metaspace       used 20569K, committed 20800K, reserved 1114112K
  class space    used 2732K, committed 2880K, reserved 1048576K
}
Event: 3.036 GC heap after
{Heap after GC invocations=3 (full 0):
 garbage-first heap   total 63488K, used 11662K [0x00000000c2800000, 0x0000000100000000)
  region size 1024K, 2 young (2048K), 2 survivors (2048K)
 Metaspace       used 20569K, committed 20800K, reserved 1114112K
  class space    used 2732K, committed 2880K, reserved 1048576K
}
Event: 3.069 GC heap before
{Heap before GC invocations=3 (full 0):
 garbage-first heap   total 63488K, used 13710K [0x00000000c2800000, 0x0000000100000000)
  region size 1024K, 5 young (5120K), 2 survivors (2048K)
 Metaspace       used 21238K, committed 21504K, reserved 1114112K
  class space    used 2952K, committed 3072K, reserved 1048576K
}
Event: 3.071 GC heap after
{Heap after GC invocations=4 (full 0):
 garbage-first heap   total 63488K, used 11652K [0x00000000c2800000, 0x0000000100000000)
  region size 1024K, 2 young (2048K), 2 survivors (2048K)
 Metaspace       used 21238K, committed 21504K, reserved 1114112K
  class space    used 2952K, committed 3072K, reserved 1048576K
}
Event: 30.430 GC heap before
{Heap before GC invocations=5 (full 0):
 garbage-first heap   total 45056K, used 36228K [0x00000000c2800000, 0x0000000100000000)
  region size 1024K, 26 young (26624K), 2 survivors (2048K)
 Metaspace       used 27798K, committed 28096K, reserved 1114112K
  class space    used 3800K, committed 3904K, reserved 1048576K
}
Event: 30.435 GC heap after
{Heap after GC invocations=6 (full 0):
 garbage-first heap   total 45056K, used 17527K [0x00000000c2800000, 0x0000000100000000)
  region size 1024K, 4 young (4096K), 4 survivors (4096K)
 Metaspace       used 27798K, committed 28096K, reserved 1114112K
  class space    used 3800K, committed 3904K, reserved 1048576K
}
Event: 54.870 GC heap before
{Heap before GC invocations=6 (full 0):
 garbage-first heap   total 45056K, used 30839K [0x00000000c2800000, 0x0000000100000000)
  region size 1024K, 14 young (14336K), 4 survivors (4096K)
 Metaspace       used 32008K, committed 32320K, reserved 1114112K
  class space    used 4328K, committed 4480K, reserved 1048576K
}
Event: 54.875 GC heap after
{Heap after GC invocations=7 (full 0):
 garbage-first heap   total 45056K, used 24318K [0x00000000c2800000, 0x0000000100000000)
  region size 1024K, 2 young (2048K), 2 survivors (2048K)
 Metaspace       used 32008K, committed 32320K, reserved 1114112K
  class space    used 4328K, committed 4480K, reserved 1048576K
}
Event: 54.903 GC heap before
{Heap before GC invocations=8 (full 0):
 garbage-first heap   total 51200K, used 30462K [0x00000000c2800000, 0x0000000100000000)
  region size 1024K, 3 young (3072K), 2 survivors (2048K)
 Metaspace       used 32016K, committed 32320K, reserved 1114112K
  class space    used 4330K, committed 4480K, reserved 1048576K
}
Event: 54.905 GC heap after
{Heap after GC invocations=9 (full 0):
 garbage-first heap   total 51200K, used 30738K [0x00000000c2800000, 0x0000000100000000)
  region size 1024K, 1 young (1024K), 1 survivors (1024K)
 Metaspace       used 32016K, committed 32320K, reserved 1114112K
  class space    used 4330K, committed 4480K, reserved 1048576K
}
Event: 54.925 GC heap before
{Heap before GC invocations=10 (full 0):
 garbage-first heap   total 61440K, used 36882K [0x00000000c2800000, 0x0000000100000000)
  region size 1024K, 2 young (2048K), 1 survivors (1024K)
 Metaspace       used 32018K, committed 32384K, reserved 1114112K
  class space    used 4330K, committed 4480K, reserved 1048576K
}
Event: 54.926 GC heap after
{Heap after GC invocations=11 (full 0):
 garbage-first heap   total 73728K, used 36777K [0x00000000c2800000, 0x0000000100000000)
  region size 1024K, 1 young (1024K), 1 survivors (1024K)
 Metaspace       used 32018K, committed 32384K, reserved 1114112K
  class space    used 4330K, committed 4480K, reserved 1048576K
}
Event: 54.952 GC heap before
{Heap before GC invocations=12 (full 0):
 garbage-first heap   total 75776K, used 44969K [0x00000000c2800000, 0x0000000100000000)
  region size 1024K, 2 young (2048K), 1 survivors (1024K)
 Metaspace       used 32029K, committed 32384K, reserved 1114112K
  class space    used 4330K, committed 4480K, reserved 1048576K
}
Event: 54.954 GC heap after
{Heap after GC invocations=13 (full 0):
 garbage-first heap   total 75776K, used 45099K [0x00000000c2800000, 0x0000000100000000)
  region size 1024K, 1 young (1024K), 1 survivors (1024K)
 Metaspace       used 32029K, committed 32384K, reserved 1114112K
  class space    used 4330K, committed 4480K, reserved 1048576K
}
Event: 54.976 GC heap before
{Heap before GC invocations=14 (full 0):
 garbage-first heap   total 86016K, used 51243K [0x00000000c2800000, 0x0000000100000000)
  region size 1024K, 2 young (2048K), 1 survivors (1024K)
 Metaspace       used 32037K, committed 32384K, reserved 1114112K
  class space    used 4330K, committed 4480K, reserved 1048576K
}
Event: 54.977 GC heap after
{Heap after GC invocations=15 (full 0):
 garbage-first heap   total 86016K, used 51331K [0x00000000c2800000, 0x0000000100000000)
  region size 1024K, 1 young (1024K), 1 survivors (1024K)
 Metaspace       used 32037K, committed 32384K, reserved 1114112K
  class space    used 4330K, committed 4480K, reserved 1048576K
}

Dll operation events (3 events):
Event: 0.011 Loaded shared library C:\Users\39\.jdks\jbr-17.0.12-1\bin\java.dll
Event: 0.047 Loaded shared library C:\Users\39\.jdks\jbr-17.0.12-1\bin\jsvml.dll
Event: 29.931 Loaded shared library C:\Users\39\.jdks\jbr-17.0.12-1\bin\verify.dll

Deoptimization events (20 events):
Event: 55.027 Thread 0x00000208e9365c50 Uncommon trap: trap_request=0xffffff45 fr.pc=0x00000208d7f65a48 relative=0x00000000000000a8
Event: 55.027 Thread 0x00000208e9365c50 Uncommon trap: reason=unstable_if action=reinterpret pc=0x00000208d7f65a48 method=javafx.scene.Scene.getWindow()Ljavafx/stage/Window; @ 4 c2
Event: 55.027 Thread 0x00000208e9365c50 DEOPT PACKING pc=0x00000208d7f65a48 sp=0x00000032ce7fadc0
Event: 55.027 Thread 0x00000208e9365c50 DEOPT UNPACKING pc=0x00000208d78a69a3 sp=0x00000032ce7fad60 mode 2
Event: 55.114 Thread 0x00000208e9365c50 Uncommon trap: trap_request=0xffffffd6 fr.pc=0x00000208d7fce798 relative=0x0000000000001198
Event: 55.114 Thread 0x00000208e9365c50 Uncommon trap: reason=array_check action=maybe_recompile pc=0x00000208d7fce798 method=javafx.css.SimpleSelector.applies(Ljavafx/css/Styleable;[Ljava/util/Set;I)Z @ 37 c2
Event: 55.114 Thread 0x00000208e9365c50 DEOPT PACKING pc=0x00000208d7fce798 sp=0x00000032ce7f9540
Event: 55.114 Thread 0x00000208e9365c50 DEOPT UNPACKING pc=0x00000208d78a69a3 sp=0x00000032ce7f94a0 mode 2
Event: 55.114 Thread 0x00000208e9365c50 Uncommon trap: trap_request=0xffffffd6 fr.pc=0x00000208d7fce798 relative=0x0000000000001198
Event: 55.114 Thread 0x00000208e9365c50 Uncommon trap: reason=array_check action=maybe_recompile pc=0x00000208d7fce798 method=javafx.css.SimpleSelector.applies(Ljavafx/css/Styleable;[Ljava/util/Set;I)Z @ 37 c2
Event: 55.114 Thread 0x00000208e9365c50 DEOPT PACKING pc=0x00000208d7fce798 sp=0x00000032ce7f99b0
Event: 55.114 Thread 0x00000208e9365c50 DEOPT UNPACKING pc=0x00000208d78a69a3 sp=0x00000032ce7f9910 mode 2
Event: 55.114 Thread 0x00000208e9365c50 Uncommon trap: trap_request=0xffffffd6 fr.pc=0x00000208d7fce798 relative=0x0000000000001198
Event: 55.114 Thread 0x00000208e9365c50 Uncommon trap: reason=array_check action=maybe_recompile pc=0x00000208d7fce798 method=javafx.css.SimpleSelector.applies(Ljavafx/css/Styleable;[Ljava/util/Set;I)Z @ 37 c2
Event: 55.114 Thread 0x00000208e9365c50 DEOPT PACKING pc=0x00000208d7fce798 sp=0x00000032ce7f99b0
Event: 55.114 Thread 0x00000208e9365c50 DEOPT UNPACKING pc=0x00000208d78a69a3 sp=0x00000032ce7f9910 mode 2
Event: 55.114 Thread 0x00000208e9365c50 Uncommon trap: trap_request=0xffffffd6 fr.pc=0x00000208d7fce798 relative=0x0000000000001198
Event: 55.114 Thread 0x00000208e9365c50 Uncommon trap: reason=array_check action=maybe_recompile pc=0x00000208d7fce798 method=javafx.css.SimpleSelector.applies(Ljavafx/css/Styleable;[Ljava/util/Set;I)Z @ 37 c2
Event: 55.114 Thread 0x00000208e9365c50 DEOPT PACKING pc=0x00000208d7fce798 sp=0x00000032ce7f99b0
Event: 55.114 Thread 0x00000208e9365c50 DEOPT UNPACKING pc=0x00000208d78a69a3 sp=0x00000032ce7f9910 mode 2

Classes loaded (20 events):
Event: 33.142 Loading class sun/net/www/http/KeepAliveStreamCleaner$1
Event: 33.142 Loading class sun/net/www/http/KeepAliveStreamCleaner$1 done
Event: 33.142 Loading class sun/net/www/http/KeepAliveStreamCleaner$2
Event: 33.142 Loading class sun/net/www/http/KeepAliveStreamCleaner$2 done
Event: 33.142 Loading class sun/net/www/protocol/http/HttpURLConnection$HttpInputStream
Event: 33.143 Loading class sun/net/www/protocol/http/HttpURLConnection$HttpInputStream done
Event: 54.802 Loading class sun/net/www/http/ChunkedInputStream
Event: 54.804 Loading class sun/net/www/http/ChunkedInputStream done
Event: 54.804 Loading class sun/net/www/http/KeepAliveCache$1
Event: 54.804 Loading class sun/net/www/http/KeepAliveCache$1 done
Event: 54.805 Loading class sun/net/www/http/ClientVector
Event: 54.806 Loading class sun/net/www/http/ClientVector done
Event: 54.808 Loading class sun/net/www/http/KeepAliveEntry
Event: 54.808 Loading class sun/net/www/http/KeepAliveEntry done
Event: 54.830 Loading class sun/nio/cs/Surrogate$Parser
Event: 54.830 Loading class sun/nio/cs/Surrogate$Parser done
Event: 54.830 Loading class sun/nio/cs/Surrogate
Event: 54.830 Loading class sun/nio/cs/Surrogate done
Event: 54.856 Loading class java/text/FieldPosition$Delegate
Event: 54.857 Loading class java/text/FieldPosition$Delegate done

Classes unloaded (0 events):
No events

Classes redefined (0 events):
No events

Internal exceptions (20 events):
Event: 3.313 Thread 0x00000208e4ac9f40 Exception <a 'java/lang/NoSuchMethodError'{0x00000000c4de6d70}: 'int java.lang.invoke.DirectMethodHandle$Holder.invokeStaticInit(java.lang.Object, java.lang.Object)'> (0x00000000c4de6d70) 
thrown [s\src\hotspot\share\interpreter\linkResolver.cpp, line 771]
Event: 3.319 Thread 0x00000208e9365c50 Exception <a 'java/lang/NoSuchMethodError'{0x00000000c4da4770}: 'long java.lang.invoke.DirectMethodHandle$Holder.invokeStatic(java.lang.Object, java.lang.Object, java.lang.Object)'> (0x00000000c4da4770) 
thrown [s\src\hotspot\share\interpreter\linkResolver.cpp, line 771]
Event: 3.320 Thread 0x00000208e9365c50 Exception <a 'java/lang/NoSuchMethodError'{0x00000000c4da7f18}: 'long java.lang.invoke.DirectMethodHandle$Holder.invokeStaticInit(java.lang.Object, java.lang.Object, java.lang.Object)'> (0x00000000c4da7f18) 
thrown [s\src\hotspot\share\interpreter\linkResolver.cpp, line 771]
Event: 3.322 Thread 0x00000208e9365c50 Exception <a 'java/lang/NoSuchMethodError'{0x00000000c4dbfa98}: 'java.lang.Object java.lang.invoke.DirectMethodHandle$Holder.newInvokeSpecial(java.lang.Object, java.lang.Object, long)'> (0x00000000c4dbfa98) 
thrown [s\src\hotspot\share\interpreter\linkResolver.cpp, line 771]
Event: 3.323 Thread 0x00000208e9365c50 Exception <a 'java/lang/NoSuchMethodError'{0x00000000c4dc3608}: 'java.lang.Object java.lang.invoke.Invokers$Holder.linkToTargetMethod(java.lang.Object, long, java.lang.Object)'> (0x00000000c4dc3608) 
thrown [s\src\hotspot\share\interpreter\linkResolver.cpp, line 771]
Event: 3.505 Thread 0x00000208e4ac9f40 Exception <a 'java/lang/NoSuchMethodError'{0x00000000c491ca08}: 'java.lang.Object java.lang.invoke.DirectMethodHandle$Holder.invokeStaticInit(java.lang.Object, int)'> (0x00000000c491ca08) 
thrown [s\src\hotspot\share\interpreter\linkResolver.cpp, line 771]
Event: 30.349 Thread 0x00000208e9365c50 Exception <a 'sun/nio/fs/WindowsException'{0x00000000c3c37d28}> (0x00000000c3c37d28) 
thrown [s\src\hotspot\share\prims\jni.cpp, line 531]
Event: 30.360 Thread 0x00000208e9365c50 Exception <a 'java/lang/NoSuchMethodError'{0x00000000c3c58140}: 'int java.lang.invoke.DirectMethodHandle$Holder.invokeStaticInit(java.lang.Object, java.lang.Object, java.lang.Object, java.lang.Object)'> (0x00000000c3c58140) 
thrown [s\src\hotspot\share\interpreter\linkResolver.cpp, line 771]
Event: 30.360 Thread 0x00000208e9365c50 Exception <a 'java/lang/IncompatibleClassChangeError'{0x00000000c3c617a8}: Found class java.lang.Object, but interface was expected> (0x00000000c3c617a8) 
thrown [s\src\hotspot\share\interpreter\linkResolver.cpp, line 838]
Event: 30.453 Thread 0x00000208e9365c50 Exception <a 'java/lang/NoSuchMethodError'{0x00000000c6128738}: 'java.lang.Object java.lang.invoke.DirectMethodHandle$Holder.invokeStaticInit(java.lang.Object, int, int, int, int)'> (0x00000000c6128738) 
thrown [s\src\hotspot\share\interpreter\linkResolver.cpp, line 771]
Event: 30.574 Thread 0x00000208e9365c50 Exception <a 'java/lang/NoSuchMethodError'{0x00000000c5003058}: 'java.lang.Object java.lang.invoke.DirectMethodHandle$Holder.invokeStaticInit(java.lang.Object, java.lang.Object, int, int, int, int)'> (0x00000000c5003058) 
thrown [s\src\hotspot\share\interpreter\linkResolver.cpp, line 771]
Event: 30.844 Thread 0x00000208e9365c50 Implicit null exception at 0x00000208d7f8f00c to 0x00000208d7f8f1c2
Event: 54.844 Thread 0x00000208e9365c50 Implicit null exception at 0x00000208d7e9cbf2 to 0x00000208d7e9d23c
Event: 54.844 Thread 0x00000208e9365c50 Implicit null exception at 0x00000208d7e8bcf2 to 0x00000208d7e8c354
Event: 54.855 Thread 0x00000208e9365c50 Exception <a 'java/lang/NoSuchMethodError'{0x00000000c4a38488}: 'void java.lang.invoke.DirectMethodHandle$Holder.invokeSpecialIFC(java.lang.Object, java.lang.Object, java.lang.Object)'> (0x00000000c4a38488) 
thrown [s\src\hotspot\share\interpreter\linkResolver.cpp, line 771]
Event: 54.998 Thread 0x00000208e9365c50 Exception <a 'java/io/FileNotFoundException'{0x00000000c7a2f4d0}> (0x00000000c7a2f4d0) 
thrown [s\src\hotspot\share\prims\jni.cpp, line 531]
Event: 55.017 Thread 0x00000208e9365c50 Exception <a 'java/lang/ClassNotFoundException'{0x00000000c85370a0}: com/sun/javafx/scene/control/skin/resources/controls-nt> (0x00000000c85370a0) 
thrown [s\src\hotspot\share\prims\jni.cpp, line 550]
Event: 55.018 Thread 0x00000208e9365c50 Exception <a 'java/lang/ClassNotFoundException'{0x00000000c853fbf0}: com/sun/javafx/scene/control/skin/resources/controls-nt_fr> (0x00000000c853fbf0) 
thrown [s\src\hotspot\share\prims\jni.cpp, line 550]
Event: 55.019 Thread 0x00000208e9365c50 Exception <a 'java/lang/ClassNotFoundException'{0x00000000c8541a68}: com/sun/javafx/scene/control/skin/resources/controls-nt_fr_FR> (0x00000000c8541a68) 
thrown [s\src\hotspot\share\prims\jni.cpp, line 550]
Event: 55.027 Thread 0x00000208e9365c50 Implicit null exception at 0x00000208d7f659d0 to 0x00000208d7f65a34

VM Operations (20 events):
Event: 54.925 Executing VM operation: G1TryInitiateConcMark
Event: 54.926 Executing VM operation: G1TryInitiateConcMark done
Event: 54.940 Executing VM operation: G1PauseRemark
Event: 54.942 Executing VM operation: G1PauseRemark done
Event: 54.947 Executing VM operation: G1PauseCleanup
Event: 54.947 Executing VM operation: G1PauseCleanup done
Event: 54.952 Executing VM operation: G1TryInitiateConcMark
Event: 54.954 Executing VM operation: G1TryInitiateConcMark done
Event: 54.966 Executing VM operation: G1PauseRemark
Event: 54.968 Executing VM operation: G1PauseRemark done
Event: 54.973 Executing VM operation: G1PauseCleanup
Event: 54.973 Executing VM operation: G1PauseCleanup done
Event: 54.976 Executing VM operation: G1TryInitiateConcMark
Event: 54.977 Executing VM operation: G1TryInitiateConcMark done
Event: 54.988 Executing VM operation: G1PauseRemark
Event: 54.990 Executing VM operation: G1PauseRemark done
Event: 54.996 Executing VM operation: G1PauseCleanup
Event: 54.996 Executing VM operation: G1PauseCleanup done
Event: 55.122 Executing VM operation: HandshakeAllThreads
Event: 55.122 Executing VM operation: HandshakeAllThreads done

Events (20 events):
Event: 0.700 Thread 0x00000208e9365c50 Thread added: 0x00000208e9365c50
Event: 0.820 Thread 0x00000208e95a5520 Thread added: 0x00000208e95a5520
Event: 0.834 Thread 0x00000208e955c0b0 Thread added: 0x00000208e955c0b0
Event: 0.843 Loaded shared library C:\Users\39\.jdks\jbr-17.0.12-1\bin\jimage.dll
Event: 0.963 Thread 0x00000208ee694420 Thread added: 0x00000208ee694420
Event: 1.086 Loaded shared library C:\Users\39\.jdks\jbr-17.0.12-1\bin\extnet.dll
Event: 1.354 Loaded shared library C:\Users\39\.openjfx\cache\21.0.2+5\amd64\javafx_font.dll
Event: 1.814 Thread 0x00000208ee695d70 Thread added: 0x00000208ee695d70
Event: 1.851 Loaded shared library C:\Users\39\.jdks\jbr-17.0.12-1\bin\awt.dll
Event: 1.918 Thread 0x00000208ee696ca0 Thread added: 0x00000208ee696ca0
Event: 1.940 Loaded shared library C:\Users\39\.jdks\jbr-17.0.12-1\bin\freetype.dll
Event: 1.944 Loaded shared library C:\Users\39\.jdks\jbr-17.0.12-1\bin\fontmanager.dll
Event: 2.547 Thread 0x00000208ee696280 Thread added: 0x00000208ee696280
Event: 2.548 Thread 0x00000208ee694e40 Thread added: 0x00000208ee694e40
Event: 3.393 Thread 0x00000208ee695860 Thread added: 0x00000208ee695860
Event: 3.562 Thread 0x00000208ee696280 Thread exited: 0x00000208ee696280
Event: 30.320 Loaded shared library C:\Users\39\.jdks\jbr-17.0.12-1\bin\sunmscapi.dll
Event: 30.924 Thread 0x00000208ee693f10 Thread added: 0x00000208ee693f10
Event: 30.924 Thread 0x00000208ee693f10 Thread exited: 0x00000208ee693f10
Event: 54.805 Thread 0x00000208ee693f10 Thread added: 0x00000208ee693f10


Dynamic libraries:
0x00007ff772390000 - 0x00007ff77239a000 	C:\Users\39\.jdks\jbr-17.0.12-1\bin\java.exe
0x00007ffe88110000 - 0x00007ffe88308000 	C:\Windows\SYSTEM32\ntdll.dll
0x00007ffe868e0000 - 0x00007ffe869a2000 	C:\Windows\System32\KERNEL32.DLL
0x00007ffe857b0000 - 0x00007ffe85aaf000 	C:\Windows\System32\KERNELBASE.dll
0x00007ffe85ca0000 - 0x00007ffe85da0000 	C:\Windows\System32\ucrtbase.dll
0x00007ffe81c30000 - 0x00007ffe81c47000 	C:\Users\39\.jdks\jbr-17.0.12-1\bin\jli.dll
0x00007ffe81970000 - 0x00007ffe8198b000 	C:\Users\39\.jdks\jbr-17.0.12-1\bin\VCRUNTIME140.dll
0x00007ffe877f0000 - 0x00007ffe8798d000 	C:\Windows\System32\USER32.dll
0x00007ffe85ab0000 - 0x00007ffe85ad2000 	C:\Windows\System32\win32u.dll
0x00007ffe72660000 - 0x00007ffe728fa000 	C:\Windows\WinSxS\amd64_microsoft.windows.common-controls_6595b64144ccf1df_6.0.19041.4355_none_60b8b9eb71f62e16\COMCTL32.dll
0x00007ffe86a50000 - 0x00007ffe86a7b000 	C:\Windows\System32\GDI32.dll
0x00007ffe87e10000 - 0x00007ffe87eae000 	C:\Windows\System32\msvcrt.dll
0x00007ffe86010000 - 0x00007ffe8612a000 	C:\Windows\System32\gdi32full.dll
0x00007ffe85e10000 - 0x00007ffe85ead000 	C:\Windows\System32\msvcp_win.dll
0x00007ffe869b0000 - 0x00007ffe869df000 	C:\Windows\System32\IMM32.DLL
0x00007ffe81bf0000 - 0x00007ffe81bfc000 	C:\Users\39\.jdks\jbr-17.0.12-1\bin\vcruntime140_1.dll
0x00007ffe7e440000 - 0x00007ffe7e4cd000 	C:\Users\39\.jdks\jbr-17.0.12-1\bin\msvcp140.dll
0x00007ffe12bc0000 - 0x00007ffe1384a000 	C:\Users\39\.jdks\jbr-17.0.12-1\bin\server\jvm.dll
0x00007ffe861c0000 - 0x00007ffe8626f000 	C:\Windows\System32\ADVAPI32.dll
0x00007ffe86840000 - 0x00007ffe868df000 	C:\Windows\System32\sechost.dll
0x00007ffe87f40000 - 0x00007ffe88063000 	C:\Windows\System32\RPCRT4.dll
0x00007ffe85ae0000 - 0x00007ffe85b07000 	C:\Windows\System32\bcrypt.dll
0x00007ffe86ae0000 - 0x00007ffe86b4b000 	C:\Windows\System32\WS2_32.dll
0x00007ffe854f0000 - 0x00007ffe8553b000 	C:\Windows\SYSTEM32\POWRPROF.dll
0x00007ffe75180000 - 0x00007ffe751a7000 	C:\Windows\SYSTEM32\WINMM.dll
0x00007ffe805b0000 - 0x00007ffe805ba000 	C:\Windows\SYSTEM32\VERSION.dll
0x00007ffe854d0000 - 0x00007ffe854e2000 	C:\Windows\SYSTEM32\UMPDC.dll
0x00007ffe83630000 - 0x00007ffe83642000 	C:\Windows\SYSTEM32\kernel.appcore.dll
0x00007ffe81b10000 - 0x00007ffe81b1a000 	C:\Users\39\.jdks\jbr-17.0.12-1\bin\jimage.dll
0x00007ffe738d0000 - 0x00007ffe73ab4000 	C:\Windows\SYSTEM32\DBGHELP.DLL
0x00007ffe71210000 - 0x00007ffe71244000 	C:\Windows\SYSTEM32\dbgcore.DLL
0x00007ffe85bc0000 - 0x00007ffe85c42000 	C:\Windows\System32\bcryptPrimitives.dll
0x00007ffe81830000 - 0x00007ffe81855000 	C:\Users\39\.jdks\jbr-17.0.12-1\bin\java.dll
0x00007ffe5a340000 - 0x00007ffe5a417000 	C:\Users\39\.jdks\jbr-17.0.12-1\bin\jsvml.dll
0x00007ffe87080000 - 0x00007ffe877ed000 	C:\Windows\System32\SHELL32.dll
0x00007ffe83830000 - 0x00007ffe83fd4000 	C:\Windows\SYSTEM32\windows.storage.dll
0x00007ffe86c70000 - 0x00007ffe86fc5000 	C:\Windows\System32\combase.dll
0x00007ffe85110000 - 0x00007ffe8513f000 	C:\Windows\SYSTEM32\Wldp.dll
0x00007ffe86280000 - 0x00007ffe8634d000 	C:\Windows\System32\OLEAUT32.dll
0x00007ffe86fd0000 - 0x00007ffe8707d000 	C:\Windows\System32\SHCORE.dll
0x00007ffe869e0000 - 0x00007ffe86a35000 	C:\Windows\System32\shlwapi.dll
0x00007ffe856e0000 - 0x00007ffe85704000 	C:\Windows\SYSTEM32\profapi.dll
0x00007ffe81160000 - 0x00007ffe81179000 	C:\Users\39\.jdks\jbr-17.0.12-1\bin\net.dll
0x00007ffe7c400000 - 0x00007ffe7c50a000 	C:\Windows\SYSTEM32\WINHTTP.dll
0x00007ffe84e70000 - 0x00007ffe84edc000 	C:\Windows\system32\mswsock.dll
0x00007ffe81140000 - 0x00007ffe81156000 	C:\Users\39\.jdks\jbr-17.0.12-1\bin\nio.dll
0x00007ffe81940000 - 0x00007ffe81958000 	C:\Users\39\.jdks\jbr-17.0.12-1\bin\zip.dll
0x00000208caae0000 - 0x00000208caae3000 	C:\Users\39\.openjfx\cache\21.0.2+5\amd64\api-ms-win-core-console-l1-1-0.dll
0x00000208caaf0000 - 0x00000208caaf3000 	C:\Users\39\.openjfx\cache\21.0.2+5\amd64\api-ms-win-core-console-l1-2-0.dll
0x00000208cab00000 - 0x00000208cab03000 	C:\Users\39\.openjfx\cache\21.0.2+5\amd64\api-ms-win-core-datetime-l1-1-0.dll
0x00000208cab10000 - 0x00000208cab13000 	C:\Users\39\.openjfx\cache\21.0.2+5\amd64\api-ms-win-core-debug-l1-1-0.dll
0x00000208cab20000 - 0x00000208cab23000 	C:\Users\39\.openjfx\cache\21.0.2+5\amd64\api-ms-win-core-errorhandling-l1-1-0.dll
0x00000208cab30000 - 0x00000208cab34000 	C:\Users\39\.openjfx\cache\21.0.2+5\amd64\api-ms-win-core-file-l1-1-0.dll
0x00000208cab40000 - 0x00000208cab43000 	C:\Users\39\.openjfx\cache\21.0.2+5\amd64\api-ms-win-core-file-l1-2-0.dll
0x00000208cca30000 - 0x00000208cca33000 	C:\Users\39\.openjfx\cache\21.0.2+5\amd64\api-ms-win-core-file-l2-1-0.dll
0x00000208cca40000 - 0x00000208cca43000 	C:\Users\39\.openjfx\cache\21.0.2+5\amd64\api-ms-win-core-handle-l1-1-0.dll
0x00000208cca50000 - 0x00000208cca53000 	C:\Users\39\.openjfx\cache\21.0.2+5\amd64\api-ms-win-core-heap-l1-1-0.dll
0x00000208cca60000 - 0x00000208cca63000 	C:\Users\39\.openjfx\cache\21.0.2+5\amd64\api-ms-win-core-interlocked-l1-1-0.dll
0x00000208cca70000 - 0x00000208cca73000 	C:\Users\39\.openjfx\cache\21.0.2+5\amd64\api-ms-win-core-libraryloader-l1-1-0.dll
0x00000208cca80000 - 0x00000208cca83000 	C:\Users\39\.openjfx\cache\21.0.2+5\amd64\api-ms-win-core-localization-l1-2-0.dll
0x00000208cca90000 - 0x00000208cca93000 	C:\Users\39\.openjfx\cache\21.0.2+5\amd64\api-ms-win-core-memory-l1-1-0.dll
0x00000208ccaa0000 - 0x00000208ccaa3000 	C:\Users\39\.openjfx\cache\21.0.2+5\amd64\api-ms-win-core-namedpipe-l1-1-0.dll
0x00000208ccab0000 - 0x00000208ccab3000 	C:\Users\39\.openjfx\cache\21.0.2+5\amd64\api-ms-win-core-processenvironment-l1-1-0.dll
0x00000208ccac0000 - 0x00000208ccac3000 	C:\Users\39\.openjfx\cache\21.0.2+5\amd64\api-ms-win-core-processthreads-l1-1-0.dll
0x00000208ccad0000 - 0x00000208ccad3000 	C:\Users\39\.openjfx\cache\21.0.2+5\amd64\api-ms-win-core-processthreads-l1-1-1.dll
0x00000208ccae0000 - 0x00000208ccae3000 	C:\Users\39\.openjfx\cache\21.0.2+5\amd64\api-ms-win-core-profile-l1-1-0.dll
0x00000208ccaf0000 - 0x00000208ccaf3000 	C:\Users\39\.openjfx\cache\21.0.2+5\amd64\api-ms-win-core-rtlsupport-l1-1-0.dll
0x00000208e4bd0000 - 0x00000208e4bd3000 	C:\Users\39\.openjfx\cache\21.0.2+5\amd64\api-ms-win-core-string-l1-1-0.dll
0x00000208e4be0000 - 0x00000208e4be3000 	C:\Users\39\.openjfx\cache\21.0.2+5\amd64\api-ms-win-core-synch-l1-1-0.dll
0x00000208e4bf0000 - 0x00000208e4bf3000 	C:\Users\39\.openjfx\cache\21.0.2+5\amd64\api-ms-win-core-synch-l1-2-0.dll
0x00000208e4c00000 - 0x00000208e4c03000 	C:\Users\39\.openjfx\cache\21.0.2+5\amd64\api-ms-win-core-sysinfo-l1-1-0.dll
0x00000208e4c10000 - 0x00000208e4c13000 	C:\Users\39\.openjfx\cache\21.0.2+5\amd64\api-ms-win-core-timezone-l1-1-0.dll
0x00000208e4c20000 - 0x00000208e4c23000 	C:\Users\39\.openjfx\cache\21.0.2+5\amd64\api-ms-win-core-util-l1-1-0.dll
0x00000208e4c30000 - 0x00000208e4c33000 	C:\Users\39\.openjfx\cache\21.0.2+5\amd64\api-ms-win-crt-conio-l1-1-0.dll
0x00000208e4c40000 - 0x00000208e4c44000 	C:\Users\39\.openjfx\cache\21.0.2+5\amd64\api-ms-win-crt-convert-l1-1-0.dll
0x00000208e4c50000 - 0x00000208e4c53000 	C:\Users\39\.openjfx\cache\21.0.2+5\amd64\api-ms-win-crt-environment-l1-1-0.dll
0x00000208e4c60000 - 0x00000208e4c63000 	C:\Users\39\.openjfx\cache\21.0.2+5\amd64\api-ms-win-crt-filesystem-l1-1-0.dll
0x00000208e4c70000 - 0x00000208e4c73000 	C:\Users\39\.openjfx\cache\21.0.2+5\amd64\api-ms-win-crt-heap-l1-1-0.dll
0x00000208e4c80000 - 0x00000208e4c83000 	C:\Users\39\.openjfx\cache\21.0.2+5\amd64\api-ms-win-crt-locale-l1-1-0.dll
0x00000208e4c90000 - 0x00000208e4c95000 	C:\Users\39\.openjfx\cache\21.0.2+5\amd64\api-ms-win-crt-math-l1-1-0.dll
0x00000208e4ca0000 - 0x00000208e4ca5000 	C:\Users\39\.openjfx\cache\21.0.2+5\amd64\api-ms-win-crt-multibyte-l1-1-0.dll
0x00000208e4cb0000 - 0x00000208e4cc0000 	C:\Users\39\.openjfx\cache\21.0.2+5\amd64\api-ms-win-crt-private-l1-1-0.dll
0x00000208e4cc0000 - 0x00000208e4cc3000 	C:\Users\39\.openjfx\cache\21.0.2+5\amd64\api-ms-win-crt-process-l1-1-0.dll
0x00000208e4cd0000 - 0x00000208e4cd4000 	C:\Users\39\.openjfx\cache\21.0.2+5\amd64\api-ms-win-crt-runtime-l1-1-0.dll
0x00000208e4ce0000 - 0x00000208e4ce4000 	C:\Users\39\.openjfx\cache\21.0.2+5\amd64\api-ms-win-crt-stdio-l1-1-0.dll
0x00000208e4cf0000 - 0x00000208e4cf4000 	C:\Users\39\.openjfx\cache\21.0.2+5\amd64\api-ms-win-crt-string-l1-1-0.dll
0x00000208e4d00000 - 0x00000208e4d03000 	C:\Users\39\.openjfx\cache\21.0.2+5\amd64\api-ms-win-crt-time-l1-1-0.dll
0x00000208e4d10000 - 0x00000208e4d13000 	C:\Users\39\.openjfx\cache\21.0.2+5\amd64\api-ms-win-crt-utility-l1-1-0.dll
0x00007ffe6bf60000 - 0x00007ffe6c05c000 	C:\Users\39\.openjfx\cache\21.0.2+5\amd64\ucrtbase.dll
0x00007ffe81870000 - 0x00007ffe8188b000 	C:\Users\39\.openjfx\cache\21.0.2+5\amd64\vcruntime140.dll
0x00007ffe81860000 - 0x00007ffe8186c000 	C:\Users\39\.openjfx\cache\21.0.2+5\amd64\vcruntime140_1.dll
0x00007ffe71790000 - 0x00007ffe7181e000 	C:\Users\39\.openjfx\cache\21.0.2+5\amd64\msvcp140.dll
0x00007ffe81090000 - 0x00007ffe81099000 	C:\Users\39\.openjfx\cache\21.0.2+5\amd64\msvcp140_1.dll
0x00007ffe760e0000 - 0x00007ffe76121000 	C:\Users\39\.openjfx\cache\21.0.2+5\amd64\msvcp140_2.dll
0x00007ffe75380000 - 0x00007ffe753b0000 	C:\Users\39\.openjfx\cache\21.0.2+5\amd64\prism_d3d.dll
0x00007ffe7e810000 - 0x00007ffe7e9e1000 	C:\Windows\system32\d3d9.dll
0x00007ffe83330000 - 0x00007ffe8335f000 	C:\Windows\SYSTEM32\dwmapi.dll
0x00007ffe83140000 - 0x00007ffe831de000 	C:\Windows\system32\uxtheme.dll
0x00007ffe4c1c0000 - 0x00007ffe4c325000 	C:\Windows\System32\DriverStore\FileRepository\iigd_dch.inf_amd64_4b31d9b38e2bb506\igdumdim64.dll
0x00007ffe86710000 - 0x00007ffe8683b000 	C:\Windows\System32\ole32.dll
0x00007ffdfbe20000 - 0x00007ffdffaab000 	C:\Windows\System32\DriverStore\FileRepository\iigd_dch.inf_amd64_4b31d9b38e2bb506\igd9dxva64.dll
0x00007ffe87990000 - 0x00007ffe87e01000 	C:\Windows\System32\SETUPAPI.dll
0x00007ffe85c50000 - 0x00007ffe85c9e000 	C:\Windows\System32\cfgmgr32.dll
0x00007ffe78f20000 - 0x00007ffe79256000 	C:\Windows\System32\DriverStore\FileRepository\iigd_dch.inf_amd64_4b31d9b38e2bb506\igdgmm64.dll
0x00007ffe71740000 - 0x00007ffe71782000 	C:\Users\39\.openjfx\cache\21.0.2+5\amd64\glass.dll
0x00007ffe86350000 - 0x00007ffe8642a000 	C:\Windows\System32\COMDLG32.dll
0x00007ffe86b50000 - 0x00007ffe86c65000 	C:\Windows\System32\MSCTF.dll
0x00007ffe73bc0000 - 0x00007ffe73be7000 	C:\Windows\System32\DriverStore\FileRepository\iigd_dch.inf_amd64_4b31d9b38e2bb506\igdinfo64.dll
0x00007ffe85070000 - 0x00007ffe85088000 	C:\Windows\SYSTEM32\CRYPTSP.dll
0x00007ffe84790000 - 0x00007ffe847c4000 	C:\Windows\system32\rsaenh.dll
0x00007ffe85060000 - 0x00007ffe8506c000 	C:\Windows\SYSTEM32\CRYPTBASE.dll
0x00007ffe76190000 - 0x00007ffe78f1f000 	C:\Windows\System32\DriverStore\FileRepository\iigd_dch.inf_amd64_4b31d9b38e2bb506\igc64.dll
0x00007ffe7ad40000 - 0x00007ffe7ad7b000 	C:\Windows\SYSTEM32\dxcore.dll
0x00007ffe84b90000 - 0x00007ffe84c5a000 	C:\Windows\SYSTEM32\DNSAPI.dll
0x00007ffe84b50000 - 0x00007ffe84b8b000 	C:\Windows\SYSTEM32\IPHLPAPI.DLL
0x00007ffe86270000 - 0x00007ffe86278000 	C:\Windows\System32\NSI.dll
0x00007ffe7d8f0000 - 0x00007ffe7d8fa000 	C:\Windows\System32\rasadhlp.dll
0x00007ffe79570000 - 0x00007ffe795f0000 	C:\Windows\System32\fwpuclnt.dll
0x00007ffe815d0000 - 0x00007ffe815d9000 	C:\Users\39\.jdks\jbr-17.0.12-1\bin\extnet.dll
0x00007ffe760c0000 - 0x00007ffe760d4000 	C:\Users\39\.openjfx\cache\21.0.2+5\amd64\javafx_font.dll
0x00007ffe72ec0000 - 0x00007ffe7313f000 	C:\Windows\SYSTEM32\dwrite.dll
0x00007ffe36190000 - 0x00007ffe3632a000 	C:\Users\39\.jdks\jbr-17.0.12-1\bin\awt.dll
0x00007ffe6ca30000 - 0x00007ffe6ca74000 	C:\Users\39\.jdks\jbr-17.0.12-1\bin\nvdaControllerClient64.dll
0x00007ffe812a0000 - 0x00007ffe81334000 	C:\Windows\SYSTEM32\apphelp.dll
0x00007ffe6bed0000 - 0x00007ffe6bf57000 	C:\Users\39\.jdks\jbr-17.0.12-1\bin\freetype.dll
0x00007ffe54830000 - 0x00007ffe54915000 	C:\Users\39\.jdks\jbr-17.0.12-1\bin\fontmanager.dll
0x00007ffe86430000 - 0x00007ffe864d9000 	C:\Windows\System32\clbcatq.dll
0x00007ffe82f30000 - 0x00007ffe830e4000 	C:\Windows\SYSTEM32\WindowsCodecs.dll

dbghelp: loaded successfully - version: 4.0.5 - missing functions: none
symbol engine: initialized successfully - sym options: 0x614 - pdb path: .;C:\Users\39\.jdks\jbr-17.0.12-1\bin;C:\Windows\SYSTEM32;C:\Windows\WinSxS\amd64_microsoft.windows.common-controls_6595b64144ccf1df_6.0.19041.4355_none_60b8b9eb71f62e16;C:\Users\39\.jdks\jbr-17.0.12-1\bin\server;C:\Users\39\.openjfx\cache\21.0.2+5\amd64;C:\Windows\System32\DriverStore\FileRepository\iigd_dch.inf_amd64_4b31d9b38e2bb506;C:\Program Files\Common Files\Microsoft Shared\Ink

VM Arguments:
jvm_args: --module-path=C:\Users\39\.m2\repository\org\openjfx\javafx-base\21.0.2\javafx-base-21.0.2-win.jar;C:\Users\39\.m2\repository\org\openjfx\javafx-base\21.0.2\javafx-base-21.0.2.jar;C:\Users\39\.m2\repository\org\openjfx\javafx-controls\21.0.2\javafx-controls-21.0.2-win.jar;C:\Users\39\.m2\repository\org\openjfx\javafx-controls\21.0.2\javafx-controls-21.0.2.jar;C:\Users\39\.m2\repository\org\openjfx\javafx-fxml\21.0.2\javafx-fxml-21.0.2-win.jar;C:\Users\39\.m2\repository\org\openjfx\javafx-fxml\21.0.2\javafx-fxml-21.0.2.jar;C:\Users\39\.m2\repository\org\openjfx\javafx-graphics\21.0.2\javafx-graphics-21.0.2-win.jar;C:\Users\39\.m2\repository\org\openjfx\javafx-graphics\21.0.2\javafx-graphics-21.0.2.jar;C:\Users\39\.m2\repository\org\openjfx\javafx-media\21.0.2\javafx-media-21.0.2-win.jar;C:\Users\39\.m2\repository\org\openjfx\javafx-media\21.0.2\javafx-media-21.0.2.jar;C:\Users\39\.m2\repository\org\openjfx\javafx-swing\21.0.2\javafx-swing-21.0.2-win.jar;C:\Users\39\.m2\repository\org\openjfx\javafx-swing\21.0.2\javafx-swing-21.0.2.jar;C:\Users\39\.m2\repository\org\openjfx\javafx-web\21.0.2\javafx-web-21.0.2-win.jar;C:\Users\39\.m2\repository\org\openjfx\javafx-web\21.0.2\javafx-web-21.0.2.jar --add-modules=javafx.base,javafx.controls,javafx.fxml,javafx.graphics,javafx.media,javafx.swing,javafx.web 
java_command: org.gymify.tests.MainApp
java_class_path (initial): C:\Users\39\Documents\GitHub\DevAthletes\DevAthletes\gymify\target\classes;C:\Users\39\.m2\repository\com\fasterxml\jackson\core\jackson-annotations\2.12.7\jackson-annotations-2.12.7.jar;C:\Users\39\.m2\repository\com\fasterxml\jackson\core\jackson-core\2.12.7\jackson-core-2.12.7.jar;C:\Users\39\.m2\repository\com\fasterxml\jackson\core\jackson-databind\2.12.7.1\jackson-databind-2.12.7.1.jar;C:\Users\39\.m2\repository\com\fasterxml\woodstox\woodstox-core\5.1.0\woodstox-core-5.1.0.jar;C:\Users\39\.m2\repository\com\google\protobuf\protobuf-java\3.21.9\protobuf-java-3.21.9.jar;C:\Users\39\.m2\repository\com\mysql\mysql-connector-j\8.0.33\mysql-connector-j-8.0.33.jar;C:\Users\39\.m2\repository\com\sun\mail\javax.mail\1.6.2\javax.mail-1.6.2.jar;C:\Users\39\.m2\repository\commons-logging\commons-logging\1.0.4\commons-logging-1.0.4.jar;C:\Users\39\.m2\repository\de\jensd\fontawesomefx\8.0.1\fontawesomefx-8.0.1.jar;C:\Users\39\.m2\repository\io\jsonwebtoken\jjwt\0.12.0\jjwt-0.12.0.jar;C:\Users\39\.m2\repository\io\jsonwebtoken\jjwt-api\0.12.0\jjwt-api-0.12.0.jar;C:\Users\39\.m2\repository\io\jsonwebtoken\jjwt-impl\0.12.0\jjwt-impl-0.12.0.jar;C:\Users\39\.m2\repository\io\jsonwebtoken\jjwt-jackson\0.12.0\jjwt-jackson-0.12.0.jar;C:\Users\39\.m2\repository\jakarta\activation\jakarta.activation-api\2.1.0\jakarta.activation-api-2.1.0.jar;C:\Users\39\.m2\repository\jakarta\mail\jakarta.mail-api\2.1.0\jakarta.mail-api-2.1.0.jar;C:\Users\39\.m2\repository\javax\activation\activation\1.1\activation-1.1.jar;C:\Users\39\.m2\repository\javax\activation\javax.activation-api\1.2.0\javax.activation-api-1.2.0.jar;C:\Users\39\.m2\repository\javax\mail\javax.mail-api\1.6.2\javax.mail-api-1.6.2.jar;C:\Users\39\.m2\repository\junit\junit\4.13\junit-4.13.jar;C:\Users\39\.m2\repository\net\sf\jpf\jpf\1.5\jpf-1.5.jar;C:\Users\39\.m2\repository\org\apache\commons\commons-compress\1.18\commons-compress-1.18.jar;C:\Users\39\.m2\repository\org\apache\commons\commons-imag
Launcher Type: SUN_STANDARD

[Global flags]
     intx CICompilerCount                          = 4                                         {product} {ergonomic}
     uint ConcGCThreads                            = 2                                         {product} {ergonomic}
     uint G1ConcRefinementThreads                  = 8                                         {product} {ergonomic}
   size_t G1HeapRegionSize                         = 1048576                                   {product} {ergonomic}
    uintx GCDrainStackTargetSize                   = 64                                        {product} {ergonomic}
   size_t InitialHeapSize                          = 65011712                                  {product} {ergonomic}
   size_t MarkStackSize                            = 4194304                                   {product} {ergonomic}
   size_t MaxHeapSize                              = 1031798784                                {product} {ergonomic}
   size_t MaxNewSize                               = 618659840                                 {product} {ergonomic}
   size_t MinHeapDeltaBytes                        = 1048576                                   {product} {ergonomic}
   size_t MinHeapSize                              = 8388608                                   {product} {ergonomic}
    uintx NonNMethodCodeHeapSize                   = 5839372                                {pd product} {ergonomic}
    uintx NonProfiledCodeHeapSize                  = 122909434                              {pd product} {ergonomic}
    uintx ProfiledCodeHeapSize                     = 122909434                              {pd product} {ergonomic}
    uintx ReservedCodeCacheSize                    = 251658240                              {pd product} {ergonomic}
     bool SegmentedCodeCache                       = true                                      {product} {ergonomic}
   size_t SoftMaxHeapSize                          = 1031798784                             {manageable} {ergonomic}
     bool UseCompressedClassPointers               = true                           {product lp64_product} {ergonomic}
     bool UseCompressedOops                        = true                           {product lp64_product} {ergonomic}
     bool UseG1GC                                  = true                                      {product} {ergonomic}
     bool UseLargePagesIndividualAllocation        = false                                  {pd product} {ergonomic}

Logging:
Log output configuration:
 #0: stdout all=warning uptime,level,tags
 #1: stderr all=off uptime,level,tags

Environment Variables:
PATH=C:\oraclexe\app\oracle\product\11.2.0\server\bin;C:\Users\39\.jdks\jbr-17.0.12-1\bin;C:\Program Files (x86)\VMware\VMware Workstation\bin\;C:\Users\39\.jdks\jbr-17.0.12\bin;C:\Windows\system32;C:\Windows;C:\Windows\System32\Wbem;C:\Windows\System32\WindowsPowerShell\v1.0\;C:\Windows\System32\OpenSSH\;C:\xampp\php;C:\composer;C:\Program Files\Git\cmd;C:\Program Files (x86)\CodeBlocks\MinGW\bin;C:\Program Files (x86)\GnuWin32\bin;C:\Program Files\Apache\Maven\apache-maven-3.8.8\bin;C:\Users\39\scoop\shims;C:\Users\39\AppData\Local\Microsoft\WindowsApps;C:\Users\39\AppData\Roaming\Composer\vendor\bin;C:\Users\39\AppData\Local\Programs\Microsoft VS Code\bin;C:\Users\39\AppData\Local\GitHubDesktop\bin
USERNAME=39
OS=Windows_NT
PROCESSOR_IDENTIFIER=Intel64 Family 6 Model 142 Stepping 12, GenuineIntel
TMP=C:\Users\39\AppData\Local\Temp
TEMP=C:\Users\39\AppData\Local\Temp



Periodic native trim disabled

JNI global refs:
JNI global refs: 109, weak refs: 25

JNI global refs memory usage: 1475, weak refs: 841

Process memory usage:
Resident Set Size: 238628K (5% of 4024112K total physical memory with 275412K free physical memory)

OOME stack traces (most recent first):
Classloader memory used:
Loader jdk.internal.loader.ClassLoaders$AppClassLoader                                 : 2126K
Loader bootstrap                                                                       : 1847K
Loader jdk.internal.loader.ClassLoaders$PlatformClassLoader                            : 97733B
Loader jdk.internal.reflect.DelegatingClassLoader                                      : 14871B
Loader com.sun.javafx.reflect.MethodUtil                                               : 510B


---------------  S Y S T E M  ---------------

OS:
 Windows 10 , 64 bit Build 19041 (10.0.19041.5438)
OS uptime: 0 days 4:16 hours

CPU: total 8 (initial active 8) (4 cores per cpu, 2 threads per core) family 6 model 142 stepping 12 microcode 0xde, cx8, cmov, fxsr, ht, mmx, 3dnowpref, sse, sse2, sse3, ssse3, sse4.1, sse4.2, popcnt, lzcnt, tsc, tscinvbit, avx, avx2, aes, erms, clmul, bmi1, bmi2, adx, fma, vzeroupper, clflush, clflushopt
Processor Information for all 8 processors :
  Max Mhz: 2112, Current Mhz: 1609, Mhz Limit: 1605

Memory: 4k page, system-wide physical 3929M (265M free)
TotalPageFile size 16217M (AvailPageFile size 0M)
current process WorkingSet (physical memory assigned to process): 234M, peak: 234M
current process commit charge ("private bytes"): 295M, peak: 296M

vm_info: OpenJDK 64-Bit Server VM (17.0.12+1-b1207.37) for windows-amd64 JRE (17.0.12+1-b1207.37), built on 2024-09-25 by "builduser" with MS VC++ 16.10 / 16.11 (VS2019)

END.
