#
# There is insufficient memory for the Java Runtime Environment to continue.
# Native memory allocation (mmap) failed to map 140509184 bytes. Error detail: G1 virtual space
# Possible reasons:
#   The system is out of physical RAM or swap space
#   This process is running with CompressedOops enabled, and the Java Heap may be blocking the growth of the native heap
# Possible solutions:
#   Reduce memory load on the system
#   Increase physical memory or swap space
#   Check if swap backing store is full
#   Decrease Java heap size (-Xmx/-Xms)
#   Decrease number of Java threads
#   Decrease Java thread stack sizes (-Xss)
#   Set larger code cache with -XX:ReservedCodeCacheSize=
#   JVM is running with Unscaled Compressed Oops mode in which the Java heap is
#     placed in the first 4GB address space. The Java Heap base address is the
#     maximum limit for the native heap growth. Please use -XX:HeapBaseMinAddress
#     to set the Java Heap base and to place the Java Heap above 4GB virtual address.
# This output file may be truncated or incomplete.
#
#  Out of Memory Error (os_windows.cpp:3825), pid=13784, tid=15844
#
# JRE version: OpenJDK Runtime Environment JBR-17.0.12+1-1207.37-nomod (17.0.12+1) (build 17.0.12+1-b1207.37)
# Java VM: OpenJDK 64-Bit Server VM JBR-17.0.12+1-1207.37-nomod (17.0.12+1-b1207.37, mixed mode, sharing, tiered, compressed oops, compressed class ptrs, g1 gc, windows-amd64)
# No core dump will be written. Minidumps are not enabled by default on client versions of Windows
#

---------------  S U M M A R Y ------------

Command Line: --module-path=C:\Users\39\.m2\repository\org\openjfx\javafx-base\21.0.2\javafx-base-21.0.2-win.jar;C:\Users\39\.m2\repository\org\openjfx\javafx-base\21.0.2\javafx-base-21.0.2.jar;C:\Users\39\.m2\repository\org\openjfx\javafx-controls\21.0.2\javafx-controls-21.0.2-win.jar;C:\Users\39\.m2\repository\org\openjfx\javafx-controls\21.0.2\javafx-controls-21.0.2.jar;C:\Users\39\.m2\repository\org\openjfx\javafx-fxml\21.0.2\javafx-fxml-21.0.2-win.jar;C:\Users\39\.m2\repository\org\openjfx\javafx-fxml\21.0.2\javafx-fxml-21.0.2.jar;C:\Users\39\.m2\repository\org\openjfx\javafx-graphics\21.0.2\javafx-graphics-21.0.2-win.jar;C:\Users\39\.m2\repository\org\openjfx\javafx-graphics\21.0.2\javafx-graphics-21.0.2.jar;C:\Users\39\.m2\repository\org\openjfx\javafx-media\21.0.2\javafx-media-21.0.2-win.jar;C:\Users\39\.m2\repository\org\openjfx\javafx-media\21.0.2\javafx-media-21.0.2.jar;C:\Users\39\.m2\repository\org\openjfx\javafx-swing\21.0.2\javafx-swing-21.0.2-win.jar;C:\Users\39\.m2\repository\org\openjfx\javafx-swing\21.0.2\javafx-swing-21.0.2.jar;C:\Users\39\.m2\repository\org\openjfx\javafx-web\21.0.2\javafx-web-21.0.2-win.jar;C:\Users\39\.m2\repository\org\openjfx\javafx-web\21.0.2\javafx-web-21.0.2.jar --add-modules=javafx.base,javafx.controls,javafx.fxml,javafx.graphics,javafx.media,javafx.swing,javafx.web org.gymify.tests.MainApp

Host: Intel(R) Core(TM) i5-10210U CPU @ 1.60GHz, 8 cores, 3G,  Windows 10 , 64 bit Build 19041 (10.0.19041.5678)
Time: Mon May 12 00:33:05 2025 Afr. centrale Ouest elapsed time: 35.875081 seconds (0d 0h 0m 35s)

---------------  T H R E A D  ---------------

Current thread (0x0000022261392020):  VMThread "VM Thread" [stack: 0x0000008d9e900000,0x0000008d9ea00000] [id=15844]

Stack: [0x0000008d9e900000,0x0000008d9ea00000]
Native frames: (J=compiled Java code, j=interpreted, Vv=VM code, C=native code)
V  [jvm.dll+0x689d89]  os::platform_print_native_stack+0xd9  (os_windows_x86.cpp:235)
V  [jvm.dll+0x84386a]  VMError::report+0xc6a  (vmError.cpp:868)
V  [jvm.dll+0x8454ee]  VMError::report_and_die+0x78e  (vmError.cpp:1766)
V  [jvm.dll+0x845b53]  VMError::report_and_die+0x43  (vmError.cpp:1552)
V  [jvm.dll+0x24a56f]  report_vm_out_of_memory+0x8f  (debug.cpp:321)
V  [jvm.dll+0x686ad9]  os::pd_commit_memory_or_exit+0xc9  (os_windows.cpp:3833)
V  [jvm.dll+0x67b3da]  os::commit_memory_or_exit+0x2a  (os.cpp:1740)
V  [jvm.dll+0x30b15b]  G1PageBasedVirtualSpace::commit+0x19b  (g1PageBasedVirtualSpace.cpp:204)
V  [jvm.dll+0x312646]  G1RegionsLargerThanCommitSizeMapper::commit_regions+0x96  (g1RegionToSpaceMapper.cpp:100)
V  [jvm.dll+0x36288e]  HeapRegionManager::expand_any+0xee  (heapRegionManager.cpp:363)
V  [jvm.dll+0x362acf]  HeapRegionManager::expand_by+0x7f  (heapRegionManager.cpp:380)
V  [jvm.dll+0x2e125c]  G1CollectedHeap::expand+0xbc  (g1CollectedHeap.cpp:1292)
V  [jvm.dll+0x2df61f]  G1CollectedHeap::do_collection_pause_at_safepoint_helper+0x8bf  (g1CollectedHeap.cpp:3093)
V  [jvm.dll+0x2ded4c]  G1CollectedHeap::do_collection_pause_at_safepoint+0x5c  (g1CollectedHeap.cpp:2897)
V  [jvm.dll+0x323681]  VM_G1TryInitiateConcMark::doit+0x81  (g1VMOperations.cpp:98)
V  [jvm.dll+0x84a24d]  VM_Operation::evaluate+0xfd  (vmOperations.cpp:73)
V  [jvm.dll+0x84af92]  VMThread::evaluate_operation+0xd2  (vmThread.cpp:269)
V  [jvm.dll+0x84b4bf]  VMThread::inner_execute+0x1af  (vmThread.cpp:417)
V  [jvm.dll+0x84b8a4]  VMThread::loop+0x254  (vmThread.cpp:481)
V  [jvm.dll+0x84b970]  VMThread::run+0x70  (vmThread.cpp:167)
V  [jvm.dll+0x7f1cec]  Thread::call_run+0x8c  (thread.cpp:405)
V  [jvm.dll+0x688be7]  thread_native_entry+0x77  (os_windows.cpp:550)
C  [ucrtbase.dll+0x21bb2]
C  [KERNEL32.DLL+0x17374]
C  [ntdll.dll+0x4cc91]

VM_Operation (0x0000008d9f8f9f30): G1TryInitiateConcMark, mode: safepoint, requested by thread 0x0000022261ab8320


---------------  P R O C E S S  ---------------

Threads class SMR info:
_java_thread_list=0x000002226bff0690, length=23, elements={
0x0000022249a45f90, 0x0000022261396440, 0x00000222613976d0, 0x00000222613aee40,
0x00000222613b0210, 0x00000222613b2be0, 0x00000222613b3dc0, 0x00000222613b8be0,
0x00000222613c46c0, 0x00000222613c6510, 0x00000222613820d0, 0x00000222618b5fb0,
0x00000222662c6030, 0x0000022266362e90, 0x0000022261ab8320, 0x00000222665af450,
0x0000022266616ec0, 0x000002226b879e00, 0x000002226b877a90, 0x000002226b877fa0,
0x000002226b877070, 0x000002226b87a820, 0x000002226b877580
}

Java Threads: ( => current thread )
  0x0000022249a45f90 JavaThread "main" [_thread_blocked, id=18668, stack(0x0000008d9e300000,0x0000008d9e400000)]
  0x0000022261396440 JavaThread "Reference Handler" daemon [_thread_blocked, id=17808, stack(0x0000008d9ea00000,0x0000008d9eb00000)]
  0x00000222613976d0 JavaThread "Finalizer" daemon [_thread_blocked, id=17040, stack(0x0000008d9eb00000,0x0000008d9ec00000)]
  0x00000222613aee40 JavaThread "Signal Dispatcher" daemon [_thread_blocked, id=17076, stack(0x0000008d9ec00000,0x0000008d9ed00000)]
  0x00000222613b0210 JavaThread "Attach Listener" daemon [_thread_blocked, id=9988, stack(0x0000008d9ed00000,0x0000008d9ee00000)]
  0x00000222613b2be0 JavaThread "Service Thread" daemon [_thread_blocked, id=17428, stack(0x0000008d9ee00000,0x0000008d9ef00000)]
  0x00000222613b3dc0 JavaThread "Monitor Deflation Thread" daemon [_thread_blocked, id=20428, stack(0x0000008d9ef00000,0x0000008d9f000000)]
  0x00000222613b8be0 JavaThread "C2 CompilerThread0" daemon [_thread_blocked, id=14236, stack(0x0000008d9f000000,0x0000008d9f100000)]
  0x00000222613c46c0 JavaThread "C1 CompilerThread0" daemon [_thread_blocked, id=8628, stack(0x0000008d9f100000,0x0000008d9f200000)]
  0x00000222613c6510 JavaThread "Sweeper thread" daemon [_thread_blocked, id=768, stack(0x0000008d9f200000,0x0000008d9f300000)]
  0x00000222613820d0 JavaThread "Common-Cleaner" daemon [_thread_blocked, id=20448, stack(0x0000008d9f300000,0x0000008d9f400000)]
  0x00000222618b5fb0 JavaThread "Notification Thread" daemon [_thread_blocked, id=15032, stack(0x0000008d9f400000,0x0000008d9f500000)]
  0x00000222662c6030 JavaThread "QuantumRenderer-0" daemon [_thread_blocked, id=1252, stack(0x0000008d9f600000,0x0000008d9f700000)]
  0x0000022266362e90 JavaThread "InvokeLaterDispatcher" daemon [_thread_blocked, id=12788, stack(0x0000008d9f700000,0x0000008d9f800000)]
  0x0000022261ab8320 JavaThread "JavaFX Application Thread" [_thread_blocked, id=4796, stack(0x0000008d9f800000,0x0000008d9f900000)]
  0x00000222665af450 JavaThread "JavaFX-Launcher" [_thread_blocked, id=18576, stack(0x0000008d9fd00000,0x0000008d9fe00000)]
  0x0000022266616ec0 JavaThread "Thread-2" daemon [_thread_blocked, id=8276, stack(0x0000008d9fc00000,0x0000008d9fd00000)]
  0x000002226b879e00 JavaThread "mysql-cj-abandoned-connection-cleanup" daemon [_thread_blocked, id=8216, stack(0x0000008da0300000,0x0000008da0400000)]
  0x000002226b877a90 JavaThread "Prism Font Disposer" daemon [_thread_blocked, id=2816, stack(0x0000008da0700000,0x0000008da0800000)]
  0x000002226b877fa0 JavaThread "Java2D Disposer" daemon [_thread_blocked, id=20044, stack(0x0000008da0800000,0x0000008da0900000)]
  0x000002226b877070 JavaThread "AWT-Windows" daemon [_thread_in_native, id=8780, stack(0x0000008da0a00000,0x0000008da0b00000)]
  0x000002226b87a820 JavaThread "Cleaner-0" daemon [_thread_blocked, id=17288, stack(0x0000008da0f00000,0x0000008da1000000)]
  0x000002226b877580 JavaThread "Thread-3" [_thread_blocked, id=2368, stack(0x0000008da1200000,0x0000008da1300000)]

Other Threads:
=>0x0000022261392020 VMThread "VM Thread" [stack: 0x0000008d9e900000,0x0000008d9ea00000] [id=15844]
  0x00000222617816e0 WatcherThread [stack: 0x0000008d9f500000,0x0000008d9f600000] [id=10200]
  0x0000022249a83670 GCTaskThread "GC Thread#0" [stack: 0x0000008d9e400000,0x0000008d9e500000] [id=13840]
  0x000002226655c890 GCTaskThread "GC Thread#1" [stack: 0x0000008d9fe00000,0x0000008d9ff00000] [id=12572]
  0x0000022266537bb0 GCTaskThread "GC Thread#2" [stack: 0x0000008d9ff00000,0x0000008da0000000] [id=17152]
  0x00000222665c2790 GCTaskThread "GC Thread#3" [stack: 0x0000008da0000000,0x0000008da0100000] [id=18512]
  0x00000222665c2a50 GCTaskThread "GC Thread#4" [stack: 0x0000008da0100000,0x0000008da0200000] [id=7560]
  0x000002226651e060 GCTaskThread "GC Thread#5" [stack: 0x0000008da0200000,0x0000008da0300000] [id=20436]
  0x000002226b7a2a90 GCTaskThread "GC Thread#6" [stack: 0x0000008da0400000,0x0000008da0500000] [id=9168]
  0x000002226b90b440 GCTaskThread "GC Thread#7" [stack: 0x0000008da0500000,0x0000008da0600000] [id=4452]
  0x0000022249a8c860 ConcurrentGCThread "G1 Main Marker" [stack: 0x0000008d9e500000,0x0000008d9e600000] [id=17608]
  0x0000022249a8d280 ConcurrentGCThread "G1 Conc#0" [stack: 0x0000008d9e600000,0x0000008d9e700000] [id=15916]
  0x000002226bc1d0c0 ConcurrentGCThread "G1 Conc#1" [stack: 0x0000008da0e00000,0x0000008da0f00000] [id=2748]
  0x0000022249adeff0 ConcurrentGCThread "G1 Refine#0" [stack: 0x0000008d9e700000,0x0000008d9e800000] [id=9348]
  0x000002226b85c270 ConcurrentGCThread "G1 Refine#1" [stack: 0x0000008da0600000,0x0000008da0700000] [id=14472]
  0x0000022249adfa20 ConcurrentGCThread "G1 Service" [stack: 0x0000008d9e800000,0x0000008d9e900000] [id=18196]

Threads with active compile tasks:
C2 CompilerThread0    36295 5539 %     4       com.sun.marlin.Renderer::_endRendering @ 787 (2639 bytes)

VM state: at safepoint (normal execution)

VM Mutex/Monitor currently owned by a thread:  ([mutex/lock_event])
[0x0000022249a428e0] Threads_lock - owner thread: 0x0000022261392020
[0x0000022249a41650] Heap_lock - owner thread: 0x0000022261ab8320

Heap address: 0x00000000c2800000, size: 984 MB, Compressed Oops mode: 32-bit

CDS archive(s) mapped at: [0x0000022200000000-0x0000022200c00000-0x0000022200c00000), size 12582912, SharedBaseAddress: 0x0000022200000000, ArchiveRelocationMode: 1.
Compressed class space mapped at: 0x0000022201000000-0x0000022241000000, reserved size: 1073741824
Narrow klass base: 0x0000022200000000, Narrow klass shift: 0, Narrow klass range: 0x100000000

GC Precious Log:
 CPUs: 8 total, 8 available
 Memory: 3929M
 Large Page Support: Disabled
 NUMA Support: Disabled
 Compressed Oops: Enabled (32-bit)
 Heap Region Size: 1M
 Heap Min Capacity: 8M
 Heap Initial Capacity: 62M
 Heap Max Capacity: 984M
 Pre-touch: Disabled
 Parallel Workers: 8
 Concurrent Workers: 2
 Concurrent Refinement Workers: 8
 Periodic GC: Disabled

Heap:
 garbage-first heap   total 137216K, used 82380K [0x00000000c2800000, 0x0000000100000000)
  region size 1024K, 1 young (1024K), 1 survivors (1024K)
 Metaspace       used 28502K, committed 28864K, reserved 1114112K
  class space    used 3979K, committed 4160K, reserved 1048576K

Heap Regions: E=young(eden), S=young(survivor), O=old, HS=humongous(starts), HC=humongous(continues), CS=collection set, F=free, OA=open archive, CA=closed archive, TAMS=top-at-mark-start (previous, next)
|   0|0x00000000c2800000, 0x00000000c2900000, 0x00000000c2900000|100%| O|  |TAMS 0x00000000c2900000, 0x00000000c2900000| Untracked 
|   1|0x00000000c2900000, 0x00000000c2a00000, 0x00000000c2a00000|100%|HS|  |TAMS 0x00000000c2a00000, 0x00000000c2a00000| Complete 
|   2|0x00000000c2a00000, 0x00000000c2b00000, 0x00000000c2b00000|100%| O|  |TAMS 0x00000000c2b00000, 0x00000000c2b00000| Untracked 
|   3|0x00000000c2b00000, 0x00000000c2c00000, 0x00000000c2c00000|100%| O|  |TAMS 0x00000000c2c00000, 0x00000000c2c00000| Untracked 
|   4|0x00000000c2c00000, 0x00000000c2d00000, 0x00000000c2d00000|100%| O|  |TAMS 0x00000000c2d00000, 0x00000000c2d00000| Untracked 
|   5|0x00000000c2d00000, 0x00000000c2e00000, 0x00000000c2e00000|100%| O|  |TAMS 0x00000000c2e00000, 0x00000000c2e00000| Untracked 
|   6|0x00000000c2e00000, 0x00000000c2e00000, 0x00000000c2f00000|  0%| F|  |TAMS 0x00000000c2e00000, 0x00000000c2e00000| Untracked 
|   7|0x00000000c2f00000, 0x00000000c3000000, 0x00000000c3000000|100%| O|  |TAMS 0x00000000c3000000, 0x00000000c3000000| Untracked 
|   8|0x00000000c3000000, 0x00000000c3100000, 0x00000000c3100000|100%| O|  |TAMS 0x00000000c3100000, 0x00000000c3100000| Untracked 
|   9|0x00000000c3100000, 0x00000000c3200000, 0x00000000c3200000|100%| O|  |TAMS 0x00000000c3200000, 0x00000000c3200000| Untracked 
|  10|0x00000000c3200000, 0x00000000c3300000, 0x00000000c3300000|100%| O|  |TAMS 0x00000000c3300000, 0x00000000c3300000| Untracked 
|  11|0x00000000c3300000, 0x00000000c3400000, 0x00000000c3400000|100%|HS|  |TAMS 0x00000000c3400000, 0x00000000c3400000| Complete 
|  12|0x00000000c3400000, 0x00000000c3500000, 0x00000000c3500000|100%|HC|  |TAMS 0x00000000c3500000, 0x00000000c3500000| Complete 
|  13|0x00000000c3500000, 0x00000000c3600000, 0x00000000c3600000|100%|HS|  |TAMS 0x00000000c3600000, 0x00000000c3600000| Complete 
|  14|0x00000000c3600000, 0x00000000c3700000, 0x00000000c3700000|100%|HC|  |TAMS 0x00000000c3700000, 0x00000000c3700000| Complete 
|  15|0x00000000c3700000, 0x00000000c3800000, 0x00000000c3800000|100%| O|  |TAMS 0x00000000c3800000, 0x00000000c3800000| Untracked 
|  16|0x00000000c3800000, 0x00000000c3900000, 0x00000000c3900000|100%| O|  |TAMS 0x00000000c3900000, 0x00000000c3900000| Untracked 
|  17|0x00000000c3900000, 0x00000000c3a00000, 0x00000000c3a00000|100%|HS|  |TAMS 0x00000000c3a00000, 0x00000000c3a00000| Complete 
|  18|0x00000000c3a00000, 0x00000000c3b00000, 0x00000000c3b00000|100%|HC|  |TAMS 0x00000000c3b00000, 0x00000000c3b00000| Complete 
|  19|0x00000000c3b00000, 0x00000000c3c00000, 0x00000000c3c00000|100%|HS|  |TAMS 0x00000000c3c00000, 0x00000000c3c00000| Complete 
|  20|0x00000000c3c00000, 0x00000000c3d00000, 0x00000000c3d00000|100%|HC|  |TAMS 0x00000000c3d00000, 0x00000000c3d00000| Complete 
|  21|0x00000000c3d00000, 0x00000000c3e00000, 0x00000000c3e00000|100%|HS|  |TAMS 0x00000000c3e00000, 0x00000000c3e00000| Complete 
|  22|0x00000000c3e00000, 0x00000000c3f00000, 0x00000000c3f00000|100%|HC|  |TAMS 0x00000000c3f00000, 0x00000000c3f00000| Complete 
|  23|0x00000000c3f00000, 0x00000000c4000000, 0x00000000c4000000|100%|HS|  |TAMS 0x00000000c4000000, 0x00000000c4000000| Complete 
|  24|0x00000000c4000000, 0x00000000c4100000, 0x00000000c4100000|100%|HC|  |TAMS 0x00000000c4100000, 0x00000000c4100000| Complete 
|  25|0x00000000c4100000, 0x00000000c4200000, 0x00000000c4200000|100%|HS|  |TAMS 0x00000000c4200000, 0x00000000c4200000| Complete 
|  26|0x00000000c4200000, 0x00000000c4300000, 0x00000000c4300000|100%|HC|  |TAMS 0x00000000c4300000, 0x00000000c4300000| Complete 
|  27|0x00000000c4300000, 0x00000000c4400000, 0x00000000c4400000|100%|HS|  |TAMS 0x00000000c4400000, 0x00000000c4400000| Complete 
|  28|0x00000000c4400000, 0x00000000c4500000, 0x00000000c4500000|100%|HC|  |TAMS 0x00000000c4500000, 0x00000000c4500000| Complete 
|  29|0x00000000c4500000, 0x00000000c4600000, 0x00000000c4600000|100%|HS|  |TAMS 0x00000000c4600000, 0x00000000c4600000| Complete 
|  30|0x00000000c4600000, 0x00000000c4700000, 0x00000000c4700000|100%|HC|  |TAMS 0x00000000c4700000, 0x00000000c4700000| Complete 
|  31|0x00000000c4700000, 0x00000000c4800000, 0x00000000c4800000|100%|HS|  |TAMS 0x00000000c4800000, 0x00000000c4800000| Complete 
|  32|0x00000000c4800000, 0x00000000c4900000, 0x00000000c4900000|100%|HC|  |TAMS 0x00000000c4900000, 0x00000000c4900000| Complete 
|  33|0x00000000c4900000, 0x00000000c4a00000, 0x00000000c4a00000|100%|HS|  |TAMS 0x00000000c4a00000, 0x00000000c4a00000| Complete 
|  34|0x00000000c4a00000, 0x00000000c4b00000, 0x00000000c4b00000|100%|HC|  |TAMS 0x00000000c4b00000, 0x00000000c4b00000| Complete 
|  35|0x00000000c4b00000, 0x00000000c4c00000, 0x00000000c4c00000|100%|HS|  |TAMS 0x00000000c4c00000, 0x00000000c4c00000| Complete 
|  36|0x00000000c4c00000, 0x00000000c4d00000, 0x00000000c4d00000|100%|HC|  |TAMS 0x00000000c4d00000, 0x00000000c4d00000| Complete 
|  37|0x00000000c4d00000, 0x00000000c4e00000, 0x00000000c4e00000|100%|HS|  |TAMS 0x00000000c4e00000, 0x00000000c4e00000| Complete 
|  38|0x00000000c4e00000, 0x00000000c4f00000, 0x00000000c4f00000|100%|HC|  |TAMS 0x00000000c4f00000, 0x00000000c4f00000| Complete 
|  39|0x00000000c4f00000, 0x00000000c5000000, 0x00000000c5000000|100%|HS|  |TAMS 0x00000000c5000000, 0x00000000c5000000| Complete 
|  40|0x00000000c5000000, 0x00000000c5100000, 0x00000000c5100000|100%|HC|  |TAMS 0x00000000c5100000, 0x00000000c5100000| Complete 
|  41|0x00000000c5100000, 0x00000000c5200000, 0x00000000c5200000|100%| O|  |TAMS 0x00000000c5200000, 0x00000000c5200000| Untracked 
|  42|0x00000000c5200000, 0x00000000c5300000, 0x00000000c5300000|100%| O|  |TAMS 0x00000000c5300000, 0x00000000c5300000| Untracked 
|  43|0x00000000c5300000, 0x00000000c5400000, 0x00000000c5400000|100%| O|  |TAMS 0x00000000c5400000, 0x00000000c5400000| Untracked 
|  44|0x00000000c5400000, 0x00000000c5500000, 0x00000000c5500000|100%|HS|  |TAMS 0x00000000c5500000, 0x00000000c5500000| Complete 
|  45|0x00000000c5500000, 0x00000000c5600000, 0x00000000c5600000|100%|HC|  |TAMS 0x00000000c5600000, 0x00000000c5600000| Complete 
|  46|0x00000000c5600000, 0x00000000c5700000, 0x00000000c5700000|100%|HS|  |TAMS 0x00000000c5700000, 0x00000000c5700000| Complete 
|  47|0x00000000c5700000, 0x00000000c5800000, 0x00000000c5800000|100%|HC|  |TAMS 0x00000000c5800000, 0x00000000c5800000| Complete 
|  48|0x00000000c5800000, 0x00000000c5900000, 0x00000000c5900000|100%|HS|  |TAMS 0x00000000c5900000, 0x00000000c5900000| Complete 
|  49|0x00000000c5900000, 0x00000000c5a00000, 0x00000000c5a00000|100%|HC|  |TAMS 0x00000000c5a00000, 0x00000000c5a00000| Complete 
|  50|0x00000000c5a00000, 0x00000000c5b00000, 0x00000000c5b00000|100%|HS|  |TAMS 0x00000000c5b00000, 0x00000000c5b00000| Complete 
|  51|0x00000000c5b00000, 0x00000000c5c00000, 0x00000000c5c00000|100%|HC|  |TAMS 0x00000000c5c00000, 0x00000000c5c00000| Complete 
|  52|0x00000000c5c00000, 0x00000000c5d00000, 0x00000000c5d00000|100%|HS|  |TAMS 0x00000000c5d00000, 0x00000000c5d00000| Complete 
|  53|0x00000000c5d00000, 0x00000000c5e00000, 0x00000000c5e00000|100%|HC|  |TAMS 0x00000000c5e00000, 0x00000000c5e00000| Complete 
|  54|0x00000000c5e00000, 0x00000000c5f00000, 0x00000000c5f00000|100%| O|  |TAMS 0x00000000c5f00000, 0x00000000c5f00000| Untracked 
|  55|0x00000000c5f00000, 0x00000000c6000000, 0x00000000c6000000|100%|HS|  |TAMS 0x00000000c6000000, 0x00000000c6000000| Complete 
|  56|0x00000000c6000000, 0x00000000c6100000, 0x00000000c6100000|100%|HC|  |TAMS 0x00000000c6100000, 0x00000000c6100000| Complete 
|  57|0x00000000c6100000, 0x00000000c6200000, 0x00000000c6200000|100%| O|  |TAMS 0x00000000c6200000, 0x00000000c6200000| Untracked 
|  58|0x00000000c6200000, 0x00000000c6300000, 0x00000000c6300000|100%| O|  |TAMS 0x00000000c6300000, 0x00000000c6300000| Untracked 
|  59|0x00000000c6300000, 0x00000000c6400000, 0x00000000c6400000|100%| O|  |TAMS 0x00000000c6400000, 0x00000000c6400000| Untracked 
|  60|0x00000000c6400000, 0x00000000c64adc00, 0x00000000c6500000| 67%| O|  |TAMS 0x00000000c64adc00, 0x00000000c64adc00| Untracked 
|  61|0x00000000c6500000, 0x00000000c6600000, 0x00000000c6600000|100%|HS|  |TAMS 0x00000000c6600000, 0x00000000c6600000| Complete 
|  62|0x00000000c6600000, 0x00000000c6700000, 0x00000000c6700000|100%|HC|  |TAMS 0x00000000c6700000, 0x00000000c6700000| Complete 
|  63|0x00000000c6700000, 0x00000000c6800000, 0x00000000c6800000|100%|HS|  |TAMS 0x00000000c6800000, 0x00000000c6800000| Complete 
|  64|0x00000000c6800000, 0x00000000c6900000, 0x00000000c6900000|100%|HC|  |TAMS 0x00000000c6900000, 0x00000000c6900000| Complete 
|  65|0x00000000c6900000, 0x00000000c6a00000, 0x00000000c6a00000|100%|HS|  |TAMS 0x00000000c6a00000, 0x00000000c6a00000| Complete 
|  66|0x00000000c6a00000, 0x00000000c6b00000, 0x00000000c6b00000|100%|HC|  |TAMS 0x00000000c6b00000, 0x00000000c6b00000| Complete 
|  67|0x00000000c6b00000, 0x00000000c6c00000, 0x00000000c6c00000|100%|HS|  |TAMS 0x00000000c6c00000, 0x00000000c6c00000| Complete 
|  68|0x00000000c6c00000, 0x00000000c6d00000, 0x00000000c6d00000|100%|HC|  |TAMS 0x00000000c6d00000, 0x00000000c6d00000| Complete 
|  69|0x00000000c6d00000, 0x00000000c6e00000, 0x00000000c6e00000|100%|HS|  |TAMS 0x00000000c6e00000, 0x00000000c6e00000| Complete 
|  70|0x00000000c6e00000, 0x00000000c6f00000, 0x00000000c6f00000|100%|HC|  |TAMS 0x00000000c6f00000, 0x00000000c6f00000| Complete 
|  71|0x00000000c6f00000, 0x00000000c7000000, 0x00000000c7000000|100%|HS|  |TAMS 0x00000000c7000000, 0x00000000c7000000| Complete 
|  72|0x00000000c7000000, 0x00000000c7100000, 0x00000000c7100000|100%|HC|  |TAMS 0x00000000c7100000, 0x00000000c7100000| Complete 
|  73|0x00000000c7100000, 0x00000000c7200000, 0x00000000c7200000|100%|HS|  |TAMS 0x00000000c7200000, 0x00000000c7200000| Complete 
|  74|0x00000000c7200000, 0x00000000c7300000, 0x00000000c7300000|100%|HC|  |TAMS 0x00000000c7300000, 0x00000000c7300000| Complete 
|  75|0x00000000c7300000, 0x00000000c7400000, 0x00000000c7400000|100%|HS|  |TAMS 0x00000000c7300000, 0x00000000c7400000| Complete 
|  76|0x00000000c7400000, 0x00000000c7500000, 0x00000000c7500000|100%|HC|  |TAMS 0x00000000c7400000, 0x00000000c7500000| Complete 
|  77|0x00000000c7500000, 0x00000000c7600000, 0x00000000c7600000|100%|HS|  |TAMS 0x00000000c7500000, 0x00000000c7600000| Complete 
|  78|0x00000000c7600000, 0x00000000c7700000, 0x00000000c7700000|100%|HC|  |TAMS 0x00000000c7600000, 0x00000000c7700000| Complete 
|  79|0x00000000c7700000, 0x00000000c7800000, 0x00000000c7800000|100%|HS|  |TAMS 0x00000000c7700000, 0x00000000c7800000| Complete 
|  80|0x00000000c7800000, 0x00000000c7900000, 0x00000000c7900000|100%|HC|  |TAMS 0x00000000c7800000, 0x00000000c7900000| Complete 
|  81|0x00000000c7900000, 0x00000000c7900000, 0x00000000c7a00000|  0%| F|  |TAMS 0x00000000c7900000, 0x00000000c7900000| Untracked 
|  82|0x00000000c7a00000, 0x00000000c7a00000, 0x00000000c7b00000|  0%| F|  |TAMS 0x00000000c7a00000, 0x00000000c7a00000| Untracked 
|  83|0x00000000c7b00000, 0x00000000c7b00000, 0x00000000c7c00000|  0%| F|  |TAMS 0x00000000c7b00000, 0x00000000c7b00000| Untracked 
|  84|0x00000000c7c00000, 0x00000000c7c00000, 0x00000000c7d00000|  0%| F|  |TAMS 0x00000000c7c00000, 0x00000000c7c00000| Untracked 
|  85|0x00000000c7d00000, 0x00000000c7d00000, 0x00000000c7e00000|  0%| F|  |TAMS 0x00000000c7d00000, 0x00000000c7d00000| Untracked 
|  86|0x00000000c7e00000, 0x00000000c7e00000, 0x00000000c7f00000|  0%| F|  |TAMS 0x00000000c7e00000, 0x00000000c7e00000| Untracked 
|  87|0x00000000c7f00000, 0x00000000c7f00000, 0x00000000c8000000|  0%| F|  |TAMS 0x00000000c7f00000, 0x00000000c7f00000| Untracked 
|  88|0x00000000c8000000, 0x00000000c8000000, 0x00000000c8100000|  0%| F|  |TAMS 0x00000000c8000000, 0x00000000c8000000| Untracked 
|  89|0x00000000c8100000, 0x00000000c8100000, 0x00000000c8200000|  0%| F|  |TAMS 0x00000000c8100000, 0x00000000c8100000| Untracked 
|  90|0x00000000c8200000, 0x00000000c8200000, 0x00000000c8300000|  0%| F|  |TAMS 0x00000000c8200000, 0x00000000c8200000| Untracked 
|  91|0x00000000c8300000, 0x00000000c8300000, 0x00000000c8400000|  0%| F|  |TAMS 0x00000000c8300000, 0x00000000c8300000| Untracked 
|  92|0x00000000c8400000, 0x00000000c8400000, 0x00000000c8500000|  0%| F|  |TAMS 0x00000000c8400000, 0x00000000c8400000| Untracked 
|  93|0x00000000c8500000, 0x00000000c8500000, 0x00000000c8600000|  0%| F|  |TAMS 0x00000000c8500000, 0x00000000c8500000| Untracked 
|  94|0x00000000c8600000, 0x00000000c8600000, 0x00000000c8700000|  0%| F|  |TAMS 0x00000000c8600000, 0x00000000c8600000| Untracked 
|  95|0x00000000c8700000, 0x00000000c8700000, 0x00000000c8800000|  0%| F|  |TAMS 0x00000000c8700000, 0x00000000c8700000| Untracked 
|  96|0x00000000c8800000, 0x00000000c8800000, 0x00000000c8900000|  0%| F|  |TAMS 0x00000000c8800000, 0x00000000c8800000| Untracked 
|  97|0x00000000c8900000, 0x00000000c8900000, 0x00000000c8a00000|  0%| F|  |TAMS 0x00000000c8900000, 0x00000000c8900000| Untracked 
|  98|0x00000000c8a00000, 0x00000000c8a00000, 0x00000000c8b00000|  0%| F|  |TAMS 0x00000000c8a00000, 0x00000000c8a00000| Untracked 
|  99|0x00000000c8b00000, 0x00000000c8b00000, 0x00000000c8c00000|  0%| F|  |TAMS 0x00000000c8b00000, 0x00000000c8b00000| Untracked 
| 100|0x00000000c8c00000, 0x00000000c8c00000, 0x00000000c8d00000|  0%| F|  |TAMS 0x00000000c8c00000, 0x00000000c8c00000| Untracked 
| 101|0x00000000c8d00000, 0x00000000c8d00000, 0x00000000c8e00000|  0%| F|  |TAMS 0x00000000c8d00000, 0x00000000c8d00000| Untracked 
| 102|0x00000000c8e00000, 0x00000000c8e00000, 0x00000000c8f00000|  0%| F|  |TAMS 0x00000000c8e00000, 0x00000000c8e00000| Untracked 
| 103|0x00000000c8f00000, 0x00000000c8f00000, 0x00000000c9000000|  0%| F|  |TAMS 0x00000000c8f00000, 0x00000000c8f00000| Untracked 
| 104|0x00000000c9000000, 0x00000000c9000000, 0x00000000c9100000|  0%| F|  |TAMS 0x00000000c9000000, 0x00000000c9000000| Untracked 
| 105|0x00000000c9100000, 0x00000000c9100000, 0x00000000c9200000|  0%| F|  |TAMS 0x00000000c9100000, 0x00000000c9100000| Untracked 
| 106|0x00000000c9200000, 0x00000000c9200000, 0x00000000c9300000|  0%| F|  |TAMS 0x00000000c9200000, 0x00000000c9200000| Untracked 
| 107|0x00000000c9300000, 0x00000000c9300000, 0x00000000c9400000|  0%| F|  |TAMS 0x00000000c9300000, 0x00000000c9300000| Untracked 
| 108|0x00000000c9400000, 0x00000000c9400000, 0x00000000c9500000|  0%| F|  |TAMS 0x00000000c9400000, 0x00000000c9400000| Untracked 
| 109|0x00000000c9500000, 0x00000000c9500000, 0x00000000c9600000|  0%| F|  |TAMS 0x00000000c9500000, 0x00000000c9500000| Untracked 
| 110|0x00000000c9600000, 0x00000000c9600000, 0x00000000c9700000|  0%| F|  |TAMS 0x00000000c9600000, 0x00000000c9600000| Untracked 
| 111|0x00000000c9700000, 0x00000000c9700000, 0x00000000c9800000|  0%| F|  |TAMS 0x00000000c9700000, 0x00000000c9700000| Untracked 
| 112|0x00000000c9800000, 0x00000000c9800000, 0x00000000c9900000|  0%| F|  |TAMS 0x00000000c9800000, 0x00000000c9800000| Untracked 
| 113|0x00000000c9900000, 0x00000000c9900000, 0x00000000c9a00000|  0%| F|  |TAMS 0x00000000c9900000, 0x00000000c9900000| Untracked 
| 114|0x00000000c9a00000, 0x00000000c9a00000, 0x00000000c9b00000|  0%| F|  |TAMS 0x00000000c9a00000, 0x00000000c9a00000| Untracked 
| 115|0x00000000c9b00000, 0x00000000c9b00000, 0x00000000c9c00000|  0%| F|  |TAMS 0x00000000c9b00000, 0x00000000c9b00000| Untracked 
| 116|0x00000000c9c00000, 0x00000000c9c00000, 0x00000000c9d00000|  0%| F|  |TAMS 0x00000000c9c00000, 0x00000000c9c00000| Untracked 
| 117|0x00000000c9d00000, 0x00000000c9d00000, 0x00000000c9e00000|  0%| F|  |TAMS 0x00000000c9d00000, 0x00000000c9d00000| Untracked 
| 118|0x00000000c9e00000, 0x00000000c9e00000, 0x00000000c9f00000|  0%| F|  |TAMS 0x00000000c9e00000, 0x00000000c9e00000| Untracked 
| 119|0x00000000c9f00000, 0x00000000c9f00000, 0x00000000ca000000|  0%| F|  |TAMS 0x00000000c9f00000, 0x00000000c9f00000| Untracked 
| 120|0x00000000ca000000, 0x00000000ca000000, 0x00000000ca100000|  0%| F|  |TAMS 0x00000000ca000000, 0x00000000ca000000| Untracked 
| 121|0x00000000ca100000, 0x00000000ca100000, 0x00000000ca200000|  0%| F|  |TAMS 0x00000000ca100000, 0x00000000ca100000| Untracked 
| 122|0x00000000ca200000, 0x00000000ca200000, 0x00000000ca300000|  0%| F|  |TAMS 0x00000000ca200000, 0x00000000ca200000| Untracked 
| 123|0x00000000ca300000, 0x00000000ca300000, 0x00000000ca400000|  0%| F|  |TAMS 0x00000000ca300000, 0x00000000ca300000| Untracked 
| 124|0x00000000ca400000, 0x00000000ca400000, 0x00000000ca500000|  0%| F|  |TAMS 0x00000000ca400000, 0x00000000ca400000| Untracked 
| 125|0x00000000ca500000, 0x00000000ca500000, 0x00000000ca600000|  0%| F|  |TAMS 0x00000000ca500000, 0x00000000ca500000| Untracked 
| 126|0x00000000ca600000, 0x00000000ca600000, 0x00000000ca700000|  0%| F|  |TAMS 0x00000000ca600000, 0x00000000ca600000| Untracked 
| 127|0x00000000ca700000, 0x00000000ca700000, 0x00000000ca800000|  0%| F|  |TAMS 0x00000000ca700000, 0x00000000ca700000| Untracked 
| 128|0x00000000ca800000, 0x00000000ca800000, 0x00000000ca900000|  0%| F|  |TAMS 0x00000000ca800000, 0x00000000ca800000| Untracked 
| 129|0x00000000ca900000, 0x00000000ca900000, 0x00000000caa00000|  0%| F|  |TAMS 0x00000000ca900000, 0x00000000ca900000| Untracked 
| 130|0x00000000caa00000, 0x00000000caa00000, 0x00000000cab00000|  0%| F|  |TAMS 0x00000000caa00000, 0x00000000caa00000| Untracked 
| 131|0x00000000cab00000, 0x00000000cab00000, 0x00000000cac00000|  0%| F|  |TAMS 0x00000000cab00000, 0x00000000cab00000| Untracked 
| 132|0x00000000cac00000, 0x00000000cac00000, 0x00000000cad00000|  0%| F|  |TAMS 0x00000000cac00000, 0x00000000cac00000| Untracked 
| 133|0x00000000cad00000, 0x00000000cadc5768, 0x00000000cae00000| 77%| S|CS|TAMS 0x00000000cad00000, 0x00000000cad00000| Complete 

Card table byte_map: [0x000002225c740000,0x000002225c930000] _byte_map_base: 0x000002225c12c000

Marking Bits (Prev, Next): (CMBitMap*) 0x0000022249a83c90, (CMBitMap*) 0x0000022249a83cd0
 Prev Bits: [0x000002225cb20000, 0x000002225da80000)
 Next Bits: [0x000002225da80000, 0x000002225e9e0000)

Polling page: 0x0000022247a40000

Metaspace:

Usage:
  Non-class:     23.95 MB used.
      Class:      3.89 MB used.
       Both:     27.83 MB used.

Virtual space:
  Non-class space:       64.00 MB reserved,      24.12 MB ( 38%) committed,  1 nodes.
      Class space:        1.00 GB reserved,       4.06 MB ( <1%) committed,  1 nodes.
             Both:        1.06 GB reserved,      28.19 MB (  3%) committed. 

Chunk freelists:
   Non-Class:  7.79 MB
       Class:  12.00 MB
        Both:  19.79 MB

MaxMetaspaceSize: unlimited
CompressedClassSpaceSize: 1.00 GB
Initial GC threshold: 21.00 MB
Current GC threshold: 47.00 MB
CDS: on
MetaspaceReclaimPolicy: balanced
 - commit_granule_bytes: 65536.
 - commit_granule_words: 8192.
 - virtual_space_node_default_size: 8388608.
 - enlarge_chunks_in_place: 1.
 - new_chunks_are_fully_committed: 0.
 - uncommit_free_chunks: 1.
 - use_allocation_guard: 0.
 - handle_deallocations: 1.


Internal statistics:

num_allocs_failed_limit: 3.
num_arena_births: 362.
num_arena_deaths: 0.
num_vsnodes_births: 2.
num_vsnodes_deaths: 0.
num_space_committed: 451.
num_space_uncommitted: 0.
num_chunks_returned_to_freelist: 3.
num_chunks_taken_from_freelist: 1289.
num_chunk_merges: 3.
num_chunk_splits: 873.
num_chunks_enlarged: 607.
num_inconsistent_stats: 0.

CodeHeap 'non-profiled nmethods': size=120000Kb used=2203Kb max_used=2203Kb free=117796Kb
 bounds [0x0000022254cf0000, 0x0000022254f60000, 0x000002225c220000]
CodeHeap 'profiled nmethods': size=120000Kb used=11821Kb max_used=11821Kb free=108178Kb
 bounds [0x000002224d220000, 0x000002224ddb0000, 0x0000022254750000]
CodeHeap 'non-nmethods': size=5760Kb used=1553Kb max_used=1666Kb free=4206Kb
 bounds [0x0000022254750000, 0x00000222549c0000, 0x0000022254cf0000]
 total_blobs=6551 nmethods=5598 adapters=865
 compilation: enabled
              stopped_count=0, restarted_count=0
 full_count=0

Compilation events (20 events):
Event: 35.830 Thread 0x00000222613c46c0 5626   !   3       java.lang.Class::desiredAssertionStatus (54 bytes)
Event: 35.830 Thread 0x00000222613c46c0 nmethod 5626 0x000002224dda5e90 code [0x000002224dda6080, 0x000002224dda65b8]
Event: 35.834 Thread 0x00000222613c46c0 5628       3       com.sun.javafx.iio.png.PNGImageLoader2::readChunk (24 bytes)
Event: 35.836 Thread 0x00000222613c46c0 nmethod 5628 0x000002224dda6790 code [0x000002224dda6940, 0x000002224dda6b78]
Event: 35.840 Thread 0x00000222613c46c0 5629       1       com.sun.prism.Image::getPixelScale (5 bytes)
Event: 35.840 Thread 0x00000222613c46c0 nmethod 5629 0x0000022254f16090 code [0x0000022254f16220, 0x0000022254f162f8]
Event: 35.840 Thread 0x00000222613c46c0 5630       1       javafx.scene.image.Image$DoublePropertyImpl::store (6 bytes)
Event: 35.840 Thread 0x00000222613c46c0 nmethod 5630 0x0000022254f16390 code [0x0000022254f16520, 0x0000022254f165f8]
Event: 35.840 Thread 0x00000222613c46c0 5631       3       javafx.scene.Node$19::invalidated (32 bytes)
Event: 35.841 Thread 0x00000222613c46c0 nmethod 5631 0x000002224dda6c90 code [0x000002224dda6f40, 0x000002224dda8218]
Event: 35.841 Thread 0x00000222613c46c0 5632       3       com.ctc.wstx.sr.AttributeCollector::resolveNamespaces (369 bytes)
Event: 35.842 Thread 0x00000222613c46c0 nmethod 5632 0x000002224dda8890 code [0x000002224dda8bc0, 0x000002224ddaa008]
Event: 35.842 Thread 0x00000222613c46c0 5633       3       com.sun.javafx.iio.ImageFormatDescription$Signature::matches (45 bytes)
Event: 35.842 Thread 0x00000222613c46c0 nmethod 5633 0x000002224ddaaa10 code [0x000002224ddaabc0, 0x000002224ddaae98]
Event: 35.845 Thread 0x00000222613c46c0 5634       3       java.util.HashSet::isEmpty (8 bytes)
Event: 35.846 Thread 0x00000222613c46c0 nmethod 5634 0x000002224ddaaf90 code [0x000002224ddab120, 0x000002224ddab378]
Event: 35.846 Thread 0x00000222613c46c0 5635       1       com.sun.javafx.iio.ImageFrame::getWidth (5 bytes)
Event: 35.846 Thread 0x00000222613c46c0 nmethod 5635 0x0000022254f16690 code [0x0000022254f16820, 0x0000022254f168f8]
Event: 35.846 Thread 0x00000222613c46c0 5636       1       com.sun.javafx.iio.ImageFrame::getHeight (5 bytes)
Event: 35.846 Thread 0x00000222613c46c0 nmethod 5636 0x0000022254f16990 code [0x0000022254f16b20, 0x0000022254f16bf8]

GC Heap History (20 events):
Event: 33.428 GC heap after
{Heap after GC invocations=6 (full 0):
 garbage-first heap   total 48128K, used 20206K [0x00000000c2800000, 0x0000000100000000)
  region size 1024K, 4 young (4096K), 4 survivors (4096K)
 Metaspace       used 26249K, committed 26560K, reserved 1114112K
  class space    used 3640K, committed 3776K, reserved 1048576K
}
Event: 33.529 GC heap before
{Heap before GC invocations=6 (full 0):
 garbage-first heap   total 48128K, used 40686K [0x00000000c2800000, 0x0000000100000000)
  region size 1024K, 5 young (5120K), 4 survivors (4096K)
 Metaspace       used 26280K, committed 26560K, reserved 1114112K
  class space    used 3641K, committed 3776K, reserved 1048576K
}
Event: 33.534 GC heap after
{Heap after GC invocations=7 (full 0):
 garbage-first heap   total 48128K, used 41301K [0x00000000c2800000, 0x0000000100000000)
  region size 1024K, 1 young (1024K), 1 survivors (1024K)
 Metaspace       used 26280K, committed 26560K, reserved 1114112K
  class space    used 3641K, committed 3776K, reserved 1048576K
}
Event: 33.543 GC heap before
{Heap before GC invocations=7 (full 0):
 garbage-first heap   total 48128K, used 43349K [0x00000000c2800000, 0x0000000100000000)
  region size 1024K, 2 young (2048K), 1 survivors (1024K)
 Metaspace       used 26283K, committed 26560K, reserved 1114112K
  class space    used 3641K, committed 3776K, reserved 1048576K
}
Event: 33.545 GC heap after
{Heap after GC invocations=8 (full 0):
 garbage-first heap   total 48128K, used 43071K [0x00000000c2800000, 0x0000000100000000)
  region size 1024K, 1 young (1024K), 1 survivors (1024K)
 Metaspace       used 26283K, committed 26560K, reserved 1114112K
  class space    used 3641K, committed 3776K, reserved 1048576K
}
Event: 33.583 GC heap before
{Heap before GC invocations=9 (full 0):
 garbage-first heap   total 81920K, used 49215K [0x00000000c2800000, 0x0000000100000000)
  region size 1024K, 2 young (2048K), 1 survivors (1024K)
 Metaspace       used 26290K, committed 26560K, reserved 1114112K
  class space    used 3641K, committed 3776K, reserved 1048576K
}
Event: 33.585 GC heap after
{Heap after GC invocations=10 (full 0):
 garbage-first heap   total 81920K, used 49273K [0x00000000c2800000, 0x0000000100000000)
  region size 1024K, 1 young (1024K), 1 survivors (1024K)
 Metaspace       used 26290K, committed 26560K, reserved 1114112K
  class space    used 3641K, committed 3776K, reserved 1048576K
}
Event: 33.616 GC heap before
{Heap before GC invocations=11 (full 0):
 garbage-first heap   total 92160K, used 53369K [0x00000000c2800000, 0x0000000100000000)
  region size 1024K, 2 young (2048K), 1 survivors (1024K)
 Metaspace       used 26299K, committed 26560K, reserved 1114112K
  class space    used 3641K, committed 3776K, reserved 1048576K
}
Event: 33.617 GC heap after
{Heap after GC invocations=12 (full 0):
 garbage-first heap   total 92160K, used 53413K [0x00000000c2800000, 0x0000000100000000)
  region size 1024K, 1 young (1024K), 1 survivors (1024K)
 Metaspace       used 26299K, committed 26560K, reserved 1114112K
  class space    used 3641K, committed 3776K, reserved 1048576K
}
Event: 34.046 GC heap before
{Heap before GC invocations=13 (full 0):
 garbage-first heap   total 99328K, used 80037K [0x00000000c2800000, 0x0000000100000000)
  region size 1024K, 23 young (23552K), 1 survivors (1024K)
 Metaspace       used 27882K, committed 28160K, reserved 1114112K
  class space    used 3901K, committed 4032K, reserved 1048576K
}
Event: 34.051 GC heap after
{Heap after GC invocations=14 (full 0):
 garbage-first heap   total 99328K, used 62026K [0x00000000c2800000, 0x0000000100000000)
  region size 1024K, 3 young (3072K), 3 survivors (3072K)
 Metaspace       used 27882K, committed 28160K, reserved 1114112K
  class space    used 3901K, committed 4032K, reserved 1048576K
}
Event: 35.728 GC heap before
{Heap before GC invocations=14 (full 0):
 garbage-first heap   total 99328K, used 65098K [0x00000000c2800000, 0x0000000100000000)
  region size 1024K, 7 young (7168K), 3 survivors (3072K)
 Metaspace       used 28248K, committed 28544K, reserved 1114112K
  class space    used 3933K, committed 4032K, reserved 1048576K
}
Event: 35.731 GC heap after
{Heap after GC invocations=15 (full 0):
 garbage-first heap   total 99328K, used 62682K [0x00000000c2800000, 0x0000000100000000)
  region size 1024K, 1 young (1024K), 1 survivors (1024K)
 Metaspace       used 28248K, committed 28544K, reserved 1114112K
  class space    used 3933K, committed 4032K, reserved 1048576K
}
Event: 35.764 GC heap before
{Heap before GC invocations=16 (full 0):
 garbage-first heap   total 114688K, used 68826K [0x00000000c2800000, 0x0000000100000000)
  region size 1024K, 2 young (2048K), 1 survivors (1024K)
 Metaspace       used 28251K, committed 28544K, reserved 1114112K
  class space    used 3933K, committed 4032K, reserved 1048576K
}
Event: 35.765 GC heap after
{Heap after GC invocations=17 (full 0):
 garbage-first heap   total 114688K, used 68656K [0x00000000c2800000, 0x0000000100000000)
  region size 1024K, 1 young (1024K), 1 survivors (1024K)
 Metaspace       used 28251K, committed 28544K, reserved 1114112K
  class space    used 3933K, committed 4032K, reserved 1048576K
}
Event: 35.796 GC heap before
{Heap before GC invocations=18 (full 0):
 garbage-first heap   total 122880K, used 71728K [0x00000000c2800000, 0x0000000100000000)
  region size 1024K, 2 young (2048K), 1 survivors (1024K)
 Metaspace       used 28344K, committed 28672K, reserved 1114112K
  class space    used 3956K, committed 4096K, reserved 1048576K
}
Event: 35.798 GC heap after
{Heap after GC invocations=19 (full 0):
 garbage-first heap   total 122880K, used 71802K [0x00000000c2800000, 0x0000000100000000)
  region size 1024K, 1 young (1024K), 1 survivors (1024K)
 Metaspace       used 28344K, committed 28672K, reserved 1114112K
  class space    used 3956K, committed 4096K, reserved 1048576K
}
Event: 35.834 GC heap before
{Heap before GC invocations=20 (full 0):
 garbage-first heap   total 126976K, used 75898K [0x00000000c2800000, 0x0000000100000000)
  region size 1024K, 2 young (2048K), 1 survivors (1024K)
 Metaspace       used 28492K, committed 28864K, reserved 1114112K
  class space    used 3978K, committed 4160K, reserved 1048576K
}
Event: 35.835 GC heap after
{Heap after GC invocations=21 (full 0):
 garbage-first heap   total 126976K, used 76040K [0x00000000c2800000, 0x0000000100000000)
  region size 1024K, 1 young (1024K), 1 survivors (1024K)
 Metaspace       used 28492K, committed 28864K, reserved 1114112K
  class space    used 3978K, committed 4160K, reserved 1048576K
}
Event: 35.866 GC heap before
{Heap before GC invocations=22 (full 0):
 garbage-first heap   total 137216K, used 82184K [0x00000000c2800000, 0x0000000100000000)
  region size 1024K, 2 young (2048K), 1 survivors (1024K)
 Metaspace       used 28502K, committed 28864K, reserved 1114112K
  class space    used 3979K, committed 4160K, reserved 1048576K
}

Dll operation events (3 events):
Event: 0.042 Loaded shared library C:\Users\39\.jdks\jbr-17.0.12-1\bin\java.dll
Event: 0.099 Loaded shared library C:\Users\39\.jdks\jbr-17.0.12-1\bin\jsvml.dll
Event: 1.944 Loaded shared library C:\Users\39\.jdks\jbr-17.0.12-1\bin\verify.dll

Deoptimization events (20 events):
Event: 35.862 Thread 0x0000022261ab8320 DEOPT PACKING pc=0x000002224dabaf4f sp=0x0000008d9f8fa740
Event: 35.862 Thread 0x0000022261ab8320 DEOPT UNPACKING pc=0x00000222547a7143 sp=0x0000008d9f8f9bd0 mode 0
Event: 35.862 Thread 0x0000022261ab8320 DEOPT PACKING pc=0x000002224dabaf4f sp=0x0000008d9f8fa740
Event: 35.862 Thread 0x0000022261ab8320 DEOPT UNPACKING pc=0x00000222547a7143 sp=0x0000008d9f8f9bd0 mode 0
Event: 35.862 Thread 0x0000022261ab8320 DEOPT PACKING pc=0x000002224dabaf4f sp=0x0000008d9f8fa740
Event: 35.862 Thread 0x0000022261ab8320 DEOPT UNPACKING pc=0x00000222547a7143 sp=0x0000008d9f8f9bd0 mode 0
Event: 35.862 Thread 0x0000022261ab8320 DEOPT PACKING pc=0x000002224dabaf4f sp=0x0000008d9f8fa740
Event: 35.862 Thread 0x0000022261ab8320 DEOPT UNPACKING pc=0x00000222547a7143 sp=0x0000008d9f8f9bd0 mode 0
Event: 35.862 Thread 0x0000022261ab8320 DEOPT PACKING pc=0x000002224dabaf4f sp=0x0000008d9f8fa740
Event: 35.862 Thread 0x0000022261ab8320 DEOPT UNPACKING pc=0x00000222547a7143 sp=0x0000008d9f8f9bd0 mode 0
Event: 35.862 Thread 0x0000022261ab8320 DEOPT PACKING pc=0x000002224dabaf4f sp=0x0000008d9f8fa740
Event: 35.862 Thread 0x0000022261ab8320 DEOPT UNPACKING pc=0x00000222547a7143 sp=0x0000008d9f8f9bd0 mode 0
Event: 35.862 Thread 0x0000022261ab8320 DEOPT PACKING pc=0x000002224dabaf4f sp=0x0000008d9f8fa740
Event: 35.862 Thread 0x0000022261ab8320 DEOPT UNPACKING pc=0x00000222547a7143 sp=0x0000008d9f8f9bd0 mode 0
Event: 35.862 Thread 0x0000022261ab8320 DEOPT PACKING pc=0x000002224dabaf4f sp=0x0000008d9f8fa740
Event: 35.863 Thread 0x0000022261ab8320 DEOPT UNPACKING pc=0x00000222547a7143 sp=0x0000008d9f8f9bd0 mode 0
Event: 35.863 Thread 0x0000022261ab8320 DEOPT PACKING pc=0x000002224dabaf4f sp=0x0000008d9f8fa740
Event: 35.863 Thread 0x0000022261ab8320 DEOPT UNPACKING pc=0x00000222547a7143 sp=0x0000008d9f8f9bd0 mode 0
Event: 35.863 Thread 0x0000022261ab8320 DEOPT PACKING pc=0x000002224dabaf4f sp=0x0000008d9f8fa740
Event: 35.863 Thread 0x0000022261ab8320 DEOPT UNPACKING pc=0x00000222547a7143 sp=0x0000008d9f8f9bd0 mode 0

Classes loaded (20 events):
Event: 35.819 Loading class java/net/URLConnection$1
Event: 35.820 Loading class java/net/FileNameMap
Event: 35.820 Loading class java/net/FileNameMap done
Event: 35.820 Loading class java/net/URLConnection$1 done
Event: 35.820 Loading class sun/net/www/MimeTable
Event: 35.821 Loading class sun/net/www/MimeTable done
Event: 35.821 Loading class sun/net/www/MimeTable$1
Event: 35.821 Loading class sun/net/www/MimeTable$1 done
Event: 35.821 Loading class sun/net/www/MimeTable$DefaultInstanceHolder
Event: 35.821 Loading class sun/net/www/MimeTable$DefaultInstanceHolder done
Event: 35.821 Loading class sun/net/www/MimeTable$DefaultInstanceHolder$1
Event: 35.821 Loading class sun/net/www/MimeTable$DefaultInstanceHolder$1 done
Event: 35.822 Loading class sun/net/www/MimeEntry
Event: 35.822 Loading class sun/net/www/MimeEntry done
Event: 35.824 Loading class sun/text/resources/cldr/FormatData_en
Event: 35.825 Loading class sun/text/resources/cldr/FormatData_en done
Event: 35.825 Loading class sun/text/resources/cldr/FormatData_en_US
Event: 35.825 Loading class sun/text/resources/cldr/FormatData_en_US done
Event: 35.827 Loading class java/io/InterruptedIOException
Event: 35.827 Loading class java/io/InterruptedIOException done

Classes unloaded (0 events):
No events

Classes redefined (0 events):
No events

Internal exceptions (20 events):
Event: 4.145 Thread 0x0000022261ab8320 Implicit null exception at 0x0000022254d8528f to 0x0000022254d85309
Event: 4.282 Thread 0x0000022261ab8320 Exception <a 'java/lang/NoSuchMethodError'{0x00000000c5041a70}: 'java.lang.Object java.lang.invoke.DirectMethodHandle$Holder.newInvokeSpecial(java.lang.Object, java.lang.Object, int)'> (0x00000000c5041a70) 
thrown [s\src\hotspot\share\interpreter\linkResolver.cpp, line 771]
Event: 4.525 Thread 0x0000022261ab8320 Exception <a 'java/lang/NoSuchMethodError'{0x00000000c4f65110}: 'long java.lang.invoke.DirectMethodHandle$Holder.invokeStatic(java.lang.Object, java.lang.Object, java.lang.Object)'> (0x00000000c4f65110) 
thrown [s\src\hotspot\share\interpreter\linkResolver.cpp, line 771]
Event: 4.525 Thread 0x0000022261ab8320 Exception <a 'java/lang/NoSuchMethodError'{0x00000000c4f688b8}: 'long java.lang.invoke.DirectMethodHandle$Holder.invokeStaticInit(java.lang.Object, java.lang.Object, java.lang.Object)'> (0x00000000c4f688b8) 
thrown [s\src\hotspot\share\interpreter\linkResolver.cpp, line 771]
Event: 4.526 Thread 0x00000222662c6030 Exception <a 'java/lang/NoSuchMethodError'{0x00000000c4f95800}: 'int java.lang.invoke.DirectMethodHandle$Holder.invokeStaticInit(java.lang.Object, java.lang.Object)'> (0x00000000c4f95800) 
thrown [s\src\hotspot\share\interpreter\linkResolver.cpp, line 771]
Event: 4.528 Thread 0x0000022261ab8320 Exception <a 'java/lang/NoSuchMethodError'{0x00000000c4e01908}: 'java.lang.Object java.lang.invoke.DirectMethodHandle$Holder.newInvokeSpecial(java.lang.Object, java.lang.Object, long)'> (0x00000000c4e01908) 
thrown [s\src\hotspot\share\interpreter\linkResolver.cpp, line 771]
Event: 4.528 Thread 0x0000022261ab8320 Exception <a 'java/lang/NoSuchMethodError'{0x00000000c4e05478}: 'java.lang.Object java.lang.invoke.Invokers$Holder.linkToTargetMethod(java.lang.Object, long, java.lang.Object)'> (0x00000000c4e05478) 
thrown [s\src\hotspot\share\interpreter\linkResolver.cpp, line 771]
Event: 4.808 Thread 0x00000222662c6030 Exception <a 'java/lang/NoSuchMethodError'{0x00000000c4b9f690}: 'java.lang.Object java.lang.invoke.DirectMethodHandle$Holder.invokeStaticInit(java.lang.Object, int)'> (0x00000000c4b9f690) 
thrown [s\src\hotspot\share\interpreter\linkResolver.cpp, line 771]
Event: 33.368 Thread 0x0000022261ab8320 Implicit null exception at 0x0000022254d9a1f7 to 0x0000022254d9a98c
Event: 33.368 Thread 0x0000022261ab8320 Implicit null exception at 0x0000022254d83b74 to 0x0000022254d842f4
Event: 33.378 Thread 0x0000022261ab8320 Exception <a 'java/lang/NoSuchMethodError'{0x00000000c3e3b080}: 'void java.lang.invoke.DirectMethodHandle$Holder.invokeSpecialIFC(java.lang.Object, java.lang.Object, java.lang.Object)'> (0x00000000c3e3b080) 
thrown [s\src\hotspot\share\interpreter\linkResolver.cpp, line 771]
Event: 33.387 Thread 0x0000022261ab8320 Exception <a 'java/lang/NoSuchMethodError'{0x00000000c3e91480}: 'java.lang.Object java.lang.invoke.DirectMethodHandle$Holder.invokeSpecial(java.lang.Object, java.lang.Object, int, java.lang.Object, java.lang.Object)'> (0x00000000c3e91480) 
thrown [s\src\hotspot\share\interpreter\linkResolver.cpp, line 771]
Event: 33.646 Thread 0x0000022261ab8320 Exception <a 'java/io/FileNotFoundException'{0x00000000c801ab08}> (0x00000000c801ab08) 
thrown [s\src\hotspot\share\prims\jni.cpp, line 531]
Event: 33.664 Thread 0x0000022261ab8320 Exception <a 'java/lang/ClassNotFoundException'{0x00000000c8820e58}: com/sun/javafx/scene/control/skin/resources/controls-nt> (0x00000000c8820e58) 
thrown [s\src\hotspot\share\prims\jni.cpp, line 550]
Event: 33.665 Thread 0x0000022261ab8320 Exception <a 'java/lang/ClassNotFoundException'{0x00000000c88299a8}: com/sun/javafx/scene/control/skin/resources/controls-nt_fr> (0x00000000c88299a8) 
thrown [s\src\hotspot\share\prims\jni.cpp, line 550]
Event: 33.666 Thread 0x0000022261ab8320 Exception <a 'java/lang/ClassNotFoundException'{0x00000000c882b8d8}: com/sun/javafx/scene/control/skin/resources/controls-nt_fr_FR> (0x00000000c882b8d8) 
thrown [s\src\hotspot\share\prims\jni.cpp, line 550]
Event: 33.674 Thread 0x0000022261ab8320 Implicit null exception at 0x0000022254e5a950 to 0x0000022254e5a9b4
Event: 35.812 Thread 0x0000022261ab8320 Exception <a 'java/lang/NoSuchMethodError'{0x00000000c9e26a48}: 'java.lang.Object java.lang.invoke.DirectMethodHandle$Holder.invokeStaticInit(java.lang.Object, java.lang.Object, java.lang.Object)'> (0x00000000c9e26a48) 
thrown [s\src\hotspot\share\interpreter\linkResolver.cpp, line 771]
Event: 35.826 Thread 0x000002226b877580 Exception <a 'java/lang/NoSuchMethodError'{0x00000000c9eb9678}: 'void java.lang.invoke.DirectMethodHandle$Holder.invokeSpecial(java.lang.Object, java.lang.Object, int, int)'> (0x00000000c9eb9678) 
thrown [s\src\hotspot\share\interpreter\linkResolver.cpp, line 771]
Event: 35.826 Thread 0x000002226b877580 Exception <a 'java/lang/NoSuchMethodError'{0x00000000c9ebfbc0}: 'java.lang.Object java.lang.invoke.DirectMethodHandle$Holder.newInvokeSpecial(java.lang.Object, java.lang.Object, int, int)'> (0x00000000c9ebfbc0) 
thrown [s\src\hotspot\share\interpreter\linkResolver.cpp, line 771]

VM Operations (20 events):
Event: 35.792 Executing VM operation: HandshakeAllThreads done
Event: 35.796 Executing VM operation: G1TryInitiateConcMark
Event: 35.798 Executing VM operation: G1TryInitiateConcMark done
Event: 35.811 Executing VM operation: HandshakeAllThreads
Event: 35.811 Executing VM operation: HandshakeAllThreads done
Event: 35.813 Executing VM operation: HandshakeAllThreads
Event: 35.813 Executing VM operation: HandshakeAllThreads done
Event: 35.814 Executing VM operation: G1PauseRemark
Event: 35.816 Executing VM operation: G1PauseRemark done
Event: 35.826 Executing VM operation: G1PauseCleanup
Event: 35.826 Executing VM operation: G1PauseCleanup done
Event: 35.828 Executing VM operation: HandshakeAllThreads
Event: 35.828 Executing VM operation: HandshakeAllThreads done
Event: 35.834 Executing VM operation: G1TryInitiateConcMark
Event: 35.835 Executing VM operation: G1TryInitiateConcMark done
Event: 35.849 Executing VM operation: G1PauseRemark
Event: 35.851 Executing VM operation: G1PauseRemark done
Event: 35.858 Executing VM operation: G1PauseCleanup
Event: 35.858 Executing VM operation: G1PauseCleanup done
Event: 35.865 Executing VM operation: G1TryInitiateConcMark

Events (20 events):
Event: 0.844 Thread 0x0000022261ab8320 Thread added: 0x0000022261ab8320
Event: 1.152 Thread 0x00000222665af450 Thread added: 0x00000222665af450
Event: 1.163 Thread 0x0000022266616ec0 Thread added: 0x0000022266616ec0
Event: 1.194 Loaded shared library C:\Users\39\.jdks\jbr-17.0.12-1\bin\jimage.dll
Event: 1.421 Thread 0x000002226b879e00 Thread added: 0x000002226b879e00
Event: 1.658 Loaded shared library C:\Users\39\.jdks\jbr-17.0.12-1\bin\extnet.dll
Event: 2.243 Loaded shared library C:\Users\39\.openjfx\cache\21.0.2+5\amd64\javafx_font.dll
Event: 2.887 Thread 0x000002226b877a90 Thread added: 0x000002226b877a90
Event: 2.936 Loaded shared library C:\Users\39\.jdks\jbr-17.0.12-1\bin\awt.dll
Event: 3.041 Thread 0x000002226b877fa0 Thread added: 0x000002226b877fa0
Event: 3.068 Loaded shared library C:\Users\39\.jdks\jbr-17.0.12-1\bin\freetype.dll
Event: 3.073 Loaded shared library C:\Users\39\.jdks\jbr-17.0.12-1\bin\fontmanager.dll
Event: 3.692 Thread 0x000002226b8793e0 Thread added: 0x000002226b8793e0
Event: 3.693 Thread 0x000002226b877070 Thread added: 0x000002226b877070
Event: 4.628 Thread 0x000002226b87a820 Thread added: 0x000002226b87a820
Event: 4.711 Thread 0x000002226b8793e0 Thread exited: 0x000002226b8793e0
Event: 32.594 Thread 0x0000022266408e70 Thread added: 0x0000022266408e70
Event: 33.106 Thread 0x0000022266408e70 Thread exited: 0x0000022266408e70
Event: 35.818 Thread 0x000002226b877580 Thread added: 0x000002226b877580
Event: 35.841 Loaded shared library C:\Users\39\.openjfx\cache\21.0.2+5\amd64\javafx_iio.dll


Dynamic libraries:
0x00007ff750690000 - 0x00007ff75069a000 	C:\Users\39\.jdks\jbr-17.0.12-1\bin\java.exe
0x00007ffd490d0000 - 0x00007ffd492c8000 	C:\Windows\SYSTEM32\ntdll.dll
0x00007ffd48b00000 - 0x00007ffd48bc2000 	C:\Windows\System32\KERNEL32.DLL
0x00007ffd468e0000 - 0x00007ffd46bd6000 	C:\Windows\System32\KERNELBASE.dll
0x00007ffd46790000 - 0x00007ffd46890000 	C:\Windows\System32\ucrtbase.dll
0x00007ffd3e520000 - 0x00007ffd3e537000 	C:\Users\39\.jdks\jbr-17.0.12-1\bin\jli.dll
0x00007ffd3cfd0000 - 0x00007ffd3cfeb000 	C:\Users\39\.jdks\jbr-17.0.12-1\bin\VCRUNTIME140.dll
0x00007ffd47ca0000 - 0x00007ffd47e3d000 	C:\Windows\System32\USER32.dll
0x00007ffd31130000 - 0x00007ffd313ca000 	C:\Windows\WinSxS\amd64_microsoft.windows.common-controls_6595b64144ccf1df_6.0.19041.4355_none_60b8b9eb71f62e16\COMCTL32.dll
0x00007ffd486b0000 - 0x00007ffd4874e000 	C:\Windows\System32\msvcrt.dll
0x00007ffd47240000 - 0x00007ffd4726b000 	C:\Windows\System32\GDI32.dll
0x00007ffd46be0000 - 0x00007ffd46c02000 	C:\Windows\System32\win32u.dll
0x00007ffd46c10000 - 0x00007ffd46d2a000 	C:\Windows\System32\gdi32full.dll
0x00007ffd47050000 - 0x00007ffd470ed000 	C:\Windows\System32\msvcp_win.dll
0x00007ffd485a0000 - 0x00007ffd485cf000 	C:\Windows\System32\IMM32.DLL
0x00007ffd401b0000 - 0x00007ffd401bc000 	C:\Users\39\.jdks\jbr-17.0.12-1\bin\vcruntime140_1.dll
0x00007ffd0d320000 - 0x00007ffd0d3ad000 	C:\Users\39\.jdks\jbr-17.0.12-1\bin\msvcp140.dll
0x00007ffcab080000 - 0x00007ffcabd0a000 	C:\Users\39\.jdks\jbr-17.0.12-1\bin\server\jvm.dll
0x00007ffd48fe0000 - 0x00007ffd4908f000 	C:\Windows\System32\ADVAPI32.dll
0x00007ffd48f30000 - 0x00007ffd48fcf000 	C:\Windows\System32\sechost.dll
0x00007ffd47e40000 - 0x00007ffd47f63000 	C:\Windows\System32\RPCRT4.dll
0x00007ffd46760000 - 0x00007ffd46787000 	C:\Windows\System32\bcrypt.dll
0x00007ffd48640000 - 0x00007ffd486ab000 	C:\Windows\System32\WS2_32.dll
0x00007ffd464a0000 - 0x00007ffd464eb000 	C:\Windows\SYSTEM32\POWRPROF.dll
0x00007ffd33500000 - 0x00007ffd33527000 	C:\Windows\SYSTEM32\WINMM.dll
0x00007ffd3fcc0000 - 0x00007ffd3fcca000 	C:\Windows\SYSTEM32\VERSION.dll
0x00007ffd46480000 - 0x00007ffd46492000 	C:\Windows\SYSTEM32\UMPDC.dll
0x00007ffd445e0000 - 0x00007ffd445f2000 	C:\Windows\SYSTEM32\kernel.appcore.dll
0x00007ffd40190000 - 0x00007ffd4019a000 	C:\Users\39\.jdks\jbr-17.0.12-1\bin\jimage.dll
0x00007ffd316a0000 - 0x00007ffd31884000 	C:\Windows\SYSTEM32\DBGHELP.DLL
0x00007ffd30fd0000 - 0x00007ffd31004000 	C:\Windows\SYSTEM32\dbgcore.DLL
0x00007ffd46d30000 - 0x00007ffd46db2000 	C:\Windows\System32\bcryptPrimitives.dll
0x00007ffd3a450000 - 0x00007ffd3a475000 	C:\Users\39\.jdks\jbr-17.0.12-1\bin\java.dll
0x00007ffce4160000 - 0x00007ffce4237000 	C:\Users\39\.jdks\jbr-17.0.12-1\bin\jsvml.dll
0x00007ffd474b0000 - 0x00007ffd47c1f000 	C:\Windows\System32\SHELL32.dll
0x00007ffd447e0000 - 0x00007ffd44f83000 	C:\Windows\SYSTEM32\windows.storage.dll
0x00007ffd48bd0000 - 0x00007ffd48f25000 	C:\Windows\System32\combase.dll
0x00007ffd460c0000 - 0x00007ffd460eb000 	C:\Windows\SYSTEM32\Wldp.dll
0x00007ffd48a20000 - 0x00007ffd48aed000 	C:\Windows\System32\OLEAUT32.dll
0x00007ffd48970000 - 0x00007ffd48a1d000 	C:\Windows\System32\SHCORE.dll
0x00007ffd47450000 - 0x00007ffd474a5000 	C:\Windows\System32\shlwapi.dll
0x00007ffd46690000 - 0x00007ffd466b5000 	C:\Windows\SYSTEM32\profapi.dll
0x00007ffd3bc10000 - 0x00007ffd3bc29000 	C:\Users\39\.jdks\jbr-17.0.12-1\bin\net.dll
0x00007ffd3d650000 - 0x00007ffd3d75a000 	C:\Windows\SYSTEM32\WINHTTP.dll
0x00007ffd45e20000 - 0x00007ffd45e8c000 	C:\Windows\system32\mswsock.dll
0x00007ffd2ce10000 - 0x00007ffd2ce26000 	C:\Users\39\.jdks\jbr-17.0.12-1\bin\nio.dll
0x00007ffd2cdf0000 - 0x00007ffd2ce08000 	C:\Users\39\.jdks\jbr-17.0.12-1\bin\zip.dll
0x00000222499d0000 - 0x00000222499d3000 	C:\Users\39\.openjfx\cache\21.0.2+5\amd64\api-ms-win-core-console-l1-1-0.dll
0x00000222499e0000 - 0x00000222499e3000 	C:\Users\39\.openjfx\cache\21.0.2+5\amd64\api-ms-win-core-console-l1-2-0.dll
0x00000222499f0000 - 0x00000222499f3000 	C:\Users\39\.openjfx\cache\21.0.2+5\amd64\api-ms-win-core-datetime-l1-1-0.dll
0x0000022261ac0000 - 0x0000022261ac3000 	C:\Users\39\.openjfx\cache\21.0.2+5\amd64\api-ms-win-core-debug-l1-1-0.dll
0x0000022261ad0000 - 0x0000022261ad3000 	C:\Users\39\.openjfx\cache\21.0.2+5\amd64\api-ms-win-core-errorhandling-l1-1-0.dll
0x0000022261ae0000 - 0x0000022261ae4000 	C:\Users\39\.openjfx\cache\21.0.2+5\amd64\api-ms-win-core-file-l1-1-0.dll
0x0000022261af0000 - 0x0000022261af3000 	C:\Users\39\.openjfx\cache\21.0.2+5\amd64\api-ms-win-core-file-l1-2-0.dll
0x0000022261b00000 - 0x0000022261b03000 	C:\Users\39\.openjfx\cache\21.0.2+5\amd64\api-ms-win-core-file-l2-1-0.dll
0x0000022261b10000 - 0x0000022261b13000 	C:\Users\39\.openjfx\cache\21.0.2+5\amd64\api-ms-win-core-handle-l1-1-0.dll
0x0000022261b20000 - 0x0000022261b23000 	C:\Users\39\.openjfx\cache\21.0.2+5\amd64\api-ms-win-core-heap-l1-1-0.dll
0x0000022261b30000 - 0x0000022261b33000 	C:\Users\39\.openjfx\cache\21.0.2+5\amd64\api-ms-win-core-interlocked-l1-1-0.dll
0x0000022261b40000 - 0x0000022261b43000 	C:\Users\39\.openjfx\cache\21.0.2+5\amd64\api-ms-win-core-libraryloader-l1-1-0.dll
0x0000022261b50000 - 0x0000022261b53000 	C:\Users\39\.openjfx\cache\21.0.2+5\amd64\api-ms-win-core-localization-l1-2-0.dll
0x0000022261b60000 - 0x0000022261b63000 	C:\Users\39\.openjfx\cache\21.0.2+5\amd64\api-ms-win-core-memory-l1-1-0.dll
0x0000022261b70000 - 0x0000022261b73000 	C:\Users\39\.openjfx\cache\21.0.2+5\amd64\api-ms-win-core-namedpipe-l1-1-0.dll
0x0000022261b80000 - 0x0000022261b83000 	C:\Users\39\.openjfx\cache\21.0.2+5\amd64\api-ms-win-core-processenvironment-l1-1-0.dll
0x0000022261b90000 - 0x0000022261b93000 	C:\Users\39\.openjfx\cache\21.0.2+5\amd64\api-ms-win-core-processthreads-l1-1-0.dll
0x0000022261ba0000 - 0x0000022261ba3000 	C:\Users\39\.openjfx\cache\21.0.2+5\amd64\api-ms-win-core-processthreads-l1-1-1.dll
0x0000022261bb0000 - 0x0000022261bb3000 	C:\Users\39\.openjfx\cache\21.0.2+5\amd64\api-ms-win-core-profile-l1-1-0.dll
0x0000022261bc0000 - 0x0000022261bc3000 	C:\Users\39\.openjfx\cache\21.0.2+5\amd64\api-ms-win-core-rtlsupport-l1-1-0.dll
0x0000022261bd0000 - 0x0000022261bd3000 	C:\Users\39\.openjfx\cache\21.0.2+5\amd64\api-ms-win-core-string-l1-1-0.dll
0x0000022261be0000 - 0x0000022261be3000 	C:\Users\39\.openjfx\cache\21.0.2+5\amd64\api-ms-win-core-synch-l1-1-0.dll
0x0000022261bf0000 - 0x0000022261bf3000 	C:\Users\39\.openjfx\cache\21.0.2+5\amd64\api-ms-win-core-synch-l1-2-0.dll
0x0000022261c00000 - 0x0000022261c03000 	C:\Users\39\.openjfx\cache\21.0.2+5\amd64\api-ms-win-core-sysinfo-l1-1-0.dll
0x0000022261c10000 - 0x0000022261c13000 	C:\Users\39\.openjfx\cache\21.0.2+5\amd64\api-ms-win-core-timezone-l1-1-0.dll
0x0000022261c20000 - 0x0000022261c23000 	C:\Users\39\.openjfx\cache\21.0.2+5\amd64\api-ms-win-core-util-l1-1-0.dll
0x0000022261c30000 - 0x0000022261c33000 	C:\Users\39\.openjfx\cache\21.0.2+5\amd64\api-ms-win-crt-conio-l1-1-0.dll
0x0000022261c40000 - 0x0000022261c44000 	C:\Users\39\.openjfx\cache\21.0.2+5\amd64\api-ms-win-crt-convert-l1-1-0.dll
0x0000022261c50000 - 0x0000022261c53000 	C:\Users\39\.openjfx\cache\21.0.2+5\amd64\api-ms-win-crt-environment-l1-1-0.dll
0x0000022261c60000 - 0x0000022261c63000 	C:\Users\39\.openjfx\cache\21.0.2+5\amd64\api-ms-win-crt-filesystem-l1-1-0.dll
0x0000022261c70000 - 0x0000022261c73000 	C:\Users\39\.openjfx\cache\21.0.2+5\amd64\api-ms-win-crt-heap-l1-1-0.dll
0x0000022261c80000 - 0x0000022261c83000 	C:\Users\39\.openjfx\cache\21.0.2+5\amd64\api-ms-win-crt-locale-l1-1-0.dll
0x0000022261c90000 - 0x0000022261c95000 	C:\Users\39\.openjfx\cache\21.0.2+5\amd64\api-ms-win-crt-math-l1-1-0.dll
0x0000022261ca0000 - 0x0000022261ca5000 	C:\Users\39\.openjfx\cache\21.0.2+5\amd64\api-ms-win-crt-multibyte-l1-1-0.dll
0x0000022261cb0000 - 0x0000022261cc0000 	C:\Users\39\.openjfx\cache\21.0.2+5\amd64\api-ms-win-crt-private-l1-1-0.dll
0x0000022261cc0000 - 0x0000022261cc3000 	C:\Users\39\.openjfx\cache\21.0.2+5\amd64\api-ms-win-crt-process-l1-1-0.dll
0x0000022261cd0000 - 0x0000022261cd4000 	C:\Users\39\.openjfx\cache\21.0.2+5\amd64\api-ms-win-crt-runtime-l1-1-0.dll
0x0000022261ce0000 - 0x0000022261ce4000 	C:\Users\39\.openjfx\cache\21.0.2+5\amd64\api-ms-win-crt-stdio-l1-1-0.dll
0x0000022261cf0000 - 0x0000022261cf4000 	C:\Users\39\.openjfx\cache\21.0.2+5\amd64\api-ms-win-crt-string-l1-1-0.dll
0x0000022261d00000 - 0x0000022261d03000 	C:\Users\39\.openjfx\cache\21.0.2+5\amd64\api-ms-win-crt-time-l1-1-0.dll
0x0000022261d10000 - 0x0000022261d13000 	C:\Users\39\.openjfx\cache\21.0.2+5\amd64\api-ms-win-crt-utility-l1-1-0.dll
0x00007ffce4060000 - 0x00007ffce415c000 	C:\Users\39\.openjfx\cache\21.0.2+5\amd64\ucrtbase.dll
0x00007ffd2ca90000 - 0x00007ffd2caab000 	C:\Users\39\.openjfx\cache\21.0.2+5\amd64\vcruntime140.dll
0x00007ffd3fe80000 - 0x00007ffd3fe8c000 	C:\Users\39\.openjfx\cache\21.0.2+5\amd64\vcruntime140_1.dll
0x00007ffd0b4b0000 - 0x00007ffd0b53e000 	C:\Users\39\.openjfx\cache\21.0.2+5\amd64\msvcp140.dll
0x00007ffd3f590000 - 0x00007ffd3f599000 	C:\Users\39\.openjfx\cache\21.0.2+5\amd64\msvcp140_1.dll
0x00007ffd1c0c0000 - 0x00007ffd1c101000 	C:\Users\39\.openjfx\cache\21.0.2+5\amd64\msvcp140_2.dll
0x00007ffd1c000000 - 0x00007ffd1c030000 	C:\Users\39\.openjfx\cache\21.0.2+5\amd64\prism_d3d.dll
0x00007ffd3f5e0000 - 0x00007ffd3f7b1000 	C:\Windows\system32\d3d9.dll
0x00007ffd442e0000 - 0x00007ffd4430f000 	C:\Windows\SYSTEM32\dwmapi.dll
0x00007ffd44070000 - 0x00007ffd4410e000 	C:\Windows\system32\uxtheme.dll
0x00007ffce4610000 - 0x00007ffce4775000 	C:\Windows\System32\DriverStore\FileRepository\iigd_dch.inf_amd64_4b31d9b38e2bb506\igdumdim64.dll
0x00007ffd470f0000 - 0x00007ffd4721b000 	C:\Windows\System32\ole32.dll
0x00007ffcb49e0000 - 0x00007ffcb866b000 	C:\Windows\System32\DriverStore\FileRepository\iigd_dch.inf_amd64_4b31d9b38e2bb506\igd9dxva64.dll
0x00007ffd48120000 - 0x00007ffd48591000 	C:\Windows\System32\SETUPAPI.dll
0x00007ffd46890000 - 0x00007ffd468de000 	C:\Windows\System32\cfgmgr32.dll
0x00007ffd3ac00000 - 0x00007ffd3af36000 	C:\Windows\System32\DriverStore\FileRepository\iigd_dch.inf_amd64_4b31d9b38e2bb506\igdgmm64.dll
0x00007ffd1bfb0000 - 0x00007ffd1bff2000 	C:\Users\39\.openjfx\cache\21.0.2+5\amd64\glass.dll
0x00007ffd48800000 - 0x00007ffd488da000 	C:\Windows\System32\COMDLG32.dll
0x00007ffd47330000 - 0x00007ffd47445000 	C:\Windows\System32\MSCTF.dll
0x00007ffd30990000 - 0x00007ffd309b7000 	C:\Windows\System32\DriverStore\FileRepository\iigd_dch.inf_amd64_4b31d9b38e2bb506\igdinfo64.dll
0x00007ffd46020000 - 0x00007ffd46038000 	C:\Windows\SYSTEM32\CRYPTSP.dll
0x00007ffd45740000 - 0x00007ffd45778000 	C:\Windows\system32\rsaenh.dll
0x00007ffd46010000 - 0x00007ffd4601c000 	C:\Windows\SYSTEM32\CRYPTBASE.dll
0x00007ffd347e0000 - 0x00007ffd3756f000 	C:\Windows\System32\DriverStore\FileRepository\iigd_dch.inf_amd64_4b31d9b38e2bb506\igc64.dll
0x00007ffd3b970000 - 0x00007ffd3b9ab000 	C:\Windows\SYSTEM32\dxcore.dll
0x00007ffd45b40000 - 0x00007ffd45c0a000 	C:\Windows\SYSTEM32\DNSAPI.dll
0x00007ffd45b00000 - 0x00007ffd45b3b000 	C:\Windows\SYSTEM32\IPHLPAPI.DLL
0x00007ffd48fd0000 - 0x00007ffd48fd8000 	C:\Windows\System32\NSI.dll
0x00007ffd3e4a0000 - 0x00007ffd3e4aa000 	C:\Windows\System32\rasadhlp.dll
0x00007ffd39820000 - 0x00007ffd398a0000 	C:\Windows\System32\fwpuclnt.dll
0x00007ffd3f210000 - 0x00007ffd3f219000 	C:\Users\39\.jdks\jbr-17.0.12-1\bin\extnet.dll
0x00007ffd3f100000 - 0x00007ffd3f110000 	C:\Users\39\.jdks\jbr-17.0.12-1\bin\verify.dll
0x00007ffd19630000 - 0x00007ffd19644000 	C:\Users\39\.openjfx\cache\21.0.2+5\amd64\javafx_font.dll
0x00007ffd342d0000 - 0x00007ffd3454f000 	C:\Windows\SYSTEM32\dwrite.dll
0x00007ffce3620000 - 0x00007ffce37ba000 	C:\Users\39\.jdks\jbr-17.0.12-1\bin\awt.dll
0x00007ffd0a3b0000 - 0x00007ffd0a3f4000 	C:\Users\39\.jdks\jbr-17.0.12-1\bin\nvdaControllerClient64.dll
0x00007ffd42020000 - 0x00007ffd420b4000 	C:\Windows\SYSTEM32\apphelp.dll
0x00007ffce4780000 - 0x00007ffce4807000 	C:\Users\39\.jdks\jbr-17.0.12-1\bin\freetype.dll
0x00007ffce2f40000 - 0x00007ffce3025000 	C:\Users\39\.jdks\jbr-17.0.12-1\bin\fontmanager.dll
0x00007ffd48750000 - 0x00007ffd487f9000 	C:\Windows\System32\clbcatq.dll

dbghelp: loaded successfully - version: 4.0.5 - missing functions: none
symbol engine: initialized successfully - sym options: 0x614 - pdb path: .;C:\Users\39\.jdks\jbr-17.0.12-1\bin;C:\Windows\SYSTEM32;C:\Windows\WinSxS\amd64_microsoft.windows.common-controls_6595b64144ccf1df_6.0.19041.4355_none_60b8b9eb71f62e16;C:\Users\39\.jdks\jbr-17.0.12-1\bin\server;C:\Users\39\.openjfx\cache\21.0.2+5\amd64;C:\Windows\System32\DriverStore\FileRepository\iigd_dch.inf_amd64_4b31d9b38e2bb506;C:\Program Files\Common Files\Microsoft Shared\Ink

VM Arguments:
jvm_args: --module-path=C:\Users\39\.m2\repository\org\openjfx\javafx-base\21.0.2\javafx-base-21.0.2-win.jar;C:\Users\39\.m2\repository\org\openjfx\javafx-base\21.0.2\javafx-base-21.0.2.jar;C:\Users\39\.m2\repository\org\openjfx\javafx-controls\21.0.2\javafx-controls-21.0.2-win.jar;C:\Users\39\.m2\repository\org\openjfx\javafx-controls\21.0.2\javafx-controls-21.0.2.jar;C:\Users\39\.m2\repository\org\openjfx\javafx-fxml\21.0.2\javafx-fxml-21.0.2-win.jar;C:\Users\39\.m2\repository\org\openjfx\javafx-fxml\21.0.2\javafx-fxml-21.0.2.jar;C:\Users\39\.m2\repository\org\openjfx\javafx-graphics\21.0.2\javafx-graphics-21.0.2-win.jar;C:\Users\39\.m2\repository\org\openjfx\javafx-graphics\21.0.2\javafx-graphics-21.0.2.jar;C:\Users\39\.m2\repository\org\openjfx\javafx-media\21.0.2\javafx-media-21.0.2-win.jar;C:\Users\39\.m2\repository\org\openjfx\javafx-media\21.0.2\javafx-media-21.0.2.jar;C:\Users\39\.m2\repository\org\openjfx\javafx-swing\21.0.2\javafx-swing-21.0.2-win.jar;C:\Users\39\.m2\repository\org\openjfx\javafx-swing\21.0.2\javafx-swing-21.0.2.jar;C:\Users\39\.m2\repository\org\openjfx\javafx-web\21.0.2\javafx-web-21.0.2-win.jar;C:\Users\39\.m2\repository\org\openjfx\javafx-web\21.0.2\javafx-web-21.0.2.jar --add-modules=javafx.base,javafx.controls,javafx.fxml,javafx.graphics,javafx.media,javafx.swing,javafx.web 
java_command: org.gymify.tests.MainApp
java_class_path (initial): C:\Users\39\Documents\GitHub\DevAthletes\DevAthletes\gymify\target\classes;C:\Users\39\.m2\repository\com\fasterxml\jackson\core\jackson-annotations\2.15.2\jackson-annotations-2.15.2.jar;C:\Users\39\.m2\repository\com\fasterxml\jackson\core\jackson-core\2.13.3\jackson-core-2.13.3.jar;C:\Users\39\.m2\repository\com\fasterxml\jackson\core\jackson-databind\2.15.2\jackson-databind-2.15.2.jar;C:\Users\39\.m2\repository\com\fasterxml\woodstox\woodstox-core\5.1.0\woodstox-core-5.1.0.jar;C:\Users\39\.m2\repository\com\google\api-client\google-api-client\2.0.0\google-api-client-2.0.0.jar;C:\Users\39\.m2\repository\com\google\apis\google-api-services-calendar\v3-rev20220715-2.0.0\google-api-services-calendar-v3-rev20220715-2.0.0.jar;C:\Users\39\.m2\repository\com\google\code\findbugs\jsr305\3.0.2\jsr305-3.0.2.jar;C:\Users\39\.m2\repository\com\google\code\gson\gson\2.10.1\gson-2.10.1.jar;C:\Users\39\.m2\repository\com\google\errorprone\error_prone_annotations\2.11.0\error_prone_annotations-2.11.0.jar;C:\Users\39\.m2\repository\com\google\guava\failureaccess\1.0.1\failureaccess-1.0.1.jar;C:\Users\39\.m2\repository\com\google\guava\guava\31.1-jre\guava-31.1-jre.jar;C:\Users\39\.m2\repository\com\google\guava\listenablefuture\9999.0-empty-to-avoid-conflict-with-guava\listenablefuture-9999.0-empty-to-avoid-conflict-with-guava.jar;C:\Users\39\.m2\repository\com\google\http-client\google-http-client\1.42.0\google-http-client-1.42.0.jar;C:\Users\39\.m2\repository\com\google\http-client\google-http-client-apache-v2\1.42.1\google-http-client-apache-v2-1.42.1.jar;C:\Users\39\.m2\repository\com\google\http-client\google-http-client-gson\1.42.1\google-http-client-gson-1.42.1.jar;C:\Users\39\.m2\repository\com\google\http-client\google-http-client-jackson2\1.42.0\google-http-client-jackson2-1.42.0.jar;C:\Users\39\.m2\repository\com\google\j2objc\j2objc-annotations\1.3\j2objc-annotations-1.3.jar;C:\Users\39\.m2\repository\com\google\oauth-client\google-oauth-cl
Launcher Type: SUN_STANDARD

[Global flags]
     intx CICompilerCount                          = 4                                         {product} {ergonomic}
     uint ConcGCThreads                            = 2                                         {product} {ergonomic}
     uint G1ConcRefinementThreads                  = 8                                         {product} {ergonomic}
   size_t G1HeapRegionSize                         = 1048576                                   {product} {ergonomic}
    uintx GCDrainStackTargetSize                   = 64                                        {product} {ergonomic}
   size_t InitialHeapSize                          = 65011712                                  {product} {ergonomic}
   size_t MarkStackSize                            = 4194304                                   {product} {ergonomic}
   size_t MaxHeapSize                              = 1031798784                                {product} {ergonomic}
   size_t MaxNewSize                               = 618659840                                 {product} {ergonomic}
   size_t MinHeapDeltaBytes                        = 1048576                                   {product} {ergonomic}
   size_t MinHeapSize                              = 8388608                                   {product} {ergonomic}
    uintx NonNMethodCodeHeapSize                   = 5839372                                {pd product} {ergonomic}
    uintx NonProfiledCodeHeapSize                  = 122909434                              {pd product} {ergonomic}
    uintx ProfiledCodeHeapSize                     = 122909434                              {pd product} {ergonomic}
    uintx ReservedCodeCacheSize                    = 251658240                              {pd product} {ergonomic}
     bool SegmentedCodeCache                       = true                                      {product} {ergonomic}
   size_t SoftMaxHeapSize                          = 1031798784                             {manageable} {ergonomic}
     bool UseCompressedClassPointers               = true                           {product lp64_product} {ergonomic}
     bool UseCompressedOops                        = true                           {product lp64_product} {ergonomic}
     bool UseG1GC                                  = true                                      {product} {ergonomic}
     bool UseLargePagesIndividualAllocation        = false                                  {pd product} {ergonomic}

Logging:
Log output configuration:
 #0: stdout all=warning uptime,level,tags
 #1: stderr all=off uptime,level,tags

Environment Variables:
PATH=C:\oraclexe\app\oracle\product\11.2.0\server\bin;C:\Users\39\.jdks\jbr-17.0.12-1\bin;C:\Program Files (x86)\VMware\VMware Workstation\bin\;C:\Users\39\.jdks\jbr-17.0.12\bin;C:\Windows\system32;C:\Windows;C:\Windows\System32\Wbem;C:\Windows\System32\WindowsPowerShell\v1.0\;C:\Windows\System32\OpenSSH\;C:\xampp\php;C:\composer;C:\Program Files\Git\cmd;C:\Program Files (x86)\CodeBlocks\MinGW\bin;C:\Program Files (x86)\GnuWin32\bin;C:\Program Files\Apache\Maven\apache-maven-3.8.8\bin;C:\wkhtmltopdf\bin;C:\oraclexe\app\oracle\product\11.2.0\server\bin;C:\Users\39\.jdks\jbr-17.0.12-1\bin;C:\Program Files (x86)\VMware\VMware Workstation\bin\;C:\Users\39\.jdks\jbr-17.0.12\bin;C:\Windows\system32;C:\Windows;C:\Windows\System32\Wbem;C:\Windows\System32\WindowsPowerShell\v1.0\;C:\Windows\System32\OpenSSH\;C:\xampp\php;C:\composer;C:\Program Files\Git\cmd;C:\Program Files (x86)\CodeBlocks\MinGW\bin;C:\Program Files (x86)\GnuWin32\bin;C:\Program Files\Apache\Maven\apache-maven-3.8.8\bin;C:\wkhtmltopdf\bin;C:\Users\39\scoop\shims;C:\Users\39\AppData\Local\Microsoft\WindowsApps;C:\Users\39\AppData\Roaming\Composer\vendor\bin;C:\Users\39\AppData\Local\Programs\Microsoft VS Code\bin;C:\Users\39\AppData\Local\GitHubDesktop\bin;C:\nginx-1.25.3
USERNAME=39
OS=Windows_NT
PROCESSOR_IDENTIFIER=Intel64 Family 6 Model 142 Stepping 12, GenuineIntel
TMP=C:\Users\39\AppData\Local\Temp
TEMP=C:\Users\39\AppData\Local\Temp



Periodic native trim disabled

JNI global refs:
JNI global refs: 110, weak refs: 10

JNI global refs memory usage: 1475, weak refs: 841

Process memory usage:
Resident Set Size: 275204K (6% of 4024112K total physical memory with 226088K free physical memory)

OOME stack traces (most recent first):
Classloader memory used:
Loader jdk.internal.loader.ClassLoaders$AppClassLoader                                 : 2317K
Loader bootstrap                                                                       : 1184K
Loader jdk.internal.loader.ClassLoaders$PlatformClassLoader                            : 49847B
Loader jdk.internal.reflect.DelegatingClassLoader                                      : 12504B
Loader com.sun.javafx.reflect.MethodUtil                                               : 510B


---------------  S Y S T E M  ---------------

OS:
 Windows 10 , 64 bit Build 19041 (10.0.19041.5678)
OS uptime: 2 days 15:55 hours

CPU: total 8 (initial active 8) (4 cores per cpu, 2 threads per core) family 6 model 142 stepping 12 microcode 0xde, cx8, cmov, fxsr, ht, mmx, 3dnowpref, sse, sse2, sse3, ssse3, sse4.1, sse4.2, popcnt, lzcnt, tsc, tscinvbit, avx, avx2, aes, erms, clmul, bmi1, bmi2, adx, fma, vzeroupper, clflush, clflushopt
Processor Information for all 8 processors :
  Max Mhz: 2112, Current Mhz: 1609, Mhz Limit: 1605

Memory: 4k page, system-wide physical 3929M (220M free)
TotalPageFile size 16217M (AvailPageFile size 52M)
current process WorkingSet (physical memory assigned to process): 269M, peak: 269M
current process commit charge ("private bytes"): 398M, peak: 519M

vm_info: OpenJDK 64-Bit Server VM (17.0.12+1-b1207.37) for windows-amd64 JRE (17.0.12+1-b1207.37), built on 2024-09-25 by "builduser" with MS VC++ 16.10 / 16.11 (VS2019)

END.
