#
# There is insufficient memory for the Java Runtime Environment to continue.
# Native memory allocation (malloc) failed to allocate 32744 bytes. Error detail: ChunkPool::allocate
# Possible reasons:
#   The system is out of physical RAM or swap space
#   This process is running with CompressedOops enabled, and the Java Heap may be blocking the growth of the native heap
# Possible solutions:
#   Reduce memory load on the system
#   Increase physical memory or swap space
#   Check if swap backing store is full
#   Decrease Java heap size (-Xmx/-Xms)
#   Decrease number of Java threads
#   Decrease Java thread stack sizes (-Xss)
#   Set larger code cache with -XX:ReservedCodeCacheSize=
#   JVM is running with Unscaled Compressed Oops mode in which the Java heap is
#     placed in the first 4GB address space. The Java Heap base address is the
#     maximum limit for the native heap growth. Please use -XX:HeapBaseMinAddress
#     to set the Java Heap base and to place the Java Heap above 4GB virtual address.
# This output file may be truncated or incomplete.
#
#  Out of Memory Error (arena.cpp:79), pid=3064, tid=8724
#
# JRE version: OpenJDK Runtime Environment JBR-17.0.12+1-1207.37-nomod (17.0.12+1) (build 17.0.12+1-b1207.37)
# Java VM: OpenJDK 64-Bit Server VM JBR-17.0.12+1-1207.37-nomod (17.0.12+1-b1207.37, mixed mode, sharing, tiered, compressed oops, compressed class ptrs, g1 gc, windows-amd64)
# No core dump will be written. Minidumps are not enabled by default on client versions of Windows
#

---------------  S U M M A R Y ------------

Command Line: --module-path=C:\Users\39\.m2\repository\org\openjfx\javafx-base\21.0.2\javafx-base-21.0.2-win.jar;C:\Users\39\.m2\repository\org\openjfx\javafx-base\21.0.2\javafx-base-21.0.2.jar;C:\Users\39\.m2\repository\org\openjfx\javafx-controls\21.0.2\javafx-controls-21.0.2-win.jar;C:\Users\39\.m2\repository\org\openjfx\javafx-controls\21.0.2\javafx-controls-21.0.2.jar;C:\Users\39\.m2\repository\org\openjfx\javafx-fxml\21.0.2\javafx-fxml-21.0.2-win.jar;C:\Users\39\.m2\repository\org\openjfx\javafx-fxml\21.0.2\javafx-fxml-21.0.2.jar;C:\Users\39\.m2\repository\org\openjfx\javafx-graphics\21.0.2\javafx-graphics-21.0.2-win.jar;C:\Users\39\.m2\repository\org\openjfx\javafx-graphics\21.0.2\javafx-graphics-21.0.2.jar;C:\Users\39\.m2\repository\org\openjfx\javafx-media\21.0.2\javafx-media-21.0.2-win.jar;C:\Users\39\.m2\repository\org\openjfx\javafx-media\21.0.2\javafx-media-21.0.2.jar;C:\Users\39\.m2\repository\org\openjfx\javafx-swing\17\javafx-swing-17-win.jar;C:\Users\39\.m2\repository\org\openjfx\javafx-swing\17\javafx-swing-17.jar;C:\Users\39\.m2\repository\org\openjfx\javafx-web\21.0.2\javafx-web-21.0.2-win.jar;C:\Users\39\.m2\repository\org\openjfx\javafx-web\21.0.2\javafx-web-21.0.2.jar --add-modules=javafx.base,javafx.controls,javafx.fxml,javafx.graphics,javafx.media,javafx.swing,javafx.swing,javafx.web org.gymify.tests.MainApp

Host: Intel(R) Core(TM) i5-10210U CPU @ 1.60GHz, 8 cores, 3G,  Windows 10 , 64 bit Build 19041 (10.0.19041.5438)
Time: Wed Mar  5 17:49:29 2025 Paris, Madrid elapsed time: 0.914641 seconds (0d 0h 0m 0s)

---------------  T H R E A D  ---------------

Current thread (0x00000213413a1c40):  JavaThread "C2 CompilerThread0" daemon [_thread_in_native, id=8724, stack(0x0000009e6a100000,0x0000009e6a200000)]


Current CompileTask:
C2:    914 1064       4       jdk.internal.org.objectweb.asm.ByteVector::putUTF8 (144 bytes)

Stack: [0x0000009e6a100000,0x0000009e6a200000]
Native frames: (J=compiled Java code, j=interpreted, Vv=VM code, C=native code)
V  [jvm.dll+0x689d89]


---------------  P R O C E S S  ---------------

Threads class SMR info:
_java_thread_list=0x00000213875be260, length=18, elements={
0x0000021329a40c80, 0x0000021341384390, 0x00000213413849d0, 0x000002134139c580,
0x000002134139ca60, 0x000002134139cf40, 0x000002134139d420, 0x00000213413a1c40,
0x00000213413a4220, 0x00000213413a5750, 0x000002134137ca00, 0x0000021341828890,
0x00000213417b6d80, 0x000002138734e9f0, 0x00000213873412b0, 0x00000213873ac800,
0x0000021387387e60, 0x000002138744f8e0
}

Java Threads: ( => current thread )
  0x0000021329a40c80 JavaThread "main" [_thread_blocked, id=18032, stack(0x0000009e69400000,0x0000009e69500000)]
  0x0000021341384390 JavaThread "Reference Handler" daemon [_thread_blocked, id=22040, stack(0x0000009e69b00000,0x0000009e69c00000)]
  0x00000213413849d0 JavaThread "Finalizer" daemon [_thread_blocked, id=21596, stack(0x0000009e69c00000,0x0000009e69d00000)]
  0x000002134139c580 JavaThread "Signal Dispatcher" daemon [_thread_blocked, id=11904, stack(0x0000009e69d00000,0x0000009e69e00000)]
  0x000002134139ca60 JavaThread "Attach Listener" daemon [_thread_blocked, id=11860, stack(0x0000009e69e00000,0x0000009e69f00000)]
  0x000002134139cf40 JavaThread "Service Thread" daemon [_thread_blocked, id=11844, stack(0x0000009e69f00000,0x0000009e6a000000)]
  0x000002134139d420 JavaThread "Monitor Deflation Thread" daemon [_thread_blocked, id=2304, stack(0x0000009e6a000000,0x0000009e6a100000)]
=>0x00000213413a1c40 JavaThread "C2 CompilerThread0" daemon [_thread_in_native, id=8724, stack(0x0000009e6a100000,0x0000009e6a200000)]
  0x00000213413a4220 JavaThread "C1 CompilerThread0" daemon [_thread_blocked, id=19352, stack(0x0000009e6a200000,0x0000009e6a300000)]
  0x00000213413a5750 JavaThread "Sweeper thread" daemon [_thread_blocked, id=18076, stack(0x0000009e6a300000,0x0000009e6a400000)]
  0x000002134137ca00 JavaThread "Common-Cleaner" daemon [_thread_blocked, id=16900, stack(0x0000009e6a400000,0x0000009e6a500000)]
  0x0000021341828890 JavaThread "Notification Thread" daemon [_thread_blocked, id=13052, stack(0x0000009e6a500000,0x0000009e6a600000)]
  0x00000213417b6d80 JavaThread "QuantumRenderer-0" daemon [_thread_blocked, id=21248, stack(0x0000009e6a700000,0x0000009e6a800000)]
  0x000002138734e9f0 JavaThread "InvokeLaterDispatcher" daemon [_thread_blocked, id=7864, stack(0x0000009e6a800000,0x0000009e6a900000)]
  0x00000213873412b0 JavaThread "JavaFX Application Thread" [_thread_in_vm, id=16272, stack(0x0000009e6a900000,0x0000009e6aa00000)]
  0x00000213873ac800 JavaThread "JavaFX-Launcher" [_thread_blocked, id=17776, stack(0x0000009e6ab00000,0x0000009e6ac00000)]
  0x0000021387387e60 JavaThread "Thread-2" daemon [_thread_in_native, id=6120, stack(0x0000009e6aa00000,0x0000009e6ab00000)]
  0x000002138744f8e0 JavaThread "mysql-cj-abandoned-connection-cleanup" daemon [_thread_blocked, id=13408, stack(0x0000009e6b100000,0x0000009e6b200000)]

Other Threads:
  0x0000021329afe3e0 VMThread "VM Thread" [stack: 0x0000009e69a00000,0x0000009e69b00000] [id=6192]
  0x000002134172c3f0 WatcherThread [stack: 0x0000009e6a600000,0x0000009e6a700000] [id=17932]
  0x0000021329a7e0b0 GCTaskThread "GC Thread#0" [stack: 0x0000009e69500000,0x0000009e69600000] [id=5140]
  0x00000213873221b0 GCTaskThread "GC Thread#1" [stack: 0x0000009e6ac00000,0x0000009e6ad00000] [id=19336]
  0x000002138738e6b0 GCTaskThread "GC Thread#2" [stack: 0x0000009e6ad00000,0x0000009e6ae00000] [id=15304]
  0x00000213874c3da0 GCTaskThread "GC Thread#3" [stack: 0x0000009e6ae00000,0x0000009e6af00000] [id=15852]
  0x0000021387607840 GCTaskThread "GC Thread#4" [stack: 0x0000009e6af00000,0x0000009e6b000000] [id=14424]
  0x0000021387607b00 GCTaskThread "GC Thread#5" [stack: 0x0000009e6b000000,0x0000009e6b100000] [id=9028]
  0x0000021329a86a10 ConcurrentGCThread "G1 Main Marker" [stack: 0x0000009e69600000,0x0000009e69700000] [id=16204]
  0x0000021329a87340 ConcurrentGCThread "G1 Conc#0" [stack: 0x0000009e69700000,0x0000009e69800000] [id=13168]
  0x0000021329addc10 ConcurrentGCThread "G1 Refine#0" [stack: 0x0000009e69800000,0x0000009e69900000] [id=17344]
  0x0000021329ae2080 ConcurrentGCThread "G1 Service" [stack: 0x0000009e69900000,0x0000009e69a00000] [id=14888]

Threads with active compile tasks:
C2 CompilerThread0      936 1064       4       jdk.internal.org.objectweb.asm.ByteVector::putUTF8 (144 bytes)

VM state: not at safepoint (normal execution)

VM Mutex/Monitor currently owned by a thread: None

Heap address: 0x00000000c2800000, size: 984 MB, Compressed Oops mode: 32-bit

CDS archive(s) mapped at: [0x0000021342000000-0x0000021342c00000-0x0000021342c00000), size 12582912, SharedBaseAddress: 0x0000021342000000, ArchiveRelocationMode: 1.
Compressed class space mapped at: 0x0000021343000000-0x0000021383000000, reserved size: 1073741824
Narrow klass base: 0x0000021342000000, Narrow klass shift: 0, Narrow klass range: 0x100000000

GC Precious Log:
 CPUs: 8 total, 8 available
 Memory: 3929M
 Large Page Support: Disabled
 NUMA Support: Disabled
 Compressed Oops: Enabled (32-bit)
 Heap Region Size: 1M
 Heap Min Capacity: 8M
 Heap Initial Capacity: 62M
 Heap Max Capacity: 984M
 Pre-touch: Disabled
 Parallel Workers: 8
 Concurrent Workers: 2
 Concurrent Refinement Workers: 8
 Periodic GC: Disabled

Heap:
 garbage-first heap   total 63488K, used 6958K [0x00000000c2800000, 0x0000000100000000)
  region size 1024K, 7 young (7168K), 3 survivors (3072K)
 Metaspace       used 5932K, committed 6144K, reserved 1114112K
  class space    used 704K, committed 832K, reserved 1048576K

Heap Regions: E=young(eden), S=young(survivor), O=old, HS=humongous(starts), HC=humongous(continues), CS=collection set, F=free, OA=open archive, CA=closed archive, TAMS=top-at-mark-start (previous, next)
|   0|0x00000000c2800000, 0x00000000c28cb800, 0x00000000c2900000| 79%| O|  |TAMS 0x00000000c2800000, 0x00000000c2800000| Untracked 
|   1|0x00000000c2900000, 0x00000000c2900000, 0x00000000c2a00000|  0%| F|  |TAMS 0x00000000c2900000, 0x00000000c2900000| Untracked 
|   2|0x00000000c2a00000, 0x00000000c2a00000, 0x00000000c2b00000|  0%| F|  |TAMS 0x00000000c2a00000, 0x00000000c2a00000| Untracked 
|   3|0x00000000c2b00000, 0x00000000c2b00000, 0x00000000c2c00000|  0%| F|  |TAMS 0x00000000c2b00000, 0x00000000c2b00000| Untracked 
|   4|0x00000000c2c00000, 0x00000000c2c00000, 0x00000000c2d00000|  0%| F|  |TAMS 0x00000000c2c00000, 0x00000000c2c00000| Untracked 
|   5|0x00000000c2d00000, 0x00000000c2d00000, 0x00000000c2e00000|  0%| F|  |TAMS 0x00000000c2d00000, 0x00000000c2d00000| Untracked 
|   6|0x00000000c2e00000, 0x00000000c2e00000, 0x00000000c2f00000|  0%| F|  |TAMS 0x00000000c2e00000, 0x00000000c2e00000| Untracked 
|   7|0x00000000c2f00000, 0x00000000c2f00000, 0x00000000c3000000|  0%| F|  |TAMS 0x00000000c2f00000, 0x00000000c2f00000| Untracked 
|   8|0x00000000c3000000, 0x00000000c3000000, 0x00000000c3100000|  0%| F|  |TAMS 0x00000000c3000000, 0x00000000c3000000| Untracked 
|   9|0x00000000c3100000, 0x00000000c3100000, 0x00000000c3200000|  0%| F|  |TAMS 0x00000000c3100000, 0x00000000c3100000| Untracked 
|  10|0x00000000c3200000, 0x00000000c3200000, 0x00000000c3300000|  0%| F|  |TAMS 0x00000000c3200000, 0x00000000c3200000| Untracked 
|  11|0x00000000c3300000, 0x00000000c3300000, 0x00000000c3400000|  0%| F|  |TAMS 0x00000000c3300000, 0x00000000c3300000| Untracked 
|  12|0x00000000c3400000, 0x00000000c3400000, 0x00000000c3500000|  0%| F|  |TAMS 0x00000000c3400000, 0x00000000c3400000| Untracked 
|  13|0x00000000c3500000, 0x00000000c3500000, 0x00000000c3600000|  0%| F|  |TAMS 0x00000000c3500000, 0x00000000c3500000| Untracked 
|  14|0x00000000c3600000, 0x00000000c3600000, 0x00000000c3700000|  0%| F|  |TAMS 0x00000000c3600000, 0x00000000c3600000| Untracked 
|  15|0x00000000c3700000, 0x00000000c3700000, 0x00000000c3800000|  0%| F|  |TAMS 0x00000000c3700000, 0x00000000c3700000| Untracked 
|  16|0x00000000c3800000, 0x00000000c3800000, 0x00000000c3900000|  0%| F|  |TAMS 0x00000000c3800000, 0x00000000c3800000| Untracked 
|  17|0x00000000c3900000, 0x00000000c3900000, 0x00000000c3a00000|  0%| F|  |TAMS 0x00000000c3900000, 0x00000000c3900000| Untracked 
|  18|0x00000000c3a00000, 0x00000000c3a00000, 0x00000000c3b00000|  0%| F|  |TAMS 0x00000000c3a00000, 0x00000000c3a00000| Untracked 
|  19|0x00000000c3b00000, 0x00000000c3b00000, 0x00000000c3c00000|  0%| F|  |TAMS 0x00000000c3b00000, 0x00000000c3b00000| Untracked 
|  20|0x00000000c3c00000, 0x00000000c3c00000, 0x00000000c3d00000|  0%| F|  |TAMS 0x00000000c3c00000, 0x00000000c3c00000| Untracked 
|  21|0x00000000c3d00000, 0x00000000c3d00000, 0x00000000c3e00000|  0%| F|  |TAMS 0x00000000c3d00000, 0x00000000c3d00000| Untracked 
|  22|0x00000000c3e00000, 0x00000000c3e00000, 0x00000000c3f00000|  0%| F|  |TAMS 0x00000000c3e00000, 0x00000000c3e00000| Untracked 
|  23|0x00000000c3f00000, 0x00000000c3f00000, 0x00000000c4000000|  0%| F|  |TAMS 0x00000000c3f00000, 0x00000000c3f00000| Untracked 
|  24|0x00000000c4000000, 0x00000000c4000000, 0x00000000c4100000|  0%| F|  |TAMS 0x00000000c4000000, 0x00000000c4000000| Untracked 
|  25|0x00000000c4100000, 0x00000000c4100000, 0x00000000c4200000|  0%| F|  |TAMS 0x00000000c4100000, 0x00000000c4100000| Untracked 
|  26|0x00000000c4200000, 0x00000000c4200000, 0x00000000c4300000|  0%| F|  |TAMS 0x00000000c4200000, 0x00000000c4200000| Untracked 
|  27|0x00000000c4300000, 0x00000000c4300000, 0x00000000c4400000|  0%| F|  |TAMS 0x00000000c4300000, 0x00000000c4300000| Untracked 
|  28|0x00000000c4400000, 0x00000000c4400000, 0x00000000c4500000|  0%| F|  |TAMS 0x00000000c4400000, 0x00000000c4400000| Untracked 
|  29|0x00000000c4500000, 0x00000000c4500000, 0x00000000c4600000|  0%| F|  |TAMS 0x00000000c4500000, 0x00000000c4500000| Untracked 
|  30|0x00000000c4600000, 0x00000000c4600000, 0x00000000c4700000|  0%| F|  |TAMS 0x00000000c4600000, 0x00000000c4600000| Untracked 
|  31|0x00000000c4700000, 0x00000000c4700000, 0x00000000c4800000|  0%| F|  |TAMS 0x00000000c4700000, 0x00000000c4700000| Untracked 
|  32|0x00000000c4800000, 0x00000000c4800000, 0x00000000c4900000|  0%| F|  |TAMS 0x00000000c4800000, 0x00000000c4800000| Untracked 
|  33|0x00000000c4900000, 0x00000000c4900000, 0x00000000c4a00000|  0%| F|  |TAMS 0x00000000c4900000, 0x00000000c4900000| Untracked 
|  34|0x00000000c4a00000, 0x00000000c4a00000, 0x00000000c4b00000|  0%| F|  |TAMS 0x00000000c4a00000, 0x00000000c4a00000| Untracked 
|  35|0x00000000c4b00000, 0x00000000c4b00000, 0x00000000c4c00000|  0%| F|  |TAMS 0x00000000c4b00000, 0x00000000c4b00000| Untracked 
|  36|0x00000000c4c00000, 0x00000000c4d00000, 0x00000000c4d00000|100%| S|CS|TAMS 0x00000000c4c00000, 0x00000000c4c00000| Complete 
|  37|0x00000000c4d00000, 0x00000000c4e00000, 0x00000000c4e00000|100%| S|CS|TAMS 0x00000000c4d00000, 0x00000000c4d00000| Complete 
|  38|0x00000000c4e00000, 0x00000000c4f00000, 0x00000000c4f00000|100%| S|CS|TAMS 0x00000000c4e00000, 0x00000000c4e00000| Complete 
|  39|0x00000000c4f00000, 0x00000000c4f00000, 0x00000000c5000000|  0%| F|  |TAMS 0x00000000c4f00000, 0x00000000c4f00000| Untracked 
|  40|0x00000000c5000000, 0x00000000c5000000, 0x00000000c5100000|  0%| F|  |TAMS 0x00000000c5000000, 0x00000000c5000000| Untracked 
|  41|0x00000000c5100000, 0x00000000c5100000, 0x00000000c5200000|  0%| F|  |TAMS 0x00000000c5100000, 0x00000000c5100000| Untracked 
|  42|0x00000000c5200000, 0x00000000c5200000, 0x00000000c5300000|  0%| F|  |TAMS 0x00000000c5200000, 0x00000000c5200000| Untracked 
|  43|0x00000000c5300000, 0x00000000c5300000, 0x00000000c5400000|  0%| F|  |TAMS 0x00000000c5300000, 0x00000000c5300000| Untracked 
|  44|0x00000000c5400000, 0x00000000c5400000, 0x00000000c5500000|  0%| F|  |TAMS 0x00000000c5400000, 0x00000000c5400000| Untracked 
|  45|0x00000000c5500000, 0x00000000c5500000, 0x00000000c5600000|  0%| F|  |TAMS 0x00000000c5500000, 0x00000000c5500000| Untracked 
|  46|0x00000000c5600000, 0x00000000c5600000, 0x00000000c5700000|  0%| F|  |TAMS 0x00000000c5600000, 0x00000000c5600000| Untracked 
|  47|0x00000000c5700000, 0x00000000c5700000, 0x00000000c5800000|  0%| F|  |TAMS 0x00000000c5700000, 0x00000000c5700000| Untracked 
|  48|0x00000000c5800000, 0x00000000c5800000, 0x00000000c5900000|  0%| F|  |TAMS 0x00000000c5800000, 0x00000000c5800000| Untracked 
|  49|0x00000000c5900000, 0x00000000c5900000, 0x00000000c5a00000|  0%| F|  |TAMS 0x00000000c5900000, 0x00000000c5900000| Untracked 
|  50|0x00000000c5a00000, 0x00000000c5a00000, 0x00000000c5b00000|  0%| F|  |TAMS 0x00000000c5a00000, 0x00000000c5a00000| Untracked 
|  51|0x00000000c5b00000, 0x00000000c5b00000, 0x00000000c5c00000|  0%| F|  |TAMS 0x00000000c5b00000, 0x00000000c5b00000| Untracked 
|  52|0x00000000c5c00000, 0x00000000c5c00000, 0x00000000c5d00000|  0%| F|  |TAMS 0x00000000c5c00000, 0x00000000c5c00000| Untracked 
|  53|0x00000000c5d00000, 0x00000000c5d00000, 0x00000000c5e00000|  0%| F|  |TAMS 0x00000000c5d00000, 0x00000000c5d00000| Untracked 
|  54|0x00000000c5e00000, 0x00000000c5e00000, 0x00000000c5f00000|  0%| F|  |TAMS 0x00000000c5e00000, 0x00000000c5e00000| Untracked 
|  55|0x00000000c5f00000, 0x00000000c5f00000, 0x00000000c6000000|  0%| F|  |TAMS 0x00000000c5f00000, 0x00000000c5f00000| Untracked 
|  56|0x00000000c6000000, 0x00000000c6000000, 0x00000000c6100000|  0%| F|  |TAMS 0x00000000c6000000, 0x00000000c6000000| Untracked 
|  57|0x00000000c6100000, 0x00000000c6100000, 0x00000000c6200000|  0%| F|  |TAMS 0x00000000c6100000, 0x00000000c6100000| Untracked 
|  58|0x00000000c6200000, 0x00000000c6300000, 0x00000000c6300000|100%| E|  |TAMS 0x00000000c6200000, 0x00000000c6200000| Complete 
|  59|0x00000000c6300000, 0x00000000c6400000, 0x00000000c6400000|100%| E|CS|TAMS 0x00000000c6300000, 0x00000000c6300000| Complete 
|  60|0x00000000c6400000, 0x00000000c6500000, 0x00000000c6500000|100%| E|CS|TAMS 0x00000000c6400000, 0x00000000c6400000| Complete 
|  61|0x00000000c6500000, 0x00000000c6600000, 0x00000000c6600000|100%| E|CS|TAMS 0x00000000c6500000, 0x00000000c6500000| Complete 

Card table byte_map: [0x000002133c740000,0x000002133c930000] _byte_map_base: 0x000002133c12c000

Marking Bits (Prev, Next): (CMBitMap*) 0x0000021329a7e5e0, (CMBitMap*) 0x0000021329a7e620
 Prev Bits: [0x000002133cb20000, 0x000002133da80000)
 Next Bits: [0x000002133da80000, 0x000002133e9e0000)

Polling page: 0x0000021327930000

Metaspace:

Usage:
  Non-class:      5.10 MB used.
      Class:    704.88 KB used.
       Both:      5.79 MB used.

Virtual space:
  Non-class space:       64.00 MB reserved,       5.19 MB (  8%) committed,  1 nodes.
      Class space:        1.00 GB reserved,     832.00 KB ( <1%) committed,  1 nodes.
             Both:        1.06 GB reserved,       6.00 MB ( <1%) committed. 

Chunk freelists:
   Non-Class:  8.89 MB
       Class:  15.22 MB
        Both:  24.11 MB

MaxMetaspaceSize: unlimited
CompressedClassSpaceSize: 1.00 GB
Initial GC threshold: 21.00 MB
Current GC threshold: 21.00 MB
CDS: on
MetaspaceReclaimPolicy: balanced
 - commit_granule_bytes: 65536.
 - commit_granule_words: 8192.
 - virtual_space_node_default_size: 8388608.
 - enlarge_chunks_in_place: 1.
 - new_chunks_are_fully_committed: 0.
 - uncommit_free_chunks: 1.
 - use_allocation_guard: 0.
 - handle_deallocations: 1.


Internal statistics:

num_allocs_failed_limit: 0.
num_arena_births: 100.
num_arena_deaths: 0.
num_vsnodes_births: 2.
num_vsnodes_deaths: 0.
num_space_committed: 96.
num_space_uncommitted: 0.
num_chunks_returned_to_freelist: 0.
num_chunks_taken_from_freelist: 284.
num_chunk_merges: 0.
num_chunk_splits: 188.
num_chunks_enlarged: 131.
num_inconsistent_stats: 0.

CodeHeap 'non-profiled nmethods': size=120000Kb used=336Kb max_used=336Kb free=119664Kb
 bounds [0x0000021334cf0000, 0x0000021334f60000, 0x000002133c220000]
CodeHeap 'profiled nmethods': size=120000Kb used=1750Kb max_used=1750Kb free=118249Kb
 bounds [0x000002132d220000, 0x000002132d490000, 0x0000021334750000]
CodeHeap 'non-nmethods': size=5760Kb used=1187Kb max_used=1187Kb free=4572Kb
 bounds [0x0000021334750000, 0x00000213349c0000, 0x0000021334cf0000]
 total_blobs=1537 nmethods=1068 adapters=380
 compilation: enabled
              stopped_count=0, restarted_count=0
 full_count=0

Compilation events (20 events):
Event: 0.896 Thread 0x00000213413a4220 nmethod 1060 0x000002132d3c2790 code [0x000002132d3c2920, 0x000002132d3c2ab8]
Event: 0.896 Thread 0x00000213413a4220 1061       3       java.util.regex.Pattern::peek (26 bytes)
Event: 0.896 Thread 0x00000213413a4220 nmethod 1061 0x000002132d3c2b90 code [0x000002132d3c2d40, 0x000002132d3c2fa8]
Event: 0.896 Thread 0x00000213413a4220 1058       3       java.util.ArrayList$Itr::<init> (26 bytes)
Event: 0.896 Thread 0x00000213413a4220 nmethod 1058 0x000002132d3c3110 code [0x000002132d3c32a0, 0x000002132d3c3478]
Event: 0.897 Thread 0x00000213413a1c40 nmethod 1053% 0x0000021334d43110 code [0x0000021334d432a0, 0x0000021334d437d8]
Event: 0.897 Thread 0x00000213413a1c40 1062       4       java.lang.Object::<init> (1 bytes)
Event: 0.897 Thread 0x00000213413a1c40 nmethod 1062 0x0000021334d43a10 code [0x0000021334d43b80, 0x0000021334d43c38]
Event: 0.897 Thread 0x00000213413a1c40 1055       4       jdk.internal.org.objectweb.asm.ClassReader::readUnsignedShort (26 bytes)
Event: 0.898 Thread 0x00000213413a1c40 nmethod 1055 0x0000021334d43d10 code [0x0000021334d43e80, 0x0000021334d43f58]
Event: 0.900 Thread 0x00000213413a4220 1063       3       jdk.internal.access.SharedSecrets::javaUtilJarAccess (19 bytes)
Event: 0.901 Thread 0x00000213413a4220 nmethod 1063 0x000002132d3c3590 code [0x000002132d3c3780, 0x000002132d3c3b48]
Event: 0.903 Thread 0x00000213413a1c40 1064       4       jdk.internal.org.objectweb.asm.ByteVector::putUTF8 (144 bytes)
Event: 0.903 Thread 0x00000213413a4220 1065       3       java.lang.invoke.MethodType::changeReturnType (20 bytes)
Event: 0.903 Thread 0x00000213413a4220 nmethod 1065 0x000002132d3c3d10 code [0x000002132d3c3ec0, 0x000002132d3c4088]
Event: 0.903 Thread 0x00000213413a4220 1066       3       java.lang.invoke.MethodHandles$Lookup::checkSecurityManager (97 bytes)
Event: 0.904 Thread 0x00000213413a4220 nmethod 1066 0x000002132d3c4110 code [0x000002132d3c4420, 0x000002132d3c5438]
Event: 0.904 Thread 0x00000213413a4220 1067       3       sun.net.www.protocol.file.Handler::parseURL (18 bytes)
Event: 0.904 Thread 0x00000213413a4220 nmethod 1067 0x000002132d3c5990 code [0x000002132d3c5b40, 0x000002132d3c5cf8]
Event: 0.904 Thread 0x00000213413a4220 1068       3       java.net.URLStreamHandler::parseURL (1201 bytes)

GC Heap History (2 events):
Event: 0.807 GC heap before
{Heap before GC invocations=0 (full 0):
 garbage-first heap   total 63488K, used 22528K [0x00000000c2800000, 0x0000000100000000)
  region size 1024K, 23 young (23552K), 0 survivors (0K)
 Metaspace       used 4588K, committed 4736K, reserved 1114112K
  class space    used 559K, committed 640K, reserved 1048576K
}
Event: 0.811 GC heap after
{Heap after GC invocations=1 (full 0):
 garbage-first heap   total 63488K, used 3886K [0x00000000c2800000, 0x0000000100000000)
  region size 1024K, 3 young (3072K), 3 survivors (3072K)
 Metaspace       used 4588K, committed 4736K, reserved 1114112K
  class space    used 559K, committed 640K, reserved 1048576K
}

Dll operation events (2 events):
Event: 0.005 Loaded shared library C:\Users\39\.jdks\jbr-17.0.12-1\bin\java.dll
Event: 0.020 Loaded shared library C:\Users\39\.jdks\jbr-17.0.12-1\bin\jsvml.dll

Deoptimization events (20 events):
Event: 0.656 Thread 0x0000021329a40c80 DEOPT PACKING pc=0x000002132d29e4c9 sp=0x0000009e694fd320
Event: 0.656 Thread 0x0000021329a40c80 DEOPT UNPACKING pc=0x00000213347a7143 sp=0x0000009e694fc830 mode 0
Event: 0.665 Thread 0x00000213873412b0 Uncommon trap: trap_request=0xffffff45 fr.pc=0x0000021334d20fb0 relative=0x0000000000000270
Event: 0.665 Thread 0x00000213873412b0 Uncommon trap: reason=unstable_if action=reinterpret pc=0x0000021334d20fb0 method=java.lang.invoke.VarHandle.checkExactAccessMode(Ljava/lang/invoke/VarHandle$AccessDescriptor;)V @ 4 c2
Event: 0.665 Thread 0x00000213873412b0 DEOPT PACKING pc=0x0000021334d20fb0 sp=0x0000009e6a9fe860
Event: 0.665 Thread 0x00000213873412b0 DEOPT UNPACKING pc=0x00000213347a69a3 sp=0x0000009e6a9fe7d0 mode 2
Event: 0.667 Thread 0x00000213417b6d80 Uncommon trap: trap_request=0xffffff45 fr.pc=0x0000021334d226b8 relative=0x0000000000000198
Event: 0.667 Thread 0x00000213417b6d80 Uncommon trap: reason=unstable_if action=reinterpret pc=0x0000021334d226b8 method=java.lang.invoke.VarHandle.checkExactAccessMode(Ljava/lang/invoke/VarHandle$AccessDescriptor;)V @ 4 c2
Event: 0.667 Thread 0x00000213417b6d80 DEOPT PACKING pc=0x0000021334d226b8 sp=0x0000009e6a7ff230
Event: 0.667 Thread 0x00000213417b6d80 DEOPT UNPACKING pc=0x00000213347a69a3 sp=0x0000009e6a7ff210 mode 2
Event: 0.755 Thread 0x00000213873412b0 DEOPT PACKING pc=0x000002132d29d494 sp=0x0000009e6a9f9da0
Event: 0.755 Thread 0x00000213873412b0 DEOPT UNPACKING pc=0x00000213347a7143 sp=0x0000009e6a9f9238 mode 0
Event: 0.769 Thread 0x00000213873412b0 Uncommon trap: trap_request=0xffffff45 fr.pc=0x0000021334d36d44 relative=0x0000000000000684
Event: 0.769 Thread 0x00000213873412b0 Uncommon trap: reason=unstable_if action=reinterpret pc=0x0000021334d36d44 method=java.util.zip.ZipFile$Source.checkAndAddEntry(II)I @ 128 c2
Event: 0.769 Thread 0x00000213873412b0 DEOPT PACKING pc=0x0000021334d36d44 sp=0x0000009e6a9fd040
Event: 0.769 Thread 0x00000213873412b0 DEOPT UNPACKING pc=0x00000213347a69a3 sp=0x0000009e6a9fcfb0 mode 2
Event: 0.769 Thread 0x00000213873412b0 Uncommon trap: trap_request=0xffffff45 fr.pc=0x0000021334d31fb4 relative=0x0000000000000e54
Event: 0.769 Thread 0x00000213873412b0 Uncommon trap: reason=unstable_if action=reinterpret pc=0x0000021334d31fb4 method=java.util.zip.ZipFile.getZipEntry(Ljava/lang/String;I)Ljava/util/zip/ZipEntry; @ 224 c2
Event: 0.769 Thread 0x00000213873412b0 DEOPT PACKING pc=0x0000021334d31fb4 sp=0x0000009e6a9fd170
Event: 0.769 Thread 0x00000213873412b0 DEOPT UNPACKING pc=0x00000213347a69a3 sp=0x0000009e6a9fd138 mode 2

Classes loaded (20 events):
Event: 0.895 Loading class java/io/UnsupportedEncodingException done
Event: 0.895 Loading class java/util/regex/Pattern$Neg
Event: 0.895 Loading class java/util/regex/Pattern$Neg done
Event: 0.897 Loading class java/nio/charset/UnsupportedCharsetException
Event: 0.897 Loading class java/nio/charset/UnsupportedCharsetException done
Event: 0.897 Loading class java/net/URLDecoder
Event: 0.898 Loading class java/net/URLDecoder done
Event: 0.898 Loading class java/net/URLEncoder
Event: 0.898 Loading class java/net/URLEncoder done
Event: 0.898 Loading class java/util/BitSet
Event: 0.898 Loading class java/util/BitSet done
Event: 0.907 Loading class java/io/StringWriter
Event: 0.907 Loading class java/io/StringWriter done
Event: 0.907 Loading class java/lang/InstantiationException
Event: 0.907 Loading class java/lang/InstantiationException done
Event: 0.909 Loading class java/util/MissingResourceException
Event: 0.909 Loading class java/util/MissingResourceException done
Event: 0.909 Loading class java/util/ResourceBundle$ResourceBundleControlProviderHolder
Event: 0.909 Loading class java/util/ResourceBundle$ResourceBundleControlProviderHolder done
Event: 0.910 Loading class java/util/spi/ResourceBundleControlProvider

Classes unloaded (0 events):
No events

Classes redefined (0 events):
No events

Internal exceptions (11 events):
Event: 0.145 Thread 0x0000021329a40c80 Exception <a 'java/lang/NoSuchMethodError'{0x00000000c5ed1fa0}: 'java.lang.Object java.lang.invoke.DirectMethodHandle$Holder.invokeStaticInit(java.lang.Object)'> (0x00000000c5ed1fa0) 
thrown [s\src\hotspot\share\interpreter\linkResolver.cpp, line 771]
Event: 0.147 Thread 0x0000021329a40c80 Exception <a 'java/lang/NoSuchMethodError'{0x00000000c5ed9b80}: 'void java.lang.invoke.DirectMethodHandle$Holder.invokeStatic(java.lang.Object, java.lang.Object)'> (0x00000000c5ed9b80) 
thrown [s\src\hotspot\share\interpreter\linkResolver.cpp, line 771]
Event: 0.515 Thread 0x0000021329a40c80 Exception <a 'java/lang/NoSuchMethodError'{0x00000000c58d2500}: 'void java.lang.invoke.DirectMethodHandle$Holder.invokeSpecial(java.lang.Object, java.lang.Object, java.lang.Object)'> (0x00000000c58d2500) 
thrown [s\src\hotspot\share\interpreter\linkResolver.cpp, line 771]
Event: 0.525 Thread 0x0000021329a40c80 Exception <a 'java/lang/NoSuchMethodError'{0x00000000c570bae8}: 'void java.lang.invoke.DirectMethodHandle$Holder.invokeStatic(java.lang.Object, java.lang.Object, java.lang.Object)'> (0x00000000c570bae8) 
thrown [s\src\hotspot\share\interpreter\linkResolver.cpp, line 771]
Event: 0.614 Thread 0x0000021329a40c80 Exception <a 'java/lang/NoSuchMethodError'{0x00000000c57286b0}: 'int java.lang.invoke.DirectMethodHandle$Holder.invokeStaticInit(java.lang.Object, java.lang.Object, java.lang.Object)'> (0x00000000c57286b0) 
thrown [s\src\hotspot\share\interpreter\linkResolver.cpp, line 771]
Event: 0.656 Thread 0x0000021329a40c80 Exception <a 'java/lang/NoSuchMethodError'{0x00000000c565bd78}: 'java.lang.Object java.lang.invoke.DirectMethodHandle$Holder.newInvokeSpecial(java.lang.Object, java.lang.Object, int, java.lang.Object)'> (0x00000000c565bd78) 
thrown [s\src\hotspot\share\interpreter\linkResolver.cpp, line 771]
Event: 0.656 Thread 0x0000021329a40c80 Exception <a 'java/lang/NoSuchMethodError'{0x00000000c5660158}: 'java.lang.Object java.lang.invoke.DirectMethodHandle$Holder.invokeSpecial(java.lang.Object, java.lang.Object, java.lang.Object, int, java.lang.Object)'> (0x00000000c5660158) 
thrown [s\src\hotspot\share\interpreter\linkResolver.cpp, line 771]
Event: 0.710 Thread 0x00000213873412b0 Exception <a 'java/lang/NoSuchMethodError'{0x00000000c55f9138}: 'void java.lang.invoke.DirectMethodHandle$Holder.invokeStaticInit(java.lang.Object)'> (0x00000000c55f9138) 
thrown [s\src\hotspot\share\interpreter\linkResolver.cpp, line 771]
Event: 0.714 Thread 0x0000021329a40c80 Exception <a 'java/lang/NoSuchMethodError'{0x00000000c56751e8}: 'java.lang.Object java.lang.invoke.DirectMethodHandle$Holder.newInvokeSpecial(java.lang.Object, java.lang.Object, java.lang.Object, java.lang.Object, java.lang.Object, java.lang.Object)'> (0x00000000c56751e8) 
thrown [s\src\hotspot\share\interpreter\linkResolver.cpp, line 771]
Event: 0.720 Thread 0x0000021329a40c80 Exception <a 'java/lang/NoSuchMethodError'{0x00000000c54a5e70}: 'java.lang.Object java.lang.invoke.DirectMethodHandle$Holder.newInvokeSpecial(java.lang.Object, java.lang.Object, java.lang.Object, java.lang.Object, java.lang.Object)'> (0x00000000c54a5e70) 
thrown [s\src\hotspot\share\interpreter\linkResolver.cpp, line 771]
Event: 0.721 Thread 0x00000213873ac800 Exception <a 'java/lang/NoSuchMethodError'{0x00000000c54f1720}: 'void java.lang.invoke.DirectMethodHandle$Holder.invokeStatic(java.lang.Object, java.lang.Object, java.lang.Object, java.lang.Object)'> (0x00000000c54f1720) 
thrown [s\src\hotspot\share\interpreter\linkResolver.cpp, line 771]

VM Operations (14 events):
Event: 0.086 Executing VM operation: HandshakeAllThreads
Event: 0.087 Executing VM operation: HandshakeAllThreads done
Event: 0.128 Executing VM operation: HandshakeAllThreads
Event: 0.128 Executing VM operation: HandshakeAllThreads done
Event: 0.629 Executing VM operation: HandshakeAllThreads
Event: 0.629 Executing VM operation: HandshakeAllThreads done
Event: 0.771 Executing VM operation: HandshakeAllThreads
Event: 0.771 Executing VM operation: HandshakeAllThreads done
Event: 0.791 Executing VM operation: HandshakeAllThreads
Event: 0.791 Executing VM operation: HandshakeAllThreads done
Event: 0.807 Executing VM operation: G1CollectForAllocation
Event: 0.811 Executing VM operation: G1CollectForAllocation done
Event: 0.889 Executing VM operation: HandshakeAllThreads
Event: 0.889 Executing VM operation: HandshakeAllThreads done

Events (20 events):
Event: 0.379 Loaded shared library C:\Users\39\.openjfx\cache\21.0.2+5\amd64\api-ms-win-crt-runtime-l1-1-0.dll
Event: 0.383 Loaded shared library C:\Users\39\.openjfx\cache\21.0.2+5\amd64\api-ms-win-crt-stdio-l1-1-0.dll
Event: 0.387 Loaded shared library C:\Users\39\.openjfx\cache\21.0.2+5\amd64\api-ms-win-crt-string-l1-1-0.dll
Event: 0.390 Loaded shared library C:\Users\39\.openjfx\cache\21.0.2+5\amd64\api-ms-win-crt-time-l1-1-0.dll
Event: 0.394 Loaded shared library C:\Users\39\.openjfx\cache\21.0.2+5\amd64\api-ms-win-crt-utility-l1-1-0.dll
Event: 0.439 Loaded shared library C:\Users\39\.openjfx\cache\21.0.2+5\amd64\ucrtbase.dll
Event: 0.443 Loaded shared library C:\Users\39\.openjfx\cache\21.0.2+5\amd64\vcruntime140.dll
Event: 0.446 Loaded shared library C:\Users\39\.openjfx\cache\21.0.2+5\amd64\vcruntime140_1.dll
Event: 0.470 Loaded shared library C:\Users\39\.openjfx\cache\21.0.2+5\amd64\msvcp140.dll
Event: 0.474 Loaded shared library C:\Users\39\.openjfx\cache\21.0.2+5\amd64\msvcp140_1.dll
Event: 0.482 Loaded shared library C:\Users\39\.openjfx\cache\21.0.2+5\amd64\msvcp140_2.dll
Event: 0.526 Thread 0x00000213417b6d80 Thread added: 0x00000213417b6d80
Event: 0.547 Loaded shared library C:\Users\39\.openjfx\cache\21.0.2+5\amd64\prism_d3d.dll
Event: 0.652 Loaded shared library C:\Users\39\.openjfx\cache\21.0.2+5\amd64\glass.dll
Event: 0.654 Thread 0x000002138734e9f0 Thread added: 0x000002138734e9f0
Event: 0.658 Thread 0x00000213873412b0 Thread added: 0x00000213873412b0
Event: 0.721 Thread 0x00000213873ac800 Thread added: 0x00000213873ac800
Event: 0.731 Thread 0x0000021387387e60 Thread added: 0x0000021387387e60
Event: 0.748 Loaded shared library C:\Users\39\.jdks\jbr-17.0.12-1\bin\jimage.dll
Event: 0.889 Thread 0x000002138744f8e0 Thread added: 0x000002138744f8e0


Dynamic libraries:
0x00007ff6d8660000 - 0x00007ff6d866a000 	C:\Users\39\.jdks\jbr-17.0.12-1\bin\java.exe
0x00007ffab2050000 - 0x00007ffab2248000 	C:\Windows\SYSTEM32\ntdll.dll
0x00007ffab0bc0000 - 0x00007ffab0c82000 	C:\Windows\System32\KERNEL32.DLL
0x00007ffaafa20000 - 0x00007ffaafd1f000 	C:\Windows\System32\KERNELBASE.dll
0x00007ffaaf920000 - 0x00007ffaafa20000 	C:\Windows\System32\ucrtbase.dll
0x00007ffaa7cc0000 - 0x00007ffaa7cd7000 	C:\Users\39\.jdks\jbr-17.0.12-1\bin\jli.dll
0x00007ffaa7c60000 - 0x00007ffaa7c7b000 	C:\Users\39\.jdks\jbr-17.0.12-1\bin\VCRUNTIME140.dll
0x00007ffab0190000 - 0x00007ffab032d000 	C:\Windows\System32\USER32.dll
0x00007ffaaff30000 - 0x00007ffaaff52000 	C:\Windows\System32\win32u.dll
0x00007ffaaed70000 - 0x00007ffaaf00a000 	C:\Windows\WinSxS\amd64_microsoft.windows.common-controls_6595b64144ccf1df_6.0.19041.4355_none_60b8b9eb71f62e16\COMCTL32.dll
0x00007ffab0890000 - 0x00007ffab08bb000 	C:\Windows\System32\GDI32.dll
0x00007ffaaf6f0000 - 0x00007ffaaf80a000 	C:\Windows\System32\gdi32full.dll
0x00007ffab08c0000 - 0x00007ffab095e000 	C:\Windows\System32\msvcrt.dll
0x00007ffaaff60000 - 0x00007ffaafffd000 	C:\Windows\System32\msvcp_win.dll
0x00007ffab1f70000 - 0x00007ffab1f9f000 	C:\Windows\System32\IMM32.DLL
0x00007ffaaa5a0000 - 0x00007ffaaa5ac000 	C:\Users\39\.jdks\jbr-17.0.12-1\bin\vcruntime140_1.dll
0x00007ffaa2810000 - 0x00007ffaa289d000 	C:\Users\39\.jdks\jbr-17.0.12-1\bin\msvcp140.dll
0x00007ffa4b3c0000 - 0x00007ffa4c04a000 	C:\Users\39\.jdks\jbr-17.0.12-1\bin\server\jvm.dll
0x00007ffab0330000 - 0x00007ffab03df000 	C:\Windows\System32\ADVAPI32.dll
0x00007ffab1860000 - 0x00007ffab18ff000 	C:\Windows\System32\sechost.dll
0x00007ffab1e40000 - 0x00007ffab1f63000 	C:\Windows\System32\RPCRT4.dll
0x00007ffaaf810000 - 0x00007ffaaf837000 	C:\Windows\System32\bcrypt.dll
0x00007ffab1fa0000 - 0x00007ffab200b000 	C:\Windows\System32\WS2_32.dll
0x00007ffa9b820000 - 0x00007ffa9b847000 	C:\Windows\SYSTEM32\WINMM.dll
0x00007ffaaf260000 - 0x00007ffaaf2ab000 	C:\Windows\SYSTEM32\POWRPROF.dll
0x00007ffaac050000 - 0x00007ffaac05a000 	C:\Windows\SYSTEM32\VERSION.dll
0x00007ffaaf010000 - 0x00007ffaaf022000 	C:\Windows\SYSTEM32\UMPDC.dll
0x00007ffaac760000 - 0x00007ffaac772000 	C:\Windows\SYSTEM32\kernel.appcore.dll
0x00007ffaa9df0000 - 0x00007ffaa9dfa000 	C:\Users\39\.jdks\jbr-17.0.12-1\bin\jimage.dll
0x00007ffaaf070000 - 0x00007ffaaf254000 	C:\Windows\SYSTEM32\DBGHELP.DLL
0x00007ffaaf030000 - 0x00007ffaaf064000 	C:\Windows\SYSTEM32\dbgcore.DLL
0x00007ffaaf840000 - 0x00007ffaaf8c2000 	C:\Windows\System32\bcryptPrimitives.dll
0x00007ffaa72f0000 - 0x00007ffaa7315000 	C:\Users\39\.jdks\jbr-17.0.12-1\bin\java.dll
0x00007ffa749b0000 - 0x00007ffa74a87000 	C:\Users\39\.jdks\jbr-17.0.12-1\bin\jsvml.dll
0x00007ffab0e90000 - 0x00007ffab15fd000 	C:\Windows\System32\SHELL32.dll
0x00007ffaac9a0000 - 0x00007ffaad144000 	C:\Windows\SYSTEM32\windows.storage.dll
0x00007ffab1ae0000 - 0x00007ffab1e35000 	C:\Windows\System32\combase.dll
0x00007ffaae990000 - 0x00007ffaae9bf000 	C:\Windows\SYSTEM32\Wldp.dll
0x00007ffab1990000 - 0x00007ffab1a5d000 	C:\Windows\System32\OLEAUT32.dll
0x00007ffab17b0000 - 0x00007ffab185d000 	C:\Windows\System32\SHCORE.dll
0x00007ffab00d0000 - 0x00007ffab0125000 	C:\Windows\System32\shlwapi.dll
0x00007ffaaf620000 - 0x00007ffaaf644000 	C:\Windows\SYSTEM32\profapi.dll
0x00007ffaa71d0000 - 0x00007ffaa71e9000 	C:\Users\39\.jdks\jbr-17.0.12-1\bin\net.dll
0x00007ffaa58e0000 - 0x00007ffaa59ea000 	C:\Windows\SYSTEM32\WINHTTP.dll
0x00007ffaae710000 - 0x00007ffaae77c000 	C:\Windows\system32\mswsock.dll
0x00007ffaa71b0000 - 0x00007ffaa71c6000 	C:\Users\39\.jdks\jbr-17.0.12-1\bin\nio.dll
0x00007ffaa71f0000 - 0x00007ffaa7208000 	C:\Users\39\.jdks\jbr-17.0.12-1\bin\zip.dll
0x0000021329990000 - 0x0000021329993000 	C:\Users\39\.openjfx\cache\21.0.2+5\amd64\api-ms-win-core-console-l1-1-0.dll
0x00000213299a0000 - 0x00000213299a3000 	C:\Users\39\.openjfx\cache\21.0.2+5\amd64\api-ms-win-core-console-l1-2-0.dll
0x00000213299b0000 - 0x00000213299b3000 	C:\Users\39\.openjfx\cache\21.0.2+5\amd64\api-ms-win-core-datetime-l1-1-0.dll
0x00000213299c0000 - 0x00000213299c3000 	C:\Users\39\.openjfx\cache\21.0.2+5\amd64\api-ms-win-core-debug-l1-1-0.dll
0x00000213299d0000 - 0x00000213299d3000 	C:\Users\39\.openjfx\cache\21.0.2+5\amd64\api-ms-win-core-errorhandling-l1-1-0.dll
0x00000213299e0000 - 0x00000213299e4000 	C:\Users\39\.openjfx\cache\21.0.2+5\amd64\api-ms-win-core-file-l1-1-0.dll
0x00000213299f0000 - 0x00000213299f3000 	C:\Users\39\.openjfx\cache\21.0.2+5\amd64\api-ms-win-core-file-l1-2-0.dll
0x0000021341ab0000 - 0x0000021341ab3000 	C:\Users\39\.openjfx\cache\21.0.2+5\amd64\api-ms-win-core-file-l2-1-0.dll
0x0000021341ac0000 - 0x0000021341ac3000 	C:\Users\39\.openjfx\cache\21.0.2+5\amd64\api-ms-win-core-handle-l1-1-0.dll
0x0000021341ad0000 - 0x0000021341ad3000 	C:\Users\39\.openjfx\cache\21.0.2+5\amd64\api-ms-win-core-heap-l1-1-0.dll
0x0000021341ae0000 - 0x0000021341ae3000 	C:\Users\39\.openjfx\cache\21.0.2+5\amd64\api-ms-win-core-interlocked-l1-1-0.dll
0x0000021341af0000 - 0x0000021341af3000 	C:\Users\39\.openjfx\cache\21.0.2+5\amd64\api-ms-win-core-libraryloader-l1-1-0.dll
0x0000021341b00000 - 0x0000021341b03000 	C:\Users\39\.openjfx\cache\21.0.2+5\amd64\api-ms-win-core-localization-l1-2-0.dll
0x0000021341b10000 - 0x0000021341b13000 	C:\Users\39\.openjfx\cache\21.0.2+5\amd64\api-ms-win-core-memory-l1-1-0.dll
0x0000021341b20000 - 0x0000021341b23000 	C:\Users\39\.openjfx\cache\21.0.2+5\amd64\api-ms-win-core-namedpipe-l1-1-0.dll
0x0000021341b30000 - 0x0000021341b33000 	C:\Users\39\.openjfx\cache\21.0.2+5\amd64\api-ms-win-core-processenvironment-l1-1-0.dll
0x0000021341b40000 - 0x0000021341b43000 	C:\Users\39\.openjfx\cache\21.0.2+5\amd64\api-ms-win-core-processthreads-l1-1-0.dll
0x0000021341b50000 - 0x0000021341b53000 	C:\Users\39\.openjfx\cache\21.0.2+5\amd64\api-ms-win-core-processthreads-l1-1-1.dll
0x0000021341b60000 - 0x0000021341b63000 	C:\Users\39\.openjfx\cache\21.0.2+5\amd64\api-ms-win-core-profile-l1-1-0.dll
0x0000021341b70000 - 0x0000021341b73000 	C:\Users\39\.openjfx\cache\21.0.2+5\amd64\api-ms-win-core-rtlsupport-l1-1-0.dll
0x0000021341b80000 - 0x0000021341b83000 	C:\Users\39\.openjfx\cache\21.0.2+5\amd64\api-ms-win-core-string-l1-1-0.dll
0x0000021341b90000 - 0x0000021341b93000 	C:\Users\39\.openjfx\cache\21.0.2+5\amd64\api-ms-win-core-synch-l1-1-0.dll
0x0000021341ba0000 - 0x0000021341ba3000 	C:\Users\39\.openjfx\cache\21.0.2+5\amd64\api-ms-win-core-synch-l1-2-0.dll
0x0000021341bb0000 - 0x0000021341bb3000 	C:\Users\39\.openjfx\cache\21.0.2+5\amd64\api-ms-win-core-sysinfo-l1-1-0.dll
0x0000021341bc0000 - 0x0000021341bc3000 	C:\Users\39\.openjfx\cache\21.0.2+5\amd64\api-ms-win-core-timezone-l1-1-0.dll
0x0000021341bd0000 - 0x0000021341bd3000 	C:\Users\39\.openjfx\cache\21.0.2+5\amd64\api-ms-win-core-util-l1-1-0.dll
0x0000021341be0000 - 0x0000021341be3000 	C:\Users\39\.openjfx\cache\21.0.2+5\amd64\api-ms-win-crt-conio-l1-1-0.dll
0x0000021341bf0000 - 0x0000021341bf4000 	C:\Users\39\.openjfx\cache\21.0.2+5\amd64\api-ms-win-crt-convert-l1-1-0.dll
0x0000021341c00000 - 0x0000021341c03000 	C:\Users\39\.openjfx\cache\21.0.2+5\amd64\api-ms-win-crt-environment-l1-1-0.dll
0x0000021341c10000 - 0x0000021341c13000 	C:\Users\39\.openjfx\cache\21.0.2+5\amd64\api-ms-win-crt-filesystem-l1-1-0.dll
0x0000021341c20000 - 0x0000021341c23000 	C:\Users\39\.openjfx\cache\21.0.2+5\amd64\api-ms-win-crt-heap-l1-1-0.dll
0x0000021341c30000 - 0x0000021341c33000 	C:\Users\39\.openjfx\cache\21.0.2+5\amd64\api-ms-win-crt-locale-l1-1-0.dll
0x0000021341c40000 - 0x0000021341c45000 	C:\Users\39\.openjfx\cache\21.0.2+5\amd64\api-ms-win-crt-math-l1-1-0.dll
0x0000021341c50000 - 0x0000021341c55000 	C:\Users\39\.openjfx\cache\21.0.2+5\amd64\api-ms-win-crt-multibyte-l1-1-0.dll
0x0000021341c60000 - 0x0000021341c70000 	C:\Users\39\.openjfx\cache\21.0.2+5\amd64\api-ms-win-crt-private-l1-1-0.dll
0x0000021341c70000 - 0x0000021341c73000 	C:\Users\39\.openjfx\cache\21.0.2+5\amd64\api-ms-win-crt-process-l1-1-0.dll
0x0000021341c80000 - 0x0000021341c84000 	C:\Users\39\.openjfx\cache\21.0.2+5\amd64\api-ms-win-crt-runtime-l1-1-0.dll
0x0000021341c90000 - 0x0000021341c94000 	C:\Users\39\.openjfx\cache\21.0.2+5\amd64\api-ms-win-crt-stdio-l1-1-0.dll
0x0000021341ca0000 - 0x0000021341ca4000 	C:\Users\39\.openjfx\cache\21.0.2+5\amd64\api-ms-win-crt-string-l1-1-0.dll
0x0000021341cb0000 - 0x0000021341cb3000 	C:\Users\39\.openjfx\cache\21.0.2+5\amd64\api-ms-win-crt-time-l1-1-0.dll
0x0000021341cc0000 - 0x0000021341cc3000 	C:\Users\39\.openjfx\cache\21.0.2+5\amd64\api-ms-win-crt-utility-l1-1-0.dll
0x00007ffa73d90000 - 0x00007ffa73e8c000 	C:\Users\39\.openjfx\cache\21.0.2+5\amd64\ucrtbase.dll
0x00007ffaa3090000 - 0x00007ffaa30ab000 	C:\Users\39\.openjfx\cache\21.0.2+5\amd64\vcruntime140.dll
0x00007ffaa3080000 - 0x00007ffaa308c000 	C:\Users\39\.openjfx\cache\21.0.2+5\amd64\vcruntime140_1.dll
0x00007ffa9ca90000 - 0x00007ffa9cb1e000 	C:\Users\39\.openjfx\cache\21.0.2+5\amd64\msvcp140.dll
0x00007ffaa2a40000 - 0x00007ffaa2a49000 	C:\Users\39\.openjfx\cache\21.0.2+5\amd64\msvcp140_1.dll
0x00007ffaa29f0000 - 0x00007ffaa2a31000 	C:\Users\39\.openjfx\cache\21.0.2+5\amd64\msvcp140_2.dll
0x00007ffa9ca60000 - 0x00007ffa9ca90000 	C:\Users\39\.openjfx\cache\21.0.2+5\amd64\prism_d3d.dll
0x00007ffaaa180000 - 0x00007ffaaa351000 	C:\Windows\system32\d3d9.dll
0x00007ffaac550000 - 0x00007ffaac57f000 	C:\Windows\SYSTEM32\dwmapi.dll
0x00007ffaac2f0000 - 0x00007ffaac38e000 	C:\Windows\system32\uxtheme.dll
0x00007ffa5d920000 - 0x00007ffa5da85000 	C:\Windows\System32\DriverStore\FileRepository\iigd_dch.inf_amd64_4b31d9b38e2bb506\igdumdim64.dll
0x00007ffab0960000 - 0x00007ffab0a8b000 	C:\Windows\System32\ole32.dll
0x00007ffaa2d10000 - 0x00007ffaa3046000 	C:\Windows\System32\DriverStore\FileRepository\iigd_dch.inf_amd64_4b31d9b38e2bb506\igdgmm64.dll
0x00007ffa9c9b0000 - 0x00007ffa9c9f2000 	C:\Users\39\.openjfx\cache\21.0.2+5\amd64\glass.dll
0x00007ffab0c90000 - 0x00007ffab0d6a000 	C:\Windows\System32\COMDLG32.dll
0x00007ffab0d70000 - 0x00007ffab0e85000 	C:\Windows\System32\MSCTF.dll

dbghelp: loaded successfully - version: 4.0.5 - missing functions: none
symbol engine: initialized successfully - sym options: 0x614 - pdb path: .;C:\Users\39\.jdks\jbr-17.0.12-1\bin;C:\Windows\SYSTEM32;C:\Windows\WinSxS\amd64_microsoft.windows.common-controls_6595b64144ccf1df_6.0.19041.4355_none_60b8b9eb71f62e16;C:\Users\39\.jdks\jbr-17.0.12-1\bin\server;C:\Users\39\.openjfx\cache\21.0.2+5\amd64;C:\Windows\System32\DriverStore\FileRepository\iigd_dch.inf_amd64_4b31d9b38e2bb506

VM Arguments:
jvm_args: --module-path=C:\Users\39\.m2\repository\org\openjfx\javafx-base\21.0.2\javafx-base-21.0.2-win.jar;C:\Users\39\.m2\repository\org\openjfx\javafx-base\21.0.2\javafx-base-21.0.2.jar;C:\Users\39\.m2\repository\org\openjfx\javafx-controls\21.0.2\javafx-controls-21.0.2-win.jar;C:\Users\39\.m2\repository\org\openjfx\javafx-controls\21.0.2\javafx-controls-21.0.2.jar;C:\Users\39\.m2\repository\org\openjfx\javafx-fxml\21.0.2\javafx-fxml-21.0.2-win.jar;C:\Users\39\.m2\repository\org\openjfx\javafx-fxml\21.0.2\javafx-fxml-21.0.2.jar;C:\Users\39\.m2\repository\org\openjfx\javafx-graphics\21.0.2\javafx-graphics-21.0.2-win.jar;C:\Users\39\.m2\repository\org\openjfx\javafx-graphics\21.0.2\javafx-graphics-21.0.2.jar;C:\Users\39\.m2\repository\org\openjfx\javafx-media\21.0.2\javafx-media-21.0.2-win.jar;C:\Users\39\.m2\repository\org\openjfx\javafx-media\21.0.2\javafx-media-21.0.2.jar;C:\Users\39\.m2\repository\org\openjfx\javafx-swing\17\javafx-swing-17-win.jar;C:\Users\39\.m2\repository\org\openjfx\javafx-swing\17\javafx-swing-17.jar;C:\Users\39\.m2\repository\org\openjfx\javafx-web\21.0.2\javafx-web-21.0.2-win.jar;C:\Users\39\.m2\repository\org\openjfx\javafx-web\21.0.2\javafx-web-21.0.2.jar --add-modules=javafx.base,javafx.controls,javafx.fxml,javafx.graphics,javafx.media,javafx.swing,javafx.swing,javafx.web 
java_command: org.gymify.tests.MainApp
java_class_path (initial): C:\Users\39\Documents\GitHub\DevAthletes\DevAthletes\gymify\target\classes;C:\Users\39\.m2\repository\com\fasterxml\jackson\core\jackson-annotations\2.12.7\jackson-annotations-2.12.7.jar;C:\Users\39\.m2\repository\com\fasterxml\jackson\core\jackson-core\2.12.7\jackson-core-2.12.7.jar;C:\Users\39\.m2\repository\com\fasterxml\jackson\core\jackson-databind\2.12.7.1\jackson-databind-2.12.7.1.jar;C:\Users\39\.m2\repository\com\fasterxml\woodstox\woodstox-core\5.1.0\woodstox-core-5.1.0.jar;C:\Users\39\.m2\repository\com\google\protobuf\protobuf-java\3.21.9\protobuf-java-3.21.9.jar;C:\Users\39\.m2\repository\com\mysql\mysql-connector-j\8.0.33\mysql-connector-j-8.0.33.jar;C:\Users\39\.m2\repository\com\sun\mail\javax.mail\1.6.2\javax.mail-1.6.2.jar;C:\Users\39\.m2\repository\commons-logging\commons-logging\1.0.4\commons-logging-1.0.4.jar;C:\Users\39\.m2\repository\de\jensd\fontawesomefx\8.0.1\fontawesomefx-8.0.1.jar;C:\Users\39\.m2\repository\io\jsonwebtoken\jjwt\0.12.0\jjwt-0.12.0.jar;C:\Users\39\.m2\repository\io\jsonwebtoken\jjwt-api\0.12.0\jjwt-api-0.12.0.jar;C:\Users\39\.m2\repository\io\jsonwebtoken\jjwt-impl\0.12.0\jjwt-impl-0.12.0.jar;C:\Users\39\.m2\repository\io\jsonwebtoken\jjwt-jackson\0.12.0\jjwt-jackson-0.12.0.jar;C:\Users\39\.m2\repository\jakarta\activation\jakarta.activation-api\2.1.0\jakarta.activation-api-2.1.0.jar;C:\Users\39\.m2\repository\jakarta\mail\jakarta.mail-api\2.1.0\jakarta.mail-api-2.1.0.jar;C:\Users\39\.m2\repository\javax\activation\activation\1.1\activation-1.1.jar;C:\Users\39\.m2\repository\javax\activation\javax.activation-api\1.2.0\javax.activation-api-1.2.0.jar;C:\Users\39\.m2\repository\javax\mail\javax.mail-api\1.6.2\javax.mail-api-1.6.2.jar;C:\Users\39\.m2\repository\junit\junit\4.13\junit-4.13.jar;C:\Users\39\.m2\repository\net\sf\jpf\jpf\1.5\jpf-1.5.jar;C:\Users\39\.m2\repository\org\apache\commons\commons-compress\1.18\commons-compress-1.18.jar;C:\Users\39\.m2\repository\org\apache\commons\commons-imag
Launcher Type: SUN_STANDARD

[Global flags]
     intx CICompilerCount                          = 4                                         {product} {ergonomic}
     uint ConcGCThreads                            = 2                                         {product} {ergonomic}
     uint G1ConcRefinementThreads                  = 8                                         {product} {ergonomic}
   size_t G1HeapRegionSize                         = 1048576                                   {product} {ergonomic}
    uintx GCDrainStackTargetSize                   = 64                                        {product} {ergonomic}
   size_t InitialHeapSize                          = 65011712                                  {product} {ergonomic}
   size_t MarkStackSize                            = 4194304                                   {product} {ergonomic}
   size_t MaxHeapSize                              = 1031798784                                {product} {ergonomic}
   size_t MaxNewSize                               = 618659840                                 {product} {ergonomic}
   size_t MinHeapDeltaBytes                        = 1048576                                   {product} {ergonomic}
   size_t MinHeapSize                              = 8388608                                   {product} {ergonomic}
    uintx NonNMethodCodeHeapSize                   = 5839372                                {pd product} {ergonomic}
    uintx NonProfiledCodeHeapSize                  = 122909434                              {pd product} {ergonomic}
    uintx ProfiledCodeHeapSize                     = 122909434                              {pd product} {ergonomic}
    uintx ReservedCodeCacheSize                    = 251658240                              {pd product} {ergonomic}
     bool SegmentedCodeCache                       = true                                      {product} {ergonomic}
   size_t SoftMaxHeapSize                          = 1031798784                             {manageable} {ergonomic}
     bool UseCompressedClassPointers               = true                           {product lp64_product} {ergonomic}
     bool UseCompressedOops                        = true                           {product lp64_product} {ergonomic}
     bool UseG1GC                                  = true                                      {product} {ergonomic}
     bool UseLargePagesIndividualAllocation        = false                                  {pd product} {ergonomic}

Logging:
Log output configuration:
 #0: stdout all=warning uptime,level,tags
 #1: stderr all=off uptime,level,tags

Environment Variables:
PATH=C:\oraclexe\app\oracle\product\11.2.0\server\bin;C:\Users\39\.jdks\jbr-17.0.12-1\bin;C:\Program Files (x86)\VMware\VMware Workstation\bin\;C:\Users\39\.jdks\jbr-17.0.12\bin;C:\Windows\system32;C:\Windows;C:\Windows\System32\Wbem;C:\Windows\System32\WindowsPowerShell\v1.0\;C:\Windows\System32\OpenSSH\;C:\xampp\php;C:\composer;C:\Program Files\Git\cmd;C:\Program Files (x86)\CodeBlocks\MinGW\bin;C:\Program Files (x86)\GnuWin32\bin;C:\Program Files\Apache\Maven\apache-maven-3.8.8\bin;C:\Users\39\scoop\shims;C:\Users\39\AppData\Local\Microsoft\WindowsApps;C:\Users\39\AppData\Roaming\Composer\vendor\bin;C:\Users\39\AppData\Local\Programs\Microsoft VS Code\bin;C:\Users\39\AppData\Local\GitHubDesktop\bin
USERNAME=39
OS=Windows_NT
PROCESSOR_IDENTIFIER=Intel64 Family 6 Model 142 Stepping 12, GenuineIntel
TMP=C:\Users\39\AppData\Local\Temp
TEMP=C:\Users\39\AppData\Local\Temp



Periodic native trim disabled

JNI global refs:
JNI global refs: 14, weak refs: 0

JNI global refs memory usage: 843, weak refs: 209

Process memory usage:
Resident Set Size: 86560K (2% of 4024112K total physical memory with 145464K free physical memory)

OOME stack traces (most recent first):
Classloader memory used:
Loader jdk.internal.loader.ClassLoaders$AppClassLoader                                 : 436K
Loader bootstrap                                                                       : 296K
Loader jdk.internal.loader.ClassLoaders$PlatformClassLoader                            : 7922B
Loader jdk.internal.reflect.DelegatingClassLoader                                      : 432B


---------------  S Y S T E M  ---------------

OS:
 Windows 10 , 64 bit Build 19041 (10.0.19041.5438)
OS uptime: 4 days 23:31 hours

CPU: total 8 (initial active 8) (4 cores per cpu, 2 threads per core) family 6 model 142 stepping 12 microcode 0xde, cx8, cmov, fxsr, ht, mmx, 3dnowpref, sse, sse2, sse3, ssse3, sse4.1, sse4.2, popcnt, lzcnt, tsc, tscinvbit, avx, avx2, aes, erms, clmul, bmi1, bmi2, adx, fma, vzeroupper, clflush, clflushopt
Processor Information for all 8 processors :
  Max Mhz: 2112, Current Mhz: 1609, Mhz Limit: 1605

Memory: 4k page, system-wide physical 3929M (142M free)
TotalPageFile size 16217M (AvailPageFile size 1M)
current process WorkingSet (physical memory assigned to process): 84M, peak: 84M
current process commit charge ("private bytes"): 160M, peak: 161M

vm_info: OpenJDK 64-Bit Server VM (17.0.12+1-b1207.37) for windows-amd64 JRE (17.0.12+1-b1207.37), built on 2024-09-25 by "builduser" with MS VC++ 16.10 / 16.11 (VS2019)

END.
