#
# There is insufficient memory for the Java Runtime Environment to continue.
# Native memory allocation (mmap) failed to map 26214400 bytes. Error detail: G1 virtual space
# Possible reasons:
#   The system is out of physical RAM or swap space
#   This process is running with CompressedOops enabled, and the Java Heap may be blocking the growth of the native heap
# Possible solutions:
#   Reduce memory load on the system
#   Increase physical memory or swap space
#   Check if swap backing store is full
#   Decrease Java heap size (-Xmx/-Xms)
#   Decrease number of Java threads
#   Decrease Java thread stack sizes (-Xss)
#   Set larger code cache with -XX:ReservedCodeCacheSize=
#   JVM is running with Unscaled Compressed Oops mode in which the Java heap is
#     placed in the first 4GB address space. The Java Heap base address is the
#     maximum limit for the native heap growth. Please use -XX:HeapBaseMinAddress
#     to set the Java Heap base and to place the Java Heap above 4GB virtual address.
# This output file may be truncated or incomplete.
#
#  Out of Memory Error (os_windows.cpp:3825), pid=3456, tid=14620
#
# JRE version: OpenJDK Runtime Environment JBR-17.0.12+1-1207.37-nomod (17.0.12+1) (build 17.0.12+1-b1207.37)
# Java VM: OpenJDK 64-Bit Server VM JBR-17.0.12+1-1207.37-nomod (17.0.12+1-b1207.37, mixed mode, sharing, tiered, compressed oops, compressed class ptrs, g1 gc, windows-amd64)
# No core dump will be written. Minidumps are not enabled by default on client versions of Windows
#

---------------  S U M M A R Y ------------

Command Line: --module-path=C:\Users\39\.m2\repository\org\openjfx\javafx-base\21.0.2\javafx-base-21.0.2-win.jar;C:\Users\39\.m2\repository\org\openjfx\javafx-base\21.0.2\javafx-base-21.0.2.jar;C:\Users\39\.m2\repository\org\openjfx\javafx-controls\21.0.2\javafx-controls-21.0.2-win.jar;C:\Users\39\.m2\repository\org\openjfx\javafx-controls\21.0.2\javafx-controls-21.0.2.jar;C:\Users\39\.m2\repository\org\openjfx\javafx-fxml\21.0.2\javafx-fxml-21.0.2-win.jar;C:\Users\39\.m2\repository\org\openjfx\javafx-fxml\21.0.2\javafx-fxml-21.0.2.jar;C:\Users\39\.m2\repository\org\openjfx\javafx-graphics\21.0.2\javafx-graphics-21.0.2-win.jar;C:\Users\39\.m2\repository\org\openjfx\javafx-graphics\21.0.2\javafx-graphics-21.0.2.jar;C:\Users\39\.m2\repository\org\openjfx\javafx-media\21.0.2\javafx-media-21.0.2-win.jar;C:\Users\39\.m2\repository\org\openjfx\javafx-media\21.0.2\javafx-media-21.0.2.jar;C:\Users\39\.m2\repository\org\openjfx\javafx-web\21.0.2\javafx-web-21.0.2-win.jar;C:\Users\39\.m2\repository\org\openjfx\javafx-web\21.0.2\javafx-web-21.0.2.jar --add-modules=javafx.base,javafx.controls,javafx.fxml,javafx.graphics,javafx.media,javafx.web org.gymify.tests.MainApp

Host: Intel(R) Core(TM) i5-10210U CPU @ 1.60GHz, 8 cores, 3G,  Windows 10 , 64 bit Build 19041 (10.0.19041.5438)
Time: Sat Mar  1 16:04:38 2025 Paris, Madrid elapsed time: 20.419442 seconds (0d 0h 0m 20s)

---------------  T H R E A D  ---------------

Current thread (0x000001ece9d47ec0):  VMThread "VM Thread" [stack: 0x000000cc9ad00000,0x000000cc9ae00000] [id=14620]

Stack: [0x000000cc9ad00000,0x000000cc9ae00000]
Native frames: (J=compiled Java code, j=interpreted, Vv=VM code, C=native code)
V  [jvm.dll+0x689d89]

VM_Operation (0x000000cc9a9ff2d0): G1PauseRemark, mode: safepoint, requested by thread 0x000001ecd24318e0


---------------  P R O C E S S  ---------------

Threads class SMR info:
_java_thread_list=0x000001ecf8c91fc0, length=21, elements={
0x000001ecd23eba10, 0x000001ece9d4a9d0, 0x000001ece9d4b760, 0x000001ece9d629f0,
0x000001ece9d663e0, 0x000001ece9d66cb0, 0x000001ece9d68590, 0x000001ece9d69da0,
0x000001ece9d6b770, 0x000001ece9d6e090, 0x000001ecee194760, 0x000001ecee191ee0,
0x000001ecee1923f0, 0x000001ecee1914c0, 0x000001ecee194250, 0x000001ecee190fb0,
0x000001ecee1919d0, 0x000001ecee192900, 0x000001ecee193320, 0x000001ecee193830,
0x000001ecf44da370
}

Java Threads: ( => current thread )
  0x000001ecd23eba10 JavaThread "main" [_thread_blocked, id=22052, stack(0x000000cc9a700000,0x000000cc9a800000)]
  0x000001ece9d4a9d0 JavaThread "Reference Handler" daemon [_thread_blocked, id=6456, stack(0x000000cc9ae00000,0x000000cc9af00000)]
  0x000001ece9d4b760 JavaThread "Finalizer" daemon [_thread_blocked, id=1328, stack(0x000000cc9af00000,0x000000cc9b000000)]
  0x000001ece9d629f0 JavaThread "Signal Dispatcher" daemon [_thread_blocked, id=2680, stack(0x000000cc9b000000,0x000000cc9b100000)]
  0x000001ece9d663e0 JavaThread "Attach Listener" daemon [_thread_blocked, id=18844, stack(0x000000cc9b100000,0x000000cc9b200000)]
  0x000001ece9d66cb0 JavaThread "Service Thread" daemon [_thread_blocked, id=15608, stack(0x000000cc9b200000,0x000000cc9b300000)]
  0x000001ece9d68590 JavaThread "Monitor Deflation Thread" daemon [_thread_blocked, id=16988, stack(0x000000cc9b300000,0x000000cc9b400000)]
  0x000001ece9d69da0 JavaThread "C2 CompilerThread0" daemon [_thread_blocked, id=13360, stack(0x000000cc9b400000,0x000000cc9b500000)]
  0x000001ece9d6b770 JavaThread "C1 CompilerThread0" daemon [_thread_blocked, id=18948, stack(0x000000cc9b500000,0x000000cc9b600000)]
  0x000001ece9d6e090 JavaThread "Sweeper thread" daemon [_thread_blocked, id=9800, stack(0x000000cc9b600000,0x000000cc9b700000)]
  0x000001ecee194760 JavaThread "Common-Cleaner" daemon [_thread_blocked, id=18564, stack(0x000000cc9b700000,0x000000cc9b800000)]
  0x000001ecee191ee0 JavaThread "Notification Thread" daemon [_thread_blocked, id=4120, stack(0x000000cc9b800000,0x000000cc9b900000)]
  0x000001ecee1923f0 JavaThread "QuantumRenderer-0" daemon [_thread_blocked, id=20100, stack(0x000000cc9ba00000,0x000000cc9bb00000)]
  0x000001ecee1914c0 JavaThread "InvokeLaterDispatcher" daemon [_thread_blocked, id=10036, stack(0x000000cc9bb00000,0x000000cc9bc00000)]
  0x000001ecee194250 JavaThread "JavaFX Application Thread" [_thread_blocked, id=1064, stack(0x000000cc9bc00000,0x000000cc9bd00000)]
  0x000001ecee190fb0 JavaThread "JavaFX-Launcher" [_thread_blocked, id=5656, stack(0x000000cc9c100000,0x000000cc9c200000)]
  0x000001ecee1919d0 JavaThread "Thread-2" daemon [_thread_blocked, id=14748, stack(0x000000cc9c000000,0x000000cc9c100000)]
  0x000001ecee192900 JavaThread "mysql-cj-abandoned-connection-cleanup" daemon [_thread_blocked, id=14492, stack(0x000000cc9c700000,0x000000cc9c800000)]
  0x000001ecee193320 JavaThread "Prism Font Disposer" daemon [_thread_blocked, id=8444, stack(0x000000cc9cd00000,0x000000cc9ce00000)]
  0x000001ecee193830 JavaThread "Cleaner-0" daemon [_thread_blocked, id=15468, stack(0x000000cc9cf00000,0x000000cc9d000000)]
  0x000001ecf44da370 JavaThread "Keep-Alive-Timer" daemon [_thread_blocked, id=3388, stack(0x000000cc9d500000,0x000000cc9d600000)]

Other Threads:
=>0x000001ece9d47ec0 VMThread "VM Thread" [stack: 0x000000cc9ad00000,0x000000cc9ae00000] [id=14620]
  0x000001ecd23ec420 WatcherThread [stack: 0x000000cc9b900000,0x000000cc9ba00000] [id=17056]
  0x000001ecd2427f70 GCTaskThread "GC Thread#0" [stack: 0x000000cc9a800000,0x000000cc9a900000] [id=14392]
  0x000001eceeb07cb0 GCTaskThread "GC Thread#1" [stack: 0x000000cc9c200000,0x000000cc9c300000] [id=2508]
  0x000001eceeab89d0 GCTaskThread "GC Thread#2" [stack: 0x000000cc9c300000,0x000000cc9c400000] [id=13708]
  0x000001eceebee5f0 GCTaskThread "GC Thread#3" [stack: 0x000000cc9c400000,0x000000cc9c500000] [id=7636]
  0x000001eceeade360 GCTaskThread "GC Thread#4" [stack: 0x000000cc9c500000,0x000000cc9c600000] [id=15956]
  0x000001eceeaf1ad0 GCTaskThread "GC Thread#5" [stack: 0x000000cc9c600000,0x000000cc9c700000] [id=17128]
  0x000001ecf41662a0 GCTaskThread "GC Thread#6" [stack: 0x000000cc9c800000,0x000000cc9c900000] [id=21052]
  0x000001ecf4324860 GCTaskThread "GC Thread#7" [stack: 0x000000cc9c900000,0x000000cc9ca00000] [id=14012]
  0x000001ecd24318e0 ConcurrentGCThread "G1 Main Marker" [stack: 0x000000cc9a900000,0x000000cc9aa00000] [id=15932]
  0x000001ecd2432210 ConcurrentGCThread "G1 Conc#0" [stack: 0x000000cc9aa00000,0x000000cc9ab00000] [id=16432]
  0x000001ecf4320580 ConcurrentGCThread "G1 Conc#1" [stack: 0x000000cc9d000000,0x000000cc9d100000] [id=21824]
  0x000001ecd2488460 ConcurrentGCThread "G1 Refine#0" [stack: 0x000000cc9ab00000,0x000000cc9ac00000] [id=4004]
  0x000001ecd2488da0 ConcurrentGCThread "G1 Service" [stack: 0x000000cc9ac00000,0x000000cc9ad00000] [id=14760]

Threads with active compile tasks:
C2 CompilerThread0    20635 6075   !   4       javafx.scene.CssStyleHelper::transitionToState (1039 bytes)

VM state: at safepoint (normal execution)

VM Mutex/Monitor currently owned by a thread:  ([mutex/lock_event])
[0x000001ecd23e7b30] Threads_lock - owner thread: 0x000001ece9d47ec0
[0x000001ecd23e7620] Heap_lock - owner thread: 0x000001ecd24318e0

Heap address: 0x00000000c2800000, size: 984 MB, Compressed Oops mode: 32-bit

CDS archive(s) mapped at: [0x000001ec80000000-0x000001ec80c00000-0x000001ec80c00000), size 12582912, SharedBaseAddress: 0x000001ec80000000, ArchiveRelocationMode: 1.
Compressed class space mapped at: 0x000001ec81000000-0x000001ecc1000000, reserved size: 1073741824
Narrow klass base: 0x000001ec80000000, Narrow klass shift: 0, Narrow klass range: 0x100000000

GC Precious Log:
 CPUs: 8 total, 8 available
 Memory: 3929M
 Large Page Support: Disabled
 NUMA Support: Disabled
 Compressed Oops: Enabled (32-bit)
 Heap Region Size: 1M
 Heap Min Capacity: 8M
 Heap Initial Capacity: 62M
 Heap Max Capacity: 984M
 Pre-touch: Disabled
 Parallel Workers: 8
 Concurrent Workers: 2
 Concurrent Refinement Workers: 8
 Periodic GC: Disabled

Heap:
 garbage-first heap   total 183296K, used 124208K [0x00000000c2800000, 0x0000000100000000)
  region size 1024K, 1 young (1024K), 1 survivors (1024K)
 Metaspace       used 30601K, committed 30848K, reserved 1114112K
  class space    used 4296K, committed 4416K, reserved 1048576K

Heap Regions: E=young(eden), S=young(survivor), O=old, HS=humongous(starts), HC=humongous(continues), CS=collection set, F=free, OA=open archive, CA=closed archive, TAMS=top-at-mark-start (previous, next)
|   0|0x00000000c2800000, 0x00000000c2900000, 0x00000000c2900000|100%| O|  |TAMS 0x00000000c2900000, 0x00000000c2800000| Untracked 
|   1|0x00000000c2900000, 0x00000000c2a00000, 0x00000000c2a00000|100%| O|  |TAMS 0x00000000c2a00000, 0x00000000c2900000| Untracked 
|   2|0x00000000c2a00000, 0x00000000c2b00000, 0x00000000c2b00000|100%| O|  |TAMS 0x00000000c2b00000, 0x00000000c2a00000| Untracked 
|   3|0x00000000c2b00000, 0x00000000c2c00000, 0x00000000c2c00000|100%| O|  |TAMS 0x00000000c2c00000, 0x00000000c2b00000| Untracked 
|   4|0x00000000c2c00000, 0x00000000c2d00000, 0x00000000c2d00000|100%|HS|  |TAMS 0x00000000c2d00000, 0x00000000c2c00000| Complete 
|   5|0x00000000c2d00000, 0x00000000c2e00000, 0x00000000c2e00000|100%|HC|  |TAMS 0x00000000c2e00000, 0x00000000c2d00000| Complete 
|   6|0x00000000c2e00000, 0x00000000c2f00000, 0x00000000c2f00000|100%| O|  |TAMS 0x00000000c2f00000, 0x00000000c2e00000| Untracked 
|   7|0x00000000c2f00000, 0x00000000c3000000, 0x00000000c3000000|100%| O|  |TAMS 0x00000000c3000000, 0x00000000c2f00000| Untracked 
|   8|0x00000000c3000000, 0x00000000c3100000, 0x00000000c3100000|100%| O|  |TAMS 0x00000000c3100000, 0x00000000c3000000| Untracked 
|   9|0x00000000c3100000, 0x00000000c3200000, 0x00000000c3200000|100%| O|  |TAMS 0x00000000c3200000, 0x00000000c3100000| Untracked 
|  10|0x00000000c3200000, 0x00000000c3300000, 0x00000000c3300000|100%| O|  |TAMS 0x00000000c3300000, 0x00000000c3200000| Updating 
|  11|0x00000000c3300000, 0x00000000c3400000, 0x00000000c3400000|100%| O|  |TAMS 0x00000000c3400000, 0x00000000c3300000| Untracked 
|  12|0x00000000c3400000, 0x00000000c3500000, 0x00000000c3500000|100%| O|  |TAMS 0x00000000c3500000, 0x00000000c3400000| Untracked 
|  13|0x00000000c3500000, 0x00000000c3600000, 0x00000000c3600000|100%|HS|  |TAMS 0x00000000c3600000, 0x00000000c3500000| Complete 
|  14|0x00000000c3600000, 0x00000000c3700000, 0x00000000c3700000|100%|HC|  |TAMS 0x00000000c3700000, 0x00000000c3600000| Complete 
|  15|0x00000000c3700000, 0x00000000c3700000, 0x00000000c3800000|  0%| F|  |TAMS 0x00000000c3700000, 0x00000000c3700000| Untracked 
|  16|0x00000000c3800000, 0x00000000c3800000, 0x00000000c3900000|  0%| F|  |TAMS 0x00000000c3800000, 0x00000000c3800000| Untracked 
|  17|0x00000000c3900000, 0x00000000c3900000, 0x00000000c3a00000|  0%| F|  |TAMS 0x00000000c3900000, 0x00000000c3900000| Untracked 
|  18|0x00000000c3a00000, 0x00000000c3a00000, 0x00000000c3b00000|  0%| F|  |TAMS 0x00000000c3a00000, 0x00000000c3a00000| Untracked 
|  19|0x00000000c3b00000, 0x00000000c3b00000, 0x00000000c3c00000|  0%| F|  |TAMS 0x00000000c3b00000, 0x00000000c3b00000| Untracked 
|  20|0x00000000c3c00000, 0x00000000c3c00000, 0x00000000c3d00000|  0%| F|  |TAMS 0x00000000c3c00000, 0x00000000c3c00000| Untracked 
|  21|0x00000000c3d00000, 0x00000000c3d00000, 0x00000000c3e00000|  0%| F|  |TAMS 0x00000000c3d00000, 0x00000000c3d00000| Untracked 
|  22|0x00000000c3e00000, 0x00000000c3e00000, 0x00000000c3f00000|  0%| F|  |TAMS 0x00000000c3e00000, 0x00000000c3e00000| Untracked 
|  23|0x00000000c3f00000, 0x00000000c3f00000, 0x00000000c4000000|  0%| F|  |TAMS 0x00000000c3f00000, 0x00000000c3f00000| Untracked 
|  24|0x00000000c4000000, 0x00000000c4000000, 0x00000000c4100000|  0%| F|  |TAMS 0x00000000c4000000, 0x00000000c4000000| Untracked 
|  25|0x00000000c4100000, 0x00000000c4100000, 0x00000000c4200000|  0%| F|  |TAMS 0x00000000c4100000, 0x00000000c4100000| Untracked 
|  26|0x00000000c4200000, 0x00000000c4200000, 0x00000000c4300000|  0%| F|  |TAMS 0x00000000c4200000, 0x00000000c4200000| Untracked 
|  27|0x00000000c4300000, 0x00000000c4300000, 0x00000000c4400000|  0%| F|  |TAMS 0x00000000c4300000, 0x00000000c4300000| Untracked 
|  28|0x00000000c4400000, 0x00000000c4400000, 0x00000000c4500000|  0%| F|  |TAMS 0x00000000c4400000, 0x00000000c4400000| Untracked 
|  29|0x00000000c4500000, 0x00000000c4500000, 0x00000000c4600000|  0%| F|  |TAMS 0x00000000c4500000, 0x00000000c4500000| Untracked 
|  30|0x00000000c4600000, 0x00000000c4600000, 0x00000000c4700000|  0%| F|  |TAMS 0x00000000c4600000, 0x00000000c4600000| Untracked 
|  31|0x00000000c4700000, 0x00000000c4800000, 0x00000000c4800000|100%| O|  |TAMS 0x00000000c4800000, 0x00000000c4700000| Untracked 
|  32|0x00000000c4800000, 0x00000000c4900000, 0x00000000c4900000|100%| O|  |TAMS 0x00000000c4900000, 0x00000000c4800000| Untracked 
|  33|0x00000000c4900000, 0x00000000c498ae00, 0x00000000c4a00000| 54%| O|  |TAMS 0x00000000c498ae00, 0x00000000c4900000| Updating 
|  34|0x00000000c4a00000, 0x00000000c4a00000, 0x00000000c4b00000|  0%| F|  |TAMS 0x00000000c4a00000, 0x00000000c4a00000| Untracked 
|  35|0x00000000c4b00000, 0x00000000c4b00000, 0x00000000c4c00000|  0%| F|  |TAMS 0x00000000c4b00000, 0x00000000c4b00000| Untracked 
|  36|0x00000000c4c00000, 0x00000000c4c00000, 0x00000000c4d00000|  0%| F|  |TAMS 0x00000000c4c00000, 0x00000000c4c00000| Untracked 
|  37|0x00000000c4d00000, 0x00000000c4d00000, 0x00000000c4e00000|  0%| F|  |TAMS 0x00000000c4d00000, 0x00000000c4d00000| Untracked 
|  38|0x00000000c4e00000, 0x00000000c4e00000, 0x00000000c4f00000|  0%| F|  |TAMS 0x00000000c4e00000, 0x00000000c4e00000| Untracked 
|  39|0x00000000c4f00000, 0x00000000c4f00000, 0x00000000c5000000|  0%| F|  |TAMS 0x00000000c4f00000, 0x00000000c4f00000| Untracked 
|  40|0x00000000c5000000, 0x00000000c5000000, 0x00000000c5100000|  0%| F|  |TAMS 0x00000000c5000000, 0x00000000c5000000| Untracked 
|  41|0x00000000c5100000, 0x00000000c5100000, 0x00000000c5200000|  0%| F|  |TAMS 0x00000000c5100000, 0x00000000c5100000| Untracked 
|  42|0x00000000c5200000, 0x00000000c5200000, 0x00000000c5300000|  0%| F|  |TAMS 0x00000000c5200000, 0x00000000c5200000| Untracked 
|  43|0x00000000c5300000, 0x00000000c5400000, 0x00000000c5400000|100%| O|  |TAMS 0x00000000c5400000, 0x00000000c5300000| Updating 
|  44|0x00000000c5400000, 0x00000000c5500000, 0x00000000c5500000|100%| O|  |TAMS 0x00000000c5500000, 0x00000000c5400000| Updating 
|  45|0x00000000c5500000, 0x00000000c5600000, 0x00000000c5600000|100%| O|  |TAMS 0x00000000c5600000, 0x00000000c5500000| Updating 
|  46|0x00000000c5600000, 0x00000000c5600000, 0x00000000c5700000|  0%| F|  |TAMS 0x00000000c5600000, 0x00000000c5600000| Untracked 
|  47|0x00000000c5700000, 0x00000000c5700000, 0x00000000c5800000|  0%| F|  |TAMS 0x00000000c5700000, 0x00000000c5700000| Untracked 
|  48|0x00000000c5800000, 0x00000000c5800000, 0x00000000c5900000|  0%| F|  |TAMS 0x00000000c5800000, 0x00000000c5800000| Untracked 
|  49|0x00000000c5900000, 0x00000000c5900000, 0x00000000c5a00000|  0%| F|  |TAMS 0x00000000c5900000, 0x00000000c5900000| Untracked 
|  50|0x00000000c5a00000, 0x00000000c5a00000, 0x00000000c5b00000|  0%| F|  |TAMS 0x00000000c5a00000, 0x00000000c5a00000| Untracked 
|  51|0x00000000c5b00000, 0x00000000c5b00000, 0x00000000c5c00000|  0%| F|  |TAMS 0x00000000c5b00000, 0x00000000c5b00000| Untracked 
|  52|0x00000000c5c00000, 0x00000000c5c00000, 0x00000000c5d00000|  0%| F|  |TAMS 0x00000000c5c00000, 0x00000000c5c00000| Untracked 
|  53|0x00000000c5d00000, 0x00000000c5d00000, 0x00000000c5e00000|  0%| F|  |TAMS 0x00000000c5d00000, 0x00000000c5d00000| Untracked 
|  54|0x00000000c5e00000, 0x00000000c5e00000, 0x00000000c5f00000|  0%| F|  |TAMS 0x00000000c5e00000, 0x00000000c5e00000| Untracked 
|  55|0x00000000c5f00000, 0x00000000c5f00000, 0x00000000c6000000|  0%| F|  |TAMS 0x00000000c5f00000, 0x00000000c5f00000| Untracked 
|  56|0x00000000c6000000, 0x00000000c6100000, 0x00000000c6100000|100%|HS|  |TAMS 0x00000000c6100000, 0x00000000c6000000| Complete 
|  57|0x00000000c6100000, 0x00000000c6200000, 0x00000000c6200000|100%|HC|  |TAMS 0x00000000c6200000, 0x00000000c6100000| Complete 
|  58|0x00000000c6200000, 0x00000000c6300000, 0x00000000c6300000|100%|HS|  |TAMS 0x00000000c6300000, 0x00000000c6200000| Complete 
|  59|0x00000000c6300000, 0x00000000c6400000, 0x00000000c6400000|100%|HC|  |TAMS 0x00000000c6400000, 0x00000000c6300000| Complete 
|  60|0x00000000c6400000, 0x00000000c6500000, 0x00000000c6500000|100%|HS|  |TAMS 0x00000000c6500000, 0x00000000c6400000| Complete 
|  61|0x00000000c6500000, 0x00000000c6600000, 0x00000000c6600000|100%|HC|  |TAMS 0x00000000c6600000, 0x00000000c6500000| Complete 
|  62|0x00000000c6600000, 0x00000000c6700000, 0x00000000c6700000|100%|HS|  |TAMS 0x00000000c6700000, 0x00000000c6600000| Complete 
|  63|0x00000000c6700000, 0x00000000c6800000, 0x00000000c6800000|100%|HC|  |TAMS 0x00000000c6800000, 0x00000000c6700000| Complete 
|  64|0x00000000c6800000, 0x00000000c6900000, 0x00000000c6900000|100%|HS|  |TAMS 0x00000000c6900000, 0x00000000c6800000| Complete 
|  65|0x00000000c6900000, 0x00000000c6a00000, 0x00000000c6a00000|100%|HC|  |TAMS 0x00000000c6a00000, 0x00000000c6900000| Complete 
|  66|0x00000000c6a00000, 0x00000000c6b00000, 0x00000000c6b00000|100%|HS|  |TAMS 0x00000000c6b00000, 0x00000000c6a00000| Complete 
|  67|0x00000000c6b00000, 0x00000000c6c00000, 0x00000000c6c00000|100%|HC|  |TAMS 0x00000000c6c00000, 0x00000000c6b00000| Complete 
|  68|0x00000000c6c00000, 0x00000000c6d00000, 0x00000000c6d00000|100%|HS|  |TAMS 0x00000000c6d00000, 0x00000000c6c00000| Complete 
|  69|0x00000000c6d00000, 0x00000000c6e00000, 0x00000000c6e00000|100%|HC|  |TAMS 0x00000000c6e00000, 0x00000000c6d00000| Complete 
|  70|0x00000000c6e00000, 0x00000000c6f00000, 0x00000000c6f00000|100%|HS|  |TAMS 0x00000000c6f00000, 0x00000000c6e00000| Complete 
|  71|0x00000000c6f00000, 0x00000000c7000000, 0x00000000c7000000|100%|HC|  |TAMS 0x00000000c7000000, 0x00000000c6f00000| Complete 
|  72|0x00000000c7000000, 0x00000000c7100000, 0x00000000c7100000|100%|HS|  |TAMS 0x00000000c7100000, 0x00000000c7000000| Complete 
|  73|0x00000000c7100000, 0x00000000c7200000, 0x00000000c7200000|100%|HC|  |TAMS 0x00000000c7200000, 0x00000000c7100000| Complete 
|  74|0x00000000c7200000, 0x00000000c7300000, 0x00000000c7300000|100%|HS|  |TAMS 0x00000000c7300000, 0x00000000c7200000| Complete 
|  75|0x00000000c7300000, 0x00000000c7400000, 0x00000000c7400000|100%|HC|  |TAMS 0x00000000c7400000, 0x00000000c7300000| Complete 
|  76|0x00000000c7400000, 0x00000000c7500000, 0x00000000c7500000|100%|HS|  |TAMS 0x00000000c7500000, 0x00000000c7400000| Complete 
|  77|0x00000000c7500000, 0x00000000c7600000, 0x00000000c7600000|100%|HC|  |TAMS 0x00000000c7600000, 0x00000000c7500000| Complete 
|  78|0x00000000c7600000, 0x00000000c7700000, 0x00000000c7700000|100%|HS|  |TAMS 0x00000000c7700000, 0x00000000c7600000| Complete 
|  79|0x00000000c7700000, 0x00000000c7800000, 0x00000000c7800000|100%|HC|  |TAMS 0x00000000c7800000, 0x00000000c7700000| Complete 
|  80|0x00000000c7800000, 0x00000000c7900000, 0x00000000c7900000|100%|HS|  |TAMS 0x00000000c7900000, 0x00000000c7800000| Complete 
|  81|0x00000000c7900000, 0x00000000c7a00000, 0x00000000c7a00000|100%|HC|  |TAMS 0x00000000c7a00000, 0x00000000c7900000| Complete 
|  82|0x00000000c7a00000, 0x00000000c7b00000, 0x00000000c7b00000|100%|HS|  |TAMS 0x00000000c7b00000, 0x00000000c7a00000| Complete 
|  83|0x00000000c7b00000, 0x00000000c7c00000, 0x00000000c7c00000|100%|HC|  |TAMS 0x00000000c7c00000, 0x00000000c7b00000| Complete 
|  84|0x00000000c7c00000, 0x00000000c7d00000, 0x00000000c7d00000|100%|HS|  |TAMS 0x00000000c7d00000, 0x00000000c7c00000| Complete 
|  85|0x00000000c7d00000, 0x00000000c7e00000, 0x00000000c7e00000|100%|HC|  |TAMS 0x00000000c7e00000, 0x00000000c7d00000| Complete 
|  86|0x00000000c7e00000, 0x00000000c7f00000, 0x00000000c7f00000|100%|HS|  |TAMS 0x00000000c7f00000, 0x00000000c7e00000| Complete 
|  87|0x00000000c7f00000, 0x00000000c8000000, 0x00000000c8000000|100%|HC|  |TAMS 0x00000000c8000000, 0x00000000c7f00000| Complete 
|  88|0x00000000c8000000, 0x00000000c8100000, 0x00000000c8100000|100%|HS|  |TAMS 0x00000000c8100000, 0x00000000c8000000| Complete 
|  89|0x00000000c8100000, 0x00000000c8200000, 0x00000000c8200000|100%|HC|  |TAMS 0x00000000c8200000, 0x00000000c8100000| Complete 
|  90|0x00000000c8200000, 0x00000000c8300000, 0x00000000c8300000|100%|HS|  |TAMS 0x00000000c8300000, 0x00000000c8200000| Complete 
|  91|0x00000000c8300000, 0x00000000c8400000, 0x00000000c8400000|100%|HC|  |TAMS 0x00000000c8400000, 0x00000000c8300000| Complete 
|  92|0x00000000c8400000, 0x00000000c8500000, 0x00000000c8500000|100%|HS|  |TAMS 0x00000000c8500000, 0x00000000c8400000| Complete 
|  93|0x00000000c8500000, 0x00000000c8600000, 0x00000000c8600000|100%|HC|  |TAMS 0x00000000c8600000, 0x00000000c8500000| Complete 
|  94|0x00000000c8600000, 0x00000000c8600000, 0x00000000c8700000|  0%| F|  |TAMS 0x00000000c8600000, 0x00000000c8600000| Untracked 
|  95|0x00000000c8700000, 0x00000000c8700000, 0x00000000c8800000|  0%| F|  |TAMS 0x00000000c8700000, 0x00000000c8700000| Untracked 
|  96|0x00000000c8800000, 0x00000000c8800000, 0x00000000c8900000|  0%| F|  |TAMS 0x00000000c8800000, 0x00000000c8800000| Untracked 
|  97|0x00000000c8900000, 0x00000000c8900000, 0x00000000c8a00000|  0%| F|  |TAMS 0x00000000c8900000, 0x00000000c8900000| Untracked 
|  98|0x00000000c8a00000, 0x00000000c8a00000, 0x00000000c8b00000|  0%| F|  |TAMS 0x00000000c8a00000, 0x00000000c8a00000| Untracked 
|  99|0x00000000c8b00000, 0x00000000c8b00000, 0x00000000c8c00000|  0%| F|  |TAMS 0x00000000c8b00000, 0x00000000c8b00000| Untracked 
| 100|0x00000000c8c00000, 0x00000000c8c00000, 0x00000000c8d00000|  0%| F|  |TAMS 0x00000000c8c00000, 0x00000000c8c00000| Untracked 
| 101|0x00000000c8d00000, 0x00000000c8d00000, 0x00000000c8e00000|  0%| F|  |TAMS 0x00000000c8d00000, 0x00000000c8d00000| Untracked 
| 102|0x00000000c8e00000, 0x00000000c8f00000, 0x00000000c8f00000|100%|HS|  |TAMS 0x00000000c8f00000, 0x00000000c8e00000| Complete 
| 103|0x00000000c8f00000, 0x00000000c9000000, 0x00000000c9000000|100%|HC|  |TAMS 0x00000000c9000000, 0x00000000c8f00000| Complete 
| 104|0x00000000c9000000, 0x00000000c9100000, 0x00000000c9100000|100%|HC|  |TAMS 0x00000000c9100000, 0x00000000c9000000| Complete 
| 105|0x00000000c9100000, 0x00000000c9200000, 0x00000000c9200000|100%|HS|  |TAMS 0x00000000c9200000, 0x00000000c9100000| Complete 
| 106|0x00000000c9200000, 0x00000000c9300000, 0x00000000c9300000|100%|HC|  |TAMS 0x00000000c9300000, 0x00000000c9200000| Complete 
| 107|0x00000000c9300000, 0x00000000c9400000, 0x00000000c9400000|100%|HC|  |TAMS 0x00000000c9400000, 0x00000000c9300000| Complete 
| 108|0x00000000c9400000, 0x00000000c9400000, 0x00000000c9500000|  0%| F|  |TAMS 0x00000000c9400000, 0x00000000c9400000| Untracked 
| 109|0x00000000c9500000, 0x00000000c9500000, 0x00000000c9600000|  0%| F|  |TAMS 0x00000000c9500000, 0x00000000c9500000| Untracked 
| 110|0x00000000c9600000, 0x00000000c9600000, 0x00000000c9700000|  0%| F|  |TAMS 0x00000000c9600000, 0x00000000c9600000| Untracked 
| 111|0x00000000c9700000, 0x00000000c9700000, 0x00000000c9800000|  0%| F|  |TAMS 0x00000000c9700000, 0x00000000c9700000| Untracked 
| 112|0x00000000c9800000, 0x00000000c9800000, 0x00000000c9900000|  0%| F|  |TAMS 0x00000000c9800000, 0x00000000c9800000| Untracked 
| 113|0x00000000c9900000, 0x00000000c9900000, 0x00000000c9a00000|  0%| F|  |TAMS 0x00000000c9900000, 0x00000000c9900000| Untracked 
| 114|0x00000000c9a00000, 0x00000000c9a00000, 0x00000000c9b00000|  0%| F|  |TAMS 0x00000000c9a00000, 0x00000000c9a00000| Untracked 
| 115|0x00000000c9b00000, 0x00000000c9b00000, 0x00000000c9c00000|  0%| F|  |TAMS 0x00000000c9b00000, 0x00000000c9b00000| Untracked 
| 116|0x00000000c9c00000, 0x00000000c9c00000, 0x00000000c9d00000|  0%| F|  |TAMS 0x00000000c9c00000, 0x00000000c9c00000| Untracked 
| 117|0x00000000c9d00000, 0x00000000c9d00000, 0x00000000c9e00000|  0%| F|  |TAMS 0x00000000c9d00000, 0x00000000c9d00000| Untracked 
| 118|0x00000000c9e00000, 0x00000000c9e00000, 0x00000000c9f00000|  0%| F|  |TAMS 0x00000000c9e00000, 0x00000000c9e00000| Untracked 
| 119|0x00000000c9f00000, 0x00000000c9f00000, 0x00000000ca000000|  0%| F|  |TAMS 0x00000000c9f00000, 0x00000000c9f00000| Untracked 
| 120|0x00000000ca000000, 0x00000000ca000000, 0x00000000ca100000|  0%| F|  |TAMS 0x00000000ca000000, 0x00000000ca000000| Untracked 
| 121|0x00000000ca100000, 0x00000000ca100000, 0x00000000ca200000|  0%| F|  |TAMS 0x00000000ca100000, 0x00000000ca100000| Untracked 
| 122|0x00000000ca200000, 0x00000000ca2c1530, 0x00000000ca300000| 75%| S|CS|TAMS 0x00000000ca200000, 0x00000000ca200000| Complete 
| 123|0x00000000ca300000, 0x00000000ca400000, 0x00000000ca400000|100%|HS|  |TAMS 0x00000000ca300000, 0x00000000ca300000| Complete 
| 124|0x00000000ca400000, 0x00000000ca500000, 0x00000000ca500000|100%|HC|  |TAMS 0x00000000ca400000, 0x00000000ca400000| Complete 
| 125|0x00000000ca500000, 0x00000000ca600000, 0x00000000ca600000|100%|HC|  |TAMS 0x00000000ca500000, 0x00000000ca500000| Complete 
| 126|0x00000000ca600000, 0x00000000ca700000, 0x00000000ca700000|100%|HC|  |TAMS 0x00000000ca600000, 0x00000000ca600000| Complete 
| 127|0x00000000ca700000, 0x00000000ca800000, 0x00000000ca800000|100%|HC|  |TAMS 0x00000000ca700000, 0x00000000ca700000| Complete 
| 128|0x00000000ca800000, 0x00000000ca900000, 0x00000000ca900000|100%|HC|  |TAMS 0x00000000ca800000, 0x00000000ca800000| Complete 
| 129|0x00000000ca900000, 0x00000000caa00000, 0x00000000caa00000|100%|HC|  |TAMS 0x00000000ca900000, 0x00000000ca900000| Complete 
| 130|0x00000000caa00000, 0x00000000cab00000, 0x00000000cab00000|100%|HC|  |TAMS 0x00000000caa00000, 0x00000000caa00000| Complete 
| 131|0x00000000cab00000, 0x00000000cac00000, 0x00000000cac00000|100%|HC|  |TAMS 0x00000000cab00000, 0x00000000cab00000| Complete 
| 132|0x00000000cac00000, 0x00000000cad00000, 0x00000000cad00000|100%|HC|  |TAMS 0x00000000cac00000, 0x00000000cac00000| Complete 
| 133|0x00000000cad00000, 0x00000000cae00000, 0x00000000cae00000|100%|HC|  |TAMS 0x00000000cad00000, 0x00000000cad00000| Complete 
| 134|0x00000000cae00000, 0x00000000caf00000, 0x00000000caf00000|100%|HC|  |TAMS 0x00000000cae00000, 0x00000000cae00000| Complete 
| 135|0x00000000caf00000, 0x00000000cb000000, 0x00000000cb000000|100%|HC|  |TAMS 0x00000000caf00000, 0x00000000caf00000| Complete 
| 136|0x00000000cb000000, 0x00000000cb100000, 0x00000000cb100000|100%|HC|  |TAMS 0x00000000cb000000, 0x00000000cb000000| Complete 
| 137|0x00000000cb100000, 0x00000000cb200000, 0x00000000cb200000|100%|HC|  |TAMS 0x00000000cb100000, 0x00000000cb100000| Complete 
| 138|0x00000000cb200000, 0x00000000cb300000, 0x00000000cb300000|100%|HC|  |TAMS 0x00000000cb200000, 0x00000000cb200000| Complete 
| 139|0x00000000cb300000, 0x00000000cb400000, 0x00000000cb400000|100%|HC|  |TAMS 0x00000000cb300000, 0x00000000cb300000| Complete 
| 140|0x00000000cb400000, 0x00000000cb500000, 0x00000000cb500000|100%|HC|  |TAMS 0x00000000cb400000, 0x00000000cb400000| Complete 
| 141|0x00000000cb500000, 0x00000000cb600000, 0x00000000cb600000|100%|HC|  |TAMS 0x00000000cb500000, 0x00000000cb500000| Complete 
| 142|0x00000000cb600000, 0x00000000cb700000, 0x00000000cb700000|100%|HC|  |TAMS 0x00000000cb600000, 0x00000000cb600000| Complete 
| 143|0x00000000cb700000, 0x00000000cb800000, 0x00000000cb800000|100%|HC|  |TAMS 0x00000000cb700000, 0x00000000cb700000| Complete 
| 144|0x00000000cb800000, 0x00000000cb900000, 0x00000000cb900000|100%|HC|  |TAMS 0x00000000cb800000, 0x00000000cb800000| Complete 
| 145|0x00000000cb900000, 0x00000000cba00000, 0x00000000cba00000|100%|HC|  |TAMS 0x00000000cb900000, 0x00000000cb900000| Complete 
| 146|0x00000000cba00000, 0x00000000cbb00000, 0x00000000cbb00000|100%|HC|  |TAMS 0x00000000cba00000, 0x00000000cba00000| Complete 
| 147|0x00000000cbb00000, 0x00000000cbc00000, 0x00000000cbc00000|100%|HC|  |TAMS 0x00000000cbb00000, 0x00000000cbb00000| Complete 
| 148|0x00000000cbc00000, 0x00000000cbd00000, 0x00000000cbd00000|100%|HC|  |TAMS 0x00000000cbc00000, 0x00000000cbc00000| Complete 
| 149|0x00000000cbd00000, 0x00000000cbe00000, 0x00000000cbe00000|100%|HC|  |TAMS 0x00000000cbd00000, 0x00000000cbd00000| Complete 
| 150|0x00000000cbe00000, 0x00000000cbf00000, 0x00000000cbf00000|100%|HC|  |TAMS 0x00000000cbe00000, 0x00000000cbe00000| Complete 
| 151|0x00000000cbf00000, 0x00000000cc000000, 0x00000000cc000000|100%|HC|  |TAMS 0x00000000cbf00000, 0x00000000cbf00000| Complete 
| 152|0x00000000cc000000, 0x00000000cc100000, 0x00000000cc100000|100%|HC|  |TAMS 0x00000000cc000000, 0x00000000cc000000| Complete 
| 153|0x00000000cc100000, 0x00000000cc200000, 0x00000000cc200000|100%|HC|  |TAMS 0x00000000cc100000, 0x00000000cc100000| Complete 
| 154|0x00000000cc200000, 0x00000000cc300000, 0x00000000cc300000|100%|HC|  |TAMS 0x00000000cc200000, 0x00000000cc200000| Complete 
| 155|0x00000000cc300000, 0x00000000cc400000, 0x00000000cc400000|100%|HC|  |TAMS 0x00000000cc300000, 0x00000000cc300000| Complete 
| 156|0x00000000cc400000, 0x00000000cc500000, 0x00000000cc500000|100%|HC|  |TAMS 0x00000000cc400000, 0x00000000cc400000| Complete 
| 157|0x00000000cc500000, 0x00000000cc600000, 0x00000000cc600000|100%|HC|  |TAMS 0x00000000cc500000, 0x00000000cc500000| Complete 
| 158|0x00000000cc600000, 0x00000000cc700000, 0x00000000cc700000|100%|HC|  |TAMS 0x00000000cc600000, 0x00000000cc600000| Complete 
| 159|0x00000000cc700000, 0x00000000cc800000, 0x00000000cc800000|100%|HC|  |TAMS 0x00000000cc700000, 0x00000000cc700000| Complete 
| 160|0x00000000cc800000, 0x00000000cc900000, 0x00000000cc900000|100%|HC|  |TAMS 0x00000000cc800000, 0x00000000cc800000| Complete 
| 161|0x00000000cc900000, 0x00000000cca00000, 0x00000000cca00000|100%|HC|  |TAMS 0x00000000cc900000, 0x00000000cc900000| Complete 
| 162|0x00000000cca00000, 0x00000000ccb00000, 0x00000000ccb00000|100%|HC|  |TAMS 0x00000000cca00000, 0x00000000cca00000| Complete 
| 163|0x00000000ccb00000, 0x00000000ccc00000, 0x00000000ccc00000|100%|HC|  |TAMS 0x00000000ccb00000, 0x00000000ccb00000| Complete 
| 164|0x00000000ccc00000, 0x00000000ccd00000, 0x00000000ccd00000|100%|HC|  |TAMS 0x00000000ccc00000, 0x00000000ccc00000| Complete 
| 165|0x00000000ccd00000, 0x00000000cce00000, 0x00000000cce00000|100%|HC|  |TAMS 0x00000000ccd00000, 0x00000000ccd00000| Complete 
| 166|0x00000000cce00000, 0x00000000ccf00000, 0x00000000ccf00000|100%|HC|  |TAMS 0x00000000cce00000, 0x00000000cce00000| Complete 
| 167|0x00000000ccf00000, 0x00000000cd000000, 0x00000000cd000000|100%|HC|  |TAMS 0x00000000ccf00000, 0x00000000ccf00000| Complete 
| 168|0x00000000cd000000, 0x00000000cd100000, 0x00000000cd100000|100%|HC|  |TAMS 0x00000000cd000000, 0x00000000cd000000| Complete 
| 169|0x00000000cd100000, 0x00000000cd200000, 0x00000000cd200000|100%|HC|  |TAMS 0x00000000cd100000, 0x00000000cd100000| Complete 
| 170|0x00000000cd200000, 0x00000000cd300000, 0x00000000cd300000|100%|HC|  |TAMS 0x00000000cd200000, 0x00000000cd200000| Complete 
| 171|0x00000000cd300000, 0x00000000cd400000, 0x00000000cd400000|100%|HC|  |TAMS 0x00000000cd300000, 0x00000000cd300000| Complete 
| 172|0x00000000cd400000, 0x00000000cd500000, 0x00000000cd500000|100%|HC|  |TAMS 0x00000000cd400000, 0x00000000cd400000| Complete 
| 173|0x00000000cd500000, 0x00000000cd600000, 0x00000000cd600000|100%|HC|  |TAMS 0x00000000cd500000, 0x00000000cd500000| Complete 
| 174|0x00000000cd600000, 0x00000000cd700000, 0x00000000cd700000|100%|HC|  |TAMS 0x00000000cd600000, 0x00000000cd600000| Complete 
| 175|0x00000000cd700000, 0x00000000cd800000, 0x00000000cd800000|100%|HC|  |TAMS 0x00000000cd700000, 0x00000000cd700000| Complete 
| 176|0x00000000cd800000, 0x00000000cd900000, 0x00000000cd900000|100%|HC|  |TAMS 0x00000000cd800000, 0x00000000cd800000| Complete 
| 177|0x00000000cd900000, 0x00000000cda00000, 0x00000000cda00000|100%|HC|  |TAMS 0x00000000cd900000, 0x00000000cd900000| Complete 
| 178|0x00000000cda00000, 0x00000000cdb00000, 0x00000000cdb00000|100%|HC|  |TAMS 0x00000000cda00000, 0x00000000cda00000| Complete 

Card table byte_map: [0x000001ece50f0000,0x000001ece52e0000] _byte_map_base: 0x000001ece4adc000

Marking Bits (Prev, Next): (CMBitMap*) 0x000001ecd24294b0, (CMBitMap*) 0x000001ecd24294f0
 Prev Bits: [0x000001ece54d0000, 0x000001ece6430000)
 Next Bits: [0x000001ece6430000, 0x000001ece7390000)

Polling page: 0x000001ecd03b0000

Metaspace:

Usage:
  Non-class:     25.69 MB used.
      Class:      4.20 MB used.
       Both:     29.88 MB used.

Virtual space:
  Non-class space:       64.00 MB reserved,      25.81 MB ( 40%) committed,  1 nodes.
      Class space:        1.00 GB reserved,       4.31 MB ( <1%) committed,  1 nodes.
             Both:        1.06 GB reserved,      30.12 MB (  3%) committed. 

Chunk freelists:
   Non-Class:  6.22 MB
       Class:  11.69 MB
        Both:  17.91 MB

MaxMetaspaceSize: unlimited
CompressedClassSpaceSize: 1.00 GB
Initial GC threshold: 21.00 MB
Current GC threshold: 47.50 MB
CDS: on
MetaspaceReclaimPolicy: balanced
 - commit_granule_bytes: 65536.
 - commit_granule_words: 8192.
 - virtual_space_node_default_size: 8388608.
 - enlarge_chunks_in_place: 1.
 - new_chunks_are_fully_committed: 0.
 - uncommit_free_chunks: 1.
 - use_allocation_guard: 0.
 - handle_deallocations: 1.


Internal statistics:

num_allocs_failed_limit: 3.
num_arena_births: 314.
num_arena_deaths: 0.
num_vsnodes_births: 2.
num_vsnodes_deaths: 0.
num_space_committed: 482.
num_space_uncommitted: 0.
num_chunks_returned_to_freelist: 3.
num_chunks_taken_from_freelist: 1200.
num_chunk_merges: 3.
num_chunk_splits: 819.
num_chunks_enlarged: 602.
num_inconsistent_stats: 0.

CodeHeap 'non-profiled nmethods': size=120000Kb used=2672Kb max_used=2672Kb free=117328Kb
 bounds [0x000001ecdd6a0000, 0x000001ecdd940000, 0x000001ece4bd0000]
CodeHeap 'profiled nmethods': size=120000Kb used=12412Kb max_used=12412Kb free=107587Kb
 bounds [0x000001ecd5bd0000, 0x000001ecd67f0000, 0x000001ecdd100000]
CodeHeap 'non-nmethods': size=5760Kb used=1538Kb max_used=1641Kb free=4221Kb
 bounds [0x000001ecdd100000, 0x000001ecdd370000, 0x000001ecdd6a0000]
 total_blobs=6931 nmethods=6013 adapters=827
 compilation: enabled
              stopped_count=0, restarted_count=0
 full_count=0

Compilation events (20 events):
Event: 20.309 Thread 0x000001ece9d6b770 6098       3       com.sun.org.apache.xerces.internal.impl.PropertyManager::getProperty (37 bytes)
Event: 20.310 Thread 0x000001ece9d6b770 nmethod 6098 0x000001ecd67eac10 code [0x000001ecd67eae00, 0x000001ecd67eb288]
Event: 20.317 Thread 0x000001ece9d6b770 6100       3       java.lang.String::startsWith (138 bytes)
Event: 20.317 Thread 0x000001ece9d6b770 nmethod 6100 0x000001ecd67eb490 code [0x000001ecd67eb6a0, 0x000001ecd67ebf38]
Event: 20.325 Thread 0x000001ece9d6b770 6102       3       java.util.regex.Pattern::nextEscaped (19 bytes)
Event: 20.325 Thread 0x000001ece9d6b770 nmethod 6102 0x000001ecd67ec210 code [0x000001ecd67ec3a0, 0x000001ecd67ec4d8]
Event: 20.338 Thread 0x000001ece9d6b770 6103       3       java.util.LinkedList::add (7 bytes)
Event: 20.339 Thread 0x000001ece9d6b770 nmethod 6103 0x000001ecd67ec590 code [0x000001ecd67ec720, 0x000001ecd67ec8e8]
Event: 20.340 Thread 0x000001ece9d6b770 6104       3       com.sun.javafx.iio.png.PNGImageLoader2::readChunk (24 bytes)
Event: 20.348 Thread 0x000001ece9d6b770 nmethod 6104 0x000001ecd67ec990 code [0x000001ecd67ecb40, 0x000001ecd67ecd78]
Event: 20.350 Thread 0x000001ece9d6b770 6105       3       jdk.internal.misc.Unsafe::checkNativeAddress (28 bytes)
Event: 20.350 Thread 0x000001ece9d6b770 nmethod 6105 0x000001ecd67ece90 code [0x000001ecd67ed020, 0x000001ecd67ed138]
Event: 20.351 Thread 0x000001ece9d6b770 6106  s    3       jdk.internal.ref.Cleaner::remove (89 bytes)
Event: 20.351 Thread 0x000001ece9d6b770 nmethod 6106 0x000001ecd67ed210 code [0x000001ecd67ed3e0, 0x000001ecd67ed998]
Event: 20.351 Thread 0x000001ece9d6b770 6107       3       java.nio.DirectByteBuffer$Deallocator::run (38 bytes)
Event: 20.352 Thread 0x000001ece9d6b770 nmethod 6107 0x000001ecd67edb10 code [0x000001ecd67edd00, 0x000001ecd67ee128]
Event: 20.352 Thread 0x000001ece9d6b770 6109   !   3       jdk.internal.ref.Cleaner::clean (35 bytes)
Event: 20.353 Thread 0x000001ece9d6b770 nmethod 6109 0x000001ecd67ee290 code [0x000001ecd67ee4a0, 0x000001ecd67eea88]
Event: 20.353 Thread 0x000001ece9d6b770 6110       3       java.nio.Bits::unreserveMemory (64 bytes)
Event: 20.353 Thread 0x000001ece9d6b770 nmethod 6110 0x000001ecd67eed10 code [0x000001ecd67eeee0, 0x000001ecd67ef0a8]

GC Heap History (20 events):
Event: 6.050 GC heap before
{Heap before GC invocations=3 (full 0):
 garbage-first heap   total 63488K, used 14814K [0x00000000c2800000, 0x0000000100000000)
  region size 1024K, 6 young (6144K), 3 survivors (3072K)
 Metaspace       used 21225K, committed 21504K, reserved 1114112K
  class space    used 3288K, committed 3456K, reserved 1048576K
}
Event: 6.057 GC heap after
{Heap after GC invocations=4 (full 0):
 garbage-first heap   total 63488K, used 13206K [0x00000000c2800000, 0x0000000100000000)
  region size 1024K, 1 young (1024K), 1 survivors (1024K)
 Metaspace       used 21225K, committed 21504K, reserved 1114112K
  class space    used 3288K, committed 3456K, reserved 1048576K
}
Event: 8.605 GC heap before
{Heap before GC invocations=5 (full 0):
 garbage-first heap   total 51200K, used 44950K [0x00000000c2800000, 0x0000000100000000)
  region size 1024K, 15 young (15360K), 1 survivors (1024K)
 Metaspace       used 23222K, committed 23488K, reserved 1114112K
  class space    used 3557K, committed 3648K, reserved 1048576K
}
Event: 8.608 GC heap after
{Heap after GC invocations=6 (full 0):
 garbage-first heap   total 51200K, used 34219K [0x00000000c2800000, 0x0000000100000000)
  region size 1024K, 4 young (4096K), 4 survivors (4096K)
 Metaspace       used 23222K, committed 23488K, reserved 1114112K
  class space    used 3557K, committed 3648K, reserved 1048576K
}
Event: 8.642 GC heap before
{Heap before GC invocations=6 (full 0):
 garbage-first heap   total 51200K, used 43435K [0x00000000c2800000, 0x0000000100000000)
  region size 1024K, 5 young (5120K), 4 survivors (4096K)
 Metaspace       used 23861K, committed 24064K, reserved 1114112K
  class space    used 3625K, committed 3712K, reserved 1048576K
}
Event: 8.646 GC heap after
{Heap after GC invocations=7 (full 0):
 garbage-first heap   total 51200K, used 42724K [0x00000000c2800000, 0x0000000100000000)
  region size 1024K, 1 young (1024K), 1 survivors (1024K)
 Metaspace       used 23861K, committed 24064K, reserved 1114112K
  class space    used 3625K, committed 3712K, reserved 1048576K
}
Event: 8.657 GC heap before
{Heap before GC invocations=7 (full 0):
 garbage-first heap   total 51200K, used 42724K [0x00000000c2800000, 0x0000000100000000)
  region size 1024K, 2 young (2048K), 1 survivors (1024K)
 Metaspace       used 23962K, committed 24192K, reserved 1114112K
  class space    used 3638K, committed 3776K, reserved 1048576K
}
Event: 8.658 GC heap after
{Heap after GC invocations=8 (full 0):
 garbage-first heap   total 51200K, used 42618K [0x00000000c2800000, 0x0000000100000000)
  region size 1024K, 1 young (1024K), 1 survivors (1024K)
 Metaspace       used 23962K, committed 24192K, reserved 1114112K
  class space    used 3638K, committed 3776K, reserved 1048576K
}
Event: 8.704 GC heap before
{Heap before GC invocations=9 (full 0):
 garbage-first heap   total 78848K, used 49786K [0x00000000c2800000, 0x0000000100000000)
  region size 1024K, 2 young (2048K), 1 survivors (1024K)
 Metaspace       used 24612K, committed 24896K, reserved 1114112K
  class space    used 3706K, committed 3840K, reserved 1048576K
}
Event: 8.707 GC heap after
{Heap after GC invocations=10 (full 0):
 garbage-first heap   total 78848K, used 48880K [0x00000000c2800000, 0x0000000100000000)
  region size 1024K, 1 young (1024K), 1 survivors (1024K)
 Metaspace       used 24612K, committed 24896K, reserved 1114112K
  class space    used 3706K, committed 3840K, reserved 1048576K
}
Event: 8.759 GC heap before
{Heap before GC invocations=10 (full 0):
 garbage-first heap   total 78848K, used 57072K [0x00000000c2800000, 0x0000000100000000)
  region size 1024K, 3 young (3072K), 1 survivors (1024K)
 Metaspace       used 25118K, committed 25408K, reserved 1114112K
  class space    used 3760K, committed 3840K, reserved 1048576K
}
Event: 8.764 GC heap after
{Heap after GC invocations=11 (full 0):
 garbage-first heap   total 140288K, used 55263K [0x00000000c2800000, 0x0000000100000000)
  region size 1024K, 1 young (1024K), 1 survivors (1024K)
 Metaspace       used 25118K, committed 25408K, reserved 1114112K
  class space    used 3760K, committed 3840K, reserved 1048576K
}
Event: 9.643 GC heap before
{Heap before GC invocations=11 (full 0):
 garbage-first heap   total 140288K, used 74719K [0x00000000c2800000, 0x0000000100000000)
  region size 1024K, 14 young (14336K), 1 survivors (1024K)
 Metaspace       used 28557K, committed 28800K, reserved 1114112K
  class space    used 4155K, committed 4288K, reserved 1048576K
}
Event: 9.647 GC heap after
{Heap after GC invocations=12 (full 0):
 garbage-first heap   total 140288K, used 65845K [0x00000000c2800000, 0x0000000100000000)
  region size 1024K, 4 young (4096K), 4 survivors (4096K)
 Metaspace       used 28557K, committed 28800K, reserved 1114112K
  class space    used 4155K, committed 4288K, reserved 1048576K
}
Event: 13.357 GC heap before
{Heap before GC invocations=13 (full 0):
 garbage-first heap   total 140288K, used 129333K [0x00000000c2800000, 0x0000000100000000)
  region size 1024K, 23 young (23552K), 4 survivors (4096K)
 Metaspace       used 30353K, committed 30592K, reserved 1114112K
  class space    used 4287K, committed 4416K, reserved 1048576K
}
Event: 13.372 GC heap after
{Heap after GC invocations=14 (full 0):
 garbage-first heap   total 140288K, used 96294K [0x00000000c2800000, 0x0000000100000000)
  region size 1024K, 4 young (4096K), 4 survivors (4096K)
 Metaspace       used 30353K, committed 30592K, reserved 1114112K
  class space    used 4287K, committed 4416K, reserved 1048576K
}
Event: 14.277 GC heap before
{Heap before GC invocations=14 (full 0):
 garbage-first heap   total 140288K, used 98342K [0x00000000c2800000, 0x0000000100000000)
  region size 1024K, 6 young (6144K), 4 survivors (4096K)
 Metaspace       used 30396K, committed 30656K, reserved 1114112K
  class space    used 4287K, committed 4416K, reserved 1048576K
}
Event: 14.297 GC heap after
{Heap after GC invocations=15 (full 0):
 garbage-first heap   total 140288K, used 96301K [0x00000000c2800000, 0x0000000100000000)
  region size 1024K, 1 young (1024K), 1 survivors (1024K)
 Metaspace       used 30396K, committed 30656K, reserved 1114112K
  class space    used 4287K, committed 4416K, reserved 1048576K
}
Event: 20.340 GC heap before
{Heap before GC invocations=15 (full 0):
 garbage-first heap   total 140288K, used 108589K [0x00000000c2800000, 0x0000000100000000)
  region size 1024K, 14 young (14336K), 1 survivors (1024K)
 Metaspace       used 30601K, committed 30848K, reserved 1114112K
  class space    used 4296K, committed 4416K, reserved 1048576K
}
Event: 20.348 GC heap after
{Heap after GC invocations=16 (full 0):
 garbage-first heap   total 140288K, used 96560K [0x00000000c2800000, 0x0000000100000000)
  region size 1024K, 1 young (1024K), 1 survivors (1024K)
 Metaspace       used 30601K, committed 30848K, reserved 1114112K
  class space    used 4296K, committed 4416K, reserved 1048576K
}

Dll operation events (2 events):
Event: 0.008 Loaded shared library C:\Users\39\.jdks\jbr-17.0.12-1\bin\java.dll
Event: 0.044 Loaded shared library C:\Users\39\.jdks\jbr-17.0.12-1\bin\jsvml.dll

Deoptimization events (20 events):
Event: 16.658 Thread 0x000001ecee194250 DEOPT PACKING pc=0x000001ecdd8e9828 sp=0x000000cc9bcfdd10
Event: 16.658 Thread 0x000001ecee194250 DEOPT UNPACKING pc=0x000001ecdd1569a3 sp=0x000000cc9bcfdac0 mode 2
Event: 17.761 Thread 0x000001ecee1923f0 DEOPT PACKING pc=0x000001ecd656f925 sp=0x000000cc9bafdc30
Event: 17.761 Thread 0x000001ecee1923f0 DEOPT UNPACKING pc=0x000001ecdd157143 sp=0x000000cc9bafd0d0 mode 0
Event: 19.214 Thread 0x000001ecee194250 Uncommon trap: trap_request=0xffffffc6 fr.pc=0x000001ecdd8e6710 relative=0x0000000000000770
Event: 19.214 Thread 0x000001ecee194250 Uncommon trap: reason=bimorphic_or_optimized_type_check action=maybe_recompile pc=0x000001ecdd8e6710 method=javafx.scene.Node.getLocalBounds(Lcom/sun/javafx/geom/BaseBounds;Lcom/sun/javafx/geom/transform/BaseTransform;)Lcom/sun/javafx/geom/BaseBounds; @ 2
Event: 19.214 Thread 0x000001ecee194250 DEOPT PACKING pc=0x000001ecdd8e6710 sp=0x000000cc9bcfe2e0
Event: 19.214 Thread 0x000001ecee194250 DEOPT UNPACKING pc=0x000001ecdd1569a3 sp=0x000000cc9bcfe298 mode 2
Event: 19.215 Thread 0x000001ecee1923f0 Uncommon trap: trap_request=0xffffffde fr.pc=0x000001ecdd880ac4 relative=0x0000000000000264
Event: 19.215 Thread 0x000001ecee1923f0 Uncommon trap: reason=class_check action=maybe_recompile pc=0x000001ecdd880ac4 method=com.sun.javafx.geom.transform.AffineBase.getType()I @ 9 c2
Event: 19.215 Thread 0x000001ecee1923f0 DEOPT PACKING pc=0x000001ecdd880ac4 sp=0x000000cc9bafd5d0
Event: 19.215 Thread 0x000001ecee1923f0 DEOPT UNPACKING pc=0x000001ecdd1569a3 sp=0x000000cc9bafd568 mode 2
Event: 19.220 Thread 0x000001ecee1923f0 Uncommon trap: trap_request=0xffffff45 fr.pc=0x000001ecdd8f5f00 relative=0x00000000000001e0
Event: 19.220 Thread 0x000001ecee1923f0 Uncommon trap: reason=unstable_if action=reinterpret pc=0x000001ecdd8f5f00 method=com.sun.javafx.geom.transform.AffineBase.concatenate(Lcom/sun/javafx/geom/transform/BaseTransform;)V @ 108 c2
Event: 19.220 Thread 0x000001ecee1923f0 DEOPT PACKING pc=0x000001ecdd8f5f00 sp=0x000000cc9bafbd60
Event: 19.220 Thread 0x000001ecee1923f0 DEOPT UNPACKING pc=0x000001ecdd1569a3 sp=0x000000cc9bafbc88 mode 2
Event: 20.168 Thread 0x000001ecee194250 Uncommon trap: trap_request=0xffffffc6 fr.pc=0x000001ecdd8e6710 relative=0x0000000000000770
Event: 20.168 Thread 0x000001ecee194250 Uncommon trap: reason=bimorphic_or_optimized_type_check action=maybe_recompile pc=0x000001ecdd8e6710 method=javafx.scene.Node.getLocalBounds(Lcom/sun/javafx/geom/BaseBounds;Lcom/sun/javafx/geom/transform/BaseTransform;)Lcom/sun/javafx/geom/BaseBounds; @ 2
Event: 20.168 Thread 0x000001ecee194250 DEOPT PACKING pc=0x000001ecdd8e6710 sp=0x000000cc9bcfe2e0
Event: 20.169 Thread 0x000001ecee194250 DEOPT UNPACKING pc=0x000001ecdd1569a3 sp=0x000000cc9bcfe298 mode 2

Classes loaded (20 events):
Event: 9.880 Loading class sun/net/www/http/KeepAliveStreamCleaner$1
Event: 9.880 Loading class sun/net/www/http/KeepAliveStreamCleaner$1 done
Event: 9.880 Loading class sun/net/www/http/KeepAliveStreamCleaner$2
Event: 9.880 Loading class sun/net/www/http/KeepAliveStreamCleaner$2 done
Event: 9.880 Loading class sun/net/www/protocol/http/HttpURLConnection$HttpInputStream
Event: 9.881 Loading class sun/net/www/protocol/http/HttpURLConnection$HttpInputStream done
Event: 9.883 Loading class java/util/Collections$UnmodifiableMap$UnmodifiableEntrySet$1
Event: 9.884 Loading class java/util/Collections$UnmodifiableMap$UnmodifiableEntrySet$1 done
Event: 9.884 Loading class java/util/Collections$UnmodifiableMap$UnmodifiableEntrySet$UnmodifiableEntry
Event: 9.884 Loading class java/util/Collections$UnmodifiableMap$UnmodifiableEntrySet$UnmodifiableEntry done
Event: 9.884 Loading class java/io/InterruptedIOException
Event: 9.884 Loading class java/io/InterruptedIOException done
Event: 11.482 Loading class jdk/internal/access/foreign/MemorySegmentProxy
Event: 11.483 Loading class jdk/internal/access/foreign/MemorySegmentProxy done
Event: 12.105 Loading class sun/net/www/http/KeepAliveCache$1
Event: 12.105 Loading class sun/net/www/http/KeepAliveCache$1 done
Event: 12.106 Loading class sun/net/www/http/ClientVector
Event: 12.106 Loading class sun/net/www/http/ClientVector done
Event: 12.122 Loading class sun/net/www/http/KeepAliveEntry
Event: 12.123 Loading class sun/net/www/http/KeepAliveEntry done

Classes unloaded (0 events):
No events

Classes redefined (0 events):
No events

Internal exceptions (20 events):
Event: 3.301 Thread 0x000001ecee1923f0 Exception <a 'java/lang/NoSuchMethodError'{0x00000000c568c628}: 'int java.lang.invoke.DirectMethodHandle$Holder.invokeStaticInit(java.lang.Object, java.lang.Object)'> (0x00000000c568c628) 
thrown [s\src\hotspot\share\interpreter\linkResolver.cpp, line 771]
Event: 5.328 Thread 0x000001ecee194250 Exception <a 'java/lang/NoSuchMethodError'{0x00000000c53dfbc0}: 'long java.lang.invoke.DirectMethodHandle$Holder.invokeStatic(java.lang.Object, java.lang.Object, java.lang.Object)'> (0x00000000c53dfbc0) 
thrown [s\src\hotspot\share\interpreter\linkResolver.cpp, line 771]
Event: 5.328 Thread 0x000001ecee194250 Exception <a 'java/lang/NoSuchMethodError'{0x00000000c53e3610}: 'long java.lang.invoke.DirectMethodHandle$Holder.invokeStaticInit(java.lang.Object, java.lang.Object, java.lang.Object)'> (0x00000000c53e3610) 
thrown [s\src\hotspot\share\interpreter\linkResolver.cpp, line 771]
Event: 5.331 Thread 0x000001ecee194250 Exception <a 'java/lang/NoSuchMethodError'{0x00000000c53fb718}: 'java.lang.Object java.lang.invoke.DirectMethodHandle$Holder.newInvokeSpecial(java.lang.Object, java.lang.Object, long)'> (0x00000000c53fb718) 
thrown [s\src\hotspot\share\interpreter\linkResolver.cpp, line 771]
Event: 5.331 Thread 0x000001ecee194250 Exception <a 'java/lang/NoSuchMethodError'{0x00000000c53ff288}: 'java.lang.Object java.lang.invoke.Invokers$Holder.linkToTargetMethod(java.lang.Object, long, java.lang.Object)'> (0x00000000c53ff288) 
thrown [s\src\hotspot\share\interpreter\linkResolver.cpp, line 771]
Event: 5.541 Thread 0x000001ecee194250 Exception <a 'java/io/FileNotFoundException'{0x00000000c5220ed0}> (0x00000000c5220ed0) 
thrown [s\src\hotspot\share\prims\jni.cpp, line 531]
Event: 5.614 Thread 0x000001ecee194250 Exception <a 'java/lang/ClassNotFoundException'{0x00000000c50e6b70}: com/sun/javafx/scene/control/skin/resources/controls-nt> (0x00000000c50e6b70) 
thrown [s\src\hotspot\share\prims\jni.cpp, line 550]
Event: 5.614 Thread 0x000001ecee194250 Exception <a 'java/lang/ClassNotFoundException'{0x00000000c50ef138}: com/sun/javafx/scene/control/skin/resources/controls-nt_fr> (0x00000000c50ef138) 
thrown [s\src\hotspot\share\prims\jni.cpp, line 550]
Event: 5.615 Thread 0x000001ecee194250 Exception <a 'java/lang/ClassNotFoundException'{0x00000000c50f08a8}: com/sun/javafx/scene/control/skin/resources/controls-nt_fr_FR> (0x00000000c50f08a8) 
thrown [s\src\hotspot\share\prims\jni.cpp, line 550]
Event: 6.490 Thread 0x000001ecee1923f0 Exception <a 'java/lang/NoSuchMethodError'{0x00000000c51236a0}: 'java.lang.Object java.lang.invoke.DirectMethodHandle$Holder.invokeStaticInit(java.lang.Object, int)'> (0x00000000c51236a0) 
thrown [s\src\hotspot\share\interpreter\linkResolver.cpp, line 771]
Event: 8.571 Thread 0x000001ecee194250 Exception <a 'java/lang/NoSuchMethodError'{0x00000000c4d690a0}: 'java.lang.Object java.lang.invoke.DirectMethodHandle$Holder.invokeStaticInit(java.lang.Object, java.lang.Object, java.lang.Object)'> (0x00000000c4d690a0) 
thrown [s\src\hotspot\share\interpreter\linkResolver.cpp, line 771]
Event: 8.625 Thread 0x000001ecf44d7af0 Exception <a 'sun/nio/fs/WindowsException'{0x00000000c656f6b0}> (0x00000000c656f6b0) 
thrown [s\src\hotspot\share\prims\jni.cpp, line 531]
Event: 8.646 Thread 0x000001ecf44d7af0 Exception <a 'java/lang/NoSuchMethodError'{0x00000000c6502cd0}: 'int java.lang.invoke.DirectMethodHandle$Holder.invokeStaticInit(java.lang.Object, java.lang.Object, java.lang.Object, java.lang.Object)'> (0x00000000c6502cd0) 
thrown [s\src\hotspot\share\interpreter\linkResolver.cpp, line 771]
Event: 8.647 Thread 0x000001ecf44d7af0 Exception <a 'java/lang/IncompatibleClassChangeError'{0x00000000c650ca20}: Found class java.lang.Object, but interface was expected> (0x00000000c650ca20) 
thrown [s\src\hotspot\share\interpreter\linkResolver.cpp, line 838]
Event: 8.742 Thread 0x000001ecee194250 Exception <a 'java/io/FileNotFoundException'{0x00000000c7211c58}> (0x00000000c7211c58) 
thrown [s\src\hotspot\share\prims\jni.cpp, line 531]
Event: 8.817 Thread 0x000001ecf44d7af0 Exception <a 'java/lang/NoSuchMethodError'{0x00000000cac2e7d8}: 'java.lang.Object java.lang.invoke.DirectMethodHandle$Holder.invokeStaticInit(java.lang.Object, int, int, int, int)'> (0x00000000cac2e7d8) 
thrown [s\src\hotspot\share\interpreter\linkResolver.cpp, line 771]
Event: 8.950 Thread 0x000001ecf44da880 Exception <a 'java/lang/NoSuchMethodError'{0x00000000ca9136e8}: 'java.lang.Object java.lang.invoke.DirectMethodHandle$Holder.invokeStaticInit(java.lang.Object, java.lang.Object, int, int, int, int)'> (0x00000000ca9136e8) 
thrown [s\src\hotspot\share\interpreter\linkResolver.cpp, line 771]
Event: 9.881 Thread 0x000001ecf44d75e0 Exception <a 'java/lang/NoSuchMethodError'{0x00000000caa30bf8}: 'void java.lang.invoke.DirectMethodHandle$Holder.invokeSpecial(java.lang.Object, java.lang.Object, int, int)'> (0x00000000caa30bf8) 
thrown [s\src\hotspot\share\interpreter\linkResolver.cpp, line 771]
Event: 9.882 Thread 0x000001ecf44d75e0 Exception <a 'java/lang/NoSuchMethodError'{0x00000000ca8d1ea8}: 'java.lang.Object java.lang.invoke.DirectMethodHandle$Holder.newInvokeSpecial(java.lang.Object, java.lang.Object, int, int)'> (0x00000000ca8d1ea8) 
thrown [s\src\hotspot\share\interpreter\linkResolver.cpp, line 771]
Event: 11.692 Thread 0x000001ecee194250 Exception <a 'java/lang/NoSuchMethodError'{0x00000000ca7d45e8}: 'java.lang.Object java.lang.invoke.DirectMethodHandle$Holder.newInvokeSpecial(java.lang.Object, java.lang.Object, java.lang.Object, double, double, double, double, int, int, int, int, int, int, int, int, int)'> (0x00000000ca7d45e8) 
thrown [s\src\hotspot\share\interpreter\linkResolver.cpp, line 771]

VM Operations (20 events):
Event: 12.122 Executing VM operation: HandshakeAllThreads done
Event: 13.122 Executing VM operation: Cleanup
Event: 13.123 Executing VM operation: Cleanup done
Event: 13.357 Executing VM operation: G1CollectForAllocation
Event: 13.372 Executing VM operation: G1CollectForAllocation done
Event: 14.277 Executing VM operation: G1CollectForAllocation
Event: 14.298 Executing VM operation: G1CollectForAllocation done
Event: 16.298 Executing VM operation: Cleanup
Event: 16.298 Executing VM operation: Cleanup done
Event: 17.299 Executing VM operation: Cleanup
Event: 17.299 Executing VM operation: Cleanup done
Event: 18.299 Executing VM operation: Cleanup
Event: 18.300 Executing VM operation: Cleanup done
Event: 19.300 Executing VM operation: Cleanup
Event: 19.300 Executing VM operation: Cleanup done
Event: 20.300 Executing VM operation: Cleanup
Event: 20.300 Executing VM operation: Cleanup done
Event: 20.340 Executing VM operation: G1TryInitiateConcMark
Event: 20.348 Executing VM operation: G1TryInitiateConcMark done
Event: 20.389 Executing VM operation: G1PauseRemark

Events (20 events):
Event: 8.651 Thread 0x000001ecf44d75e0 Thread added: 0x000001ecf44d75e0
Event: 8.740 Thread 0x000001ecf44da880 Thread added: 0x000001ecf44da880
Event: 9.014 Loaded shared library C:\Users\39\.jdks\jbr-17.0.12-1\bin\sunmscapi.dll
Event: 9.663 Thread 0x000001ecf44d8510 Thread added: 0x000001ecf44d8510
Event: 9.809 Thread 0x000001ecf44d8f30 Thread added: 0x000001ecf44d8f30
Event: 9.809 Thread 0x000001ecf44d9950 Thread added: 0x000001ecf44d9950
Event: 9.809 Thread 0x000001ecf44da370 Thread added: 0x000001ecf44da370
Event: 9.809 Thread 0x000001ecf44d8f30 Thread exited: 0x000001ecf44d8f30
Event: 9.809 Thread 0x000001ecf44da370 Thread exited: 0x000001ecf44da370
Event: 9.809 Thread 0x000001ecf44d9950 Thread exited: 0x000001ecf44d9950
Event: 9.820 Thread 0x000001ecf44d8f30 Thread added: 0x000001ecf44d8f30
Event: 9.820 Thread 0x000001ecf44d8f30 Thread exited: 0x000001ecf44d8f30
Event: 9.948 Loaded shared library C:\Users\39\.openjfx\cache\21.0.2+5\amd64\javafx_iio.dll
Event: 12.106 Thread 0x000001ecf44da370 Thread added: 0x000001ecf44da370
Event: 12.128 Thread 0x000001ecf44d9950 Thread added: 0x000001ecf44d9950
Event: 13.130 Thread 0x000001ecf44da880 Thread exited: 0x000001ecf44da880
Event: 13.227 Thread 0x000001ecf44d7af0 Thread exited: 0x000001ecf44d7af0
Event: 13.532 Thread 0x000001ecf44d75e0 Thread exited: 0x000001ecf44d75e0
Event: 14.665 Thread 0x000001ecf44d9950 Thread exited: 0x000001ecf44d9950
Event: 14.790 Thread 0x000001ecf44d8510 Thread exited: 0x000001ecf44d8510


Dynamic libraries:
0x00007ff708830000 - 0x00007ff70883a000 	C:\Users\39\.jdks\jbr-17.0.12-1\bin\java.exe
0x00007ffab2050000 - 0x00007ffab2248000 	C:\Windows\SYSTEM32\ntdll.dll
0x00007ffab0bc0000 - 0x00007ffab0c82000 	C:\Windows\System32\KERNEL32.DLL
0x00007ffaafa20000 - 0x00007ffaafd1f000 	C:\Windows\System32\KERNELBASE.dll
0x00007ffaaf920000 - 0x00007ffaafa20000 	C:\Windows\System32\ucrtbase.dll
0x00007ffa98f00000 - 0x00007ffa98f1b000 	C:\Users\39\.jdks\jbr-17.0.12-1\bin\VCRUNTIME140.dll
0x00007ffa95fe0000 - 0x00007ffa95ff7000 	C:\Users\39\.jdks\jbr-17.0.12-1\bin\jli.dll
0x00007ffab0190000 - 0x00007ffab032d000 	C:\Windows\System32\USER32.dll
0x00007ffaaff30000 - 0x00007ffaaff52000 	C:\Windows\System32\win32u.dll
0x00007ffab0890000 - 0x00007ffab08bb000 	C:\Windows\System32\GDI32.dll
0x00007ffaaed70000 - 0x00007ffaaf00a000 	C:\Windows\WinSxS\amd64_microsoft.windows.common-controls_6595b64144ccf1df_6.0.19041.4355_none_60b8b9eb71f62e16\COMCTL32.dll
0x00007ffaaf6f0000 - 0x00007ffaaf80a000 	C:\Windows\System32\gdi32full.dll
0x00007ffaaff60000 - 0x00007ffaafffd000 	C:\Windows\System32\msvcp_win.dll
0x00007ffab08c0000 - 0x00007ffab095e000 	C:\Windows\System32\msvcrt.dll
0x00007ffab1f70000 - 0x00007ffab1f9f000 	C:\Windows\System32\IMM32.DLL
0x00007ffaa4740000 - 0x00007ffaa474c000 	C:\Users\39\.jdks\jbr-17.0.12-1\bin\vcruntime140_1.dll
0x00007ffa888c0000 - 0x00007ffa8894d000 	C:\Users\39\.jdks\jbr-17.0.12-1\bin\msvcp140.dll
0x00007ffa2a690000 - 0x00007ffa2b31a000 	C:\Users\39\.jdks\jbr-17.0.12-1\bin\server\jvm.dll
0x00007ffab0330000 - 0x00007ffab03df000 	C:\Windows\System32\ADVAPI32.dll
0x00007ffab1860000 - 0x00007ffab18ff000 	C:\Windows\System32\sechost.dll
0x00007ffab1e40000 - 0x00007ffab1f63000 	C:\Windows\System32\RPCRT4.dll
0x00007ffaaf810000 - 0x00007ffaaf837000 	C:\Windows\System32\bcrypt.dll
0x00007ffab1fa0000 - 0x00007ffab200b000 	C:\Windows\System32\WS2_32.dll
0x00007ffaaf260000 - 0x00007ffaaf2ab000 	C:\Windows\SYSTEM32\POWRPROF.dll
0x00007ffa9b820000 - 0x00007ffa9b847000 	C:\Windows\SYSTEM32\WINMM.dll
0x00007ffaac050000 - 0x00007ffaac05a000 	C:\Windows\SYSTEM32\VERSION.dll
0x00007ffaaf010000 - 0x00007ffaaf022000 	C:\Windows\SYSTEM32\UMPDC.dll
0x00007ffaac760000 - 0x00007ffaac772000 	C:\Windows\SYSTEM32\kernel.appcore.dll
0x00007ffa8a9e0000 - 0x00007ffa8a9ea000 	C:\Users\39\.jdks\jbr-17.0.12-1\bin\jimage.dll
0x00007ffaaf070000 - 0x00007ffaaf254000 	C:\Windows\SYSTEM32\DBGHELP.DLL
0x00007ffaaf030000 - 0x00007ffaaf064000 	C:\Windows\SYSTEM32\dbgcore.DLL
0x00007ffaaf840000 - 0x00007ffaaf8c2000 	C:\Windows\System32\bcryptPrimitives.dll
0x00007ffa884c0000 - 0x00007ffa884e5000 	C:\Users\39\.jdks\jbr-17.0.12-1\bin\java.dll
0x00007ffa4f4e0000 - 0x00007ffa4f5b7000 	C:\Users\39\.jdks\jbr-17.0.12-1\bin\jsvml.dll
0x00007ffab0e90000 - 0x00007ffab15fd000 	C:\Windows\System32\SHELL32.dll
0x00007ffaac9a0000 - 0x00007ffaad144000 	C:\Windows\SYSTEM32\windows.storage.dll
0x00007ffab1ae0000 - 0x00007ffab1e35000 	C:\Windows\System32\combase.dll
0x00007ffaae990000 - 0x00007ffaae9bf000 	C:\Windows\SYSTEM32\Wldp.dll
0x00007ffab1990000 - 0x00007ffab1a5d000 	C:\Windows\System32\OLEAUT32.dll
0x00007ffab17b0000 - 0x00007ffab185d000 	C:\Windows\System32\SHCORE.dll
0x00007ffab00d0000 - 0x00007ffab0125000 	C:\Windows\System32\shlwapi.dll
0x00007ffaaf620000 - 0x00007ffaaf644000 	C:\Windows\SYSTEM32\profapi.dll
0x00007ffa884a0000 - 0x00007ffa884b9000 	C:\Users\39\.jdks\jbr-17.0.12-1\bin\net.dll
0x00007ffaa58e0000 - 0x00007ffaa59ea000 	C:\Windows\SYSTEM32\WINHTTP.dll
0x00007ffaae710000 - 0x00007ffaae77c000 	C:\Windows\system32\mswsock.dll
0x00007ffa6f5d0000 - 0x00007ffa6f5e6000 	C:\Users\39\.jdks\jbr-17.0.12-1\bin\nio.dll
0x00007ffa888a0000 - 0x00007ffa888b8000 	C:\Users\39\.jdks\jbr-17.0.12-1\bin\zip.dll
0x000001ecd03f0000 - 0x000001ecd03f3000 	C:\Users\39\.openjfx\cache\21.0.2+5\amd64\api-ms-win-core-console-l1-1-0.dll
0x000001ecd2320000 - 0x000001ecd2323000 	C:\Users\39\.openjfx\cache\21.0.2+5\amd64\api-ms-win-core-console-l1-2-0.dll
0x000001ecd2330000 - 0x000001ecd2333000 	C:\Users\39\.openjfx\cache\21.0.2+5\amd64\api-ms-win-core-datetime-l1-1-0.dll
0x000001ecd2340000 - 0x000001ecd2343000 	C:\Users\39\.openjfx\cache\21.0.2+5\amd64\api-ms-win-core-debug-l1-1-0.dll
0x000001ecd2350000 - 0x000001ecd2353000 	C:\Users\39\.openjfx\cache\21.0.2+5\amd64\api-ms-win-core-errorhandling-l1-1-0.dll
0x000001ecd2360000 - 0x000001ecd2364000 	C:\Users\39\.openjfx\cache\21.0.2+5\amd64\api-ms-win-core-file-l1-1-0.dll
0x000001ecd2370000 - 0x000001ecd2373000 	C:\Users\39\.openjfx\cache\21.0.2+5\amd64\api-ms-win-core-file-l1-2-0.dll
0x000001ecd2380000 - 0x000001ecd2383000 	C:\Users\39\.openjfx\cache\21.0.2+5\amd64\api-ms-win-core-file-l2-1-0.dll
0x000001ecd2390000 - 0x000001ecd2393000 	C:\Users\39\.openjfx\cache\21.0.2+5\amd64\api-ms-win-core-handle-l1-1-0.dll
0x000001ecd23a0000 - 0x000001ecd23a3000 	C:\Users\39\.openjfx\cache\21.0.2+5\amd64\api-ms-win-core-heap-l1-1-0.dll
0x000001ece9f40000 - 0x000001ece9f43000 	C:\Users\39\.openjfx\cache\21.0.2+5\amd64\api-ms-win-core-interlocked-l1-1-0.dll
0x000001ece9f50000 - 0x000001ece9f53000 	C:\Users\39\.openjfx\cache\21.0.2+5\amd64\api-ms-win-core-libraryloader-l1-1-0.dll
0x000001ece9f60000 - 0x000001ece9f63000 	C:\Users\39\.openjfx\cache\21.0.2+5\amd64\api-ms-win-core-localization-l1-2-0.dll
0x000001ece9f70000 - 0x000001ece9f73000 	C:\Users\39\.openjfx\cache\21.0.2+5\amd64\api-ms-win-core-memory-l1-1-0.dll
0x000001ece9f80000 - 0x000001ece9f83000 	C:\Users\39\.openjfx\cache\21.0.2+5\amd64\api-ms-win-core-namedpipe-l1-1-0.dll
0x000001ece9f90000 - 0x000001ece9f93000 	C:\Users\39\.openjfx\cache\21.0.2+5\amd64\api-ms-win-core-processenvironment-l1-1-0.dll
0x000001ece9fa0000 - 0x000001ece9fa3000 	C:\Users\39\.openjfx\cache\21.0.2+5\amd64\api-ms-win-core-processthreads-l1-1-0.dll
0x000001ece9fb0000 - 0x000001ece9fb3000 	C:\Users\39\.openjfx\cache\21.0.2+5\amd64\api-ms-win-core-processthreads-l1-1-1.dll
0x000001ece9fc0000 - 0x000001ece9fc3000 	C:\Users\39\.openjfx\cache\21.0.2+5\amd64\api-ms-win-core-profile-l1-1-0.dll
0x000001ece9fd0000 - 0x000001ece9fd3000 	C:\Users\39\.openjfx\cache\21.0.2+5\amd64\api-ms-win-core-rtlsupport-l1-1-0.dll
0x000001ece9fe0000 - 0x000001ece9fe3000 	C:\Users\39\.openjfx\cache\21.0.2+5\amd64\api-ms-win-core-string-l1-1-0.dll
0x000001ece9ff0000 - 0x000001ece9ff3000 	C:\Users\39\.openjfx\cache\21.0.2+5\amd64\api-ms-win-core-synch-l1-1-0.dll
0x000001eceed30000 - 0x000001eceed33000 	C:\Users\39\.openjfx\cache\21.0.2+5\amd64\api-ms-win-core-synch-l1-2-0.dll
0x000001eceed40000 - 0x000001eceed43000 	C:\Users\39\.openjfx\cache\21.0.2+5\amd64\api-ms-win-core-sysinfo-l1-1-0.dll
0x000001eceed50000 - 0x000001eceed53000 	C:\Users\39\.openjfx\cache\21.0.2+5\amd64\api-ms-win-core-timezone-l1-1-0.dll
0x000001eceed60000 - 0x000001eceed63000 	C:\Users\39\.openjfx\cache\21.0.2+5\amd64\api-ms-win-core-util-l1-1-0.dll
0x000001eceed70000 - 0x000001eceed73000 	C:\Users\39\.openjfx\cache\21.0.2+5\amd64\api-ms-win-crt-conio-l1-1-0.dll
0x000001eceed80000 - 0x000001eceed84000 	C:\Users\39\.openjfx\cache\21.0.2+5\amd64\api-ms-win-crt-convert-l1-1-0.dll
0x000001eceed90000 - 0x000001eceed93000 	C:\Users\39\.openjfx\cache\21.0.2+5\amd64\api-ms-win-crt-environment-l1-1-0.dll
0x000001eceeda0000 - 0x000001eceeda3000 	C:\Users\39\.openjfx\cache\21.0.2+5\amd64\api-ms-win-crt-filesystem-l1-1-0.dll
0x000001eceedb0000 - 0x000001eceedb3000 	C:\Users\39\.openjfx\cache\21.0.2+5\amd64\api-ms-win-crt-heap-l1-1-0.dll
0x000001eceedc0000 - 0x000001eceedc3000 	C:\Users\39\.openjfx\cache\21.0.2+5\amd64\api-ms-win-crt-locale-l1-1-0.dll
0x000001eceedd0000 - 0x000001eceedd5000 	C:\Users\39\.openjfx\cache\21.0.2+5\amd64\api-ms-win-crt-math-l1-1-0.dll
0x000001eceede0000 - 0x000001eceede5000 	C:\Users\39\.openjfx\cache\21.0.2+5\amd64\api-ms-win-crt-multibyte-l1-1-0.dll
0x000001eceedf0000 - 0x000001eceee00000 	C:\Users\39\.openjfx\cache\21.0.2+5\amd64\api-ms-win-crt-private-l1-1-0.dll
0x000001eceee00000 - 0x000001eceee03000 	C:\Users\39\.openjfx\cache\21.0.2+5\amd64\api-ms-win-crt-process-l1-1-0.dll
0x000001eceee10000 - 0x000001eceee14000 	C:\Users\39\.openjfx\cache\21.0.2+5\amd64\api-ms-win-crt-runtime-l1-1-0.dll
0x000001eceee20000 - 0x000001eceee24000 	C:\Users\39\.openjfx\cache\21.0.2+5\amd64\api-ms-win-crt-stdio-l1-1-0.dll
0x000001eceee30000 - 0x000001eceee34000 	C:\Users\39\.openjfx\cache\21.0.2+5\amd64\api-ms-win-crt-string-l1-1-0.dll
0x000001eceee40000 - 0x000001eceee43000 	C:\Users\39\.openjfx\cache\21.0.2+5\amd64\api-ms-win-crt-time-l1-1-0.dll
0x000001eceee50000 - 0x000001eceee53000 	C:\Users\39\.openjfx\cache\21.0.2+5\amd64\api-ms-win-crt-utility-l1-1-0.dll
0x00007ffa4f3e0000 - 0x00007ffa4f4dc000 	C:\Users\39\.openjfx\cache\21.0.2+5\amd64\ucrtbase.dll
0x00007ffa6f560000 - 0x00007ffa6f57b000 	C:\Users\39\.openjfx\cache\21.0.2+5\amd64\vcruntime140.dll
0x00007ffa88490000 - 0x00007ffa8849c000 	C:\Users\39\.openjfx\cache\21.0.2+5\amd64\vcruntime140_1.dll
0x00007ffa2c140000 - 0x00007ffa2c1ce000 	C:\Users\39\.openjfx\cache\21.0.2+5\amd64\msvcp140.dll
0x00007ffa87760000 - 0x00007ffa87769000 	C:\Users\39\.openjfx\cache\21.0.2+5\amd64\msvcp140_1.dll
0x00007ffa4d790000 - 0x00007ffa4d7d1000 	C:\Users\39\.openjfx\cache\21.0.2+5\amd64\msvcp140_2.dll
0x00007ffa6f530000 - 0x00007ffa6f560000 	C:\Users\39\.openjfx\cache\21.0.2+5\amd64\prism_d3d.dll
0x00007ffaa2770000 - 0x00007ffaa2941000 	C:\Windows\system32\d3d9.dll
0x00007ffaac550000 - 0x00007ffaac57f000 	C:\Windows\SYSTEM32\dwmapi.dll
0x00007ffaac2f0000 - 0x00007ffaac38e000 	C:\Windows\system32\uxtheme.dll
0x00007ffa88a70000 - 0x00007ffa88bd5000 	C:\Windows\System32\DriverStore\FileRepository\iigd_dch.inf_amd64_4b31d9b38e2bb506\igdumdim64.dll
0x00007ffab0960000 - 0x00007ffab0a8b000 	C:\Windows\System32\ole32.dll
0x00007ffa24cf0000 - 0x00007ffa2897b000 	C:\Windows\System32\DriverStore\FileRepository\iigd_dch.inf_amd64_4b31d9b38e2bb506\igd9dxva64.dll
0x00007ffab03e0000 - 0x00007ffab0851000 	C:\Windows\System32\SETUPAPI.dll
0x00007ffaaf8d0000 - 0x00007ffaaf91e000 	C:\Windows\System32\cfgmgr32.dll
0x00007ffaa2d10000 - 0x00007ffaa3046000 	C:\Windows\System32\DriverStore\FileRepository\iigd_dch.inf_amd64_4b31d9b38e2bb506\igdgmm64.dll
0x00007ffa4ab30000 - 0x00007ffa4ab72000 	C:\Users\39\.openjfx\cache\21.0.2+5\amd64\glass.dll
0x00007ffab0c90000 - 0x00007ffab0d6a000 	C:\Windows\System32\COMDLG32.dll
0x00007ffab0d70000 - 0x00007ffab0e85000 	C:\Windows\System32\MSCTF.dll
0x00007ffa74960000 - 0x00007ffa74987000 	C:\Windows\System32\DriverStore\FileRepository\iigd_dch.inf_amd64_4b31d9b38e2bb506\igdinfo64.dll
0x00007ffaaf460000 - 0x00007ffaaf478000 	C:\Windows\SYSTEM32\CRYPTSP.dll
0x00007ffaae090000 - 0x00007ffaae0c4000 	C:\Windows\system32\rsaenh.dll
0x00007ffaae900000 - 0x00007ffaae90c000 	C:\Windows\SYSTEM32\CRYPTBASE.dll
0x00007ffa9cb20000 - 0x00007ffa9f8af000 	C:\Windows\System32\DriverStore\FileRepository\iigd_dch.inf_amd64_4b31d9b38e2bb506\igc64.dll
0x00007ffaa3520000 - 0x00007ffaa355b000 	C:\Windows\SYSTEM32\dxcore.dll
0x00007ffaae430000 - 0x00007ffaae4fa000 	C:\Windows\SYSTEM32\DNSAPI.dll
0x00007ffaae3f0000 - 0x00007ffaae42b000 	C:\Windows\SYSTEM32\IPHLPAPI.DLL
0x00007ffab0a90000 - 0x00007ffab0a98000 	C:\Windows\System32\NSI.dll
0x00007ffaa69f0000 - 0x00007ffaa69fa000 	C:\Windows\System32\rasadhlp.dll
0x00007ffaa2140000 - 0x00007ffaa21c0000 	C:\Windows\System32\fwpuclnt.dll
0x00007ffa88a30000 - 0x00007ffa88a39000 	C:\Users\39\.jdks\jbr-17.0.12-1\bin\extnet.dll
0x00007ffa4f3c0000 - 0x00007ffa4f3d4000 	C:\Users\39\.openjfx\cache\21.0.2+5\amd64\javafx_font.dll
0x00007ffaa2430000 - 0x00007ffaa26af000 	C:\Windows\SYSTEM32\dwrite.dll
0x00007ffab0b10000 - 0x00007ffab0bb9000 	C:\Windows\System32\clbcatq.dll
0x00007ffaac060000 - 0x00007ffaac214000 	C:\Windows\SYSTEM32\WindowsCodecs.dll
0x00007ffa92110000 - 0x00007ffa9214e000 	C:\Windows\system32\dataexchange.dll
0x00007ffaa91f0000 - 0x00007ffaa93d4000 	C:\Windows\system32\dcomp.dll
0x00007ffaa82b0000 - 0x00007ffaa8513000 	C:\Windows\system32\d3d11.dll
0x00007ffaad270000 - 0x00007ffaad366000 	C:\Windows\system32\dxgi.dll
0x00007ffaa6b80000 - 0x00007ffaa6d83000 	C:\Windows\system32\twinapi.appcore.dll

dbghelp: loaded successfully - version: 4.0.5 - missing functions: none
symbol engine: initialized successfully - sym options: 0x614 - pdb path: .;C:\Users\39\.jdks\jbr-17.0.12-1\bin;C:\Windows\SYSTEM32;C:\Windows\WinSxS\amd64_microsoft.windows.common-controls_6595b64144ccf1df_6.0.19041.4355_none_60b8b9eb71f62e16;C:\Users\39\.jdks\jbr-17.0.12-1\bin\server;C:\Users\39\.openjfx\cache\21.0.2+5\amd64;C:\Windows\System32\DriverStore\FileRepository\iigd_dch.inf_amd64_4b31d9b38e2bb506;C:\Program Files\Common Files\Microsoft Shared\Ink

VM Arguments:
jvm_args: --module-path=C:\Users\39\.m2\repository\org\openjfx\javafx-base\21.0.2\javafx-base-21.0.2-win.jar;C:\Users\39\.m2\repository\org\openjfx\javafx-base\21.0.2\javafx-base-21.0.2.jar;C:\Users\39\.m2\repository\org\openjfx\javafx-controls\21.0.2\javafx-controls-21.0.2-win.jar;C:\Users\39\.m2\repository\org\openjfx\javafx-controls\21.0.2\javafx-controls-21.0.2.jar;C:\Users\39\.m2\repository\org\openjfx\javafx-fxml\21.0.2\javafx-fxml-21.0.2-win.jar;C:\Users\39\.m2\repository\org\openjfx\javafx-fxml\21.0.2\javafx-fxml-21.0.2.jar;C:\Users\39\.m2\repository\org\openjfx\javafx-graphics\21.0.2\javafx-graphics-21.0.2-win.jar;C:\Users\39\.m2\repository\org\openjfx\javafx-graphics\21.0.2\javafx-graphics-21.0.2.jar;C:\Users\39\.m2\repository\org\openjfx\javafx-media\21.0.2\javafx-media-21.0.2-win.jar;C:\Users\39\.m2\repository\org\openjfx\javafx-media\21.0.2\javafx-media-21.0.2.jar;C:\Users\39\.m2\repository\org\openjfx\javafx-web\21.0.2\javafx-web-21.0.2-win.jar;C:\Users\39\.m2\repository\org\openjfx\javafx-web\21.0.2\javafx-web-21.0.2.jar --add-modules=javafx.base,javafx.controls,javafx.fxml,javafx.graphics,javafx.media,javafx.web 
java_command: org.gymify.tests.MainApp
java_class_path (initial): C:\Users\39\Documents\GitHub\DevAthletes\DevAthletes\gymify\target\classes;C:\Users\39\.m2\repository\com\fasterxml\jackson\core\jackson-annotations\2.12.7\jackson-annotations-2.12.7.jar;C:\Users\39\.m2\repository\com\fasterxml\jackson\core\jackson-core\2.12.7\jackson-core-2.12.7.jar;C:\Users\39\.m2\repository\com\fasterxml\jackson\core\jackson-databind\2.12.7.1\jackson-databind-2.12.7.1.jar;C:\Users\39\.m2\repository\com\google\protobuf\protobuf-java\3.21.9\protobuf-java-3.21.9.jar;C:\Users\39\.m2\repository\com\mysql\mysql-connector-j\8.0.33\mysql-connector-j-8.0.33.jar;C:\Users\39\.m2\repository\io\jsonwebtoken\jjwt\0.12.0\jjwt-0.12.0.jar;C:\Users\39\.m2\repository\io\jsonwebtoken\jjwt-api\0.12.0\jjwt-api-0.12.0.jar;C:\Users\39\.m2\repository\io\jsonwebtoken\jjwt-impl\0.12.0\jjwt-impl-0.12.0.jar;C:\Users\39\.m2\repository\io\jsonwebtoken\jjwt-jackson\0.12.0\jjwt-jackson-0.12.0.jar;C:\Users\39\.m2\repository\org\mindrot\jbcrypt\0.4\jbcrypt-0.4.jar
Launcher Type: SUN_STANDARD

[Global flags]
     intx CICompilerCount                          = 4                                         {product} {ergonomic}
     uint ConcGCThreads                            = 2                                         {product} {ergonomic}
     uint G1ConcRefinementThreads                  = 8                                         {product} {ergonomic}
   size_t G1HeapRegionSize                         = 1048576                                   {product} {ergonomic}
    uintx GCDrainStackTargetSize                   = 64                                        {product} {ergonomic}
   size_t InitialHeapSize                          = 65011712                                  {product} {ergonomic}
   size_t MarkStackSize                            = 4194304                                   {product} {ergonomic}
   size_t MaxHeapSize                              = 1031798784                                {product} {ergonomic}
   size_t MaxNewSize                               = 618659840                                 {product} {ergonomic}
   size_t MinHeapDeltaBytes                        = 1048576                                   {product} {ergonomic}
   size_t MinHeapSize                              = 8388608                                   {product} {ergonomic}
    uintx NonNMethodCodeHeapSize                   = 5839372                                {pd product} {ergonomic}
    uintx NonProfiledCodeHeapSize                  = 122909434                              {pd product} {ergonomic}
    uintx ProfiledCodeHeapSize                     = 122909434                              {pd product} {ergonomic}
    uintx ReservedCodeCacheSize                    = 251658240                              {pd product} {ergonomic}
     bool SegmentedCodeCache                       = true                                      {product} {ergonomic}
   size_t SoftMaxHeapSize                          = 1031798784                             {manageable} {ergonomic}
     bool UseCompressedClassPointers               = true                           {product lp64_product} {ergonomic}
     bool UseCompressedOops                        = true                           {product lp64_product} {ergonomic}
     bool UseG1GC                                  = true                                      {product} {ergonomic}
     bool UseLargePagesIndividualAllocation        = false                                  {pd product} {ergonomic}

Logging:
Log output configuration:
 #0: stdout all=warning uptime,level,tags
 #1: stderr all=off uptime,level,tags

Environment Variables:
PATH=C:\oraclexe\app\oracle\product\11.2.0\server\bin;C:\Users\39\.jdks\jbr-17.0.12-1\bin;C:\Program Files (x86)\VMware\VMware Workstation\bin\;C:\Users\39\.jdks\jbr-17.0.12\bin;C:\Windows\system32;C:\Windows;C:\Windows\System32\Wbem;C:\Windows\System32\WindowsPowerShell\v1.0\;C:\Windows\System32\OpenSSH\;C:\xampp\php;C:\composer;C:\Program Files\Git\cmd;C:\Program Files (x86)\CodeBlocks\MinGW\bin;C:\Program Files (x86)\GnuWin32\bin;C:\Program Files\Apache\Maven\apache-maven-3.8.8\bin;C:\Users\39\scoop\shims;C:\Users\39\AppData\Local\Microsoft\WindowsApps;C:\Users\39\AppData\Roaming\Composer\vendor\bin;C:\Users\39\AppData\Local\Programs\Microsoft VS Code\bin;C:\Users\39\AppData\Local\GitHubDesktop\bin
USERNAME=39
OS=Windows_NT
PROCESSOR_IDENTIFIER=Intel64 Family 6 Model 142 Stepping 12, GenuineIntel
TMP=C:\Users\39\AppData\Local\Temp
TEMP=C:\Users\39\AppData\Local\Temp



Periodic native trim disabled

JNI global refs:
JNI global refs: 31, weak refs: 3

JNI global refs memory usage: 843, weak refs: 841

Process memory usage:
Resident Set Size: 199608K (4% of 4024112K total physical memory with 58972K free physical memory)

OOME stack traces (most recent first):
Classloader memory used:
Loader jdk.internal.loader.ClassLoaders$AppClassLoader                                 : 2196K
Loader bootstrap                                                                       : 1510K
Loader jdk.internal.loader.ClassLoaders$PlatformClassLoader                            : 101156B
Loader jdk.internal.reflect.DelegatingClassLoader                                      : 19469B
Loader com.sun.javafx.reflect.MethodUtil                                               : 510B


---------------  S Y S T E M  ---------------

OS:
 Windows 10 , 64 bit Build 19041 (10.0.19041.5438)
OS uptime: 0 days 21:46 hours

CPU: total 8 (initial active 8) (4 cores per cpu, 2 threads per core) family 6 model 142 stepping 12 microcode 0xde, cx8, cmov, fxsr, ht, mmx, 3dnowpref, sse, sse2, sse3, ssse3, sse4.1, sse4.2, popcnt, lzcnt, tsc, tscinvbit, avx, avx2, aes, erms, clmul, bmi1, bmi2, adx, fma, vzeroupper, clflush, clflushopt
Processor Information for all 8 processors :
  Max Mhz: 2112, Current Mhz: 1609, Mhz Limit: 1605

Memory: 4k page, system-wide physical 3929M (57M free)
TotalPageFile size 16217M (AvailPageFile size 2M)
current process WorkingSet (physical memory assigned to process): 194M, peak: 284M
current process commit charge ("private bytes"): 487M, peak: 505M

vm_info: OpenJDK 64-Bit Server VM (17.0.12+1-b1207.37) for windows-amd64 JRE (17.0.12+1-b1207.37), built on 2024-09-25 by "builduser" with MS VC++ 16.10 / 16.11 (VS2019)

END.
