#
# There is insufficient memory for the Java Runtime Environment to continue.
# Native memory allocation (mmap) failed to map 19922944 bytes. Error detail: G1 virtual space
# Possible reasons:
#   The system is out of physical RAM or swap space
#   This process is running with CompressedOops enabled, and the Java Heap may be blocking the growth of the native heap
# Possible solutions:
#   Reduce memory load on the system
#   Increase physical memory or swap space
#   Check if swap backing store is full
#   Decrease Java heap size (-Xmx/-Xms)
#   Decrease number of Java threads
#   Decrease Java thread stack sizes (-Xss)
#   Set larger code cache with -XX:ReservedCodeCacheSize=
#   JVM is running with Unscaled Compressed Oops mode in which the Java heap is
#     placed in the first 4GB address space. The Java Heap base address is the
#     maximum limit for the native heap growth. Please use -XX:HeapBaseMinAddress
#     to set the Java Heap base and to place the Java Heap above 4GB virtual address.
# This output file may be truncated or incomplete.
#
#  Out of Memory Error (os_windows.cpp:3825), pid=11516, tid=9132
#
# JRE version: OpenJDK Runtime Environment JBR-17.0.12+1-1207.37-nomod (17.0.12+1) (build 17.0.12+1-b1207.37)
# Java VM: OpenJDK 64-Bit Server VM JBR-17.0.12+1-1207.37-nomod (17.0.12+1-b1207.37, mixed mode, sharing, tiered, compressed oops, compressed class ptrs, g1 gc, windows-amd64)
# No core dump will be written. Minidumps are not enabled by default on client versions of Windows
#

---------------  S U M M A R Y ------------

Command Line: --module-path=C:\Users\39\.m2\repository\org\openjfx\javafx-base\21.0.2\javafx-base-21.0.2-win.jar;C:\Users\39\.m2\repository\org\openjfx\javafx-base\21.0.2\javafx-base-21.0.2.jar;C:\Users\39\.m2\repository\org\openjfx\javafx-controls\21.0.2\javafx-controls-21.0.2-win.jar;C:\Users\39\.m2\repository\org\openjfx\javafx-controls\21.0.2\javafx-controls-21.0.2.jar;C:\Users\39\.m2\repository\org\openjfx\javafx-fxml\21.0.2\javafx-fxml-21.0.2-win.jar;C:\Users\39\.m2\repository\org\openjfx\javafx-fxml\21.0.2\javafx-fxml-21.0.2.jar;C:\Users\39\.m2\repository\org\openjfx\javafx-graphics\21.0.2\javafx-graphics-21.0.2-win.jar;C:\Users\39\.m2\repository\org\openjfx\javafx-graphics\21.0.2\javafx-graphics-21.0.2.jar;C:\Users\39\.m2\repository\org\openjfx\javafx-media\21.0.2\javafx-media-21.0.2-win.jar;C:\Users\39\.m2\repository\org\openjfx\javafx-media\21.0.2\javafx-media-21.0.2.jar;C:\Users\39\.m2\repository\org\openjfx\javafx-swing\21.0.2\javafx-swing-21.0.2-win.jar;C:\Users\39\.m2\repository\org\openjfx\javafx-swing\21.0.2\javafx-swing-21.0.2.jar;C:\Users\39\.m2\repository\org\openjfx\javafx-web\21.0.2\javafx-web-21.0.2-win.jar;C:\Users\39\.m2\repository\org\openjfx\javafx-web\21.0.2\javafx-web-21.0.2.jar --add-modules=javafx.base,javafx.controls,javafx.fxml,javafx.graphics,javafx.media,javafx.swing,javafx.web org.gymify.tests.MainApp

Host: Intel(R) Core(TM) i5-10210U CPU @ 1.60GHz, 8 cores, 3G,  Windows 10 , 64 bit Build 19041 (10.0.19041.5678)
Time: Mon May 12 00:08:48 2025 Afr. centrale Ouest elapsed time: 31.155000 seconds (0d 0h 0m 31s)

---------------  T H R E A D  ---------------

Current thread (0x000001f9b48cef00):  VMThread "VM Thread" [stack: 0x00000074e3d00000,0x00000074e3e00000] [id=9132]

Stack: [0x00000074e3d00000,0x00000074e3e00000]
Native frames: (J=compiled Java code, j=interpreted, Vv=VM code, C=native code)
V  [jvm.dll+0x689d89]

VM_Operation (0x00000074e39ff510): G1PauseRemark, mode: safepoint, requested by thread 0x000001f99b049450


---------------  P R O C E S S  ---------------

Threads class SMR info:
_java_thread_list=0x000001f9fa3e1610, length=22, elements={
0x000001f99b004e20, 0x000001f9b48d1b00, 0x000001f9b48d2980, 0x000001f9b48ebc40,
0x000001f9b48ec800, 0x000001f9b48ef1d0, 0x000001f9b48efb90, 0x000001f9b48f0880,
0x000001f9b49070f0, 0x000001f9b48fc2b0, 0x000001f9b48beb10, 0x000001f9b4e3ffd0,
0x000001f9fa2d4dd0, 0x000001f9fa376030, 0x000001f9fa3a3e60, 0x000001f9fa649da0,
0x000001f9fa5ad3e0, 0x000001f9fa60a000, 0x000001f9fa609af0, 0x000001f9fa6090d0,
0x000001f9fa608bc0, 0x000001f980d65fc0
}

Java Threads: ( => current thread )
  0x000001f99b004e20 JavaThread "main" [_thread_blocked, id=7696, stack(0x00000074e3700000,0x00000074e3800000)]
  0x000001f9b48d1b00 JavaThread "Reference Handler" daemon [_thread_blocked, id=16712, stack(0x00000074e3e00000,0x00000074e3f00000)]
  0x000001f9b48d2980 JavaThread "Finalizer" daemon [_thread_blocked, id=18416, stack(0x00000074e3f00000,0x00000074e4000000)]
  0x000001f9b48ebc40 JavaThread "Signal Dispatcher" daemon [_thread_blocked, id=16816, stack(0x00000074e4000000,0x00000074e4100000)]
  0x000001f9b48ec800 JavaThread "Attach Listener" daemon [_thread_blocked, id=15824, stack(0x00000074e4100000,0x00000074e4200000)]
  0x000001f9b48ef1d0 JavaThread "Service Thread" daemon [_thread_blocked, id=3104, stack(0x00000074e4200000,0x00000074e4300000)]
  0x000001f9b48efb90 JavaThread "Monitor Deflation Thread" daemon [_thread_blocked, id=2804, stack(0x00000074e4300000,0x00000074e4400000)]
  0x000001f9b48f0880 JavaThread "C2 CompilerThread0" daemon [_thread_blocked, id=19752, stack(0x00000074e4400000,0x00000074e4500000)]
  0x000001f9b49070f0 JavaThread "C1 CompilerThread0" daemon [_thread_blocked, id=6348, stack(0x00000074e4500000,0x00000074e4600000)]
  0x000001f9b48fc2b0 JavaThread "Sweeper thread" daemon [_thread_blocked, id=3704, stack(0x00000074e4600000,0x00000074e4700000)]
  0x000001f9b48beb10 JavaThread "Common-Cleaner" daemon [_thread_blocked, id=14960, stack(0x00000074e4700000,0x00000074e4800000)]
  0x000001f9b4e3ffd0 JavaThread "Notification Thread" daemon [_thread_blocked, id=18576, stack(0x00000074e4800000,0x00000074e4900000)]
  0x000001f9fa2d4dd0 JavaThread "QuantumRenderer-0" daemon [_thread_blocked, id=10628, stack(0x00000074e4a00000,0x00000074e4b00000)]
  0x000001f9fa376030 JavaThread "InvokeLaterDispatcher" daemon [_thread_blocked, id=18600, stack(0x00000074e4b00000,0x00000074e4c00000)]
  0x000001f9fa3a3e60 JavaThread "JavaFX Application Thread" [_thread_blocked, id=8516, stack(0x00000074e4c00000,0x00000074e4d00000)]
  0x000001f9fa649da0 JavaThread "JavaFX-Launcher" [_thread_blocked, id=2788, stack(0x00000074e5100000,0x00000074e5200000)]
  0x000001f9fa5ad3e0 JavaThread "Thread-2" daemon [_thread_blocked, id=12472, stack(0x00000074e5000000,0x00000074e5100000)]
  0x000001f9fa60a000 JavaThread "mysql-cj-abandoned-connection-cleanup" daemon [_thread_blocked, id=13844, stack(0x00000074e5700000,0x00000074e5800000)]
  0x000001f9fa609af0 JavaThread "Prism Font Disposer" daemon [_thread_blocked, id=7004, stack(0x00000074e5c00000,0x00000074e5d00000)]
  0x000001f9fa6090d0 JavaThread "Java2D Disposer" daemon [_thread_blocked, id=4048, stack(0x00000074e5d00000,0x00000074e5e00000)]
  0x000001f9fa608bc0 JavaThread "AWT-Windows" daemon [_thread_in_native, id=8428, stack(0x00000074e5f00000,0x00000074e6000000)]
  0x000001f980d65fc0 JavaThread "Cleaner-0" daemon [_thread_blocked, id=3944, stack(0x00000074e6400000,0x00000074e6500000)]

Other Threads:
=>0x000001f9b48cef00 VMThread "VM Thread" [stack: 0x00000074e3d00000,0x00000074e3e00000] [id=9132]
  0x000001f99b005de0 WatcherThread [stack: 0x00000074e4900000,0x00000074e4a00000] [id=11912]
  0x000001f99b040a00 GCTaskThread "GC Thread#0" [stack: 0x00000074e3800000,0x00000074e3900000] [id=4772]
  0x000001f9b4ca9fe0 GCTaskThread "GC Thread#1" [stack: 0x00000074e5200000,0x00000074e5300000] [id=1100]
  0x000001f9b4ca94e0 GCTaskThread "GC Thread#2" [stack: 0x00000074e5300000,0x00000074e5400000] [id=11104]
  0x000001f9b4ca8460 GCTaskThread "GC Thread#3" [stack: 0x00000074e5400000,0x00000074e5500000] [id=11196]
  0x000001f9b4ca97a0 GCTaskThread "GC Thread#4" [stack: 0x00000074e5500000,0x00000074e5600000] [id=11460]
  0x000001f9b4ca8720 GCTaskThread "GC Thread#5" [stack: 0x00000074e5600000,0x00000074e5700000] [id=7256]
  0x000001f9b4ca89e0 GCTaskThread "GC Thread#6" [stack: 0x00000074e5800000,0x00000074e5900000] [id=652]
  0x000001f9b4ca8ca0 GCTaskThread "GC Thread#7" [stack: 0x00000074e5900000,0x00000074e5a00000] [id=14300]
  0x000001f99b049450 ConcurrentGCThread "G1 Main Marker" [stack: 0x00000074e3900000,0x00000074e3a00000] [id=15228]
  0x000001f99b04a610 ConcurrentGCThread "G1 Conc#0" [stack: 0x00000074e3a00000,0x00000074e3b00000] [id=19144]
  0x000001f9b4ca8f60 ConcurrentGCThread "G1 Conc#1" [stack: 0x00000074e6300000,0x00000074e6400000] [id=8464]
  0x000001f99b09f700 ConcurrentGCThread "G1 Refine#0" [stack: 0x00000074e3b00000,0x00000074e3c00000] [id=10152]
  0x000001f9804ced10 ConcurrentGCThread "G1 Refine#1" [stack: 0x00000074e5a00000,0x00000074e5b00000] [id=17900]
  0x000001f980578db0 ConcurrentGCThread "G1 Refine#2" [stack: 0x00000074e5b00000,0x00000074e5c00000] [id=19620]
  0x000001f99b0a0130 ConcurrentGCThread "G1 Service" [stack: 0x00000074e3c00000,0x00000074e3d00000] [id=8896]

Threads with active compile tasks:
C2 CompilerThread0    31377 5540       4       com.sun.marlin.Renderer::_endRendering (2639 bytes)

VM state: at safepoint (normal execution)

VM Mutex/Monitor currently owned by a thread:  ([mutex/lock_event])
[0x000001f99b000f80] Threads_lock - owner thread: 0x000001f9b48cef00
[0x000001f99b0008c0] Heap_lock - owner thread: 0x000001f99b049450

Heap address: 0x00000000c2800000, size: 984 MB, Compressed Oops mode: 32-bit

CDS archive(s) mapped at: [0x000001f9b5000000-0x000001f9b5c00000-0x000001f9b5c00000), size 12582912, SharedBaseAddress: 0x000001f9b5000000, ArchiveRelocationMode: 1.
Compressed class space mapped at: 0x000001f9b6000000-0x000001f9f6000000, reserved size: 1073741824
Narrow klass base: 0x000001f9b5000000, Narrow klass shift: 0, Narrow klass range: 0x100000000

GC Precious Log:
 CPUs: 8 total, 8 available
 Memory: 3929M
 Large Page Support: Disabled
 NUMA Support: Disabled
 Compressed Oops: Enabled (32-bit)
 Heap Region Size: 1M
 Heap Min Capacity: 8M
 Heap Initial Capacity: 62M
 Heap Max Capacity: 984M
 Pre-touch: Disabled
 Parallel Workers: 8
 Concurrent Workers: 2
 Concurrent Refinement Workers: 8
 Periodic GC: Disabled

Heap:
 garbage-first heap   total 97280K, used 67770K [0x00000000c2800000, 0x0000000100000000)
  region size 1024K, 3 young (3072K), 2 survivors (2048K)
 Metaspace       used 28232K, committed 28480K, reserved 1114112K
  class space    used 3935K, committed 4032K, reserved 1048576K

Heap Regions: E=young(eden), S=young(survivor), O=old, HS=humongous(starts), HC=humongous(continues), CS=collection set, F=free, OA=open archive, CA=closed archive, TAMS=top-at-mark-start (previous, next)
|   0|0x00000000c2800000, 0x00000000c2900000, 0x00000000c2900000|100%|HS|  |TAMS 0x00000000c2900000, 0x00000000c2800000| Complete 
|   1|0x00000000c2900000, 0x00000000c2a00000, 0x00000000c2a00000|100%| O|  |TAMS 0x00000000c2a00000, 0x00000000c2900000| Untracked 
|   2|0x00000000c2a00000, 0x00000000c2b00000, 0x00000000c2b00000|100%| O|  |TAMS 0x00000000c2b00000, 0x00000000c2a00000| Updating 
|   3|0x00000000c2b00000, 0x00000000c2c00000, 0x00000000c2c00000|100%| O|  |TAMS 0x00000000c2c00000, 0x00000000c2b00000| Untracked 
|   4|0x00000000c2c00000, 0x00000000c2d00000, 0x00000000c2d00000|100%| O|  |TAMS 0x00000000c2d00000, 0x00000000c2c00000| Untracked 
|   5|0x00000000c2d00000, 0x00000000c2e00000, 0x00000000c2e00000|100%| O|  |TAMS 0x00000000c2e00000, 0x00000000c2d00000| Untracked 
|   6|0x00000000c2e00000, 0x00000000c2f00000, 0x00000000c2f00000|100%| O|  |TAMS 0x00000000c2f00000, 0x00000000c2e00000| Untracked 
|   7|0x00000000c2f00000, 0x00000000c3000000, 0x00000000c3000000|100%|HS|  |TAMS 0x00000000c3000000, 0x00000000c2f00000| Complete 
|   8|0x00000000c3000000, 0x00000000c3100000, 0x00000000c3100000|100%| O|  |TAMS 0x00000000c3100000, 0x00000000c3000000| Updating 
|   9|0x00000000c3100000, 0x00000000c3200000, 0x00000000c3200000|100%| O|  |TAMS 0x00000000c3200000, 0x00000000c3100000| Untracked 
|  10|0x00000000c3200000, 0x00000000c3300000, 0x00000000c3300000|100%| O|  |TAMS 0x00000000c3300000, 0x00000000c3200000| Untracked 
|  11|0x00000000c3300000, 0x00000000c337e800, 0x00000000c3400000| 49%| O|  |TAMS 0x00000000c337e800, 0x00000000c3300000| Updating 
|  12|0x00000000c3400000, 0x00000000c3500000, 0x00000000c3500000|100%|HS|  |TAMS 0x00000000c3500000, 0x00000000c3400000| Complete 
|  13|0x00000000c3500000, 0x00000000c3600000, 0x00000000c3600000|100%|HC|  |TAMS 0x00000000c3600000, 0x00000000c3500000| Complete 
|  14|0x00000000c3600000, 0x00000000c3700000, 0x00000000c3700000|100%|HS|  |TAMS 0x00000000c3700000, 0x00000000c3600000| Complete 
|  15|0x00000000c3700000, 0x00000000c3800000, 0x00000000c3800000|100%|HC|  |TAMS 0x00000000c3800000, 0x00000000c3700000| Complete 
|  16|0x00000000c3800000, 0x00000000c3900000, 0x00000000c3900000|100%|HS|  |TAMS 0x00000000c3900000, 0x00000000c3800000| Complete 
|  17|0x00000000c3900000, 0x00000000c3a00000, 0x00000000c3a00000|100%|HC|  |TAMS 0x00000000c3a00000, 0x00000000c3900000| Complete 
|  18|0x00000000c3a00000, 0x00000000c3b00000, 0x00000000c3b00000|100%| O|  |TAMS 0x00000000c3b00000, 0x00000000c3a00000| Updating 
|  19|0x00000000c3b00000, 0x00000000c3c00000, 0x00000000c3c00000|100%| O|  |TAMS 0x00000000c3c00000, 0x00000000c3b00000| Untracked 
|  20|0x00000000c3c00000, 0x00000000c3d00000, 0x00000000c3d00000|100%|HS|  |TAMS 0x00000000c3d00000, 0x00000000c3c00000| Complete 
|  21|0x00000000c3d00000, 0x00000000c3e00000, 0x00000000c3e00000|100%|HC|  |TAMS 0x00000000c3e00000, 0x00000000c3d00000| Complete 
|  22|0x00000000c3e00000, 0x00000000c3f00000, 0x00000000c3f00000|100%|HS|  |TAMS 0x00000000c3f00000, 0x00000000c3e00000| Complete 
|  23|0x00000000c3f00000, 0x00000000c4000000, 0x00000000c4000000|100%|HC|  |TAMS 0x00000000c4000000, 0x00000000c3f00000| Complete 
|  24|0x00000000c4000000, 0x00000000c4100000, 0x00000000c4100000|100%|HS|  |TAMS 0x00000000c4100000, 0x00000000c4000000| Complete 
|  25|0x00000000c4100000, 0x00000000c4200000, 0x00000000c4200000|100%|HC|  |TAMS 0x00000000c4200000, 0x00000000c4100000| Complete 
|  26|0x00000000c4200000, 0x00000000c4300000, 0x00000000c4300000|100%|HS|  |TAMS 0x00000000c4300000, 0x00000000c4200000| Complete 
|  27|0x00000000c4300000, 0x00000000c4400000, 0x00000000c4400000|100%|HC|  |TAMS 0x00000000c4400000, 0x00000000c4300000| Complete 
|  28|0x00000000c4400000, 0x00000000c4500000, 0x00000000c4500000|100%| O|  |TAMS 0x00000000c4500000, 0x00000000c4400000| Untracked 
|  29|0x00000000c4500000, 0x00000000c4600000, 0x00000000c4600000|100%| O|  |TAMS 0x00000000c4600000, 0x00000000c4500000| Untracked 
|  30|0x00000000c4600000, 0x00000000c4700000, 0x00000000c4700000|100%| O|  |TAMS 0x00000000c4700000, 0x00000000c4600000| Untracked 
|  31|0x00000000c4700000, 0x00000000c4800000, 0x00000000c4800000|100%|HS|  |TAMS 0x00000000c4800000, 0x00000000c4700000| Complete 
|  32|0x00000000c4800000, 0x00000000c4900000, 0x00000000c4900000|100%|HC|  |TAMS 0x00000000c4900000, 0x00000000c4800000| Complete 
|  33|0x00000000c4900000, 0x00000000c4a00000, 0x00000000c4a00000|100%|HS|  |TAMS 0x00000000c4a00000, 0x00000000c4900000| Complete 
|  34|0x00000000c4a00000, 0x00000000c4b00000, 0x00000000c4b00000|100%|HC|  |TAMS 0x00000000c4b00000, 0x00000000c4a00000| Complete 
|  35|0x00000000c4b00000, 0x00000000c4c00000, 0x00000000c4c00000|100%|HS|  |TAMS 0x00000000c4c00000, 0x00000000c4b00000| Complete 
|  36|0x00000000c4c00000, 0x00000000c4d00000, 0x00000000c4d00000|100%|HC|  |TAMS 0x00000000c4d00000, 0x00000000c4c00000| Complete 
|  37|0x00000000c4d00000, 0x00000000c4e00000, 0x00000000c4e00000|100%|HS|  |TAMS 0x00000000c4e00000, 0x00000000c4d00000| Complete 
|  38|0x00000000c4e00000, 0x00000000c4f00000, 0x00000000c4f00000|100%|HC|  |TAMS 0x00000000c4f00000, 0x00000000c4e00000| Complete 
|  39|0x00000000c4f00000, 0x00000000c5000000, 0x00000000c5000000|100%|HS|  |TAMS 0x00000000c5000000, 0x00000000c4f00000| Complete 
|  40|0x00000000c5000000, 0x00000000c5100000, 0x00000000c5100000|100%|HC|  |TAMS 0x00000000c5100000, 0x00000000c5000000| Complete 
|  41|0x00000000c5100000, 0x00000000c5200000, 0x00000000c5200000|100%|HS|  |TAMS 0x00000000c5200000, 0x00000000c5100000| Complete 
|  42|0x00000000c5200000, 0x00000000c5300000, 0x00000000c5300000|100%|HC|  |TAMS 0x00000000c5300000, 0x00000000c5200000| Complete 
|  43|0x00000000c5300000, 0x00000000c5400000, 0x00000000c5400000|100%|HS|  |TAMS 0x00000000c5400000, 0x00000000c5300000| Complete 
|  44|0x00000000c5400000, 0x00000000c5500000, 0x00000000c5500000|100%|HC|  |TAMS 0x00000000c5500000, 0x00000000c5400000| Complete 
|  45|0x00000000c5500000, 0x00000000c5600000, 0x00000000c5600000|100%|HS|  |TAMS 0x00000000c5600000, 0x00000000c5500000| Complete 
|  46|0x00000000c5600000, 0x00000000c5700000, 0x00000000c5700000|100%|HC|  |TAMS 0x00000000c5700000, 0x00000000c5600000| Complete 
|  47|0x00000000c5700000, 0x00000000c5800000, 0x00000000c5800000|100%|HS|  |TAMS 0x00000000c5800000, 0x00000000c5700000| Complete 
|  48|0x00000000c5800000, 0x00000000c5900000, 0x00000000c5900000|100%|HC|  |TAMS 0x00000000c5900000, 0x00000000c5800000| Complete 
|  49|0x00000000c5900000, 0x00000000c5a00000, 0x00000000c5a00000|100%|HS|  |TAMS 0x00000000c5a00000, 0x00000000c5900000| Complete 
|  50|0x00000000c5a00000, 0x00000000c5b00000, 0x00000000c5b00000|100%|HC|  |TAMS 0x00000000c5b00000, 0x00000000c5a00000| Complete 
|  51|0x00000000c5b00000, 0x00000000c5c00000, 0x00000000c5c00000|100%|HS|  |TAMS 0x00000000c5c00000, 0x00000000c5b00000| Complete 
|  52|0x00000000c5c00000, 0x00000000c5d00000, 0x00000000c5d00000|100%|HC|  |TAMS 0x00000000c5d00000, 0x00000000c5c00000| Complete 
|  53|0x00000000c5d00000, 0x00000000c5e00000, 0x00000000c5e00000|100%|HS|  |TAMS 0x00000000c5e00000, 0x00000000c5d00000| Complete 
|  54|0x00000000c5e00000, 0x00000000c5f00000, 0x00000000c5f00000|100%|HC|  |TAMS 0x00000000c5f00000, 0x00000000c5e00000| Complete 
|  55|0x00000000c5f00000, 0x00000000c6000000, 0x00000000c6000000|100%|HS|  |TAMS 0x00000000c6000000, 0x00000000c5f00000| Complete 
|  56|0x00000000c6000000, 0x00000000c6100000, 0x00000000c6100000|100%|HC|  |TAMS 0x00000000c6100000, 0x00000000c6000000| Complete 
|  57|0x00000000c6100000, 0x00000000c6200000, 0x00000000c6200000|100%| O|  |TAMS 0x00000000c61d0a00, 0x00000000c6100000| Untracked 
|  58|0x00000000c6200000, 0x00000000c6300000, 0x00000000c6300000|100%| O|  |TAMS 0x00000000c6200000, 0x00000000c6200000| Untracked 
|  59|0x00000000c6300000, 0x00000000c6400000, 0x00000000c6400000|100%| O|  |TAMS 0x00000000c6300000, 0x00000000c6300000| Untracked 
|  60|0x00000000c6400000, 0x00000000c64d4800, 0x00000000c6500000| 83%| O|  |TAMS 0x00000000c6400000, 0x00000000c6400000| Updating 
|  61|0x00000000c6500000, 0x00000000c6600000, 0x00000000c6600000|100%|HS|  |TAMS 0x00000000c6500000, 0x00000000c6500000| Complete 
|  62|0x00000000c6600000, 0x00000000c6700000, 0x00000000c6700000|100%|HC|  |TAMS 0x00000000c6600000, 0x00000000c6600000| Complete 
|  63|0x00000000c6700000, 0x00000000c6800000, 0x00000000c6800000|100%|HS|  |TAMS 0x00000000c6700000, 0x00000000c6700000| Complete 
|  64|0x00000000c6800000, 0x00000000c6900000, 0x00000000c6900000|100%|HC|  |TAMS 0x00000000c6800000, 0x00000000c6800000| Complete 
|  65|0x00000000c6900000, 0x00000000c6900000, 0x00000000c6a00000|  0%| F|  |TAMS 0x00000000c6900000, 0x00000000c6900000| Untracked 
|  66|0x00000000c6a00000, 0x00000000c6a00000, 0x00000000c6b00000|  0%| F|  |TAMS 0x00000000c6a00000, 0x00000000c6a00000| Untracked 
|  67|0x00000000c6b00000, 0x00000000c6b00000, 0x00000000c6c00000|  0%| F|  |TAMS 0x00000000c6b00000, 0x00000000c6b00000| Untracked 
|  68|0x00000000c6c00000, 0x00000000c6c00000, 0x00000000c6d00000|  0%| F|  |TAMS 0x00000000c6c00000, 0x00000000c6c00000| Untracked 
|  69|0x00000000c6d00000, 0x00000000c6d00000, 0x00000000c6e00000|  0%| F|  |TAMS 0x00000000c6d00000, 0x00000000c6d00000| Untracked 
|  70|0x00000000c6e00000, 0x00000000c6e00000, 0x00000000c6f00000|  0%| F|  |TAMS 0x00000000c6e00000, 0x00000000c6e00000| Untracked 
|  71|0x00000000c6f00000, 0x00000000c6f00000, 0x00000000c7000000|  0%| F|  |TAMS 0x00000000c6f00000, 0x00000000c6f00000| Untracked 
|  72|0x00000000c7000000, 0x00000000c7000000, 0x00000000c7100000|  0%| F|  |TAMS 0x00000000c7000000, 0x00000000c7000000| Untracked 
|  73|0x00000000c7100000, 0x00000000c7100000, 0x00000000c7200000|  0%| F|  |TAMS 0x00000000c7100000, 0x00000000c7100000| Untracked 
|  74|0x00000000c7200000, 0x00000000c7200000, 0x00000000c7300000|  0%| F|  |TAMS 0x00000000c7200000, 0x00000000c7200000| Untracked 
|  75|0x00000000c7300000, 0x00000000c7300000, 0x00000000c7400000|  0%| F|  |TAMS 0x00000000c7300000, 0x00000000c7300000| Untracked 
|  76|0x00000000c7400000, 0x00000000c7400000, 0x00000000c7500000|  0%| F|  |TAMS 0x00000000c7400000, 0x00000000c7400000| Untracked 
|  77|0x00000000c7500000, 0x00000000c7500000, 0x00000000c7600000|  0%| F|  |TAMS 0x00000000c7500000, 0x00000000c7500000| Untracked 
|  78|0x00000000c7600000, 0x00000000c7600000, 0x00000000c7700000|  0%| F|  |TAMS 0x00000000c7600000, 0x00000000c7600000| Untracked 
|  79|0x00000000c7700000, 0x00000000c7700000, 0x00000000c7800000|  0%| F|  |TAMS 0x00000000c7700000, 0x00000000c7700000| Untracked 
|  80|0x00000000c7800000, 0x00000000c7800000, 0x00000000c7900000|  0%| F|  |TAMS 0x00000000c7800000, 0x00000000c7800000| Untracked 
|  81|0x00000000c7900000, 0x00000000c7900000, 0x00000000c7a00000|  0%| F|  |TAMS 0x00000000c7900000, 0x00000000c7900000| Untracked 
|  82|0x00000000c7a00000, 0x00000000c7a00000, 0x00000000c7b00000|  0%| F|  |TAMS 0x00000000c7a00000, 0x00000000c7a00000| Untracked 
|  83|0x00000000c7b00000, 0x00000000c7b00000, 0x00000000c7c00000|  0%| F|  |TAMS 0x00000000c7b00000, 0x00000000c7b00000| Untracked 
|  84|0x00000000c7c00000, 0x00000000c7c00000, 0x00000000c7d00000|  0%| F|  |TAMS 0x00000000c7c00000, 0x00000000c7c00000| Untracked 
|  85|0x00000000c7d00000, 0x00000000c7ddb9b0, 0x00000000c7e00000| 85%| S|CS|TAMS 0x00000000c7d00000, 0x00000000c7d00000| Complete 
|  86|0x00000000c7e00000, 0x00000000c7f00000, 0x00000000c7f00000|100%| S|CS|TAMS 0x00000000c7e00000, 0x00000000c7e00000| Complete 
|  87|0x00000000c7f00000, 0x00000000c7f00000, 0x00000000c8000000|  0%| F|  |TAMS 0x00000000c7f00000, 0x00000000c7f00000| Untracked 
|  88|0x00000000c8000000, 0x00000000c8000000, 0x00000000c8100000|  0%| F|  |TAMS 0x00000000c8000000, 0x00000000c8000000| Untracked 
|  89|0x00000000c8100000, 0x00000000c8100000, 0x00000000c8200000|  0%| F|  |TAMS 0x00000000c8100000, 0x00000000c8100000| Untracked 
|  90|0x00000000c8200000, 0x00000000c8200000, 0x00000000c8300000|  0%| F|  |TAMS 0x00000000c8200000, 0x00000000c8200000| Untracked 
|  91|0x00000000c8300000, 0x00000000c8300000, 0x00000000c8400000|  0%| F|  |TAMS 0x00000000c8300000, 0x00000000c8300000| Untracked 
|  92|0x00000000c8400000, 0x00000000c8400000, 0x00000000c8500000|  0%| F|  |TAMS 0x00000000c8400000, 0x00000000c8400000| Untracked 
|  93|0x00000000c8500000, 0x00000000c8500000, 0x00000000c8600000|  0%| F|  |TAMS 0x00000000c8500000, 0x00000000c8500000| Untracked 
|  94|0x00000000c8600000, 0x00000000c863f1a0, 0x00000000c8700000| 24%| E|  |TAMS 0x00000000c8600000, 0x00000000c8600000| Complete 

Card table byte_map: [0x000001f9afc10000,0x000001f9afe00000] _byte_map_base: 0x000001f9af5fc000

Marking Bits (Prev, Next): (CMBitMap*) 0x000001f99b041060, (CMBitMap*) 0x000001f99b041020
 Prev Bits: [0x000001f9b0f50000, 0x000001f9b1eb0000)
 Next Bits: [0x000001f9afff0000, 0x000001f9b0f50000)

Polling page: 0x000001f99b0c0000

Metaspace:

Usage:
  Non-class:     23.73 MB used.
      Class:      3.84 MB used.
       Both:     27.57 MB used.

Virtual space:
  Non-class space:       64.00 MB reserved,      23.88 MB ( 37%) committed,  1 nodes.
      Class space:        1.00 GB reserved,       3.94 MB ( <1%) committed,  1 nodes.
             Both:        1.06 GB reserved,      27.81 MB (  3%) committed. 

Chunk freelists:
   Non-Class:  7.91 MB
       Class:  12.07 MB
        Both:  19.97 MB

MaxMetaspaceSize: unlimited
CompressedClassSpaceSize: 1.00 GB
Initial GC threshold: 21.00 MB
Current GC threshold: 43.25 MB
CDS: on
MetaspaceReclaimPolicy: balanced
 - commit_granule_bytes: 65536.
 - commit_granule_words: 8192.
 - virtual_space_node_default_size: 8388608.
 - enlarge_chunks_in_place: 1.
 - new_chunks_are_fully_committed: 0.
 - uncommit_free_chunks: 1.
 - use_allocation_guard: 0.
 - handle_deallocations: 1.


Internal statistics:

num_allocs_failed_limit: 3.
num_arena_births: 352.
num_arena_deaths: 0.
num_vsnodes_births: 2.
num_vsnodes_deaths: 0.
num_space_committed: 445.
num_space_uncommitted: 0.
num_chunks_returned_to_freelist: 3.
num_chunks_taken_from_freelist: 1276.
num_chunk_merges: 3.
num_chunk_splits: 861.
num_chunks_enlarged: 595.
num_inconsistent_stats: 0.

CodeHeap 'non-profiled nmethods': size=120000Kb used=2133Kb max_used=2133Kb free=117866Kb
 bounds [0x000001f9a7a80000, 0x000001f9a7cf0000, 0x000001f9aefb0000]
CodeHeap 'profiled nmethods': size=120000Kb used=11959Kb max_used=11959Kb free=108040Kb
 bounds [0x000001f99ffb0000, 0x000001f9a0b60000, 0x000001f9a74e0000]
CodeHeap 'non-nmethods': size=5760Kb used=1553Kb max_used=1602Kb free=4206Kb
 bounds [0x000001f9a74e0000, 0x000001f9a7750000, 0x000001f9a7a80000]
 total_blobs=6490 nmethods=5538 adapters=864
 compilation: enabled
              stopped_count=0, restarted_count=0
 full_count=0

Compilation events (20 events):
Event: 31.107 Thread 0x000001f9b49070f0 5568       1       sun.reflect.generics.tree.ClassTypeSignature::getPath (5 bytes)
Event: 31.107 Thread 0x000001f9b49070f0 nmethod 5568 0x000001f9a7c94c10 code [0x000001f9a7c94da0, 0x000001f9a7c94e78]
Event: 31.107 Thread 0x000001f9b49070f0 5569       1       sun.reflect.generics.tree.SimpleClassTypeSignature::getName (5 bytes)
Event: 31.107 Thread 0x000001f9b49070f0 nmethod 5569 0x000001f9a7c94f10 code [0x000001f9a7c950a0, 0x000001f9a7c95178]
Event: 31.107 Thread 0x000001f9b49070f0 5570       1       sun.reflect.generics.tree.SimpleClassTypeSignature::getDollar (5 bytes)
Event: 31.107 Thread 0x000001f9b49070f0 nmethod 5570 0x000001f9a7c95210 code [0x000001f9a7c953a0, 0x000001f9a7c95478]
Event: 31.107 Thread 0x000001f9b49070f0 5571       3       sun.reflect.annotation.AnnotationType::getInstance (65 bytes)
Event: 31.107 Thread 0x000001f9b49070f0 nmethod 5571 0x000001f9a0b5ab90 code [0x000001f9a0b5ad80, 0x000001f9a0b5b318]
Event: 31.107 Thread 0x000001f9b49070f0 5572       3       java.lang.System$2::getAnnotationType (5 bytes)
Event: 31.107 Thread 0x000001f9b49070f0 nmethod 5572 0x000001f9a0b5b610 code [0x000001f9a0b5b7a0, 0x000001f9a0b5b8d8]
Event: 31.108 Thread 0x000001f9b49070f0 5575       3       java.util.AbstractCollection::addAll (42 bytes)
Event: 31.108 Thread 0x000001f9b49070f0 nmethod 5575 0x000001f9a0b5b990 code [0x000001f9a0b5bb80, 0x000001f9a0b5c0b8]
Event: 31.127 Thread 0x000001f9b49070f0 5576       3       com.sun.javafx.iio.png.PNGImageLoader2::doFilter (71 bytes)
Event: 31.127 Thread 0x000001f9b49070f0 nmethod 5576 0x000001f9a0b5c210 code [0x000001f9a0b5c400, 0x000001f9a0b5c718]
Event: 31.128 Thread 0x000001f9b49070f0 5577 %     3       com.sun.javafx.iio.png.PNGImageLoader2::doAvrgFilter @ 42 (87 bytes)
Event: 31.128 Thread 0x000001f9b49070f0 nmethod 5577% 0x000001f9a0b5c810 code [0x000001f9a0b5c9e0, 0x000001f9a0b5ce78]
Event: 31.128 Thread 0x000001f9b49070f0 5578       3       com.sun.javafx.iio.png.PNGImageLoader2::doAvrgFilter (87 bytes)
Event: 31.129 Thread 0x000001f9b49070f0 nmethod 5578 0x000001f9a0b5d110 code [0x000001f9a0b5d2e0, 0x000001f9a0b5d678]
Event: 31.142 Thread 0x000001f9b49070f0 5580       3       com.ctc.wstx.sr.InputElementStack::getLocalName (25 bytes)
Event: 31.142 Thread 0x000001f9b49070f0 nmethod 5580 0x000001f9a0b5d890 code [0x000001f9a0b5da40, 0x000001f9a0b5dc68]

GC Heap History (20 events):
Event: 3.341 GC heap before
{Heap before GC invocations=2 (full 0):
 garbage-first heap   total 63488K, used 38054K [0x00000000c2800000, 0x0000000100000000)
  region size 1024K, 30 young (30720K), 4 survivors (4096K)
 Metaspace       used 20364K, committed 20672K, reserved 1114112K
  class space    used 2651K, committed 2816K, reserved 1048576K
}
Event: 3.345 GC heap after
{Heap after GC invocations=3 (full 0):
 garbage-first heap   total 63488K, used 13601K [0x00000000c2800000, 0x0000000100000000)
  region size 1024K, 2 young (2048K), 2 survivors (2048K)
 Metaspace       used 20364K, committed 20672K, reserved 1114112K
  class space    used 2651K, committed 2816K, reserved 1048576K
}
Event: 3.406 GC heap before
{Heap before GC invocations=3 (full 0):
 garbage-first heap   total 63488K, used 16673K [0x00000000c2800000, 0x0000000100000000)
  region size 1024K, 6 young (6144K), 2 survivors (2048K)
 Metaspace       used 21251K, committed 21504K, reserved 1114112K
  class space    used 2943K, committed 3072K, reserved 1048576K
}
Event: 3.410 GC heap after
{Heap after GC invocations=4 (full 0):
 garbage-first heap   total 63488K, used 13713K [0x00000000c2800000, 0x0000000100000000)
  region size 1024K, 2 young (2048K), 2 survivors (2048K)
 Metaspace       used 21251K, committed 21504K, reserved 1114112K
  class space    used 2943K, committed 3072K, reserved 1048576K
}
Event: 28.457 GC heap before
{Heap before GC invocations=5 (full 0):
 garbage-first heap   total 51200K, used 43409K [0x00000000c2800000, 0x0000000100000000)
  region size 1024K, 26 young (26624K), 2 survivors (2048K)
 Metaspace       used 26267K, committed 26560K, reserved 1114112K
  class space    used 3643K, committed 3776K, reserved 1048576K
}
Event: 28.463 GC heap after
{Heap after GC invocations=6 (full 0):
 garbage-first heap   total 51200K, used 22750K [0x00000000c2800000, 0x0000000100000000)
  region size 1024K, 4 young (4096K), 4 survivors (4096K)
 Metaspace       used 26267K, committed 26560K, reserved 1114112K
  class space    used 3643K, committed 3776K, reserved 1048576K
}
Event: 28.488 GC heap before
{Heap before GC invocations=6 (full 0):
 garbage-first heap   total 51200K, used 26846K [0x00000000c2800000, 0x0000000100000000)
  region size 1024K, 5 young (5120K), 4 survivors (4096K)
 Metaspace       used 26270K, committed 26560K, reserved 1114112K
  class space    used 3643K, committed 3776K, reserved 1048576K
}
Event: 28.492 GC heap after
{Heap after GC invocations=7 (full 0):
 garbage-first heap   total 51200K, used 27368K [0x00000000c2800000, 0x0000000100000000)
  region size 1024K, 1 young (1024K), 1 survivors (1024K)
 Metaspace       used 26270K, committed 26560K, reserved 1114112K
  class space    used 3643K, committed 3776K, reserved 1048576K
}
Event: 28.523 GC heap before
{Heap before GC invocations=8 (full 0):
 garbage-first heap   total 56320K, used 33512K [0x00000000c2800000, 0x0000000100000000)
  region size 1024K, 2 young (2048K), 1 survivors (1024K)
 Metaspace       used 26277K, committed 26560K, reserved 1114112K
  class space    used 3643K, committed 3776K, reserved 1048576K
}
Event: 28.524 GC heap after
{Heap after GC invocations=9 (full 0):
 garbage-first heap   total 56320K, used 33364K [0x00000000c2800000, 0x0000000100000000)
  region size 1024K, 1 young (1024K), 1 survivors (1024K)
 Metaspace       used 26277K, committed 26560K, reserved 1114112K
  class space    used 3643K, committed 3776K, reserved 1048576K
}
Event: 28.555 GC heap before
{Heap before GC invocations=10 (full 0):
 garbage-first heap   total 66560K, used 39508K [0x00000000c2800000, 0x0000000100000000)
  region size 1024K, 2 young (2048K), 1 survivors (1024K)
 Metaspace       used 26288K, committed 26560K, reserved 1114112K
  class space    used 3643K, committed 3776K, reserved 1048576K
}
Event: 28.557 GC heap after
{Heap after GC invocations=11 (full 0):
 garbage-first heap   total 79872K, used 39543K [0x00000000c2800000, 0x0000000100000000)
  region size 1024K, 1 young (1024K), 1 survivors (1024K)
 Metaspace       used 26288K, committed 26560K, reserved 1114112K
  class space    used 3643K, committed 3776K, reserved 1048576K
}
Event: 28.586 GC heap before
{Heap before GC invocations=12 (full 0):
 garbage-first heap   total 79872K, used 45687K [0x00000000c2800000, 0x0000000100000000)
  region size 1024K, 2 young (2048K), 1 survivors (1024K)
 Metaspace       used 26295K, committed 26560K, reserved 1114112K
  class space    used 3643K, committed 3776K, reserved 1048576K
}
Event: 28.587 GC heap after
{Heap after GC invocations=13 (full 0):
 garbage-first heap   total 79872K, used 45773K [0x00000000c2800000, 0x0000000100000000)
  region size 1024K, 1 young (1024K), 1 survivors (1024K)
 Metaspace       used 26295K, committed 26560K, reserved 1114112K
  class space    used 3643K, committed 3776K, reserved 1048576K
}
Event: 28.619 GC heap before
{Heap before GC invocations=14 (full 0):
 garbage-first heap   total 87040K, used 51917K [0x00000000c2800000, 0x0000000100000000)
  region size 1024K, 2 young (2048K), 1 survivors (1024K)
 Metaspace       used 26304K, committed 26560K, reserved 1114112K
  class space    used 3643K, committed 3776K, reserved 1048576K
}
Event: 28.621 GC heap after
{Heap after GC invocations=15 (full 0):
 garbage-first heap   total 87040K, used 52022K [0x00000000c2800000, 0x0000000100000000)
  region size 1024K, 1 young (1024K), 1 survivors (1024K)
 Metaspace       used 26304K, committed 26560K, reserved 1114112K
  class space    used 3643K, committed 3776K, reserved 1048576K
}
Event: 29.196 GC heap before
{Heap before GC invocations=16 (full 0):
 garbage-first heap   total 97280K, used 76598K [0x00000000c2800000, 0x0000000100000000)
  region size 1024K, 19 young (19456K), 1 survivors (1024K)
 Metaspace       used 27528K, committed 27776K, reserved 1114112K
  class space    used 3868K, committed 3968K, reserved 1048576K
}
Event: 29.212 GC heap after
{Heap after GC invocations=17 (full 0):
 garbage-first heap   total 97280K, used 61756K [0x00000000c2800000, 0x0000000100000000)
  region size 1024K, 3 young (3072K), 3 survivors (3072K)
 Metaspace       used 27528K, committed 27776K, reserved 1114112K
  class space    used 3868K, committed 3968K, reserved 1048576K
}
Event: 31.112 GC heap before
{Heap before GC invocations=17 (full 0):
 garbage-first heap   total 97280K, used 68924K [0x00000000c2800000, 0x0000000100000000)
  region size 1024K, 11 young (11264K), 3 survivors (3072K)
 Metaspace       used 28232K, committed 28480K, reserved 1114112K
  class space    used 3935K, committed 4032K, reserved 1048576K
}
Event: 31.122 GC heap after
{Heap after GC invocations=18 (full 0):
 garbage-first heap   total 97280K, used 63674K [0x00000000c2800000, 0x0000000100000000)
  region size 1024K, 2 young (2048K), 2 survivors (2048K)
 Metaspace       used 28232K, committed 28480K, reserved 1114112K
  class space    used 3935K, committed 4032K, reserved 1048576K
}

Dll operation events (3 events):
Event: 0.018 Loaded shared library C:\Users\39\.jdks\jbr-17.0.12-1\bin\java.dll
Event: 0.037 Loaded shared library C:\Users\39\.jdks\jbr-17.0.12-1\bin\jsvml.dll
Event: 1.309 Loaded shared library C:\Users\39\.jdks\jbr-17.0.12-1\bin\verify.dll

Deoptimization events (20 events):
Event: 29.536 Thread 0x000001f9fa2d4dd0 DEOPT PACKING pc=0x000001f9a0ab3c9a sp=0x00000074e4afca40
Event: 29.536 Thread 0x000001f9fa2d4dd0 DEOPT UNPACKING pc=0x000001f9a7537143 sp=0x00000074e4afbe98 mode 0
Event: 29.536 Thread 0x000001f9fa2d4dd0 DEOPT PACKING pc=0x000001f9a0ab5773 sp=0x00000074e4afca50
Event: 29.536 Thread 0x000001f9fa2d4dd0 DEOPT UNPACKING pc=0x000001f9a7537143 sp=0x00000074e4afbf00 mode 0
Event: 29.536 Thread 0x000001f9fa2d4dd0 DEOPT PACKING pc=0x000001f9a0ab3c9a sp=0x00000074e4afca40
Event: 29.536 Thread 0x000001f9fa2d4dd0 DEOPT UNPACKING pc=0x000001f9a7537143 sp=0x00000074e4afbe98 mode 0
Event: 29.964 Thread 0x000001f9fa3a3e60 Uncommon trap: trap_request=0xffffffc6 fr.pc=0x000001f9a7c75cc8 relative=0x0000000000002fc8
Event: 29.964 Thread 0x000001f9fa3a3e60 Uncommon trap: reason=bimorphic_or_optimized_type_check action=maybe_recompile pc=0x000001f9a7c75cc8 method=javafx.scene.Node.getGeomBounds(Lcom/sun/javafx/geom/BaseBounds;Lcom/sun/javafx/geom/transform/BaseTransform;)Lcom/sun/javafx/geom/BaseBounds; @ 21
Event: 29.964 Thread 0x000001f9fa3a3e60 DEOPT PACKING pc=0x000001f9a7c75cc8 sp=0x00000074e4cfde70
Event: 29.964 Thread 0x000001f9fa3a3e60 DEOPT UNPACKING pc=0x000001f9a75369a3 sp=0x00000074e4cfdb28 mode 2
Event: 30.837 Thread 0x000001f9fa2d4dd0 DEOPT PACKING pc=0x000001f9a0aa0658 sp=0x00000074e4afcfb0
Event: 30.837 Thread 0x000001f9fa2d4dd0 DEOPT UNPACKING pc=0x000001f9a7537143 sp=0x00000074e4afc3e0 mode 0
Event: 31.072 Thread 0x000001f9fa3a3e60 Uncommon trap: trap_request=0xffffffde fr.pc=0x000001f9a7a9c304 relative=0x0000000000000c04
Event: 31.072 Thread 0x000001f9fa3a3e60 Uncommon trap: reason=class_check action=maybe_recompile pc=0x000001f9a7a9c304 method=java.util.HashMap.putVal(ILjava/lang/Object;Ljava/lang/Object;ZZ)Ljava/lang/Object; @ 91 c2
Event: 31.072 Thread 0x000001f9fa3a3e60 DEOPT PACKING pc=0x000001f9a7a9c304 sp=0x00000074e4cfbd00
Event: 31.072 Thread 0x000001f9fa3a3e60 DEOPT UNPACKING pc=0x000001f9a75369a3 sp=0x00000074e4cfbca0 mode 2
Event: 31.123 Thread 0x000001f9fa3a3e60 Uncommon trap: trap_request=0xffffff45 fr.pc=0x000001f9a7c23a74 relative=0x0000000000000b54
Event: 31.123 Thread 0x000001f9fa3a3e60 Uncommon trap: reason=unstable_if action=reinterpret pc=0x000001f9a7c23a74 method=com.sun.javafx.iio.png.PNGImageLoader2.doFilter([B[BII)V @ 1 c2
Event: 31.123 Thread 0x000001f9fa3a3e60 DEOPT PACKING pc=0x000001f9a7c23a74 sp=0x00000074e4cfa830
Event: 31.123 Thread 0x000001f9fa3a3e60 DEOPT UNPACKING pc=0x000001f9a75369a3 sp=0x00000074e4cfa7e0 mode 2

Classes loaded (20 events):
Event: 28.386 Loading class sun/nio/cs/Surrogate$Parser
Event: 28.386 Loading class sun/nio/cs/Surrogate$Parser done
Event: 28.386 Loading class sun/nio/cs/Surrogate
Event: 28.386 Loading class sun/nio/cs/Surrogate done
Event: 28.406 Loading class java/text/FieldPosition$Delegate
Event: 28.407 Loading class java/text/FieldPosition$Delegate done
Event: 28.427 Loading class java/util/concurrent/atomic/AtomicReferenceFieldUpdater
Event: 28.428 Loading class java/util/concurrent/atomic/AtomicReferenceFieldUpdater done
Event: 28.428 Loading class java/util/concurrent/atomic/AtomicReferenceFieldUpdater$AtomicReferenceFieldUpdaterImpl
Event: 28.428 Loading class java/util/concurrent/atomic/AtomicReferenceFieldUpdater$AtomicReferenceFieldUpdaterImpl done
Event: 28.428 Loading class java/util/concurrent/atomic/AtomicReferenceFieldUpdater$AtomicReferenceFieldUpdaterImpl$1
Event: 28.428 Loading class java/util/concurrent/atomic/AtomicReferenceFieldUpdater$AtomicReferenceFieldUpdaterImpl$1 done
Event: 28.428 Loading class sun/reflect/misc/ReflectUtil
Event: 28.429 Loading class sun/reflect/misc/ReflectUtil done
Event: 29.268 Loading class java/util/ComparableTimSort
Event: 29.269 Loading class java/util/ComparableTimSort done
Event: 31.074 Loading class java/nio/charset/CharacterCodingException
Event: 31.075 Loading class java/nio/charset/CharacterCodingException done
Event: 31.079 Loading class jdk/internal/loader/BootLoader$PackageHelper
Event: 31.079 Loading class jdk/internal/loader/BootLoader$PackageHelper done

Classes unloaded (0 events):
No events

Classes redefined (0 events):
No events

Internal exceptions (20 events):
Event: 3.338 Thread 0x000001f9fa3a3e60 Exception <a 'java/lang/ClassNotFoundException'{0x00000000c4cecf38}: com/sun/javafx/scene/control/skin/resources/controls_fr_FR> (0x00000000c4cecf38) 
thrown [s\src\hotspot\share\prims\jni.cpp, line 550]
Event: 3.379 Thread 0x000001f9fa3a3e60 Implicit null exception at 0x000001f9a7b1608c to 0x000001f9a7b16490
Event: 3.381 Thread 0x000001f9fa3a3e60 Exception <a 'java/lang/NoSuchMethodError'{0x00000000c64d4f68}: 'void java.lang.invoke.DirectMethodHandle$Holder.invokeSpecial(java.lang.Object, java.lang.Object, java.lang.Object, java.lang.Object, java.lang.Object, java.lang.Object)'> (0x00000000c64d4f68) 
thrown [s\src\hotspot\share\interpreter\linkResolver.cpp, line 771]
Event: 3.384 Thread 0x000001f9fa3a3e60 Exception <a 'java/lang/NoSuchMethodError'{0x00000000c64f5bb0}: 'java.lang.Object java.lang.invoke.DirectMethodHandle$Holder.invokeInterface(java.lang.Object, java.lang.Object, java.lang.Object)'> (0x00000000c64f5bb0) 
thrown [s\src\hotspot\share\interpreter\linkResolver.cpp, line 771]
Event: 3.384 Thread 0x000001f9fa3a3e60 Exception <a 'java/lang/IncompatibleClassChangeError'{0x00000000c64f9278}: Found class java.lang.Object, but interface was expected> (0x00000000c64f9278) 
thrown [s\src\hotspot\share\interpreter\linkResolver.cpp, line 838]
Event: 3.519 Thread 0x000001f9fa3a3e60 Exception <a 'java/lang/NoSuchMethodError'{0x00000000c54fda00}: 'java.lang.Object java.lang.invoke.DirectMethodHandle$Holder.newInvokeSpecial(java.lang.Object, java.lang.Object, int)'> (0x00000000c54fda00) 
thrown [s\src\hotspot\share\interpreter\linkResolver.cpp, line 771]
Event: 3.712 Thread 0x000001f9fa2d4dd0 Exception <a 'java/lang/NoSuchMethodError'{0x00000000c52905f0}: 'int java.lang.invoke.DirectMethodHandle$Holder.invokeStaticInit(java.lang.Object, java.lang.Object)'> (0x00000000c52905f0) 
thrown [s\src\hotspot\share\interpreter\linkResolver.cpp, line 771]
Event: 3.722 Thread 0x000001f9fa3a3e60 Exception <a 'java/lang/NoSuchMethodError'{0x00000000c5250348}: 'long java.lang.invoke.DirectMethodHandle$Holder.invokeStatic(java.lang.Object, java.lang.Object, java.lang.Object)'> (0x00000000c5250348) 
thrown [s\src\hotspot\share\interpreter\linkResolver.cpp, line 771]
Event: 3.724 Thread 0x000001f9fa3a3e60 Exception <a 'java/lang/NoSuchMethodError'{0x00000000c5253af0}: 'long java.lang.invoke.DirectMethodHandle$Holder.invokeStaticInit(java.lang.Object, java.lang.Object, java.lang.Object)'> (0x00000000c5253af0) 
thrown [s\src\hotspot\share\interpreter\linkResolver.cpp, line 771]
Event: 3.732 Thread 0x000001f9fa3a3e60 Exception <a 'java/lang/NoSuchMethodError'{0x00000000c526b670}: 'java.lang.Object java.lang.invoke.DirectMethodHandle$Holder.newInvokeSpecial(java.lang.Object, java.lang.Object, long)'> (0x00000000c526b670) 
thrown [s\src\hotspot\share\interpreter\linkResolver.cpp, line 771]
Event: 3.733 Thread 0x000001f9fa3a3e60 Exception <a 'java/lang/NoSuchMethodError'{0x00000000c526f1e0}: 'java.lang.Object java.lang.invoke.Invokers$Holder.linkToTargetMethod(java.lang.Object, long, java.lang.Object)'> (0x00000000c526f1e0) 
thrown [s\src\hotspot\share\interpreter\linkResolver.cpp, line 771]
Event: 3.985 Thread 0x000001f9fa2d4dd0 Exception <a 'java/lang/NoSuchMethodError'{0x00000000c4ff6bf0}: 'java.lang.Object java.lang.invoke.DirectMethodHandle$Holder.invokeStaticInit(java.lang.Object, int)'> (0x00000000c4ff6bf0) 
thrown [s\src\hotspot\share\interpreter\linkResolver.cpp, line 771]
Event: 28.391 Thread 0x000001f9fa3a3e60 Implicit null exception at 0x000001f9a7b2fdf7 to 0x000001f9a7b3058c
Event: 28.391 Thread 0x000001f9fa3a3e60 Implicit null exception at 0x000001f9a7b1a9f4 to 0x000001f9a7b1b174
Event: 28.405 Thread 0x000001f9fa3a3e60 Exception <a 'java/lang/NoSuchMethodError'{0x00000000c4123548}: 'void java.lang.invoke.DirectMethodHandle$Holder.invokeSpecialIFC(java.lang.Object, java.lang.Object, java.lang.Object)'> (0x00000000c4123548) 
thrown [s\src\hotspot\share\interpreter\linkResolver.cpp, line 771]
Event: 28.416 Thread 0x000001f9fa3a3e60 Exception <a 'java/lang/NoSuchMethodError'{0x00000000c4179ca0}: 'java.lang.Object java.lang.invoke.DirectMethodHandle$Holder.invokeSpecial(java.lang.Object, java.lang.Object, int, java.lang.Object, java.lang.Object)'> (0x00000000c4179ca0) 
thrown [s\src\hotspot\share\interpreter\linkResolver.cpp, line 771]
Event: 28.658 Thread 0x000001f9fa3a3e60 Exception <a 'java/io/FileNotFoundException'{0x00000000c7b2f5c8}> (0x00000000c7b2f5c8) 
thrown [s\src\hotspot\share\prims\jni.cpp, line 531]
Event: 28.687 Thread 0x000001f9fa3a3e60 Exception <a 'java/lang/ClassNotFoundException'{0x00000000c863b810}: com/sun/javafx/scene/control/skin/resources/controls-nt> (0x00000000c863b810) 
thrown [s\src\hotspot\share\prims\jni.cpp, line 550]
Event: 28.688 Thread 0x000001f9fa3a3e60 Exception <a 'java/lang/ClassNotFoundException'{0x00000000c8644360}: com/sun/javafx/scene/control/skin/resources/controls-nt_fr> (0x00000000c8644360) 
thrown [s\src\hotspot\share\prims\jni.cpp, line 550]
Event: 28.689 Thread 0x000001f9fa3a3e60 Exception <a 'java/lang/ClassNotFoundException'{0x00000000c8646290}: com/sun/javafx/scene/control/skin/resources/controls-nt_fr_FR> (0x00000000c8646290) 
thrown [s\src\hotspot\share\prims\jni.cpp, line 550]

VM Operations (20 events):
Event: 28.647 Executing VM operation: G1PauseCleanup done
Event: 28.826 Executing VM operation: ICBufferFull
Event: 28.826 Executing VM operation: ICBufferFull done
Event: 28.831 Executing VM operation: HandshakeAllThreads
Event: 28.831 Executing VM operation: HandshakeAllThreads done
Event: 28.907 Executing VM operation: HandshakeAllThreads
Event: 28.907 Executing VM operation: HandshakeAllThreads done
Event: 29.196 Executing VM operation: G1CollectForAllocation
Event: 29.212 Executing VM operation: G1CollectForAllocation done
Event: 29.516 Executing VM operation: ICBufferFull
Event: 29.516 Executing VM operation: ICBufferFull done
Event: 29.516 Executing VM operation: ICBufferFull
Event: 29.516 Executing VM operation: ICBufferFull done
Event: 30.518 Executing VM operation: Cleanup
Event: 30.519 Executing VM operation: Cleanup done
Event: 31.068 Executing VM operation: HandshakeAllThreads
Event: 31.068 Executing VM operation: HandshakeAllThreads done
Event: 31.111 Executing VM operation: G1TryInitiateConcMark
Event: 31.122 Executing VM operation: G1TryInitiateConcMark done
Event: 31.142 Executing VM operation: G1PauseRemark

Events (20 events):
Event: 0.592 Thread 0x000001f9fa2d4dd0 Thread added: 0x000001f9fa2d4dd0
Event: 0.610 Loaded shared library C:\Users\39\.openjfx\cache\21.0.2+5\amd64\prism_d3d.dll
Event: 0.661 Loaded shared library C:\Users\39\.openjfx\cache\21.0.2+5\amd64\glass.dll
Event: 0.663 Thread 0x000001f9fa376030 Thread added: 0x000001f9fa376030
Event: 0.667 Thread 0x000001f9fa3a3e60 Thread added: 0x000001f9fa3a3e60
Event: 0.752 Thread 0x000001f9fa649da0 Thread added: 0x000001f9fa649da0
Event: 0.765 Thread 0x000001f9fa5ad3e0 Thread added: 0x000001f9fa5ad3e0
Event: 0.778 Loaded shared library C:\Users\39\.jdks\jbr-17.0.12-1\bin\jimage.dll
Event: 0.943 Thread 0x000001f9fa60a000 Thread added: 0x000001f9fa60a000
Event: 1.119 Loaded shared library C:\Users\39\.jdks\jbr-17.0.12-1\bin\extnet.dll
Event: 1.493 Loaded shared library C:\Users\39\.openjfx\cache\21.0.2+5\amd64\javafx_font.dll
Event: 1.944 Thread 0x000001f9fa609af0 Thread added: 0x000001f9fa609af0
Event: 1.994 Loaded shared library C:\Users\39\.jdks\jbr-17.0.12-1\bin\awt.dll
Event: 2.117 Thread 0x000001f9fa6090d0 Thread added: 0x000001f9fa6090d0
Event: 2.167 Loaded shared library C:\Users\39\.jdks\jbr-17.0.12-1\bin\freetype.dll
Event: 2.175 Loaded shared library C:\Users\39\.jdks\jbr-17.0.12-1\bin\fontmanager.dll
Event: 2.941 Thread 0x000001f9fa6086b0 Thread added: 0x000001f9fa6086b0
Event: 2.943 Thread 0x000001f9fa608bc0 Thread added: 0x000001f9fa608bc0
Event: 3.813 Thread 0x000001f980d65fc0 Thread added: 0x000001f980d65fc0
Event: 3.962 Thread 0x000001f9fa6086b0 Thread exited: 0x000001f9fa6086b0


Dynamic libraries:
0x00007ff60d380000 - 0x00007ff60d38a000 	C:\Users\39\.jdks\jbr-17.0.12-1\bin\java.exe
0x00007ffd490d0000 - 0x00007ffd492c8000 	C:\Windows\SYSTEM32\ntdll.dll
0x00007ffd48b00000 - 0x00007ffd48bc2000 	C:\Windows\System32\KERNEL32.DLL
0x00007ffd468e0000 - 0x00007ffd46bd6000 	C:\Windows\System32\KERNELBASE.dll
0x00007ffd46790000 - 0x00007ffd46890000 	C:\Windows\System32\ucrtbase.dll
0x00007ffd3f590000 - 0x00007ffd3f5a7000 	C:\Users\39\.jdks\jbr-17.0.12-1\bin\jli.dll
0x00007ffd3f220000 - 0x00007ffd3f23b000 	C:\Users\39\.jdks\jbr-17.0.12-1\bin\VCRUNTIME140.dll
0x00007ffd47ca0000 - 0x00007ffd47e3d000 	C:\Windows\System32\USER32.dll
0x00007ffd46be0000 - 0x00007ffd46c02000 	C:\Windows\System32\win32u.dll
0x00007ffd31130000 - 0x00007ffd313ca000 	C:\Windows\WinSxS\amd64_microsoft.windows.common-controls_6595b64144ccf1df_6.0.19041.4355_none_60b8b9eb71f62e16\COMCTL32.dll
0x00007ffd47240000 - 0x00007ffd4726b000 	C:\Windows\System32\GDI32.dll
0x00007ffd486b0000 - 0x00007ffd4874e000 	C:\Windows\System32\msvcrt.dll
0x00007ffd46c10000 - 0x00007ffd46d2a000 	C:\Windows\System32\gdi32full.dll
0x00007ffd47050000 - 0x00007ffd470ed000 	C:\Windows\System32\msvcp_win.dll
0x00007ffd485a0000 - 0x00007ffd485cf000 	C:\Windows\System32\IMM32.DLL
0x00007ffd401b0000 - 0x00007ffd401bc000 	C:\Users\39\.jdks\jbr-17.0.12-1\bin\vcruntime140_1.dll
0x00007ffd0d320000 - 0x00007ffd0d3ad000 	C:\Users\39\.jdks\jbr-17.0.12-1\bin\msvcp140.dll
0x00007ffcd9ea0000 - 0x00007ffcdab2a000 	C:\Users\39\.jdks\jbr-17.0.12-1\bin\server\jvm.dll
0x00007ffd48fe0000 - 0x00007ffd4908f000 	C:\Windows\System32\ADVAPI32.dll
0x00007ffd48f30000 - 0x00007ffd48fcf000 	C:\Windows\System32\sechost.dll
0x00007ffd47e40000 - 0x00007ffd47f63000 	C:\Windows\System32\RPCRT4.dll
0x00007ffd46760000 - 0x00007ffd46787000 	C:\Windows\System32\bcrypt.dll
0x00007ffd48640000 - 0x00007ffd486ab000 	C:\Windows\System32\WS2_32.dll
0x00007ffd464a0000 - 0x00007ffd464eb000 	C:\Windows\SYSTEM32\POWRPROF.dll
0x00007ffd33500000 - 0x00007ffd33527000 	C:\Windows\SYSTEM32\WINMM.dll
0x00007ffd3fcc0000 - 0x00007ffd3fcca000 	C:\Windows\SYSTEM32\VERSION.dll
0x00007ffd46480000 - 0x00007ffd46492000 	C:\Windows\SYSTEM32\UMPDC.dll
0x00007ffd445e0000 - 0x00007ffd445f2000 	C:\Windows\SYSTEM32\kernel.appcore.dll
0x00007ffd40190000 - 0x00007ffd4019a000 	C:\Users\39\.jdks\jbr-17.0.12-1\bin\jimage.dll
0x00007ffd316a0000 - 0x00007ffd31884000 	C:\Windows\SYSTEM32\DBGHELP.DLL
0x00007ffd30fd0000 - 0x00007ffd31004000 	C:\Windows\SYSTEM32\dbgcore.DLL
0x00007ffd46d30000 - 0x00007ffd46db2000 	C:\Windows\System32\bcryptPrimitives.dll
0x00007ffd3bcd0000 - 0x00007ffd3bcf5000 	C:\Users\39\.jdks\jbr-17.0.12-1\bin\java.dll
0x00007ffce4300000 - 0x00007ffce43d7000 	C:\Users\39\.jdks\jbr-17.0.12-1\bin\jsvml.dll
0x00007ffd474b0000 - 0x00007ffd47c1f000 	C:\Windows\System32\SHELL32.dll
0x00007ffd447e0000 - 0x00007ffd44f83000 	C:\Windows\SYSTEM32\windows.storage.dll
0x00007ffd48bd0000 - 0x00007ffd48f25000 	C:\Windows\System32\combase.dll
0x00007ffd460c0000 - 0x00007ffd460eb000 	C:\Windows\SYSTEM32\Wldp.dll
0x00007ffd48a20000 - 0x00007ffd48aed000 	C:\Windows\System32\OLEAUT32.dll
0x00007ffd48970000 - 0x00007ffd48a1d000 	C:\Windows\System32\SHCORE.dll
0x00007ffd47450000 - 0x00007ffd474a5000 	C:\Windows\System32\shlwapi.dll
0x00007ffd46690000 - 0x00007ffd466b5000 	C:\Windows\SYSTEM32\profapi.dll
0x00007ffd3bcb0000 - 0x00007ffd3bcc9000 	C:\Users\39\.jdks\jbr-17.0.12-1\bin\net.dll
0x00007ffd3d650000 - 0x00007ffd3d75a000 	C:\Windows\SYSTEM32\WINHTTP.dll
0x00007ffd45e20000 - 0x00007ffd45e8c000 	C:\Windows\system32\mswsock.dll
0x00007ffd3bc10000 - 0x00007ffd3bc26000 	C:\Users\39\.jdks\jbr-17.0.12-1\bin\nio.dll
0x00007ffd3bbd0000 - 0x00007ffd3bbe8000 	C:\Users\39\.jdks\jbr-17.0.12-1\bin\zip.dll
0x000001f9fa000000 - 0x000001f9fa003000 	C:\Users\39\.openjfx\cache\21.0.2+5\amd64\api-ms-win-core-console-l1-1-0.dll
0x000001f9fa810000 - 0x000001f9fa813000 	C:\Users\39\.openjfx\cache\21.0.2+5\amd64\api-ms-win-core-console-l1-2-0.dll
0x000001f9fa820000 - 0x000001f9fa823000 	C:\Users\39\.openjfx\cache\21.0.2+5\amd64\api-ms-win-core-datetime-l1-1-0.dll
0x000001f9fa830000 - 0x000001f9fa833000 	C:\Users\39\.openjfx\cache\21.0.2+5\amd64\api-ms-win-core-debug-l1-1-0.dll
0x000001f9fa840000 - 0x000001f9fa843000 	C:\Users\39\.openjfx\cache\21.0.2+5\amd64\api-ms-win-core-errorhandling-l1-1-0.dll
0x000001f9fa850000 - 0x000001f9fa854000 	C:\Users\39\.openjfx\cache\21.0.2+5\amd64\api-ms-win-core-file-l1-1-0.dll
0x000001f9fa860000 - 0x000001f9fa863000 	C:\Users\39\.openjfx\cache\21.0.2+5\amd64\api-ms-win-core-file-l1-2-0.dll
0x000001f9fa870000 - 0x000001f9fa873000 	C:\Users\39\.openjfx\cache\21.0.2+5\amd64\api-ms-win-core-file-l2-1-0.dll
0x000001f9fa880000 - 0x000001f9fa883000 	C:\Users\39\.openjfx\cache\21.0.2+5\amd64\api-ms-win-core-handle-l1-1-0.dll
0x000001f9fa890000 - 0x000001f9fa893000 	C:\Users\39\.openjfx\cache\21.0.2+5\amd64\api-ms-win-core-heap-l1-1-0.dll
0x000001f9fa8a0000 - 0x000001f9fa8a3000 	C:\Users\39\.openjfx\cache\21.0.2+5\amd64\api-ms-win-core-interlocked-l1-1-0.dll
0x000001f9fa8b0000 - 0x000001f9fa8b3000 	C:\Users\39\.openjfx\cache\21.0.2+5\amd64\api-ms-win-core-libraryloader-l1-1-0.dll
0x000001f9fa8c0000 - 0x000001f9fa8c3000 	C:\Users\39\.openjfx\cache\21.0.2+5\amd64\api-ms-win-core-localization-l1-2-0.dll
0x000001f9fa8d0000 - 0x000001f9fa8d3000 	C:\Users\39\.openjfx\cache\21.0.2+5\amd64\api-ms-win-core-memory-l1-1-0.dll
0x000001f9fa8e0000 - 0x000001f9fa8e3000 	C:\Users\39\.openjfx\cache\21.0.2+5\amd64\api-ms-win-core-namedpipe-l1-1-0.dll
0x000001f9fa8f0000 - 0x000001f9fa8f3000 	C:\Users\39\.openjfx\cache\21.0.2+5\amd64\api-ms-win-core-processenvironment-l1-1-0.dll
0x000001f9fa900000 - 0x000001f9fa903000 	C:\Users\39\.openjfx\cache\21.0.2+5\amd64\api-ms-win-core-processthreads-l1-1-0.dll
0x000001f9fa910000 - 0x000001f9fa913000 	C:\Users\39\.openjfx\cache\21.0.2+5\amd64\api-ms-win-core-processthreads-l1-1-1.dll
0x000001f9fa920000 - 0x000001f9fa923000 	C:\Users\39\.openjfx\cache\21.0.2+5\amd64\api-ms-win-core-profile-l1-1-0.dll
0x000001f9fa930000 - 0x000001f9fa933000 	C:\Users\39\.openjfx\cache\21.0.2+5\amd64\api-ms-win-core-rtlsupport-l1-1-0.dll
0x000001f9fa940000 - 0x000001f9fa943000 	C:\Users\39\.openjfx\cache\21.0.2+5\amd64\api-ms-win-core-string-l1-1-0.dll
0x000001f9fa950000 - 0x000001f9fa953000 	C:\Users\39\.openjfx\cache\21.0.2+5\amd64\api-ms-win-core-synch-l1-1-0.dll
0x000001f9fa960000 - 0x000001f9fa963000 	C:\Users\39\.openjfx\cache\21.0.2+5\amd64\api-ms-win-core-synch-l1-2-0.dll
0x000001f9fa970000 - 0x000001f9fa973000 	C:\Users\39\.openjfx\cache\21.0.2+5\amd64\api-ms-win-core-sysinfo-l1-1-0.dll
0x000001f9fa980000 - 0x000001f9fa983000 	C:\Users\39\.openjfx\cache\21.0.2+5\amd64\api-ms-win-core-timezone-l1-1-0.dll
0x000001f9fa990000 - 0x000001f9fa993000 	C:\Users\39\.openjfx\cache\21.0.2+5\amd64\api-ms-win-core-util-l1-1-0.dll
0x000001f9fa9a0000 - 0x000001f9fa9a3000 	C:\Users\39\.openjfx\cache\21.0.2+5\amd64\api-ms-win-crt-conio-l1-1-0.dll
0x000001f9fa9b0000 - 0x000001f9fa9b4000 	C:\Users\39\.openjfx\cache\21.0.2+5\amd64\api-ms-win-crt-convert-l1-1-0.dll
0x000001f9fa9c0000 - 0x000001f9fa9c3000 	C:\Users\39\.openjfx\cache\21.0.2+5\amd64\api-ms-win-crt-environment-l1-1-0.dll
0x000001f9fa9d0000 - 0x000001f9fa9d3000 	C:\Users\39\.openjfx\cache\21.0.2+5\amd64\api-ms-win-crt-filesystem-l1-1-0.dll
0x000001f9fa9e0000 - 0x000001f9fa9e3000 	C:\Users\39\.openjfx\cache\21.0.2+5\amd64\api-ms-win-crt-heap-l1-1-0.dll
0x000001f9fa9f0000 - 0x000001f9fa9f3000 	C:\Users\39\.openjfx\cache\21.0.2+5\amd64\api-ms-win-crt-locale-l1-1-0.dll
0x000001f9faa00000 - 0x000001f9faa05000 	C:\Users\39\.openjfx\cache\21.0.2+5\amd64\api-ms-win-crt-math-l1-1-0.dll
0x000001f9faa10000 - 0x000001f9faa15000 	C:\Users\39\.openjfx\cache\21.0.2+5\amd64\api-ms-win-crt-multibyte-l1-1-0.dll
0x000001f9faa20000 - 0x000001f9faa30000 	C:\Users\39\.openjfx\cache\21.0.2+5\amd64\api-ms-win-crt-private-l1-1-0.dll
0x000001f9faa30000 - 0x000001f9faa33000 	C:\Users\39\.openjfx\cache\21.0.2+5\amd64\api-ms-win-crt-process-l1-1-0.dll
0x000001f9faa40000 - 0x000001f9faa44000 	C:\Users\39\.openjfx\cache\21.0.2+5\amd64\api-ms-win-crt-runtime-l1-1-0.dll
0x000001f9faa50000 - 0x000001f9faa54000 	C:\Users\39\.openjfx\cache\21.0.2+5\amd64\api-ms-win-crt-stdio-l1-1-0.dll
0x000001f9faa60000 - 0x000001f9faa64000 	C:\Users\39\.openjfx\cache\21.0.2+5\amd64\api-ms-win-crt-string-l1-1-0.dll
0x000001f9faa70000 - 0x000001f9faa73000 	C:\Users\39\.openjfx\cache\21.0.2+5\amd64\api-ms-win-crt-time-l1-1-0.dll
0x000001f9faa80000 - 0x000001f9faa83000 	C:\Users\39\.openjfx\cache\21.0.2+5\amd64\api-ms-win-crt-utility-l1-1-0.dll
0x00007ffce4200000 - 0x00007ffce42fc000 	C:\Users\39\.openjfx\cache\21.0.2+5\amd64\ucrtbase.dll
0x00007ffd3bbb0000 - 0x00007ffd3bbcb000 	C:\Users\39\.openjfx\cache\21.0.2+5\amd64\vcruntime140.dll
0x00007ffd3fe80000 - 0x00007ffd3fe8c000 	C:\Users\39\.openjfx\cache\21.0.2+5\amd64\vcruntime140_1.dll
0x00007ffd0b4b0000 - 0x00007ffd0b53e000 	C:\Users\39\.openjfx\cache\21.0.2+5\amd64\msvcp140.dll
0x00007ffd3f8a0000 - 0x00007ffd3f8a9000 	C:\Users\39\.openjfx\cache\21.0.2+5\amd64\msvcp140_1.dll
0x00007ffd2cde0000 - 0x00007ffd2ce21000 	C:\Users\39\.openjfx\cache\21.0.2+5\amd64\msvcp140_2.dll
0x00007ffd3a450000 - 0x00007ffd3a480000 	C:\Users\39\.openjfx\cache\21.0.2+5\amd64\prism_d3d.dll
0x00007ffd3f5e0000 - 0x00007ffd3f7b1000 	C:\Windows\system32\d3d9.dll
0x00007ffd442e0000 - 0x00007ffd4430f000 	C:\Windows\SYSTEM32\dwmapi.dll
0x00007ffd44070000 - 0x00007ffd4410e000 	C:\Windows\system32\uxtheme.dll
0x00007ffce4610000 - 0x00007ffce4775000 	C:\Windows\System32\DriverStore\FileRepository\iigd_dch.inf_amd64_4b31d9b38e2bb506\igdumdim64.dll
0x00007ffd470f0000 - 0x00007ffd4721b000 	C:\Windows\System32\ole32.dll
0x00007ffcb49e0000 - 0x00007ffcb866b000 	C:\Windows\System32\DriverStore\FileRepository\iigd_dch.inf_amd64_4b31d9b38e2bb506\igd9dxva64.dll
0x00007ffd48120000 - 0x00007ffd48591000 	C:\Windows\System32\SETUPAPI.dll
0x00007ffd46890000 - 0x00007ffd468de000 	C:\Windows\System32\cfgmgr32.dll
0x00007ffd3ac00000 - 0x00007ffd3af36000 	C:\Windows\System32\DriverStore\FileRepository\iigd_dch.inf_amd64_4b31d9b38e2bb506\igdgmm64.dll
0x00007ffd1c0c0000 - 0x00007ffd1c102000 	C:\Users\39\.openjfx\cache\21.0.2+5\amd64\glass.dll
0x00007ffd48800000 - 0x00007ffd488da000 	C:\Windows\System32\COMDLG32.dll
0x00007ffd47330000 - 0x00007ffd47445000 	C:\Windows\System32\MSCTF.dll
0x00007ffd30990000 - 0x00007ffd309b7000 	C:\Windows\System32\DriverStore\FileRepository\iigd_dch.inf_amd64_4b31d9b38e2bb506\igdinfo64.dll
0x00007ffd46020000 - 0x00007ffd46038000 	C:\Windows\SYSTEM32\CRYPTSP.dll
0x00007ffd45740000 - 0x00007ffd45778000 	C:\Windows\system32\rsaenh.dll
0x00007ffd46010000 - 0x00007ffd4601c000 	C:\Windows\SYSTEM32\CRYPTBASE.dll
0x00007ffd347e0000 - 0x00007ffd3756f000 	C:\Windows\System32\DriverStore\FileRepository\iigd_dch.inf_amd64_4b31d9b38e2bb506\igc64.dll
0x00007ffd3b970000 - 0x00007ffd3b9ab000 	C:\Windows\SYSTEM32\dxcore.dll
0x00007ffd45b40000 - 0x00007ffd45c0a000 	C:\Windows\SYSTEM32\DNSAPI.dll
0x00007ffd45b00000 - 0x00007ffd45b3b000 	C:\Windows\SYSTEM32\IPHLPAPI.DLL
0x00007ffd48fd0000 - 0x00007ffd48fd8000 	C:\Windows\System32\NSI.dll
0x00007ffd3e4a0000 - 0x00007ffd3e4aa000 	C:\Windows\System32\rasadhlp.dll
0x00007ffd39820000 - 0x00007ffd398a0000 	C:\Windows\System32\fwpuclnt.dll
0x00007ffd3f210000 - 0x00007ffd3f219000 	C:\Users\39\.jdks\jbr-17.0.12-1\bin\extnet.dll
0x00007ffd3f100000 - 0x00007ffd3f110000 	C:\Users\39\.jdks\jbr-17.0.12-1\bin\verify.dll
0x00007ffd1c010000 - 0x00007ffd1c024000 	C:\Users\39\.openjfx\cache\21.0.2+5\amd64\javafx_font.dll
0x00007ffd342d0000 - 0x00007ffd3454f000 	C:\Windows\SYSTEM32\dwrite.dll
0x00007ffce4060000 - 0x00007ffce41fa000 	C:\Users\39\.jdks\jbr-17.0.12-1\bin\awt.dll
0x00007ffd1bfc0000 - 0x00007ffd1c004000 	C:\Users\39\.jdks\jbr-17.0.12-1\bin\nvdaControllerClient64.dll
0x00007ffd42020000 - 0x00007ffd420b4000 	C:\Windows\SYSTEM32\apphelp.dll
0x00007ffd0a3b0000 - 0x00007ffd0a437000 	C:\Users\39\.jdks\jbr-17.0.12-1\bin\freetype.dll
0x00007ffce37f0000 - 0x00007ffce38d5000 	C:\Users\39\.jdks\jbr-17.0.12-1\bin\fontmanager.dll
0x00007ffd48750000 - 0x00007ffd487f9000 	C:\Windows\System32\clbcatq.dll

dbghelp: loaded successfully - version: 4.0.5 - missing functions: none
symbol engine: initialized successfully - sym options: 0x614 - pdb path: .;C:\Users\39\.jdks\jbr-17.0.12-1\bin;C:\Windows\SYSTEM32;C:\Windows\WinSxS\amd64_microsoft.windows.common-controls_6595b64144ccf1df_6.0.19041.4355_none_60b8b9eb71f62e16;C:\Users\39\.jdks\jbr-17.0.12-1\bin\server;C:\Users\39\.openjfx\cache\21.0.2+5\amd64;C:\Windows\System32\DriverStore\FileRepository\iigd_dch.inf_amd64_4b31d9b38e2bb506;C:\Program Files\Common Files\Microsoft Shared\Ink

VM Arguments:
jvm_args: --module-path=C:\Users\39\.m2\repository\org\openjfx\javafx-base\21.0.2\javafx-base-21.0.2-win.jar;C:\Users\39\.m2\repository\org\openjfx\javafx-base\21.0.2\javafx-base-21.0.2.jar;C:\Users\39\.m2\repository\org\openjfx\javafx-controls\21.0.2\javafx-controls-21.0.2-win.jar;C:\Users\39\.m2\repository\org\openjfx\javafx-controls\21.0.2\javafx-controls-21.0.2.jar;C:\Users\39\.m2\repository\org\openjfx\javafx-fxml\21.0.2\javafx-fxml-21.0.2-win.jar;C:\Users\39\.m2\repository\org\openjfx\javafx-fxml\21.0.2\javafx-fxml-21.0.2.jar;C:\Users\39\.m2\repository\org\openjfx\javafx-graphics\21.0.2\javafx-graphics-21.0.2-win.jar;C:\Users\39\.m2\repository\org\openjfx\javafx-graphics\21.0.2\javafx-graphics-21.0.2.jar;C:\Users\39\.m2\repository\org\openjfx\javafx-media\21.0.2\javafx-media-21.0.2-win.jar;C:\Users\39\.m2\repository\org\openjfx\javafx-media\21.0.2\javafx-media-21.0.2.jar;C:\Users\39\.m2\repository\org\openjfx\javafx-swing\21.0.2\javafx-swing-21.0.2-win.jar;C:\Users\39\.m2\repository\org\openjfx\javafx-swing\21.0.2\javafx-swing-21.0.2.jar;C:\Users\39\.m2\repository\org\openjfx\javafx-web\21.0.2\javafx-web-21.0.2-win.jar;C:\Users\39\.m2\repository\org\openjfx\javafx-web\21.0.2\javafx-web-21.0.2.jar --add-modules=javafx.base,javafx.controls,javafx.fxml,javafx.graphics,javafx.media,javafx.swing,javafx.web 
java_command: org.gymify.tests.MainApp
java_class_path (initial): C:\Users\39\Documents\GitHub\DevAthletes\DevAthletes\gymify\target\classes;C:\Users\39\.m2\repository\com\fasterxml\jackson\core\jackson-annotations\2.15.2\jackson-annotations-2.15.2.jar;C:\Users\39\.m2\repository\com\fasterxml\jackson\core\jackson-core\2.13.3\jackson-core-2.13.3.jar;C:\Users\39\.m2\repository\com\fasterxml\jackson\core\jackson-databind\2.15.2\jackson-databind-2.15.2.jar;C:\Users\39\.m2\repository\com\fasterxml\woodstox\woodstox-core\5.1.0\woodstox-core-5.1.0.jar;C:\Users\39\.m2\repository\com\google\api-client\google-api-client\2.0.0\google-api-client-2.0.0.jar;C:\Users\39\.m2\repository\com\google\apis\google-api-services-calendar\v3-rev20220715-2.0.0\google-api-services-calendar-v3-rev20220715-2.0.0.jar;C:\Users\39\.m2\repository\com\google\code\findbugs\jsr305\3.0.2\jsr305-3.0.2.jar;C:\Users\39\.m2\repository\com\google\code\gson\gson\2.10.1\gson-2.10.1.jar;C:\Users\39\.m2\repository\com\google\errorprone\error_prone_annotations\2.11.0\error_prone_annotations-2.11.0.jar;C:\Users\39\.m2\repository\com\google\guava\failureaccess\1.0.1\failureaccess-1.0.1.jar;C:\Users\39\.m2\repository\com\google\guava\guava\31.1-jre\guava-31.1-jre.jar;C:\Users\39\.m2\repository\com\google\guava\listenablefuture\9999.0-empty-to-avoid-conflict-with-guava\listenablefuture-9999.0-empty-to-avoid-conflict-with-guava.jar;C:\Users\39\.m2\repository\com\google\http-client\google-http-client\1.42.0\google-http-client-1.42.0.jar;C:\Users\39\.m2\repository\com\google\http-client\google-http-client-apache-v2\1.42.1\google-http-client-apache-v2-1.42.1.jar;C:\Users\39\.m2\repository\com\google\http-client\google-http-client-gson\1.42.1\google-http-client-gson-1.42.1.jar;C:\Users\39\.m2\repository\com\google\http-client\google-http-client-jackson2\1.42.0\google-http-client-jackson2-1.42.0.jar;C:\Users\39\.m2\repository\com\google\j2objc\j2objc-annotations\1.3\j2objc-annotations-1.3.jar;C:\Users\39\.m2\repository\com\google\oauth-client\google-oauth-cl
Launcher Type: SUN_STANDARD

[Global flags]
     intx CICompilerCount                          = 4                                         {product} {ergonomic}
     uint ConcGCThreads                            = 2                                         {product} {ergonomic}
     uint G1ConcRefinementThreads                  = 8                                         {product} {ergonomic}
   size_t G1HeapRegionSize                         = 1048576                                   {product} {ergonomic}
    uintx GCDrainStackTargetSize                   = 64                                        {product} {ergonomic}
   size_t InitialHeapSize                          = 65011712                                  {product} {ergonomic}
   size_t MarkStackSize                            = 4194304                                   {product} {ergonomic}
   size_t MaxHeapSize                              = 1031798784                                {product} {ergonomic}
   size_t MaxNewSize                               = 618659840                                 {product} {ergonomic}
   size_t MinHeapDeltaBytes                        = 1048576                                   {product} {ergonomic}
   size_t MinHeapSize                              = 8388608                                   {product} {ergonomic}
    uintx NonNMethodCodeHeapSize                   = 5839372                                {pd product} {ergonomic}
    uintx NonProfiledCodeHeapSize                  = 122909434                              {pd product} {ergonomic}
    uintx ProfiledCodeHeapSize                     = 122909434                              {pd product} {ergonomic}
    uintx ReservedCodeCacheSize                    = 251658240                              {pd product} {ergonomic}
     bool SegmentedCodeCache                       = true                                      {product} {ergonomic}
   size_t SoftMaxHeapSize                          = 1031798784                             {manageable} {ergonomic}
     bool UseCompressedClassPointers               = true                           {product lp64_product} {ergonomic}
     bool UseCompressedOops                        = true                           {product lp64_product} {ergonomic}
     bool UseG1GC                                  = true                                      {product} {ergonomic}
     bool UseLargePagesIndividualAllocation        = false                                  {pd product} {ergonomic}

Logging:
Log output configuration:
 #0: stdout all=warning uptime,level,tags
 #1: stderr all=off uptime,level,tags

Environment Variables:
PATH=C:\oraclexe\app\oracle\product\11.2.0\server\bin;C:\Users\39\.jdks\jbr-17.0.12-1\bin;C:\Program Files (x86)\VMware\VMware Workstation\bin\;C:\Users\39\.jdks\jbr-17.0.12\bin;C:\Windows\system32;C:\Windows;C:\Windows\System32\Wbem;C:\Windows\System32\WindowsPowerShell\v1.0\;C:\Windows\System32\OpenSSH\;C:\xampp\php;C:\composer;C:\Program Files\Git\cmd;C:\Program Files (x86)\CodeBlocks\MinGW\bin;C:\Program Files (x86)\GnuWin32\bin;C:\Program Files\Apache\Maven\apache-maven-3.8.8\bin;C:\wkhtmltopdf\bin;C:\oraclexe\app\oracle\product\11.2.0\server\bin;C:\Users\39\.jdks\jbr-17.0.12-1\bin;C:\Program Files (x86)\VMware\VMware Workstation\bin\;C:\Users\39\.jdks\jbr-17.0.12\bin;C:\Windows\system32;C:\Windows;C:\Windows\System32\Wbem;C:\Windows\System32\WindowsPowerShell\v1.0\;C:\Windows\System32\OpenSSH\;C:\xampp\php;C:\composer;C:\Program Files\Git\cmd;C:\Program Files (x86)\CodeBlocks\MinGW\bin;C:\Program Files (x86)\GnuWin32\bin;C:\Program Files\Apache\Maven\apache-maven-3.8.8\bin;C:\wkhtmltopdf\bin;C:\Users\39\scoop\shims;C:\Users\39\AppData\Local\Microsoft\WindowsApps;C:\Users\39\AppData\Roaming\Composer\vendor\bin;C:\Users\39\AppData\Local\Programs\Microsoft VS Code\bin;C:\Users\39\AppData\Local\GitHubDesktop\bin;C:\nginx-1.25.3
USERNAME=39
OS=Windows_NT
PROCESSOR_IDENTIFIER=Intel64 Family 6 Model 142 Stepping 12, GenuineIntel
TMP=C:\Users\39\AppData\Local\Temp
TEMP=C:\Users\39\AppData\Local\Temp



Periodic native trim disabled

JNI global refs:
JNI global refs: 110, weak refs: 5

JNI global refs memory usage: 1475, weak refs: 841

Process memory usage:
Resident Set Size: 227008K (5% of 4024112K total physical memory with 221500K free physical memory)

OOME stack traces (most recent first):
Classloader memory used:
Loader jdk.internal.loader.ClassLoaders$AppClassLoader                                 : 2299K
Loader bootstrap                                                                       : 1168K
Loader jdk.internal.loader.ClassLoaders$PlatformClassLoader                            : 49849B
Loader jdk.internal.reflect.DelegatingClassLoader                                      : 12247B
Loader com.sun.javafx.reflect.MethodUtil                                               : 510B


---------------  S Y S T E M  ---------------

OS:
 Windows 10 , 64 bit Build 19041 (10.0.19041.5678)
OS uptime: 2 days 15:31 hours

CPU: total 8 (initial active 8) (4 cores per cpu, 2 threads per core) family 6 model 142 stepping 12 microcode 0xde, cx8, cmov, fxsr, ht, mmx, 3dnowpref, sse, sse2, sse3, ssse3, sse4.1, sse4.2, popcnt, lzcnt, tsc, tscinvbit, avx, avx2, aes, erms, clmul, bmi1, bmi2, adx, fma, vzeroupper, clflush, clflushopt
Processor Information for processor 0
  Max Mhz: 2112, Current Mhz: 1408, Mhz Limit: 1605
Processor Information for processor 1
  Max Mhz: 2112, Current Mhz: 1408, Mhz Limit: 1605
Processor Information for processor 2
  Max Mhz: 2112, Current Mhz: 1609, Mhz Limit: 1605
Processor Information for processor 3
  Max Mhz: 2112, Current Mhz: 1408, Mhz Limit: 1605
Processor Information for processor 4
  Max Mhz: 2112, Current Mhz: 1408, Mhz Limit: 1605
Processor Information for processor 5
  Max Mhz: 2112, Current Mhz: 1408, Mhz Limit: 1605
Processor Information for processor 6
  Max Mhz: 2112, Current Mhz: 1609, Mhz Limit: 1605
Processor Information for processor 7
  Max Mhz: 2112, Current Mhz: 1408, Mhz Limit: 1605

Memory: 4k page, system-wide physical 3929M (216M free)
TotalPageFile size 16217M (AvailPageFile size 2M)
current process WorkingSet (physical memory assigned to process): 222M, peak: 222M
current process commit charge ("private bytes"): 337M, peak: 344M

vm_info: OpenJDK 64-Bit Server VM (17.0.12+1-b1207.37) for windows-amd64 JRE (17.0.12+1-b1207.37), built on 2024-09-25 by "builduser" with MS VC++ 16.10 / 16.11 (VS2019)

END.
