#
# There is insufficient memory for the Java Runtime Environment to continue.
# Native memory allocation (mmap) failed to map 35651584 bytes. Error detail: G1 virtual space
# Possible reasons:
#   The system is out of physical RAM or swap space
#   This process is running with CompressedOops enabled, and the Java Heap may be blocking the growth of the native heap
# Possible solutions:
#   Reduce memory load on the system
#   Increase physical memory or swap space
#   Check if swap backing store is full
#   Decrease Java heap size (-Xmx/-Xms)
#   Decrease number of Java threads
#   Decrease Java thread stack sizes (-Xss)
#   Set larger code cache with -XX:ReservedCodeCacheSize=
#   JVM is running with Unscaled Compressed Oops mode in which the Java heap is
#     placed in the first 4GB address space. The Java Heap base address is the
#     maximum limit for the native heap growth. Please use -XX:HeapBaseMinAddress
#     to set the Java Heap base and to place the Java Heap above 4GB virtual address.
# This output file may be truncated or incomplete.
#
#  Out of Memory Error (os_windows.cpp:3830), pid=6424, tid=4120
#
# JRE version: OpenJDK Runtime Environment JBR-17.0.14+1-1367.22-nomod (17.0.14+1) (build 17.0.14+1-b1367.22)
# Java VM: OpenJDK 64-Bit Server VM JBR-17.0.14+1-1367.22-nomod (17.0.14+1-b1367.22, mixed mode, sharing, tiered, compressed oops, compressed class ptrs, g1 gc, windows-amd64)
# No core dump will be written. Minidumps are not enabled by default on client versions of Windows
#

---------------  S U M M A R Y ------------

Command Line: -Dmaven.multiModuleProjectDirectory=C:\Users\39\Documents\GitHub\DevAthletes\DevAthletes\gymify -Djansi.passthrough=true -Dmaven.home=C:\Program Files\JetBrains\IntelliJ IDEA 2024.2.2\plugins\maven\lib\maven3 -Dclassworlds.conf=C:\Program Files\JetBrains\IntelliJ IDEA 2024.2.2\plugins\maven\lib\maven3\bin\m2.conf -Dmaven.ext.class.path=C:\Program Files\JetBrains\IntelliJ IDEA 2024.2.2\plugins\maven\lib\maven-event-listener.jar -javaagent:C:\Program Files\JetBrains\IntelliJ IDEA 2024.2.2\lib\idea_rt.jar=52103:C:\Program Files\JetBrains\IntelliJ IDEA 2024.2.2\bin -Dfile.encoding=UTF-8 org.codehaus.classworlds.Launcher -Didea.version=2024.2.2 org.openjfx:javafx-maven-plugin:0.0.8:run

Host: Intel(R) Core(TM) i5-10210U CPU @ 1.60GHz, 8 cores, 3G,  Windows 10 , 64 bit Build 19041 (10.0.19041.5438)
Time: Fri Mar  7 04:27:16 2025 Paris, Madrid elapsed time: 5.127348 seconds (0d 0h 0m 5s)

---------------  T H R E A D  ---------------

Current thread (0x000001e5d1ab9b70):  VMThread "VM Thread" [stack: 0x0000007adc100000,0x0000007adc200000] [id=4120]

Stack: [0x0000007adc100000,0x0000007adc200000]
Native frames: (J=compiled Java code, j=interpreted, Vv=VM code, C=native code)
V  [jvm.dll+0x68b969]

VM_Operation (0x0000007adbbfb470): G1CollectForAllocation, mode: safepoint, requested by thread 0x000001e5ba15ece0


---------------  P R O C E S S  ---------------

Threads class SMR info:
_java_thread_list=0x000001e617e0c480, length=14, elements={
0x000001e5ba15ece0, 0x000001e5d1abd010, 0x000001e5d1abde90, 0x000001e5d1ad1590,
0x000001e5d1ad4060, 0x000001e5d1ad4a20, 0x000001e5d1ad53e0, 0x000001e5d1ad7190,
0x000001e5d1ae71a0, 0x000001e5d1b10780, 0x000001e61707a050, 0x000001e6171ade50,
0x000001e6171b1b60, 0x000001e6180f48e0
}

Java Threads: ( => current thread )
  0x000001e5ba15ece0 JavaThread "main" [_thread_blocked, id=12924, stack(0x0000007adbb00000,0x0000007adbc00000)]
  0x000001e5d1abd010 JavaThread "Reference Handler" daemon [_thread_blocked, id=1680, stack(0x0000007adc200000,0x0000007adc300000)]
  0x000001e5d1abde90 JavaThread "Finalizer" daemon [_thread_blocked, id=16476, stack(0x0000007adc300000,0x0000007adc400000)]
  0x000001e5d1ad1590 JavaThread "Signal Dispatcher" daemon [_thread_blocked, id=12280, stack(0x0000007adc400000,0x0000007adc500000)]
  0x000001e5d1ad4060 JavaThread "Attach Listener" daemon [_thread_blocked, id=16128, stack(0x0000007adc500000,0x0000007adc600000)]
  0x000001e5d1ad4a20 JavaThread "Service Thread" daemon [_thread_blocked, id=5280, stack(0x0000007adc600000,0x0000007adc700000)]
  0x000001e5d1ad53e0 JavaThread "Monitor Deflation Thread" daemon [_thread_blocked, id=3268, stack(0x0000007adc700000,0x0000007adc800000)]
  0x000001e5d1ad7190 JavaThread "C2 CompilerThread0" daemon [_thread_blocked, id=9728, stack(0x0000007adc800000,0x0000007adc900000)]
  0x000001e5d1ae71a0 JavaThread "C1 CompilerThread0" daemon [_thread_blocked, id=7352, stack(0x0000007adc900000,0x0000007adca00000)]
  0x000001e5d1b10780 JavaThread "Sweeper thread" daemon [_thread_blocked, id=12776, stack(0x0000007adca00000,0x0000007adcb00000)]
  0x000001e61707a050 JavaThread "Common-Cleaner" daemon [_thread_blocked, id=11368, stack(0x0000007adcb00000,0x0000007adcc00000)]
  0x000001e6171ade50 JavaThread "Monitor Ctrl-Break" daemon [_thread_in_native, id=16868, stack(0x0000007adcc00000,0x0000007adcd00000)]
  0x000001e6171b1b60 JavaThread "Notification Thread" daemon [_thread_blocked, id=1156, stack(0x0000007adcd00000,0x0000007adce00000)]
  0x000001e6180f48e0 JavaThread "Thread-1" daemon [_thread_blocked, id=808, stack(0x0000007add600000,0x0000007add700000)]

Other Threads:
=>0x000001e5d1ab9b70 VMThread "VM Thread" [stack: 0x0000007adc100000,0x0000007adc200000] [id=4120]
  0x000001e5ba15fca0 WatcherThread [stack: 0x0000007adce00000,0x0000007adcf00000] [id=11848]
  0x000001e5ba19b590 GCTaskThread "GC Thread#0" [stack: 0x0000007adbc00000,0x0000007adbd00000] [id=16776]
  0x000001e61711a180 GCTaskThread "GC Thread#1" [stack: 0x0000007adcf00000,0x0000007add000000] [id=6208]
  0x000001e61711ac80 GCTaskThread "GC Thread#2" [stack: 0x0000007add000000,0x0000007add100000] [id=11300]
  0x000001e61711a700 GCTaskThread "GC Thread#3" [stack: 0x0000007add100000,0x0000007add200000] [id=11196]
  0x000001e61711b780 GCTaskThread "GC Thread#4" [stack: 0x0000007add200000,0x0000007add300000] [id=1332]
  0x000001e61711af40 GCTaskThread "GC Thread#5" [stack: 0x0000007add300000,0x0000007add400000] [id=14368]
  0x000001e61711bd00 GCTaskThread "GC Thread#6" [stack: 0x0000007add400000,0x0000007add500000] [id=15296]
  0x000001e61711a440 GCTaskThread "GC Thread#7" [stack: 0x0000007add500000,0x0000007add600000] [id=4204]
  0x000001e5ba1a3fe0 ConcurrentGCThread "G1 Main Marker" [stack: 0x0000007adbd00000,0x0000007adbe00000] [id=1228]
  0x000001e5ba1a51a0 ConcurrentGCThread "G1 Conc#0" [stack: 0x0000007adbe00000,0x0000007adbf00000] [id=8256]
  0x000001e61711a9c0 ConcurrentGCThread "G1 Conc#1" [stack: 0x0000007add700000,0x0000007add800000] [id=6604]
  0x000001e5ba1f6f80 ConcurrentGCThread "G1 Refine#0" [stack: 0x0000007adbf00000,0x0000007adc000000] [id=10424]
  0x000001e618fcec80 ConcurrentGCThread "G1 Refine#1" [stack: 0x0000007add800000,0x0000007add900000] [id=6852]
  0x000001e618fd0400 ConcurrentGCThread "G1 Refine#2" [stack: 0x0000007add900000,0x0000007adda00000] [id=3216]
  0x000001e5ba1f79b0 ConcurrentGCThread "G1 Service" [stack: 0x0000007adc000000,0x0000007adc100000] [id=8896]

Threads with active compile tasks:
C2 CompilerThread0     5229 6072   !   4       com.sun.tools.javac.jvm.ClassReader::classSigToType (497 bytes)

VM state: at safepoint (normal execution)

VM Mutex/Monitor currently owned by a thread:  ([mutex/lock_event])
[0x000001e5ba159f10] Threads_lock - owner thread: 0x000001e5d1ab9b70
[0x000001e5ba15a5d0] Heap_lock - owner thread: 0x000001e5ba15ece0

Heap address: 0x00000000c2800000, size: 984 MB, Compressed Oops mode: 32-bit

CDS archive(s) mapped at: [0x000001e5d2000000-0x000001e5d2c00000-0x000001e5d2c00000), size 12582912, SharedBaseAddress: 0x000001e5d2000000, ArchiveRelocationMode: 1.
Compressed class space mapped at: 0x000001e5d3000000-0x000001e613000000, reserved size: 1073741824
Narrow klass base: 0x000001e5d2000000, Narrow klass shift: 0, Narrow klass range: 0x100000000

GC Precious Log:
 CPUs: 8 total, 8 available
 Memory: 3929M
 Large Page Support: Disabled
 NUMA Support: Disabled
 Compressed Oops: Enabled (32-bit)
 Heap Region Size: 1M
 Heap Min Capacity: 8M
 Heap Initial Capacity: 62M
 Heap Max Capacity: 984M
 Pre-touch: Disabled
 Parallel Workers: 8
 Concurrent Workers: 2
 Concurrent Refinement Workers: 8
 Periodic GC: Disabled

Heap:
 garbage-first heap   total 66560K, used 38357K [0x00000000c2800000, 0x0000000100000000)
  region size 1024K, 2 young (2048K), 2 survivors (2048K)
 Metaspace       used 27579K, committed 27840K, reserved 1114112K
  class space    used 3258K, committed 3392K, reserved 1048576K

Heap Regions: E=young(eden), S=young(survivor), O=old, HS=humongous(starts), HC=humongous(continues), CS=collection set, F=free, OA=open archive, CA=closed archive, TAMS=top-at-mark-start (previous, next)
|   0|0x00000000c2800000, 0x00000000c2900000, 0x00000000c2900000|100%| O|  |TAMS 0x00000000c2900000, 0x00000000c2900000| Untracked 
|   1|0x00000000c2900000, 0x00000000c2a00000, 0x00000000c2a00000|100%| O|  |TAMS 0x00000000c2a00000, 0x00000000c2a00000| Untracked 
|   2|0x00000000c2a00000, 0x00000000c2b00000, 0x00000000c2b00000|100%| O|  |TAMS 0x00000000c2b00000, 0x00000000c2b00000| Untracked 
|   3|0x00000000c2b00000, 0x00000000c2c00000, 0x00000000c2c00000|100%| O|  |TAMS 0x00000000c2c00000, 0x00000000c2c00000| Untracked 
|   4|0x00000000c2c00000, 0x00000000c2d00000, 0x00000000c2d00000|100%| O|  |TAMS 0x00000000c2d00000, 0x00000000c2d00000| Untracked 
|   5|0x00000000c2d00000, 0x00000000c2e00000, 0x00000000c2e00000|100%| O|  |TAMS 0x00000000c2e00000, 0x00000000c2e00000| Untracked 
|   6|0x00000000c2e00000, 0x00000000c2f00000, 0x00000000c2f00000|100%| O|  |TAMS 0x00000000c2f00000, 0x00000000c2f00000| Untracked 
|   7|0x00000000c2f00000, 0x00000000c3000000, 0x00000000c3000000|100%| O|  |TAMS 0x00000000c3000000, 0x00000000c3000000| Untracked 
|   8|0x00000000c3000000, 0x00000000c3100000, 0x00000000c3100000|100%| O|  |TAMS 0x00000000c3100000, 0x00000000c3100000| Untracked 
|   9|0x00000000c3100000, 0x00000000c3200000, 0x00000000c3200000|100%| O|  |TAMS 0x00000000c3170200, 0x00000000c3200000| Untracked 
|  10|0x00000000c3200000, 0x00000000c3300000, 0x00000000c3300000|100%| O|  |TAMS 0x00000000c3200000, 0x00000000c3300000| Untracked 
|  11|0x00000000c3300000, 0x00000000c3375400, 0x00000000c3400000| 45%| O|  |TAMS 0x00000000c3300000, 0x00000000c3375400| Untracked 
|  12|0x00000000c3400000, 0x00000000c3500000, 0x00000000c3500000|100%| O|  |TAMS 0x00000000c3400000, 0x00000000c3500000| Untracked 
|  13|0x00000000c3500000, 0x00000000c3600000, 0x00000000c3600000|100%| O|  |TAMS 0x00000000c3500000, 0x00000000c3600000| Untracked 
|  14|0x00000000c3600000, 0x00000000c3700000, 0x00000000c3700000|100%| O|  |TAMS 0x00000000c3600000, 0x00000000c3700000| Untracked 
|  15|0x00000000c3700000, 0x00000000c3800000, 0x00000000c3800000|100%| O|  |TAMS 0x00000000c3700000, 0x00000000c3800000| Untracked 
|  16|0x00000000c3800000, 0x00000000c3900000, 0x00000000c3900000|100%| O|  |TAMS 0x00000000c3800000, 0x00000000c3900000| Untracked 
|  17|0x00000000c3900000, 0x00000000c3a00000, 0x00000000c3a00000|100%| O|  |TAMS 0x00000000c3900000, 0x00000000c3a00000| Untracked 
|  18|0x00000000c3a00000, 0x00000000c3b00000, 0x00000000c3b00000|100%| O|  |TAMS 0x00000000c3a00000, 0x00000000c3b00000| Untracked 
|  19|0x00000000c3b00000, 0x00000000c3c00000, 0x00000000c3c00000|100%| O|  |TAMS 0x00000000c3b00000, 0x00000000c3c00000| Untracked 
|  20|0x00000000c3c00000, 0x00000000c3d00000, 0x00000000c3d00000|100%| O|  |TAMS 0x00000000c3c00000, 0x00000000c3d00000| Untracked 
|  21|0x00000000c3d00000, 0x00000000c3e00000, 0x00000000c3e00000|100%| O|  |TAMS 0x00000000c3d00000, 0x00000000c3e00000| Untracked 
|  22|0x00000000c3e00000, 0x00000000c3f00000, 0x00000000c3f00000|100%| O|  |TAMS 0x00000000c3e00000, 0x00000000c3f00000| Untracked 
|  23|0x00000000c3f00000, 0x00000000c4000000, 0x00000000c4000000|100%| O|  |TAMS 0x00000000c3f00000, 0x00000000c4000000| Untracked 
|  24|0x00000000c4000000, 0x00000000c4100000, 0x00000000c4100000|100%| O|  |TAMS 0x00000000c4000000, 0x00000000c4100000| Untracked 
|  25|0x00000000c4100000, 0x00000000c4200000, 0x00000000c4200000|100%| O|  |TAMS 0x00000000c4100000, 0x00000000c4200000| Untracked 
|  26|0x00000000c4200000, 0x00000000c4300000, 0x00000000c4300000|100%| O|  |TAMS 0x00000000c4200000, 0x00000000c4300000| Untracked 
|  27|0x00000000c4300000, 0x00000000c4400000, 0x00000000c4400000|100%| O|  |TAMS 0x00000000c4300000, 0x00000000c4400000| Untracked 
|  28|0x00000000c4400000, 0x00000000c4500000, 0x00000000c4500000|100%| O|  |TAMS 0x00000000c4400000, 0x00000000c4500000| Untracked 
|  29|0x00000000c4500000, 0x00000000c4600000, 0x00000000c4600000|100%| O|  |TAMS 0x00000000c4500000, 0x00000000c4600000| Untracked 
|  30|0x00000000c4600000, 0x00000000c4700000, 0x00000000c4700000|100%| O|  |TAMS 0x00000000c4600000, 0x00000000c4700000| Untracked 
|  31|0x00000000c4700000, 0x00000000c4800000, 0x00000000c4800000|100%| O|  |TAMS 0x00000000c4700000, 0x00000000c4800000| Untracked 
|  32|0x00000000c4800000, 0x00000000c4900000, 0x00000000c4900000|100%| O|  |TAMS 0x00000000c4800000, 0x00000000c4871400| Untracked 
|  33|0x00000000c4900000, 0x00000000c4a00000, 0x00000000c4a00000|100%| O|  |TAMS 0x00000000c4900000, 0x00000000c4900000| Untracked 
|  34|0x00000000c4a00000, 0x00000000c4b00000, 0x00000000c4b00000|100%| O|  |TAMS 0x00000000c4a00000, 0x00000000c4a00000| Untracked 
|  35|0x00000000c4b00000, 0x00000000c4c00000, 0x00000000c4c00000|100%| O|  |TAMS 0x00000000c4b00000, 0x00000000c4b00000| Untracked 
|  36|0x00000000c4c00000, 0x00000000c4c00000, 0x00000000c4d00000|  0%| F|  |TAMS 0x00000000c4c00000, 0x00000000c4c00000| Untracked 
|  37|0x00000000c4d00000, 0x00000000c4d00000, 0x00000000c4e00000|  0%| F|  |TAMS 0x00000000c4d00000, 0x00000000c4d00000| Untracked 
|  38|0x00000000c4e00000, 0x00000000c4e00000, 0x00000000c4f00000|  0%| F|  |TAMS 0x00000000c4e00000, 0x00000000c4e00000| Untracked 
|  39|0x00000000c4f00000, 0x00000000c4f00000, 0x00000000c5000000|  0%| F|  |TAMS 0x00000000c4f00000, 0x00000000c4f00000| Untracked 
|  40|0x00000000c5000000, 0x00000000c5000000, 0x00000000c5100000|  0%| F|  |TAMS 0x00000000c5000000, 0x00000000c5000000| Untracked 
|  41|0x00000000c5100000, 0x00000000c5100000, 0x00000000c5200000|  0%| F|  |TAMS 0x00000000c5100000, 0x00000000c5100000| Untracked 
|  42|0x00000000c5200000, 0x00000000c5200000, 0x00000000c5300000|  0%| F|  |TAMS 0x00000000c5200000, 0x00000000c5200000| Untracked 
|  43|0x00000000c5300000, 0x00000000c5300000, 0x00000000c5400000|  0%| F|  |TAMS 0x00000000c5300000, 0x00000000c5300000| Untracked 
|  44|0x00000000c5400000, 0x00000000c5400000, 0x00000000c5500000|  0%| F|  |TAMS 0x00000000c5400000, 0x00000000c5400000| Untracked 
|  45|0x00000000c5500000, 0x00000000c5500000, 0x00000000c5600000|  0%| F|  |TAMS 0x00000000c5500000, 0x00000000c5500000| Untracked 
|  46|0x00000000c5600000, 0x00000000c5600000, 0x00000000c5700000|  0%| F|  |TAMS 0x00000000c5600000, 0x00000000c5600000| Untracked 
|  47|0x00000000c5700000, 0x00000000c5700000, 0x00000000c5800000|  0%| F|  |TAMS 0x00000000c5700000, 0x00000000c5700000| Untracked 
|  48|0x00000000c5800000, 0x00000000c5800000, 0x00000000c5900000|  0%| F|  |TAMS 0x00000000c5800000, 0x00000000c5800000| Untracked 
|  49|0x00000000c5900000, 0x00000000c5900000, 0x00000000c5a00000|  0%| F|  |TAMS 0x00000000c5900000, 0x00000000c5900000| Untracked 
|  50|0x00000000c5a00000, 0x00000000c5b00000, 0x00000000c5b00000|100%| S|CS|TAMS 0x00000000c5a00000, 0x00000000c5a00000| Complete 
|  51|0x00000000c5b00000, 0x00000000c5c00000, 0x00000000c5c00000|100%| S|CS|TAMS 0x00000000c5b00000, 0x00000000c5b00000| Complete 
|  52|0x00000000c5c00000, 0x00000000c5c00000, 0x00000000c5d00000|  0%| F|  |TAMS 0x00000000c5c00000, 0x00000000c5c00000| Untracked 
|  53|0x00000000c5d00000, 0x00000000c5d00000, 0x00000000c5e00000|  0%| F|  |TAMS 0x00000000c5d00000, 0x00000000c5d00000| Untracked 
|  54|0x00000000c5e00000, 0x00000000c5e00000, 0x00000000c5f00000|  0%| F|  |TAMS 0x00000000c5e00000, 0x00000000c5e00000| Untracked 
|  55|0x00000000c5f00000, 0x00000000c5f00000, 0x00000000c6000000|  0%| F|  |TAMS 0x00000000c5f00000, 0x00000000c5f00000| Untracked 
|  56|0x00000000c6000000, 0x00000000c6000000, 0x00000000c6100000|  0%| F|  |TAMS 0x00000000c6000000, 0x00000000c6000000| Untracked 
|  57|0x00000000c6100000, 0x00000000c6100000, 0x00000000c6200000|  0%| F|  |TAMS 0x00000000c6100000, 0x00000000c6100000| Untracked 
|  58|0x00000000c6200000, 0x00000000c6200000, 0x00000000c6300000|  0%| F|  |TAMS 0x00000000c6200000, 0x00000000c6200000| Untracked 
|  59|0x00000000c6300000, 0x00000000c6300000, 0x00000000c6400000|  0%| F|  |TAMS 0x00000000c6300000, 0x00000000c6300000| Untracked 
|  60|0x00000000c6400000, 0x00000000c6400000, 0x00000000c6500000|  0%| F|  |TAMS 0x00000000c6400000, 0x00000000c6400000| Untracked 
|  61|0x00000000c6500000, 0x00000000c6500000, 0x00000000c6600000|  0%| F|  |TAMS 0x00000000c6500000, 0x00000000c6500000| Untracked 
|  62|0x00000000c6600000, 0x00000000c6600000, 0x00000000c6700000|  0%| F|  |TAMS 0x00000000c6600000, 0x00000000c6600000| Untracked 
|  63|0x00000000c6700000, 0x00000000c6700000, 0x00000000c6800000|  0%| F|  |TAMS 0x00000000c6700000, 0x00000000c6700000| Untracked 
|  64|0x00000000c6800000, 0x00000000c6800000, 0x00000000c6900000|  0%| F|  |TAMS 0x00000000c6800000, 0x00000000c6800000| Untracked 

Card table byte_map: [0x000001e5cce70000,0x000001e5cd060000] _byte_map_base: 0x000001e5cc85c000

Marking Bits (Prev, Next): (CMBitMap*) 0x000001e5ba19bbf0, (CMBitMap*) 0x000001e5ba19bbb0
 Prev Bits: [0x000001e5ce1b0000, 0x000001e5cf110000)
 Next Bits: [0x000001e5cd250000, 0x000001e5ce1b0000)

Polling page: 0x000001e5b8110000

Metaspace:

Usage:
  Non-class:     23.75 MB used.
      Class:      3.18 MB used.
       Both:     26.93 MB used.

Virtual space:
  Non-class space:       64.00 MB reserved,      23.88 MB ( 37%) committed,  1 nodes.
      Class space:        1.00 GB reserved,       3.31 MB ( <1%) committed,  1 nodes.
             Both:        1.06 GB reserved,      27.19 MB (  2%) committed. 

Chunk freelists:
   Non-Class:  7.72 MB
       Class:  12.72 MB
        Both:  20.44 MB

MaxMetaspaceSize: unlimited
CompressedClassSpaceSize: 1.00 GB
Initial GC threshold: 21.00 MB
Current GC threshold: 35.44 MB
CDS: on
MetaspaceReclaimPolicy: balanced
 - commit_granule_bytes: 65536.
 - commit_granule_words: 8192.
 - virtual_space_node_default_size: 8388608.
 - enlarge_chunks_in_place: 1.
 - new_chunks_are_fully_committed: 0.
 - uncommit_free_chunks: 1.
 - use_allocation_guard: 0.
 - handle_deallocations: 1.


Internal statistics:

num_allocs_failed_limit: 3.
num_arena_births: 164.
num_arena_deaths: 0.
num_vsnodes_births: 2.
num_vsnodes_deaths: 0.
num_space_committed: 435.
num_space_uncommitted: 0.
num_chunks_returned_to_freelist: 3.
num_chunks_taken_from_freelist: 1157.
num_chunk_merges: 3.
num_chunk_splits: 789.
num_chunks_enlarged: 614.
num_inconsistent_stats: 0.

CodeHeap 'non-profiled nmethods': size=120000Kb used=2428Kb max_used=2428Kb free=117571Kb
 bounds [0x000001e5c5420000, 0x000001e5c5690000, 0x000001e5cc950000]
CodeHeap 'profiled nmethods': size=120000Kb used=12620Kb max_used=12620Kb free=107379Kb
 bounds [0x000001e5bd950000, 0x000001e5be5b0000, 0x000001e5c4e80000]
CodeHeap 'non-nmethods': size=5760Kb used=1209Kb max_used=1270Kb free=4550Kb
 bounds [0x000001e5c4e80000, 0x000001e5c50f0000, 0x000001e5c5420000]
 total_blobs=6659 nmethods=6150 adapters=421
 compilation: enabled
              stopped_count=0, restarted_count=0
 full_count=0

Compilation events (20 events):
Event: 5.105 Thread 0x000001e5d1ae71a0 6243       2       com.sun.tools.javac.code.Type::getOriginalType (2 bytes)
Event: 5.106 Thread 0x000001e5d1ae71a0 nmethod 6243 0x000001e5be59e990 code [0x000001e5be59eb20, 0x000001e5be59ec38]
Event: 5.106 Thread 0x000001e5d1ae71a0 6244       2       com.sun.tools.javac.code.Scope$NamedImportScope::importType (22 bytes)
Event: 5.106 Thread 0x000001e5d1ae71a0 nmethod 6244 0x000001e5be59ed10 code [0x000001e5be59eee0, 0x000001e5be59f468]
Event: 5.106 Thread 0x000001e5d1ae71a0 6245       2       com.sun.tools.javac.code.Lint::<init> (35 bytes)
Event: 5.106 Thread 0x000001e5d1ae71a0 nmethod 6245 0x000001e5be59f690 code [0x000001e5be59f840, 0x000001e5be59fad8]
Event: 5.106 Thread 0x000001e5d1ae71a0 6246   !   2       com.sun.tools.javac.comp.TypeEnter$Phase::doCompleteEnvs (247 bytes)
Event: 5.107 Thread 0x000001e5d1ae71a0 nmethod 6246 0x000001e5be59fc10 code [0x000001e5be59fea0, 0x000001e5be5a08a8]
Event: 5.107 Thread 0x000001e5d1ae71a0 6247       2       com.sun.tools.javac.code.Scope$NamedImportScope$SingleEntryScope::getSymbols (28 bytes)
Event: 5.107 Thread 0x000001e5d1ae71a0 nmethod 6247 0x000001e5be5a1190 code [0x000001e5be5a1340, 0x000001e5be5a14c8]
Event: 5.107 Thread 0x000001e5d1ae71a0 6248       2       com.sun.tools.javac.comp.Check::checkUniqueImport (130 bytes)
Event: 5.108 Thread 0x000001e5d1ae71a0 nmethod 6248 0x000001e5be5a1590 code [0x000001e5be5a17c0, 0x000001e5be5a1c58]
Event: 5.108 Thread 0x000001e5d1ae71a0 6249       2       com.sun.tools.javac.comp.Check$$Lambda$379/0x000001e5d3344478::<init> (10 bytes)
Event: 5.108 Thread 0x000001e5d1ae71a0 nmethod 6249 0x000001e5be5a2010 code [0x000001e5be5a21a0, 0x000001e5be5a22f8]
Event: 5.108 Thread 0x000001e5d1ae71a0 6250       2       java.nio.file.Files::newInputStream (10 bytes)
Event: 5.108 Thread 0x000001e5d1ae71a0 nmethod 6250 0x000001e5be5a2390 code [0x000001e5be5a2540, 0x000001e5be5a26a8]
Event: 5.111 Thread 0x000001e5d1ae71a0 6251       2       com.sun.tools.javac.file.PathFileObject::openInputStream (19 bytes)
Event: 5.111 Thread 0x000001e5d1ae71a0 nmethod 6251 0x000001e5be5a2790 code [0x000001e5be5a2960, 0x000001e5be5a2ca8]
Event: 5.111 Thread 0x000001e5d1ae71a0 6252  s    2       com.sun.tools.javac.file.BaseFileManager::updateLastUsedTime (17 bytes)
Event: 5.111 Thread 0x000001e5d1ae71a0 nmethod 6252 0x000001e5be5a2e10 code [0x000001e5be5a2fa0, 0x000001e5be5a3178]

GC Heap History (20 events):
Event: 1.033 GC heap after
{Heap after GC invocations=2 (full 0):
 garbage-first heap   total 63488K, used 4978K [0x00000000c2800000, 0x0000000100000000)
  region size 1024K, 2 young (2048K), 2 survivors (2048K)
 Metaspace       used 9100K, committed 9280K, reserved 1114112K
  class space    used 1128K, committed 1216K, reserved 1048576K
}
Event: 1.718 GC heap before
{Heap before GC invocations=2 (full 0):
 garbage-first heap   total 63488K, used 40818K [0x00000000c2800000, 0x0000000100000000)
  region size 1024K, 37 young (37888K), 2 survivors (2048K)
 Metaspace       used 15801K, committed 16000K, reserved 1114112K
  class space    used 2002K, committed 2048K, reserved 1048576K
}
Event: 1.727 GC heap after
{Heap after GC invocations=3 (full 0):
 garbage-first heap   total 63488K, used 7805K [0x00000000c2800000, 0x0000000100000000)
  region size 1024K, 4 young (4096K), 4 survivors (4096K)
 Metaspace       used 15801K, committed 16000K, reserved 1114112K
  class space    used 2002K, committed 2048K, reserved 1048576K
}
Event: 2.182 GC heap before
{Heap before GC invocations=3 (full 0):
 garbage-first heap   total 63488K, used 41597K [0x00000000c2800000, 0x0000000100000000)
  region size 1024K, 37 young (37888K), 4 survivors (4096K)
 Metaspace       used 16469K, committed 16640K, reserved 1114112K
  class space    used 2038K, committed 2112K, reserved 1048576K
}
Event: 2.194 GC heap after
{Heap after GC invocations=4 (full 0):
 garbage-first heap   total 63488K, used 9752K [0x00000000c2800000, 0x0000000100000000)
  region size 1024K, 2 young (2048K), 2 survivors (2048K)
 Metaspace       used 16469K, committed 16640K, reserved 1114112K
  class space    used 2038K, committed 2112K, reserved 1048576K
}
Event: 2.974 GC heap before
{Heap before GC invocations=4 (full 0):
 garbage-first heap   total 63488K, used 44568K [0x00000000c2800000, 0x0000000100000000)
  region size 1024K, 36 young (36864K), 2 survivors (2048K)
 Metaspace       used 17925K, committed 18176K, reserved 1114112K
  class space    used 2175K, committed 2304K, reserved 1048576K
}
Event: 2.981 GC heap after
{Heap after GC invocations=5 (full 0):
 garbage-first heap   total 63488K, used 11805K [0x00000000c2800000, 0x0000000100000000)
  region size 1024K, 4 young (4096K), 4 survivors (4096K)
 Metaspace       used 17925K, committed 18176K, reserved 1114112K
  class space    used 2175K, committed 2304K, reserved 1048576K
}
Event: 3.870 GC heap before
{Heap before GC invocations=5 (full 0):
 garbage-first heap   total 63488K, used 45597K [0x00000000c2800000, 0x0000000100000000)
  region size 1024K, 37 young (37888K), 4 survivors (4096K)
 Metaspace       used 21021K, committed 21248K, reserved 1114112K
  class space    used 2583K, committed 2688K, reserved 1048576K
}
Event: 3.877 GC heap after
{Heap after GC invocations=6 (full 0):
 garbage-first heap   total 63488K, used 13438K [0x00000000c2800000, 0x0000000100000000)
  region size 1024K, 4 young (4096K), 4 survivors (4096K)
 Metaspace       used 21021K, committed 21248K, reserved 1114112K
  class space    used 2583K, committed 2688K, reserved 1048576K
}
Event: 3.890 GC heap before
{Heap before GC invocations=6 (full 0):
 garbage-first heap   total 63488K, used 14462K [0x00000000c2800000, 0x0000000100000000)
  region size 1024K, 6 young (6144K), 4 survivors (4096K)
 Metaspace       used 21319K, committed 21504K, reserved 1114112K
  class space    used 2614K, committed 2688K, reserved 1048576K
}
Event: 3.896 GC heap after
{Heap after GC invocations=7 (full 0):
 garbage-first heap   total 63488K, used 13754K [0x00000000c2800000, 0x0000000100000000)
  region size 1024K, 2 young (2048K), 2 survivors (2048K)
 Metaspace       used 21319K, committed 21504K, reserved 1114112K
  class space    used 2614K, committed 2688K, reserved 1048576K
}
Event: 4.285 GC heap before
{Heap before GC invocations=8 (full 0):
 garbage-first heap   total 55296K, used 43450K [0x00000000c2800000, 0x0000000100000000)
  region size 1024K, 32 young (32768K), 2 survivors (2048K)
 Metaspace       used 25939K, committed 26240K, reserved 1114112K
  class space    used 3112K, committed 3264K, reserved 1048576K
}
Event: 4.295 GC heap after
{Heap after GC invocations=9 (full 0):
 garbage-first heap   total 66560K, used 19625K [0x00000000c2800000, 0x0000000100000000)
  region size 1024K, 4 young (4096K), 4 survivors (4096K)
 Metaspace       used 25939K, committed 26240K, reserved 1114112K
  class space    used 3112K, committed 3264K, reserved 1048576K
}
Event: 4.620 GC heap before
{Heap before GC invocations=9 (full 0):
 garbage-first heap   total 66560K, used 48297K [0x00000000c2800000, 0x0000000100000000)
  region size 1024K, 32 young (32768K), 4 survivors (4096K)
 Metaspace       used 26685K, committed 26944K, reserved 1114112K
  class space    used 3192K, committed 3328K, reserved 1048576K
}
Event: 4.631 GC heap after
{Heap after GC invocations=10 (full 0):
 garbage-first heap   total 66560K, used 27834K [0x00000000c2800000, 0x0000000100000000)
  region size 1024K, 4 young (4096K), 4 survivors (4096K)
 Metaspace       used 26685K, committed 26944K, reserved 1114112K
  class space    used 3192K, committed 3328K, reserved 1048576K
}
Event: 4.911 GC heap before
{Heap before GC invocations=10 (full 0):
 garbage-first heap   total 66560K, used 46266K [0x00000000c2800000, 0x0000000100000000)
  region size 1024K, 22 young (22528K), 4 survivors (4096K)
 Metaspace       used 27196K, committed 27456K, reserved 1114112K
  class space    used 3246K, committed 3392K, reserved 1048576K
}
Event: 4.921 GC heap after
{Heap after GC invocations=11 (full 0):
 garbage-first heap   total 66560K, used 32213K [0x00000000c2800000, 0x0000000100000000)
  region size 1024K, 3 young (3072K), 3 survivors (3072K)
 Metaspace       used 27196K, committed 27456K, reserved 1114112K
  class space    used 3246K, committed 3392K, reserved 1048576K
}
Event: 5.022 GC heap before
{Heap before GC invocations=11 (full 0):
 garbage-first heap   total 66560K, used 48597K [0x00000000c2800000, 0x0000000100000000)
  region size 1024K, 19 young (19456K), 3 survivors (3072K)
 Metaspace       used 27499K, committed 27776K, reserved 1114112K
  class space    used 3257K, committed 3392K, reserved 1048576K
}
Event: 5.033 GC heap after
{Heap after GC invocations=12 (full 0):
 garbage-first heap   total 66560K, used 35738K [0x00000000c2800000, 0x0000000100000000)
  region size 1024K, 3 young (3072K), 3 survivors (3072K)
 Metaspace       used 27499K, committed 27776K, reserved 1114112K
  class space    used 3257K, committed 3392K, reserved 1048576K
}
Event: 5.113 GC heap before
{Heap before GC invocations=12 (full 0):
 garbage-first heap   total 66560K, used 49050K [0x00000000c2800000, 0x0000000100000000)
  region size 1024K, 16 young (16384K), 3 survivors (3072K)
 Metaspace       used 27579K, committed 27840K, reserved 1114112K
  class space    used 3258K, committed 3392K, reserved 1048576K
}

Dll operation events (4 events):
Event: 0.007 Loaded shared library C:\Users\39\.jdks\jbr-17.0.14\bin\java.dll
Event: 0.025 Loaded shared library C:\Users\39\.jdks\jbr-17.0.14\bin\jsvml.dll
Event: 0.082 Loaded shared library C:\Users\39\.jdks\jbr-17.0.14\bin\zip.dll
Event: 0.231 Loaded shared library C:\Users\39\.jdks\jbr-17.0.14\bin\verify.dll

Deoptimization events (20 events):
Event: 4.636 Thread 0x000001e5ba15ece0 Uncommon trap: trap_request=0xffffffd6 fr.pc=0x000001e5c5653960 relative=0x00000000000003c0
Event: 4.636 Thread 0x000001e5ba15ece0 Uncommon trap: reason=array_check action=maybe_recompile pc=0x000001e5c5653960 method=java.util.LinkedHashMap.valuesToArray([Ljava/lang/Object;)[Ljava/lang/Object; @ 25 c2
Event: 4.636 Thread 0x000001e5ba15ece0 DEOPT PACKING pc=0x000001e5c5653960 sp=0x0000007adbbfbe80
Event: 4.636 Thread 0x000001e5ba15ece0 DEOPT UNPACKING pc=0x000001e5c4ed69a3 sp=0x0000007adbbfbe28 mode 2
Event: 4.766 Thread 0x000001e5ba15ece0 DEOPT PACKING pc=0x000001e5bdc29b24 sp=0x0000007adbbfc370
Event: 4.766 Thread 0x000001e5ba15ece0 DEOPT UNPACKING pc=0x000001e5c4ed7143 sp=0x0000007adbbfb860 mode 0
Event: 4.774 Thread 0x000001e5ba15ece0 Uncommon trap: trap_request=0xfffffff4 fr.pc=0x000001e5c563c960 relative=0x0000000000000c80
Event: 4.774 Thread 0x000001e5ba15ece0 Uncommon trap: reason=null_check action=make_not_entrant pc=0x000001e5c563c960 method=com.sun.tools.javac.util.UnsharedNameTable.fromUtf([BII)Lcom/sun/tools/javac/util/Name; @ 42 c2
Event: 4.774 Thread 0x000001e5ba15ece0 DEOPT PACKING pc=0x000001e5c563c960 sp=0x0000007adbbfc480
Event: 4.774 Thread 0x000001e5ba15ece0 DEOPT UNPACKING pc=0x000001e5c4ed69a3 sp=0x0000007adbbfc428 mode 2
Event: 4.807 Thread 0x000001e5ba15ece0 DEOPT PACKING pc=0x000001e5be234e5c sp=0x0000007adbbfc100
Event: 4.807 Thread 0x000001e5ba15ece0 DEOPT UNPACKING pc=0x000001e5c4ed7143 sp=0x0000007adbbfb658 mode 0
Event: 4.833 Thread 0x000001e5ba15ece0 DEOPT PACKING pc=0x000001e5be3a1719 sp=0x0000007adbbfbc60
Event: 4.833 Thread 0x000001e5ba15ece0 DEOPT UNPACKING pc=0x000001e5c4ed7143 sp=0x0000007adbbfb120 mode 0
Event: 4.833 Thread 0x000001e5ba15ece0 DEOPT PACKING pc=0x000001e5be3a0f28 sp=0x0000007adbbfbbe0
Event: 4.833 Thread 0x000001e5ba15ece0 DEOPT UNPACKING pc=0x000001e5c4ed7143 sp=0x0000007adbbfb088 mode 0
Event: 4.889 Thread 0x000001e5ba15ece0 Uncommon trap: trap_request=0xffffff45 fr.pc=0x000001e5c566e0d0 relative=0x0000000000000890
Event: 4.889 Thread 0x000001e5ba15ece0 Uncommon trap: reason=unstable_if action=reinterpret pc=0x000001e5c566e0d0 method=jdk.internal.jimage.ImageStringsReader.stringFromByteBuffer(Ljava/nio/ByteBuffer;I)Ljava/lang/String; @ 7 c2
Event: 4.889 Thread 0x000001e5ba15ece0 DEOPT PACKING pc=0x000001e5c566e0d0 sp=0x0000007adbbfb7a0
Event: 4.889 Thread 0x000001e5ba15ece0 DEOPT UNPACKING pc=0x000001e5c4ed69a3 sp=0x0000007adbbfb758 mode 2

Classes loaded (20 events):
Event: 4.439 Loading class sun/nio/fs/BasicFileAttributesHolder
Event: 4.439 Loading class sun/nio/fs/BasicFileAttributesHolder done
Event: 4.761 Loading class java/util/ComparableTimSort
Event: 4.761 Loading class java/util/ComparableTimSort done
Event: 4.763 Loading class java/nio/file/Files$2
Event: 4.763 Loading class java/nio/file/Files$2 done
Event: 4.764 Loading class java/util/ImmutableCollections$Access
Event: 4.764 Loading class java/util/ImmutableCollections$Access done
Event: 4.764 Loading class java/util/ImmutableCollections$Access$1
Event: 4.764 Loading class jdk/internal/access/JavaUtilCollectionAccess
Event: 4.765 Loading class jdk/internal/access/JavaUtilCollectionAccess done
Event: 4.765 Loading class java/util/ImmutableCollections$Access$1 done
Event: 4.765 Loading class java/util/stream/Nodes$SpinedNodeBuilder
Event: 4.765 Loading class java/util/stream/Nodes$SpinedNodeBuilder done
Event: 4.767 Loading class sun/nio/fs/WindowsPath$WindowsPathWithAttributes
Event: 4.768 Loading class sun/nio/fs/WindowsPath$WindowsPathWithAttributes done
Event: 4.784 Loading class java/nio/file/FileTreeWalker$1
Event: 4.784 Loading class java/nio/file/FileTreeWalker$1 done
Event: 4.890 Loading class jdk/internal/jimage/ImageReader$LinkNode
Event: 4.890 Loading class jdk/internal/jimage/ImageReader$LinkNode done

Classes unloaded (0 events):
No events

Classes redefined (0 events):
No events

Internal exceptions (20 events):
Event: 5.063 Thread 0x000001e5ba15ece0 Exception <a 'sun/nio/fs/WindowsException'{0x00000000c64dcc48}> (0x00000000c64dcc48) 
thrown [s\src\hotspot\share\prims\jni.cpp, line 531]
Event: 5.064 Thread 0x000001e5ba15ece0 Exception <a 'sun/nio/fs/WindowsException'{0x00000000c633b708}> (0x00000000c633b708) 
thrown [s\src\hotspot\share\prims\jni.cpp, line 531]
Event: 5.067 Thread 0x000001e5ba15ece0 Exception <a 'sun/nio/fs/WindowsException'{0x00000000c6232478}> (0x00000000c6232478) 
thrown [s\src\hotspot\share\prims\jni.cpp, line 531]
Event: 5.067 Thread 0x000001e5ba15ece0 Exception <a 'sun/nio/fs/WindowsException'{0x00000000c6233148}> (0x00000000c6233148) 
thrown [s\src\hotspot\share\prims\jni.cpp, line 531]
Event: 5.084 Thread 0x000001e5ba15ece0 Exception <a 'sun/nio/fs/WindowsException'{0x00000000c603c4c8}> (0x00000000c603c4c8) 
thrown [s\src\hotspot\share\prims\jni.cpp, line 531]
Event: 5.084 Thread 0x000001e5ba15ece0 Exception <a 'sun/nio/fs/WindowsException'{0x00000000c6042ae0}> (0x00000000c6042ae0) 
thrown [s\src\hotspot\share\prims\jni.cpp, line 531]
Event: 5.084 Thread 0x000001e5ba15ece0 Exception <a 'sun/nio/fs/WindowsException'{0x00000000c604f6f0}> (0x00000000c604f6f0) 
thrown [s\src\hotspot\share\prims\jni.cpp, line 531]
Event: 5.084 Thread 0x000001e5ba15ece0 Exception <a 'sun/nio/fs/WindowsException'{0x00000000c60503b8}> (0x00000000c60503b8) 
thrown [s\src\hotspot\share\prims\jni.cpp, line 531]
Event: 5.091 Thread 0x000001e5ba15ece0 Exception <a 'sun/nio/fs/WindowsException'{0x00000000c5f629d8}> (0x00000000c5f629d8) 
thrown [s\src\hotspot\share\prims\jni.cpp, line 531]
Event: 5.092 Thread 0x000001e5ba15ece0 Exception <a 'sun/nio/fs/WindowsException'{0x00000000c5f70cf0}> (0x00000000c5f70cf0) 
thrown [s\src\hotspot\share\prims\jni.cpp, line 531]
Event: 5.092 Thread 0x000001e5ba15ece0 Exception <a 'sun/nio/fs/WindowsException'{0x00000000c5f90060}> (0x00000000c5f90060) 
thrown [s\src\hotspot\share\prims\jni.cpp, line 531]
Event: 5.092 Thread 0x000001e5ba15ece0 Exception <a 'sun/nio/fs/WindowsException'{0x00000000c5f90d20}> (0x00000000c5f90d20) 
thrown [s\src\hotspot\share\prims\jni.cpp, line 531]
Event: 5.097 Thread 0x000001e5ba15ece0 Exception <a 'sun/nio/fs/WindowsException'{0x00000000c5e27d60}> (0x00000000c5e27d60) 
thrown [s\src\hotspot\share\prims\jni.cpp, line 531]
Event: 5.098 Thread 0x000001e5ba15ece0 Exception <a 'sun/nio/fs/WindowsException'{0x00000000c5e3fb40}> (0x00000000c5e3fb40) 
thrown [s\src\hotspot\share\prims\jni.cpp, line 531]
Event: 5.098 Thread 0x000001e5ba15ece0 Exception <a 'sun/nio/fs/WindowsException'{0x00000000c5e67c40}> (0x00000000c5e67c40) 
thrown [s\src\hotspot\share\prims\jni.cpp, line 531]
Event: 5.099 Thread 0x000001e5ba15ece0 Exception <a 'sun/nio/fs/WindowsException'{0x00000000c5e68900}> (0x00000000c5e68900) 
thrown [s\src\hotspot\share\prims\jni.cpp, line 531]
Event: 5.107 Thread 0x000001e5ba15ece0 Exception <a 'sun/nio/fs/WindowsException'{0x00000000c5de1b00}> (0x00000000c5de1b00) 
thrown [s\src\hotspot\share\prims\jni.cpp, line 531]
Event: 5.107 Thread 0x000001e5ba15ece0 Exception <a 'sun/nio/fs/WindowsException'{0x00000000c5de86d0}> (0x00000000c5de86d0) 
thrown [s\src\hotspot\share\prims\jni.cpp, line 531]
Event: 5.107 Thread 0x000001e5ba15ece0 Exception <a 'sun/nio/fs/WindowsException'{0x00000000c5df66e0}> (0x00000000c5df66e0) 
thrown [s\src\hotspot\share\prims\jni.cpp, line 531]
Event: 5.107 Thread 0x000001e5ba15ece0 Exception <a 'sun/nio/fs/WindowsException'{0x00000000c5df73a8}> (0x00000000c5df73a8) 
thrown [s\src\hotspot\share\prims\jni.cpp, line 531]

VM Operations (20 events):
Event: 4.382 Executing VM operation: HandshakeAllThreads done
Event: 4.387 Executing VM operation: HandshakeAllThreads
Event: 4.387 Executing VM operation: HandshakeAllThreads done
Event: 4.429 Executing VM operation: HandshakeAllThreads
Event: 4.429 Executing VM operation: HandshakeAllThreads done
Event: 4.620 Executing VM operation: G1CollectForAllocation
Event: 4.631 Executing VM operation: G1CollectForAllocation done
Event: 4.765 Executing VM operation: HandshakeAllThreads
Event: 4.765 Executing VM operation: HandshakeAllThreads done
Event: 4.768 Executing VM operation: HandshakeAllThreads
Event: 4.768 Executing VM operation: HandshakeAllThreads done
Event: 4.890 Executing VM operation: HandshakeAllThreads
Event: 4.890 Executing VM operation: HandshakeAllThreads done
Event: 4.911 Executing VM operation: G1CollectForAllocation
Event: 4.921 Executing VM operation: G1CollectForAllocation done
Event: 5.022 Executing VM operation: G1CollectForAllocation
Event: 5.033 Executing VM operation: G1CollectForAllocation done
Event: 5.060 Executing VM operation: HandshakeAllThreads
Event: 5.060 Executing VM operation: HandshakeAllThreads done
Event: 5.113 Executing VM operation: G1CollectForAllocation

Memory protections (0 events):
No events

Nmethod flushes (0 events):
No events

Events (20 events):
Event: 0.037 Thread 0x000001e5ba15ece0 Thread added: 0x000001e5d1ad4060
Event: 0.037 Thread 0x000001e5ba15ece0 Thread added: 0x000001e5d1ad4a20
Event: 0.037 Thread 0x000001e5ba15ece0 Thread added: 0x000001e5d1ad53e0
Event: 0.037 Thread 0x000001e5ba15ece0 Thread added: 0x000001e5d1ad7190
Event: 0.037 Thread 0x000001e5ba15ece0 Thread added: 0x000001e5d1ae71a0
Event: 0.037 Thread 0x000001e5ba15ece0 Thread added: 0x000001e5d1b10780
Event: 0.057 Thread 0x000001e5ba15ece0 Thread added: 0x000001e61707a050
Event: 0.085 Loaded shared library C:\Users\39\.jdks\jbr-17.0.14\bin\instrument.dll
Event: 0.093 Loaded shared library C:\Users\39\.jdks\jbr-17.0.14\bin\net.dll
Event: 0.094 Loaded shared library C:\Users\39\.jdks\jbr-17.0.14\bin\nio.dll
Event: 0.096 Loaded shared library C:\Users\39\.jdks\jbr-17.0.14\bin\zip.dll
Event: 0.105 Loaded shared library C:\Program Files\JetBrains\IntelliJ IDEA 2024.2.2\bin\breakgen64.dll
Event: 0.107 Thread 0x000001e5ba15ece0 Thread added: 0x000001e6171ade50
Event: 0.107 Thread 0x000001e5ba15ece0 Thread added: 0x000001e6171b1b60
Event: 0.117 Loaded shared library C:\Users\39\.jdks\jbr-17.0.14\bin\extnet.dll
Event: 0.202 Thread 0x000001e5ba15ece0 Thread added: 0x000001e61729b030
Event: 0.203 Loaded shared library C:\Users\39\.jdks\jbr-17.0.14\bin\jimage.dll
Event: 0.217 Thread 0x000001e61729b030 Thread exited: 0x000001e61729b030
Event: 0.220 Loaded shared library C:\Users\39\AppData\Local\Temp\jansi-2.4.1-7267e38789a637df-jansi.dll
Event: 1.559 Thread 0x000001e5ba15ece0 Thread added: 0x000001e6180f48e0


Dynamic libraries:
0x00007ff7e7de0000 - 0x00007ff7e7dea000 	C:\Users\39\.jdks\jbr-17.0.14\bin\java.exe
0x00007ffbec690000 - 0x00007ffbec888000 	C:\Windows\SYSTEM32\ntdll.dll
0x00007ffbec4d0000 - 0x00007ffbec592000 	C:\Windows\System32\KERNEL32.DLL
0x00007ffbe9dd0000 - 0x00007ffbea0cf000 	C:\Windows\System32\KERNELBASE.dll
0x00007ffbea330000 - 0x00007ffbea430000 	C:\Windows\System32\ucrtbase.dll
0x00007ffbcb660000 - 0x00007ffbcb67b000 	C:\Users\39\.jdks\jbr-17.0.14\bin\VCRUNTIME140.dll
0x00007ffbcc8c0000 - 0x00007ffbcc8d7000 	C:\Users\39\.jdks\jbr-17.0.14\bin\jli.dll
0x00007ffbebf40000 - 0x00007ffbec0dd000 	C:\Windows\System32\USER32.dll
0x00007ffbea680000 - 0x00007ffbea6a2000 	C:\Windows\System32\win32u.dll
0x00007ffbea720000 - 0x00007ffbea74b000 	C:\Windows\System32\GDI32.dll
0x00007ffbd6c00000 - 0x00007ffbd6e9a000 	C:\Windows\WinSxS\amd64_microsoft.windows.common-controls_6595b64144ccf1df_6.0.19041.4355_none_60b8b9eb71f62e16\COMCTL32.dll
0x00007ffbea430000 - 0x00007ffbea54a000 	C:\Windows\System32\gdi32full.dll
0x00007ffbebaf0000 - 0x00007ffbebb8e000 	C:\Windows\System32\msvcrt.dll
0x00007ffbe9d30000 - 0x00007ffbe9dcd000 	C:\Windows\System32\msvcp_win.dll
0x00007ffbeaab0000 - 0x00007ffbeaadf000 	C:\Windows\System32\IMM32.DLL
0x00007ffbd08d0000 - 0x00007ffbd08dc000 	C:\Users\39\.jdks\jbr-17.0.14\bin\vcruntime140_1.dll
0x00007ffbbcc10000 - 0x00007ffbbcc9d000 	C:\Users\39\.jdks\jbr-17.0.14\bin\msvcp140.dll
0x00007ffb5e690000 - 0x00007ffb5f31e000 	C:\Users\39\.jdks\jbr-17.0.14\bin\server\jvm.dll
0x00007ffbec5a0000 - 0x00007ffbec64f000 	C:\Windows\System32\ADVAPI32.dll
0x00007ffbebd50000 - 0x00007ffbebdef000 	C:\Windows\System32\sechost.dll
0x00007ffbebdf0000 - 0x00007ffbebf13000 	C:\Windows\System32\RPCRT4.dll
0x00007ffbea550000 - 0x00007ffbea577000 	C:\Windows\System32\bcrypt.dll
0x00007ffbebb90000 - 0x00007ffbebbfb000 	C:\Windows\System32\WS2_32.dll
0x00007ffbe9a70000 - 0x00007ffbe9abb000 	C:\Windows\SYSTEM32\POWRPROF.dll
0x00007ffbd9750000 - 0x00007ffbd9777000 	C:\Windows\SYSTEM32\WINMM.dll
0x00007ffbe4350000 - 0x00007ffbe435a000 	C:\Windows\SYSTEM32\VERSION.dll
0x00007ffbe9a50000 - 0x00007ffbe9a62000 	C:\Windows\SYSTEM32\UMPDC.dll
0x00007ffbe7bb0000 - 0x00007ffbe7bc2000 	C:\Windows\SYSTEM32\kernel.appcore.dll
0x00007ffbd04e0000 - 0x00007ffbd04ea000 	C:\Users\39\.jdks\jbr-17.0.14\bin\jimage.dll
0x00007ffbd8040000 - 0x00007ffbd8224000 	C:\Windows\SYSTEM32\DBGHELP.DLL
0x00007ffbd5720000 - 0x00007ffbd5754000 	C:\Windows\SYSTEM32\dbgcore.DLL
0x00007ffbea2a0000 - 0x00007ffbea322000 	C:\Windows\System32\bcryptPrimitives.dll
0x00007ffbcb800000 - 0x00007ffbcb80e000 	C:\Users\39\.jdks\jbr-17.0.14\bin\instrument.dll
0x00007ffbc09f0000 - 0x00007ffbc0a15000 	C:\Users\39\.jdks\jbr-17.0.14\bin\java.dll
0x00007ffbbc510000 - 0x00007ffbbc5e7000 	C:\Users\39\.jdks\jbr-17.0.14\bin\jsvml.dll
0x00007ffbeb370000 - 0x00007ffbebadd000 	C:\Windows\System32\SHELL32.dll
0x00007ffbe7db0000 - 0x00007ffbe8554000 	C:\Windows\SYSTEM32\windows.storage.dll
0x00007ffbea750000 - 0x00007ffbeaaa5000 	C:\Windows\System32\combase.dll
0x00007ffbe9690000 - 0x00007ffbe96bf000 	C:\Windows\SYSTEM32\Wldp.dll
0x00007ffbec250000 - 0x00007ffbec31d000 	C:\Windows\System32\OLEAUT32.dll
0x00007ffbeb2c0000 - 0x00007ffbeb36d000 	C:\Windows\System32\SHCORE.dll
0x00007ffbebc60000 - 0x00007ffbebcb5000 	C:\Windows\System32\shlwapi.dll
0x00007ffbe9c60000 - 0x00007ffbe9c84000 	C:\Windows\SYSTEM32\profapi.dll
0x00007ffbc9210000 - 0x00007ffbc9228000 	C:\Users\39\.jdks\jbr-17.0.14\bin\zip.dll
0x00007ffbc8d80000 - 0x00007ffbc8d99000 	C:\Users\39\.jdks\jbr-17.0.14\bin\net.dll
0x00007ffbe0f60000 - 0x00007ffbe106a000 	C:\Windows\SYSTEM32\WINHTTP.dll
0x00007ffbe93f0000 - 0x00007ffbe945c000 	C:\Windows\system32\mswsock.dll
0x00007ffbc00b0000 - 0x00007ffbc00c6000 	C:\Users\39\.jdks\jbr-17.0.14\bin\nio.dll
0x00007ffbc0090000 - 0x00007ffbc00aa000 	C:\Program Files\JetBrains\IntelliJ IDEA 2024.2.2\bin\breakgen64.dll
0x00007ffbcb7d0000 - 0x00007ffbcb7d9000 	C:\Users\39\.jdks\jbr-17.0.14\bin\extnet.dll
0x00007ffbcd4f0000 - 0x00007ffbcd514000 	C:\Users\39\AppData\Local\Temp\jansi-2.4.1-7267e38789a637df-jansi.dll
0x00007ffbcb650000 - 0x00007ffbcb660000 	C:\Users\39\.jdks\jbr-17.0.14\bin\verify.dll

dbghelp: loaded successfully - version: 4.0.5 - missing functions: none
symbol engine: initialized successfully - sym options: 0x614 - pdb path: .;C:\Users\39\.jdks\jbr-17.0.14\bin;C:\Windows\SYSTEM32;C:\Windows\WinSxS\amd64_microsoft.windows.common-controls_6595b64144ccf1df_6.0.19041.4355_none_60b8b9eb71f62e16;C:\Users\39\.jdks\jbr-17.0.14\bin\server;C:\Program Files\JetBrains\IntelliJ IDEA 2024.2.2\bin;C:\Users\39\AppData\Local\Temp

VM Arguments:
jvm_args: -Dmaven.multiModuleProjectDirectory=C:\Users\39\Documents\GitHub\DevAthletes\DevAthletes\gymify -Djansi.passthrough=true -Dmaven.home=C:\Program Files\JetBrains\IntelliJ IDEA 2024.2.2\plugins\maven\lib\maven3 -Dclassworlds.conf=C:\Program Files\JetBrains\IntelliJ IDEA 2024.2.2\plugins\maven\lib\maven3\bin\m2.conf -Dmaven.ext.class.path=C:\Program Files\JetBrains\IntelliJ IDEA 2024.2.2\plugins\maven\lib\maven-event-listener.jar -javaagent:C:\Program Files\JetBrains\IntelliJ IDEA 2024.2.2\lib\idea_rt.jar=52103:C:\Program Files\JetBrains\IntelliJ IDEA 2024.2.2\bin -Dfile.encoding=UTF-8 
java_command: org.codehaus.classworlds.Launcher -Didea.version=2024.2.2 org.openjfx:javafx-maven-plugin:0.0.8:run
java_class_path (initial): C:\Program Files\JetBrains\IntelliJ IDEA 2024.2.2\plugins\maven\lib\maven3\boot\plexus-classworlds-2.8.0.jar;C:\Program Files\JetBrains\IntelliJ IDEA 2024.2.2\plugins\maven\lib\maven3\boot\plexus-classworlds.license
Launcher Type: SUN_STANDARD

[Global flags]
     intx CICompilerCount                          = 4                                         {product} {ergonomic}
     uint ConcGCThreads                            = 2                                         {product} {ergonomic}
     uint G1ConcRefinementThreads                  = 8                                         {product} {ergonomic}
   size_t G1HeapRegionSize                         = 1048576                                   {product} {ergonomic}
    uintx GCDrainStackTargetSize                   = 64                                        {product} {ergonomic}
   size_t InitialHeapSize                          = 65011712                                  {product} {ergonomic}
   size_t MarkStackSize                            = 4194304                                   {product} {ergonomic}
   size_t MaxHeapSize                              = 1031798784                                {product} {ergonomic}
   size_t MaxNewSize                               = 618659840                                 {product} {ergonomic}
   size_t MinHeapDeltaBytes                        = 1048576                                   {product} {ergonomic}
   size_t MinHeapSize                              = 8388608                                   {product} {ergonomic}
    uintx NonNMethodCodeHeapSize                   = 5839372                                {pd product} {ergonomic}
    uintx NonProfiledCodeHeapSize                  = 122909434                              {pd product} {ergonomic}
    uintx ProfiledCodeHeapSize                     = 122909434                              {pd product} {ergonomic}
    uintx ReservedCodeCacheSize                    = 251658240                              {pd product} {ergonomic}
     bool SegmentedCodeCache                       = true                                      {product} {ergonomic}
   size_t SoftMaxHeapSize                          = 1031798784                             {manageable} {ergonomic}
     bool UseCompressedClassPointers               = true                           {product lp64_product} {ergonomic}
     bool UseCompressedOops                        = true                           {product lp64_product} {ergonomic}
     bool UseG1GC                                  = true                                      {product} {ergonomic}
     bool UseLargePagesIndividualAllocation        = false                                  {pd product} {ergonomic}

Logging:
Log output configuration:
 #0: stdout all=warning uptime,level,tags
 #1: stderr all=off uptime,level,tags

Environment Variables:
PATH=C:\oraclexe\app\oracle\product\11.2.0\server\bin;C:\Users\39\.jdks\jbr-17.0.12-1\bin;C:\Program Files (x86)\VMware\VMware Workstation\bin\;C:\Users\39\.jdks\jbr-17.0.12\bin;C:\Windows\system32;C:\Windows;C:\Windows\System32\Wbem;C:\Windows\System32\WindowsPowerShell\v1.0\;C:\Windows\System32\OpenSSH\;C:\xampp\php;C:\composer;C:\Program Files\Git\cmd;C:\Program Files (x86)\CodeBlocks\MinGW\bin;C:\Program Files (x86)\GnuWin32\bin;C:\Program Files\Apache\Maven\apache-maven-3.8.8\bin;C:\Users\39\scoop\shims;C:\Users\39\AppData\Local\Microsoft\WindowsApps;C:\Users\39\AppData\Roaming\Composer\vendor\bin;C:\Users\39\AppData\Local\Programs\Microsoft VS Code\bin;C:\Users\39\AppData\Local\GitHubDesktop\bin
USERNAME=39
OS=Windows_NT
PROCESSOR_IDENTIFIER=Intel64 Family 6 Model 142 Stepping 12, GenuineIntel
TMP=C:\Users\39\AppData\Local\Temp
TEMP=C:\Users\39\AppData\Local\Temp



Periodic native trim disabled

JNI global refs:
JNI global refs: 15, weak refs: 33

JNI global refs memory usage: 843, weak refs: 841

Process memory usage:
Resident Set Size: 196292K (4% of 4024112K total physical memory with 190460K free physical memory)

OOME stack traces (most recent first):
Classloader memory used:
Loader org.codehaus.plexus.classworlds.realm.ClassRealm                                : 1726K
Loader jdk.internal.loader.ClassLoaders$AppClassLoader                                 : 928K
Loader bootstrap                                                                       : 719K
Loader jdk.internal.loader.ClassLoaders$PlatformClassLoader                            : 64393B
Loader jdk.internal.reflect.DelegatingClassLoader                                      : 6758B
Loader org.eclipse.sisu.space.CloningClassSpace$CloningClassLoader                     : 4632B

Classes loaded by more than one classloader:
Class org.codehaus.plexus.util.DirectoryScanner                                       : loaded 2 times (x 113B)
Class org.codehaus.plexus.interpolation.BasicInterpolator                             : loaded 2 times (x 68B)
Class org.codehaus.plexus.util.Scanner                                                : loaded 2 times (x 68B)
Class [Lorg.codehaus.plexus.util.MatchPattern;                                        : loaded 2 times (x 67B)
Class org.codehaus.plexus.interpolation.ValueSource                                   : loaded 2 times (x 68B)
Class org.codehaus.plexus.util.AbstractScanner                                        : loaded 2 times (x 98B)
Class org.codehaus.plexus.util.MatchPattern                                           : loaded 2 times (x 76B)
Class org.codehaus.plexus.interpolation.RecursionInterceptor                          : loaded 2 times (x 68B)
Class org.apache.maven.shared.utils.logging.MessageBuilder                            : loaded 2 times (x 68B)
Class org.apache.maven.shared.utils.logging.AnsiMessageBuilder                        : loaded 2 times (x 124B)
Class [Lorg.apache.maven.shared.utils.logging.Style;                                  : loaded 2 times (x 67B)
Class org.codehaus.plexus.interpolation.PropertiesBasedValueSource                    : loaded 2 times (x 80B)
Class org.codehaus.plexus.interpolation.AbstractValueSource                           : loaded 2 times (x 80B)
Class org.codehaus.plexus.util.MatchPatterns                                          : loaded 2 times (x 74B)
Class org.apache.maven.shared.utils.logging.MessageUtils$1                            : loaded 2 times (x 85B)
Class org.apache.maven.shared.utils.logging.Style                                     : loaded 2 times (x 78B)
Class org.apache.maven.shared.utils.logging.LoggerLevelRenderer                       : loaded 2 times (x 68B)
Class org.codehaus.plexus.util.SelectorUtils                                          : loaded 2 times (x 69B)
Class org.codehaus.plexus.util.StringUtils                                            : loaded 2 times (x 69B)
Class org.apache.maven.shared.utils.logging.MessageUtils                              : loaded 2 times (x 69B)
Class org.codehaus.plexus.interpolation.Interpolator                                  : loaded 2 times (x 68B)


---------------  S Y S T E M  ---------------

OS:
 Windows 10 , 64 bit Build 19041 (10.0.19041.5438)
OS uptime: 0 days 7:14 hours

CPU: total 8 (initial active 8) (4 cores per cpu, 2 threads per core) family 6 model 142 stepping 12 microcode 0xde, cx8, cmov, fxsr, ht, mmx, 3dnowpref, sse, sse2, sse3, ssse3, sse4.1, sse4.2, popcnt, lzcnt, tsc, tscinvbit, avx, avx2, aes, erms, clmul, bmi1, bmi2, adx, fma, vzeroupper, clflush, clflushopt
Processor Information for processor 0
  Max Mhz: 2112, Current Mhz: 1408, Mhz Limit: 1605
Processor Information for processor 1
  Max Mhz: 2112, Current Mhz: 1408, Mhz Limit: 1605
Processor Information for processor 2
  Max Mhz: 2112, Current Mhz: 1609, Mhz Limit: 1605
Processor Information for processor 3
  Max Mhz: 2112, Current Mhz: 1408, Mhz Limit: 1605
Processor Information for processor 4
  Max Mhz: 2112, Current Mhz: 1408, Mhz Limit: 1605
Processor Information for processor 5
  Max Mhz: 2112, Current Mhz: 1408, Mhz Limit: 1605
Processor Information for processor 6
  Max Mhz: 2112, Current Mhz: 1408, Mhz Limit: 1605
Processor Information for processor 7
  Max Mhz: 2112, Current Mhz: 1408, Mhz Limit: 1605

Memory: 4k page, system-wide physical 3929M (183M free)
TotalPageFile size 16217M (AvailPageFile size 2M)
current process WorkingSet (physical memory assigned to process): 191M, peak: 191M
current process commit charge ("private bytes"): 227M, peak: 256M

vm_info: OpenJDK 64-Bit Server VM (17.0.14+1-b1367.22) for windows-amd64 JRE (17.0.14+1-b1367.22), built on 2025-01-30 by "builduser" with MS VC++ 16.10 / 16.11 (VS2019)

END.
