#
# There is insufficient memory for the Java Runtime Environment to continue.
# Native memory allocation (malloc) failed to allocate 920736 bytes. Error detail: Chunk::new
# Possible reasons:
#   The system is out of physical RAM or swap space
#   This process is running with CompressedOops enabled, and the Java Heap may be blocking the growth of the native heap
# Possible solutions:
#   Reduce memory load on the system
#   Increase physical memory or swap space
#   Check if swap backing store is full
#   Decrease Java heap size (-Xmx/-Xms)
#   Decrease number of Java threads
#   Decrease Java thread stack sizes (-Xss)
#   Set larger code cache with -XX:ReservedCodeCacheSize=
#   JVM is running with Unscaled Compressed Oops mode in which the Java heap is
#     placed in the first 4GB address space. The Java Heap base address is the
#     maximum limit for the native heap growth. Please use -XX:HeapBaseMinAddress
#     to set the Java Heap base and to place the Java Heap above 4GB virtual address.
# This output file may be truncated or incomplete.
#
#  Out of Memory Error (arena.cpp:191), pid=10844, tid=12764
#
# JRE version: OpenJDK Runtime Environment JBR-17.0.14+1-1367.22-nomod (17.0.14+1) (build 17.0.14+1-b1367.22)
# Java VM: OpenJDK 64-Bit Server VM JBR-17.0.14+1-1367.22-nomod (17.0.14+1-b1367.22, mixed mode, sharing, tiered, compressed oops, compressed class ptrs, g1 gc, windows-amd64)
# No core dump will be written. Minidumps are not enabled by default on client versions of Windows
#

---------------  S U M M A R Y ------------

Command Line: -Dmaven.multiModuleProjectDirectory=C:\Users\39\Documents\GitHub\DevAthletes\DevAthletes\gymify -Djansi.passthrough=true -Dmaven.home=C:\Program Files\JetBrains\IntelliJ IDEA 2024.2.2\plugins\maven\lib\maven3 -Dclassworlds.conf=C:\Program Files\JetBrains\IntelliJ IDEA 2024.2.2\plugins\maven\lib\maven3\bin\m2.conf -Dmaven.ext.class.path=C:\Program Files\JetBrains\IntelliJ IDEA 2024.2.2\plugins\maven\lib\maven-event-listener.jar -javaagent:C:\Program Files\JetBrains\IntelliJ IDEA 2024.2.2\lib\idea_rt.jar=63977:C:\Program Files\JetBrains\IntelliJ IDEA 2024.2.2\bin -Dfile.encoding=UTF-8 org.codehaus.classworlds.Launcher -Didea.version=2024.2.2 org.openjfx:javafx-maven-plugin:0.0.8:run

Host: Intel(R) Core(TM) i5-10210U CPU @ 1.60GHz, 8 cores, 3G,  Windows 10 , 64 bit Build 19041 (10.0.19041.5438)
Time: Fri Mar  7 02:38:48 2025 Paris, Madrid elapsed time: 4.687478 seconds (0d 0h 0m 4s)

---------------  T H R E A D  ---------------

Current thread (0x00000219de778080):  JavaThread "C2 CompilerThread0" daemon [_thread_in_native, id=12764, stack(0x0000001caed00000,0x0000001caee00000)]


Current CompileTask:
C2:   4687 4697       4       jdk.internal.org.objectweb.asm.Frame::execute (2305 bytes)

Stack: [0x0000001caed00000,0x0000001caee00000]
Native frames: (J=compiled Java code, j=interpreted, Vv=VM code, C=native code)
V  [jvm.dll+0x68b969]


---------------  P R O C E S S  ---------------

Threads class SMR info:
_java_thread_list=0x00000219e3972b90, length=14, elements={
0x00000219c6deeff0, 0x00000219de74f780, 0x00000219de750210, 0x00000219de764a30,
0x00000219de765200, 0x00000219de7677e0, 0x00000219de767db0, 0x00000219de778080,
0x00000219de77a750, 0x00000219de77ad60, 0x00000219deaf0ba0, 0x00000219dec39420,
0x00000219dec3bd30, 0x00000219e3ab56a0
}

Java Threads: ( => current thread )
  0x00000219c6deeff0 JavaThread "main" [_thread_in_vm, id=11788, stack(0x0000001cae000000,0x0000001cae100000)]
  0x00000219de74f780 JavaThread "Reference Handler" daemon [_thread_blocked, id=6708, stack(0x0000001cae700000,0x0000001cae800000)]
  0x00000219de750210 JavaThread "Finalizer" daemon [_thread_blocked, id=7216, stack(0x0000001cae800000,0x0000001cae900000)]
  0x00000219de764a30 JavaThread "Signal Dispatcher" daemon [_thread_blocked, id=16060, stack(0x0000001cae900000,0x0000001caea00000)]
  0x00000219de765200 JavaThread "Attach Listener" daemon [_thread_blocked, id=10536, stack(0x0000001caea00000,0x0000001caeb00000)]
  0x00000219de7677e0 JavaThread "Service Thread" daemon [_thread_blocked, id=13076, stack(0x0000001caeb00000,0x0000001caec00000)]
  0x00000219de767db0 JavaThread "Monitor Deflation Thread" daemon [_thread_blocked, id=8044, stack(0x0000001caec00000,0x0000001caed00000)]
=>0x00000219de778080 JavaThread "C2 CompilerThread0" daemon [_thread_in_native, id=12764, stack(0x0000001caed00000,0x0000001caee00000)]
  0x00000219de77a750 JavaThread "C1 CompilerThread0" daemon [_thread_blocked, id=5080, stack(0x0000001caee00000,0x0000001caef00000)]
  0x00000219de77ad60 JavaThread "Sweeper thread" daemon [_thread_blocked, id=14720, stack(0x0000001caef00000,0x0000001caf000000)]
  0x00000219deaf0ba0 JavaThread "Common-Cleaner" daemon [_thread_blocked, id=4236, stack(0x0000001caf000000,0x0000001caf100000)]
  0x00000219dec39420 JavaThread "Monitor Ctrl-Break" daemon [_thread_in_native, id=8512, stack(0x0000001caf100000,0x0000001caf200000)]
  0x00000219dec3bd30 JavaThread "Notification Thread" daemon [_thread_blocked, id=1824, stack(0x0000001caf200000,0x0000001caf300000)]
  0x00000219e3ab56a0 JavaThread "Thread-1" daemon [_thread_blocked, id=11472, stack(0x0000001cafb00000,0x0000001cafc00000)]

Other Threads:
  0x00000219de74bcf0 VMThread "VM Thread" [stack: 0x0000001cae600000,0x0000001cae700000] [id=11240]
  0x00000219dec43490 WatcherThread [stack: 0x0000001caf300000,0x0000001caf400000] [id=17020]
  0x00000219c6e2bb40 GCTaskThread "GC Thread#0" [stack: 0x0000001cae100000,0x0000001cae200000] [id=7184]
  0x00000219e373af40 GCTaskThread "GC Thread#1" [stack: 0x0000001caf400000,0x0000001caf500000] [id=608]
  0x00000219e37d0760 GCTaskThread "GC Thread#2" [stack: 0x0000001caf500000,0x0000001caf600000] [id=13700]
  0x00000219e37a0920 GCTaskThread "GC Thread#3" [stack: 0x0000001caf600000,0x0000001caf700000] [id=15968]
  0x00000219e37a0be0 GCTaskThread "GC Thread#4" [stack: 0x0000001caf700000,0x0000001caf800000] [id=14832]
  0x00000219e31ab7b0 GCTaskThread "GC Thread#5" [stack: 0x0000001caf800000,0x0000001caf900000] [id=15632]
  0x00000219e31aba70 GCTaskThread "GC Thread#6" [stack: 0x0000001caf900000,0x0000001cafa00000] [id=16620]
  0x00000219e38a9c30 GCTaskThread "GC Thread#7" [stack: 0x0000001cafa00000,0x0000001cafb00000] [id=15928]
  0x00000219c6e34590 ConcurrentGCThread "G1 Main Marker" [stack: 0x0000001cae200000,0x0000001cae300000] [id=5596]
  0x00000219c6e34fb0 ConcurrentGCThread "G1 Conc#0" [stack: 0x0000001cae300000,0x0000001cae400000] [id=13372]
  0x00000219e38a8370 ConcurrentGCThread "G1 Conc#1" [stack: 0x0000001cafc00000,0x0000001cafd00000] [id=4764]
  0x00000219c6e8a950 ConcurrentGCThread "G1 Refine#0" [stack: 0x0000001cae400000,0x0000001cae500000] [id=16624]
  0x00000219c6e8cfa0 ConcurrentGCThread "G1 Service" [stack: 0x0000001cae500000,0x0000001cae600000] [id=16092]

Threads with active compile tasks:
C2 CompilerThread0     4765 4697       4       jdk.internal.org.objectweb.asm.Frame::execute (2305 bytes)

VM state: not at safepoint (normal execution)

VM Mutex/Monitor currently owned by a thread: None

Heap address: 0x00000000c2800000, size: 984 MB, Compressed Oops mode: 32-bit

CDS archive(s) mapped at: [0x0000021980000000-0x0000021980c00000-0x0000021980c00000), size 12582912, SharedBaseAddress: 0x0000021980000000, ArchiveRelocationMode: 1.
Compressed class space mapped at: 0x0000021981000000-0x00000219c1000000, reserved size: 1073741824
Narrow klass base: 0x0000021980000000, Narrow klass shift: 0, Narrow klass range: 0x100000000

GC Precious Log:
 CPUs: 8 total, 8 available
 Memory: 3929M
 Large Page Support: Disabled
 NUMA Support: Disabled
 Compressed Oops: Enabled (32-bit)
 Heap Region Size: 1M
 Heap Min Capacity: 8M
 Heap Initial Capacity: 62M
 Heap Max Capacity: 984M
 Pre-touch: Disabled
 Parallel Workers: 8
 Concurrent Workers: 2
 Concurrent Refinement Workers: 8
 Periodic GC: Disabled

Heap:
 garbage-first heap   total 51200K, used 22471K [0x00000000c2800000, 0x0000000100000000)
  region size 1024K, 13 young (13312K), 2 survivors (2048K)
 Metaspace       used 23730K, committed 24000K, reserved 1114112K
  class space    used 2886K, committed 3008K, reserved 1048576K

Heap Regions: E=young(eden), S=young(survivor), O=old, HS=humongous(starts), HC=humongous(continues), CS=collection set, F=free, OA=open archive, CA=closed archive, TAMS=top-at-mark-start (previous, next)
|   0|0x00000000c2800000, 0x00000000c2900000, 0x00000000c2900000|100%| O|  |TAMS 0x00000000c2900000, 0x00000000c2800000| Untracked 
|   1|0x00000000c2900000, 0x00000000c2a00000, 0x00000000c2a00000|100%| O|  |TAMS 0x00000000c2a00000, 0x00000000c2900000| Untracked 
|   2|0x00000000c2a00000, 0x00000000c2b00000, 0x00000000c2b00000|100%| O|  |TAMS 0x00000000c2b00000, 0x00000000c2a00000| Untracked 
|   3|0x00000000c2b00000, 0x00000000c2c00000, 0x00000000c2c00000|100%| O|  |TAMS 0x00000000c2c00000, 0x00000000c2b00000| Untracked 
|   4|0x00000000c2c00000, 0x00000000c2d00000, 0x00000000c2d00000|100%| O|  |TAMS 0x00000000c2d00000, 0x00000000c2c00000| Untracked 
|   5|0x00000000c2d00000, 0x00000000c2e00000, 0x00000000c2e00000|100%| O|  |TAMS 0x00000000c2e00000, 0x00000000c2d00000| Untracked 
|   6|0x00000000c2e00000, 0x00000000c2f00000, 0x00000000c2f00000|100%| O|  |TAMS 0x00000000c2f00000, 0x00000000c2e00000| Untracked 
|   7|0x00000000c2f00000, 0x00000000c3000000, 0x00000000c3000000|100%| O|  |TAMS 0x00000000c3000000, 0x00000000c2f00000| Untracked 
|   8|0x00000000c3000000, 0x00000000c3100000, 0x00000000c3100000|100%| O|  |TAMS 0x00000000c3100000, 0x00000000c3000000| Untracked 
|   9|0x00000000c3100000, 0x00000000c3200000, 0x00000000c3200000|100%| O|  |TAMS 0x00000000c315fe00, 0x00000000c3100000| Untracked 
|  10|0x00000000c3200000, 0x00000000c3300000, 0x00000000c3300000|100%| O|  |TAMS 0x00000000c3200000, 0x00000000c3200000| Untracked 
|  11|0x00000000c3300000, 0x00000000c334c000, 0x00000000c3400000| 29%| O|  |TAMS 0x00000000c3300000, 0x00000000c3300000| Untracked 
|  12|0x00000000c3400000, 0x00000000c3400000, 0x00000000c3500000|  0%| F|  |TAMS 0x00000000c3400000, 0x00000000c3400000| Untracked 
|  13|0x00000000c3500000, 0x00000000c3500000, 0x00000000c3600000|  0%| F|  |TAMS 0x00000000c3500000, 0x00000000c3500000| Untracked 
|  14|0x00000000c3600000, 0x00000000c3600000, 0x00000000c3700000|  0%| F|  |TAMS 0x00000000c3600000, 0x00000000c3600000| Untracked 
|  15|0x00000000c3700000, 0x00000000c3700000, 0x00000000c3800000|  0%| F|  |TAMS 0x00000000c3700000, 0x00000000c3700000| Untracked 
|  16|0x00000000c3800000, 0x00000000c3800000, 0x00000000c3900000|  0%| F|  |TAMS 0x00000000c3800000, 0x00000000c3800000| Untracked 
|  17|0x00000000c3900000, 0x00000000c3900000, 0x00000000c3a00000|  0%| F|  |TAMS 0x00000000c3900000, 0x00000000c3900000| Untracked 
|  18|0x00000000c3a00000, 0x00000000c3a00000, 0x00000000c3b00000|  0%| F|  |TAMS 0x00000000c3a00000, 0x00000000c3a00000| Untracked 
|  19|0x00000000c3b00000, 0x00000000c3b00000, 0x00000000c3c00000|  0%| F|  |TAMS 0x00000000c3b00000, 0x00000000c3b00000| Untracked 
|  20|0x00000000c3c00000, 0x00000000c3c00000, 0x00000000c3d00000|  0%| F|  |TAMS 0x00000000c3c00000, 0x00000000c3c00000| Untracked 
|  21|0x00000000c3d00000, 0x00000000c3d00000, 0x00000000c3e00000|  0%| F|  |TAMS 0x00000000c3d00000, 0x00000000c3d00000| Untracked 
|  22|0x00000000c3e00000, 0x00000000c3e00000, 0x00000000c3f00000|  0%| F|  |TAMS 0x00000000c3e00000, 0x00000000c3e00000| Untracked 
|  23|0x00000000c3f00000, 0x00000000c3f00000, 0x00000000c4000000|  0%| F|  |TAMS 0x00000000c3f00000, 0x00000000c3f00000| Untracked 
|  24|0x00000000c4000000, 0x00000000c4000000, 0x00000000c4100000|  0%| F|  |TAMS 0x00000000c4000000, 0x00000000c4000000| Untracked 
|  25|0x00000000c4100000, 0x00000000c4100000, 0x00000000c4200000|  0%| F|  |TAMS 0x00000000c4100000, 0x00000000c4100000| Untracked 
|  26|0x00000000c4200000, 0x00000000c4200000, 0x00000000c4300000|  0%| F|  |TAMS 0x00000000c4200000, 0x00000000c4200000| Untracked 
|  27|0x00000000c4300000, 0x00000000c4300000, 0x00000000c4400000|  0%| F|  |TAMS 0x00000000c4300000, 0x00000000c4300000| Untracked 
|  28|0x00000000c4400000, 0x00000000c4400000, 0x00000000c4500000|  0%| F|  |TAMS 0x00000000c4400000, 0x00000000c4400000| Untracked 
|  29|0x00000000c4500000, 0x00000000c4500000, 0x00000000c4600000|  0%| F|  |TAMS 0x00000000c4500000, 0x00000000c4500000| Untracked 
|  30|0x00000000c4600000, 0x00000000c4600000, 0x00000000c4700000|  0%| F|  |TAMS 0x00000000c4600000, 0x00000000c4600000| Untracked 
|  31|0x00000000c4700000, 0x00000000c4700000, 0x00000000c4800000|  0%| F|  |TAMS 0x00000000c4700000, 0x00000000c4700000| Untracked 
|  32|0x00000000c4800000, 0x00000000c4800000, 0x00000000c4900000|  0%| F|  |TAMS 0x00000000c4800000, 0x00000000c4800000| Untracked 
|  33|0x00000000c4900000, 0x00000000c4900000, 0x00000000c4a00000|  0%| F|  |TAMS 0x00000000c4900000, 0x00000000c4900000| Untracked 
|  34|0x00000000c4a00000, 0x00000000c4a00000, 0x00000000c4b00000|  0%| F|  |TAMS 0x00000000c4a00000, 0x00000000c4a00000| Untracked 
|  35|0x00000000c4b00000, 0x00000000c4b00000, 0x00000000c4c00000|  0%| F|  |TAMS 0x00000000c4b00000, 0x00000000c4b00000| Untracked 
|  36|0x00000000c4c00000, 0x00000000c4c00000, 0x00000000c4d00000|  0%| F|  |TAMS 0x00000000c4c00000, 0x00000000c4c00000| Untracked 
|  37|0x00000000c4d00000, 0x00000000c4d42468, 0x00000000c4e00000| 25%| E|  |TAMS 0x00000000c4d00000, 0x00000000c4d00000| Complete 
|  38|0x00000000c4e00000, 0x00000000c4f00000, 0x00000000c4f00000|100%| E|CS|TAMS 0x00000000c4e00000, 0x00000000c4e00000| Complete 
|  39|0x00000000c4f00000, 0x00000000c5000000, 0x00000000c5000000|100%| E|CS|TAMS 0x00000000c4f00000, 0x00000000c4f00000| Complete 
|  40|0x00000000c5000000, 0x00000000c5100000, 0x00000000c5100000|100%| E|CS|TAMS 0x00000000c5000000, 0x00000000c5000000| Complete 
|  41|0x00000000c5100000, 0x00000000c5200000, 0x00000000c5200000|100%| E|CS|TAMS 0x00000000c5100000, 0x00000000c5100000| Complete 
|  42|0x00000000c5200000, 0x00000000c5300000, 0x00000000c5300000|100%| E|CS|TAMS 0x00000000c5200000, 0x00000000c5200000| Complete 
|  43|0x00000000c5300000, 0x00000000c5400000, 0x00000000c5400000|100%| E|CS|TAMS 0x00000000c5300000, 0x00000000c5300000| Complete 
|  44|0x00000000c5400000, 0x00000000c5500000, 0x00000000c5500000|100%| E|CS|TAMS 0x00000000c5400000, 0x00000000c5400000| Complete 
|  45|0x00000000c5500000, 0x00000000c5600000, 0x00000000c5600000|100%| E|  |TAMS 0x00000000c5500000, 0x00000000c5500000| Complete 
|  46|0x00000000c5600000, 0x00000000c5700000, 0x00000000c5700000|100%| E|CS|TAMS 0x00000000c5600000, 0x00000000c5600000| Complete 
|  58|0x00000000c6200000, 0x00000000c62a5f60, 0x00000000c6300000| 64%| S|CS|TAMS 0x00000000c6200000, 0x00000000c6200000| Complete 
|  59|0x00000000c6300000, 0x00000000c6400000, 0x00000000c6400000|100%| S|CS|TAMS 0x00000000c6300000, 0x00000000c6300000| Complete 
|  61|0x00000000c6500000, 0x00000000c6600000, 0x00000000c6600000|100%| E|CS|TAMS 0x00000000c6500000, 0x00000000c6500000| Complete 

Card table byte_map: [0x00000219d9b00000,0x00000219d9cf0000] _byte_map_base: 0x00000219d94ec000

Marking Bits (Prev, Next): (CMBitMap*) 0x00000219c6e2c1a0, (CMBitMap*) 0x00000219c6e2c160
 Prev Bits: [0x00000219dae40000, 0x00000219dbda0000)
 Next Bits: [0x00000219d9ee0000, 0x00000219dae40000)

Polling page: 0x00000219c4d70000

Metaspace:

Usage:
  Non-class:     20.38 MB used.
      Class:      2.82 MB used.
       Both:     23.20 MB used.

Virtual space:
  Non-class space:       64.00 MB reserved,      20.56 MB ( 32%) committed,  1 nodes.
      Class space:        1.00 GB reserved,       2.94 MB ( <1%) committed,  1 nodes.
             Both:        1.06 GB reserved,      23.50 MB (  2%) committed. 

Chunk freelists:
   Non-Class:  11.48 MB
       Class:  13.02 MB
        Both:  24.50 MB

MaxMetaspaceSize: unlimited
CompressedClassSpaceSize: 1.00 GB
Initial GC threshold: 21.00 MB
Current GC threshold: 35.56 MB
CDS: on
MetaspaceReclaimPolicy: balanced
 - commit_granule_bytes: 65536.
 - commit_granule_words: 8192.
 - virtual_space_node_default_size: 8388608.
 - enlarge_chunks_in_place: 1.
 - new_chunks_are_fully_committed: 0.
 - uncommit_free_chunks: 1.
 - use_allocation_guard: 0.
 - handle_deallocations: 1.


Internal statistics:

num_allocs_failed_limit: 3.
num_arena_births: 150.
num_arena_deaths: 0.
num_vsnodes_births: 2.
num_vsnodes_deaths: 0.
num_space_committed: 376.
num_space_uncommitted: 0.
num_chunks_returned_to_freelist: 3.
num_chunks_taken_from_freelist: 997.
num_chunk_merges: 3.
num_chunk_splits: 690.
num_chunks_enlarged: 534.
num_inconsistent_stats: 0.

CodeHeap 'non-profiled nmethods': size=120000Kb used=2066Kb max_used=2066Kb free=117933Kb
 bounds [0x00000219d20b0000, 0x00000219d2320000, 0x00000219d95e0000]
CodeHeap 'profiled nmethods': size=120000Kb used=9926Kb max_used=9926Kb free=110073Kb
 bounds [0x00000219ca5e0000, 0x00000219cafa0000, 0x00000219d1b10000]
CodeHeap 'non-nmethods': size=5760Kb used=1200Kb max_used=1237Kb free=4559Kb
 bounds [0x00000219d1b10000, 0x00000219d1d80000, 0x00000219d20b0000]
 total_blobs=5270 nmethods=4770 adapters=412
 compilation: enabled
              stopped_count=0, restarted_count=0
 full_count=0

Compilation events (20 events):
Event: 4.656 Thread 0x00000219de77a750 4760   !   3       jdk.internal.jimage.BasicImageReader::slice (32 bytes)
Event: 4.656 Thread 0x00000219de77a750 nmethod 4760 0x00000219caf80f90 code [0x00000219caf81160, 0x00000219caf81588]
Event: 4.656 Thread 0x00000219de77a750 4761       3       java.nio.DirectByteBufferR::<init> (25 bytes)
Event: 4.656 Thread 0x00000219de77a750 nmethod 4761 0x00000219caf81710 code [0x00000219caf818a0, 0x00000219caf81a28]
Event: 4.656 Thread 0x00000219de77a750 4762       3       java.nio.DirectByteBufferR::slice (5 bytes)
Event: 4.656 Thread 0x00000219de77a750 nmethod 4762 0x00000219caf81b10 code [0x00000219caf81cc0, 0x00000219caf81e08]
Event: 4.656 Thread 0x00000219de77a750 4763       3       jdk.internal.jimage.ImageLocation::getContentOffset (6 bytes)
Event: 4.657 Thread 0x00000219de77a750 nmethod 4763 0x00000219caf81e90 code [0x00000219caf82020, 0x00000219caf82168]
Event: 4.657 Thread 0x00000219de77a750 4764       3       java.security.SecureClassLoader::defineClass (12 bytes)
Event: 4.657 Thread 0x00000219de77a750 nmethod 4764 0x00000219caf82210 code [0x00000219caf823c0, 0x00000219caf82558]
Event: 4.671 Thread 0x00000219de77a750 4766       3       java.lang.invoke.MethodHandles$Lookup::resolveOrFail (44 bytes)
Event: 4.672 Thread 0x00000219de77a750 nmethod 4766 0x00000219caf82610 code [0x00000219caf828c0, 0x00000219caf83548]
Event: 4.672 Thread 0x00000219de77a750 4767       3       java.lang.invoke.MethodHandles$Lookup::getDirectMethodForConstant (72 bytes)
Event: 4.673 Thread 0x00000219de77a750 nmethod 4767 0x00000219caf83990 code [0x00000219caf83ce0, 0x00000219caf84f68]
Event: 4.673 Thread 0x00000219de77a750 4768       3       java.nio.ByteBuffer::limit (8 bytes)
Event: 4.674 Thread 0x00000219de77a750 nmethod 4768 0x00000219caf85590 code [0x00000219caf85720, 0x00000219caf85868]
Event: 4.677 Thread 0x00000219de77a750 4770       3       java.lang.invoke.MethodHandles$Lookup::getDirectMethodCommon (280 bytes)
Event: 4.678 Thread 0x00000219de77a750 nmethod 4770 0x00000219caf85910 code [0x00000219caf85c20, 0x00000219caf86c38]
Event: 4.678 Thread 0x00000219de77a750 4771       3       java.lang.invoke.MethodHandles$Lookup::checkMethod (87 bytes)
Event: 4.678 Thread 0x00000219de77a750 nmethod 4771 0x00000219caf87210 code [0x00000219caf87420, 0x00000219caf87b78]

GC Heap History (14 events):
Event: 1.109 GC heap before
{Heap before GC invocations=0 (full 0):
 garbage-first heap   total 63488K, used 23552K [0x00000000c2800000, 0x0000000100000000)
  region size 1024K, 23 young (23552K), 0 survivors (0K)
 Metaspace       used 6026K, committed 6208K, reserved 1114112K
  class space    used 742K, committed 832K, reserved 1048576K
}
Event: 1.116 GC heap after
{Heap after GC invocations=1 (full 0):
 garbage-first heap   total 63488K, used 3720K [0x00000000c2800000, 0x0000000100000000)
  region size 1024K, 3 young (3072K), 3 survivors (3072K)
 Metaspace       used 6026K, committed 6208K, reserved 1114112K
  class space    used 742K, committed 832K, reserved 1048576K
}
Event: 1.498 GC heap before
{Heap before GC invocations=1 (full 0):
 garbage-first heap   total 63488K, used 30344K [0x00000000c2800000, 0x0000000100000000)
  region size 1024K, 29 young (29696K), 3 survivors (3072K)
 Metaspace       used 9176K, committed 9344K, reserved 1114112K
  class space    used 1134K, committed 1216K, reserved 1048576K
}
Event: 1.503 GC heap after
{Heap after GC invocations=2 (full 0):
 garbage-first heap   total 63488K, used 4951K [0x00000000c2800000, 0x0000000100000000)
  region size 1024K, 2 young (2048K), 2 survivors (2048K)
 Metaspace       used 9176K, committed 9344K, reserved 1114112K
  class space    used 1134K, committed 1216K, reserved 1048576K
}
Event: 2.115 GC heap before
{Heap before GC invocations=2 (full 0):
 garbage-first heap   total 63488K, used 40791K [0x00000000c2800000, 0x0000000100000000)
  region size 1024K, 37 young (37888K), 2 survivors (2048K)
 Metaspace       used 15830K, committed 16064K, reserved 1114112K
  class space    used 2000K, committed 2112K, reserved 1048576K
}
Event: 2.125 GC heap after
{Heap after GC invocations=3 (full 0):
 garbage-first heap   total 63488K, used 7902K [0x00000000c2800000, 0x0000000100000000)
  region size 1024K, 5 young (5120K), 5 survivors (5120K)
 Metaspace       used 15830K, committed 16064K, reserved 1114112K
  class space    used 2000K, committed 2112K, reserved 1048576K
}
Event: 2.664 GC heap before
{Heap before GC invocations=3 (full 0):
 garbage-first heap   total 63488K, used 40670K [0x00000000c2800000, 0x0000000100000000)
  region size 1024K, 37 young (37888K), 5 survivors (5120K)
 Metaspace       used 16530K, committed 16704K, reserved 1114112K
  class space    used 2034K, committed 2112K, reserved 1048576K
}
Event: 2.671 GC heap after
{Heap after GC invocations=4 (full 0):
 garbage-first heap   total 63488K, used 9755K [0x00000000c2800000, 0x0000000100000000)
  region size 1024K, 2 young (2048K), 2 survivors (2048K)
 Metaspace       used 16530K, committed 16704K, reserved 1114112K
  class space    used 2034K, committed 2112K, reserved 1048576K
}
Event: 3.457 GC heap before
{Heap before GC invocations=4 (full 0):
 garbage-first heap   total 63488K, used 44571K [0x00000000c2800000, 0x0000000100000000)
  region size 1024K, 36 young (36864K), 2 survivors (2048K)
 Metaspace       used 17920K, committed 18176K, reserved 1114112K
  class space    used 2171K, committed 2304K, reserved 1048576K
}
Event: 3.462 GC heap after
{Heap after GC invocations=5 (full 0):
 garbage-first heap   total 63488K, used 11712K [0x00000000c2800000, 0x0000000100000000)
  region size 1024K, 4 young (4096K), 4 survivors (4096K)
 Metaspace       used 17920K, committed 18176K, reserved 1114112K
  class space    used 2171K, committed 2304K, reserved 1048576K
}
Event: 4.639 GC heap before
{Heap before GC invocations=5 (full 0):
 garbage-first heap   total 63488K, used 45504K [0x00000000c2800000, 0x0000000100000000)
  region size 1024K, 37 young (37888K), 4 survivors (4096K)
 Metaspace       used 20746K, committed 20992K, reserved 1114112K
  class space    used 2502K, committed 2624K, reserved 1048576K
}
Event: 4.646 GC heap after
{Heap after GC invocations=6 (full 0):
 garbage-first heap   total 63488K, used 13020K [0x00000000c2800000, 0x0000000100000000)
  region size 1024K, 4 young (4096K), 4 survivors (4096K)
 Metaspace       used 20746K, committed 20992K, reserved 1114112K
  class space    used 2502K, committed 2624K, reserved 1048576K
}
Event: 4.664 GC heap before
{Heap before GC invocations=6 (full 0):
 garbage-first heap   total 63488K, used 14044K [0x00000000c2800000, 0x0000000100000000)
  region size 1024K, 6 young (6144K), 4 survivors (4096K)
 Metaspace       used 21276K, committed 21504K, reserved 1114112K
  class space    used 2602K, committed 2752K, reserved 1048576K
}
Event: 4.669 GC heap after
{Heap after GC invocations=7 (full 0):
 garbage-first heap   total 63488K, used 13255K [0x00000000c2800000, 0x0000000100000000)
  region size 1024K, 2 young (2048K), 2 survivors (2048K)
 Metaspace       used 21276K, committed 21504K, reserved 1114112K
  class space    used 2602K, committed 2752K, reserved 1048576K
}

Dll operation events (4 events):
Event: 0.034 Loaded shared library C:\Users\39\.jdks\jbr-17.0.14\bin\java.dll
Event: 0.093 Loaded shared library C:\Users\39\.jdks\jbr-17.0.14\bin\jsvml.dll
Event: 0.165 Loaded shared library C:\Users\39\.jdks\jbr-17.0.14\bin\zip.dll
Event: 0.502 Loaded shared library C:\Users\39\.jdks\jbr-17.0.14\bin\verify.dll

Deoptimization events (20 events):
Event: 4.197 Thread 0x00000219c6deeff0 Uncommon trap: trap_request=0xffffff45 fr.pc=0x00000219d20ebd04 relative=0x00000000000004e4
Event: 4.197 Thread 0x00000219c6deeff0 Uncommon trap: reason=unstable_if action=reinterpret pc=0x00000219d20ebd04 method=java.lang.String.substring(II)Ljava/lang/String; @ 31 c2
Event: 4.197 Thread 0x00000219c6deeff0 DEOPT PACKING pc=0x00000219d20ebd04 sp=0x0000001cae0fd100
Event: 4.197 Thread 0x00000219c6deeff0 DEOPT UNPACKING pc=0x00000219d1b669a3 sp=0x0000001cae0fd0d0 mode 2
Event: 4.508 Thread 0x00000219c6deeff0 Uncommon trap: trap_request=0xffffff45 fr.pc=0x00000219d214c460 relative=0x0000000000000a40
Event: 4.508 Thread 0x00000219c6deeff0 Uncommon trap: reason=unstable_if action=reinterpret pc=0x00000219d214c460 method=jdk.internal.jimage.ImageLocation.verifyName(Ljava/lang/String;Ljava/lang/String;IIIIIILjdk/internal/jimage/ImageStrings;)Z @ 45 c2
Event: 4.508 Thread 0x00000219c6deeff0 DEOPT PACKING pc=0x00000219d214c460 sp=0x0000001cae0fbf10
Event: 4.508 Thread 0x00000219c6deeff0 DEOPT UNPACKING pc=0x00000219d1b669a3 sp=0x0000001cae0fbe08 mode 2
Event: 4.515 Thread 0x00000219c6deeff0 Uncommon trap: trap_request=0xffffff45 fr.pc=0x00000219d224a5a8 relative=0x00000000000020e8
Event: 4.515 Thread 0x00000219c6deeff0 Uncommon trap: reason=unstable_if action=reinterpret pc=0x00000219d224a5a8 method=java.lang.String.<init>([BIILjava/nio/charset/Charset;)V @ 18 c2
Event: 4.515 Thread 0x00000219c6deeff0 DEOPT PACKING pc=0x00000219d224a5a8 sp=0x0000001cae0fc4a0
Event: 4.515 Thread 0x00000219c6deeff0 DEOPT UNPACKING pc=0x00000219d1b669a3 sp=0x0000001cae0fc480 mode 2
Event: 4.543 Thread 0x00000219c6deeff0 Uncommon trap: trap_request=0xffffff45 fr.pc=0x00000219d22739b0 relative=0x00000000000015b0
Event: 4.543 Thread 0x00000219c6deeff0 Uncommon trap: reason=unstable_if action=reinterpret pc=0x00000219d22739b0 method=sun.nio.fs.WindowsPathParser.isSlash(C)Z @ 9 c2
Event: 4.543 Thread 0x00000219c6deeff0 DEOPT PACKING pc=0x00000219d22739b0 sp=0x0000001cae0fc480
Event: 4.543 Thread 0x00000219c6deeff0 DEOPT UNPACKING pc=0x00000219d1b669a3 sp=0x0000001cae0fc418 mode 2
Event: 4.543 Thread 0x00000219c6deeff0 Uncommon trap: trap_request=0xffffff45 fr.pc=0x00000219d20ce640 relative=0x0000000000000040
Event: 4.543 Thread 0x00000219c6deeff0 Uncommon trap: reason=unstable_if action=reinterpret pc=0x00000219d20ce640 method=sun.nio.fs.WindowsPathParser.isSlash(C)Z @ 9 c2
Event: 4.543 Thread 0x00000219c6deeff0 DEOPT PACKING pc=0x00000219d20ce640 sp=0x0000001cae0fc480
Event: 4.543 Thread 0x00000219c6deeff0 DEOPT UNPACKING pc=0x00000219d1b669a3 sp=0x0000001cae0fc408 mode 2

Classes loaded (20 events):
Event: 4.505 Loading class java/nio/file/spi/FileSystemProvider$1
Event: 4.505 Loading class java/nio/file/spi/FileSystemProvider$1 done
Event: 4.507 Loading class java/nio/file/FileSystemAlreadyExistsException
Event: 4.507 Loading class java/nio/file/FileSystemAlreadyExistsException done
Event: 4.507 Loading class java/nio/file/ProviderMismatchException
Event: 4.507 Loading class java/nio/file/ProviderMismatchException done
Event: 4.507 Loading class java/nio/file/FileStore
Event: 4.507 Loading class java/nio/file/FileStore done
Event: 4.507 Loading class java/nio/channels/AsynchronousFileChannel
Event: 4.508 Loading class java/nio/channels/AsynchronousChannel
Event: 4.508 Loading class java/nio/channels/AsynchronousChannel done
Event: 4.508 Loading class java/nio/channels/AsynchronousFileChannel done
Event: 4.508 Loading class jdk/internal/jrtfs/JrtFileSystemProvider
Event: 4.508 Loading class jdk/internal/jrtfs/JrtFileSystemProvider done
Event: 4.508 Loading class sun/net/www/protocol/jrt/JavaRuntimeURLConnection
Event: 4.509 Loading class sun/net/www/protocol/jrt/JavaRuntimeURLConnection done
Event: 4.509 Loading class sun/net/www/protocol/jrt/JavaRuntimeURLConnection$1
Event: 4.509 Loading class sun/net/www/protocol/jrt/JavaRuntimeURLConnection$1 done
Event: 4.681 Loading class java/nio/file/ClosedFileSystemException
Event: 4.681 Loading class java/nio/file/ClosedFileSystemException done

Classes unloaded (0 events):
No events

Classes redefined (0 events):
No events

Internal exceptions (20 events):
Event: 1.829 Thread 0x00000219c6deeff0 Exception <a 'java/lang/NoClassDefFoundError'{0x00000000c5163890}: com/google/inject/servlet/ServletModuleTargetVisitor> (0x00000000c5163890) 
thrown [s\src\hotspot\share\classfile\systemDictionary.cpp, line 245]
Event: 1.868 Thread 0x00000219c6deeff0 Exception <a 'java/lang/NoSuchMethodError'{0x00000000c4fed718}: 'void java.lang.invoke.DirectMethodHandle$Holder.invokeVirtual(java.lang.Object, java.lang.Object)'> (0x00000000c4fed718) 
thrown [s\src\hotspot\share\interpreter\linkResolver.cpp, line 771]
Event: 1.889 Thread 0x00000219c6deeff0 Exception <a 'java/lang/NoSuchMethodError'{0x00000000c4e75430}: 'java.lang.Object java.lang.invoke.DirectMethodHandle$Holder.invokeStaticInit(java.lang.Object, int, int, int, int)'> (0x00000000c4e75430) 
thrown [s\src\hotspot\share\interpreter\linkResolver.cpp, line 771]
Event: 1.975 Thread 0x00000219c6deeff0 Exception <a 'java/lang/NoSuchMethodError'{0x00000000c49aff90}: 'void java.lang.invoke.DirectMethodHandle$Holder.invokeSpecial(java.lang.Object, java.lang.Object, java.lang.Object, java.lang.Object, java.lang.Object)'> (0x00000000c49aff90) 
thrown [s\src\hotspot\share\interpreter\linkResolver.cpp, line 771]
Event: 1.977 Thread 0x00000219c6deeff0 Exception <a 'java/lang/NoSuchMethodError'{0x00000000c49ce0f0}: 'java.lang.Object java.lang.invoke.DirectMethodHandle$Holder.invokeVirtual(java.lang.Object, java.lang.Object, java.lang.Object)'> (0x00000000c49ce0f0) 
thrown [s\src\hotspot\share\interpreter\linkResolver.cpp, line 771]
Event: 1.979 Thread 0x00000219c6deeff0 Exception <a 'java/lang/NoSuchMethodError'{0x00000000c49dd350}: 'void java.lang.invoke.DirectMethodHandle$Holder.invokeSpecial(java.lang.Object, java.lang.Object, java.lang.Object, java.lang.Object, java.lang.Object, java.lang.Object)'> (0x00000000c49dd350) 
thrown [s\src\hotspot\share\interpreter\linkResolver.cpp, line 771]
Event: 2.164 Thread 0x00000219c6deeff0 Implicit null exception at 0x00000219d20ed260 to 0x00000219d20ed2fa
Event: 2.164 Thread 0x00000219c6deeff0 Implicit null exception at 0x00000219d2171eec to 0x00000219d21720f8
Event: 2.164 Thread 0x00000219c6deeff0 Implicit null exception at 0x00000219d2164b8f to 0x00000219d2164c09
Event: 2.891 Thread 0x00000219c6deeff0 Implicit null exception at 0x00000219d21633ec to 0x00000219d21635ec
Event: 2.968 Thread 0x00000219c6deeff0 Exception <a 'java/lang/NoSuchMethodError'{0x00000000c52acde0}: 'java.lang.Object java.lang.invoke.DirectMethodHandle$Holder.newInvokeSpecial(java.lang.Object, java.lang.Object, java.lang.Object, java.lang.Object, java.lang.Object, java.lang.Object, java.lang.Object)'> (0x00000000c52acde0) 
thrown [s\src\hotspot\share\interpreter\linkResolver.cpp, line 771]
Event: 2.968 Thread 0x00000219c6deeff0 Exception <a 'java/lang/NoSuchMethodError'{0x00000000c52b16f0}: 'java.lang.Object java.lang.invoke.Invokers$Holder.linkToTargetMethod(java.lang.Object, java.lang.Object, java.lang.Object, java.lang.Object, java.lang.Object, java.lang.Object, java.lang.Object)'> (0x00000000c52b16f0) 
thrown [s\src\hotspot\share\interpreter\linkResolver.cpp, line 771]
Event: 3.107 Thread 0x00000219c6deeff0 Exception <a 'java/lang/NoSuchMethodError'{0x00000000c48295c8}: 'int java.lang.invoke.DirectMethodHandle$Holder.invokeVirtual(java.lang.Object, java.lang.Object)'> (0x00000000c48295c8) 
thrown [s\src\hotspot\share\interpreter\linkResolver.cpp, line 771]
Event: 3.136 Thread 0x00000219c6deeff0 Exception <a 'java/lang/NoSuchMethodError'{0x00000000c4620718}: 'int java.lang.invoke.DirectMethodHandle$Holder.invokeStatic(java.lang.Object, java.lang.Object, int)'> (0x00000000c4620718) 
thrown [s\src\hotspot\share\interpreter\linkResolver.cpp, line 771]
Event: 4.148 Thread 0x00000219c6deeff0 Exception <a 'java/lang/IncompatibleClassChangeError'{0x00000000c5351410}: Found class java.lang.Object, but interface was expected> (0x00000000c5351410) 
thrown [s\src\hotspot\share\interpreter\linkResolver.cpp, line 838]
Event: 4.149 Thread 0x00000219c6deeff0 Exception <a 'java/lang/NoSuchMethodError'{0x00000000c53571e8}: 'void java.lang.invoke.DirectMethodHandle$Holder.invokeInterface(java.lang.Object, java.lang.Object, java.lang.Object)'> (0x00000000c53571e8) 
thrown [s\src\hotspot\share\interpreter\linkResolver.cpp, line 771]
Event: 4.504 Thread 0x00000219c6deeff0 Exception <a 'java/lang/NoSuchMethodError'{0x00000000c4ba0e18}: 'int java.lang.invoke.DirectMethodHandle$Holder.invokeInterface(java.lang.Object, java.lang.Object)'> (0x00000000c4ba0e18) 
thrown [s\src\hotspot\share\interpreter\linkResolver.cpp, line 771]
Event: 4.544 Thread 0x00000219c6deeff0 Exception <a 'sun/nio/fs/WindowsException'{0x00000000c499d640}> (0x00000000c499d640) 
thrown [s\src\hotspot\share\prims\jni.cpp, line 531]
Event: 4.623 Thread 0x00000219c6deeff0 Exception <a 'sun/nio/fs/WindowsException'{0x00000000c4526250}> (0x00000000c4526250) 
thrown [s\src\hotspot\share\prims\jni.cpp, line 531]
Event: 4.624 Thread 0x00000219c6deeff0 Exception <a 'java/lang/NoSuchMethodError'{0x00000000c452c8d8}: 'int java.lang.invoke.DirectMethodHandle$Holder.invokeVirtual(java.lang.Object, java.lang.Object, java.lang.Object)'> (0x00000000c452c8d8) 
thrown [s\src\hotspot\share\interpreter\linkResolver.cpp, line 771]

VM Operations (20 events):
Event: 2.832 Executing VM operation: ICBufferFull
Event: 2.832 Executing VM operation: ICBufferFull done
Event: 3.036 Executing VM operation: ICBufferFull
Event: 3.036 Executing VM operation: ICBufferFull done
Event: 3.457 Executing VM operation: G1CollectForAllocation
Event: 3.462 Executing VM operation: G1CollectForAllocation done
Event: 4.030 Executing VM operation: HandshakeAllThreads
Event: 4.030 Executing VM operation: HandshakeAllThreads done
Event: 4.040 Executing VM operation: ICBufferFull
Event: 4.040 Executing VM operation: ICBufferFull done
Event: 4.422 Executing VM operation: HandshakeAllThreads
Event: 4.422 Executing VM operation: HandshakeAllThreads done
Event: 4.503 Executing VM operation: HandshakeAllThreads
Event: 4.503 Executing VM operation: HandshakeAllThreads done
Event: 4.639 Executing VM operation: G1CollectForAllocation
Event: 4.646 Executing VM operation: G1CollectForAllocation done
Event: 4.664 Executing VM operation: CollectForMetadataAllocation
Event: 4.669 Executing VM operation: CollectForMetadataAllocation done
Event: 4.681 Executing VM operation: G1PauseRemark
Event: 4.685 Executing VM operation: G1PauseRemark done

Memory protections (0 events):
No events

Nmethod flushes (0 events):
No events

Events (20 events):
Event: 0.120 Thread 0x00000219c6deeff0 Thread added: 0x00000219de765200
Event: 0.120 Thread 0x00000219c6deeff0 Thread added: 0x00000219de7677e0
Event: 0.120 Thread 0x00000219c6deeff0 Thread added: 0x00000219de767db0
Event: 0.120 Thread 0x00000219c6deeff0 Thread added: 0x00000219de778080
Event: 0.120 Thread 0x00000219c6deeff0 Thread added: 0x00000219de77a750
Event: 0.120 Thread 0x00000219c6deeff0 Thread added: 0x00000219de77ad60
Event: 0.138 Thread 0x00000219c6deeff0 Thread added: 0x00000219deaf0ba0
Event: 0.171 Loaded shared library C:\Users\39\.jdks\jbr-17.0.14\bin\instrument.dll
Event: 0.181 Loaded shared library C:\Users\39\.jdks\jbr-17.0.14\bin\net.dll
Event: 0.187 Loaded shared library C:\Users\39\.jdks\jbr-17.0.14\bin\nio.dll
Event: 0.191 Loaded shared library C:\Users\39\.jdks\jbr-17.0.14\bin\zip.dll
Event: 0.207 Loaded shared library C:\Program Files\JetBrains\IntelliJ IDEA 2024.2.2\bin\breakgen64.dll
Event: 0.208 Thread 0x00000219c6deeff0 Thread added: 0x00000219dec39420
Event: 0.208 Thread 0x00000219c6deeff0 Thread added: 0x00000219dec3bd30
Event: 0.232 Loaded shared library C:\Users\39\.jdks\jbr-17.0.14\bin\extnet.dll
Event: 0.453 Thread 0x00000219c6deeff0 Thread added: 0x00000219ded69ad0
Event: 0.456 Loaded shared library C:\Users\39\.jdks\jbr-17.0.14\bin\jimage.dll
Event: 0.483 Loaded shared library C:\Users\39\AppData\Local\Temp\jansi-2.4.1-51bfbd6355570e8c-jansi.dll
Event: 0.643 Thread 0x00000219ded69ad0 Thread exited: 0x00000219ded69ad0
Event: 1.932 Thread 0x00000219c6deeff0 Thread added: 0x00000219e3ab56a0


Dynamic libraries:
0x00007ff719950000 - 0x00007ff71995a000 	C:\Users\39\.jdks\jbr-17.0.14\bin\java.exe
0x00007ffbec690000 - 0x00007ffbec888000 	C:\Windows\SYSTEM32\ntdll.dll
0x00007ffbec4d0000 - 0x00007ffbec592000 	C:\Windows\System32\KERNEL32.DLL
0x00007ffbe9dd0000 - 0x00007ffbea0cf000 	C:\Windows\System32\KERNELBASE.dll
0x00007ffbea330000 - 0x00007ffbea430000 	C:\Windows\System32\ucrtbase.dll
0x00007ffbd59f0000 - 0x00007ffbd5a0b000 	C:\Users\39\.jdks\jbr-17.0.14\bin\VCRUNTIME140.dll
0x00007ffbd5aa0000 - 0x00007ffbd5ab7000 	C:\Users\39\.jdks\jbr-17.0.14\bin\jli.dll
0x00007ffbebf40000 - 0x00007ffbec0dd000 	C:\Windows\System32\USER32.dll
0x00007ffbea680000 - 0x00007ffbea6a2000 	C:\Windows\System32\win32u.dll
0x00007ffbea720000 - 0x00007ffbea74b000 	C:\Windows\System32\GDI32.dll
0x00007ffbea430000 - 0x00007ffbea54a000 	C:\Windows\System32\gdi32full.dll
0x00007ffbd6c00000 - 0x00007ffbd6e9a000 	C:\Windows\WinSxS\amd64_microsoft.windows.common-controls_6595b64144ccf1df_6.0.19041.4355_none_60b8b9eb71f62e16\COMCTL32.dll
0x00007ffbe9d30000 - 0x00007ffbe9dcd000 	C:\Windows\System32\msvcp_win.dll
0x00007ffbebaf0000 - 0x00007ffbebb8e000 	C:\Windows\System32\msvcrt.dll
0x00007ffbeaab0000 - 0x00007ffbeaadf000 	C:\Windows\System32\IMM32.DLL
0x00007ffbd08d0000 - 0x00007ffbd08dc000 	C:\Users\39\.jdks\jbr-17.0.14\bin\vcruntime140_1.dll
0x00007ffbc9230000 - 0x00007ffbc92bd000 	C:\Users\39\.jdks\jbr-17.0.14\bin\msvcp140.dll
0x00007ffb5e690000 - 0x00007ffb5f31e000 	C:\Users\39\.jdks\jbr-17.0.14\bin\server\jvm.dll
0x00007ffbec5a0000 - 0x00007ffbec64f000 	C:\Windows\System32\ADVAPI32.dll
0x00007ffbebd50000 - 0x00007ffbebdef000 	C:\Windows\System32\sechost.dll
0x00007ffbebdf0000 - 0x00007ffbebf13000 	C:\Windows\System32\RPCRT4.dll
0x00007ffbea550000 - 0x00007ffbea577000 	C:\Windows\System32\bcrypt.dll
0x00007ffbebb90000 - 0x00007ffbebbfb000 	C:\Windows\System32\WS2_32.dll
0x00007ffbe9a70000 - 0x00007ffbe9abb000 	C:\Windows\SYSTEM32\POWRPROF.dll
0x00007ffbd9750000 - 0x00007ffbd9777000 	C:\Windows\SYSTEM32\WINMM.dll
0x00007ffbe4350000 - 0x00007ffbe435a000 	C:\Windows\SYSTEM32\VERSION.dll
0x00007ffbe9a50000 - 0x00007ffbe9a62000 	C:\Windows\SYSTEM32\UMPDC.dll
0x00007ffbe7bb0000 - 0x00007ffbe7bc2000 	C:\Windows\SYSTEM32\kernel.appcore.dll
0x00007ffbd06e0000 - 0x00007ffbd06ea000 	C:\Users\39\.jdks\jbr-17.0.14\bin\jimage.dll
0x00007ffbd8040000 - 0x00007ffbd8224000 	C:\Windows\SYSTEM32\DBGHELP.DLL
0x00007ffbd5720000 - 0x00007ffbd5754000 	C:\Windows\SYSTEM32\dbgcore.DLL
0x00007ffbea2a0000 - 0x00007ffbea322000 	C:\Windows\System32\bcryptPrimitives.dll
0x00007ffbd06d0000 - 0x00007ffbd06de000 	C:\Users\39\.jdks\jbr-17.0.14\bin\instrument.dll
0x00007ffbd0620000 - 0x00007ffbd0645000 	C:\Users\39\.jdks\jbr-17.0.14\bin\java.dll
0x00007ffbbd590000 - 0x00007ffbbd667000 	C:\Users\39\.jdks\jbr-17.0.14\bin\jsvml.dll
0x00007ffbeb370000 - 0x00007ffbebadd000 	C:\Windows\System32\SHELL32.dll
0x00007ffbe7db0000 - 0x00007ffbe8554000 	C:\Windows\SYSTEM32\windows.storage.dll
0x00007ffbea750000 - 0x00007ffbeaaa5000 	C:\Windows\System32\combase.dll
0x00007ffbe9690000 - 0x00007ffbe96bf000 	C:\Windows\SYSTEM32\Wldp.dll
0x00007ffbec250000 - 0x00007ffbec31d000 	C:\Windows\System32\OLEAUT32.dll
0x00007ffbeb2c0000 - 0x00007ffbeb36d000 	C:\Windows\System32\SHCORE.dll
0x00007ffbebc60000 - 0x00007ffbebcb5000 	C:\Windows\System32\shlwapi.dll
0x00007ffbe9c60000 - 0x00007ffbe9c84000 	C:\Windows\SYSTEM32\profapi.dll
0x00007ffbcdb30000 - 0x00007ffbcdb48000 	C:\Users\39\.jdks\jbr-17.0.14\bin\zip.dll
0x00007ffbcd500000 - 0x00007ffbcd519000 	C:\Users\39\.jdks\jbr-17.0.14\bin\net.dll
0x00007ffbe0f60000 - 0x00007ffbe106a000 	C:\Windows\SYSTEM32\WINHTTP.dll
0x00007ffbe93f0000 - 0x00007ffbe945c000 	C:\Windows\system32\mswsock.dll
0x00007ffbcd4e0000 - 0x00007ffbcd4f6000 	C:\Users\39\.jdks\jbr-17.0.14\bin\nio.dll
0x00007ffbcc8c0000 - 0x00007ffbcc8da000 	C:\Program Files\JetBrains\IntelliJ IDEA 2024.2.2\bin\breakgen64.dll
0x00007ffbd04e0000 - 0x00007ffbd04e9000 	C:\Users\39\.jdks\jbr-17.0.14\bin\extnet.dll
0x00007ffbd5b60000 - 0x00007ffbd5b84000 	C:\Users\39\AppData\Local\Temp\jansi-2.4.1-51bfbd6355570e8c-jansi.dll
0x00007ffbcba60000 - 0x00007ffbcba70000 	C:\Users\39\.jdks\jbr-17.0.14\bin\verify.dll

dbghelp: loaded successfully - version: 4.0.5 - missing functions: none
symbol engine: initialized successfully - sym options: 0x614 - pdb path: .;C:\Users\39\.jdks\jbr-17.0.14\bin;C:\Windows\SYSTEM32;C:\Windows\WinSxS\amd64_microsoft.windows.common-controls_6595b64144ccf1df_6.0.19041.4355_none_60b8b9eb71f62e16;C:\Users\39\.jdks\jbr-17.0.14\bin\server;C:\Program Files\JetBrains\IntelliJ IDEA 2024.2.2\bin;C:\Users\39\AppData\Local\Temp

VM Arguments:
jvm_args: -Dmaven.multiModuleProjectDirectory=C:\Users\39\Documents\GitHub\DevAthletes\DevAthletes\gymify -Djansi.passthrough=true -Dmaven.home=C:\Program Files\JetBrains\IntelliJ IDEA 2024.2.2\plugins\maven\lib\maven3 -Dclassworlds.conf=C:\Program Files\JetBrains\IntelliJ IDEA 2024.2.2\plugins\maven\lib\maven3\bin\m2.conf -Dmaven.ext.class.path=C:\Program Files\JetBrains\IntelliJ IDEA 2024.2.2\plugins\maven\lib\maven-event-listener.jar -javaagent:C:\Program Files\JetBrains\IntelliJ IDEA 2024.2.2\lib\idea_rt.jar=63977:C:\Program Files\JetBrains\IntelliJ IDEA 2024.2.2\bin -Dfile.encoding=UTF-8 
java_command: org.codehaus.classworlds.Launcher -Didea.version=2024.2.2 org.openjfx:javafx-maven-plugin:0.0.8:run
java_class_path (initial): C:\Program Files\JetBrains\IntelliJ IDEA 2024.2.2\plugins\maven\lib\maven3\boot\plexus-classworlds-2.8.0.jar;C:\Program Files\JetBrains\IntelliJ IDEA 2024.2.2\plugins\maven\lib\maven3\boot\plexus-classworlds.license
Launcher Type: SUN_STANDARD

[Global flags]
     intx CICompilerCount                          = 4                                         {product} {ergonomic}
     uint ConcGCThreads                            = 2                                         {product} {ergonomic}
     uint G1ConcRefinementThreads                  = 8                                         {product} {ergonomic}
   size_t G1HeapRegionSize                         = 1048576                                   {product} {ergonomic}
    uintx GCDrainStackTargetSize                   = 64                                        {product} {ergonomic}
   size_t InitialHeapSize                          = 65011712                                  {product} {ergonomic}
   size_t MarkStackSize                            = 4194304                                   {product} {ergonomic}
   size_t MaxHeapSize                              = 1031798784                                {product} {ergonomic}
   size_t MaxNewSize                               = 618659840                                 {product} {ergonomic}
   size_t MinHeapDeltaBytes                        = 1048576                                   {product} {ergonomic}
   size_t MinHeapSize                              = 8388608                                   {product} {ergonomic}
    uintx NonNMethodCodeHeapSize                   = 5839372                                {pd product} {ergonomic}
    uintx NonProfiledCodeHeapSize                  = 122909434                              {pd product} {ergonomic}
    uintx ProfiledCodeHeapSize                     = 122909434                              {pd product} {ergonomic}
    uintx ReservedCodeCacheSize                    = 251658240                              {pd product} {ergonomic}
     bool SegmentedCodeCache                       = true                                      {product} {ergonomic}
   size_t SoftMaxHeapSize                          = 1031798784                             {manageable} {ergonomic}
     bool UseCompressedClassPointers               = true                           {product lp64_product} {ergonomic}
     bool UseCompressedOops                        = true                           {product lp64_product} {ergonomic}
     bool UseG1GC                                  = true                                      {product} {ergonomic}
     bool UseLargePagesIndividualAllocation        = false                                  {pd product} {ergonomic}

Logging:
Log output configuration:
 #0: stdout all=warning uptime,level,tags
 #1: stderr all=off uptime,level,tags

Environment Variables:
PATH=C:\oraclexe\app\oracle\product\11.2.0\server\bin;C:\Users\39\.jdks\jbr-17.0.12-1\bin;C:\Program Files (x86)\VMware\VMware Workstation\bin\;C:\Users\39\.jdks\jbr-17.0.12\bin;C:\Windows\system32;C:\Windows;C:\Windows\System32\Wbem;C:\Windows\System32\WindowsPowerShell\v1.0\;C:\Windows\System32\OpenSSH\;C:\xampp\php;C:\composer;C:\Program Files\Git\cmd;C:\Program Files (x86)\CodeBlocks\MinGW\bin;C:\Program Files (x86)\GnuWin32\bin;C:\Program Files\Apache\Maven\apache-maven-3.8.8\bin;C:\Users\39\scoop\shims;C:\Users\39\AppData\Local\Microsoft\WindowsApps;C:\Users\39\AppData\Roaming\Composer\vendor\bin;C:\Users\39\AppData\Local\Programs\Microsoft VS Code\bin;C:\Users\39\AppData\Local\GitHubDesktop\bin
USERNAME=39
OS=Windows_NT
PROCESSOR_IDENTIFIER=Intel64 Family 6 Model 142 Stepping 12, GenuineIntel
TMP=C:\Users\39\AppData\Local\Temp
TEMP=C:\Users\39\AppData\Local\Temp



Periodic native trim disabled

JNI global refs:
JNI global refs: 14, weak refs: 0

JNI global refs memory usage: 843, weak refs: 841

Process memory usage:
Resident Set Size: 158440K (3% of 4024112K total physical memory with 236400K free physical memory)

OOME stack traces (most recent first):
Classloader memory used:
Loader org.codehaus.plexus.classworlds.realm.ClassRealm                                : 1726K
Loader bootstrap                                                                       : 635K
Loader jdk.internal.loader.ClassLoaders$AppClassLoader                                 : 579K
Loader jdk.internal.loader.ClassLoaders$PlatformClassLoader                            : 29724B
Loader jdk.internal.reflect.DelegatingClassLoader                                      : 6788B
Loader org.eclipse.sisu.space.CloningClassSpace$CloningClassLoader                     : 4732B

Classes loaded by more than one classloader:
Class org.codehaus.plexus.util.DirectoryScanner                                       : loaded 2 times (x 113B)
Class org.codehaus.plexus.interpolation.BasicInterpolator                             : loaded 2 times (x 68B)
Class org.codehaus.plexus.util.Scanner                                                : loaded 2 times (x 68B)
Class [Lorg.codehaus.plexus.util.MatchPattern;                                        : loaded 2 times (x 67B)
Class org.codehaus.plexus.interpolation.ValueSource                                   : loaded 2 times (x 68B)
Class org.codehaus.plexus.util.AbstractScanner                                        : loaded 2 times (x 98B)
Class org.codehaus.plexus.util.MatchPattern                                           : loaded 2 times (x 76B)
Class org.codehaus.plexus.interpolation.RecursionInterceptor                          : loaded 2 times (x 68B)
Class org.apache.maven.shared.utils.logging.MessageBuilder                            : loaded 2 times (x 68B)
Class org.apache.maven.shared.utils.logging.AnsiMessageBuilder                        : loaded 2 times (x 124B)
Class [Lorg.apache.maven.shared.utils.logging.Style;                                  : loaded 2 times (x 67B)
Class org.codehaus.plexus.interpolation.PropertiesBasedValueSource                    : loaded 2 times (x 80B)
Class org.codehaus.plexus.interpolation.AbstractValueSource                           : loaded 2 times (x 80B)
Class org.codehaus.plexus.util.MatchPatterns                                          : loaded 2 times (x 74B)
Class org.apache.maven.shared.utils.logging.MessageUtils$1                            : loaded 2 times (x 85B)
Class org.apache.maven.shared.utils.logging.Style                                     : loaded 2 times (x 78B)
Class org.apache.maven.shared.utils.logging.LoggerLevelRenderer                       : loaded 2 times (x 68B)
Class org.codehaus.plexus.util.SelectorUtils                                          : loaded 2 times (x 69B)
Class org.codehaus.plexus.util.StringUtils                                            : loaded 2 times (x 69B)
Class org.apache.maven.shared.utils.logging.MessageUtils                              : loaded 2 times (x 69B)
Class org.codehaus.plexus.interpolation.Interpolator                                  : loaded 2 times (x 68B)


---------------  S Y S T E M  ---------------

OS:
 Windows 10 , 64 bit Build 19041 (10.0.19041.5438)
OS uptime: 0 days 5:25 hours

CPU: total 8 (initial active 8) (4 cores per cpu, 2 threads per core) family 6 model 142 stepping 12 microcode 0xde, cx8, cmov, fxsr, ht, mmx, 3dnowpref, sse, sse2, sse3, ssse3, sse4.1, sse4.2, popcnt, lzcnt, tsc, tscinvbit, avx, avx2, aes, erms, clmul, bmi1, bmi2, adx, fma, vzeroupper, clflush, clflushopt
Processor Information for all 8 processors :
  Max Mhz: 2112, Current Mhz: 1609, Mhz Limit: 1605

Memory: 4k page, system-wide physical 3929M (230M free)
TotalPageFile size 16217M (AvailPageFile size 4M)
current process WorkingSet (physical memory assigned to process): 154M, peak: 154M
current process commit charge ("private bytes"): 199M, peak: 201M

vm_info: OpenJDK 64-Bit Server VM (17.0.14+1-b1367.22) for windows-amd64 JRE (17.0.14+1-b1367.22), built on 2025-01-30 by "builduser" with MS VC++ 16.10 / 16.11 (VS2019)

END.
