#
# There is insufficient memory for the Java Runtime Environment to continue.
# Native memory allocation (mmap) failed to map 13631488 bytes. Error detail: G1 virtual space
# Possible reasons:
#   The system is out of physical RAM or swap space
#   This process is running with CompressedOops enabled, and the Java Heap may be blocking the growth of the native heap
# Possible solutions:
#   Reduce memory load on the system
#   Increase physical memory or swap space
#   Check if swap backing store is full
#   Decrease Java heap size (-Xmx/-Xms)
#   Decrease number of Java threads
#   Decrease Java thread stack sizes (-Xss)
#   Set larger code cache with -XX:ReservedCodeCacheSize=
#   JVM is running with Unscaled Compressed Oops mode in which the Java heap is
#     placed in the first 4GB address space. The Java Heap base address is the
#     maximum limit for the native heap growth. Please use -XX:HeapBaseMinAddress
#     to set the Java Heap base and to place the Java Heap above 4GB virtual address.
# This output file may be truncated or incomplete.
#
#  Out of Memory Error (os_windows.cpp:3825), pid=20056, tid=16740
#
# JRE version: OpenJDK Runtime Environment JBR-17.0.12+1-1207.37-nomod (17.0.12+1) (build 17.0.12+1-b1207.37)
# Java VM: OpenJDK 64-Bit Server VM JBR-17.0.12+1-1207.37-nomod (17.0.12+1-b1207.37, mixed mode, sharing, tiered, compressed oops, compressed class ptrs, g1 gc, windows-amd64)
# No core dump will be written. Minidumps are not enabled by default on client versions of Windows
#

---------------  S U M M A R Y ------------

Command Line: --module-path=C:\Users\39\.m2\repository\org\openjfx\javafx-base\21.0.2\javafx-base-21.0.2-win.jar;C:\Users\39\.m2\repository\org\openjfx\javafx-base\21.0.2\javafx-base-21.0.2.jar;C:\Users\39\.m2\repository\org\openjfx\javafx-controls\21.0.2\javafx-controls-21.0.2-win.jar;C:\Users\39\.m2\repository\org\openjfx\javafx-controls\21.0.2\javafx-controls-21.0.2.jar;C:\Users\39\.m2\repository\org\openjfx\javafx-fxml\21.0.2\javafx-fxml-21.0.2-win.jar;C:\Users\39\.m2\repository\org\openjfx\javafx-fxml\21.0.2\javafx-fxml-21.0.2.jar;C:\Users\39\.m2\repository\org\openjfx\javafx-graphics\21.0.2\javafx-graphics-21.0.2-win.jar;C:\Users\39\.m2\repository\org\openjfx\javafx-graphics\21.0.2\javafx-graphics-21.0.2.jar;C:\Users\39\.m2\repository\org\openjfx\javafx-media\21.0.2\javafx-media-21.0.2-win.jar;C:\Users\39\.m2\repository\org\openjfx\javafx-media\21.0.2\javafx-media-21.0.2.jar;C:\Users\39\.m2\repository\org\openjfx\javafx-swing\21.0.2\javafx-swing-21.0.2-win.jar;C:\Users\39\.m2\repository\org\openjfx\javafx-swing\21.0.2\javafx-swing-21.0.2.jar;C:\Users\39\.m2\repository\org\openjfx\javafx-web\21.0.2\javafx-web-21.0.2-win.jar;C:\Users\39\.m2\repository\org\openjfx\javafx-web\21.0.2\javafx-web-21.0.2.jar --add-modules=javafx.base,javafx.controls,javafx.fxml,javafx.graphics,javafx.media,javafx.swing,javafx.web org.gymify.tests.MainApp

Host: Intel(R) Core(TM) i5-10210U CPU @ 1.60GHz, 8 cores, 3G,  Windows 10 , 64 bit Build 19041 (10.0.19041.5438)
Time: Fri Mar  7 09:18:25 2025 Paris, Madrid elapsed time: 41.490460 seconds (0d 0h 0m 41s)

---------------  T H R E A D  ---------------

Current thread (0x00000215291adbf0):  VMThread "VM Thread" [stack: 0x000000ee4a300000,0x000000ee4a400000] [id=16740]

Stack: [0x000000ee4a300000,0x000000ee4a400000]
Native frames: (J=compiled Java code, j=interpreted, Vv=VM code, C=native code)
V  [jvm.dll+0x689d89]

VM_Operation (0x000000ee49fff310): G1PauseRemark, mode: safepoint, requested by thread 0x00000215118aa590


---------------  P R O C E S S  ---------------

Threads class SMR info:
_java_thread_list=0x0000021574a17100, length=23, elements={
0x0000021511864f50, 0x00000215291b10b0, 0x00000215291b1f30, 0x00000215291ca260,
0x00000215291cae20, 0x00000215291cd7f0, 0x00000215291ce1b0, 0x00000215291e1420,
0x00000215291e3ee0, 0x00000215291e48e0, 0x000002152919f750, 0x0000021529689510,
0x00000215297b8460, 0x000002156f35e470, 0x000002156f3705a0, 0x000002156f52e670,
0x000002156f5cc010, 0x000002156f7b3bf0, 0x000002156f7b5030, 0x000002156f7b6470,
0x000002156f7b4610, 0x000002156f7b31d0, 0x000002156f7b5f60
}

Java Threads: ( => current thread )
  0x0000021511864f50 JavaThread "main" [_thread_blocked, id=9928, stack(0x000000ee49d00000,0x000000ee49e00000)]
  0x00000215291b10b0 JavaThread "Reference Handler" daemon [_thread_blocked, id=17064, stack(0x000000ee4a400000,0x000000ee4a500000)]
  0x00000215291b1f30 JavaThread "Finalizer" daemon [_thread_blocked, id=1452, stack(0x000000ee4a500000,0x000000ee4a600000)]
  0x00000215291ca260 JavaThread "Signal Dispatcher" daemon [_thread_blocked, id=17912, stack(0x000000ee4a600000,0x000000ee4a700000)]
  0x00000215291cae20 JavaThread "Attach Listener" daemon [_thread_blocked, id=11304, stack(0x000000ee4a700000,0x000000ee4a800000)]
  0x00000215291cd7f0 JavaThread "Service Thread" daemon [_thread_blocked, id=16968, stack(0x000000ee4a800000,0x000000ee4a900000)]
  0x00000215291ce1b0 JavaThread "Monitor Deflation Thread" daemon [_thread_blocked, id=17656, stack(0x000000ee4a900000,0x000000ee4aa00000)]
  0x00000215291e1420 JavaThread "C2 CompilerThread0" daemon [_thread_blocked, id=7780, stack(0x000000ee4aa00000,0x000000ee4ab00000)]
  0x00000215291e3ee0 JavaThread "C1 CompilerThread0" daemon [_thread_blocked, id=19968, stack(0x000000ee4ab00000,0x000000ee4ac00000)]
  0x00000215291e48e0 JavaThread "Sweeper thread" daemon [_thread_blocked, id=13564, stack(0x000000ee4ac00000,0x000000ee4ad00000)]
  0x000002152919f750 JavaThread "Common-Cleaner" daemon [_thread_blocked, id=5944, stack(0x000000ee4ad00000,0x000000ee4ae00000)]
  0x0000021529689510 JavaThread "Notification Thread" daemon [_thread_blocked, id=19880, stack(0x000000ee4ae00000,0x000000ee4af00000)]
  0x00000215297b8460 JavaThread "QuantumRenderer-0" daemon [_thread_blocked, id=7572, stack(0x000000ee4b000000,0x000000ee4b100000)]
  0x000002156f35e470 JavaThread "InvokeLaterDispatcher" daemon [_thread_blocked, id=7164, stack(0x000000ee4b100000,0x000000ee4b200000)]
  0x000002156f3705a0 JavaThread "JavaFX Application Thread" [_thread_blocked, id=16232, stack(0x000000ee4b200000,0x000000ee4b300000)]
  0x000002156f52e670 JavaThread "JavaFX-Launcher" [_thread_blocked, id=19916, stack(0x000000ee4b700000,0x000000ee4b800000)]
  0x000002156f5cc010 JavaThread "Thread-2" daemon [_thread_blocked, id=20356, stack(0x000000ee4b600000,0x000000ee4b700000)]
  0x000002156f7b3bf0 JavaThread "mysql-cj-abandoned-connection-cleanup" daemon [_thread_blocked, id=10464, stack(0x000000ee4bd00000,0x000000ee4be00000)]
  0x000002156f7b5030 JavaThread "Prism Font Disposer" daemon [_thread_blocked, id=17724, stack(0x000000ee4c300000,0x000000ee4c400000)]
  0x000002156f7b6470 JavaThread "Java2D Disposer" daemon [_thread_blocked, id=19460, stack(0x000000ee4c400000,0x000000ee4c500000)]
  0x000002156f7b4610 JavaThread "AWT-Windows" daemon [_thread_in_native, id=19644, stack(0x000000ee4c600000,0x000000ee4c700000)]
  0x000002156f7b31d0 JavaThread "Cleaner-0" daemon [_thread_blocked, id=19048, stack(0x000000ee4cb00000,0x000000ee4cc00000)]
  0x000002156f7b5f60 JavaThread "Thread-3" [_thread_blocked, id=18572, stack(0x000000ee4c500000,0x000000ee4c600000)]

Other Threads:
=>0x00000215291adbf0 VMThread "VM Thread" [stack: 0x000000ee4a300000,0x000000ee4a400000] [id=16740]
  0x000002152968a000 WatcherThread [stack: 0x000000ee4af00000,0x000000ee4b000000] [id=19612]
  0x00000215118a1b40 GCTaskThread "GC Thread#0" [stack: 0x000000ee49e00000,0x000000ee49f00000] [id=20236]
  0x000002156f647730 GCTaskThread "GC Thread#1" [stack: 0x000000ee4b800000,0x000000ee4b900000] [id=15868]
  0x000002156f5c8ff0 GCTaskThread "GC Thread#2" [stack: 0x000000ee4b900000,0x000000ee4ba00000] [id=7180]
  0x000002156f578cb0 GCTaskThread "GC Thread#3" [stack: 0x000000ee4ba00000,0x000000ee4bb00000] [id=2988]
  0x000002156f5582b0 GCTaskThread "GC Thread#4" [stack: 0x000000ee4bb00000,0x000000ee4bc00000] [id=18980]
  0x000002156f56b830 GCTaskThread "GC Thread#5" [stack: 0x000000ee4bc00000,0x000000ee4bd00000] [id=1620]
  0x00000215749423e0 GCTaskThread "GC Thread#6" [stack: 0x000000ee4be00000,0x000000ee4bf00000] [id=9232]
  0x0000021574a4db50 GCTaskThread "GC Thread#7" [stack: 0x000000ee4bf00000,0x000000ee4c000000] [id=19132]
  0x00000215118aa590 ConcurrentGCThread "G1 Main Marker" [stack: 0x000000ee49f00000,0x000000ee4a000000] [id=19500]
  0x00000215118aafb0 ConcurrentGCThread "G1 Conc#0" [stack: 0x000000ee4a000000,0x000000ee4a100000] [id=15844]
  0x0000021574efe560 ConcurrentGCThread "G1 Conc#1" [stack: 0x000000ee4ca00000,0x000000ee4cb00000] [id=9924]
  0x0000021511901190 ConcurrentGCThread "G1 Refine#0" [stack: 0x000000ee4a100000,0x000000ee4a200000] [id=17428]
  0x0000021574b6c9b0 ConcurrentGCThread "G1 Refine#1" [stack: 0x000000ee4c000000,0x000000ee4c100000] [id=19472]
  0x0000021574a88f00 ConcurrentGCThread "G1 Refine#2" [stack: 0x000000ee4c100000,0x000000ee4c200000] [id=17700]
  0x0000021574b41f30 ConcurrentGCThread "G1 Refine#3" [stack: 0x000000ee4c200000,0x000000ee4c300000] [id=20220]
  0x0000021511901bc0 ConcurrentGCThread "G1 Service" [stack: 0x000000ee4a200000,0x000000ee4a300000] [id=4072]

Threads with active compile tasks:
C2 CompilerThread0    41682 4887   !   4       com.sun.javafx.css.StyleManager::getCacheContainer (152 bytes)
C1 CompilerThread0    41682 4916       3       com.sun.javafx.text.PrismTextLayout::initCache (278 bytes)

VM state: at safepoint (normal execution)

VM Mutex/Monitor currently owned by a thread:  ([mutex/lock_event])
[0x0000021511860d10] Threads_lock - owner thread: 0x00000215291adbf0
[0x0000021511860ad0] Heap_lock - owner thread: 0x00000215118aa590

Heap address: 0x00000000c2800000, size: 984 MB, Compressed Oops mode: 32-bit

CDS archive(s) mapped at: [0x000002152a000000-0x000002152ac00000-0x000002152ac00000), size 12582912, SharedBaseAddress: 0x000002152a000000, ArchiveRelocationMode: 1.
Compressed class space mapped at: 0x000002152b000000-0x000002156b000000, reserved size: 1073741824
Narrow klass base: 0x000002152a000000, Narrow klass shift: 0, Narrow klass range: 0x100000000

GC Precious Log:
 CPUs: 8 total, 8 available
 Memory: 3929M
 Large Page Support: Disabled
 NUMA Support: Disabled
 Compressed Oops: Enabled (32-bit)
 Heap Region Size: 1M
 Heap Min Capacity: 8M
 Heap Initial Capacity: 62M
 Heap Max Capacity: 984M
 Pre-touch: Disabled
 Parallel Workers: 8
 Concurrent Workers: 2
 Concurrent Refinement Workers: 8
 Periodic GC: Disabled

Heap:
 garbage-first heap   total 160768K, used 134445K [0x00000000c2800000, 0x0000000100000000)
  region size 1024K, 2 young (2048K), 1 survivors (1024K)
 Metaspace       used 26771K, committed 27136K, reserved 1114112K
  class space    used 3625K, committed 3840K, reserved 1048576K

Heap Regions: E=young(eden), S=young(survivor), O=old, HS=humongous(starts), HC=humongous(continues), CS=collection set, F=free, OA=open archive, CA=closed archive, TAMS=top-at-mark-start (previous, next)
|   0|0x00000000c2800000, 0x00000000c2900000, 0x00000000c2900000|100%| O|  |TAMS 0x00000000c2900000, 0x00000000c2800000| Untracked 
|   1|0x00000000c2900000, 0x00000000c2a00000, 0x00000000c2a00000|100%| O|  |TAMS 0x00000000c2a00000, 0x00000000c2900000| Untracked 
|   2|0x00000000c2a00000, 0x00000000c2b00000, 0x00000000c2b00000|100%| O|  |TAMS 0x00000000c2b00000, 0x00000000c2a00000| Untracked 
|   3|0x00000000c2b00000, 0x00000000c2c00000, 0x00000000c2c00000|100%| O|  |TAMS 0x00000000c2c00000, 0x00000000c2b00000| Untracked 
|   4|0x00000000c2c00000, 0x00000000c2d00000, 0x00000000c2d00000|100%| O|  |TAMS 0x00000000c2d00000, 0x00000000c2c00000| Untracked 
|   5|0x00000000c2d00000, 0x00000000c2e00000, 0x00000000c2e00000|100%|HS|  |TAMS 0x00000000c2e00000, 0x00000000c2d00000| Complete 
|   6|0x00000000c2e00000, 0x00000000c2f00000, 0x00000000c2f00000|100%| O|  |TAMS 0x00000000c2f00000, 0x00000000c2e00000| Untracked 
|   7|0x00000000c2f00000, 0x00000000c3000000, 0x00000000c3000000|100%| O|  |TAMS 0x00000000c3000000, 0x00000000c2f00000| Untracked 
|   8|0x00000000c3000000, 0x00000000c3100000, 0x00000000c3100000|100%| O|  |TAMS 0x00000000c3100000, 0x00000000c3000000| Untracked 
|   9|0x00000000c3100000, 0x00000000c3200000, 0x00000000c3200000|100%| O|  |TAMS 0x00000000c3200000, 0x00000000c3100000| Untracked 
|  10|0x00000000c3200000, 0x00000000c324b400, 0x00000000c3300000| 29%| O|  |TAMS 0x00000000c3200000, 0x00000000c3200000| Updating 
|  11|0x00000000c3300000, 0x00000000c3400000, 0x00000000c3400000|100%|HS|  |TAMS 0x00000000c3400000, 0x00000000c3300000| Complete 
|  12|0x00000000c3400000, 0x00000000c3500000, 0x00000000c3500000|100%|HC|  |TAMS 0x00000000c3500000, 0x00000000c3400000| Complete 
|  13|0x00000000c3500000, 0x00000000c3600000, 0x00000000c3600000|100%|HS|  |TAMS 0x00000000c3600000, 0x00000000c3500000| Complete 
|  14|0x00000000c3600000, 0x00000000c3700000, 0x00000000c3700000|100%|HS|  |TAMS 0x00000000c3700000, 0x00000000c3600000| Complete 
|  15|0x00000000c3700000, 0x00000000c3800000, 0x00000000c3800000|100%|HC|  |TAMS 0x00000000c3800000, 0x00000000c3700000| Complete 
|  16|0x00000000c3800000, 0x00000000c3900000, 0x00000000c3900000|100%| O|  |TAMS 0x00000000c3900000, 0x00000000c3800000| Untracked 
|  17|0x00000000c3900000, 0x00000000c3a00000, 0x00000000c3a00000|100%| O|  |TAMS 0x00000000c3a00000, 0x00000000c3900000| Untracked 
|  18|0x00000000c3a00000, 0x00000000c3a00000, 0x00000000c3b00000|  0%| F|  |TAMS 0x00000000c3a00000, 0x00000000c3a00000| Untracked 
|  19|0x00000000c3b00000, 0x00000000c3b00000, 0x00000000c3c00000|  0%| F|  |TAMS 0x00000000c3b00000, 0x00000000c3b00000| Untracked 
|  20|0x00000000c3c00000, 0x00000000c3c00000, 0x00000000c3d00000|  0%| F|  |TAMS 0x00000000c3c00000, 0x00000000c3c00000| Untracked 
|  21|0x00000000c3d00000, 0x00000000c3d00000, 0x00000000c3e00000|  0%| F|  |TAMS 0x00000000c3d00000, 0x00000000c3d00000| Untracked 
|  22|0x00000000c3e00000, 0x00000000c3f00000, 0x00000000c3f00000|100%| O|  |TAMS 0x00000000c3f00000, 0x00000000c3e00000| Untracked 
|  23|0x00000000c3f00000, 0x00000000c4000000, 0x00000000c4000000|100%| O|  |TAMS 0x00000000c4000000, 0x00000000c3f00000| Untracked 
|  24|0x00000000c4000000, 0x00000000c4100000, 0x00000000c4100000|100%| O|  |TAMS 0x00000000c406cc00, 0x00000000c4000000| Untracked 
|  25|0x00000000c4100000, 0x00000000c4100000, 0x00000000c4200000|  0%| F|  |TAMS 0x00000000c4100000, 0x00000000c4100000| Untracked 
|  26|0x00000000c4200000, 0x00000000c4200000, 0x00000000c4300000|  0%| F|  |TAMS 0x00000000c4200000, 0x00000000c4200000| Untracked 
|  27|0x00000000c4300000, 0x00000000c4300000, 0x00000000c4400000|  0%| F|  |TAMS 0x00000000c4300000, 0x00000000c4300000| Untracked 
|  28|0x00000000c4400000, 0x00000000c4400000, 0x00000000c4500000|  0%| F|  |TAMS 0x00000000c4400000, 0x00000000c4400000| Untracked 
|  29|0x00000000c4500000, 0x00000000c4500000, 0x00000000c4600000|  0%| F|  |TAMS 0x00000000c4500000, 0x00000000c4500000| Untracked 
|  30|0x00000000c4600000, 0x00000000c4600000, 0x00000000c4700000|  0%| F|  |TAMS 0x00000000c4600000, 0x00000000c4600000| Untracked 
|  31|0x00000000c4700000, 0x00000000c4700000, 0x00000000c4800000|  0%| F|  |TAMS 0x00000000c4700000, 0x00000000c4700000| Untracked 
|  32|0x00000000c4800000, 0x00000000c4800000, 0x00000000c4900000|  0%| F|  |TAMS 0x00000000c4800000, 0x00000000c4800000| Untracked 
|  33|0x00000000c4900000, 0x00000000c4900000, 0x00000000c4a00000|  0%| F|  |TAMS 0x00000000c4900000, 0x00000000c4900000| Untracked 
|  34|0x00000000c4a00000, 0x00000000c4a00000, 0x00000000c4b00000|  0%| F|  |TAMS 0x00000000c4a00000, 0x00000000c4a00000| Untracked 
|  35|0x00000000c4b00000, 0x00000000c4b00000, 0x00000000c4c00000|  0%| F|  |TAMS 0x00000000c4b00000, 0x00000000c4b00000| Untracked 
|  36|0x00000000c4c00000, 0x00000000c4c00000, 0x00000000c4d00000|  0%| F|  |TAMS 0x00000000c4c00000, 0x00000000c4c00000| Untracked 
|  37|0x00000000c4d00000, 0x00000000c4d00000, 0x00000000c4e00000|  0%| F|  |TAMS 0x00000000c4d00000, 0x00000000c4d00000| Untracked 
|  38|0x00000000c4e00000, 0x00000000c4e00000, 0x00000000c4f00000|  0%| F|  |TAMS 0x00000000c4e00000, 0x00000000c4e00000| Untracked 
|  39|0x00000000c4f00000, 0x00000000c5000000, 0x00000000c5000000|100%| S|CS|TAMS 0x00000000c4f00000, 0x00000000c4f00000| Complete 
|  40|0x00000000c5000000, 0x00000000c5000000, 0x00000000c5100000|  0%| F|  |TAMS 0x00000000c5000000, 0x00000000c5000000| Untracked 
|  41|0x00000000c5100000, 0x00000000c5100000, 0x00000000c5200000|  0%| F|  |TAMS 0x00000000c5100000, 0x00000000c5100000| Untracked 
|  42|0x00000000c5200000, 0x00000000c5200000, 0x00000000c5300000|  0%| F|  |TAMS 0x00000000c5200000, 0x00000000c5200000| Untracked 
|  43|0x00000000c5300000, 0x00000000c5300000, 0x00000000c5400000|  0%| F|  |TAMS 0x00000000c5300000, 0x00000000c5300000| Untracked 
|  57|0x00000000c6100000, 0x00000000c6100000, 0x00000000c6200000|  0%| F|  |TAMS 0x00000000c6100000, 0x00000000c6100000| Untracked 
|  58|0x00000000c6200000, 0x00000000c6200000, 0x00000000c6300000|  0%| F|  |TAMS 0x00000000c6200000, 0x00000000c6200000| Untracked 
|  61|0x00000000c6500000, 0x00000000c6550de8, 0x00000000c6600000| 31%| E|  |TAMS 0x00000000c6500000, 0x00000000c6500000| Complete 
|  62|0x00000000c6600000, 0x00000000c6700000, 0x00000000c6700000|100%|HS|  |TAMS 0x00000000c6700000, 0x00000000c6600000| Complete 
|  63|0x00000000c6700000, 0x00000000c6800000, 0x00000000c6800000|100%|HC|  |TAMS 0x00000000c6800000, 0x00000000c6700000| Complete 
|  64|0x00000000c6800000, 0x00000000c6900000, 0x00000000c6900000|100%|HC|  |TAMS 0x00000000c6900000, 0x00000000c6800000| Complete 
|  65|0x00000000c6900000, 0x00000000c6a00000, 0x00000000c6a00000|100%|HC|  |TAMS 0x00000000c6a00000, 0x00000000c6900000| Complete 
|  66|0x00000000c6a00000, 0x00000000c6b00000, 0x00000000c6b00000|100%|HC|  |TAMS 0x00000000c6b00000, 0x00000000c6a00000| Complete 
|  67|0x00000000c6b00000, 0x00000000c6c00000, 0x00000000c6c00000|100%|HC|  |TAMS 0x00000000c6c00000, 0x00000000c6b00000| Complete 
|  68|0x00000000c6c00000, 0x00000000c6d00000, 0x00000000c6d00000|100%|HC|  |TAMS 0x00000000c6d00000, 0x00000000c6c00000| Complete 
|  69|0x00000000c6d00000, 0x00000000c6e00000, 0x00000000c6e00000|100%|HC|  |TAMS 0x00000000c6e00000, 0x00000000c6d00000| Complete 
|  70|0x00000000c6e00000, 0x00000000c6f00000, 0x00000000c6f00000|100%|HC|  |TAMS 0x00000000c6f00000, 0x00000000c6e00000| Complete 
|  71|0x00000000c6f00000, 0x00000000c7000000, 0x00000000c7000000|100%|HC|  |TAMS 0x00000000c7000000, 0x00000000c6f00000| Complete 
|  72|0x00000000c7000000, 0x00000000c7100000, 0x00000000c7100000|100%|HC|  |TAMS 0x00000000c7100000, 0x00000000c7000000| Complete 
|  73|0x00000000c7100000, 0x00000000c7200000, 0x00000000c7200000|100%|HC|  |TAMS 0x00000000c7200000, 0x00000000c7100000| Complete 
|  74|0x00000000c7200000, 0x00000000c7300000, 0x00000000c7300000|100%|HC|  |TAMS 0x00000000c7300000, 0x00000000c7200000| Complete 
|  75|0x00000000c7300000, 0x00000000c7400000, 0x00000000c7400000|100%|HC|  |TAMS 0x00000000c7400000, 0x00000000c7300000| Complete 
|  76|0x00000000c7400000, 0x00000000c7500000, 0x00000000c7500000|100%|HC|  |TAMS 0x00000000c7500000, 0x00000000c7400000| Complete 
|  77|0x00000000c7500000, 0x00000000c7600000, 0x00000000c7600000|100%|HC|  |TAMS 0x00000000c7600000, 0x00000000c7500000| Complete 
|  78|0x00000000c7600000, 0x00000000c7700000, 0x00000000c7700000|100%|HC|  |TAMS 0x00000000c7700000, 0x00000000c7600000| Complete 
|  79|0x00000000c7700000, 0x00000000c7800000, 0x00000000c7800000|100%|HC|  |TAMS 0x00000000c7800000, 0x00000000c7700000| Complete 
|  80|0x00000000c7800000, 0x00000000c7900000, 0x00000000c7900000|100%|HC|  |TAMS 0x00000000c7900000, 0x00000000c7800000| Complete 
|  81|0x00000000c7900000, 0x00000000c7a00000, 0x00000000c7a00000|100%|HC|  |TAMS 0x00000000c7a00000, 0x00000000c7900000| Complete 
|  82|0x00000000c7a00000, 0x00000000c7b00000, 0x00000000c7b00000|100%|HC|  |TAMS 0x00000000c7b00000, 0x00000000c7a00000| Complete 
|  83|0x00000000c7b00000, 0x00000000c7c00000, 0x00000000c7c00000|100%|HC|  |TAMS 0x00000000c7c00000, 0x00000000c7b00000| Complete 
|  84|0x00000000c7c00000, 0x00000000c7d00000, 0x00000000c7d00000|100%|HC|  |TAMS 0x00000000c7d00000, 0x00000000c7c00000| Complete 
|  85|0x00000000c7d00000, 0x00000000c7e00000, 0x00000000c7e00000|100%|HC|  |TAMS 0x00000000c7e00000, 0x00000000c7d00000| Complete 
|  86|0x00000000c7e00000, 0x00000000c7f00000, 0x00000000c7f00000|100%|HC|  |TAMS 0x00000000c7f00000, 0x00000000c7e00000| Complete 
|  87|0x00000000c7f00000, 0x00000000c8000000, 0x00000000c8000000|100%|HC|  |TAMS 0x00000000c8000000, 0x00000000c7f00000| Complete 
|  88|0x00000000c8000000, 0x00000000c8100000, 0x00000000c8100000|100%|HC|  |TAMS 0x00000000c8100000, 0x00000000c8000000| Complete 
|  89|0x00000000c8100000, 0x00000000c8200000, 0x00000000c8200000|100%|HC|  |TAMS 0x00000000c8200000, 0x00000000c8100000| Complete 
|  90|0x00000000c8200000, 0x00000000c8300000, 0x00000000c8300000|100%|HC|  |TAMS 0x00000000c8300000, 0x00000000c8200000| Complete 
|  91|0x00000000c8300000, 0x00000000c8400000, 0x00000000c8400000|100%|HC|  |TAMS 0x00000000c8400000, 0x00000000c8300000| Complete 
|  92|0x00000000c8400000, 0x00000000c8500000, 0x00000000c8500000|100%|HC|  |TAMS 0x00000000c8500000, 0x00000000c8400000| Complete 
|  93|0x00000000c8500000, 0x00000000c8600000, 0x00000000c8600000|100%|HC|  |TAMS 0x00000000c8600000, 0x00000000c8500000| Complete 
|  94|0x00000000c8600000, 0x00000000c8700000, 0x00000000c8700000|100%|HC|  |TAMS 0x00000000c8700000, 0x00000000c8600000| Complete 
|  95|0x00000000c8700000, 0x00000000c8800000, 0x00000000c8800000|100%|HC|  |TAMS 0x00000000c8800000, 0x00000000c8700000| Complete 
|  96|0x00000000c8800000, 0x00000000c8900000, 0x00000000c8900000|100%|HC|  |TAMS 0x00000000c8900000, 0x00000000c8800000| Complete 
|  97|0x00000000c8900000, 0x00000000c8a00000, 0x00000000c8a00000|100%|HC|  |TAMS 0x00000000c8a00000, 0x00000000c8900000| Complete 
|  98|0x00000000c8a00000, 0x00000000c8b00000, 0x00000000c8b00000|100%|HC|  |TAMS 0x00000000c8b00000, 0x00000000c8a00000| Complete 
|  99|0x00000000c8b00000, 0x00000000c8c00000, 0x00000000c8c00000|100%|HC|  |TAMS 0x00000000c8c00000, 0x00000000c8b00000| Complete 
| 100|0x00000000c8c00000, 0x00000000c8d00000, 0x00000000c8d00000|100%|HC|  |TAMS 0x00000000c8d00000, 0x00000000c8c00000| Complete 
| 101|0x00000000c8d00000, 0x00000000c8e00000, 0x00000000c8e00000|100%|HC|  |TAMS 0x00000000c8e00000, 0x00000000c8d00000| Complete 
| 102|0x00000000c8e00000, 0x00000000c8f00000, 0x00000000c8f00000|100%|HC|  |TAMS 0x00000000c8f00000, 0x00000000c8e00000| Complete 
| 103|0x00000000c8f00000, 0x00000000c9000000, 0x00000000c9000000|100%|HC|  |TAMS 0x00000000c9000000, 0x00000000c8f00000| Complete 
| 104|0x00000000c9000000, 0x00000000c9100000, 0x00000000c9100000|100%|HC|  |TAMS 0x00000000c9100000, 0x00000000c9000000| Complete 
| 105|0x00000000c9100000, 0x00000000c9200000, 0x00000000c9200000|100%|HC|  |TAMS 0x00000000c9200000, 0x00000000c9100000| Complete 
| 106|0x00000000c9200000, 0x00000000c9300000, 0x00000000c9300000|100%|HC|  |TAMS 0x00000000c9300000, 0x00000000c9200000| Complete 
| 107|0x00000000c9300000, 0x00000000c9400000, 0x00000000c9400000|100%|HC|  |TAMS 0x00000000c9400000, 0x00000000c9300000| Complete 
| 108|0x00000000c9400000, 0x00000000c9500000, 0x00000000c9500000|100%|HC|  |TAMS 0x00000000c9500000, 0x00000000c9400000| Complete 
| 109|0x00000000c9500000, 0x00000000c9600000, 0x00000000c9600000|100%|HC|  |TAMS 0x00000000c9600000, 0x00000000c9500000| Complete 
| 110|0x00000000c9600000, 0x00000000c9700000, 0x00000000c9700000|100%|HC|  |TAMS 0x00000000c9700000, 0x00000000c9600000| Complete 
| 111|0x00000000c9700000, 0x00000000c9800000, 0x00000000c9800000|100%|HC|  |TAMS 0x00000000c9800000, 0x00000000c9700000| Complete 
| 112|0x00000000c9800000, 0x00000000c9900000, 0x00000000c9900000|100%|HC|  |TAMS 0x00000000c9900000, 0x00000000c9800000| Complete 
| 113|0x00000000c9900000, 0x00000000c9a00000, 0x00000000c9a00000|100%|HC|  |TAMS 0x00000000c9a00000, 0x00000000c9900000| Complete 
| 114|0x00000000c9a00000, 0x00000000c9b00000, 0x00000000c9b00000|100%|HC|  |TAMS 0x00000000c9b00000, 0x00000000c9a00000| Complete 
| 115|0x00000000c9b00000, 0x00000000c9c00000, 0x00000000c9c00000|100%|HC|  |TAMS 0x00000000c9c00000, 0x00000000c9b00000| Complete 
| 116|0x00000000c9c00000, 0x00000000c9d00000, 0x00000000c9d00000|100%|HC|  |TAMS 0x00000000c9d00000, 0x00000000c9c00000| Complete 
| 117|0x00000000c9d00000, 0x00000000c9e00000, 0x00000000c9e00000|100%|HS|  |TAMS 0x00000000c9e00000, 0x00000000c9d00000| Complete 
| 118|0x00000000c9e00000, 0x00000000c9f00000, 0x00000000c9f00000|100%|HC|  |TAMS 0x00000000c9f00000, 0x00000000c9e00000| Complete 
| 119|0x00000000c9f00000, 0x00000000ca000000, 0x00000000ca000000|100%|HC|  |TAMS 0x00000000ca000000, 0x00000000c9f00000| Complete 
| 120|0x00000000ca000000, 0x00000000ca100000, 0x00000000ca100000|100%|HC|  |TAMS 0x00000000ca100000, 0x00000000ca000000| Complete 
| 121|0x00000000ca100000, 0x00000000ca200000, 0x00000000ca200000|100%|HC|  |TAMS 0x00000000ca200000, 0x00000000ca100000| Complete 
| 122|0x00000000ca200000, 0x00000000ca300000, 0x00000000ca300000|100%|HC|  |TAMS 0x00000000ca300000, 0x00000000ca200000| Complete 
| 123|0x00000000ca300000, 0x00000000ca400000, 0x00000000ca400000|100%|HC|  |TAMS 0x00000000ca400000, 0x00000000ca300000| Complete 
| 124|0x00000000ca400000, 0x00000000ca500000, 0x00000000ca500000|100%|HC|  |TAMS 0x00000000ca500000, 0x00000000ca400000| Complete 
| 125|0x00000000ca500000, 0x00000000ca600000, 0x00000000ca600000|100%|HC|  |TAMS 0x00000000ca600000, 0x00000000ca500000| Complete 
| 126|0x00000000ca600000, 0x00000000ca700000, 0x00000000ca700000|100%|HC|  |TAMS 0x00000000ca700000, 0x00000000ca600000| Complete 
| 127|0x00000000ca700000, 0x00000000ca800000, 0x00000000ca800000|100%|HC|  |TAMS 0x00000000ca800000, 0x00000000ca700000| Complete 
| 128|0x00000000ca800000, 0x00000000ca900000, 0x00000000ca900000|100%|HC|  |TAMS 0x00000000ca900000, 0x00000000ca800000| Complete 
| 129|0x00000000ca900000, 0x00000000caa00000, 0x00000000caa00000|100%|HC|  |TAMS 0x00000000caa00000, 0x00000000ca900000| Complete 
| 130|0x00000000caa00000, 0x00000000cab00000, 0x00000000cab00000|100%|HC|  |TAMS 0x00000000cab00000, 0x00000000caa00000| Complete 
| 131|0x00000000cab00000, 0x00000000cac00000, 0x00000000cac00000|100%|HC|  |TAMS 0x00000000cac00000, 0x00000000cab00000| Complete 
| 132|0x00000000cac00000, 0x00000000cad00000, 0x00000000cad00000|100%|HC|  |TAMS 0x00000000cad00000, 0x00000000cac00000| Complete 
| 133|0x00000000cad00000, 0x00000000cae00000, 0x00000000cae00000|100%|HC|  |TAMS 0x00000000cae00000, 0x00000000cad00000| Complete 
| 134|0x00000000cae00000, 0x00000000caf00000, 0x00000000caf00000|100%|HC|  |TAMS 0x00000000caf00000, 0x00000000cae00000| Complete 
| 135|0x00000000caf00000, 0x00000000cb000000, 0x00000000cb000000|100%|HC|  |TAMS 0x00000000cb000000, 0x00000000caf00000| Complete 
| 136|0x00000000cb000000, 0x00000000cb100000, 0x00000000cb100000|100%|HC|  |TAMS 0x00000000cb100000, 0x00000000cb000000| Complete 
| 137|0x00000000cb100000, 0x00000000cb200000, 0x00000000cb200000|100%|HC|  |TAMS 0x00000000cb200000, 0x00000000cb100000| Complete 
| 138|0x00000000cb200000, 0x00000000cb300000, 0x00000000cb300000|100%|HC|  |TAMS 0x00000000cb300000, 0x00000000cb200000| Complete 
| 139|0x00000000cb300000, 0x00000000cb400000, 0x00000000cb400000|100%|HC|  |TAMS 0x00000000cb400000, 0x00000000cb300000| Complete 
| 140|0x00000000cb400000, 0x00000000cb500000, 0x00000000cb500000|100%|HC|  |TAMS 0x00000000cb500000, 0x00000000cb400000| Complete 
| 141|0x00000000cb500000, 0x00000000cb600000, 0x00000000cb600000|100%|HC|  |TAMS 0x00000000cb600000, 0x00000000cb500000| Complete 
| 142|0x00000000cb600000, 0x00000000cb700000, 0x00000000cb700000|100%|HC|  |TAMS 0x00000000cb700000, 0x00000000cb600000| Complete 
| 143|0x00000000cb700000, 0x00000000cb800000, 0x00000000cb800000|100%|HC|  |TAMS 0x00000000cb800000, 0x00000000cb700000| Complete 
| 144|0x00000000cb800000, 0x00000000cb900000, 0x00000000cb900000|100%|HC|  |TAMS 0x00000000cb900000, 0x00000000cb800000| Complete 
| 145|0x00000000cb900000, 0x00000000cba00000, 0x00000000cba00000|100%|HC|  |TAMS 0x00000000cba00000, 0x00000000cb900000| Complete 
| 146|0x00000000cba00000, 0x00000000cbb00000, 0x00000000cbb00000|100%|HC|  |TAMS 0x00000000cbb00000, 0x00000000cba00000| Complete 
| 147|0x00000000cbb00000, 0x00000000cbc00000, 0x00000000cbc00000|100%|HC|  |TAMS 0x00000000cbc00000, 0x00000000cbb00000| Complete 
| 148|0x00000000cbc00000, 0x00000000cbd00000, 0x00000000cbd00000|100%|HC|  |TAMS 0x00000000cbd00000, 0x00000000cbc00000| Complete 
| 149|0x00000000cbd00000, 0x00000000cbe00000, 0x00000000cbe00000|100%|HC|  |TAMS 0x00000000cbe00000, 0x00000000cbd00000| Complete 
| 150|0x00000000cbe00000, 0x00000000cbf00000, 0x00000000cbf00000|100%|HC|  |TAMS 0x00000000cbf00000, 0x00000000cbe00000| Complete 
| 151|0x00000000cbf00000, 0x00000000cc000000, 0x00000000cc000000|100%|HC|  |TAMS 0x00000000cc000000, 0x00000000cbf00000| Complete 
| 152|0x00000000cc000000, 0x00000000cc100000, 0x00000000cc100000|100%|HC|  |TAMS 0x00000000cc100000, 0x00000000cc000000| Complete 
| 153|0x00000000cc100000, 0x00000000cc200000, 0x00000000cc200000|100%|HC|  |TAMS 0x00000000cc200000, 0x00000000cc100000| Complete 
| 154|0x00000000cc200000, 0x00000000cc300000, 0x00000000cc300000|100%|HC|  |TAMS 0x00000000cc300000, 0x00000000cc200000| Complete 
| 155|0x00000000cc300000, 0x00000000cc400000, 0x00000000cc400000|100%|HC|  |TAMS 0x00000000cc400000, 0x00000000cc300000| Complete 
| 156|0x00000000cc400000, 0x00000000cc500000, 0x00000000cc500000|100%|HC|  |TAMS 0x00000000cc500000, 0x00000000cc400000| Complete 
| 157|0x00000000cc500000, 0x00000000cc600000, 0x00000000cc600000|100%|HC|  |TAMS 0x00000000cc600000, 0x00000000cc500000| Complete 
| 158|0x00000000cc600000, 0x00000000cc700000, 0x00000000cc700000|100%|HC|  |TAMS 0x00000000cc700000, 0x00000000cc600000| Complete 
| 159|0x00000000cc700000, 0x00000000cc800000, 0x00000000cc800000|100%|HC|  |TAMS 0x00000000cc800000, 0x00000000cc700000| Complete 
| 160|0x00000000cc800000, 0x00000000cc900000, 0x00000000cc900000|100%|HC|  |TAMS 0x00000000cc900000, 0x00000000cc800000| Complete 
| 161|0x00000000cc900000, 0x00000000cca00000, 0x00000000cca00000|100%|HC|  |TAMS 0x00000000cca00000, 0x00000000cc900000| Complete 
| 162|0x00000000cca00000, 0x00000000ccb00000, 0x00000000ccb00000|100%|HC|  |TAMS 0x00000000ccb00000, 0x00000000cca00000| Complete 
| 163|0x00000000ccb00000, 0x00000000ccc00000, 0x00000000ccc00000|100%|HC|  |TAMS 0x00000000ccc00000, 0x00000000ccb00000| Complete 
| 164|0x00000000ccc00000, 0x00000000ccd00000, 0x00000000ccd00000|100%|HC|  |TAMS 0x00000000ccd00000, 0x00000000ccc00000| Complete 
| 165|0x00000000ccd00000, 0x00000000cce00000, 0x00000000cce00000|100%|HC|  |TAMS 0x00000000cce00000, 0x00000000ccd00000| Complete 
| 166|0x00000000cce00000, 0x00000000ccf00000, 0x00000000ccf00000|100%|HC|  |TAMS 0x00000000ccf00000, 0x00000000cce00000| Complete 
| 167|0x00000000ccf00000, 0x00000000cd000000, 0x00000000cd000000|100%|HC|  |TAMS 0x00000000cd000000, 0x00000000ccf00000| Complete 
| 168|0x00000000cd000000, 0x00000000cd100000, 0x00000000cd100000|100%|HC|  |TAMS 0x00000000cd100000, 0x00000000cd000000| Complete 
| 169|0x00000000cd100000, 0x00000000cd200000, 0x00000000cd200000|100%|HC|  |TAMS 0x00000000cd200000, 0x00000000cd100000| Complete 
| 170|0x00000000cd200000, 0x00000000cd300000, 0x00000000cd300000|100%|HC|  |TAMS 0x00000000cd300000, 0x00000000cd200000| Complete 
| 171|0x00000000cd300000, 0x00000000cd400000, 0x00000000cd400000|100%|HC|  |TAMS 0x00000000cd400000, 0x00000000cd300000| Complete 

Card table byte_map: [0x0000021524560000,0x0000021524750000] _byte_map_base: 0x0000021523f4c000

Marking Bits (Prev, Next): (CMBitMap*) 0x00000215118a2160, (CMBitMap*) 0x00000215118a21a0
 Prev Bits: [0x0000021524940000, 0x00000215258a0000)
 Next Bits: [0x00000215258a0000, 0x0000021526800000)

Polling page: 0x000002150f720000

Metaspace:

Usage:
  Non-class:     22.60 MB used.
      Class:      3.54 MB used.
       Both:     26.14 MB used.

Virtual space:
  Non-class space:       64.00 MB reserved,      22.75 MB ( 36%) committed,  1 nodes.
      Class space:        1.00 GB reserved,       3.75 MB ( <1%) committed,  1 nodes.
             Both:        1.06 GB reserved,      26.50 MB (  2%) committed. 

Chunk freelists:
   Non-Class:  9.06 MB
       Class:  12.11 MB
        Both:  21.17 MB

MaxMetaspaceSize: unlimited
CompressedClassSpaceSize: 1.00 GB
Initial GC threshold: 21.00 MB
Current GC threshold: 35.25 MB
CDS: on
MetaspaceReclaimPolicy: balanced
 - commit_granule_bytes: 65536.
 - commit_granule_words: 8192.
 - virtual_space_node_default_size: 8388608.
 - enlarge_chunks_in_place: 1.
 - new_chunks_are_fully_committed: 0.
 - uncommit_free_chunks: 1.
 - use_allocation_guard: 0.
 - handle_deallocations: 1.


Internal statistics:

num_allocs_failed_limit: 3.
num_arena_births: 344.
num_arena_deaths: 0.
num_vsnodes_births: 2.
num_vsnodes_deaths: 0.
num_space_committed: 424.
num_space_uncommitted: 0.
num_chunks_returned_to_freelist: 3.
num_chunks_taken_from_freelist: 1175.
num_chunk_merges: 3.
num_chunk_splits: 810.
num_chunks_enlarged: 596.
num_inconsistent_stats: 0.

CodeHeap 'non-profiled nmethods': size=120000Kb used=1843Kb max_used=1843Kb free=118156Kb
 bounds [0x000002151cb10000, 0x000002151cd80000, 0x0000021524040000]
CodeHeap 'profiled nmethods': size=120000Kb used=10250Kb max_used=10250Kb free=109750Kb
 bounds [0x0000021515040000, 0x0000021515a50000, 0x000002151c570000]
CodeHeap 'non-nmethods': size=5760Kb used=1554Kb max_used=1600Kb free=4205Kb
 bounds [0x000002151c570000, 0x000002151c7e0000, 0x000002151cb10000]
 total_blobs=5813 nmethods=4859 adapters=866
 compilation: enabled
              stopped_count=0, restarted_count=0
 full_count=0

Compilation events (20 events):
Event: 41.075 Thread 0x00000215291e1420 4883       4       java.nio.charset.CoderResult::isUnderflow (13 bytes)
Event: 41.134 Thread 0x00000215291e3ee0 4884       3       com.sun.javafx.scene.NodeHelper::processCSSImpl (10 bytes)
Event: 41.140 Thread 0x00000215291e1420 nmethod 4883 0x000002151ccdca10 code [0x000002151ccdcb80, 0x000002151ccdcc18]
Event: 41.146 Thread 0x00000215291e1420 4887   !   4       com.sun.javafx.css.StyleManager::getCacheContainer (152 bytes)
Event: 41.150 Thread 0x00000215291e3ee0 nmethod 4884 0x0000021515a39b90 code [0x0000021515a39d40, 0x0000021515a39f48]
Event: 41.150 Thread 0x00000215291e3ee0 4888   !   3       com.sun.javafx.css.StyleManager$CacheContainer::getCacheMap (278 bytes)
Event: 41.171 Thread 0x00000215291e3ee0 nmethod 4888 0x0000021515a3a090 code [0x0000021515a3a3e0, 0x0000021515a3bde8]
Event: 41.172 Thread 0x00000215291e3ee0 4903   !   3       com.sun.javafx.css.StyleManager::processStylesheets (263 bytes)
Event: 41.178 Thread 0x00000215291e3ee0 nmethod 4903 0x0000021515a3c810 code [0x0000021515a3cbc0, 0x0000021515a3e968]
Event: 41.178 Thread 0x00000215291e3ee0 4896       3       java.util.ArrayList::equalsArrayList (108 bytes)
Event: 41.306 Thread 0x00000215291e3ee0 nmethod 4896 0x0000021515a3fa10 code [0x0000021515a3fc20, 0x0000021515a40448]
Event: 41.309 Thread 0x00000215291e3ee0 4885       3       javafx.scene.Node$1::doProcessCSS (5 bytes)
Event: 41.311 Thread 0x00000215291e3ee0 nmethod 4885 0x0000021515a40790 code [0x0000021515a40940, 0x0000021515a40a88]
Event: 41.311 Thread 0x00000215291e3ee0 4886       3       javafx.scene.Node::doProcessCSS (55 bytes)
Event: 41.321 Thread 0x00000215291e3ee0 nmethod 4886 0x0000021515a40b90 code [0x0000021515a40d80, 0x0000021515a41428]
Event: 41.321 Thread 0x00000215291e3ee0 4893       3       javafx.scene.control.Labeled$StyleableProperties$1::getStyleableProperty (9 bytes)
Event: 41.373 Thread 0x00000215291e3ee0 nmethod 4893 0x0000021515a41610 code [0x0000021515a417e0, 0x0000021515a41ba8]
Event: 41.380 Thread 0x00000215291e3ee0 4911       3       com.sun.javafx.css.StyleCache$Key::equals (132 bytes)
Event: 41.405 Thread 0x00000215291e3ee0 nmethod 4911 0x0000021515a41d10 code [0x0000021515a41f20, 0x0000021515a42658]
Event: 41.454 Thread 0x00000215291e3ee0 4916       3       com.sun.javafx.text.PrismTextLayout::initCache (278 bytes)

GC Heap History (14 events):
Event: 1.276 GC heap before
{Heap before GC invocations=0 (full 0):
 garbage-first heap   total 63488K, used 22528K [0x00000000c2800000, 0x0000000100000000)
  region size 1024K, 23 young (23552K), 0 survivors (0K)
 Metaspace       used 4788K, committed 4928K, reserved 1114112K
  class space    used 565K, committed 640K, reserved 1048576K
}
Event: 1.284 GC heap after
{Heap after GC invocations=1 (full 0):
 garbage-first heap   total 63488K, used 3093K [0x00000000c2800000, 0x0000000100000000)
  region size 1024K, 3 young (3072K), 3 survivors (3072K)
 Metaspace       used 4788K, committed 4928K, reserved 1114112K
  class space    used 565K, committed 640K, reserved 1048576K
}
Event: 2.385 GC heap before
{Heap before GC invocations=1 (full 0):
 garbage-first heap   total 63488K, used 31765K [0x00000000c2800000, 0x0000000100000000)
  region size 1024K, 31 young (31744K), 3 survivors (3072K)
 Metaspace       used 13067K, committed 13312K, reserved 1114112K
  class space    used 1665K, committed 1792K, reserved 1048576K
}
Event: 2.411 GC heap after
{Heap after GC invocations=2 (full 0):
 garbage-first heap   total 63488K, used 9175K [0x00000000c2800000, 0x0000000100000000)
  region size 1024K, 4 young (4096K), 4 survivors (4096K)
 Metaspace       used 13067K, committed 13312K, reserved 1114112K
  class space    used 1665K, committed 1792K, reserved 1048576K
}
Event: 4.362 GC heap before
{Heap before GC invocations=2 (full 0):
 garbage-first heap   total 63488K, used 37847K [0x00000000c2800000, 0x0000000100000000)
  region size 1024K, 31 young (31744K), 4 survivors (4096K)
 Metaspace       used 20489K, committed 20800K, reserved 1114112K
  class space    used 2698K, committed 2880K, reserved 1048576K
}
Event: 4.367 GC heap after
{Heap after GC invocations=3 (full 0):
 garbage-first heap   total 63488K, used 12101K [0x00000000c2800000, 0x0000000100000000)
  region size 1024K, 2 young (2048K), 2 survivors (2048K)
 Metaspace       used 20489K, committed 20800K, reserved 1114112K
  class space    used 2698K, committed 2880K, reserved 1048576K
}
Event: 4.412 GC heap before
{Heap before GC invocations=3 (full 0):
 garbage-first heap   total 63488K, used 14149K [0x00000000c2800000, 0x0000000100000000)
  region size 1024K, 5 young (5120K), 2 survivors (2048K)
 Metaspace       used 21235K, committed 21504K, reserved 1114112K
  class space    used 2944K, committed 3072K, reserved 1048576K
}
Event: 4.415 GC heap after
{Heap after GC invocations=4 (full 0):
 garbage-first heap   total 63488K, used 12016K [0x00000000c2800000, 0x0000000100000000)
  region size 1024K, 2 young (2048K), 2 survivors (2048K)
 Metaspace       used 21235K, committed 21504K, reserved 1114112K
  class space    used 2944K, committed 3072K, reserved 1048576K
}
Event: 40.383 GC heap before
{Heap before GC invocations=5 (full 0):
 garbage-first heap   total 160768K, used 151280K [0x00000000c2800000, 0x0000000100000000)
  region size 1024K, 25 young (25600K), 2 survivors (2048K)
 Metaspace       used 26018K, committed 26304K, reserved 1114112K
  class space    used 3516K, committed 3648K, reserved 1048576K
}
Event: 40.397 GC heap after
{Heap after GC invocations=6 (full 0):
 garbage-first heap   total 160768K, used 132648K [0x00000000c2800000, 0x0000000100000000)
  region size 1024K, 4 young (4096K), 4 survivors (4096K)
 Metaspace       used 26018K, committed 26304K, reserved 1114112K
  class space    used 3516K, committed 3648K, reserved 1048576K
}
Event: 40.504 GC heap before
{Heap before GC invocations=6 (full 0):
 garbage-first heap   total 160768K, used 135720K [0x00000000c2800000, 0x0000000100000000)
  region size 1024K, 8 young (8192K), 4 survivors (4096K)
 Metaspace       used 26295K, committed 26560K, reserved 1114112K
  class space    used 3570K, committed 3712K, reserved 1048576K
}
Event: 40.509 GC heap after
{Heap after GC invocations=7 (full 0):
 garbage-first heap   total 160768K, used 133465K [0x00000000c2800000, 0x0000000100000000)
  region size 1024K, 1 young (1024K), 1 survivors (1024K)
 Metaspace       used 26295K, committed 26560K, reserved 1114112K
  class space    used 3570K, committed 3712K, reserved 1048576K
}
Event: 41.186 GC heap before
{Heap before GC invocations=7 (full 0):
 garbage-first heap   total 160768K, used 138585K [0x00000000c2800000, 0x0000000100000000)
  region size 1024K, 7 young (7168K), 1 survivors (1024K)
 Metaspace       used 26768K, committed 27136K, reserved 1114112K
  class space    used 3625K, committed 3840K, reserved 1048576K
}
Event: 41.264 GC heap after
{Heap after GC invocations=8 (full 0):
 garbage-first heap   total 160768K, used 134445K [0x00000000c2800000, 0x0000000100000000)
  region size 1024K, 1 young (1024K), 1 survivors (1024K)
 Metaspace       used 26768K, committed 27136K, reserved 1114112K
  class space    used 3625K, committed 3840K, reserved 1048576K
}

Dll operation events (3 events):
Event: 0.010 Loaded shared library C:\Users\39\.jdks\jbr-17.0.12-1\bin\java.dll
Event: 0.042 Loaded shared library C:\Users\39\.jdks\jbr-17.0.12-1\bin\jsvml.dll
Event: 38.888 Loaded shared library C:\Users\39\.jdks\jbr-17.0.12-1\bin\verify.dll

Deoptimization events (20 events):
Event: 40.669 Thread 0x000002156f3705a0 Uncommon trap: trap_request=0xffffff45 fr.pc=0x000002151cb47cbc relative=0x000000000000019c
Event: 40.669 Thread 0x000002156f3705a0 Uncommon trap: reason=unstable_if action=reinterpret pc=0x000002151cb47cbc method=java.lang.String.startsWith(Ljava/lang/String;I)Z @ 50 c2
Event: 40.669 Thread 0x000002156f3705a0 DEOPT PACKING pc=0x000002151cb47cbc sp=0x000000ee4b2fa020
Event: 40.669 Thread 0x000002156f3705a0 DEOPT UNPACKING pc=0x000002151c5c69a3 sp=0x000000ee4b2f9f98 mode 2
Event: 40.691 Thread 0x000002156f3705a0 Uncommon trap: trap_request=0xffffff45 fr.pc=0x000002151cca5a34 relative=0x0000000000001114
Event: 40.691 Thread 0x000002156f3705a0 Uncommon trap: reason=unstable_if action=reinterpret pc=0x000002151cca5a34 method=java.util.concurrent.ConcurrentHashMap.putVal(Ljava/lang/Object;Ljava/lang/Object;Z)Ljava/lang/Object; @ 231 c2
Event: 40.691 Thread 0x000002156f3705a0 DEOPT PACKING pc=0x000002151cca5a34 sp=0x000000ee4b2f91e0
Event: 40.691 Thread 0x000002156f3705a0 DEOPT UNPACKING pc=0x000002151c5c69a3 sp=0x000000ee4b2f9150 mode 2
Event: 40.701 Thread 0x000002156f3705a0 Uncommon trap: trap_request=0xffffff45 fr.pc=0x000002151cc952a0 relative=0x0000000000000060
Event: 40.701 Thread 0x000002156f3705a0 Uncommon trap: reason=unstable_if action=reinterpret pc=0x000002151cc952a0 method=javafx.scene.Node$MiscProperties.getEffect()Ljavafx/scene/effect/Effect; @ 4 c2
Event: 40.701 Thread 0x000002156f3705a0 DEOPT PACKING pc=0x000002151cc952a0 sp=0x000000ee4b2fa770
Event: 40.701 Thread 0x000002156f3705a0 DEOPT UNPACKING pc=0x000002151c5c69a3 sp=0x000000ee4b2fa658 mode 2
Event: 40.721 Thread 0x00000215297b8460 Uncommon trap: trap_request=0xffffff45 fr.pc=0x000002151cc66484 relative=0x0000000000000224
Event: 40.721 Thread 0x00000215297b8460 Uncommon trap: reason=unstable_if action=reinterpret pc=0x000002151cc66484 method=java.lang.Math.round(D)J @ 48 c2
Event: 40.721 Thread 0x00000215297b8460 DEOPT PACKING pc=0x000002151cc66484 sp=0x000000ee4b0fc0d0
Event: 40.721 Thread 0x00000215297b8460 DEOPT UNPACKING pc=0x000002151c5c69a3 sp=0x000000ee4b0fbee0 mode 2
Event: 40.721 Thread 0x00000215297b8460 Uncommon trap: trap_request=0xffffff45 fr.pc=0x000002151cc561e0 relative=0x00000000000000c0
Event: 40.721 Thread 0x00000215297b8460 Uncommon trap: reason=unstable_if action=reinterpret pc=0x000002151cc561e0 method=java.lang.Math.round(D)J @ 48 c2
Event: 40.721 Thread 0x00000215297b8460 DEOPT PACKING pc=0x000002151cc561e0 sp=0x000000ee4b0fbfb0
Event: 40.721 Thread 0x00000215297b8460 DEOPT UNPACKING pc=0x000002151c5c69a3 sp=0x000000ee4b0fbf00 mode 2

Classes loaded (20 events):
Event: 40.693 Loading class sun/text/resources/BreakIteratorInfo
Event: 40.693 Loading class sun/text/resources/BreakIteratorInfo done
Event: 40.694 Loading class sun/text/resources/BreakIteratorResources
Event: 40.694 Loading class sun/util/resources/BreakIteratorResourceBundle
Event: 40.694 Loading class sun/util/resources/BreakIteratorResourceBundle done
Event: 40.694 Loading class sun/text/resources/BreakIteratorResources done
Event: 40.695 Loading class sun/text/RuleBasedBreakIterator
Event: 40.696 Loading class sun/text/RuleBasedBreakIterator done
Event: 40.696 Loading class sun/text/CompactByteArray
Event: 40.696 Loading class sun/text/CompactByteArray done
Event: 40.696 Loading class sun/text/SupplementaryCharacterData
Event: 40.697 Loading class sun/text/SupplementaryCharacterData done
Event: 40.697 Loading class java/text/BreakIterator$BreakIteratorCache
Event: 40.697 Loading class java/text/BreakIterator$BreakIteratorCache done
Event: 40.697 Loading class java/text/StringCharacterIterator
Event: 40.697 Loading class java/text/StringCharacterIterator done
Event: 41.054 Loading class java/lang/Throwable$WrappedPrintStream
Event: 41.060 Loading class java/lang/Throwable$PrintStreamOrWriter
Event: 41.061 Loading class java/lang/Throwable$PrintStreamOrWriter done
Event: 41.065 Loading class java/lang/Throwable$WrappedPrintStream done

Classes unloaded (0 events):
No events

Classes redefined (0 events):
No events

Internal exceptions (20 events):
Event: 4.384 Thread 0x000002156f3705a0 Exception <a 'java/lang/IncompatibleClassChangeError'{0x00000000c65f80e0}: Found class java.lang.Object, but interface was expected> (0x00000000c65f80e0) 
thrown [s\src\hotspot\share\interpreter\linkResolver.cpp, line 838]
Event: 4.387 Thread 0x000002156f3705a0 Implicit null exception at 0x000002151cb7080f to 0x000002151cb70889
Event: 4.520 Thread 0x000002156f3705a0 Exception <a 'java/lang/NoSuchMethodError'{0x00000000c51ab4b8}: 'java.lang.Object java.lang.invoke.DirectMethodHandle$Holder.newInvokeSpecial(java.lang.Object, java.lang.Object, int)'> (0x00000000c51ab4b8) 
thrown [s\src\hotspot\share\interpreter\linkResolver.cpp, line 771]
Event: 4.721 Thread 0x00000215297b8460 Exception <a 'java/lang/NoSuchMethodError'{0x00000000c50dfcc0}: 'int java.lang.invoke.DirectMethodHandle$Holder.invokeStaticInit(java.lang.Object, java.lang.Object)'> (0x00000000c50dfcc0) 
thrown [s\src\hotspot\share\interpreter\linkResolver.cpp, line 771]
Event: 4.728 Thread 0x000002156f3705a0 Exception <a 'java/lang/NoSuchMethodError'{0x00000000c50c0058}: 'long java.lang.invoke.DirectMethodHandle$Holder.invokeStatic(java.lang.Object, java.lang.Object, java.lang.Object)'> (0x00000000c50c0058) 
thrown [s\src\hotspot\share\interpreter\linkResolver.cpp, line 771]
Event: 4.728 Thread 0x000002156f3705a0 Exception <a 'java/lang/NoSuchMethodError'{0x00000000c50c3800}: 'long java.lang.invoke.DirectMethodHandle$Holder.invokeStaticInit(java.lang.Object, java.lang.Object, java.lang.Object)'> (0x00000000c50c3800) 
thrown [s\src\hotspot\share\interpreter\linkResolver.cpp, line 771]
Event: 4.736 Thread 0x000002156f3705a0 Exception <a 'java/lang/NoSuchMethodError'{0x00000000c4f66c80}: 'java.lang.Object java.lang.invoke.DirectMethodHandle$Holder.newInvokeSpecial(java.lang.Object, java.lang.Object, long)'> (0x00000000c4f66c80) 
thrown [s\src\hotspot\share\interpreter\linkResolver.cpp, line 771]
Event: 4.738 Thread 0x000002156f3705a0 Exception <a 'java/lang/NoSuchMethodError'{0x00000000c4f6a7f0}: 'java.lang.Object java.lang.invoke.Invokers$Holder.linkToTargetMethod(java.lang.Object, long, java.lang.Object)'> (0x00000000c4f6a7f0) 
thrown [s\src\hotspot\share\interpreter\linkResolver.cpp, line 771]
Event: 4.966 Thread 0x00000215297b8460 Exception <a 'java/lang/NoSuchMethodError'{0x00000000c4c90980}: 'java.lang.Object java.lang.invoke.DirectMethodHandle$Holder.invokeStaticInit(java.lang.Object, int)'> (0x00000000c4c90980) 
thrown [s\src\hotspot\share\interpreter\linkResolver.cpp, line 771]
Event: 27.936 Thread 0x00000215297b8460 Implicit null exception at 0x000002151cc67ee0 to 0x000002151cc686a4
Event: 40.159 Thread 0x000002156f3705a0 Exception <a 'java/lang/NoSuchMethodError'{0x00000000c44f0ea8}: 'java.lang.Object java.lang.invoke.DirectMethodHandle$Holder.invokeStaticInit(java.lang.Object, java.lang.Object, java.lang.Object)'> (0x00000000c44f0ea8) 
thrown [s\src\hotspot\share\interpreter\linkResolver.cpp, line 771]
Event: 40.168 Thread 0x000002156f7b5f60 Implicit null exception at 0x000002151cbbd175 to 0x000002151cbbd798
Event: 40.168 Thread 0x000002156f7b5f60 Implicit null exception at 0x000002151cba33f2 to 0x000002151cba39fc
Event: 40.173 Thread 0x000002156f7b5f60 Exception <a 'java/lang/NoSuchMethodError'{0x00000000c43af888}: 'void java.lang.invoke.DirectMethodHandle$Holder.invokeSpecial(java.lang.Object, java.lang.Object, int, int)'> (0x00000000c43af888) 
thrown [s\src\hotspot\share\interpreter\linkResolver.cpp, line 771]
Event: 40.173 Thread 0x000002156f7b5f60 Exception <a 'java/lang/NoSuchMethodError'{0x00000000c43b5dd0}: 'java.lang.Object java.lang.invoke.DirectMethodHandle$Holder.newInvokeSpecial(java.lang.Object, java.lang.Object, int, int)'> (0x00000000c43b5dd0) 
thrown [s\src\hotspot\share\interpreter\linkResolver.cpp, line 771]
Event: 40.175 Thread 0x000002156f3705a0 Exception <a 'java/lang/NoSuchMethodError'{0x00000000c43387d0}: 'java.lang.Object java.lang.invoke.DirectMethodHandle$Holder.invokeSpecial(java.lang.Object, java.lang.Object, int, java.lang.Object, java.lang.Object)'> (0x00000000c43387d0) 
thrown [s\src\hotspot\share\interpreter\linkResolver.cpp, line 771]
Event: 40.292 Thread 0x000002156f3705a0 Implicit null exception at 0x000002151cc7e250 to 0x000002151cc7e2b4
Event: 40.491 Thread 0x000002156f3705a0 Exception <a 'java/io/FileNotFoundException'{0x00000000c61be0c8}> (0x00000000c61be0c8) 
thrown [s\src\hotspot\share\prims\jni.cpp, line 531]
Event: 41.042 Thread 0x00000215297b8460 Implicit null exception at 0x000002151578a506 to 0x000002151578aec3
Event: 41.047 Thread 0x00000215297b8460 Exception <a 'java/lang/NullPointerException'{0x00000000c500db58}> (0x00000000c500db58) 
thrown [s\src\hotspot\share\runtime\sharedRuntime.cpp, line 631]

VM Operations (20 events):
Event: 40.162 Executing VM operation: HandshakeAllThreads done
Event: 40.175 Executing VM operation: HandshakeAllThreads
Event: 40.175 Executing VM operation: HandshakeAllThreads done
Event: 40.198 Executing VM operation: HandshakeAllThreads
Event: 40.198 Executing VM operation: HandshakeAllThreads done
Event: 40.198 Executing VM operation: HandshakeAllThreads
Event: 40.198 Executing VM operation: HandshakeAllThreads done
Event: 40.380 Executing VM operation: G1CollectForAllocation
Event: 40.380 Executing VM operation: G1CollectForAllocation done
Event: 40.380 Executing VM operation: G1CollectForAllocation
Event: 40.397 Executing VM operation: G1CollectForAllocation done
Event: 40.426 Executing VM operation: HandshakeAllThreads
Event: 40.426 Executing VM operation: HandshakeAllThreads done
Event: 40.504 Executing VM operation: G1CollectForAllocation
Event: 40.504 Executing VM operation: G1CollectForAllocation done
Event: 40.504 Executing VM operation: G1CollectForAllocation
Event: 40.509 Executing VM operation: G1CollectForAllocation done
Event: 41.178 Executing VM operation: G1CollectForAllocation
Event: 41.267 Executing VM operation: G1CollectForAllocation done
Event: 41.465 Executing VM operation: G1PauseRemark

Events (20 events):
Event: 1.011 Loaded shared library C:\Users\39\.openjfx\cache\21.0.2+5\amd64\glass.dll
Event: 1.017 Thread 0x000002156f35e470 Thread added: 0x000002156f35e470
Event: 1.024 Thread 0x000002156f3705a0 Thread added: 0x000002156f3705a0
Event: 1.166 Thread 0x000002156f52e670 Thread added: 0x000002156f52e670
Event: 1.179 Thread 0x000002156f5cc010 Thread added: 0x000002156f5cc010
Event: 1.223 Loaded shared library C:\Users\39\.jdks\jbr-17.0.12-1\bin\jimage.dll
Event: 1.458 Thread 0x000002156f7b3bf0 Thread added: 0x000002156f7b3bf0
Event: 1.767 Loaded shared library C:\Users\39\.jdks\jbr-17.0.12-1\bin\extnet.dll
Event: 2.192 Loaded shared library C:\Users\39\.openjfx\cache\21.0.2+5\amd64\javafx_font.dll
Event: 2.920 Thread 0x000002156f7b5030 Thread added: 0x000002156f7b5030
Event: 2.995 Loaded shared library C:\Users\39\.jdks\jbr-17.0.12-1\bin\awt.dll
Event: 3.087 Thread 0x000002156f7b6470 Thread added: 0x000002156f7b6470
Event: 3.116 Loaded shared library C:\Users\39\.jdks\jbr-17.0.12-1\bin\freetype.dll
Event: 3.120 Loaded shared library C:\Users\39\.jdks\jbr-17.0.12-1\bin\fontmanager.dll
Event: 3.895 Thread 0x000002156f7b36e0 Thread added: 0x000002156f7b36e0
Event: 3.897 Thread 0x000002156f7b4610 Thread added: 0x000002156f7b4610
Event: 4.820 Thread 0x000002156f7b31d0 Thread added: 0x000002156f7b31d0
Event: 4.912 Thread 0x000002156f7b36e0 Thread exited: 0x000002156f7b36e0
Event: 39.637 Loaded shared library C:\Users\39\.openjfx\cache\21.0.2+5\amd64\javafx_iio.dll
Event: 40.163 Thread 0x000002156f7b5f60 Thread added: 0x000002156f7b5f60


Dynamic libraries:
0x00007ff7bc720000 - 0x00007ff7bc72a000 	C:\Users\39\.jdks\jbr-17.0.12-1\bin\java.exe
0x00007ffbec690000 - 0x00007ffbec888000 	C:\Windows\SYSTEM32\ntdll.dll
0x00007ffbec4d0000 - 0x00007ffbec592000 	C:\Windows\System32\KERNEL32.DLL
0x00007ffbe9dd0000 - 0x00007ffbea0cf000 	C:\Windows\System32\KERNELBASE.dll
0x00007ffbea330000 - 0x00007ffbea430000 	C:\Windows\System32\ucrtbase.dll
0x00007ffbcc8c0000 - 0x00007ffbcc8d7000 	C:\Users\39\.jdks\jbr-17.0.12-1\bin\jli.dll
0x00007ffbc9210000 - 0x00007ffbc922b000 	C:\Users\39\.jdks\jbr-17.0.12-1\bin\VCRUNTIME140.dll
0x00007ffbebf40000 - 0x00007ffbec0dd000 	C:\Windows\System32\USER32.dll
0x00007ffbea680000 - 0x00007ffbea6a2000 	C:\Windows\System32\win32u.dll
0x00007ffbea720000 - 0x00007ffbea74b000 	C:\Windows\System32\GDI32.dll
0x00007ffbd6c00000 - 0x00007ffbd6e9a000 	C:\Windows\WinSxS\amd64_microsoft.windows.common-controls_6595b64144ccf1df_6.0.19041.4355_none_60b8b9eb71f62e16\COMCTL32.dll
0x00007ffbea430000 - 0x00007ffbea54a000 	C:\Windows\System32\gdi32full.dll
0x00007ffbebaf0000 - 0x00007ffbebb8e000 	C:\Windows\System32\msvcrt.dll
0x00007ffbe9d30000 - 0x00007ffbe9dcd000 	C:\Windows\System32\msvcp_win.dll
0x00007ffbeaab0000 - 0x00007ffbeaadf000 	C:\Windows\System32\IMM32.DLL
0x00007ffbd04e0000 - 0x00007ffbd04ec000 	C:\Users\39\.jdks\jbr-17.0.12-1\bin\vcruntime140_1.dll
0x00007ffbbd5e0000 - 0x00007ffbbd66d000 	C:\Users\39\.jdks\jbr-17.0.12-1\bin\msvcp140.dll
0x00007ffb595f0000 - 0x00007ffb5a27a000 	C:\Users\39\.jdks\jbr-17.0.12-1\bin\server\jvm.dll
0x00007ffbec5a0000 - 0x00007ffbec64f000 	C:\Windows\System32\ADVAPI32.dll
0x00007ffbebd50000 - 0x00007ffbebdef000 	C:\Windows\System32\sechost.dll
0x00007ffbebdf0000 - 0x00007ffbebf13000 	C:\Windows\System32\RPCRT4.dll
0x00007ffbea550000 - 0x00007ffbea577000 	C:\Windows\System32\bcrypt.dll
0x00007ffbebb90000 - 0x00007ffbebbfb000 	C:\Windows\System32\WS2_32.dll
0x00007ffbe9a70000 - 0x00007ffbe9abb000 	C:\Windows\SYSTEM32\POWRPROF.dll
0x00007ffbd9750000 - 0x00007ffbd9777000 	C:\Windows\SYSTEM32\WINMM.dll
0x00007ffbe4350000 - 0x00007ffbe435a000 	C:\Windows\SYSTEM32\VERSION.dll
0x00007ffbe9a50000 - 0x00007ffbe9a62000 	C:\Windows\SYSTEM32\UMPDC.dll
0x00007ffbe7bb0000 - 0x00007ffbe7bc2000 	C:\Windows\SYSTEM32\kernel.appcore.dll
0x00007ffbcb800000 - 0x00007ffbcb80a000 	C:\Users\39\.jdks\jbr-17.0.12-1\bin\jimage.dll
0x00007ffbd8040000 - 0x00007ffbd8224000 	C:\Windows\SYSTEM32\DBGHELP.DLL
0x00007ffbd5720000 - 0x00007ffbd5754000 	C:\Windows\SYSTEM32\dbgcore.DLL
0x00007ffbea2a0000 - 0x00007ffbea322000 	C:\Windows\System32\bcryptPrimitives.dll
0x00007ffbc0a00000 - 0x00007ffbc0a25000 	C:\Users\39\.jdks\jbr-17.0.12-1\bin\java.dll
0x00007ffbbca00000 - 0x00007ffbbcad7000 	C:\Users\39\.jdks\jbr-17.0.12-1\bin\jsvml.dll
0x00007ffbeb370000 - 0x00007ffbebadd000 	C:\Windows\System32\SHELL32.dll
0x00007ffbe7db0000 - 0x00007ffbe8554000 	C:\Windows\SYSTEM32\windows.storage.dll
0x00007ffbea750000 - 0x00007ffbeaaa5000 	C:\Windows\System32\combase.dll
0x00007ffbe9690000 - 0x00007ffbe96bf000 	C:\Windows\SYSTEM32\Wldp.dll
0x00007ffbec250000 - 0x00007ffbec31d000 	C:\Windows\System32\OLEAUT32.dll
0x00007ffbeb2c0000 - 0x00007ffbeb36d000 	C:\Windows\System32\SHCORE.dll
0x00007ffbebc60000 - 0x00007ffbebcb5000 	C:\Windows\System32\shlwapi.dll
0x00007ffbe9c60000 - 0x00007ffbe9c84000 	C:\Windows\SYSTEM32\profapi.dll
0x00007ffbc8d80000 - 0x00007ffbc8d99000 	C:\Users\39\.jdks\jbr-17.0.12-1\bin\net.dll
0x00007ffbe0f60000 - 0x00007ffbe106a000 	C:\Windows\SYSTEM32\WINHTTP.dll
0x00007ffbe93f0000 - 0x00007ffbe945c000 	C:\Windows\system32\mswsock.dll
0x00007ffbc0aa0000 - 0x00007ffbc0ab6000 	C:\Users\39\.jdks\jbr-17.0.12-1\bin\nio.dll
0x00007ffbc09e0000 - 0x00007ffbc09f8000 	C:\Users\39\.jdks\jbr-17.0.12-1\bin\zip.dll
0x00000215117c0000 - 0x00000215117c3000 	C:\Users\39\.openjfx\cache\21.0.2+5\amd64\api-ms-win-core-console-l1-1-0.dll
0x00000215117d0000 - 0x00000215117d3000 	C:\Users\39\.openjfx\cache\21.0.2+5\amd64\api-ms-win-core-console-l1-2-0.dll
0x00000215117e0000 - 0x00000215117e3000 	C:\Users\39\.openjfx\cache\21.0.2+5\amd64\api-ms-win-core-datetime-l1-1-0.dll
0x00000215117f0000 - 0x00000215117f3000 	C:\Users\39\.openjfx\cache\21.0.2+5\amd64\api-ms-win-core-debug-l1-1-0.dll
0x0000021511800000 - 0x0000021511803000 	C:\Users\39\.openjfx\cache\21.0.2+5\amd64\api-ms-win-core-errorhandling-l1-1-0.dll
0x0000021511810000 - 0x0000021511814000 	C:\Users\39\.openjfx\cache\21.0.2+5\amd64\api-ms-win-core-file-l1-1-0.dll
0x00000215298e0000 - 0x00000215298e3000 	C:\Users\39\.openjfx\cache\21.0.2+5\amd64\api-ms-win-core-file-l1-2-0.dll
0x00000215298f0000 - 0x00000215298f3000 	C:\Users\39\.openjfx\cache\21.0.2+5\amd64\api-ms-win-core-file-l2-1-0.dll
0x0000021529900000 - 0x0000021529903000 	C:\Users\39\.openjfx\cache\21.0.2+5\amd64\api-ms-win-core-handle-l1-1-0.dll
0x0000021529910000 - 0x0000021529913000 	C:\Users\39\.openjfx\cache\21.0.2+5\amd64\api-ms-win-core-heap-l1-1-0.dll
0x0000021529920000 - 0x0000021529923000 	C:\Users\39\.openjfx\cache\21.0.2+5\amd64\api-ms-win-core-interlocked-l1-1-0.dll
0x0000021529930000 - 0x0000021529933000 	C:\Users\39\.openjfx\cache\21.0.2+5\amd64\api-ms-win-core-libraryloader-l1-1-0.dll
0x0000021529940000 - 0x0000021529943000 	C:\Users\39\.openjfx\cache\21.0.2+5\amd64\api-ms-win-core-localization-l1-2-0.dll
0x0000021529950000 - 0x0000021529953000 	C:\Users\39\.openjfx\cache\21.0.2+5\amd64\api-ms-win-core-memory-l1-1-0.dll
0x0000021529960000 - 0x0000021529963000 	C:\Users\39\.openjfx\cache\21.0.2+5\amd64\api-ms-win-core-namedpipe-l1-1-0.dll
0x0000021529970000 - 0x0000021529973000 	C:\Users\39\.openjfx\cache\21.0.2+5\amd64\api-ms-win-core-processenvironment-l1-1-0.dll
0x0000021529980000 - 0x0000021529983000 	C:\Users\39\.openjfx\cache\21.0.2+5\amd64\api-ms-win-core-processthreads-l1-1-0.dll
0x0000021529990000 - 0x0000021529993000 	C:\Users\39\.openjfx\cache\21.0.2+5\amd64\api-ms-win-core-processthreads-l1-1-1.dll
0x00000215299a0000 - 0x00000215299a3000 	C:\Users\39\.openjfx\cache\21.0.2+5\amd64\api-ms-win-core-profile-l1-1-0.dll
0x00000215299b0000 - 0x00000215299b3000 	C:\Users\39\.openjfx\cache\21.0.2+5\amd64\api-ms-win-core-rtlsupport-l1-1-0.dll
0x00000215299c0000 - 0x00000215299c3000 	C:\Users\39\.openjfx\cache\21.0.2+5\amd64\api-ms-win-core-string-l1-1-0.dll
0x00000215299d0000 - 0x00000215299d3000 	C:\Users\39\.openjfx\cache\21.0.2+5\amd64\api-ms-win-core-synch-l1-1-0.dll
0x00000215299e0000 - 0x00000215299e3000 	C:\Users\39\.openjfx\cache\21.0.2+5\amd64\api-ms-win-core-synch-l1-2-0.dll
0x00000215299f0000 - 0x00000215299f3000 	C:\Users\39\.openjfx\cache\21.0.2+5\amd64\api-ms-win-core-sysinfo-l1-1-0.dll
0x0000021529a00000 - 0x0000021529a03000 	C:\Users\39\.openjfx\cache\21.0.2+5\amd64\api-ms-win-core-timezone-l1-1-0.dll
0x0000021529a10000 - 0x0000021529a13000 	C:\Users\39\.openjfx\cache\21.0.2+5\amd64\api-ms-win-core-util-l1-1-0.dll
0x0000021529a20000 - 0x0000021529a23000 	C:\Users\39\.openjfx\cache\21.0.2+5\amd64\api-ms-win-crt-conio-l1-1-0.dll
0x0000021529a30000 - 0x0000021529a34000 	C:\Users\39\.openjfx\cache\21.0.2+5\amd64\api-ms-win-crt-convert-l1-1-0.dll
0x0000021529a40000 - 0x0000021529a43000 	C:\Users\39\.openjfx\cache\21.0.2+5\amd64\api-ms-win-crt-environment-l1-1-0.dll
0x0000021529a50000 - 0x0000021529a53000 	C:\Users\39\.openjfx\cache\21.0.2+5\amd64\api-ms-win-crt-filesystem-l1-1-0.dll
0x0000021529a60000 - 0x0000021529a63000 	C:\Users\39\.openjfx\cache\21.0.2+5\amd64\api-ms-win-crt-heap-l1-1-0.dll
0x0000021529a70000 - 0x0000021529a73000 	C:\Users\39\.openjfx\cache\21.0.2+5\amd64\api-ms-win-crt-locale-l1-1-0.dll
0x0000021529a80000 - 0x0000021529a85000 	C:\Users\39\.openjfx\cache\21.0.2+5\amd64\api-ms-win-crt-math-l1-1-0.dll
0x0000021529a90000 - 0x0000021529a95000 	C:\Users\39\.openjfx\cache\21.0.2+5\amd64\api-ms-win-crt-multibyte-l1-1-0.dll
0x0000021529aa0000 - 0x0000021529ab0000 	C:\Users\39\.openjfx\cache\21.0.2+5\amd64\api-ms-win-crt-private-l1-1-0.dll
0x0000021529ab0000 - 0x0000021529ab3000 	C:\Users\39\.openjfx\cache\21.0.2+5\amd64\api-ms-win-crt-process-l1-1-0.dll
0x0000021529ac0000 - 0x0000021529ac4000 	C:\Users\39\.openjfx\cache\21.0.2+5\amd64\api-ms-win-crt-runtime-l1-1-0.dll
0x0000021529ad0000 - 0x0000021529ad4000 	C:\Users\39\.openjfx\cache\21.0.2+5\amd64\api-ms-win-crt-stdio-l1-1-0.dll
0x0000021529ae0000 - 0x0000021529ae4000 	C:\Users\39\.openjfx\cache\21.0.2+5\amd64\api-ms-win-crt-string-l1-1-0.dll
0x0000021529af0000 - 0x0000021529af3000 	C:\Users\39\.openjfx\cache\21.0.2+5\amd64\api-ms-win-crt-time-l1-1-0.dll
0x0000021529b00000 - 0x0000021529b03000 	C:\Users\39\.openjfx\cache\21.0.2+5\amd64\api-ms-win-crt-utility-l1-1-0.dll
0x00007ffbbc880000 - 0x00007ffbbc97c000 	C:\Users\39\.openjfx\cache\21.0.2+5\amd64\ucrtbase.dll
0x00007ffbc00b0000 - 0x00007ffbc00cb000 	C:\Users\39\.openjfx\cache\21.0.2+5\amd64\vcruntime140.dll
0x00007ffbcb7d0000 - 0x00007ffbcb7dc000 	C:\Users\39\.openjfx\cache\21.0.2+5\amd64\vcruntime140_1.dll
0x00007ffbbcc10000 - 0x00007ffbbcc9e000 	C:\Users\39\.openjfx\cache\21.0.2+5\amd64\msvcp140.dll
0x00007ffbcb5b0000 - 0x00007ffbcb5b9000 	C:\Users\39\.openjfx\cache\21.0.2+5\amd64\msvcp140_1.dll
0x00007ffbbe240000 - 0x00007ffbbe281000 	C:\Users\39\.openjfx\cache\21.0.2+5\amd64\msvcp140_2.dll
0x00007ffbc0080000 - 0x00007ffbc00b0000 	C:\Users\39\.openjfx\cache\21.0.2+5\amd64\prism_d3d.dll
0x00007ffbda3a0000 - 0x00007ffbda571000 	C:\Windows\system32\d3d9.dll
0x00007ffbe78b0000 - 0x00007ffbe78df000 	C:\Windows\SYSTEM32\dwmapi.dll
0x00007ffbe7680000 - 0x00007ffbe771e000 	C:\Windows\system32\uxtheme.dll
0x00007ffbbc680000 - 0x00007ffbbc7e5000 	C:\Windows\System32\DriverStore\FileRepository\iigd_dch.inf_amd64_4b31d9b38e2bb506\igdumdim64.dll
0x00007ffbeafc0000 - 0x00007ffbeb0eb000 	C:\Windows\System32\ole32.dll
0x00007ffb5aa00000 - 0x00007ffb5e68b000 	C:\Windows\System32\DriverStore\FileRepository\iigd_dch.inf_amd64_4b31d9b38e2bb506\igd9dxva64.dll
0x00007ffbeab40000 - 0x00007ffbeafb1000 	C:\Windows\System32\SETUPAPI.dll
0x00007ffbea630000 - 0x00007ffbea67e000 	C:\Windows\System32\cfgmgr32.dll
0x00007ffbdd470000 - 0x00007ffbdd7a6000 	C:\Windows\System32\DriverStore\FileRepository\iigd_dch.inf_amd64_4b31d9b38e2bb506\igdgmm64.dll
0x00007ffbbd590000 - 0x00007ffbbd5d2000 	C:\Users\39\.openjfx\cache\21.0.2+5\amd64\glass.dll
0x00007ffbec170000 - 0x00007ffbec24a000 	C:\Windows\System32\COMDLG32.dll
0x00007ffbeb1a0000 - 0x00007ffbeb2b5000 	C:\Windows\System32\MSCTF.dll
0x00007ffb98ff0000 - 0x00007ffb99017000 	C:\Windows\System32\DriverStore\FileRepository\iigd_dch.inf_amd64_4b31d9b38e2bb506\igdinfo64.dll
0x00007ffbe95f0000 - 0x00007ffbe9608000 	C:\Windows\SYSTEM32\CRYPTSP.dll
0x00007ffbe8d10000 - 0x00007ffbe8d44000 	C:\Windows\system32\rsaenh.dll
0x00007ffbe95e0000 - 0x00007ffbe95ec000 	C:\Windows\SYSTEM32\CRYPTBASE.dll
0x00007ffbda6e0000 - 0x00007ffbdd46f000 	C:\Windows\System32\DriverStore\FileRepository\iigd_dch.inf_amd64_4b31d9b38e2bb506\igc64.dll
0x00007ffbdf240000 - 0x00007ffbdf27b000 	C:\Windows\SYSTEM32\dxcore.dll
0x00007ffbe9110000 - 0x00007ffbe91da000 	C:\Windows\SYSTEM32\DNSAPI.dll
0x00007ffbe90d0000 - 0x00007ffbe910b000 	C:\Windows\SYSTEM32\IPHLPAPI.DLL
0x00007ffbebae0000 - 0x00007ffbebae8000 	C:\Windows\System32\NSI.dll
0x00007ffbe1bf0000 - 0x00007ffbe1bfa000 	C:\Windows\System32\rasadhlp.dll
0x00007ffbdd7b0000 - 0x00007ffbdd830000 	C:\Windows\System32\fwpuclnt.dll
0x00007ffbc8ca0000 - 0x00007ffbc8ca9000 	C:\Users\39\.jdks\jbr-17.0.12-1\bin\extnet.dll
0x00007ffbbd540000 - 0x00007ffbbd554000 	C:\Users\39\.openjfx\cache\21.0.2+5\amd64\javafx_font.dll
0x00007ffbceb60000 - 0x00007ffbceddf000 	C:\Windows\SYSTEM32\dwrite.dll
0x00007ffbbabb0000 - 0x00007ffbbad4a000 	C:\Users\39\.jdks\jbr-17.0.12-1\bin\awt.dll
0x00007ffbbd450000 - 0x00007ffbbd494000 	C:\Users\39\.jdks\jbr-17.0.12-1\bin\nvdaControllerClient64.dll
0x00007ffbe5200000 - 0x00007ffbe5294000 	C:\Windows\SYSTEM32\apphelp.dll
0x00007ffbbc7f0000 - 0x00007ffbbc877000 	C:\Users\39\.jdks\jbr-17.0.12-1\bin\freetype.dll
0x00007ffbbaac0000 - 0x00007ffbbaba5000 	C:\Users\39\.jdks\jbr-17.0.12-1\bin\fontmanager.dll
0x00007ffbeb0f0000 - 0x00007ffbeb199000 	C:\Windows\System32\clbcatq.dll
0x00007ffbe7440000 - 0x00007ffbe75f4000 	C:\Windows\SYSTEM32\WindowsCodecs.dll

dbghelp: loaded successfully - version: 4.0.5 - missing functions: none
symbol engine: initialized successfully - sym options: 0x614 - pdb path: .;C:\Users\39\.jdks\jbr-17.0.12-1\bin;C:\Windows\SYSTEM32;C:\Windows\WinSxS\amd64_microsoft.windows.common-controls_6595b64144ccf1df_6.0.19041.4355_none_60b8b9eb71f62e16;C:\Users\39\.jdks\jbr-17.0.12-1\bin\server;C:\Users\39\.openjfx\cache\21.0.2+5\amd64;C:\Windows\System32\DriverStore\FileRepository\iigd_dch.inf_amd64_4b31d9b38e2bb506;C:\Program Files\Common Files\Microsoft Shared\Ink

VM Arguments:
jvm_args: --module-path=C:\Users\39\.m2\repository\org\openjfx\javafx-base\21.0.2\javafx-base-21.0.2-win.jar;C:\Users\39\.m2\repository\org\openjfx\javafx-base\21.0.2\javafx-base-21.0.2.jar;C:\Users\39\.m2\repository\org\openjfx\javafx-controls\21.0.2\javafx-controls-21.0.2-win.jar;C:\Users\39\.m2\repository\org\openjfx\javafx-controls\21.0.2\javafx-controls-21.0.2.jar;C:\Users\39\.m2\repository\org\openjfx\javafx-fxml\21.0.2\javafx-fxml-21.0.2-win.jar;C:\Users\39\.m2\repository\org\openjfx\javafx-fxml\21.0.2\javafx-fxml-21.0.2.jar;C:\Users\39\.m2\repository\org\openjfx\javafx-graphics\21.0.2\javafx-graphics-21.0.2-win.jar;C:\Users\39\.m2\repository\org\openjfx\javafx-graphics\21.0.2\javafx-graphics-21.0.2.jar;C:\Users\39\.m2\repository\org\openjfx\javafx-media\21.0.2\javafx-media-21.0.2-win.jar;C:\Users\39\.m2\repository\org\openjfx\javafx-media\21.0.2\javafx-media-21.0.2.jar;C:\Users\39\.m2\repository\org\openjfx\javafx-swing\21.0.2\javafx-swing-21.0.2-win.jar;C:\Users\39\.m2\repository\org\openjfx\javafx-swing\21.0.2\javafx-swing-21.0.2.jar;C:\Users\39\.m2\repository\org\openjfx\javafx-web\21.0.2\javafx-web-21.0.2-win.jar;C:\Users\39\.m2\repository\org\openjfx\javafx-web\21.0.2\javafx-web-21.0.2.jar --add-modules=javafx.base,javafx.controls,javafx.fxml,javafx.graphics,javafx.media,javafx.swing,javafx.web 
java_command: org.gymify.tests.MainApp
java_class_path (initial): C:\Users\39\Documents\GitHub\DevAthletes\DevAthletes\gymify\target\classes;C:\Users\39\.m2\repository\com\fasterxml\jackson\core\jackson-annotations\2.15.2\jackson-annotations-2.15.2.jar;C:\Users\39\.m2\repository\com\fasterxml\jackson\core\jackson-core\2.13.3\jackson-core-2.13.3.jar;C:\Users\39\.m2\repository\com\fasterxml\jackson\core\jackson-databind\2.15.2\jackson-databind-2.15.2.jar;C:\Users\39\.m2\repository\com\fasterxml\woodstox\woodstox-core\5.1.0\woodstox-core-5.1.0.jar;C:\Users\39\.m2\repository\com\google\api-client\google-api-client\2.0.0\google-api-client-2.0.0.jar;C:\Users\39\.m2\repository\com\google\apis\google-api-services-calendar\v3-rev20220715-2.0.0\google-api-services-calendar-v3-rev20220715-2.0.0.jar;C:\Users\39\.m2\repository\com\google\code\findbugs\jsr305\3.0.2\jsr305-3.0.2.jar;C:\Users\39\.m2\repository\com\google\code\gson\gson\2.9.0\gson-2.9.0.jar;C:\Users\39\.m2\repository\com\google\errorprone\error_prone_annotations\2.11.0\error_prone_annotations-2.11.0.jar;C:\Users\39\.m2\repository\com\google\guava\failureaccess\1.0.1\failureaccess-1.0.1.jar;C:\Users\39\.m2\repository\com\google\guava\guava\31.1-jre\guava-31.1-jre.jar;C:\Users\39\.m2\repository\com\google\guava\listenablefuture\9999.0-empty-to-avoid-conflict-with-guava\listenablefuture-9999.0-empty-to-avoid-conflict-with-guava.jar;C:\Users\39\.m2\repository\com\google\http-client\google-http-client\1.42.0\google-http-client-1.42.0.jar;C:\Users\39\.m2\repository\com\google\http-client\google-http-client-apache-v2\1.42.1\google-http-client-apache-v2-1.42.1.jar;C:\Users\39\.m2\repository\com\google\http-client\google-http-client-gson\1.42.1\google-http-client-gson-1.42.1.jar;C:\Users\39\.m2\repository\com\google\http-client\google-http-client-jackson2\1.42.0\google-http-client-jackson2-1.42.0.jar;C:\Users\39\.m2\repository\com\google\j2objc\j2objc-annotations\1.3\j2objc-annotations-1.3.jar;C:\Users\39\.m2\repository\com\google\oauth-client\google-oauth-clie
Launcher Type: SUN_STANDARD

[Global flags]
     intx CICompilerCount                          = 4                                         {product} {ergonomic}
     uint ConcGCThreads                            = 2                                         {product} {ergonomic}
     uint G1ConcRefinementThreads                  = 8                                         {product} {ergonomic}
   size_t G1HeapRegionSize                         = 1048576                                   {product} {ergonomic}
    uintx GCDrainStackTargetSize                   = 64                                        {product} {ergonomic}
   size_t InitialHeapSize                          = 65011712                                  {product} {ergonomic}
   size_t MarkStackSize                            = 4194304                                   {product} {ergonomic}
   size_t MaxHeapSize                              = 1031798784                                {product} {ergonomic}
   size_t MaxNewSize                               = 618659840                                 {product} {ergonomic}
   size_t MinHeapDeltaBytes                        = 1048576                                   {product} {ergonomic}
   size_t MinHeapSize                              = 8388608                                   {product} {ergonomic}
    uintx NonNMethodCodeHeapSize                   = 5839372                                {pd product} {ergonomic}
    uintx NonProfiledCodeHeapSize                  = 122909434                              {pd product} {ergonomic}
    uintx ProfiledCodeHeapSize                     = 122909434                              {pd product} {ergonomic}
    uintx ReservedCodeCacheSize                    = 251658240                              {pd product} {ergonomic}
     bool SegmentedCodeCache                       = true                                      {product} {ergonomic}
   size_t SoftMaxHeapSize                          = 1031798784                             {manageable} {ergonomic}
     bool UseCompressedClassPointers               = true                           {product lp64_product} {ergonomic}
     bool UseCompressedOops                        = true                           {product lp64_product} {ergonomic}
     bool UseG1GC                                  = true                                      {product} {ergonomic}
     bool UseLargePagesIndividualAllocation        = false                                  {pd product} {ergonomic}

Logging:
Log output configuration:
 #0: stdout all=warning uptime,level,tags
 #1: stderr all=off uptime,level,tags

Environment Variables:
PATH=C:\oraclexe\app\oracle\product\11.2.0\server\bin;C:\Users\39\.jdks\jbr-17.0.12-1\bin;C:\Program Files (x86)\VMware\VMware Workstation\bin\;C:\Users\39\.jdks\jbr-17.0.12\bin;C:\Windows\system32;C:\Windows;C:\Windows\System32\Wbem;C:\Windows\System32\WindowsPowerShell\v1.0\;C:\Windows\System32\OpenSSH\;C:\xampp\php;C:\composer;C:\Program Files\Git\cmd;C:\Program Files (x86)\CodeBlocks\MinGW\bin;C:\Program Files (x86)\GnuWin32\bin;C:\Program Files\Apache\Maven\apache-maven-3.8.8\bin;C:\Users\39\scoop\shims;C:\Users\39\AppData\Local\Microsoft\WindowsApps;C:\Users\39\AppData\Roaming\Composer\vendor\bin;C:\Users\39\AppData\Local\Programs\Microsoft VS Code\bin;C:\Users\39\AppData\Local\GitHubDesktop\bin
USERNAME=39
OS=Windows_NT
PROCESSOR_IDENTIFIER=Intel64 Family 6 Model 142 Stepping 12, GenuineIntel
TMP=C:\Users\39\AppData\Local\Temp
TEMP=C:\Users\39\AppData\Local\Temp



Periodic native trim disabled

JNI global refs:
JNI global refs: 107, weak refs: 13

JNI global refs memory usage: 1475, weak refs: 841

Process memory usage:
Resident Set Size: 199608K (4% of 4024112K total physical memory with 134660K free physical memory)

OOME stack traces (most recent first):
Classloader memory used:
Loader jdk.internal.loader.ClassLoaders$AppClassLoader                                 : 2108K
Loader bootstrap                                                                       : 1182K
Loader jdk.internal.loader.ClassLoaders$PlatformClassLoader                            : 47910B
Loader jdk.internal.reflect.DelegatingClassLoader                                      : 8261B
Loader com.sun.javafx.reflect.MethodUtil                                               : 510B


---------------  S Y S T E M  ---------------

OS:
 Windows 10 , 64 bit Build 19041 (10.0.19041.5438)
OS uptime: 0 days 12:05 hours

CPU: total 8 (initial active 8) (4 cores per cpu, 2 threads per core) family 6 model 142 stepping 12 microcode 0xde, cx8, cmov, fxsr, ht, mmx, 3dnowpref, sse, sse2, sse3, ssse3, sse4.1, sse4.2, popcnt, lzcnt, tsc, tscinvbit, avx, avx2, aes, erms, clmul, bmi1, bmi2, adx, fma, vzeroupper, clflush, clflushopt
Processor Information for processor 0
  Max Mhz: 2112, Current Mhz: 1408, Mhz Limit: 1605
Processor Information for processor 1
  Max Mhz: 2112, Current Mhz: 1408, Mhz Limit: 1605
Processor Information for processor 2
  Max Mhz: 2112, Current Mhz: 1609, Mhz Limit: 1605
Processor Information for processor 3
  Max Mhz: 2112, Current Mhz: 1408, Mhz Limit: 1605
Processor Information for processor 4
  Max Mhz: 2112, Current Mhz: 1609, Mhz Limit: 1605
Processor Information for processor 5
  Max Mhz: 2112, Current Mhz: 1609, Mhz Limit: 1605
Processor Information for processor 6
  Max Mhz: 2112, Current Mhz: 1408, Mhz Limit: 1605
Processor Information for processor 7
  Max Mhz: 2112, Current Mhz: 1408, Mhz Limit: 1605

Memory: 4k page, system-wide physical 3929M (131M free)
TotalPageFile size 16217M (AvailPageFile size 3M)
current process WorkingSet (physical memory assigned to process): 194M, peak: 368M
current process commit charge ("private bytes"): 502M, peak: 512M

vm_info: OpenJDK 64-Bit Server VM (17.0.12+1-b1207.37) for windows-amd64 JRE (17.0.12+1-b1207.37), built on 2024-09-25 by "builduser" with MS VC++ 16.10 / 16.11 (VS2019)

END.
