#
# There is insufficient memory for the Java Runtime Environment to continue.
# Native memory allocation (malloc) failed to allocate 131088 bytes. Error detail: Chunk::new
# Possible reasons:
#   The system is out of physical RAM or swap space
#   This process is running with CompressedOops enabled, and the Java Heap may be blocking the growth of the native heap
# Possible solutions:
#   Reduce memory load on the system
#   Increase physical memory or swap space
#   Check if swap backing store is full
#   Decrease Java heap size (-Xmx/-Xms)
#   Decrease number of Java threads
#   Decrease Java thread stack sizes (-Xss)
#   Set larger code cache with -XX:ReservedCodeCacheSize=
#   JVM is running with Unscaled Compressed Oops mode in which the Java heap is
#     placed in the first 4GB address space. The Java Heap base address is the
#     maximum limit for the native heap growth. Please use -XX:HeapBaseMinAddress
#     to set the Java Heap base and to place the Java Heap above 4GB virtual address.
# This output file may be truncated or incomplete.
#
#  Out of Memory Error (arena.cpp:191), pid=8468, tid=3764
#
# JRE version: OpenJDK Runtime Environment JBR-17.0.12+1-1207.37-nomod (17.0.12+1) (build 17.0.12+1-b1207.37)
# Java VM: OpenJDK 64-Bit Server VM JBR-17.0.12+1-1207.37-nomod (17.0.12+1-b1207.37, mixed mode, sharing, tiered, compressed oops, compressed class ptrs, g1 gc, windows-amd64)
# No core dump will be written. Minidumps are not enabled by default on client versions of Windows
#

---------------  S U M M A R Y ------------

Command Line: --module-path=C:\Users\39\.m2\repository\org\openjfx\javafx-base\21.0.2\javafx-base-21.0.2-win.jar;C:\Users\39\.m2\repository\org\openjfx\javafx-base\21.0.2\javafx-base-21.0.2.jar;C:\Users\39\.m2\repository\org\openjfx\javafx-controls\21.0.2\javafx-controls-21.0.2-win.jar;C:\Users\39\.m2\repository\org\openjfx\javafx-controls\21.0.2\javafx-controls-21.0.2.jar;C:\Users\39\.m2\repository\org\openjfx\javafx-fxml\21.0.2\javafx-fxml-21.0.2-win.jar;C:\Users\39\.m2\repository\org\openjfx\javafx-fxml\21.0.2\javafx-fxml-21.0.2.jar;C:\Users\39\.m2\repository\org\openjfx\javafx-graphics\21.0.2\javafx-graphics-21.0.2-win.jar;C:\Users\39\.m2\repository\org\openjfx\javafx-graphics\21.0.2\javafx-graphics-21.0.2.jar;C:\Users\39\.m2\repository\org\openjfx\javafx-media\21.0.2\javafx-media-21.0.2-win.jar;C:\Users\39\.m2\repository\org\openjfx\javafx-media\21.0.2\javafx-media-21.0.2.jar;C:\Users\39\.m2\repository\org\openjfx\javafx-web\21.0.2\javafx-web-21.0.2-win.jar;C:\Users\39\.m2\repository\org\openjfx\javafx-web\21.0.2\javafx-web-21.0.2.jar --add-modules=javafx.base,javafx.controls,javafx.fxml,javafx.graphics,javafx.media,javafx.web org.gymify.tests.MainApp

Host: Intel(R) Core(TM) i5-10210U CPU @ 1.60GHz, 8 cores, 3G,  Windows 10 , 64 bit Build 19041 (10.0.19041.5438)
Time: Sun Mar  2 17:18:24 2025 Paris, Madrid elapsed time: 5.903426 seconds (0d 0h 0m 5s)

---------------  T H R E A D  ---------------

Current thread (0x0000025b6bfb5df0):  JavaThread "C2 CompilerThread0" daemon [_thread_in_native, id=3764, stack(0x000000ae10a00000,0x000000ae10b00000)]


Current CompileTask:
C2:   5903 2214       4       java.lang.invoke.MethodType::makeImpl (109 bytes)

Stack: [0x000000ae10a00000,0x000000ae10b00000]
Native frames: (J=compiled Java code, j=interpreted, Vv=VM code, C=native code)
V  [jvm.dll+0x689d89]


---------------  P R O C E S S  ---------------

Threads class SMR info:
_java_thread_list=0x0000025b7623c660, length=20, elements={
0x0000025b5463e930, 0x0000025b6bf8c1c0, 0x0000025b6bf8d040, 0x0000025b6bfa3be0,
0x0000025b6bfa47a0, 0x0000025b6bfa7170, 0x0000025b6bfa7b30, 0x0000025b6bfb5df0,
0x0000025b6bfb88b0, 0x0000025b6bfb9ac0, 0x0000025b6bf7d0f0, 0x0000025b6c432b90,
0x0000025b6c9a1450, 0x0000025b6ca43e60, 0x0000025b6c56b780, 0x0000025b6cc1f670,
0x0000025b6cc49380, 0x0000025b6cc23ca0, 0x0000025b76a440b0, 0x0000025b769699c0
}

Java Threads: ( => current thread )
  0x0000025b5463e930 JavaThread "main" [_thread_blocked, id=9728, stack(0x000000ae0fd00000,0x000000ae0fe00000)]
  0x0000025b6bf8c1c0 JavaThread "Reference Handler" daemon [_thread_blocked, id=1180, stack(0x000000ae10400000,0x000000ae10500000)]
  0x0000025b6bf8d040 JavaThread "Finalizer" daemon [_thread_blocked, id=10200, stack(0x000000ae10500000,0x000000ae10600000)]
  0x0000025b6bfa3be0 JavaThread "Signal Dispatcher" daemon [_thread_blocked, id=15688, stack(0x000000ae10600000,0x000000ae10700000)]
  0x0000025b6bfa47a0 JavaThread "Attach Listener" daemon [_thread_blocked, id=20704, stack(0x000000ae10700000,0x000000ae10800000)]
  0x0000025b6bfa7170 JavaThread "Service Thread" daemon [_thread_blocked, id=11716, stack(0x000000ae10800000,0x000000ae10900000)]
  0x0000025b6bfa7b30 JavaThread "Monitor Deflation Thread" daemon [_thread_blocked, id=10960, stack(0x000000ae10900000,0x000000ae10a00000)]
=>0x0000025b6bfb5df0 JavaThread "C2 CompilerThread0" daemon [_thread_in_native, id=3764, stack(0x000000ae10a00000,0x000000ae10b00000)]
  0x0000025b6bfb88b0 JavaThread "C1 CompilerThread0" daemon [_thread_blocked, id=15336, stack(0x000000ae10b00000,0x000000ae10c00000)]
  0x0000025b6bfb9ac0 JavaThread "Sweeper thread" daemon [_thread_blocked, id=11424, stack(0x000000ae10c00000,0x000000ae10d00000)]
  0x0000025b6bf7d0f0 JavaThread "Common-Cleaner" daemon [_thread_blocked, id=19796, stack(0x000000ae10d00000,0x000000ae10e00000)]
  0x0000025b6c432b90 JavaThread "Notification Thread" daemon [_thread_blocked, id=1368, stack(0x000000ae10e00000,0x000000ae10f00000)]
  0x0000025b6c9a1450 JavaThread "QuantumRenderer-0" daemon [_thread_blocked, id=5692, stack(0x000000ae11000000,0x000000ae11100000)]
  0x0000025b6ca43e60 JavaThread "InvokeLaterDispatcher" daemon [_thread_blocked, id=12868, stack(0x000000ae11100000,0x000000ae11200000)]
  0x0000025b6c56b780 JavaThread "JavaFX Application Thread" [_thread_in_native, id=21336, stack(0x000000ae11200000,0x000000ae11300000)]
  0x0000025b6cc1f670 JavaThread "JavaFX-Launcher" [_thread_blocked, id=12484, stack(0x000000ae11700000,0x000000ae11800000)]
  0x0000025b6cc49380 JavaThread "Thread-2" daemon [_thread_in_native, id=17968, stack(0x000000ae11600000,0x000000ae11700000)]
  0x0000025b6cc23ca0 JavaThread "mysql-cj-abandoned-connection-cleanup" daemon [_thread_blocked, id=12644, stack(0x000000ae11d00000,0x000000ae11e00000)]
  0x0000025b76a440b0 JavaThread "Prism Font Disposer" daemon [_thread_blocked, id=9248, stack(0x000000ae12000000,0x000000ae12100000)]
  0x0000025b769699c0 JavaThread "Cleaner-0" daemon [_thread_blocked, id=2768, stack(0x000000ae12400000,0x000000ae12500000)]

Other Threads:
  0x0000025b6bf88d00 VMThread "VM Thread" [stack: 0x000000ae10300000,0x000000ae10400000] [id=9052]
  0x0000025b6c433480 WatcherThread [stack: 0x000000ae10f00000,0x000000ae11000000] [id=15444]
  0x0000025b5467a510 GCTaskThread "GC Thread#0" [stack: 0x000000ae0fe00000,0x000000ae0ff00000] [id=10000]
  0x0000025b6cd333b0 GCTaskThread "GC Thread#1" [stack: 0x000000ae11800000,0x000000ae11900000] [id=21484]
  0x0000025b6cc5b2c0 GCTaskThread "GC Thread#2" [stack: 0x000000ae11900000,0x000000ae11a00000] [id=12332]
  0x0000025b6cbf9e40 GCTaskThread "GC Thread#3" [stack: 0x000000ae11a00000,0x000000ae11b00000] [id=16244]
  0x0000025b6cbe27e0 GCTaskThread "GC Thread#4" [stack: 0x000000ae11b00000,0x000000ae11c00000] [id=7764]
  0x0000025b6cbe8780 GCTaskThread "GC Thread#5" [stack: 0x000000ae11c00000,0x000000ae11d00000] [id=2752]
  0x0000025b76c25b00 GCTaskThread "GC Thread#6" [stack: 0x000000ae11e00000,0x000000ae11f00000] [id=2688]
  0x0000025b7642c9d0 GCTaskThread "GC Thread#7" [stack: 0x000000ae11f00000,0x000000ae12000000] [id=19680]
  0x0000025b54684710 ConcurrentGCThread "G1 Main Marker" [stack: 0x000000ae0ff00000,0x000000ae10000000] [id=17372]
  0x0000025b54685130 ConcurrentGCThread "G1 Conc#0" [stack: 0x000000ae10000000,0x000000ae10100000] [id=22256]
  0x0000025b546d7260 ConcurrentGCThread "G1 Refine#0" [stack: 0x000000ae10100000,0x000000ae10200000] [id=18412]
  0x0000025b546d7c90 ConcurrentGCThread "G1 Service" [stack: 0x000000ae10200000,0x000000ae10300000] [id=16864]

Threads with active compile tasks:
C2 CompilerThread0     6158 2214       4       java.lang.invoke.MethodType::makeImpl (109 bytes)

VM state: not at safepoint (normal execution)

VM Mutex/Monitor currently owned by a thread: None

Heap address: 0x00000000c2800000, size: 984 MB, Compressed Oops mode: 32-bit

CDS archive(s) mapped at: [0x0000025b00000000-0x0000025b00c00000-0x0000025b00c00000), size 12582912, SharedBaseAddress: 0x0000025b00000000, ArchiveRelocationMode: 1.
Compressed class space mapped at: 0x0000025b01000000-0x0000025b41000000, reserved size: 1073741824
Narrow klass base: 0x0000025b00000000, Narrow klass shift: 0, Narrow klass range: 0x100000000

GC Precious Log:
 CPUs: 8 total, 8 available
 Memory: 3929M
 Large Page Support: Disabled
 NUMA Support: Disabled
 Compressed Oops: Enabled (32-bit)
 Heap Region Size: 1M
 Heap Min Capacity: 8M
 Heap Initial Capacity: 62M
 Heap Max Capacity: 984M
 Pre-touch: Disabled
 Parallel Workers: 8
 Concurrent Workers: 2
 Concurrent Refinement Workers: 8
 Periodic GC: Disabled

Heap:
 garbage-first heap   total 63488K, used 34688K [0x00000000c2800000, 0x0000000100000000)
  region size 1024K, 27 young (27648K), 4 survivors (4096K)
 Metaspace       used 18960K, committed 19200K, reserved 1114112K
  class space    used 2796K, committed 2944K, reserved 1048576K

Heap Regions: E=young(eden), S=young(survivor), O=old, HS=humongous(starts), HC=humongous(continues), CS=collection set, F=free, OA=open archive, CA=closed archive, TAMS=top-at-mark-start (previous, next)
|   0|0x00000000c2800000, 0x00000000c2900000, 0x00000000c2900000|100%| O|  |TAMS 0x00000000c2800000, 0x00000000c2800000| Untracked 
|   1|0x00000000c2900000, 0x00000000c2a00000, 0x00000000c2a00000|100%| O|  |TAMS 0x00000000c2900000, 0x00000000c2900000| Untracked 
|   2|0x00000000c2a00000, 0x00000000c2b00000, 0x00000000c2b00000|100%|HS|  |TAMS 0x00000000c2a00000, 0x00000000c2a00000| Complete 
|   3|0x00000000c2b00000, 0x00000000c2c00000, 0x00000000c2c00000|100%| O|  |TAMS 0x00000000c2b00000, 0x00000000c2b00000| Untracked 
|   4|0x00000000c2c00000, 0x00000000c2d00000, 0x00000000c2d00000|100%| O|  |TAMS 0x00000000c2c00000, 0x00000000c2c00000| Untracked 
|   5|0x00000000c2d00000, 0x00000000c2de0200, 0x00000000c2e00000| 87%| O|  |TAMS 0x00000000c2d00000, 0x00000000c2d00000| Untracked 
|   6|0x00000000c2e00000, 0x00000000c2f00000, 0x00000000c2f00000|100%|HS|  |TAMS 0x00000000c2e00000, 0x00000000c2e00000| Complete 
|   7|0x00000000c2f00000, 0x00000000c3000000, 0x00000000c3000000|100%|HC|  |TAMS 0x00000000c2f00000, 0x00000000c2f00000| Complete 
|   8|0x00000000c3000000, 0x00000000c3000000, 0x00000000c3100000|  0%| F|  |TAMS 0x00000000c3000000, 0x00000000c3000000| Untracked 
|   9|0x00000000c3100000, 0x00000000c3100000, 0x00000000c3200000|  0%| F|  |TAMS 0x00000000c3100000, 0x00000000c3100000| Untracked 
|  10|0x00000000c3200000, 0x00000000c3200000, 0x00000000c3300000|  0%| F|  |TAMS 0x00000000c3200000, 0x00000000c3200000| Untracked 
|  11|0x00000000c3300000, 0x00000000c3300000, 0x00000000c3400000|  0%| F|  |TAMS 0x00000000c3300000, 0x00000000c3300000| Untracked 
|  12|0x00000000c3400000, 0x00000000c3400000, 0x00000000c3500000|  0%| F|  |TAMS 0x00000000c3400000, 0x00000000c3400000| Untracked 
|  13|0x00000000c3500000, 0x00000000c3500000, 0x00000000c3600000|  0%| F|  |TAMS 0x00000000c3500000, 0x00000000c3500000| Untracked 
|  14|0x00000000c3600000, 0x00000000c3600000, 0x00000000c3700000|  0%| F|  |TAMS 0x00000000c3600000, 0x00000000c3600000| Untracked 
|  15|0x00000000c3700000, 0x00000000c3700000, 0x00000000c3800000|  0%| F|  |TAMS 0x00000000c3700000, 0x00000000c3700000| Untracked 
|  16|0x00000000c3800000, 0x00000000c3800000, 0x00000000c3900000|  0%| F|  |TAMS 0x00000000c3800000, 0x00000000c3800000| Untracked 
|  17|0x00000000c3900000, 0x00000000c3900000, 0x00000000c3a00000|  0%| F|  |TAMS 0x00000000c3900000, 0x00000000c3900000| Untracked 
|  18|0x00000000c3a00000, 0x00000000c3a00000, 0x00000000c3b00000|  0%| F|  |TAMS 0x00000000c3a00000, 0x00000000c3a00000| Untracked 
|  19|0x00000000c3b00000, 0x00000000c3b00000, 0x00000000c3c00000|  0%| F|  |TAMS 0x00000000c3b00000, 0x00000000c3b00000| Untracked 
|  20|0x00000000c3c00000, 0x00000000c3c00000, 0x00000000c3d00000|  0%| F|  |TAMS 0x00000000c3c00000, 0x00000000c3c00000| Untracked 
|  21|0x00000000c3d00000, 0x00000000c3d00000, 0x00000000c3e00000|  0%| F|  |TAMS 0x00000000c3d00000, 0x00000000c3d00000| Untracked 
|  22|0x00000000c3e00000, 0x00000000c3e00000, 0x00000000c3f00000|  0%| F|  |TAMS 0x00000000c3e00000, 0x00000000c3e00000| Untracked 
|  23|0x00000000c3f00000, 0x00000000c3f00000, 0x00000000c4000000|  0%| F|  |TAMS 0x00000000c3f00000, 0x00000000c3f00000| Untracked 
|  24|0x00000000c4000000, 0x00000000c4000000, 0x00000000c4100000|  0%| F|  |TAMS 0x00000000c4000000, 0x00000000c4000000| Untracked 
|  25|0x00000000c4100000, 0x00000000c4100000, 0x00000000c4200000|  0%| F|  |TAMS 0x00000000c4100000, 0x00000000c4100000| Untracked 
|  26|0x00000000c4200000, 0x00000000c4200000, 0x00000000c4300000|  0%| F|  |TAMS 0x00000000c4200000, 0x00000000c4200000| Untracked 
|  27|0x00000000c4300000, 0x00000000c4300000, 0x00000000c4400000|  0%| F|  |TAMS 0x00000000c4300000, 0x00000000c4300000| Untracked 
|  28|0x00000000c4400000, 0x00000000c4400000, 0x00000000c4500000|  0%| F|  |TAMS 0x00000000c4400000, 0x00000000c4400000| Untracked 
|  29|0x00000000c4500000, 0x00000000c4500000, 0x00000000c4600000|  0%| F|  |TAMS 0x00000000c4500000, 0x00000000c4500000| Untracked 
|  30|0x00000000c4600000, 0x00000000c4700000, 0x00000000c4700000|100%| S|CS|TAMS 0x00000000c4600000, 0x00000000c4600000| Complete 
|  31|0x00000000c4700000, 0x00000000c4800000, 0x00000000c4800000|100%| S|CS|TAMS 0x00000000c4700000, 0x00000000c4700000| Complete 
|  32|0x00000000c4800000, 0x00000000c4900000, 0x00000000c4900000|100%| S|CS|TAMS 0x00000000c4800000, 0x00000000c4800000| Complete 
|  33|0x00000000c4900000, 0x00000000c4a00000, 0x00000000c4a00000|100%| S|CS|TAMS 0x00000000c4900000, 0x00000000c4900000| Complete 
|  34|0x00000000c4a00000, 0x00000000c4a00000, 0x00000000c4b00000|  0%| F|  |TAMS 0x00000000c4a00000, 0x00000000c4a00000| Untracked 
|  35|0x00000000c4b00000, 0x00000000c4b00000, 0x00000000c4c00000|  0%| F|  |TAMS 0x00000000c4b00000, 0x00000000c4b00000| Untracked 
|  36|0x00000000c4c00000, 0x00000000c4c00000, 0x00000000c4d00000|  0%| F|  |TAMS 0x00000000c4c00000, 0x00000000c4c00000| Untracked 
|  37|0x00000000c4d00000, 0x00000000c4d00000, 0x00000000c4e00000|  0%| F|  |TAMS 0x00000000c4d00000, 0x00000000c4d00000| Untracked 
|  38|0x00000000c4e00000, 0x00000000c4e00000, 0x00000000c4f00000|  0%| F|  |TAMS 0x00000000c4e00000, 0x00000000c4e00000| Untracked 
|  39|0x00000000c4f00000, 0x00000000c4f4a438, 0x00000000c5000000| 29%| E|  |TAMS 0x00000000c4f00000, 0x00000000c4f00000| Complete 
|  40|0x00000000c5000000, 0x00000000c5100000, 0x00000000c5100000|100%| E|CS|TAMS 0x00000000c5000000, 0x00000000c5000000| Complete 
|  41|0x00000000c5100000, 0x00000000c5200000, 0x00000000c5200000|100%| E|CS|TAMS 0x00000000c5100000, 0x00000000c5100000| Complete 
|  42|0x00000000c5200000, 0x00000000c5300000, 0x00000000c5300000|100%| E|CS|TAMS 0x00000000c5200000, 0x00000000c5200000| Complete 
|  43|0x00000000c5300000, 0x00000000c5400000, 0x00000000c5400000|100%| E|CS|TAMS 0x00000000c5300000, 0x00000000c5300000| Complete 
|  44|0x00000000c5400000, 0x00000000c5500000, 0x00000000c5500000|100%| E|CS|TAMS 0x00000000c5400000, 0x00000000c5400000| Complete 
|  45|0x00000000c5500000, 0x00000000c5600000, 0x00000000c5600000|100%| E|CS|TAMS 0x00000000c5500000, 0x00000000c5500000| Complete 
|  46|0x00000000c5600000, 0x00000000c5700000, 0x00000000c5700000|100%| E|CS|TAMS 0x00000000c5600000, 0x00000000c5600000| Complete 
|  47|0x00000000c5700000, 0x00000000c5800000, 0x00000000c5800000|100%| E|CS|TAMS 0x00000000c5700000, 0x00000000c5700000| Complete 
|  48|0x00000000c5800000, 0x00000000c5900000, 0x00000000c5900000|100%| E|CS|TAMS 0x00000000c5800000, 0x00000000c5800000| Complete 
|  49|0x00000000c5900000, 0x00000000c5a00000, 0x00000000c5a00000|100%| E|CS|TAMS 0x00000000c5900000, 0x00000000c5900000| Complete 
|  50|0x00000000c5a00000, 0x00000000c5b00000, 0x00000000c5b00000|100%| E|CS|TAMS 0x00000000c5a00000, 0x00000000c5a00000| Complete 
|  51|0x00000000c5b00000, 0x00000000c5c00000, 0x00000000c5c00000|100%| E|CS|TAMS 0x00000000c5b00000, 0x00000000c5b00000| Complete 
|  52|0x00000000c5c00000, 0x00000000c5d00000, 0x00000000c5d00000|100%| E|CS|TAMS 0x00000000c5c00000, 0x00000000c5c00000| Complete 
|  53|0x00000000c5d00000, 0x00000000c5e00000, 0x00000000c5e00000|100%| E|CS|TAMS 0x00000000c5d00000, 0x00000000c5d00000| Complete 
|  54|0x00000000c5e00000, 0x00000000c5f00000, 0x00000000c5f00000|100%| E|CS|TAMS 0x00000000c5e00000, 0x00000000c5e00000| Complete 
|  55|0x00000000c5f00000, 0x00000000c6000000, 0x00000000c6000000|100%| E|CS|TAMS 0x00000000c5f00000, 0x00000000c5f00000| Complete 
|  56|0x00000000c6000000, 0x00000000c6100000, 0x00000000c6100000|100%| E|CS|TAMS 0x00000000c6000000, 0x00000000c6000000| Complete 
|  57|0x00000000c6100000, 0x00000000c6200000, 0x00000000c6200000|100%| E|CS|TAMS 0x00000000c6100000, 0x00000000c6100000| Complete 
|  58|0x00000000c6200000, 0x00000000c6300000, 0x00000000c6300000|100%| E|CS|TAMS 0x00000000c6200000, 0x00000000c6200000| Complete 
|  59|0x00000000c6300000, 0x00000000c6400000, 0x00000000c6400000|100%| E|CS|TAMS 0x00000000c6300000, 0x00000000c6300000| Complete 
|  60|0x00000000c6400000, 0x00000000c6500000, 0x00000000c6500000|100%| E|CS|TAMS 0x00000000c6400000, 0x00000000c6400000| Complete 
|  61|0x00000000c6500000, 0x00000000c6600000, 0x00000000c6600000|100%| E|CS|TAMS 0x00000000c6500000, 0x00000000c6500000| Complete 

Card table byte_map: [0x0000025b67340000,0x0000025b67530000] _byte_map_base: 0x0000025b66d2c000

Marking Bits (Prev, Next): (CMBitMap*) 0x0000025b5467ab30, (CMBitMap*) 0x0000025b5467ab70
 Prev Bits: [0x0000025b67720000, 0x0000025b68680000)
 Next Bits: [0x0000025b68680000, 0x0000025b695e0000)

Polling page: 0x0000025b52520000

Metaspace:

Usage:
  Non-class:     15.78 MB used.
      Class:      2.73 MB used.
       Both:     18.52 MB used.

Virtual space:
  Non-class space:       64.00 MB reserved,      15.88 MB ( 25%) committed,  1 nodes.
      Class space:        1.00 GB reserved,       2.88 MB ( <1%) committed,  1 nodes.
             Both:        1.06 GB reserved,      18.75 MB (  2%) committed. 

Chunk freelists:
   Non-Class:  15.83 MB
       Class:  13.10 MB
        Both:  28.93 MB

MaxMetaspaceSize: unlimited
CompressedClassSpaceSize: 1.00 GB
Initial GC threshold: 21.00 MB
Current GC threshold: 21.00 MB
CDS: on
MetaspaceReclaimPolicy: balanced
 - commit_granule_bytes: 65536.
 - commit_granule_words: 8192.
 - virtual_space_node_default_size: 8388608.
 - enlarge_chunks_in_place: 1.
 - new_chunks_are_fully_committed: 0.
 - uncommit_free_chunks: 1.
 - use_allocation_guard: 0.
 - handle_deallocations: 1.


Internal statistics:

num_allocs_failed_limit: 0.
num_arena_births: 184.
num_arena_deaths: 0.
num_vsnodes_births: 2.
num_vsnodes_deaths: 0.
num_space_committed: 300.
num_space_uncommitted: 0.
num_chunks_returned_to_freelist: 0.
num_chunks_taken_from_freelist: 763.
num_chunk_merges: 0.
num_chunk_splits: 559.
num_chunks_enlarged: 445.
num_inconsistent_stats: 0.

CodeHeap 'non-profiled nmethods': size=120000Kb used=810Kb max_used=810Kb free=119189Kb
 bounds [0x0000025b5f8f0000, 0x0000025b5fb60000, 0x0000025b66e20000]
CodeHeap 'profiled nmethods': size=120000Kb used=4140Kb max_used=4140Kb free=115860Kb
 bounds [0x0000025b57e20000, 0x0000025b58230000, 0x0000025b5f350000]
CodeHeap 'non-nmethods': size=5760Kb used=1451Kb max_used=1451Kb free=4308Kb
 bounds [0x0000025b5f350000, 0x0000025b5f5c0000, 0x0000025b5f8f0000]
 total_blobs=3067 nmethods=2242 adapters=737
 compilation: enabled
              stopped_count=0, restarted_count=0
 full_count=0

Compilation events (20 events):
Event: 5.816 Thread 0x0000025b6bfb88b0 2234       3       java.lang.invoke.LambdaFormEditor$TransformKey::packedBytes (75 bytes)
Event: 5.818 Thread 0x0000025b6bfb88b0 nmethod 2234 0x0000025b58226a10 code [0x0000025b58226be0, 0x0000025b58226f58]
Event: 5.837 Thread 0x0000025b6bfb88b0 2235       3       java.lang.invoke.MemberName::isProtected (8 bytes)
Event: 5.838 Thread 0x0000025b6bfb88b0 nmethod 2235 0x0000025b58227110 code [0x0000025b582272a0, 0x0000025b58227478]
Event: 5.852 Thread 0x0000025b6bfb88b0 2237       3       sun.misc.Unsafe::putByte (9 bytes)
Event: 5.853 Thread 0x0000025b6bfb88b0 nmethod 2237 0x0000025b58227510 code [0x0000025b582276a0, 0x0000025b58227818]
Event: 5.853 Thread 0x0000025b6bfb88b0 2238       3       jdk.internal.misc.Unsafe::putByte (8 bytes)
Event: 5.853 Thread 0x0000025b6bfb88b0 nmethod 2238 0x0000025b58227910 code [0x0000025b58227aa0, 0x0000025b58227bb8]
Event: 5.854 Thread 0x0000025b6bfb88b0 2239       3       sun.misc.Unsafe::getByte (8 bytes)
Event: 5.855 Thread 0x0000025b6bfb88b0 nmethod 2239 0x0000025b58227c90 code [0x0000025b58227e20, 0x0000025b58227fb8]
Event: 5.855 Thread 0x0000025b6bfb88b0 2241       3       sun.misc.Unsafe::getInt (8 bytes)
Event: 5.855 Thread 0x0000025b6bfb88b0 nmethod 2241 0x0000025b58228090 code [0x0000025b58228220, 0x0000025b58228398]
Event: 5.855 Thread 0x0000025b6bfb88b0 2240       3       jdk.internal.misc.Unsafe::getByte (7 bytes)
Event: 5.855 Thread 0x0000025b6bfb88b0 nmethod 2240 0x0000025b58228490 code [0x0000025b58228620, 0x0000025b58228738]
Event: 5.855 Thread 0x0000025b6bfb88b0 2242       3       sun.misc.Unsafe::putInt (9 bytes)
Event: 5.856 Thread 0x0000025b6bfb88b0 nmethod 2242 0x0000025b58228810 code [0x0000025b582289a0, 0x0000025b58228b18]
Event: 5.856 Thread 0x0000025b6bfb88b0 2243       3       jdk.internal.misc.Unsafe::putInt (8 bytes)
Event: 5.856 Thread 0x0000025b6bfb88b0 nmethod 2243 0x0000025b58228c10 code [0x0000025b58228da0, 0x0000025b58228eb8]
Event: 5.867 Thread 0x0000025b6bfb88b0 2244       3       jdk.internal.misc.VM::isModuleSystemInited (13 bytes)
Event: 5.868 Thread 0x0000025b6bfb88b0 nmethod 2244 0x0000025b58228f90 code [0x0000025b58229120, 0x0000025b582292d8]

GC Heap History (4 events):
Event: 1.346 GC heap before
{Heap before GC invocations=0 (full 0):
 garbage-first heap   total 63488K, used 22528K [0x00000000c2800000, 0x0000000100000000)
  region size 1024K, 23 young (23552K), 0 survivors (0K)
 Metaspace       used 5822K, committed 6016K, reserved 1114112K
  class space    used 677K, committed 768K, reserved 1048576K
}
Event: 1.350 GC heap after
{Heap after GC invocations=1 (full 0):
 garbage-first heap   total 63488K, used 4467K [0x00000000c2800000, 0x0000000100000000)
  region size 1024K, 3 young (3072K), 3 survivors (3072K)
 Metaspace       used 5822K, committed 6016K, reserved 1114112K
  class space    used 677K, committed 768K, reserved 1048576K
}
Event: 2.434 GC heap before
{Heap before GC invocations=1 (full 0):
 garbage-first heap   total 63488K, used 31091K [0x00000000c2800000, 0x0000000100000000)
  region size 1024K, 28 young (28672K), 3 survivors (3072K)
 Metaspace       used 13407K, committed 13632K, reserved 1114112K
  class space    used 1732K, committed 1856K, reserved 1048576K
}
Event: 2.441 GC heap after
{Heap after GC invocations=2 (full 0):
 garbage-first heap   total 63488K, used 10112K [0x00000000c2800000, 0x0000000100000000)
  region size 1024K, 4 young (4096K), 4 survivors (4096K)
 Metaspace       used 13407K, committed 13632K, reserved 1114112K
  class space    used 1732K, committed 1856K, reserved 1048576K
}

Dll operation events (2 events):
Event: 0.029 Loaded shared library C:\Users\39\.jdks\jbr-17.0.12-1\bin\java.dll
Event: 0.094 Loaded shared library C:\Users\39\.jdks\jbr-17.0.12-1\bin\jsvml.dll

Deoptimization events (20 events):
Event: 2.763 Thread 0x0000025b6c56b780 DEOPT PACKING pc=0x0000025b58135862 sp=0x000000ae112fd140
Event: 2.763 Thread 0x0000025b6c56b780 DEOPT UNPACKING pc=0x0000025b5f3a7143 sp=0x000000ae112fc5c0 mode 0
Event: 2.768 Thread 0x0000025b6c56b780 Uncommon trap: trap_request=0xffffffde fr.pc=0x0000025b5f90d628 relative=0x00000000000001a8
Event: 2.768 Thread 0x0000025b6c56b780 Uncommon trap: reason=class_check action=maybe_recompile pc=0x0000025b5f90d628 method=java.lang.String.equals(Ljava/lang/Object;)Z @ 8 c2
Event: 2.768 Thread 0x0000025b6c56b780 DEOPT PACKING pc=0x0000025b5f90d628 sp=0x000000ae112fd610
Event: 2.768 Thread 0x0000025b6c56b780 DEOPT UNPACKING pc=0x0000025b5f3a69a3 sp=0x000000ae112fd5b8 mode 2
Event: 2.768 Thread 0x0000025b6c56b780 Uncommon trap: trap_request=0xffffffde fr.pc=0x0000025b5f90d628 relative=0x00000000000001a8
Event: 2.768 Thread 0x0000025b6c56b780 Uncommon trap: reason=class_check action=maybe_recompile pc=0x0000025b5f90d628 method=java.lang.String.equals(Ljava/lang/Object;)Z @ 8 c2
Event: 2.768 Thread 0x0000025b6c56b780 DEOPT PACKING pc=0x0000025b5f90d628 sp=0x000000ae112fd520
Event: 2.768 Thread 0x0000025b6c56b780 DEOPT UNPACKING pc=0x0000025b5f3a69a3 sp=0x000000ae112fd4c8 mode 2
Event: 2.768 Thread 0x0000025b6c56b780 Uncommon trap: trap_request=0xffffffde fr.pc=0x0000025b5f90d628 relative=0x00000000000001a8
Event: 2.768 Thread 0x0000025b6c56b780 Uncommon trap: reason=class_check action=maybe_recompile pc=0x0000025b5f90d628 method=java.lang.String.equals(Ljava/lang/Object;)Z @ 8 c2
Event: 2.768 Thread 0x0000025b6c56b780 DEOPT PACKING pc=0x0000025b5f90d628 sp=0x000000ae112fd520
Event: 2.768 Thread 0x0000025b6c56b780 DEOPT UNPACKING pc=0x0000025b5f3a69a3 sp=0x000000ae112fd4c8 mode 2
Event: 2.770 Thread 0x0000025b6c56b780 Uncommon trap: trap_request=0xffffffde fr.pc=0x0000025b5f90d628 relative=0x00000000000001a8
Event: 2.770 Thread 0x0000025b6c56b780 Uncommon trap: reason=class_check action=maybe_recompile pc=0x0000025b5f90d628 method=java.lang.String.equals(Ljava/lang/Object;)Z @ 8 c2
Event: 2.770 Thread 0x0000025b6c56b780 DEOPT PACKING pc=0x0000025b5f90d628 sp=0x000000ae112fd460
Event: 2.770 Thread 0x0000025b6c56b780 DEOPT UNPACKING pc=0x0000025b5f3a69a3 sp=0x000000ae112fd408 mode 2
Event: 2.817 Thread 0x0000025b6c56b780 DEOPT PACKING pc=0x0000025b5813c6d6 sp=0x000000ae112fc5d0
Event: 2.817 Thread 0x0000025b6c56b780 DEOPT UNPACKING pc=0x0000025b5f3a7143 sp=0x000000ae112fba70 mode 0

Classes loaded (20 events):
Event: 3.165 Loading class java/util/concurrent/ConcurrentLinkedQueue$Node
Event: 3.166 Loading class java/util/concurrent/ConcurrentLinkedQueue$Node done
Event: 5.738 Loading class java/nio/ShortBuffer
Event: 5.739 Loading class java/nio/ShortBuffer done
Event: 5.739 Loading class java/nio/DoubleBuffer
Event: 5.740 Loading class java/nio/DoubleBuffer done
Event: 5.741 Loading class java/nio/DirectFloatBufferU
Event: 5.741 Loading class java/nio/DirectFloatBufferU done
Event: 5.784 Loading class jdk/internal/ref/CleanerImpl$InnocuousThreadFactory
Event: 5.785 Loading class jdk/internal/ref/CleanerImpl$InnocuousThreadFactory done
Event: 5.809 Loading class sun/misc/Unsafe
Event: 5.809 Loading class sun/misc/Unsafe done
Event: 5.810 Loading class jdk/internal/reflect/UnsafeQualifiedStaticObjectFieldAccessorImpl
Event: 5.810 Loading class jdk/internal/reflect/UnsafeQualifiedStaticFieldAccessorImpl
Event: 5.811 Loading class jdk/internal/reflect/UnsafeQualifiedStaticFieldAccessorImpl done
Event: 5.811 Loading class jdk/internal/reflect/UnsafeQualifiedStaticObjectFieldAccessorImpl done
Event: 5.866 Loading class java/lang/Throwable$WrappedPrintStream
Event: 5.866 Loading class java/lang/Throwable$PrintStreamOrWriter
Event: 5.866 Loading class java/lang/Throwable$PrintStreamOrWriter done
Event: 5.866 Loading class java/lang/Throwable$WrappedPrintStream done

Classes unloaded (0 events):
No events

Classes redefined (0 events):
No events

Internal exceptions (20 events):
Event: 1.881 Thread 0x0000025b6c56b780 Exception <a 'java/lang/ClassNotFoundException'{0x00000000c57c4978}: com/sun/glass/ui/win/themes> (0x00000000c57c4978) 
thrown [s\src\hotspot\share\prims\jni.cpp, line 550]
Event: 1.881 Thread 0x0000025b6c56b780 Exception <a 'java/lang/ClassNotFoundException'{0x00000000c57cc8f8}: com/sun/glass/ui/win/themes_fr> (0x00000000c57cc8f8) 
thrown [s\src\hotspot\share\prims\jni.cpp, line 550]
Event: 1.882 Thread 0x0000025b6c56b780 Exception <a 'java/lang/ClassNotFoundException'{0x00000000c57d49c0}: com/sun/glass/ui/win/themes_fr_FR> (0x00000000c57d49c0) 
thrown [s\src\hotspot\share\prims\jni.cpp, line 550]
Event: 1.992 Thread 0x0000025b6c56b780 Exception <a 'java/lang/NoSuchMethodError'{0x00000000c52eba20}: 'void java.lang.invoke.DirectMethodHandle$Holder.invokeStaticInit(java.lang.Object, java.lang.Object)'> (0x00000000c52eba20) 
thrown [s\src\hotspot\share\interpreter\linkResolver.cpp, line 771]
Event: 2.004 Thread 0x0000025b6c56b780 Exception <a 'java/lang/NoSuchMethodError'{0x00000000c5170eb0}: 'void java.lang.invoke.DirectMethodHandle$Holder.invokeSpecial(java.lang.Object, java.lang.Object, java.lang.Object, java.lang.Object, java.lang.Object)'> (0x00000000c5170eb0) 
thrown [s\src\hotspot\share\interpreter\linkResolver.cpp, line 771]
Event: 2.761 Thread 0x0000025b6c56b780 Implicit null exception at 0x0000025b5f97080f to 0x0000025b5f970d78
Event: 2.761 Thread 0x0000025b6c56b780 Implicit null exception at 0x0000025b5f94c960 to 0x0000025b5f94c9fa
Event: 2.816 Thread 0x0000025b6c56b780 Exception <a 'java/lang/ClassNotFoundException'{0x00000000c5cf0868}: com/sun/javafx/scene/control/skin/resources/controls> (0x00000000c5cf0868) 
thrown [s\src\hotspot\share\prims\jni.cpp, line 550]
Event: 2.817 Thread 0x0000025b6c56b780 Exception <a 'java/lang/ClassNotFoundException'{0x00000000c5cfec98}: com/sun/javafx/scene/control/skin/resources/controls_fr> (0x00000000c5cfec98) 
thrown [s\src\hotspot\share\prims\jni.cpp, line 550]
Event: 2.818 Thread 0x0000025b6c56b780 Exception <a 'java/lang/ClassNotFoundException'{0x00000000c5b0d040}: com/sun/javafx/scene/control/skin/resources/controls_fr_FR> (0x00000000c5b0d040) 
thrown [s\src\hotspot\share\prims\jni.cpp, line 550]
Event: 2.868 Thread 0x0000025b6c56b780 Exception <a 'java/lang/NoSuchMethodError'{0x00000000c5ad3c98}: 'void java.lang.invoke.DirectMethodHandle$Holder.invokeSpecial(java.lang.Object, java.lang.Object, java.lang.Object, java.lang.Object, java.lang.Object, java.lang.Object)'> (0x00000000c5ad3c98) 
thrown [s\src\hotspot\share\interpreter\linkResolver.cpp, line 771]
Event: 2.872 Thread 0x0000025b6c56b780 Exception <a 'java/lang/NoSuchMethodError'{0x00000000c5af46b8}: 'java.lang.Object java.lang.invoke.DirectMethodHandle$Holder.invokeInterface(java.lang.Object, java.lang.Object, java.lang.Object)'> (0x00000000c5af46b8) 
thrown [s\src\hotspot\share\interpreter\linkResolver.cpp, line 771]
Event: 2.872 Thread 0x0000025b6c56b780 Exception <a 'java/lang/IncompatibleClassChangeError'{0x00000000c5af7d80}: Found class java.lang.Object, but interface was expected> (0x00000000c5af7d80) 
thrown [s\src\hotspot\share\interpreter\linkResolver.cpp, line 838]
Event: 3.005 Thread 0x0000025b6c56b780 Exception <a 'java/lang/NoSuchMethodError'{0x00000000c5411f58}: 'java.lang.Object java.lang.invoke.DirectMethodHandle$Holder.newInvokeSpecial(java.lang.Object, java.lang.Object, int)'> (0x00000000c5411f58) 
thrown [s\src\hotspot\share\interpreter\linkResolver.cpp, line 771]
Event: 3.162 Thread 0x0000025b6c9a1450 Exception <a 'java/lang/NoSuchMethodError'{0x00000000c5379ca8}: 'int java.lang.invoke.DirectMethodHandle$Holder.invokeStaticInit(java.lang.Object, java.lang.Object)'> (0x00000000c5379ca8) 
thrown [s\src\hotspot\share\interpreter\linkResolver.cpp, line 771]
Event: 3.166 Thread 0x0000025b6c56b780 Exception <a 'java/lang/NoSuchMethodError'{0x00000000c53308e8}: 'long java.lang.invoke.DirectMethodHandle$Holder.invokeStatic(java.lang.Object, java.lang.Object, java.lang.Object)'> (0x00000000c53308e8) 
thrown [s\src\hotspot\share\interpreter\linkResolver.cpp, line 771]
Event: 3.167 Thread 0x0000025b6c56b780 Exception <a 'java/lang/NoSuchMethodError'{0x00000000c5334090}: 'long java.lang.invoke.DirectMethodHandle$Holder.invokeStaticInit(java.lang.Object, java.lang.Object, java.lang.Object)'> (0x00000000c5334090) 
thrown [s\src\hotspot\share\interpreter\linkResolver.cpp, line 771]
Event: 3.169 Thread 0x0000025b6c56b780 Exception <a 'java/lang/NoSuchMethodError'{0x00000000c534bc10}: 'java.lang.Object java.lang.invoke.DirectMethodHandle$Holder.newInvokeSpecial(java.lang.Object, java.lang.Object, long)'> (0x00000000c534bc10) 
thrown [s\src\hotspot\share\interpreter\linkResolver.cpp, line 771]
Event: 3.169 Thread 0x0000025b6c56b780 Exception <a 'java/lang/NoSuchMethodError'{0x00000000c534f780}: 'java.lang.Object java.lang.invoke.Invokers$Holder.linkToTargetMethod(java.lang.Object, long, java.lang.Object)'> (0x00000000c534f780) 
thrown [s\src\hotspot\share\interpreter\linkResolver.cpp, line 771]
Event: 5.865 Thread 0x0000025b6c9a1450 Exception <a 'java/lang/NullPointerException'{0x00000000c50e5198}> (0x00000000c50e5198) 
thrown [s\src\hotspot\share\interpreter\linkResolver.cpp, line 1447]

VM Operations (20 events):
Event: 1.356 Executing VM operation: HandshakeAllThreads
Event: 1.356 Executing VM operation: HandshakeAllThreads done
Event: 1.365 Executing VM operation: HandshakeAllThreads
Event: 1.365 Executing VM operation: HandshakeAllThreads done
Event: 1.393 Executing VM operation: HandshakeAllThreads
Event: 1.393 Executing VM operation: HandshakeAllThreads done
Event: 1.517 Executing VM operation: HandshakeAllThreads
Event: 1.517 Executing VM operation: HandshakeAllThreads done
Event: 1.836 Executing VM operation: HandshakeAllThreads
Event: 1.836 Executing VM operation: HandshakeAllThreads done
Event: 1.992 Executing VM operation: ICBufferFull
Event: 1.992 Executing VM operation: ICBufferFull done
Event: 2.016 Executing VM operation: HandshakeAllThreads
Event: 2.016 Executing VM operation: HandshakeAllThreads done
Event: 2.433 Executing VM operation: G1CollectForAllocation
Event: 2.441 Executing VM operation: G1CollectForAllocation done
Event: 3.001 Executing VM operation: ICBufferFull
Event: 3.001 Executing VM operation: ICBufferFull done
Event: 5.001 Executing VM operation: Cleanup
Event: 5.001 Executing VM operation: Cleanup done

Events (20 events):
Event: 0.616 Loaded shared library C:\Users\39\.openjfx\cache\21.0.2+5\amd64\api-ms-win-crt-utility-l1-1-0.dll
Event: 0.643 Loaded shared library C:\Users\39\.openjfx\cache\21.0.2+5\amd64\ucrtbase.dll
Event: 0.648 Loaded shared library C:\Users\39\.openjfx\cache\21.0.2+5\amd64\vcruntime140.dll
Event: 0.655 Loaded shared library C:\Users\39\.openjfx\cache\21.0.2+5\amd64\vcruntime140_1.dll
Event: 0.667 Loaded shared library C:\Users\39\.openjfx\cache\21.0.2+5\amd64\msvcp140.dll
Event: 0.672 Loaded shared library C:\Users\39\.openjfx\cache\21.0.2+5\amd64\msvcp140_1.dll
Event: 0.681 Loaded shared library C:\Users\39\.openjfx\cache\21.0.2+5\amd64\msvcp140_2.dll
Event: 0.732 Thread 0x0000025b6c9a1450 Thread added: 0x0000025b6c9a1450
Event: 0.759 Loaded shared library C:\Users\39\.openjfx\cache\21.0.2+5\amd64\prism_d3d.dll
Event: 0.932 Loaded shared library C:\Users\39\.openjfx\cache\21.0.2+5\amd64\glass.dll
Event: 0.937 Thread 0x0000025b6ca43e60 Thread added: 0x0000025b6ca43e60
Event: 0.945 Thread 0x0000025b6c56b780 Thread added: 0x0000025b6c56b780
Event: 1.209 Thread 0x0000025b6cc1f670 Thread added: 0x0000025b6cc1f670
Event: 1.218 Thread 0x0000025b6cc49380 Thread added: 0x0000025b6cc49380
Event: 1.258 Loaded shared library C:\Users\39\.jdks\jbr-17.0.12-1\bin\jimage.dll
Event: 1.365 Thread 0x0000025b6cc23ca0 Thread added: 0x0000025b6cc23ca0
Event: 1.552 Loaded shared library C:\Users\39\.jdks\jbr-17.0.12-1\bin\extnet.dll
Event: 1.916 Loaded shared library C:\Users\39\.openjfx\cache\21.0.2+5\amd64\javafx_font.dll
Event: 2.471 Thread 0x0000025b76a440b0 Thread added: 0x0000025b76a440b0
Event: 5.785 Thread 0x0000025b769699c0 Thread added: 0x0000025b769699c0


Dynamic libraries:
0x00007ff790240000 - 0x00007ff79024a000 	C:\Users\39\.jdks\jbr-17.0.12-1\bin\java.exe
0x00007ffab2050000 - 0x00007ffab2248000 	C:\Windows\SYSTEM32\ntdll.dll
0x00007ffab0bc0000 - 0x00007ffab0c82000 	C:\Windows\System32\KERNEL32.DLL
0x00007ffaafa20000 - 0x00007ffaafd1f000 	C:\Windows\System32\KERNELBASE.dll
0x00007ffaaf920000 - 0x00007ffaafa20000 	C:\Windows\System32\ucrtbase.dll
0x00007ffaa7360000 - 0x00007ffaa7377000 	C:\Users\39\.jdks\jbr-17.0.12-1\bin\jli.dll
0x00007ffaa7140000 - 0x00007ffaa715b000 	C:\Users\39\.jdks\jbr-17.0.12-1\bin\VCRUNTIME140.dll
0x00007ffab0190000 - 0x00007ffab032d000 	C:\Windows\System32\USER32.dll
0x00007ffaaff30000 - 0x00007ffaaff52000 	C:\Windows\System32\win32u.dll
0x00007ffab0890000 - 0x00007ffab08bb000 	C:\Windows\System32\GDI32.dll
0x00007ffaaed70000 - 0x00007ffaaf00a000 	C:\Windows\WinSxS\amd64_microsoft.windows.common-controls_6595b64144ccf1df_6.0.19041.4355_none_60b8b9eb71f62e16\COMCTL32.dll
0x00007ffaaf6f0000 - 0x00007ffaaf80a000 	C:\Windows\System32\gdi32full.dll
0x00007ffab08c0000 - 0x00007ffab095e000 	C:\Windows\System32\msvcrt.dll
0x00007ffaaff60000 - 0x00007ffaafffd000 	C:\Windows\System32\msvcp_win.dll
0x00007ffab1f70000 - 0x00007ffab1f9f000 	C:\Windows\System32\IMM32.DLL
0x00007ffaa8570000 - 0x00007ffaa857c000 	C:\Users\39\.jdks\jbr-17.0.12-1\bin\vcruntime140_1.dll
0x00007ffa80a50000 - 0x00007ffa80add000 	C:\Users\39\.jdks\jbr-17.0.12-1\bin\msvcp140.dll
0x00007ffa3b010000 - 0x00007ffa3bc9a000 	C:\Users\39\.jdks\jbr-17.0.12-1\bin\server\jvm.dll
0x00007ffab0330000 - 0x00007ffab03df000 	C:\Windows\System32\ADVAPI32.dll
0x00007ffab1860000 - 0x00007ffab18ff000 	C:\Windows\System32\sechost.dll
0x00007ffab1e40000 - 0x00007ffab1f63000 	C:\Windows\System32\RPCRT4.dll
0x00007ffaaf810000 - 0x00007ffaaf837000 	C:\Windows\System32\bcrypt.dll
0x00007ffab1fa0000 - 0x00007ffab200b000 	C:\Windows\System32\WS2_32.dll
0x00007ffaaf260000 - 0x00007ffaaf2ab000 	C:\Windows\SYSTEM32\POWRPROF.dll
0x00007ffa9b820000 - 0x00007ffa9b847000 	C:\Windows\SYSTEM32\WINMM.dll
0x00007ffaac050000 - 0x00007ffaac05a000 	C:\Windows\SYSTEM32\VERSION.dll
0x00007ffaaf010000 - 0x00007ffaaf022000 	C:\Windows\SYSTEM32\UMPDC.dll
0x00007ffaac760000 - 0x00007ffaac772000 	C:\Windows\SYSTEM32\kernel.appcore.dll
0x00007ffaa78a0000 - 0x00007ffaa78aa000 	C:\Users\39\.jdks\jbr-17.0.12-1\bin\jimage.dll
0x00007ffaaf070000 - 0x00007ffaaf254000 	C:\Windows\SYSTEM32\DBGHELP.DLL
0x00007ffaaf030000 - 0x00007ffaaf064000 	C:\Windows\SYSTEM32\dbgcore.DLL
0x00007ffaaf840000 - 0x00007ffaaf8c2000 	C:\Windows\System32\bcryptPrimitives.dll
0x00007ffaa7100000 - 0x00007ffaa7125000 	C:\Users\39\.jdks\jbr-17.0.12-1\bin\java.dll
0x00007ffa44fd0000 - 0x00007ffa450a7000 	C:\Users\39\.jdks\jbr-17.0.12-1\bin\jsvml.dll
0x00007ffab0e90000 - 0x00007ffab15fd000 	C:\Windows\System32\SHELL32.dll
0x00007ffaac9a0000 - 0x00007ffaad144000 	C:\Windows\SYSTEM32\windows.storage.dll
0x00007ffab1ae0000 - 0x00007ffab1e35000 	C:\Windows\System32\combase.dll
0x00007ffaae990000 - 0x00007ffaae9bf000 	C:\Windows\SYSTEM32\Wldp.dll
0x00007ffab1990000 - 0x00007ffab1a5d000 	C:\Windows\System32\OLEAUT32.dll
0x00007ffab17b0000 - 0x00007ffab185d000 	C:\Windows\System32\SHCORE.dll
0x00007ffab00d0000 - 0x00007ffab0125000 	C:\Windows\System32\shlwapi.dll
0x00007ffaaf620000 - 0x00007ffaaf644000 	C:\Windows\SYSTEM32\profapi.dll
0x00007ffaa3170000 - 0x00007ffaa3189000 	C:\Users\39\.jdks\jbr-17.0.12-1\bin\net.dll
0x00007ffaa58e0000 - 0x00007ffaa59ea000 	C:\Windows\SYSTEM32\WINHTTP.dll
0x00007ffaae710000 - 0x00007ffaae77c000 	C:\Windows\system32\mswsock.dll
0x00007ffaa2a10000 - 0x00007ffaa2a26000 	C:\Users\39\.jdks\jbr-17.0.12-1\bin\nio.dll
0x00007ffaa70e0000 - 0x00007ffaa70f8000 	C:\Users\39\.jdks\jbr-17.0.12-1\bin\zip.dll
0x0000025b54580000 - 0x0000025b54583000 	C:\Users\39\.openjfx\cache\21.0.2+5\amd64\api-ms-win-core-console-l1-1-0.dll
0x0000025b54590000 - 0x0000025b54593000 	C:\Users\39\.openjfx\cache\21.0.2+5\amd64\api-ms-win-core-console-l1-2-0.dll
0x0000025b545a0000 - 0x0000025b545a3000 	C:\Users\39\.openjfx\cache\21.0.2+5\amd64\api-ms-win-core-datetime-l1-1-0.dll
0x0000025b545b0000 - 0x0000025b545b3000 	C:\Users\39\.openjfx\cache\21.0.2+5\amd64\api-ms-win-core-debug-l1-1-0.dll
0x0000025b545c0000 - 0x0000025b545c3000 	C:\Users\39\.openjfx\cache\21.0.2+5\amd64\api-ms-win-core-errorhandling-l1-1-0.dll
0x0000025b545d0000 - 0x0000025b545d4000 	C:\Users\39\.openjfx\cache\21.0.2+5\amd64\api-ms-win-core-file-l1-1-0.dll
0x0000025b545e0000 - 0x0000025b545e3000 	C:\Users\39\.openjfx\cache\21.0.2+5\amd64\api-ms-win-core-file-l1-2-0.dll
0x0000025b545f0000 - 0x0000025b545f3000 	C:\Users\39\.openjfx\cache\21.0.2+5\amd64\api-ms-win-core-file-l2-1-0.dll
0x0000025b6cec0000 - 0x0000025b6cec3000 	C:\Users\39\.openjfx\cache\21.0.2+5\amd64\api-ms-win-core-handle-l1-1-0.dll
0x0000025b6ced0000 - 0x0000025b6ced3000 	C:\Users\39\.openjfx\cache\21.0.2+5\amd64\api-ms-win-core-heap-l1-1-0.dll
0x0000025b6cee0000 - 0x0000025b6cee3000 	C:\Users\39\.openjfx\cache\21.0.2+5\amd64\api-ms-win-core-interlocked-l1-1-0.dll
0x0000025b6cef0000 - 0x0000025b6cef3000 	C:\Users\39\.openjfx\cache\21.0.2+5\amd64\api-ms-win-core-libraryloader-l1-1-0.dll
0x0000025b6cf00000 - 0x0000025b6cf03000 	C:\Users\39\.openjfx\cache\21.0.2+5\amd64\api-ms-win-core-localization-l1-2-0.dll
0x0000025b6cf10000 - 0x0000025b6cf13000 	C:\Users\39\.openjfx\cache\21.0.2+5\amd64\api-ms-win-core-memory-l1-1-0.dll
0x0000025b6cf20000 - 0x0000025b6cf23000 	C:\Users\39\.openjfx\cache\21.0.2+5\amd64\api-ms-win-core-namedpipe-l1-1-0.dll
0x0000025b6cf30000 - 0x0000025b6cf33000 	C:\Users\39\.openjfx\cache\21.0.2+5\amd64\api-ms-win-core-processenvironment-l1-1-0.dll
0x0000025b6cf40000 - 0x0000025b6cf43000 	C:\Users\39\.openjfx\cache\21.0.2+5\amd64\api-ms-win-core-processthreads-l1-1-0.dll
0x0000025b6cf50000 - 0x0000025b6cf53000 	C:\Users\39\.openjfx\cache\21.0.2+5\amd64\api-ms-win-core-processthreads-l1-1-1.dll
0x0000025b6cf60000 - 0x0000025b6cf63000 	C:\Users\39\.openjfx\cache\21.0.2+5\amd64\api-ms-win-core-profile-l1-1-0.dll
0x0000025b6cf70000 - 0x0000025b6cf73000 	C:\Users\39\.openjfx\cache\21.0.2+5\amd64\api-ms-win-core-rtlsupport-l1-1-0.dll
0x0000025b6cf80000 - 0x0000025b6cf83000 	C:\Users\39\.openjfx\cache\21.0.2+5\amd64\api-ms-win-core-string-l1-1-0.dll
0x0000025b6cf90000 - 0x0000025b6cf93000 	C:\Users\39\.openjfx\cache\21.0.2+5\amd64\api-ms-win-core-synch-l1-1-0.dll
0x0000025b6cfa0000 - 0x0000025b6cfa3000 	C:\Users\39\.openjfx\cache\21.0.2+5\amd64\api-ms-win-core-synch-l1-2-0.dll
0x0000025b6cfb0000 - 0x0000025b6cfb3000 	C:\Users\39\.openjfx\cache\21.0.2+5\amd64\api-ms-win-core-sysinfo-l1-1-0.dll
0x0000025b6cfc0000 - 0x0000025b6cfc3000 	C:\Users\39\.openjfx\cache\21.0.2+5\amd64\api-ms-win-core-timezone-l1-1-0.dll
0x0000025b6cfd0000 - 0x0000025b6cfd3000 	C:\Users\39\.openjfx\cache\21.0.2+5\amd64\api-ms-win-core-util-l1-1-0.dll
0x0000025b6cfe0000 - 0x0000025b6cfe3000 	C:\Users\39\.openjfx\cache\21.0.2+5\amd64\api-ms-win-crt-conio-l1-1-0.dll
0x0000025b6cff0000 - 0x0000025b6cff4000 	C:\Users\39\.openjfx\cache\21.0.2+5\amd64\api-ms-win-crt-convert-l1-1-0.dll
0x0000025b71000000 - 0x0000025b71003000 	C:\Users\39\.openjfx\cache\21.0.2+5\amd64\api-ms-win-crt-environment-l1-1-0.dll
0x0000025b71010000 - 0x0000025b71013000 	C:\Users\39\.openjfx\cache\21.0.2+5\amd64\api-ms-win-crt-filesystem-l1-1-0.dll
0x0000025b71020000 - 0x0000025b71023000 	C:\Users\39\.openjfx\cache\21.0.2+5\amd64\api-ms-win-crt-heap-l1-1-0.dll
0x0000025b71030000 - 0x0000025b71033000 	C:\Users\39\.openjfx\cache\21.0.2+5\amd64\api-ms-win-crt-locale-l1-1-0.dll
0x0000025b71040000 - 0x0000025b71045000 	C:\Users\39\.openjfx\cache\21.0.2+5\amd64\api-ms-win-crt-math-l1-1-0.dll
0x0000025b71050000 - 0x0000025b71055000 	C:\Users\39\.openjfx\cache\21.0.2+5\amd64\api-ms-win-crt-multibyte-l1-1-0.dll
0x0000025b71060000 - 0x0000025b71070000 	C:\Users\39\.openjfx\cache\21.0.2+5\amd64\api-ms-win-crt-private-l1-1-0.dll
0x0000025b71070000 - 0x0000025b71073000 	C:\Users\39\.openjfx\cache\21.0.2+5\amd64\api-ms-win-crt-process-l1-1-0.dll
0x0000025b71080000 - 0x0000025b71084000 	C:\Users\39\.openjfx\cache\21.0.2+5\amd64\api-ms-win-crt-runtime-l1-1-0.dll
0x0000025b71090000 - 0x0000025b71094000 	C:\Users\39\.openjfx\cache\21.0.2+5\amd64\api-ms-win-crt-stdio-l1-1-0.dll
0x0000025b710a0000 - 0x0000025b710a4000 	C:\Users\39\.openjfx\cache\21.0.2+5\amd64\api-ms-win-crt-string-l1-1-0.dll
0x0000025b710b0000 - 0x0000025b710b3000 	C:\Users\39\.openjfx\cache\21.0.2+5\amd64\api-ms-win-crt-time-l1-1-0.dll
0x0000025b710c0000 - 0x0000025b710c3000 	C:\Users\39\.openjfx\cache\21.0.2+5\amd64\api-ms-win-crt-utility-l1-1-0.dll
0x00007ffa448e0000 - 0x00007ffa449dc000 	C:\Users\39\.openjfx\cache\21.0.2+5\amd64\ucrtbase.dll
0x00007ffa99250000 - 0x00007ffa9926b000 	C:\Users\39\.openjfx\cache\21.0.2+5\amd64\vcruntime140.dll
0x00007ffa9b690000 - 0x00007ffa9b69c000 	C:\Users\39\.openjfx\cache\21.0.2+5\amd64\vcruntime140_1.dll
0x00007ffa73e60000 - 0x00007ffa73eee000 	C:\Users\39\.openjfx\cache\21.0.2+5\amd64\msvcp140.dll
0x00007ffa9aab0000 - 0x00007ffa9aab9000 	C:\Users\39\.openjfx\cache\21.0.2+5\amd64\msvcp140_1.dll
0x00007ffa962f0000 - 0x00007ffa96331000 	C:\Users\39\.openjfx\cache\21.0.2+5\amd64\msvcp140_2.dll
0x00007ffa98de0000 - 0x00007ffa98e10000 	C:\Users\39\.openjfx\cache\21.0.2+5\amd64\prism_d3d.dll
0x00007ffaa7b40000 - 0x00007ffaa7d11000 	C:\Windows\system32\d3d9.dll
0x00007ffaac550000 - 0x00007ffaac57f000 	C:\Windows\SYSTEM32\dwmapi.dll
0x00007ffaac2f0000 - 0x00007ffaac38e000 	C:\Windows\system32\uxtheme.dll
0x00007ffa492f0000 - 0x00007ffa49455000 	C:\Windows\System32\DriverStore\FileRepository\iigd_dch.inf_amd64_4b31d9b38e2bb506\igdumdim64.dll
0x00007ffab0960000 - 0x00007ffab0a8b000 	C:\Windows\System32\ole32.dll
0x00007ffa45660000 - 0x00007ffa492eb000 	C:\Windows\System32\DriverStore\FileRepository\iigd_dch.inf_amd64_4b31d9b38e2bb506\igd9dxva64.dll
0x00007ffab03e0000 - 0x00007ffab0851000 	C:\Windows\System32\SETUPAPI.dll
0x00007ffaaf8d0000 - 0x00007ffaaf91e000 	C:\Windows\System32\cfgmgr32.dll
0x00007ffaa2d10000 - 0x00007ffaa3046000 	C:\Windows\System32\DriverStore\FileRepository\iigd_dch.inf_amd64_4b31d9b38e2bb506\igdgmm64.dll
0x00007ffa88320000 - 0x00007ffa88362000 	C:\Users\39\.openjfx\cache\21.0.2+5\amd64\glass.dll
0x00007ffab0c90000 - 0x00007ffab0d6a000 	C:\Windows\System32\COMDLG32.dll
0x00007ffab0d70000 - 0x00007ffab0e85000 	C:\Windows\System32\MSCTF.dll
0x00007ffa96eb0000 - 0x00007ffa96ed7000 	C:\Windows\System32\DriverStore\FileRepository\iigd_dch.inf_amd64_4b31d9b38e2bb506\igdinfo64.dll
0x00007ffaaf460000 - 0x00007ffaaf478000 	C:\Windows\SYSTEM32\CRYPTSP.dll
0x00007ffaae090000 - 0x00007ffaae0c4000 	C:\Windows\system32\rsaenh.dll
0x00007ffaae900000 - 0x00007ffaae90c000 	C:\Windows\SYSTEM32\CRYPTBASE.dll
0x00007ffa9cb20000 - 0x00007ffa9f8af000 	C:\Windows\System32\DriverStore\FileRepository\iigd_dch.inf_amd64_4b31d9b38e2bb506\igc64.dll
0x00007ffaa3520000 - 0x00007ffaa355b000 	C:\Windows\SYSTEM32\dxcore.dll
0x00007ffaae430000 - 0x00007ffaae4fa000 	C:\Windows\SYSTEM32\DNSAPI.dll
0x00007ffaae3f0000 - 0x00007ffaae42b000 	C:\Windows\SYSTEM32\IPHLPAPI.DLL
0x00007ffab0a90000 - 0x00007ffab0a98000 	C:\Windows\System32\NSI.dll
0x00007ffaa69f0000 - 0x00007ffaa69fa000 	C:\Windows\System32\rasadhlp.dll
0x00007ffaa2140000 - 0x00007ffaa21c0000 	C:\Windows\System32\fwpuclnt.dll
0x00007ffaa2880000 - 0x00007ffaa2889000 	C:\Users\39\.jdks\jbr-17.0.12-1\bin\extnet.dll
0x00007ffa982a0000 - 0x00007ffa982b4000 	C:\Users\39\.openjfx\cache\21.0.2+5\amd64\javafx_font.dll
0x00007ffa9bce0000 - 0x00007ffa9bf5f000 	C:\Windows\SYSTEM32\dwrite.dll
0x00007ffab0b10000 - 0x00007ffab0bb9000 	C:\Windows\System32\clbcatq.dll
0x00007ffaac060000 - 0x00007ffaac214000 	C:\Windows\SYSTEM32\WindowsCodecs.dll
0x00007ffa9b890000 - 0x00007ffa9b8ce000 	C:\Windows\system32\dataexchange.dll
0x00007ffaa91f0000 - 0x00007ffaa93d4000 	C:\Windows\system32\dcomp.dll
0x00007ffaa82b0000 - 0x00007ffaa8513000 	C:\Windows\system32\d3d11.dll
0x00007ffaad270000 - 0x00007ffaad366000 	C:\Windows\system32\dxgi.dll
0x00007ffaa6b80000 - 0x00007ffaa6d83000 	C:\Windows\system32\twinapi.appcore.dll

dbghelp: loaded successfully - version: 4.0.5 - missing functions: none
symbol engine: initialized successfully - sym options: 0x614 - pdb path: .;C:\Users\39\.jdks\jbr-17.0.12-1\bin;C:\Windows\SYSTEM32;C:\Windows\WinSxS\amd64_microsoft.windows.common-controls_6595b64144ccf1df_6.0.19041.4355_none_60b8b9eb71f62e16;C:\Users\39\.jdks\jbr-17.0.12-1\bin\server;C:\Users\39\.openjfx\cache\21.0.2+5\amd64;C:\Windows\System32\DriverStore\FileRepository\iigd_dch.inf_amd64_4b31d9b38e2bb506;C:\Program Files\Common Files\Microsoft Shared\Ink

VM Arguments:
jvm_args: --module-path=C:\Users\39\.m2\repository\org\openjfx\javafx-base\21.0.2\javafx-base-21.0.2-win.jar;C:\Users\39\.m2\repository\org\openjfx\javafx-base\21.0.2\javafx-base-21.0.2.jar;C:\Users\39\.m2\repository\org\openjfx\javafx-controls\21.0.2\javafx-controls-21.0.2-win.jar;C:\Users\39\.m2\repository\org\openjfx\javafx-controls\21.0.2\javafx-controls-21.0.2.jar;C:\Users\39\.m2\repository\org\openjfx\javafx-fxml\21.0.2\javafx-fxml-21.0.2-win.jar;C:\Users\39\.m2\repository\org\openjfx\javafx-fxml\21.0.2\javafx-fxml-21.0.2.jar;C:\Users\39\.m2\repository\org\openjfx\javafx-graphics\21.0.2\javafx-graphics-21.0.2-win.jar;C:\Users\39\.m2\repository\org\openjfx\javafx-graphics\21.0.2\javafx-graphics-21.0.2.jar;C:\Users\39\.m2\repository\org\openjfx\javafx-media\21.0.2\javafx-media-21.0.2-win.jar;C:\Users\39\.m2\repository\org\openjfx\javafx-media\21.0.2\javafx-media-21.0.2.jar;C:\Users\39\.m2\repository\org\openjfx\javafx-web\21.0.2\javafx-web-21.0.2-win.jar;C:\Users\39\.m2\repository\org\openjfx\javafx-web\21.0.2\javafx-web-21.0.2.jar --add-modules=javafx.base,javafx.controls,javafx.fxml,javafx.graphics,javafx.media,javafx.web 
java_command: org.gymify.tests.MainApp
java_class_path (initial): C:\Users\39\Documents\GitHub\DevAthletes\DevAthletes\gymify\target\classes;C:\Users\39\.m2\repository\com\fasterxml\jackson\core\jackson-annotations\2.12.7\jackson-annotations-2.12.7.jar;C:\Users\39\.m2\repository\com\fasterxml\jackson\core\jackson-core\2.12.7\jackson-core-2.12.7.jar;C:\Users\39\.m2\repository\com\fasterxml\jackson\core\jackson-databind\2.12.7.1\jackson-databind-2.12.7.1.jar;C:\Users\39\.m2\repository\com\google\protobuf\protobuf-java\3.21.9\protobuf-java-3.21.9.jar;C:\Users\39\.m2\repository\com\mysql\mysql-connector-j\8.0.33\mysql-connector-j-8.0.33.jar;C:\Users\39\.m2\repository\io\jsonwebtoken\jjwt\0.12.0\jjwt-0.12.0.jar;C:\Users\39\.m2\repository\io\jsonwebtoken\jjwt-api\0.12.0\jjwt-api-0.12.0.jar;C:\Users\39\.m2\repository\io\jsonwebtoken\jjwt-impl\0.12.0\jjwt-impl-0.12.0.jar;C:\Users\39\.m2\repository\io\jsonwebtoken\jjwt-jackson\0.12.0\jjwt-jackson-0.12.0.jar;C:\Users\39\.m2\repository\jakarta\activation\jakarta.activation-api\2.1.0\jakarta.activation-api-2.1.0.jar;C:\Users\39\.m2\repository\jakarta\mail\jakarta.mail-api\2.1.0\jakarta.mail-api-2.1.0.jar;C:\Users\39\.m2\repository\junit\junit\4.13\junit-4.13.jar;C:\Users\39\.m2\repository\org\assertj\assertj-core\3.13.2\assertj-core-3.13.2.jar;C:\Users\39\.m2\repository\org\eclipse\angus\angus-activation\2.0.1\angus-activation-2.0.1.jar;C:\Users\39\.m2\repository\org\eclipse\angus\angus-mail\2.0.2\angus-mail-2.0.2.jar;C:\Users\39\.m2\repository\org\hamcrest\hamcrest-core\1.3\hamcrest-core-1.3.jar;C:\Users\39\.m2\repository\org\jfxtras\jfxtras-agenda\14-r1\jfxtras-agenda-14-r1.jar;C:\Users\39\.m2\repository\org\jfxtras\jfxtras-common\14-r1\jfxtras-common-14-r1.jar;C:\Users\39\.m2\repository\org\jfxtras\jfxtras-controls\14-r1\jfxtras-controls-14-r1.jar;C:\Users\39\.m2\repository\org\jfxtras\jfxtras-fxml\14-r1\jfxtras-fxml-14-r1.jar;C:\Users\39\.m2\repository\org\jfxtras\jfxtras-test-support\14-r1\jfxtras-test-support-14-r1.jar;C:\Users\39\.m2\repository\org\mindrot\
Launcher Type: SUN_STANDARD

[Global flags]
     intx CICompilerCount                          = 4                                         {product} {ergonomic}
     uint ConcGCThreads                            = 2                                         {product} {ergonomic}
     uint G1ConcRefinementThreads                  = 8                                         {product} {ergonomic}
   size_t G1HeapRegionSize                         = 1048576                                   {product} {ergonomic}
    uintx GCDrainStackTargetSize                   = 64                                        {product} {ergonomic}
   size_t InitialHeapSize                          = 65011712                                  {product} {ergonomic}
   size_t MarkStackSize                            = 4194304                                   {product} {ergonomic}
   size_t MaxHeapSize                              = 1031798784                                {product} {ergonomic}
   size_t MaxNewSize                               = 618659840                                 {product} {ergonomic}
   size_t MinHeapDeltaBytes                        = 1048576                                   {product} {ergonomic}
   size_t MinHeapSize                              = 8388608                                   {product} {ergonomic}
    uintx NonNMethodCodeHeapSize                   = 5839372                                {pd product} {ergonomic}
    uintx NonProfiledCodeHeapSize                  = 122909434                              {pd product} {ergonomic}
    uintx ProfiledCodeHeapSize                     = 122909434                              {pd product} {ergonomic}
    uintx ReservedCodeCacheSize                    = 251658240                              {pd product} {ergonomic}
     bool SegmentedCodeCache                       = true                                      {product} {ergonomic}
   size_t SoftMaxHeapSize                          = 1031798784                             {manageable} {ergonomic}
     bool UseCompressedClassPointers               = true                           {product lp64_product} {ergonomic}
     bool UseCompressedOops                        = true                           {product lp64_product} {ergonomic}
     bool UseG1GC                                  = true                                      {product} {ergonomic}
     bool UseLargePagesIndividualAllocation        = false                                  {pd product} {ergonomic}

Logging:
Log output configuration:
 #0: stdout all=warning uptime,level,tags
 #1: stderr all=off uptime,level,tags

Environment Variables:
PATH=C:\oraclexe\app\oracle\product\11.2.0\server\bin;C:\Users\39\.jdks\jbr-17.0.12-1\bin;C:\Program Files (x86)\VMware\VMware Workstation\bin\;C:\Users\39\.jdks\jbr-17.0.12\bin;C:\Windows\system32;C:\Windows;C:\Windows\System32\Wbem;C:\Windows\System32\WindowsPowerShell\v1.0\;C:\Windows\System32\OpenSSH\;C:\xampp\php;C:\composer;C:\Program Files\Git\cmd;C:\Program Files (x86)\CodeBlocks\MinGW\bin;C:\Program Files (x86)\GnuWin32\bin;C:\Program Files\Apache\Maven\apache-maven-3.8.8\bin;C:\Users\39\scoop\shims;C:\Users\39\AppData\Local\Microsoft\WindowsApps;C:\Users\39\AppData\Roaming\Composer\vendor\bin;C:\Users\39\AppData\Local\Programs\Microsoft VS Code\bin;C:\Users\39\AppData\Local\GitHubDesktop\bin
USERNAME=39
OS=Windows_NT
PROCESSOR_IDENTIFIER=Intel64 Family 6 Model 142 Stepping 12, GenuineIntel
TMP=C:\Users\39\AppData\Local\Temp
TEMP=C:\Users\39\AppData\Local\Temp



Periodic native trim disabled

JNI global refs:
JNI global refs: 24, weak refs: 0

JNI global refs memory usage: 843, weak refs: 841

Process memory usage:
Resident Set Size: 170892K (4% of 4024112K total physical memory with 219448K free physical memory)

OOME stack traces (most recent first):
Classloader memory used:
Loader jdk.internal.loader.ClassLoaders$AppClassLoader                                 : 1637K
Loader bootstrap                                                                       : 684K
Loader jdk.internal.loader.ClassLoaders$PlatformClassLoader                            : 46857B
Loader jdk.internal.reflect.DelegatingClassLoader                                      : 1354B
Loader com.sun.javafx.reflect.MethodUtil                                               : 364B


[error occurred during error reporting (Classloader stats), id 0xe0000001, Out of Memory Error (s\src\hotspot\share\memory\arena.cpp:79)]


---------------  S Y S T E M  ---------------

OS:
 Windows 10 , 64 bit Build 19041 (10.0.19041.5438)
OS uptime: 1 days 23:00 hours

CPU: total 8 (initial active 8) (4 cores per cpu, 2 threads per core) family 6 model 142 stepping 12 microcode 0xde, cx8, cmov, fxsr, ht, mmx, 3dnowpref, sse, sse2, sse3, ssse3, sse4.1, sse4.2, popcnt, lzcnt, tsc, tscinvbit, avx, avx2, aes, erms, clmul, bmi1, bmi2, adx, fma, vzeroupper, clflush, clflushopt
Processor Information for processor 0
  Max Mhz: 2112, Current Mhz: 1609, Mhz Limit: 1605
Processor Information for processor 1
  Max Mhz: 2112, Current Mhz: 1408, Mhz Limit: 1605
Processor Information for processor 2
  Max Mhz: 2112, Current Mhz: 1609, Mhz Limit: 1605
Processor Information for processor 3
  Max Mhz: 2112, Current Mhz: 1609, Mhz Limit: 1605
Processor Information for processor 4
  Max Mhz: 2112, Current Mhz: 1408, Mhz Limit: 1605
Processor Information for processor 5
  Max Mhz: 2112, Current Mhz: 1609, Mhz Limit: 1605
Processor Information for processor 6
  Max Mhz: 2112, Current Mhz: 1408, Mhz Limit: 1605
Processor Information for processor 7
  Max Mhz: 2112, Current Mhz: 1408, Mhz Limit: 1605

Memory: 4k page, system-wide physical 3929M (214M free)
TotalPageFile size 16217M (AvailPageFile size 0M)
current process WorkingSet (physical memory assigned to process): 167M, peak: 167M
current process commit charge ("private bytes"): 221M, peak: 223M

vm_info: OpenJDK 64-Bit Server VM (17.0.12+1-b1207.37) for windows-amd64 JRE (17.0.12+1-b1207.37), built on 2024-09-25 by "builduser" with MS VC++ 16.10 / 16.11 (VS2019)

END.
