#
# There is insufficient memory for the Java Runtime Environment to continue.
# Native memory allocation (malloc) failed to allocate 293056 bytes. Error detail: Chunk::new
# Possible reasons:
#   The system is out of physical RAM or swap space
#   This process is running with CompressedOops enabled, and the Java Heap may be blocking the growth of the native heap
# Possible solutions:
#   Reduce memory load on the system
#   Increase physical memory or swap space
#   Check if swap backing store is full
#   Decrease Java heap size (-Xmx/-Xms)
#   Decrease number of Java threads
#   Decrease Java thread stack sizes (-Xss)
#   Set larger code cache with -XX:ReservedCodeCacheSize=
#   JVM is running with Unscaled Compressed Oops mode in which the Java heap is
#     placed in the first 4GB address space. The Java Heap base address is the
#     maximum limit for the native heap growth. Please use -XX:HeapBaseMinAddress
#     to set the Java Heap base and to place the Java Heap above 4GB virtual address.
# This output file may be truncated or incomplete.
#
#  Out of Memory Error (arena.cpp:191), pid=11280, tid=12120
#
# JRE version: OpenJDK Runtime Environment JBR-17.0.12+1-1207.37-nomod (17.0.12+1) (build 17.0.12+1-b1207.37)
# Java VM: OpenJDK 64-Bit Server VM JBR-17.0.12+1-1207.37-nomod (17.0.12+1-b1207.37, mixed mode, sharing, tiered, compressed oops, compressed class ptrs, g1 gc, windows-amd64)
# No core dump will be written. Minidumps are not enabled by default on client versions of Windows
#

---------------  S U M M A R Y ------------

Command Line: --module-path=C:\Users\39\.m2\repository\org\openjfx\javafx-base\21.0.2\javafx-base-21.0.2-win.jar;C:\Users\39\.m2\repository\org\openjfx\javafx-base\21.0.2\javafx-base-21.0.2.jar;C:\Users\39\.m2\repository\org\openjfx\javafx-controls\21.0.2\javafx-controls-21.0.2-win.jar;C:\Users\39\.m2\repository\org\openjfx\javafx-controls\21.0.2\javafx-controls-21.0.2.jar;C:\Users\39\.m2\repository\org\openjfx\javafx-fxml\21.0.2\javafx-fxml-21.0.2-win.jar;C:\Users\39\.m2\repository\org\openjfx\javafx-fxml\21.0.2\javafx-fxml-21.0.2.jar;C:\Users\39\.m2\repository\org\openjfx\javafx-graphics\21.0.2\javafx-graphics-21.0.2-win.jar;C:\Users\39\.m2\repository\org\openjfx\javafx-graphics\21.0.2\javafx-graphics-21.0.2.jar;C:\Users\39\.m2\repository\org\openjfx\javafx-media\21.0.2\javafx-media-21.0.2-win.jar;C:\Users\39\.m2\repository\org\openjfx\javafx-media\21.0.2\javafx-media-21.0.2.jar;C:\Users\39\.m2\repository\org\openjfx\javafx-web\21.0.2\javafx-web-21.0.2-win.jar;C:\Users\39\.m2\repository\org\openjfx\javafx-web\21.0.2\javafx-web-21.0.2.jar --add-modules=javafx.base,javafx.controls,javafx.fxml,javafx.graphics,javafx.media,javafx.web org.gymify.tests.MainApp

Host: Intel(R) Core(TM) i5-10210U CPU @ 1.60GHz, 8 cores, 3G,  Windows 10 , 64 bit Build 19041 (10.0.19041.5438)
Time: Mon Mar  3 11:52:58 2025 Paris, Madrid elapsed time: 0.801258 seconds (0d 0h 0m 0s)

---------------  T H R E A D  ---------------

Current thread (0x000001eb96758910):  JavaThread "C2 CompilerThread0" daemon [_thread_in_native, id=12120, stack(0x000000c6b8100000,0x000000c6b8200000)]


Current CompileTask:
C2:    801 1051       4       java.util.Properties::loadConvert (540 bytes)

Stack: [0x000000c6b8100000,0x000000c6b8200000]
Native frames: (J=compiled Java code, j=interpreted, Vv=VM code, C=native code)
V  [jvm.dll+0x689d89]


---------------  P R O C E S S  ---------------

Threads class SMR info:
_java_thread_list=0x000001ebdc4f05a0, length=18, elements={
0x000001ebfecfe2e0, 0x000001eb967390a0, 0x000001eb96739f20, 0x000001eb96752030,
0x000001eb96754b00, 0x000001eb967554c0, 0x000001eb96756620, 0x000001eb96758910,
0x000001eb9675f8e0, 0x000001eb967602e0, 0x000001eb96abb6f0, 0x000001eb96c94f10,
0x000001eb96d1a900, 0x000001ebdc380010, 0x000001ebdc381460, 0x000001ebdc3ed280,
0x000001ebdc3d30f0, 0x000001ebdc471260
}

Java Threads: ( => current thread )
  0x000001ebfecfe2e0 JavaThread "main" [_thread_blocked, id=3708, stack(0x000000c6b7400000,0x000000c6b7500000)]
  0x000001eb967390a0 JavaThread "Reference Handler" daemon [_thread_blocked, id=14056, stack(0x000000c6b7b00000,0x000000c6b7c00000)]
  0x000001eb96739f20 JavaThread "Finalizer" daemon [_thread_blocked, id=17064, stack(0x000000c6b7c00000,0x000000c6b7d00000)]
  0x000001eb96752030 JavaThread "Signal Dispatcher" daemon [_thread_blocked, id=9864, stack(0x000000c6b7d00000,0x000000c6b7e00000)]
  0x000001eb96754b00 JavaThread "Attach Listener" daemon [_thread_blocked, id=15960, stack(0x000000c6b7e00000,0x000000c6b7f00000)]
  0x000001eb967554c0 JavaThread "Service Thread" daemon [_thread_blocked, id=8428, stack(0x000000c6b7f00000,0x000000c6b8000000)]
  0x000001eb96756620 JavaThread "Monitor Deflation Thread" daemon [_thread_blocked, id=16124, stack(0x000000c6b8000000,0x000000c6b8100000)]
=>0x000001eb96758910 JavaThread "C2 CompilerThread0" daemon [_thread_in_native, id=12120, stack(0x000000c6b8100000,0x000000c6b8200000)]
  0x000001eb9675f8e0 JavaThread "C1 CompilerThread0" daemon [_thread_in_native, id=1348, stack(0x000000c6b8200000,0x000000c6b8300000)]
  0x000001eb967602e0 JavaThread "Sweeper thread" daemon [_thread_blocked, id=5804, stack(0x000000c6b8300000,0x000000c6b8400000)]
  0x000001eb96abb6f0 JavaThread "Common-Cleaner" daemon [_thread_blocked, id=148, stack(0x000000c6b8400000,0x000000c6b8500000)]
  0x000001eb96c94f10 JavaThread "Notification Thread" daemon [_thread_blocked, id=16528, stack(0x000000c6b8600000,0x000000c6b8700000)]
  0x000001eb96d1a900 JavaThread "QuantumRenderer-0" daemon [_thread_blocked, id=14508, stack(0x000000c6b8800000,0x000000c6b8900000)]
  0x000001ebdc380010 JavaThread "InvokeLaterDispatcher" daemon [_thread_blocked, id=14636, stack(0x000000c6b8500000,0x000000c6b8600000)]
  0x000001ebdc381460 JavaThread "JavaFX Application Thread" [_thread_in_native, id=1448, stack(0x000000c6b8900000,0x000000c6b8a00000)]
  0x000001ebdc3ed280 JavaThread "JavaFX-Launcher" [_thread_blocked, id=7028, stack(0x000000c6b8b00000,0x000000c6b8c00000)]
  0x000001ebdc3d30f0 JavaThread "Thread-2" daemon [_thread_in_native, id=11372, stack(0x000000c6b8a00000,0x000000c6b8b00000)]
  0x000001ebdc471260 JavaThread "mysql-cj-abandoned-connection-cleanup" daemon [_thread_blocked, id=20160, stack(0x000000c6b8c00000,0x000000c6b8d00000)]

Other Threads:
  0x000001eb96735440 VMThread "VM Thread" [stack: 0x000000c6b7a00000,0x000000c6b7b00000] [id=19648]
  0x000001ebfecff1b0 WatcherThread [stack: 0x000000c6b8700000,0x000000c6b8800000] [id=9672]
  0x000001ebfed39c70 GCTaskThread "GC Thread#0" [stack: 0x000000c6b7500000,0x000000c6b7600000] [id=10700]
  0x000001ebdc472160 GCTaskThread "GC Thread#1" [stack: 0x000000c6b8d00000,0x000000c6b8e00000] [id=15720]
  0x000001ebdc472420 GCTaskThread "GC Thread#2" [stack: 0x000000c6b8e00000,0x000000c6b8f00000] [id=12884]
  0x000001ebdc474890 GCTaskThread "GC Thread#3" [stack: 0x000000c6b8f00000,0x000000c6b9000000] [id=10928]
  0x000001ebdc474b50 GCTaskThread "GC Thread#4" [stack: 0x000000c6b9000000,0x000000c6b9100000] [id=17784]
  0x000001ebdc475220 GCTaskThread "GC Thread#5" [stack: 0x000000c6b9100000,0x000000c6b9200000] [id=13980]
  0x000001ebfed436d0 ConcurrentGCThread "G1 Main Marker" [stack: 0x000000c6b7600000,0x000000c6b7700000] [id=11644]
  0x000001ebfed440f0 ConcurrentGCThread "G1 Conc#0" [stack: 0x000000c6b7700000,0x000000c6b7800000] [id=5260]
  0x000001ebfed96a60 ConcurrentGCThread "G1 Refine#0" [stack: 0x000000c6b7800000,0x000000c6b7900000] [id=7724]
  0x000001ebfed97490 ConcurrentGCThread "G1 Service" [stack: 0x000000c6b7900000,0x000000c6b7a00000] [id=17872]

Threads with active compile tasks:
C2 CompilerThread0      822 1051       4       java.util.Properties::loadConvert (540 bytes)
C1 CompilerThread0      823 1098   !   3       java.net.URL::<init> (543 bytes)

VM state: not at safepoint (normal execution)

VM Mutex/Monitor currently owned by a thread: None

Heap address: 0x00000000c2800000, size: 984 MB, Compressed Oops mode: 32-bit

CDS archive(s) mapped at: [0x000001eb97000000-0x000001eb97c00000-0x000001eb97c00000), size 12582912, SharedBaseAddress: 0x000001eb97000000, ArchiveRelocationMode: 1.
Compressed class space mapped at: 0x000001eb98000000-0x000001ebd8000000, reserved size: 1073741824
Narrow klass base: 0x000001eb97000000, Narrow klass shift: 0, Narrow klass range: 0x100000000

GC Precious Log:
 CPUs: 8 total, 8 available
 Memory: 3929M
 Large Page Support: Disabled
 NUMA Support: Disabled
 Compressed Oops: Enabled (32-bit)
 Heap Region Size: 1M
 Heap Min Capacity: 8M
 Heap Initial Capacity: 62M
 Heap Max Capacity: 984M
 Pre-touch: Disabled
 Parallel Workers: 8
 Concurrent Workers: 2
 Concurrent Refinement Workers: 8
 Periodic GC: Disabled

Heap:
 garbage-first heap   total 63488K, used 5830K [0x00000000c2800000, 0x0000000100000000)
  region size 1024K, 6 young (6144K), 3 survivors (3072K)
 Metaspace       used 6703K, committed 6912K, reserved 1114112K
  class space    used 780K, committed 896K, reserved 1048576K

Heap Regions: E=young(eden), S=young(survivor), O=old, HS=humongous(starts), HC=humongous(continues), CS=collection set, F=free, OA=open archive, CA=closed archive, TAMS=top-at-mark-start (previous, next)
|   0|0x00000000c2800000, 0x00000000c28b1800, 0x00000000c2900000| 69%| O|  |TAMS 0x00000000c2800000, 0x00000000c2800000| Untracked 
|   1|0x00000000c2900000, 0x00000000c2900000, 0x00000000c2a00000|  0%| F|  |TAMS 0x00000000c2900000, 0x00000000c2900000| Untracked 
|   2|0x00000000c2a00000, 0x00000000c2a00000, 0x00000000c2b00000|  0%| F|  |TAMS 0x00000000c2a00000, 0x00000000c2a00000| Untracked 
|   3|0x00000000c2b00000, 0x00000000c2b00000, 0x00000000c2c00000|  0%| F|  |TAMS 0x00000000c2b00000, 0x00000000c2b00000| Untracked 
|   4|0x00000000c2c00000, 0x00000000c2c00000, 0x00000000c2d00000|  0%| F|  |TAMS 0x00000000c2c00000, 0x00000000c2c00000| Untracked 
|   5|0x00000000c2d00000, 0x00000000c2d00000, 0x00000000c2e00000|  0%| F|  |TAMS 0x00000000c2d00000, 0x00000000c2d00000| Untracked 
|   6|0x00000000c2e00000, 0x00000000c2e00000, 0x00000000c2f00000|  0%| F|  |TAMS 0x00000000c2e00000, 0x00000000c2e00000| Untracked 
|   7|0x00000000c2f00000, 0x00000000c2f00000, 0x00000000c3000000|  0%| F|  |TAMS 0x00000000c2f00000, 0x00000000c2f00000| Untracked 
|   8|0x00000000c3000000, 0x00000000c3000000, 0x00000000c3100000|  0%| F|  |TAMS 0x00000000c3000000, 0x00000000c3000000| Untracked 
|   9|0x00000000c3100000, 0x00000000c3100000, 0x00000000c3200000|  0%| F|  |TAMS 0x00000000c3100000, 0x00000000c3100000| Untracked 
|  10|0x00000000c3200000, 0x00000000c3200000, 0x00000000c3300000|  0%| F|  |TAMS 0x00000000c3200000, 0x00000000c3200000| Untracked 
|  11|0x00000000c3300000, 0x00000000c3300000, 0x00000000c3400000|  0%| F|  |TAMS 0x00000000c3300000, 0x00000000c3300000| Untracked 
|  12|0x00000000c3400000, 0x00000000c3400000, 0x00000000c3500000|  0%| F|  |TAMS 0x00000000c3400000, 0x00000000c3400000| Untracked 
|  13|0x00000000c3500000, 0x00000000c3500000, 0x00000000c3600000|  0%| F|  |TAMS 0x00000000c3500000, 0x00000000c3500000| Untracked 
|  14|0x00000000c3600000, 0x00000000c3600000, 0x00000000c3700000|  0%| F|  |TAMS 0x00000000c3600000, 0x00000000c3600000| Untracked 
|  15|0x00000000c3700000, 0x00000000c3700000, 0x00000000c3800000|  0%| F|  |TAMS 0x00000000c3700000, 0x00000000c3700000| Untracked 
|  16|0x00000000c3800000, 0x00000000c3800000, 0x00000000c3900000|  0%| F|  |TAMS 0x00000000c3800000, 0x00000000c3800000| Untracked 
|  17|0x00000000c3900000, 0x00000000c3900000, 0x00000000c3a00000|  0%| F|  |TAMS 0x00000000c3900000, 0x00000000c3900000| Untracked 
|  18|0x00000000c3a00000, 0x00000000c3a00000, 0x00000000c3b00000|  0%| F|  |TAMS 0x00000000c3a00000, 0x00000000c3a00000| Untracked 
|  19|0x00000000c3b00000, 0x00000000c3b00000, 0x00000000c3c00000|  0%| F|  |TAMS 0x00000000c3b00000, 0x00000000c3b00000| Untracked 
|  20|0x00000000c3c00000, 0x00000000c3c00000, 0x00000000c3d00000|  0%| F|  |TAMS 0x00000000c3c00000, 0x00000000c3c00000| Untracked 
|  21|0x00000000c3d00000, 0x00000000c3d00000, 0x00000000c3e00000|  0%| F|  |TAMS 0x00000000c3d00000, 0x00000000c3d00000| Untracked 
|  22|0x00000000c3e00000, 0x00000000c3e00000, 0x00000000c3f00000|  0%| F|  |TAMS 0x00000000c3e00000, 0x00000000c3e00000| Untracked 
|  23|0x00000000c3f00000, 0x00000000c3f00000, 0x00000000c4000000|  0%| F|  |TAMS 0x00000000c3f00000, 0x00000000c3f00000| Untracked 
|  24|0x00000000c4000000, 0x00000000c4000000, 0x00000000c4100000|  0%| F|  |TAMS 0x00000000c4000000, 0x00000000c4000000| Untracked 
|  25|0x00000000c4100000, 0x00000000c4100000, 0x00000000c4200000|  0%| F|  |TAMS 0x00000000c4100000, 0x00000000c4100000| Untracked 
|  26|0x00000000c4200000, 0x00000000c4200000, 0x00000000c4300000|  0%| F|  |TAMS 0x00000000c4200000, 0x00000000c4200000| Untracked 
|  27|0x00000000c4300000, 0x00000000c4300000, 0x00000000c4400000|  0%| F|  |TAMS 0x00000000c4300000, 0x00000000c4300000| Untracked 
|  28|0x00000000c4400000, 0x00000000c4400000, 0x00000000c4500000|  0%| F|  |TAMS 0x00000000c4400000, 0x00000000c4400000| Untracked 
|  29|0x00000000c4500000, 0x00000000c4500000, 0x00000000c4600000|  0%| F|  |TAMS 0x00000000c4500000, 0x00000000c4500000| Untracked 
|  30|0x00000000c4600000, 0x00000000c4600000, 0x00000000c4700000|  0%| F|  |TAMS 0x00000000c4600000, 0x00000000c4600000| Untracked 
|  31|0x00000000c4700000, 0x00000000c4700000, 0x00000000c4800000|  0%| F|  |TAMS 0x00000000c4700000, 0x00000000c4700000| Untracked 
|  32|0x00000000c4800000, 0x00000000c4800000, 0x00000000c4900000|  0%| F|  |TAMS 0x00000000c4800000, 0x00000000c4800000| Untracked 
|  33|0x00000000c4900000, 0x00000000c4900000, 0x00000000c4a00000|  0%| F|  |TAMS 0x00000000c4900000, 0x00000000c4900000| Untracked 
|  34|0x00000000c4a00000, 0x00000000c4a00000, 0x00000000c4b00000|  0%| F|  |TAMS 0x00000000c4a00000, 0x00000000c4a00000| Untracked 
|  35|0x00000000c4b00000, 0x00000000c4b00000, 0x00000000c4c00000|  0%| F|  |TAMS 0x00000000c4b00000, 0x00000000c4b00000| Untracked 
|  36|0x00000000c4c00000, 0x00000000c4d00000, 0x00000000c4d00000|100%| S|CS|TAMS 0x00000000c4c00000, 0x00000000c4c00000| Complete 
|  37|0x00000000c4d00000, 0x00000000c4e00000, 0x00000000c4e00000|100%| S|CS|TAMS 0x00000000c4d00000, 0x00000000c4d00000| Complete 
|  38|0x00000000c4e00000, 0x00000000c4f00000, 0x00000000c4f00000|100%| S|CS|TAMS 0x00000000c4e00000, 0x00000000c4e00000| Complete 
|  39|0x00000000c4f00000, 0x00000000c4f00000, 0x00000000c5000000|  0%| F|  |TAMS 0x00000000c4f00000, 0x00000000c4f00000| Untracked 
|  40|0x00000000c5000000, 0x00000000c5000000, 0x00000000c5100000|  0%| F|  |TAMS 0x00000000c5000000, 0x00000000c5000000| Untracked 
|  41|0x00000000c5100000, 0x00000000c5100000, 0x00000000c5200000|  0%| F|  |TAMS 0x00000000c5100000, 0x00000000c5100000| Untracked 
|  42|0x00000000c5200000, 0x00000000c5200000, 0x00000000c5300000|  0%| F|  |TAMS 0x00000000c5200000, 0x00000000c5200000| Untracked 
|  43|0x00000000c5300000, 0x00000000c5300000, 0x00000000c5400000|  0%| F|  |TAMS 0x00000000c5300000, 0x00000000c5300000| Untracked 
|  44|0x00000000c5400000, 0x00000000c5400000, 0x00000000c5500000|  0%| F|  |TAMS 0x00000000c5400000, 0x00000000c5400000| Untracked 
|  45|0x00000000c5500000, 0x00000000c5500000, 0x00000000c5600000|  0%| F|  |TAMS 0x00000000c5500000, 0x00000000c5500000| Untracked 
|  46|0x00000000c5600000, 0x00000000c5600000, 0x00000000c5700000|  0%| F|  |TAMS 0x00000000c5600000, 0x00000000c5600000| Untracked 
|  47|0x00000000c5700000, 0x00000000c5700000, 0x00000000c5800000|  0%| F|  |TAMS 0x00000000c5700000, 0x00000000c5700000| Untracked 
|  48|0x00000000c5800000, 0x00000000c5800000, 0x00000000c5900000|  0%| F|  |TAMS 0x00000000c5800000, 0x00000000c5800000| Untracked 
|  49|0x00000000c5900000, 0x00000000c5900000, 0x00000000c5a00000|  0%| F|  |TAMS 0x00000000c5900000, 0x00000000c5900000| Untracked 
|  50|0x00000000c5a00000, 0x00000000c5a00000, 0x00000000c5b00000|  0%| F|  |TAMS 0x00000000c5a00000, 0x00000000c5a00000| Untracked 
|  51|0x00000000c5b00000, 0x00000000c5b00000, 0x00000000c5c00000|  0%| F|  |TAMS 0x00000000c5b00000, 0x00000000c5b00000| Untracked 
|  52|0x00000000c5c00000, 0x00000000c5c00000, 0x00000000c5d00000|  0%| F|  |TAMS 0x00000000c5c00000, 0x00000000c5c00000| Untracked 
|  53|0x00000000c5d00000, 0x00000000c5d00000, 0x00000000c5e00000|  0%| F|  |TAMS 0x00000000c5d00000, 0x00000000c5d00000| Untracked 
|  54|0x00000000c5e00000, 0x00000000c5e00000, 0x00000000c5f00000|  0%| F|  |TAMS 0x00000000c5e00000, 0x00000000c5e00000| Untracked 
|  55|0x00000000c5f00000, 0x00000000c5f00000, 0x00000000c6000000|  0%| F|  |TAMS 0x00000000c5f00000, 0x00000000c5f00000| Untracked 
|  56|0x00000000c6000000, 0x00000000c6000000, 0x00000000c6100000|  0%| F|  |TAMS 0x00000000c6000000, 0x00000000c6000000| Untracked 
|  57|0x00000000c6100000, 0x00000000c6100000, 0x00000000c6200000|  0%| F|  |TAMS 0x00000000c6100000, 0x00000000c6100000| Untracked 
|  58|0x00000000c6200000, 0x00000000c6200000, 0x00000000c6300000|  0%| F|  |TAMS 0x00000000c6200000, 0x00000000c6200000| Untracked 
|  59|0x00000000c6300000, 0x00000000c6400000, 0x00000000c6400000|100%| E|  |TAMS 0x00000000c6300000, 0x00000000c6300000| Complete 
|  60|0x00000000c6400000, 0x00000000c6500000, 0x00000000c6500000|100%| E|CS|TAMS 0x00000000c6400000, 0x00000000c6400000| Complete 
|  61|0x00000000c6500000, 0x00000000c6600000, 0x00000000c6600000|100%| E|CS|TAMS 0x00000000c6500000, 0x00000000c6500000| Complete 

Card table byte_map: [0x000001ebff2e0000,0x000001ebff4d0000] _byte_map_base: 0x000001ebfeccc000

Marking Bits (Prev, Next): (CMBitMap*) 0x000001ebfed3a290, (CMBitMap*) 0x000001ebfed3a2d0
 Prev Bits: [0x000001eb92720000, 0x000001eb93680000)
 Next Bits: [0x000001eb93680000, 0x000001eb945e0000)

Polling page: 0x000001ebfe4c0000

Metaspace:

Usage:
  Non-class:      5.79 MB used.
      Class:    782.55 KB used.
       Both:      6.56 MB used.

Virtual space:
  Non-class space:       64.00 MB reserved,       5.88 MB (  9%) committed,  1 nodes.
      Class space:        1.00 GB reserved,     896.00 KB ( <1%) committed,  1 nodes.
             Both:        1.06 GB reserved,       6.75 MB ( <1%) committed. 

Chunk freelists:
   Non-Class:  8.89 MB
       Class:  14.97 MB
        Both:  23.87 MB

MaxMetaspaceSize: unlimited
CompressedClassSpaceSize: 1.00 GB
Initial GC threshold: 21.00 MB
Current GC threshold: 21.00 MB
CDS: on
MetaspaceReclaimPolicy: balanced
 - commit_granule_bytes: 65536.
 - commit_granule_words: 8192.
 - virtual_space_node_default_size: 8388608.
 - enlarge_chunks_in_place: 1.
 - new_chunks_are_fully_committed: 0.
 - uncommit_free_chunks: 1.
 - use_allocation_guard: 0.
 - handle_deallocations: 1.


Internal statistics:

num_allocs_failed_limit: 0.
num_arena_births: 104.
num_arena_deaths: 0.
num_vsnodes_births: 2.
num_vsnodes_deaths: 0.
num_space_committed: 108.
num_space_uncommitted: 0.
num_chunks_returned_to_freelist: 0.
num_chunks_taken_from_freelist: 292.
num_chunk_merges: 0.
num_chunk_splits: 190.
num_chunks_enlarged: 131.
num_inconsistent_stats: 0.

CodeHeap 'non-profiled nmethods': size=120000Kb used=355Kb max_used=355Kb free=119644Kb
 bounds [0x000001eb8b1f0000, 0x000001eb8b460000, 0x000001eb92720000]
CodeHeap 'profiled nmethods': size=120000Kb used=1740Kb max_used=1740Kb free=118259Kb
 bounds [0x000001eb83720000, 0x000001eb83990000, 0x000001eb8ac50000]
CodeHeap 'non-nmethods': size=5760Kb used=1193Kb max_used=1193Kb free=4567Kb
 bounds [0x000001eb8ac50000, 0x000001eb8aec0000, 0x000001eb8b1f0000]
 total_blobs=1587 nmethods=1093 adapters=407
 compilation: enabled
              stopped_count=0, restarted_count=0
 full_count=0

Compilation events (20 events):
Event: 0.792 Thread 0x000001eb9675f8e0 nmethod 1066 0x000001eb8b248590 code [0x000001eb8b248720, 0x000001eb8b2487f8]
Event: 0.793 Thread 0x000001eb9675f8e0 1069       3       jdk.internal.math.FDBigInteger::trimLeadingZeros (57 bytes)
Event: 0.793 Thread 0x000001eb9675f8e0 nmethod 1069 0x000001eb838c2990 code [0x000001eb838c2b40, 0x000001eb838c2e18]
Event: 0.793 Thread 0x000001eb9675f8e0 1070       3       jdk.internal.math.FDBigInteger::size (10 bytes)
Event: 0.793 Thread 0x000001eb9675f8e0 nmethod 1070 0x000001eb838c2f10 code [0x000001eb838c30a0, 0x000001eb838c31b8]
Event: 0.793 Thread 0x000001eb9675f8e0 1071       1       java.util.jar.Attributes$Name::hashCode (5 bytes)
Event: 0.794 Thread 0x000001eb9675f8e0 nmethod 1071 0x000001eb8b248890 code [0x000001eb8b248a20, 0x000001eb8b248af8]
Event: 0.795 Thread 0x000001eb9675f8e0 1072       3       java.lang.invoke.MethodHandleNatives::findMethodHandleType (7 bytes)
Event: 0.795 Thread 0x000001eb9675f8e0 nmethod 1072 0x000001eb838c3290 code [0x000001eb838c3420, 0x000001eb838c3548]
Event: 0.795 Thread 0x000001eb9675f8e0 1073       3       java.lang.invoke.TypeConvertingMethodAdapter::descriptorToName (36 bytes)
Event: 0.796 Thread 0x000001eb9675f8e0 nmethod 1073 0x000001eb838c3610 code [0x000001eb838c38a0, 0x000001eb838c4448]
Event: 0.796 Thread 0x000001eb9675f8e0 1074       3       sun.invoke.util.BytecodeDescriptor::unparse (24 bytes)
Event: 0.796 Thread 0x000001eb9675f8e0 nmethod 1074 0x000001eb838c4910 code [0x000001eb838c4ac0, 0x000001eb838c4cc8]
Event: 0.797 Thread 0x000001eb9675f8e0 1076       3       java.lang.invoke.AbstractValidatingLambdaMetafactory::isAdaptableTo (126 bytes)
Event: 0.798 Thread 0x000001eb9675f8e0 nmethod 1076 0x000001eb838c4d90 code [0x000001eb838c5020, 0x000001eb838c5a68]
Event: 0.798 Thread 0x000001eb9675f8e0 1077       3       jdk.internal.org.objectweb.asm.Attribute::computeAttributesSize (62 bytes)
Event: 0.798 Thread 0x000001eb9675f8e0 nmethod 1077 0x000001eb838c5e90 code [0x000001eb838c6060, 0x000001eb838c6388]
Event: 0.798 Thread 0x000001eb9675f8e0 1078       3       jdk.internal.org.objectweb.asm.AnnotationWriter::computeAnnotationsSize (66 bytes)
Event: 0.798 Thread 0x000001eb9675f8e0 nmethod 1078 0x000001eb838c6510 code [0x000001eb838c66e0, 0x000001eb838c6a18]
Event: 0.798 Thread 0x000001eb9675f8e0 1079       3       jdk.internal.org.objectweb.asm.Attribute::putAttributes (78 bytes)

GC Heap History (2 events):
Event: 0.748 GC heap before
{Heap before GC invocations=0 (full 0):
 garbage-first heap   total 63488K, used 22528K [0x00000000c2800000, 0x0000000100000000)
  region size 1024K, 23 young (23552K), 0 survivors (0K)
 Metaspace       used 5605K, committed 5760K, reserved 1114112K
  class space    used 678K, committed 768K, reserved 1048576K
}
Event: 0.752 GC heap after
{Heap after GC invocations=1 (full 0):
 garbage-first heap   total 63488K, used 3782K [0x00000000c2800000, 0x0000000100000000)
  region size 1024K, 3 young (3072K), 3 survivors (3072K)
 Metaspace       used 5605K, committed 5760K, reserved 1114112K
  class space    used 678K, committed 768K, reserved 1048576K
}

Dll operation events (2 events):
Event: 0.004 Loaded shared library C:\Users\39\.jdks\jbr-17.0.12-1\bin\java.dll
Event: 0.019 Loaded shared library C:\Users\39\.jdks\jbr-17.0.12-1\bin\jsvml.dll

Deoptimization events (20 events):
Event: 0.173 Thread 0x000001ebfecfe2e0 Uncommon trap: trap_request=0xffffff45 fr.pc=0x000001eb8b2017f0 relative=0x00000000000006b0
Event: 0.173 Thread 0x000001ebfecfe2e0 Uncommon trap: reason=unstable_if action=reinterpret pc=0x000001eb8b2017f0 method=jdk.internal.module.Checks.isJavaIdentifier(Ljava/lang/String;)Z @ 4 c2
Event: 0.173 Thread 0x000001ebfecfe2e0 DEOPT PACKING pc=0x000001eb8b2017f0 sp=0x000000c6b74fe5d0
Event: 0.173 Thread 0x000001ebfecfe2e0 DEOPT UNPACKING pc=0x000001eb8aca69a3 sp=0x000000c6b74fe570 mode 2
Event: 0.337 Thread 0x000001ebfecfe2e0 DEOPT PACKING pc=0x000001eb837faa77 sp=0x000000c6b74fe4a0
Event: 0.337 Thread 0x000001ebfecfe2e0 DEOPT UNPACKING pc=0x000001eb8aca7143 sp=0x000000c6b74fd8c0 mode 0
Event: 0.342 Thread 0x000001ebfecfe2e0 DEOPT PACKING pc=0x000001eb837f5d52 sp=0x000000c6b74fe470
Event: 0.342 Thread 0x000001ebfecfe2e0 DEOPT UNPACKING pc=0x000001eb8aca7143 sp=0x000000c6b74fd908 mode 0
Event: 0.557 Thread 0x000001ebdc381460 Uncommon trap: trap_request=0xffffff45 fr.pc=0x000001eb8b22393c relative=0x000000000000027c
Event: 0.557 Thread 0x000001ebdc381460 Uncommon trap: reason=unstable_if action=reinterpret pc=0x000001eb8b22393c method=java.lang.invoke.VarHandle.checkExactAccessMode(Ljava/lang/invoke/VarHandle$AccessDescriptor;)V @ 4 c2
Event: 0.557 Thread 0x000001ebdc381460 DEOPT PACKING pc=0x000001eb8b22393c sp=0x000000c6b89fe5d0
Event: 0.557 Thread 0x000001ebdc381460 DEOPT UNPACKING pc=0x000001eb8aca69a3 sp=0x000000c6b89fe540 mode 2
Event: 0.668 Thread 0x000001ebdc381460 Uncommon trap: trap_request=0xffffff45 fr.pc=0x000001eb8b212b44 relative=0x0000000000000684
Event: 0.668 Thread 0x000001ebdc381460 Uncommon trap: reason=unstable_if action=reinterpret pc=0x000001eb8b212b44 method=java.util.zip.ZipFile$Source.checkAndAddEntry(II)I @ 128 c2
Event: 0.668 Thread 0x000001ebdc381460 DEOPT PACKING pc=0x000001eb8b212b44 sp=0x000000c6b89fcdb0
Event: 0.668 Thread 0x000001ebdc381460 DEOPT UNPACKING pc=0x000001eb8aca69a3 sp=0x000000c6b89fcd20 mode 2
Event: 0.776 Thread 0x000001ebdc381460 Uncommon trap: trap_request=0xffffff45 fr.pc=0x000001eb8b20211c relative=0x00000000000000fc
Event: 0.776 Thread 0x000001ebdc381460 Uncommon trap: reason=unstable_if action=reinterpret pc=0x000001eb8b20211c method=java.lang.StringLatin1.lastIndexOf([BI[BII)I @ 86 c2
Event: 0.776 Thread 0x000001ebdc381460 DEOPT PACKING pc=0x000001eb8b20211c sp=0x000000c6b89fa250
Event: 0.776 Thread 0x000001ebdc381460 DEOPT UNPACKING pc=0x000001eb8aca69a3 sp=0x000000c6b89fa1a8 mode 2

Classes loaded (20 events):
Event: 0.778 Loading class sun/util/PropertyResourceBundleCharset
Event: 0.778 Loading class sun/util/PropertyResourceBundleCharset done
Event: 0.778 Loading class sun/util/PropertyResourceBundleCharset$PropertiesFileDecoder
Event: 0.779 Loading class sun/util/PropertyResourceBundleCharset$PropertiesFileDecoder done
Event: 0.788 Loading class java/util/ResourceBundle$BundleReference
Event: 0.788 Loading class java/util/ResourceBundle$BundleReference done
Event: 0.790 Loading class java/text/MessageFormat
Event: 0.790 Loading class java/text/MessageFormat done
Event: 0.791 Loading class jdk/internal/math/FDBigInteger
Event: 0.792 Loading class jdk/internal/math/FDBigInteger done
Event: 0.792 Loading class java/math/MathContext
Event: 0.792 Loading class java/math/MathContext done
Event: 0.794 Loading class java/util/Collections$UnmodifiableMap$UnmodifiableEntrySet
Event: 0.794 Loading class java/util/Collections$UnmodifiableMap$UnmodifiableEntrySet done
Event: 0.794 Loading class java/util/Collections$UnmodifiableMap$UnmodifiableEntrySet$UnmodifiableEntrySetSpliterator
Event: 0.794 Loading class java/util/Collections$UnmodifiableMap$UnmodifiableEntrySet$UnmodifiableEntrySetSpliterator done
Event: 0.794 Loading class java/util/HashMap$EntrySpliterator
Event: 0.795 Loading class java/util/HashMap$EntrySpliterator done
Event: 0.795 Loading class java/lang/invoke/DirectMethodHandle$Special
Event: 0.795 Loading class java/lang/invoke/DirectMethodHandle$Special done

Classes unloaded (0 events):
No events

Classes redefined (0 events):
No events

Internal exceptions (13 events):
Event: 0.130 Thread 0x000001ebfecfe2e0 Exception <a 'java/lang/NoSuchMethodError'{0x00000000c5e521c0}: 'java.lang.Object java.lang.invoke.DirectMethodHandle$Holder.invokeStaticInit(java.lang.Object)'> (0x00000000c5e521c0) 
thrown [s\src\hotspot\share\interpreter\linkResolver.cpp, line 771]
Event: 0.132 Thread 0x000001ebfecfe2e0 Exception <a 'java/lang/NoSuchMethodError'{0x00000000c5e59da0}: 'void java.lang.invoke.DirectMethodHandle$Holder.invokeStatic(java.lang.Object, java.lang.Object)'> (0x00000000c5e59da0) 
thrown [s\src\hotspot\share\interpreter\linkResolver.cpp, line 771]
Event: 0.401 Thread 0x000001ebfecfe2e0 Exception <a 'java/lang/NoSuchMethodError'{0x00000000c584bb38}: 'void java.lang.invoke.DirectMethodHandle$Holder.invokeSpecial(java.lang.Object, java.lang.Object, java.lang.Object)'> (0x00000000c584bb38) 
thrown [s\src\hotspot\share\interpreter\linkResolver.cpp, line 771]
Event: 0.407 Thread 0x000001ebfecfe2e0 Exception <a 'java/lang/NoSuchMethodError'{0x00000000c5884b08}: 'void java.lang.invoke.DirectMethodHandle$Holder.invokeStatic(java.lang.Object, java.lang.Object, java.lang.Object)'> (0x00000000c5884b08) 
thrown [s\src\hotspot\share\interpreter\linkResolver.cpp, line 771]
Event: 0.515 Thread 0x000001ebfecfe2e0 Exception <a 'java/lang/NoSuchMethodError'{0x00000000c58a16d0}: 'int java.lang.invoke.DirectMethodHandle$Holder.invokeStaticInit(java.lang.Object, java.lang.Object, java.lang.Object)'> (0x00000000c58a16d0) 
thrown [s\src\hotspot\share\interpreter\linkResolver.cpp, line 771]
Event: 0.537 Thread 0x000001ebfecfe2e0 Exception <a 'java/lang/NoSuchMethodError'{0x00000000c57e8290}: 'java.lang.Object java.lang.invoke.DirectMethodHandle$Holder.newInvokeSpecial(java.lang.Object, java.lang.Object, int, java.lang.Object)'> (0x00000000c57e8290) 
thrown [s\src\hotspot\share\interpreter\linkResolver.cpp, line 771]
Event: 0.538 Thread 0x000001ebfecfe2e0 Exception <a 'java/lang/NoSuchMethodError'{0x00000000c57ec670}: 'java.lang.Object java.lang.invoke.DirectMethodHandle$Holder.invokeSpecial(java.lang.Object, java.lang.Object, java.lang.Object, int, java.lang.Object)'> (0x00000000c57ec670) 
thrown [s\src\hotspot\share\interpreter\linkResolver.cpp, line 771]
Event: 0.616 Thread 0x000001ebdc381460 Exception <a 'java/lang/NoSuchMethodError'{0x00000000c551d068}: 'void java.lang.invoke.DirectMethodHandle$Holder.invokeStaticInit(java.lang.Object)'> (0x00000000c551d068) 
thrown [s\src\hotspot\share\interpreter\linkResolver.cpp, line 771]
Event: 0.620 Thread 0x000001ebfecfe2e0 Exception <a 'java/lang/NoSuchMethodError'{0x00000000c56124c8}: 'java.lang.Object java.lang.invoke.DirectMethodHandle$Holder.newInvokeSpecial(java.lang.Object, java.lang.Object, java.lang.Object, java.lang.Object, java.lang.Object, java.lang.Object)'> (0x00000000c56124c8) 
thrown [s\src\hotspot\share\interpreter\linkResolver.cpp, line 771]
Event: 0.624 Thread 0x000001ebfecfe2e0 Exception <a 'java/lang/NoSuchMethodError'{0x00000000c5642ef8}: 'java.lang.Object java.lang.invoke.DirectMethodHandle$Holder.newInvokeSpecial(java.lang.Object, java.lang.Object, java.lang.Object, java.lang.Object, java.lang.Object)'> (0x00000000c5642ef8) 
thrown [s\src\hotspot\share\interpreter\linkResolver.cpp, line 771]
Event: 0.625 Thread 0x000001ebdc3ed280 Exception <a 'java/lang/NoSuchMethodError'{0x00000000c557bad8}: 'void java.lang.invoke.DirectMethodHandle$Holder.invokeStatic(java.lang.Object, java.lang.Object, java.lang.Object, java.lang.Object)'> (0x00000000c557bad8) 
thrown [s\src\hotspot\share\interpreter\linkResolver.cpp, line 771]
Event: 0.771 Thread 0x000001ebdc381460 Exception <a 'java/lang/NoSuchMethodError'{0x00000000c6412cc0}: 'java.lang.Object java.lang.invoke.DirectMethodHandle$Holder.invokeInterface(java.lang.Object, java.lang.Object)'> (0x00000000c6412cc0) 
thrown [s\src\hotspot\share\interpreter\linkResolver.cpp, line 771]
Event: 0.796 Thread 0x000001ebdc381460 Exception <a 'java/lang/NoSuchMethodError'{0x00000000c649e248}: 'java.lang.Object java.lang.invoke.DirectMethodHandle$Holder.invokeVirtual(java.lang.Object, java.lang.Object, java.lang.Object)'> (0x00000000c649e248) 
thrown [s\src\hotspot\share\interpreter\linkResolver.cpp, line 771]

VM Operations (16 events):
Event: 0.078 Executing VM operation: HandshakeAllThreads
Event: 0.078 Executing VM operation: HandshakeAllThreads done
Event: 0.113 Executing VM operation: HandshakeAllThreads
Event: 0.113 Executing VM operation: HandshakeAllThreads done
Event: 0.523 Executing VM operation: HandshakeAllThreads
Event: 0.523 Executing VM operation: HandshakeAllThreads done
Event: 0.725 Executing VM operation: HandshakeAllThreads
Event: 0.725 Executing VM operation: HandshakeAllThreads done
Event: 0.726 Executing VM operation: ICBufferFull
Event: 0.726 Executing VM operation: ICBufferFull done
Event: 0.735 Executing VM operation: HandshakeAllThreads
Event: 0.735 Executing VM operation: HandshakeAllThreads done
Event: 0.748 Executing VM operation: G1CollectForAllocation
Event: 0.752 Executing VM operation: G1CollectForAllocation done
Event: 0.772 Executing VM operation: HandshakeAllThreads
Event: 0.772 Executing VM operation: HandshakeAllThreads done

Events (20 events):
Event: 0.315 Loaded shared library C:\Users\39\.openjfx\cache\21.0.2+5\amd64\api-ms-win-crt-stdio-l1-1-0.dll
Event: 0.318 Loaded shared library C:\Users\39\.openjfx\cache\21.0.2+5\amd64\api-ms-win-crt-string-l1-1-0.dll
Event: 0.321 Loaded shared library C:\Users\39\.openjfx\cache\21.0.2+5\amd64\api-ms-win-crt-time-l1-1-0.dll
Event: 0.323 Loaded shared library C:\Users\39\.openjfx\cache\21.0.2+5\amd64\api-ms-win-crt-utility-l1-1-0.dll
Event: 0.338 Loaded shared library C:\Users\39\.openjfx\cache\21.0.2+5\amd64\ucrtbase.dll
Event: 0.343 Loaded shared library C:\Users\39\.openjfx\cache\21.0.2+5\amd64\vcruntime140.dll
Event: 0.346 Loaded shared library C:\Users\39\.openjfx\cache\21.0.2+5\amd64\vcruntime140_1.dll
Event: 0.356 Loaded shared library C:\Users\39\.openjfx\cache\21.0.2+5\amd64\msvcp140.dll
Event: 0.360 Loaded shared library C:\Users\39\.openjfx\cache\21.0.2+5\amd64\msvcp140_1.dll
Event: 0.368 Loaded shared library C:\Users\39\.openjfx\cache\21.0.2+5\amd64\msvcp140_2.dll
Event: 0.408 Thread 0x000001eb96d1a900 Thread added: 0x000001eb96d1a900
Event: 0.419 Loaded shared library C:\Users\39\.openjfx\cache\21.0.2+5\amd64\prism_d3d.dll
Event: 0.508 Thread 0x000001eb96b689f0 Thread exited: 0x000001eb96b689f0
Event: 0.534 Loaded shared library C:\Users\39\.openjfx\cache\21.0.2+5\amd64\glass.dll
Event: 0.536 Thread 0x000001ebdc380010 Thread added: 0x000001ebdc380010
Event: 0.539 Thread 0x000001ebdc381460 Thread added: 0x000001ebdc381460
Event: 0.624 Thread 0x000001ebdc3ed280 Thread added: 0x000001ebdc3ed280
Event: 0.637 Thread 0x000001ebdc3d30f0 Thread added: 0x000001ebdc3d30f0
Event: 0.650 Loaded shared library C:\Users\39\.jdks\jbr-17.0.12-1\bin\jimage.dll
Event: 0.735 Thread 0x000001ebdc471260 Thread added: 0x000001ebdc471260


Dynamic libraries:
0x00007ff79d4e0000 - 0x00007ff79d4ea000 	C:\Users\39\.jdks\jbr-17.0.12-1\bin\java.exe
0x00007ffab2050000 - 0x00007ffab2248000 	C:\Windows\SYSTEM32\ntdll.dll
0x00007ffab0bc0000 - 0x00007ffab0c82000 	C:\Windows\System32\KERNEL32.DLL
0x00007ffaafa20000 - 0x00007ffaafd1f000 	C:\Windows\System32\KERNELBASE.dll
0x00007ffaaf920000 - 0x00007ffaafa20000 	C:\Windows\System32\ucrtbase.dll
0x00007ffaad6f0000 - 0x00007ffaad707000 	C:\Users\39\.jdks\jbr-17.0.12-1\bin\jli.dll
0x00007ffaad6d0000 - 0x00007ffaad6eb000 	C:\Users\39\.jdks\jbr-17.0.12-1\bin\VCRUNTIME140.dll
0x00007ffab0190000 - 0x00007ffab032d000 	C:\Windows\System32\USER32.dll
0x00007ffaaff30000 - 0x00007ffaaff52000 	C:\Windows\System32\win32u.dll
0x00007ffaaed70000 - 0x00007ffaaf00a000 	C:\Windows\WinSxS\amd64_microsoft.windows.common-controls_6595b64144ccf1df_6.0.19041.4355_none_60b8b9eb71f62e16\COMCTL32.dll
0x00007ffab0890000 - 0x00007ffab08bb000 	C:\Windows\System32\GDI32.dll
0x00007ffab08c0000 - 0x00007ffab095e000 	C:\Windows\System32\msvcrt.dll
0x00007ffaaf6f0000 - 0x00007ffaaf80a000 	C:\Windows\System32\gdi32full.dll
0x00007ffaaff60000 - 0x00007ffaafffd000 	C:\Windows\System32\msvcp_win.dll
0x00007ffab1f70000 - 0x00007ffab1f9f000 	C:\Windows\System32\IMM32.DLL
0x00007ffaaf2f0000 - 0x00007ffaaf2fc000 	C:\Users\39\.jdks\jbr-17.0.12-1\bin\vcruntime140_1.dll
0x00007ffa84c00000 - 0x00007ffa84c8d000 	C:\Users\39\.jdks\jbr-17.0.12-1\bin\msvcp140.dll
0x00007ffa4a7b0000 - 0x00007ffa4b43a000 	C:\Users\39\.jdks\jbr-17.0.12-1\bin\server\jvm.dll
0x00007ffab0330000 - 0x00007ffab03df000 	C:\Windows\System32\ADVAPI32.dll
0x00007ffab1860000 - 0x00007ffab18ff000 	C:\Windows\System32\sechost.dll
0x00007ffab1e40000 - 0x00007ffab1f63000 	C:\Windows\System32\RPCRT4.dll
0x00007ffaaf810000 - 0x00007ffaaf837000 	C:\Windows\System32\bcrypt.dll
0x00007ffab1fa0000 - 0x00007ffab200b000 	C:\Windows\System32\WS2_32.dll
0x00007ffaaf260000 - 0x00007ffaaf2ab000 	C:\Windows\SYSTEM32\POWRPROF.dll
0x00007ffa9b820000 - 0x00007ffa9b847000 	C:\Windows\SYSTEM32\WINMM.dll
0x00007ffaac050000 - 0x00007ffaac05a000 	C:\Windows\SYSTEM32\VERSION.dll
0x00007ffaaf010000 - 0x00007ffaaf022000 	C:\Windows\SYSTEM32\UMPDC.dll
0x00007ffaac760000 - 0x00007ffaac772000 	C:\Windows\SYSTEM32\kernel.appcore.dll
0x00007ffaaf2b0000 - 0x00007ffaaf2ba000 	C:\Users\39\.jdks\jbr-17.0.12-1\bin\jimage.dll
0x00007ffaaf070000 - 0x00007ffaaf254000 	C:\Windows\SYSTEM32\DBGHELP.DLL
0x00007ffaaf030000 - 0x00007ffaaf064000 	C:\Windows\SYSTEM32\dbgcore.DLL
0x00007ffaaf840000 - 0x00007ffaaf8c2000 	C:\Windows\System32\bcryptPrimitives.dll
0x00007ffaad630000 - 0x00007ffaad655000 	C:\Users\39\.jdks\jbr-17.0.12-1\bin\java.dll
0x00007ffa7c0e0000 - 0x00007ffa7c1b7000 	C:\Users\39\.jdks\jbr-17.0.12-1\bin\jsvml.dll
0x00007ffab0e90000 - 0x00007ffab15fd000 	C:\Windows\System32\SHELL32.dll
0x00007ffaac9a0000 - 0x00007ffaad144000 	C:\Windows\SYSTEM32\windows.storage.dll
0x00007ffab1ae0000 - 0x00007ffab1e35000 	C:\Windows\System32\combase.dll
0x00007ffaae990000 - 0x00007ffaae9bf000 	C:\Windows\SYSTEM32\Wldp.dll
0x00007ffab1990000 - 0x00007ffab1a5d000 	C:\Windows\System32\OLEAUT32.dll
0x00007ffab17b0000 - 0x00007ffab185d000 	C:\Windows\System32\SHCORE.dll
0x00007ffab00d0000 - 0x00007ffab0125000 	C:\Windows\System32\shlwapi.dll
0x00007ffaaf620000 - 0x00007ffaaf644000 	C:\Windows\SYSTEM32\profapi.dll
0x00007ffaad1e0000 - 0x00007ffaad1f9000 	C:\Users\39\.jdks\jbr-17.0.12-1\bin\net.dll
0x00007ffaa58e0000 - 0x00007ffaa59ea000 	C:\Windows\SYSTEM32\WINHTTP.dll
0x00007ffaae710000 - 0x00007ffaae77c000 	C:\Windows\system32\mswsock.dll
0x00007ffaaaa80000 - 0x00007ffaaaa96000 	C:\Users\39\.jdks\jbr-17.0.12-1\bin\nio.dll
0x00007ffaad200000 - 0x00007ffaad218000 	C:\Users\39\.jdks\jbr-17.0.12-1\bin\zip.dll
0x000001eb965f0000 - 0x000001eb965f3000 	C:\Users\39\.openjfx\cache\21.0.2+5\amd64\api-ms-win-core-console-l1-1-0.dll
0x000001eb96600000 - 0x000001eb96603000 	C:\Users\39\.openjfx\cache\21.0.2+5\amd64\api-ms-win-core-console-l1-2-0.dll
0x000001eb96e60000 - 0x000001eb96e63000 	C:\Users\39\.openjfx\cache\21.0.2+5\amd64\api-ms-win-core-datetime-l1-1-0.dll
0x000001eb96e70000 - 0x000001eb96e73000 	C:\Users\39\.openjfx\cache\21.0.2+5\amd64\api-ms-win-core-debug-l1-1-0.dll
0x000001eb96e80000 - 0x000001eb96e83000 	C:\Users\39\.openjfx\cache\21.0.2+5\amd64\api-ms-win-core-errorhandling-l1-1-0.dll
0x000001eb96e90000 - 0x000001eb96e94000 	C:\Users\39\.openjfx\cache\21.0.2+5\amd64\api-ms-win-core-file-l1-1-0.dll
0x000001eb96ea0000 - 0x000001eb96ea3000 	C:\Users\39\.openjfx\cache\21.0.2+5\amd64\api-ms-win-core-file-l1-2-0.dll
0x000001eb96eb0000 - 0x000001eb96eb3000 	C:\Users\39\.openjfx\cache\21.0.2+5\amd64\api-ms-win-core-file-l2-1-0.dll
0x000001eb96ec0000 - 0x000001eb96ec3000 	C:\Users\39\.openjfx\cache\21.0.2+5\amd64\api-ms-win-core-handle-l1-1-0.dll
0x000001eb96ed0000 - 0x000001eb96ed3000 	C:\Users\39\.openjfx\cache\21.0.2+5\amd64\api-ms-win-core-heap-l1-1-0.dll
0x000001eb96ee0000 - 0x000001eb96ee3000 	C:\Users\39\.openjfx\cache\21.0.2+5\amd64\api-ms-win-core-interlocked-l1-1-0.dll
0x000001eb96ef0000 - 0x000001eb96ef3000 	C:\Users\39\.openjfx\cache\21.0.2+5\amd64\api-ms-win-core-libraryloader-l1-1-0.dll
0x000001eb96f00000 - 0x000001eb96f03000 	C:\Users\39\.openjfx\cache\21.0.2+5\amd64\api-ms-win-core-localization-l1-2-0.dll
0x000001eb96f10000 - 0x000001eb96f13000 	C:\Users\39\.openjfx\cache\21.0.2+5\amd64\api-ms-win-core-memory-l1-1-0.dll
0x000001eb96f20000 - 0x000001eb96f23000 	C:\Users\39\.openjfx\cache\21.0.2+5\amd64\api-ms-win-core-namedpipe-l1-1-0.dll
0x000001eb96f30000 - 0x000001eb96f33000 	C:\Users\39\.openjfx\cache\21.0.2+5\amd64\api-ms-win-core-processenvironment-l1-1-0.dll
0x000001eb96f40000 - 0x000001eb96f43000 	C:\Users\39\.openjfx\cache\21.0.2+5\amd64\api-ms-win-core-processthreads-l1-1-0.dll
0x000001eb96f50000 - 0x000001eb96f53000 	C:\Users\39\.openjfx\cache\21.0.2+5\amd64\api-ms-win-core-processthreads-l1-1-1.dll
0x000001eb96f60000 - 0x000001eb96f63000 	C:\Users\39\.openjfx\cache\21.0.2+5\amd64\api-ms-win-core-profile-l1-1-0.dll
0x000001eb96f70000 - 0x000001eb96f73000 	C:\Users\39\.openjfx\cache\21.0.2+5\amd64\api-ms-win-core-rtlsupport-l1-1-0.dll
0x000001eb96f80000 - 0x000001eb96f83000 	C:\Users\39\.openjfx\cache\21.0.2+5\amd64\api-ms-win-core-string-l1-1-0.dll
0x000001eb96f90000 - 0x000001eb96f93000 	C:\Users\39\.openjfx\cache\21.0.2+5\amd64\api-ms-win-core-synch-l1-1-0.dll
0x000001eb96fa0000 - 0x000001eb96fa3000 	C:\Users\39\.openjfx\cache\21.0.2+5\amd64\api-ms-win-core-synch-l1-2-0.dll
0x000001eb96fb0000 - 0x000001eb96fb3000 	C:\Users\39\.openjfx\cache\21.0.2+5\amd64\api-ms-win-core-sysinfo-l1-1-0.dll
0x000001eb96fc0000 - 0x000001eb96fc3000 	C:\Users\39\.openjfx\cache\21.0.2+5\amd64\api-ms-win-core-timezone-l1-1-0.dll
0x000001eb96fd0000 - 0x000001eb96fd3000 	C:\Users\39\.openjfx\cache\21.0.2+5\amd64\api-ms-win-core-util-l1-1-0.dll
0x000001eb96fe0000 - 0x000001eb96fe3000 	C:\Users\39\.openjfx\cache\21.0.2+5\amd64\api-ms-win-crt-conio-l1-1-0.dll
0x000001eb96ff0000 - 0x000001eb96ff4000 	C:\Users\39\.openjfx\cache\21.0.2+5\amd64\api-ms-win-crt-convert-l1-1-0.dll
0x000001ebdc800000 - 0x000001ebdc803000 	C:\Users\39\.openjfx\cache\21.0.2+5\amd64\api-ms-win-crt-environment-l1-1-0.dll
0x000001ebdc810000 - 0x000001ebdc813000 	C:\Users\39\.openjfx\cache\21.0.2+5\amd64\api-ms-win-crt-filesystem-l1-1-0.dll
0x000001ebdc820000 - 0x000001ebdc823000 	C:\Users\39\.openjfx\cache\21.0.2+5\amd64\api-ms-win-crt-heap-l1-1-0.dll
0x000001ebdc830000 - 0x000001ebdc833000 	C:\Users\39\.openjfx\cache\21.0.2+5\amd64\api-ms-win-crt-locale-l1-1-0.dll
0x000001ebdc840000 - 0x000001ebdc845000 	C:\Users\39\.openjfx\cache\21.0.2+5\amd64\api-ms-win-crt-math-l1-1-0.dll
0x000001ebdc850000 - 0x000001ebdc855000 	C:\Users\39\.openjfx\cache\21.0.2+5\amd64\api-ms-win-crt-multibyte-l1-1-0.dll
0x000001ebdc860000 - 0x000001ebdc870000 	C:\Users\39\.openjfx\cache\21.0.2+5\amd64\api-ms-win-crt-private-l1-1-0.dll
0x000001ebdc870000 - 0x000001ebdc873000 	C:\Users\39\.openjfx\cache\21.0.2+5\amd64\api-ms-win-crt-process-l1-1-0.dll
0x000001ebdc880000 - 0x000001ebdc884000 	C:\Users\39\.openjfx\cache\21.0.2+5\amd64\api-ms-win-crt-runtime-l1-1-0.dll
0x000001ebdc890000 - 0x000001ebdc894000 	C:\Users\39\.openjfx\cache\21.0.2+5\amd64\api-ms-win-crt-stdio-l1-1-0.dll
0x000001ebdc8a0000 - 0x000001ebdc8a4000 	C:\Users\39\.openjfx\cache\21.0.2+5\amd64\api-ms-win-crt-string-l1-1-0.dll
0x000001ebdc8b0000 - 0x000001ebdc8b3000 	C:\Users\39\.openjfx\cache\21.0.2+5\amd64\api-ms-win-crt-time-l1-1-0.dll
0x000001ebdc8c0000 - 0x000001ebdc8c3000 	C:\Users\39\.openjfx\cache\21.0.2+5\amd64\api-ms-win-crt-utility-l1-1-0.dll
0x00007ffa74a00000 - 0x00007ffa74afc000 	C:\Users\39\.openjfx\cache\21.0.2+5\amd64\ucrtbase.dll
0x00007ffaa7340000 - 0x00007ffaa735b000 	C:\Users\39\.openjfx\cache\21.0.2+5\amd64\vcruntime140.dll
0x00007ffaa9f60000 - 0x00007ffaa9f6c000 	C:\Users\39\.openjfx\cache\21.0.2+5\amd64\vcruntime140_1.dll
0x00007ffa7e150000 - 0x00007ffa7e1de000 	C:\Users\39\.openjfx\cache\21.0.2+5\amd64\msvcp140.dll
0x00007ffaa8590000 - 0x00007ffaa8599000 	C:\Users\39\.openjfx\cache\21.0.2+5\amd64\msvcp140_1.dll
0x00007ffa82de0000 - 0x00007ffa82e21000 	C:\Users\39\.openjfx\cache\21.0.2+5\amd64\msvcp140_2.dll
0x00007ffa98240000 - 0x00007ffa98270000 	C:\Users\39\.openjfx\cache\21.0.2+5\amd64\prism_d3d.dll
0x00007ffaa7b40000 - 0x00007ffaa7d11000 	C:\Windows\system32\d3d9.dll
0x00007ffaac550000 - 0x00007ffaac57f000 	C:\Windows\SYSTEM32\dwmapi.dll
0x00007ffaac2f0000 - 0x00007ffaac38e000 	C:\Windows\system32\uxtheme.dll
0x00007ffa74ed0000 - 0x00007ffa75035000 	C:\Windows\System32\DriverStore\FileRepository\iigd_dch.inf_amd64_4b31d9b38e2bb506\igdumdim64.dll
0x00007ffab0960000 - 0x00007ffab0a8b000 	C:\Windows\System32\ole32.dll
0x00007ffa43f80000 - 0x00007ffa47c0b000 	C:\Windows\System32\DriverStore\FileRepository\iigd_dch.inf_amd64_4b31d9b38e2bb506\igd9dxva64.dll
0x00007ffab03e0000 - 0x00007ffab0851000 	C:\Windows\System32\SETUPAPI.dll
0x00007ffaaf8d0000 - 0x00007ffaaf91e000 	C:\Windows\System32\cfgmgr32.dll
0x00007ffaa2d10000 - 0x00007ffaa3046000 	C:\Windows\System32\DriverStore\FileRepository\iigd_dch.inf_amd64_4b31d9b38e2bb506\igdgmm64.dll
0x00007ffa7f670000 - 0x00007ffa7f6b2000 	C:\Users\39\.openjfx\cache\21.0.2+5\amd64\glass.dll
0x00007ffab0c90000 - 0x00007ffab0d6a000 	C:\Windows\System32\COMDLG32.dll
0x00007ffab0d70000 - 0x00007ffab0e85000 	C:\Windows\System32\MSCTF.dll
0x00007ffaa4480000 - 0x00007ffaa44a7000 	C:\Windows\System32\DriverStore\FileRepository\iigd_dch.inf_amd64_4b31d9b38e2bb506\igdinfo64.dll
0x00007ffaaf460000 - 0x00007ffaaf478000 	C:\Windows\SYSTEM32\CRYPTSP.dll
0x00007ffaae090000 - 0x00007ffaae0c4000 	C:\Windows\system32\rsaenh.dll
0x00007ffaae900000 - 0x00007ffaae90c000 	C:\Windows\SYSTEM32\CRYPTBASE.dll

dbghelp: loaded successfully - version: 4.0.5 - missing functions: none
symbol engine: initialized successfully - sym options: 0x614 - pdb path: .;C:\Users\39\.jdks\jbr-17.0.12-1\bin;C:\Windows\SYSTEM32;C:\Windows\WinSxS\amd64_microsoft.windows.common-controls_6595b64144ccf1df_6.0.19041.4355_none_60b8b9eb71f62e16;C:\Users\39\.jdks\jbr-17.0.12-1\bin\server;C:\Users\39\.openjfx\cache\21.0.2+5\amd64;C:\Windows\System32\DriverStore\FileRepository\iigd_dch.inf_amd64_4b31d9b38e2bb506

VM Arguments:
jvm_args: --module-path=C:\Users\39\.m2\repository\org\openjfx\javafx-base\21.0.2\javafx-base-21.0.2-win.jar;C:\Users\39\.m2\repository\org\openjfx\javafx-base\21.0.2\javafx-base-21.0.2.jar;C:\Users\39\.m2\repository\org\openjfx\javafx-controls\21.0.2\javafx-controls-21.0.2-win.jar;C:\Users\39\.m2\repository\org\openjfx\javafx-controls\21.0.2\javafx-controls-21.0.2.jar;C:\Users\39\.m2\repository\org\openjfx\javafx-fxml\21.0.2\javafx-fxml-21.0.2-win.jar;C:\Users\39\.m2\repository\org\openjfx\javafx-fxml\21.0.2\javafx-fxml-21.0.2.jar;C:\Users\39\.m2\repository\org\openjfx\javafx-graphics\21.0.2\javafx-graphics-21.0.2-win.jar;C:\Users\39\.m2\repository\org\openjfx\javafx-graphics\21.0.2\javafx-graphics-21.0.2.jar;C:\Users\39\.m2\repository\org\openjfx\javafx-media\21.0.2\javafx-media-21.0.2-win.jar;C:\Users\39\.m2\repository\org\openjfx\javafx-media\21.0.2\javafx-media-21.0.2.jar;C:\Users\39\.m2\repository\org\openjfx\javafx-web\21.0.2\javafx-web-21.0.2-win.jar;C:\Users\39\.m2\repository\org\openjfx\javafx-web\21.0.2\javafx-web-21.0.2.jar --add-modules=javafx.base,javafx.controls,javafx.fxml,javafx.graphics,javafx.media,javafx.web 
java_command: org.gymify.tests.MainApp
java_class_path (initial): C:\Users\39\Documents\GitHub\DevAthletes\DevAthletes\gymify\target\classes;C:\Users\39\.m2\repository\com\fasterxml\jackson\core\jackson-annotations\2.12.7\jackson-annotations-2.12.7.jar;C:\Users\39\.m2\repository\com\fasterxml\jackson\core\jackson-core\2.12.7\jackson-core-2.12.7.jar;C:\Users\39\.m2\repository\com\fasterxml\jackson\core\jackson-databind\2.12.7.1\jackson-databind-2.12.7.1.jar;C:\Users\39\.m2\repository\com\google\protobuf\protobuf-java\3.21.9\protobuf-java-3.21.9.jar;C:\Users\39\.m2\repository\com\mysql\mysql-connector-j\8.0.33\mysql-connector-j-8.0.33.jar;C:\Users\39\.m2\repository\io\jsonwebtoken\jjwt\0.12.0\jjwt-0.12.0.jar;C:\Users\39\.m2\repository\io\jsonwebtoken\jjwt-api\0.12.0\jjwt-api-0.12.0.jar;C:\Users\39\.m2\repository\io\jsonwebtoken\jjwt-impl\0.12.0\jjwt-impl-0.12.0.jar;C:\Users\39\.m2\repository\io\jsonwebtoken\jjwt-jackson\0.12.0\jjwt-jackson-0.12.0.jar;C:\Users\39\.m2\repository\jakarta\activation\jakarta.activation-api\2.1.0\jakarta.activation-api-2.1.0.jar;C:\Users\39\.m2\repository\jakarta\mail\jakarta.mail-api\2.1.0\jakarta.mail-api-2.1.0.jar;C:\Users\39\.m2\repository\junit\junit\4.13\junit-4.13.jar;C:\Users\39\.m2\repository\org\assertj\assertj-core\3.13.2\assertj-core-3.13.2.jar;C:\Users\39\.m2\repository\org\eclipse\angus\angus-activation\2.0.1\angus-activation-2.0.1.jar;C:\Users\39\.m2\repository\org\eclipse\angus\angus-mail\2.0.2\angus-mail-2.0.2.jar;C:\Users\39\.m2\repository\org\hamcrest\hamcrest-core\1.3\hamcrest-core-1.3.jar;C:\Users\39\.m2\repository\org\jfxtras\jfxtras-agenda\14-r1\jfxtras-agenda-14-r1.jar;C:\Users\39\.m2\repository\org\jfxtras\jfxtras-common\14-r1\jfxtras-common-14-r1.jar;C:\Users\39\.m2\repository\org\jfxtras\jfxtras-controls\14-r1\jfxtras-controls-14-r1.jar;C:\Users\39\.m2\repository\org\jfxtras\jfxtras-fxml\14-r1\jfxtras-fxml-14-r1.jar;C:\Users\39\.m2\repository\org\jfxtras\jfxtras-test-support\14-r1\jfxtras-test-support-14-r1.jar;C:\Users\39\.m2\repository\org\mindrot\
Launcher Type: SUN_STANDARD

[Global flags]
     intx CICompilerCount                          = 4                                         {product} {ergonomic}
     uint ConcGCThreads                            = 2                                         {product} {ergonomic}
     uint G1ConcRefinementThreads                  = 8                                         {product} {ergonomic}
   size_t G1HeapRegionSize                         = 1048576                                   {product} {ergonomic}
    uintx GCDrainStackTargetSize                   = 64                                        {product} {ergonomic}
   size_t InitialHeapSize                          = 65011712                                  {product} {ergonomic}
   size_t MarkStackSize                            = 4194304                                   {product} {ergonomic}
   size_t MaxHeapSize                              = 1031798784                                {product} {ergonomic}
   size_t MaxNewSize                               = 618659840                                 {product} {ergonomic}
   size_t MinHeapDeltaBytes                        = 1048576                                   {product} {ergonomic}
   size_t MinHeapSize                              = 8388608                                   {product} {ergonomic}
    uintx NonNMethodCodeHeapSize                   = 5839372                                {pd product} {ergonomic}
    uintx NonProfiledCodeHeapSize                  = 122909434                              {pd product} {ergonomic}
    uintx ProfiledCodeHeapSize                     = 122909434                              {pd product} {ergonomic}
    uintx ReservedCodeCacheSize                    = 251658240                              {pd product} {ergonomic}
     bool SegmentedCodeCache                       = true                                      {product} {ergonomic}
   size_t SoftMaxHeapSize                          = 1031798784                             {manageable} {ergonomic}
     bool UseCompressedClassPointers               = true                           {product lp64_product} {ergonomic}
     bool UseCompressedOops                        = true                           {product lp64_product} {ergonomic}
     bool UseG1GC                                  = true                                      {product} {ergonomic}
     bool UseLargePagesIndividualAllocation        = false                                  {pd product} {ergonomic}

Logging:
Log output configuration:
 #0: stdout all=warning uptime,level,tags
 #1: stderr all=off uptime,level,tags

Environment Variables:
PATH=C:\oraclexe\app\oracle\product\11.2.0\server\bin;C:\Users\39\.jdks\jbr-17.0.12-1\bin;C:\Program Files (x86)\VMware\VMware Workstation\bin\;C:\Users\39\.jdks\jbr-17.0.12\bin;C:\Windows\system32;C:\Windows;C:\Windows\System32\Wbem;C:\Windows\System32\WindowsPowerShell\v1.0\;C:\Windows\System32\OpenSSH\;C:\xampp\php;C:\composer;C:\Program Files\Git\cmd;C:\Program Files (x86)\CodeBlocks\MinGW\bin;C:\Program Files (x86)\GnuWin32\bin;C:\Program Files\Apache\Maven\apache-maven-3.8.8\bin;C:\Users\39\scoop\shims;C:\Users\39\AppData\Local\Microsoft\WindowsApps;C:\Users\39\AppData\Roaming\Composer\vendor\bin;C:\Users\39\AppData\Local\Programs\Microsoft VS Code\bin;C:\Users\39\AppData\Local\GitHubDesktop\bin
USERNAME=39
OS=Windows_NT
PROCESSOR_IDENTIFIER=Intel64 Family 6 Model 142 Stepping 12, GenuineIntel
TMP=C:\Users\39\AppData\Local\Temp
TEMP=C:\Users\39\AppData\Local\Temp



Periodic native trim disabled

JNI global refs:
JNI global refs: 14, weak refs: 0

JNI global refs memory usage: 843, weak refs: 841

Process memory usage:
Resident Set Size: 87772K (2% of 4024112K total physical memory with 387336K free physical memory)

OOME stack traces (most recent first):
Classloader memory used:
Loader jdk.internal.loader.ClassLoaders$AppClassLoader                                 : 421K
Loader bootstrap                                                                       : 397K
Loader jdk.internal.loader.ClassLoaders$PlatformClassLoader                            : 24964B
Loader jdk.internal.reflect.DelegatingClassLoader                                      : 432B


---------------  S Y S T E M  ---------------

OS:
 Windows 10 , 64 bit Build 19041 (10.0.19041.5438)
OS uptime: 2 days 17:34 hours

CPU: total 8 (initial active 8) (4 cores per cpu, 2 threads per core) family 6 model 142 stepping 12 microcode 0xde, cx8, cmov, fxsr, ht, mmx, 3dnowpref, sse, sse2, sse3, ssse3, sse4.1, sse4.2, popcnt, lzcnt, tsc, tscinvbit, avx, avx2, aes, erms, clmul, bmi1, bmi2, adx, fma, vzeroupper, clflush, clflushopt
Processor Information for all 8 processors :
  Max Mhz: 2112, Current Mhz: 1609, Mhz Limit: 1605

Memory: 4k page, system-wide physical 3929M (378M free)
TotalPageFile size 16217M (AvailPageFile size 1M)
current process WorkingSet (physical memory assigned to process): 85M, peak: 85M
current process commit charge ("private bytes"): 167M, peak: 168M

vm_info: OpenJDK 64-Bit Server VM (17.0.12+1-b1207.37) for windows-amd64 JRE (17.0.12+1-b1207.37), built on 2024-09-25 by "builduser" with MS VC++ 16.10 / 16.11 (VS2019)

END.
