#
# There is insufficient memory for the Java Runtime Environment to continue.
# Native memory allocation (malloc) failed to allocate 32744 bytes. Error detail: ChunkPool::allocate
# Possible reasons:
#   The system is out of physical RAM or swap space
#   This process is running with CompressedOops enabled, and the Java Heap may be blocking the growth of the native heap
# Possible solutions:
#   Reduce memory load on the system
#   Increase physical memory or swap space
#   Check if swap backing store is full
#   Decrease Java heap size (-Xmx/-Xms)
#   Decrease number of Java threads
#   Decrease Java thread stack sizes (-Xss)
#   Set larger code cache with -XX:ReservedCodeCacheSize=
#   JVM is running with Unscaled Compressed Oops mode in which the Java heap is
#     placed in the first 4GB address space. The Java Heap base address is the
#     maximum limit for the native heap growth. Please use -XX:HeapBaseMinAddress
#     to set the Java Heap base and to place the Java Heap above 4GB virtual address.
# This output file may be truncated or incomplete.
#
#  Out of Memory Error (arena.cpp:79), pid=16444, tid=10672
#
# JRE version: OpenJDK Runtime Environment JBR-17.0.12+1-1207.37-nomod (17.0.12+1) (build 17.0.12+1-b1207.37)
# Java VM: OpenJDK 64-Bit Server VM JBR-17.0.12+1-1207.37-nomod (17.0.12+1-b1207.37, mixed mode, tiered, compressed oops, compressed class ptrs, g1 gc, windows-amd64)
# No core dump will be written. Minidumps are not enabled by default on client versions of Windows
#

---------------  S U M M A R Y ------------

Command Line: --module-path=C:\Users\39\.m2\repository\org\openjfx\javafx-base\21.0.2\javafx-base-21.0.2-win.jar;C:\Users\39\.m2\repository\org\openjfx\javafx-base\21.0.2\javafx-base-21.0.2.jar;C:\Users\39\.m2\repository\org\openjfx\javafx-controls\21.0.2\javafx-controls-21.0.2-win.jar;C:\Users\39\.m2\repository\org\openjfx\javafx-controls\21.0.2\javafx-controls-21.0.2.jar;C:\Users\39\.m2\repository\org\openjfx\javafx-fxml\21.0.2\javafx-fxml-21.0.2-win.jar;C:\Users\39\.m2\repository\org\openjfx\javafx-fxml\21.0.2\javafx-fxml-21.0.2.jar;C:\Users\39\.m2\repository\org\openjfx\javafx-graphics\21.0.2\javafx-graphics-21.0.2-win.jar;C:\Users\39\.m2\repository\org\openjfx\javafx-graphics\21.0.2\javafx-graphics-21.0.2.jar;C:\Users\39\.m2\repository\org\openjfx\javafx-media\21.0.2\javafx-media-21.0.2-win.jar;C:\Users\39\.m2\repository\org\openjfx\javafx-media\21.0.2\javafx-media-21.0.2.jar;C:\Users\39\.m2\repository\org\openjfx\javafx-swing\21.0.2\javafx-swing-21.0.2-win.jar;C:\Users\39\.m2\repository\org\openjfx\javafx-swing\21.0.2\javafx-swing-21.0.2.jar;C:\Users\39\.m2\repository\org\openjfx\javafx-web\21.0.2\javafx-web-21.0.2-win.jar;C:\Users\39\.m2\repository\org\openjfx\javafx-web\21.0.2\javafx-web-21.0.2.jar --add-modules=javafx.base,javafx.controls,javafx.fxml,javafx.graphics,javafx.media,javafx.swing,javafx.web org.gymify.tests.MainApp

Host: Intel(R) Core(TM) i5-10210U CPU @ 1.60GHz, 8 cores, 3G,  Windows 10 , 64 bit Build 19041 (10.0.19041.5438)
Time: Thu Mar  6 11:52:18 2025 Paris, Madrid elapsed time: 0.424042 seconds (0d 0h 0m 0s)

---------------  T H R E A D  ---------------

Current thread (0x000001ced9ddfc10):  JavaThread "C2 CompilerThread0" daemon [_thread_in_native, id=10672, stack(0x000000c337e00000,0x000000c337f00000)]


Current CompileTask:
C2:    424  604       4       java.lang.invoke.VarHandleGuards::guard_LI_I (78 bytes)

Stack: [0x000000c337e00000,0x000000c337f00000]
Native frames: (J=compiled Java code, j=interpreted, Vv=VM code, C=native code)
V  [jvm.dll+0x689d89]
V  [jvm.dll+0x84386a]
V  [jvm.dll+0x8454ee]
V  [jvm.dll+0x845b53]
V  [jvm.dll+0x24a56f]
V  [jvm.dll+0xacbe1]
V  [jvm.dll+0xad02c]
V  [jvm.dll+0x1207b8]
V  [jvm.dll+0x6b37e9]
V  [jvm.dll+0x1be64e]
V  [jvm.dll+0x21c109]
V  [jvm.dll+0x21b3f1]
V  [jvm.dll+0x1a68ed]
V  [jvm.dll+0x22b2de]
V  [jvm.dll+0x229445]
V  [jvm.dll+0x7f7917]
V  [jvm.dll+0x7f1cec]
V  [jvm.dll+0x688be7]
C  [ucrtbase.dll+0x21bb2]
C  [KERNEL32.DLL+0x17374]
C  [ntdll.dll+0x4cc91]


---------------  P R O C E S S  ---------------

Threads class SMR info:
_java_thread_list=0x000001cede48e000, length=12, elements={
0x000001cec23c0c90, 0x000001ced9d92230, 0x000001ced9d930b0, 0x000001ced9ddafd0,
0x000001ced9ddbb90, 0x000001ced9dde560, 0x000001ced9ddef20, 0x000001ced9ddfc10,
0x000001ced9de2620, 0x000001ced9de3020, 0x000001cede1dc270, 0x000001cede49a350
}

Java Threads: ( => current thread )
  0x000001cec23c0c90 JavaThread "main" [_thread_in_native, id=1892, stack(0x000000c337100000,0x000000c337200000)]
  0x000001ced9d92230 JavaThread "Reference Handler" daemon [_thread_blocked, id=14264, stack(0x000000c337800000,0x000000c337900000)]
  0x000001ced9d930b0 JavaThread "Finalizer" daemon [_thread_blocked, id=15768, stack(0x000000c337900000,0x000000c337a00000)]
  0x000001ced9ddafd0 JavaThread "Signal Dispatcher" daemon [_thread_blocked, id=7152, stack(0x000000c337a00000,0x000000c337b00000)]
  0x000001ced9ddbb90 JavaThread "Attach Listener" daemon [_thread_blocked, id=8096, stack(0x000000c337b00000,0x000000c337c00000)]
  0x000001ced9dde560 JavaThread "Service Thread" daemon [_thread_blocked, id=18148, stack(0x000000c337c00000,0x000000c337d00000)]
  0x000001ced9ddef20 JavaThread "Monitor Deflation Thread" daemon [_thread_blocked, id=7340, stack(0x000000c337d00000,0x000000c337e00000)]
=>0x000001ced9ddfc10 JavaThread "C2 CompilerThread0" daemon [_thread_in_native, id=10672, stack(0x000000c337e00000,0x000000c337f00000)]
  0x000001ced9de2620 JavaThread "C1 CompilerThread0" daemon [_thread_in_vm, id=13300, stack(0x000000c337f00000,0x000000c338000000)]
  0x000001ced9de3020 JavaThread "Sweeper thread" daemon [_thread_blocked, id=3472, stack(0x000000c338000000,0x000000c338100000)]
  0x000001cede1dc270 JavaThread "Common-Cleaner" daemon [_thread_blocked, id=16944, stack(0x000000c338100000,0x000000c338200000)]
  0x000001cede49a350 JavaThread "Notification Thread" daemon [_thread_blocked, id=8940, stack(0x000000c338200000,0x000000c338300000)]

Other Threads:
  0x000001ced9d7f1e0 VMThread "VM Thread" [stack: 0x000000c337700000,0x000000c337800000] [id=6112]
  0x000001cec23c1c50 WatcherThread [stack: 0x000000c338300000,0x000000c338400000] [id=12048]
  0x000001cec23fc870 GCTaskThread "GC Thread#0" [stack: 0x000000c337200000,0x000000c337300000] [id=17412]
  0x000001cec24052c0 ConcurrentGCThread "G1 Main Marker" [stack: 0x000000c337300000,0x000000c337400000] [id=344]
  0x000001cec2406480 ConcurrentGCThread "G1 Conc#0" [stack: 0x000000c337400000,0x000000c337500000] [id=16352]
  0x000001cec2457650 ConcurrentGCThread "G1 Refine#0" [stack: 0x000000c337500000,0x000000c337600000] [id=11464]
  0x000001cec2458080 ConcurrentGCThread "G1 Service" [stack: 0x000000c337600000,0x000000c337700000] [id=16756]

Threads with active compile tasks:
C2 CompilerThread0      452  604       4       java.lang.invoke.VarHandleGuards::guard_LI_I (78 bytes)

VM state: not at safepoint (normal execution)

VM Mutex/Monitor currently owned by a thread: None

Heap address: 0x00000000c2800000, size: 984 MB, Compressed Oops mode: 32-bit

CDS archive(s) not mapped
Compressed class space mapped at: 0x0000000100000000-0x0000000140000000, reserved size: 1073741824
Narrow klass base: 0x0000000000000000, Narrow klass shift: 3, Narrow klass range: 0x140000000

GC Precious Log:
 CPUs: 8 total, 8 available
 Memory: 3929M
 Large Page Support: Disabled
 NUMA Support: Disabled
 Compressed Oops: Enabled (32-bit)
 Heap Region Size: 1M
 Heap Min Capacity: 8M
 Heap Initial Capacity: 62M
 Heap Max Capacity: 984M
 Pre-touch: Disabled
 Parallel Workers: 8
 Concurrent Workers: 2
 Concurrent Refinement Workers: 8
 Periodic GC: Disabled

Heap:
 garbage-first heap   total 63488K, used 9216K [0x00000000c2800000, 0x0000000100000000)
  region size 1024K, 11 young (11264K), 0 survivors (0K)
 Metaspace       used 8546K, committed 8768K, reserved 1114112K
  class space    used 807K, committed 896K, reserved 1048576K

Heap Regions: E=young(eden), S=young(survivor), O=old, HS=humongous(starts), HC=humongous(continues), CS=collection set, F=free, OA=open archive, CA=closed archive, TAMS=top-at-mark-start (previous, next)
|   0|0x00000000c2800000, 0x00000000c2800000, 0x00000000c2900000|  0%| F|  |TAMS 0x00000000c2800000, 0x00000000c2800000| Untracked 
|   1|0x00000000c2900000, 0x00000000c2900000, 0x00000000c2a00000|  0%| F|  |TAMS 0x00000000c2900000, 0x00000000c2900000| Untracked 
|   2|0x00000000c2a00000, 0x00000000c2a00000, 0x00000000c2b00000|  0%| F|  |TAMS 0x00000000c2a00000, 0x00000000c2a00000| Untracked 
|   3|0x00000000c2b00000, 0x00000000c2b00000, 0x00000000c2c00000|  0%| F|  |TAMS 0x00000000c2b00000, 0x00000000c2b00000| Untracked 
|   4|0x00000000c2c00000, 0x00000000c2c00000, 0x00000000c2d00000|  0%| F|  |TAMS 0x00000000c2c00000, 0x00000000c2c00000| Untracked 
|   5|0x00000000c2d00000, 0x00000000c2d00000, 0x00000000c2e00000|  0%| F|  |TAMS 0x00000000c2d00000, 0x00000000c2d00000| Untracked 
|   6|0x00000000c2e00000, 0x00000000c2e00000, 0x00000000c2f00000|  0%| F|  |TAMS 0x00000000c2e00000, 0x00000000c2e00000| Untracked 
|   7|0x00000000c2f00000, 0x00000000c2f00000, 0x00000000c3000000|  0%| F|  |TAMS 0x00000000c2f00000, 0x00000000c2f00000| Untracked 
|   8|0x00000000c3000000, 0x00000000c3000000, 0x00000000c3100000|  0%| F|  |TAMS 0x00000000c3000000, 0x00000000c3000000| Untracked 
|   9|0x00000000c3100000, 0x00000000c3100000, 0x00000000c3200000|  0%| F|  |TAMS 0x00000000c3100000, 0x00000000c3100000| Untracked 
|  10|0x00000000c3200000, 0x00000000c3200000, 0x00000000c3300000|  0%| F|  |TAMS 0x00000000c3200000, 0x00000000c3200000| Untracked 
|  11|0x00000000c3300000, 0x00000000c3300000, 0x00000000c3400000|  0%| F|  |TAMS 0x00000000c3300000, 0x00000000c3300000| Untracked 
|  12|0x00000000c3400000, 0x00000000c3400000, 0x00000000c3500000|  0%| F|  |TAMS 0x00000000c3400000, 0x00000000c3400000| Untracked 
|  13|0x00000000c3500000, 0x00000000c3500000, 0x00000000c3600000|  0%| F|  |TAMS 0x00000000c3500000, 0x00000000c3500000| Untracked 
|  14|0x00000000c3600000, 0x00000000c3600000, 0x00000000c3700000|  0%| F|  |TAMS 0x00000000c3600000, 0x00000000c3600000| Untracked 
|  15|0x00000000c3700000, 0x00000000c3700000, 0x00000000c3800000|  0%| F|  |TAMS 0x00000000c3700000, 0x00000000c3700000| Untracked 
|  16|0x00000000c3800000, 0x00000000c3800000, 0x00000000c3900000|  0%| F|  |TAMS 0x00000000c3800000, 0x00000000c3800000| Untracked 
|  17|0x00000000c3900000, 0x00000000c3900000, 0x00000000c3a00000|  0%| F|  |TAMS 0x00000000c3900000, 0x00000000c3900000| Untracked 
|  18|0x00000000c3a00000, 0x00000000c3a00000, 0x00000000c3b00000|  0%| F|  |TAMS 0x00000000c3a00000, 0x00000000c3a00000| Untracked 
|  19|0x00000000c3b00000, 0x00000000c3b00000, 0x00000000c3c00000|  0%| F|  |TAMS 0x00000000c3b00000, 0x00000000c3b00000| Untracked 
|  20|0x00000000c3c00000, 0x00000000c3c00000, 0x00000000c3d00000|  0%| F|  |TAMS 0x00000000c3c00000, 0x00000000c3c00000| Untracked 
|  21|0x00000000c3d00000, 0x00000000c3d00000, 0x00000000c3e00000|  0%| F|  |TAMS 0x00000000c3d00000, 0x00000000c3d00000| Untracked 
|  22|0x00000000c3e00000, 0x00000000c3e00000, 0x00000000c3f00000|  0%| F|  |TAMS 0x00000000c3e00000, 0x00000000c3e00000| Untracked 
|  23|0x00000000c3f00000, 0x00000000c3f00000, 0x00000000c4000000|  0%| F|  |TAMS 0x00000000c3f00000, 0x00000000c3f00000| Untracked 
|  24|0x00000000c4000000, 0x00000000c4000000, 0x00000000c4100000|  0%| F|  |TAMS 0x00000000c4000000, 0x00000000c4000000| Untracked 
|  25|0x00000000c4100000, 0x00000000c4100000, 0x00000000c4200000|  0%| F|  |TAMS 0x00000000c4100000, 0x00000000c4100000| Untracked 
|  26|0x00000000c4200000, 0x00000000c4200000, 0x00000000c4300000|  0%| F|  |TAMS 0x00000000c4200000, 0x00000000c4200000| Untracked 
|  27|0x00000000c4300000, 0x00000000c4300000, 0x00000000c4400000|  0%| F|  |TAMS 0x00000000c4300000, 0x00000000c4300000| Untracked 
|  28|0x00000000c4400000, 0x00000000c4400000, 0x00000000c4500000|  0%| F|  |TAMS 0x00000000c4400000, 0x00000000c4400000| Untracked 
|  29|0x00000000c4500000, 0x00000000c4500000, 0x00000000c4600000|  0%| F|  |TAMS 0x00000000c4500000, 0x00000000c4500000| Untracked 
|  30|0x00000000c4600000, 0x00000000c4600000, 0x00000000c4700000|  0%| F|  |TAMS 0x00000000c4600000, 0x00000000c4600000| Untracked 
|  31|0x00000000c4700000, 0x00000000c4700000, 0x00000000c4800000|  0%| F|  |TAMS 0x00000000c4700000, 0x00000000c4700000| Untracked 
|  32|0x00000000c4800000, 0x00000000c4800000, 0x00000000c4900000|  0%| F|  |TAMS 0x00000000c4800000, 0x00000000c4800000| Untracked 
|  33|0x00000000c4900000, 0x00000000c4900000, 0x00000000c4a00000|  0%| F|  |TAMS 0x00000000c4900000, 0x00000000c4900000| Untracked 
|  34|0x00000000c4a00000, 0x00000000c4a00000, 0x00000000c4b00000|  0%| F|  |TAMS 0x00000000c4a00000, 0x00000000c4a00000| Untracked 
|  35|0x00000000c4b00000, 0x00000000c4b00000, 0x00000000c4c00000|  0%| F|  |TAMS 0x00000000c4b00000, 0x00000000c4b00000| Untracked 
|  36|0x00000000c4c00000, 0x00000000c4c00000, 0x00000000c4d00000|  0%| F|  |TAMS 0x00000000c4c00000, 0x00000000c4c00000| Untracked 
|  37|0x00000000c4d00000, 0x00000000c4d00000, 0x00000000c4e00000|  0%| F|  |TAMS 0x00000000c4d00000, 0x00000000c4d00000| Untracked 
|  38|0x00000000c4e00000, 0x00000000c4e00000, 0x00000000c4f00000|  0%| F|  |TAMS 0x00000000c4e00000, 0x00000000c4e00000| Untracked 
|  39|0x00000000c4f00000, 0x00000000c4f00000, 0x00000000c5000000|  0%| F|  |TAMS 0x00000000c4f00000, 0x00000000c4f00000| Untracked 
|  40|0x00000000c5000000, 0x00000000c5000000, 0x00000000c5100000|  0%| F|  |TAMS 0x00000000c5000000, 0x00000000c5000000| Untracked 
|  41|0x00000000c5100000, 0x00000000c5100000, 0x00000000c5200000|  0%| F|  |TAMS 0x00000000c5100000, 0x00000000c5100000| Untracked 
|  42|0x00000000c5200000, 0x00000000c5200000, 0x00000000c5300000|  0%| F|  |TAMS 0x00000000c5200000, 0x00000000c5200000| Untracked 
|  43|0x00000000c5300000, 0x00000000c5300000, 0x00000000c5400000|  0%| F|  |TAMS 0x00000000c5300000, 0x00000000c5300000| Untracked 
|  44|0x00000000c5400000, 0x00000000c5400000, 0x00000000c5500000|  0%| F|  |TAMS 0x00000000c5400000, 0x00000000c5400000| Untracked 
|  45|0x00000000c5500000, 0x00000000c5500000, 0x00000000c5600000|  0%| F|  |TAMS 0x00000000c5500000, 0x00000000c5500000| Untracked 
|  46|0x00000000c5600000, 0x00000000c5600000, 0x00000000c5700000|  0%| F|  |TAMS 0x00000000c5600000, 0x00000000c5600000| Untracked 
|  47|0x00000000c5700000, 0x00000000c5700000, 0x00000000c5800000|  0%| F|  |TAMS 0x00000000c5700000, 0x00000000c5700000| Untracked 
|  48|0x00000000c5800000, 0x00000000c5800000, 0x00000000c5900000|  0%| F|  |TAMS 0x00000000c5800000, 0x00000000c5800000| Untracked 
|  49|0x00000000c5900000, 0x00000000c5900000, 0x00000000c5a00000|  0%| F|  |TAMS 0x00000000c5900000, 0x00000000c5900000| Untracked 
|  50|0x00000000c5a00000, 0x00000000c5a00000, 0x00000000c5b00000|  0%| F|  |TAMS 0x00000000c5a00000, 0x00000000c5a00000| Untracked 
|  51|0x00000000c5b00000, 0x00000000c5bec0f8, 0x00000000c5c00000| 92%| E|  |TAMS 0x00000000c5b00000, 0x00000000c5b00000| Complete 
|  52|0x00000000c5c00000, 0x00000000c5d00000, 0x00000000c5d00000|100%| E|CS|TAMS 0x00000000c5c00000, 0x00000000c5c00000| Complete 
|  53|0x00000000c5d00000, 0x00000000c5e00000, 0x00000000c5e00000|100%| E|CS|TAMS 0x00000000c5d00000, 0x00000000c5d00000| Complete 
|  54|0x00000000c5e00000, 0x00000000c5f00000, 0x00000000c5f00000|100%| E|CS|TAMS 0x00000000c5e00000, 0x00000000c5e00000| Complete 
|  55|0x00000000c5f00000, 0x00000000c6000000, 0x00000000c6000000|100%| E|CS|TAMS 0x00000000c5f00000, 0x00000000c5f00000| Complete 
|  56|0x00000000c6000000, 0x00000000c6100000, 0x00000000c6100000|100%| E|CS|TAMS 0x00000000c6000000, 0x00000000c6000000| Complete 
|  57|0x00000000c6100000, 0x00000000c6200000, 0x00000000c6200000|100%| E|CS|TAMS 0x00000000c6100000, 0x00000000c6100000| Complete 
|  58|0x00000000c6200000, 0x00000000c6300000, 0x00000000c6300000|100%| E|  |TAMS 0x00000000c6200000, 0x00000000c6200000| Complete 
|  59|0x00000000c6300000, 0x00000000c6400000, 0x00000000c6400000|100%| E|CS|TAMS 0x00000000c6300000, 0x00000000c6300000| Complete 
|  60|0x00000000c6400000, 0x00000000c6500000, 0x00000000c6500000|100%| E|CS|TAMS 0x00000000c6400000, 0x00000000c6400000| Complete 
|  61|0x00000000c6500000, 0x00000000c6600000, 0x00000000c6600000|100%| E|CS|TAMS 0x00000000c6500000, 0x00000000c6500000| Complete 

Card table byte_map: [0x000001ced50c0000,0x000001ced52b0000] _byte_map_base: 0x000001ced4aac000

Marking Bits (Prev, Next): (CMBitMap*) 0x000001cec23fce90, (CMBitMap*) 0x000001cec23fced0
 Prev Bits: [0x000001ced54a0000, 0x000001ced6400000)
 Next Bits: [0x000001ced6400000, 0x000001ced7360000)

Polling page: 0x000001cec0520000

Metaspace:

Usage:
  Non-class:      7.56 MB used.
      Class:    807.86 KB used.
       Both:      8.35 MB used.

Virtual space:
  Non-class space:       64.00 MB reserved,       7.69 MB ( 12%) committed,  1 nodes.
      Class space:        1.00 GB reserved,     896.00 KB ( <1%) committed,  1 nodes.
             Both:        1.06 GB reserved,       8.56 MB ( <1%) committed. 

Chunk freelists:
   Non-Class:  8.05 MB
       Class:  15.15 MB
        Both:  23.21 MB

MaxMetaspaceSize: unlimited
CompressedClassSpaceSize: 1.00 GB
Initial GC threshold: 21.00 MB
Current GC threshold: 21.00 MB
CDS: off
MetaspaceReclaimPolicy: balanced
 - commit_granule_bytes: 65536.
 - commit_granule_words: 8192.
 - virtual_space_node_default_size: 8388608.
 - enlarge_chunks_in_place: 1.
 - new_chunks_are_fully_committed: 0.
 - uncommit_free_chunks: 1.
 - use_allocation_guard: 0.
 - handle_deallocations: 1.


Internal statistics:

num_allocs_failed_limit: 0.
num_arena_births: 48.
num_arena_deaths: 0.
num_vsnodes_births: 2.
num_vsnodes_deaths: 0.
num_space_committed: 137.
num_space_uncommitted: 0.
num_chunks_returned_to_freelist: 0.
num_chunks_taken_from_freelist: 101.
num_chunk_merges: 0.
num_chunk_splits: 58.
num_chunks_enlarged: 29.
num_inconsistent_stats: 0.

CodeHeap 'non-profiled nmethods': size=120000Kb used=193Kb max_used=193Kb free=119806Kb
 bounds [0x000001cecd670000, 0x000001cecd8e0000, 0x000001ced4ba0000]
CodeHeap 'profiled nmethods': size=120000Kb used=905Kb max_used=905Kb free=119094Kb
 bounds [0x000001cec5ba0000, 0x000001cec5e10000, 0x000001cecd0d0000]
CodeHeap 'non-nmethods': size=5760Kb used=1123Kb max_used=1136Kb free=4636Kb
 bounds [0x000001cecd0d0000, 0x000001cecd340000, 0x000001cecd670000]
 total_blobs=1017 nmethods=612 adapters=318
 compilation: enabled
              stopped_count=0, restarted_count=0
 full_count=0

Compilation events (20 events):
Event: 0.416 Thread 0x000001ced9de2620  595       3       jdk.internal.misc.Unsafe::getIntUnaligned (12 bytes)
Event: 0.416 Thread 0x000001ced9de2620 nmethod 595 0x000001cec5c6f190 code [0x000001cec5c6f340, 0x000001cec5c6f598]
Event: 0.416 Thread 0x000001ced9de2620  593       3       java.lang.invoke.VarHandleByteArrayAsInts$ArrayHandle::get (36 bytes)
Event: 0.416 Thread 0x000001ced9de2620 nmethod 593 0x000001cec5c6f690 code [0x000001cec5c6f860, 0x000001cec5c6fd18]
Event: 0.416 Thread 0x000001ced9de2620  596       3       sun.security.provider.MD5::HH (29 bytes)
Event: 0.416 Thread 0x000001ced9de2620 nmethod 596 0x000001cec5c6ff10 code [0x000001cec5c700a0, 0x000001cec5c701b8]
Event: 0.416 Thread 0x000001ced9de2620  599       3       sun.security.provider.MD5::FF (33 bytes)
Event: 0.416 Thread 0x000001ced9de2620 nmethod 599 0x000001cec5c70290 code [0x000001cec5c70420, 0x000001cec5c70538]
Event: 0.416 Thread 0x000001ced9de2620  600       3       sun.security.provider.MD5::GG (33 bytes)
Event: 0.416 Thread 0x000001ced9de2620 nmethod 600 0x000001cec5c70610 code [0x000001cec5c707a0, 0x000001cec5c708b8]
Event: 0.416 Thread 0x000001ced9de2620  601       3       sun.security.provider.MD5::II (31 bytes)
Event: 0.417 Thread 0x000001ced9de2620 nmethod 601 0x000001cec5c70990 code [0x000001cec5c70b20, 0x000001cec5c70c38]
Event: 0.417 Thread 0x000001ced9de2620  592       3       java.lang.invoke.VarHandle::getTypesAndInvokers (24 bytes)
Event: 0.417 Thread 0x000001ced9de2620 nmethod 592 0x000001cec5c70d10 code [0x000001cec5c70ec0, 0x000001cec5c71378]
Event: 0.417 Thread 0x000001ced9ddfc10  604       4       java.lang.invoke.VarHandleGuards::guard_LI_I (78 bytes)
Event: 0.417 Thread 0x000001ced9de2620  605       3       sun.security.provider.MD5::implCompress (13 bytes)
Event: 0.417 Thread 0x000001ced9de2620 nmethod 605 0x000001cec5c71490 code [0x000001cec5c71680, 0x000001cec5c71ac8]
Event: 0.417 Thread 0x000001ced9de2620  606       3       sun.security.provider.MD5::implCompressCheck (27 bytes)
Event: 0.417 Thread 0x000001ced9de2620 nmethod 606 0x000001cec5c71c90 code [0x000001cec5c71e60, 0x000001cec5c72218]
Event: 0.417 Thread 0x000001ced9de2620  607       3       sun.security.provider.MD5::implCompress0 (1407 bytes)

GC Heap History (0 events):
No events

Dll operation events (2 events):
Event: 0.005 Loaded shared library C:\Users\39\.jdks\jbr-17.0.12-1\bin\java.dll
Event: 0.057 Loaded shared library C:\Users\39\.jdks\jbr-17.0.12-1\bin\jsvml.dll

Deoptimization events (20 events):
Event: 0.275 Thread 0x000001cec23c0c90 DEOPT PACKING pc=0x000001cec5bd93d6 sp=0x000000c3371fda50
Event: 0.275 Thread 0x000001cec23c0c90 DEOPT UNPACKING pc=0x000001cecd127143 sp=0x000000c3371fced8 mode 0
Event: 0.275 Thread 0x000001cec23c0c90 DEOPT PACKING pc=0x000001cec5ba2f67 sp=0x000000c3371fd9f0
Event: 0.275 Thread 0x000001cec23c0c90 DEOPT UNPACKING pc=0x000001cecd127143 sp=0x000000c3371fce10 mode 0
Event: 0.283 Thread 0x000001cec23c0c90 DEOPT PACKING pc=0x000001cec5ba2f67 sp=0x000000c3371fdc80
Event: 0.283 Thread 0x000001cec23c0c90 DEOPT UNPACKING pc=0x000001cecd127143 sp=0x000000c3371fd0a0 mode 0
Event: 0.286 Thread 0x000001cec23c0c90 DEOPT PACKING pc=0x000001cec5ba2f67 sp=0x000000c3371fd9f0
Event: 0.286 Thread 0x000001cec23c0c90 DEOPT UNPACKING pc=0x000001cecd127143 sp=0x000000c3371fce10 mode 0
Event: 0.299 Thread 0x000001cec23c0c90 Uncommon trap: trap_request=0xffffff45 fr.pc=0x000001cecd6869f0 relative=0x0000000000000630
Event: 0.299 Thread 0x000001cec23c0c90 Uncommon trap: reason=unstable_if action=reinterpret pc=0x000001cecd6869f0 method=java.util.ImmutableCollections$SetN.probe(Ljava/lang/Object;)I @ 34 c2
Event: 0.299 Thread 0x000001cec23c0c90 DEOPT PACKING pc=0x000001cecd6869f0 sp=0x000000c3371fe920
Event: 0.299 Thread 0x000001cec23c0c90 DEOPT UNPACKING pc=0x000001cecd1269a3 sp=0x000000c3371fe8c0 mode 2
Event: 0.310 Thread 0x000001cec23c0c90 Uncommon trap: trap_request=0xffffff45 fr.pc=0x000001cecd6718f8 relative=0x0000000000000078
Event: 0.310 Thread 0x000001cec23c0c90 Uncommon trap: reason=unstable_if action=reinterpret pc=0x000001cecd6718f8 method=java.lang.String.isLatin1()Z @ 10 c2
Event: 0.310 Thread 0x000001cec23c0c90 DEOPT PACKING pc=0x000001cecd6718f8 sp=0x000000c3371fec70
Event: 0.310 Thread 0x000001cec23c0c90 DEOPT UNPACKING pc=0x000001cecd1269a3 sp=0x000000c3371febb0 mode 2
Event: 0.381 Thread 0x000001cec23c0c90 Uncommon trap: trap_request=0xffffff45 fr.pc=0x000001cecd680a90 relative=0x00000000000006d0
Event: 0.381 Thread 0x000001cec23c0c90 Uncommon trap: reason=unstable_if action=reinterpret pc=0x000001cecd680a90 method=jdk.internal.module.Checks.isJavaIdentifier(Ljava/lang/String;)Z @ 4 c2
Event: 0.381 Thread 0x000001cec23c0c90 DEOPT PACKING pc=0x000001cecd680a90 sp=0x000000c3371fe020
Event: 0.381 Thread 0x000001cec23c0c90 DEOPT UNPACKING pc=0x000001cecd1269a3 sp=0x000000c3371fdfc0 mode 2

Classes loaded (20 events):
Event: 0.412 Loading class java/lang/constant/MethodHandleDesc
Event: 0.412 Loading class java/lang/constant/MethodHandleDesc done
Event: 0.412 Loading class java/lang/constant/MethodHandleDesc$1
Event: 0.412 Loading class java/lang/constant/MethodHandleDesc$1 done
Event: 0.412 Loading class java/lang/constant/DirectMethodHandleDescImpl
Event: 0.412 Loading class java/lang/constant/DirectMethodHandleDesc
Event: 0.412 Loading class java/lang/constant/DirectMethodHandleDesc done
Event: 0.412 Loading class java/lang/constant/DirectMethodHandleDescImpl done
Event: 0.412 Loading class java/lang/constant/DirectMethodHandleDescImpl$1
Event: 0.412 Loading class java/lang/constant/DirectMethodHandleDescImpl$1 done
Event: 0.412 Loading class java/lang/constant/DirectMethodHandleDesc$1
Event: 0.412 Loading class java/lang/constant/DirectMethodHandleDesc$1 done
Event: 0.412 Loading class java/lang/constant/PrimitiveClassDescImpl
Event: 0.412 Loading class java/lang/constant/DynamicConstantDesc
Event: 0.413 Loading class java/lang/constant/DynamicConstantDesc done
Event: 0.413 Loading class java/lang/constant/PrimitiveClassDescImpl done
Event: 0.413 Loading class java/lang/constant/DynamicConstantDesc$AnonymousDynamicConstantDesc
Event: 0.413 Loading class java/lang/constant/DynamicConstantDesc$AnonymousDynamicConstantDesc done
Event: 0.416 Loading class sun/security/provider/ByteArrayAccess
Event: 0.416 Loading class sun/security/provider/ByteArrayAccess done

Classes unloaded (0 events):
No events

Classes redefined (0 events):
No events

Internal exceptions (2 events):
Event: 0.325 Thread 0x000001cec23c0c90 Exception <a 'java/lang/NoSuchMethodError'{0x00000000c5d07d48}: 'java.lang.Object java.lang.invoke.DirectMethodHandle$Holder.invokeStaticInit(java.lang.Object)'> (0x00000000c5d07d48) 
thrown [s\src\hotspot\share\interpreter\linkResolver.cpp, line 771]
Event: 0.330 Thread 0x000001cec23c0c90 Exception <a 'java/lang/NoSuchMethodError'{0x00000000c5d0f948}: 'void java.lang.invoke.DirectMethodHandle$Holder.invokeStatic(java.lang.Object, java.lang.Object)'> (0x00000000c5d0f948) 
thrown [s\src\hotspot\share\interpreter\linkResolver.cpp, line 771]

VM Operations (4 events):
Event: 0.237 Executing VM operation: HandshakeAllThreads
Event: 0.238 Executing VM operation: HandshakeAllThreads done
Event: 0.293 Executing VM operation: HandshakeAllThreads
Event: 0.293 Executing VM operation: HandshakeAllThreads done

Events (15 events):
Event: 0.058 Thread 0x000001cec23c0c90 Thread added: 0x000001cec23c0c90
Event: 0.076 Thread 0x000001ced9d92230 Thread added: 0x000001ced9d92230
Event: 0.076 Thread 0x000001ced9d930b0 Thread added: 0x000001ced9d930b0
Event: 0.108 Thread 0x000001ced9ddafd0 Thread added: 0x000001ced9ddafd0
Event: 0.108 Thread 0x000001ced9ddbb90 Thread added: 0x000001ced9ddbb90
Event: 0.108 Thread 0x000001ced9dde560 Thread added: 0x000001ced9dde560
Event: 0.108 Thread 0x000001ced9ddef20 Thread added: 0x000001ced9ddef20
Event: 0.108 Thread 0x000001ced9ddfc10 Thread added: 0x000001ced9ddfc10
Event: 0.108 Thread 0x000001ced9de2620 Thread added: 0x000001ced9de2620
Event: 0.108 Thread 0x000001ced9de3020 Thread added: 0x000001ced9de3020
Event: 0.189 Thread 0x000001cede1dc270 Thread added: 0x000001cede1dc270
Event: 0.207 Loaded shared library C:\Users\39\.jdks\jbr-17.0.12-1\bin\net.dll
Event: 0.208 Loaded shared library C:\Users\39\.jdks\jbr-17.0.12-1\bin\nio.dll
Event: 0.217 Loaded shared library C:\Users\39\.jdks\jbr-17.0.12-1\bin\zip.dll
Event: 0.309 Thread 0x000001cede49a350 Thread added: 0x000001cede49a350


Dynamic libraries:
0x00007ff719700000 - 0x00007ff71970a000 	C:\Users\39\.jdks\jbr-17.0.12-1\bin\java.exe
0x00007ffe88110000 - 0x00007ffe88308000 	C:\Windows\SYSTEM32\ntdll.dll
0x00007ffe868e0000 - 0x00007ffe869a2000 	C:\Windows\System32\KERNEL32.DLL
0x00007ffe857b0000 - 0x00007ffe85aaf000 	C:\Windows\System32\KERNELBASE.dll
0x00007ffe85ca0000 - 0x00007ffe85da0000 	C:\Windows\System32\ucrtbase.dll
0x00007ffe81b40000 - 0x00007ffe81b57000 	C:\Users\39\.jdks\jbr-17.0.12-1\bin\jli.dll
0x00007ffe81b20000 - 0x00007ffe81b3b000 	C:\Users\39\.jdks\jbr-17.0.12-1\bin\VCRUNTIME140.dll
0x00007ffe877f0000 - 0x00007ffe8798d000 	C:\Windows\System32\USER32.dll
0x00007ffe85ab0000 - 0x00007ffe85ad2000 	C:\Windows\System32\win32u.dll
0x00007ffe72660000 - 0x00007ffe728fa000 	C:\Windows\WinSxS\amd64_microsoft.windows.common-controls_6595b64144ccf1df_6.0.19041.4355_none_60b8b9eb71f62e16\COMCTL32.dll
0x00007ffe86a50000 - 0x00007ffe86a7b000 	C:\Windows\System32\GDI32.dll
0x00007ffe87e10000 - 0x00007ffe87eae000 	C:\Windows\System32\msvcrt.dll
0x00007ffe86010000 - 0x00007ffe8612a000 	C:\Windows\System32\gdi32full.dll
0x00007ffe85e10000 - 0x00007ffe85ead000 	C:\Windows\System32\msvcp_win.dll
0x00007ffe869b0000 - 0x00007ffe869df000 	C:\Windows\System32\IMM32.DLL
0x00007ffe81a10000 - 0x00007ffe81a1c000 	C:\Users\39\.jdks\jbr-17.0.12-1\bin\vcruntime140_1.dll
0x00007ffe7e720000 - 0x00007ffe7e7ad000 	C:\Users\39\.jdks\jbr-17.0.12-1\bin\msvcp140.dll
0x00007ffdfee20000 - 0x00007ffdffaaa000 	C:\Users\39\.jdks\jbr-17.0.12-1\bin\server\jvm.dll
0x00007ffe861c0000 - 0x00007ffe8626f000 	C:\Windows\System32\ADVAPI32.dll
0x00007ffe86840000 - 0x00007ffe868df000 	C:\Windows\System32\sechost.dll
0x00007ffe87f40000 - 0x00007ffe88063000 	C:\Windows\System32\RPCRT4.dll
0x00007ffe85ae0000 - 0x00007ffe85b07000 	C:\Windows\System32\bcrypt.dll
0x00007ffe86ae0000 - 0x00007ffe86b4b000 	C:\Windows\System32\WS2_32.dll
0x00007ffe854f0000 - 0x00007ffe8553b000 	C:\Windows\SYSTEM32\POWRPROF.dll
0x00007ffe75180000 - 0x00007ffe751a7000 	C:\Windows\SYSTEM32\WINMM.dll
0x00007ffe805b0000 - 0x00007ffe805ba000 	C:\Windows\SYSTEM32\VERSION.dll
0x00007ffe854d0000 - 0x00007ffe854e2000 	C:\Windows\SYSTEM32\UMPDC.dll
0x00007ffe83630000 - 0x00007ffe83642000 	C:\Windows\SYSTEM32\kernel.appcore.dll
0x00007ffe81a00000 - 0x00007ffe81a0a000 	C:\Users\39\.jdks\jbr-17.0.12-1\bin\jimage.dll
0x00007ffe738d0000 - 0x00007ffe73ab4000 	C:\Windows\SYSTEM32\DBGHELP.DLL
0x00007ffe71210000 - 0x00007ffe71244000 	C:\Windows\SYSTEM32\dbgcore.DLL
0x00007ffe85bc0000 - 0x00007ffe85c42000 	C:\Windows\System32\bcryptPrimitives.dll
0x00007ffe81990000 - 0x00007ffe819b5000 	C:\Users\39\.jdks\jbr-17.0.12-1\bin\java.dll
0x00007ffe81970000 - 0x00007ffe81988000 	C:\Users\39\.jdks\jbr-17.0.12-1\bin\zip.dll
0x00007ffe75d10000 - 0x00007ffe75de7000 	C:\Users\39\.jdks\jbr-17.0.12-1\bin\jsvml.dll
0x00007ffe87080000 - 0x00007ffe877ed000 	C:\Windows\System32\SHELL32.dll
0x00007ffe83830000 - 0x00007ffe83fd4000 	C:\Windows\SYSTEM32\windows.storage.dll
0x00007ffe86c70000 - 0x00007ffe86fc5000 	C:\Windows\System32\combase.dll
0x00007ffe85110000 - 0x00007ffe8513f000 	C:\Windows\SYSTEM32\Wldp.dll
0x00007ffe86280000 - 0x00007ffe8634d000 	C:\Windows\System32\OLEAUT32.dll
0x00007ffe86fd0000 - 0x00007ffe8707d000 	C:\Windows\System32\SHCORE.dll
0x00007ffe869e0000 - 0x00007ffe86a35000 	C:\Windows\System32\shlwapi.dll
0x00007ffe856e0000 - 0x00007ffe85704000 	C:\Windows\SYSTEM32\profapi.dll
0x00007ffe81950000 - 0x00007ffe81969000 	C:\Users\39\.jdks\jbr-17.0.12-1\bin\net.dll
0x00007ffe7c400000 - 0x00007ffe7c50a000 	C:\Windows\SYSTEM32\WINHTTP.dll
0x00007ffe84e70000 - 0x00007ffe84edc000 	C:\Windows\system32\mswsock.dll
0x00007ffe81870000 - 0x00007ffe81886000 	C:\Users\39\.jdks\jbr-17.0.12-1\bin\nio.dll
0x000001cec2300000 - 0x000001cec2303000 	C:\Users\39\.openjfx\cache\21.0.2+5\amd64\api-ms-win-core-console-l1-1-0.dll
0x000001cec2310000 - 0x000001cec2313000 	C:\Users\39\.openjfx\cache\21.0.2+5\amd64\api-ms-win-core-console-l1-2-0.dll
0x000001cec2320000 - 0x000001cec2323000 	C:\Users\39\.openjfx\cache\21.0.2+5\amd64\api-ms-win-core-datetime-l1-1-0.dll
0x000001cec2330000 - 0x000001cec2333000 	C:\Users\39\.openjfx\cache\21.0.2+5\amd64\api-ms-win-core-debug-l1-1-0.dll
0x000001cec2340000 - 0x000001cec2343000 	C:\Users\39\.openjfx\cache\21.0.2+5\amd64\api-ms-win-core-errorhandling-l1-1-0.dll
0x000001cec2350000 - 0x000001cec2354000 	C:\Users\39\.openjfx\cache\21.0.2+5\amd64\api-ms-win-core-file-l1-1-0.dll
0x000001cec2360000 - 0x000001cec2363000 	C:\Users\39\.openjfx\cache\21.0.2+5\amd64\api-ms-win-core-file-l1-2-0.dll

dbghelp: loaded successfully - version: 4.0.5 - missing functions: none
symbol engine: initialized successfully - sym options: 0x614 - pdb path: .;C:\Users\39\.jdks\jbr-17.0.12-1\bin;C:\Windows\SYSTEM32;C:\Windows\WinSxS\amd64_microsoft.windows.common-controls_6595b64144ccf1df_6.0.19041.4355_none_60b8b9eb71f62e16;C:\Users\39\.jdks\jbr-17.0.12-1\bin\server;C:\Users\39\.openjfx\cache\21.0.2+5\amd64

VM Arguments:
jvm_args: --module-path=C:\Users\39\.m2\repository\org\openjfx\javafx-base\21.0.2\javafx-base-21.0.2-win.jar;C:\Users\39\.m2\repository\org\openjfx\javafx-base\21.0.2\javafx-base-21.0.2.jar;C:\Users\39\.m2\repository\org\openjfx\javafx-controls\21.0.2\javafx-controls-21.0.2-win.jar;C:\Users\39\.m2\repository\org\openjfx\javafx-controls\21.0.2\javafx-controls-21.0.2.jar;C:\Users\39\.m2\repository\org\openjfx\javafx-fxml\21.0.2\javafx-fxml-21.0.2-win.jar;C:\Users\39\.m2\repository\org\openjfx\javafx-fxml\21.0.2\javafx-fxml-21.0.2.jar;C:\Users\39\.m2\repository\org\openjfx\javafx-graphics\21.0.2\javafx-graphics-21.0.2-win.jar;C:\Users\39\.m2\repository\org\openjfx\javafx-graphics\21.0.2\javafx-graphics-21.0.2.jar;C:\Users\39\.m2\repository\org\openjfx\javafx-media\21.0.2\javafx-media-21.0.2-win.jar;C:\Users\39\.m2\repository\org\openjfx\javafx-media\21.0.2\javafx-media-21.0.2.jar;C:\Users\39\.m2\repository\org\openjfx\javafx-swing\21.0.2\javafx-swing-21.0.2-win.jar;C:\Users\39\.m2\repository\org\openjfx\javafx-swing\21.0.2\javafx-swing-21.0.2.jar;C:\Users\39\.m2\repository\org\openjfx\javafx-web\21.0.2\javafx-web-21.0.2-win.jar;C:\Users\39\.m2\repository\org\openjfx\javafx-web\21.0.2\javafx-web-21.0.2.jar --add-modules=javafx.base,javafx.controls,javafx.fxml,javafx.graphics,javafx.media,javafx.swing,javafx.web 
java_command: org.gymify.tests.MainApp
java_class_path (initial): C:\Users\39\Documents\GitHub\DevAthletes\DevAthletes\gymify\target\classes;C:\Users\39\.m2\repository\com\fasterxml\jackson\core\jackson-annotations\2.12.7\jackson-annotations-2.12.7.jar;C:\Users\39\.m2\repository\com\fasterxml\jackson\core\jackson-core\2.12.7\jackson-core-2.12.7.jar;C:\Users\39\.m2\repository\com\fasterxml\jackson\core\jackson-databind\2.12.7.1\jackson-databind-2.12.7.1.jar;C:\Users\39\.m2\repository\com\fasterxml\woodstox\woodstox-core\5.1.0\woodstox-core-5.1.0.jar;C:\Users\39\.m2\repository\com\google\protobuf\protobuf-java\3.21.9\protobuf-java-3.21.9.jar;C:\Users\39\.m2\repository\com\mysql\mysql-connector-j\8.0.33\mysql-connector-j-8.0.33.jar;C:\Users\39\.m2\repository\com\sun\mail\javax.mail\1.6.2\javax.mail-1.6.2.jar;C:\Users\39\.m2\repository\commons-logging\commons-logging\1.0.4\commons-logging-1.0.4.jar;C:\Users\39\.m2\repository\de\jensd\fontawesomefx\8.0.1\fontawesomefx-8.0.1.jar;C:\Users\39\.m2\repository\io\jsonwebtoken\jjwt\0.12.0\jjwt-0.12.0.jar;C:\Users\39\.m2\repository\io\jsonwebtoken\jjwt-api\0.12.0\jjwt-api-0.12.0.jar;C:\Users\39\.m2\repository\io\jsonwebtoken\jjwt-impl\0.12.0\jjwt-impl-0.12.0.jar;C:\Users\39\.m2\repository\io\jsonwebtoken\jjwt-jackson\0.12.0\jjwt-jackson-0.12.0.jar;C:\Users\39\.m2\repository\jakarta\activation\jakarta.activation-api\2.1.0\jakarta.activation-api-2.1.0.jar;C:\Users\39\.m2\repository\jakarta\mail\jakarta.mail-api\2.1.0\jakarta.mail-api-2.1.0.jar;C:\Users\39\.m2\repository\javax\activation\activation\1.1\activation-1.1.jar;C:\Users\39\.m2\repository\javax\activation\javax.activation-api\1.2.0\javax.activation-api-1.2.0.jar;C:\Users\39\.m2\repository\javax\mail\javax.mail-api\1.6.2\javax.mail-api-1.6.2.jar;C:\Users\39\.m2\repository\junit\junit\4.13\junit-4.13.jar;C:\Users\39\.m2\repository\net\sf\jpf\jpf\1.5\jpf-1.5.jar;C:\Users\39\.m2\repository\org\apache\commons\commons-compress\1.18\commons-compress-1.18.jar;C:\Users\39\.m2\repository\org\apache\commons\commons-imag
Launcher Type: SUN_STANDARD

[Global flags]
     intx CICompilerCount                          = 4                                         {product} {ergonomic}
     uint ConcGCThreads                            = 2                                         {product} {ergonomic}
     uint G1ConcRefinementThreads                  = 8                                         {product} {ergonomic}
   size_t G1HeapRegionSize                         = 1048576                                   {product} {ergonomic}
    uintx GCDrainStackTargetSize                   = 64                                        {product} {ergonomic}
   size_t InitialHeapSize                          = 65011712                                  {product} {ergonomic}
   size_t MarkStackSize                            = 4194304                                   {product} {ergonomic}
   size_t MaxHeapSize                              = 1031798784                                {product} {ergonomic}
   size_t MaxNewSize                               = 618659840                                 {product} {ergonomic}
   size_t MinHeapDeltaBytes                        = 1048576                                   {product} {ergonomic}
   size_t MinHeapSize                              = 8388608                                   {product} {ergonomic}
    uintx NonNMethodCodeHeapSize                   = 5839372                                {pd product} {ergonomic}
    uintx NonProfiledCodeHeapSize                  = 122909434                              {pd product} {ergonomic}
    uintx ProfiledCodeHeapSize                     = 122909434                              {pd product} {ergonomic}
    uintx ReservedCodeCacheSize                    = 251658240                              {pd product} {ergonomic}
     bool SegmentedCodeCache                       = true                                      {product} {ergonomic}
   size_t SoftMaxHeapSize                          = 1031798784                             {manageable} {ergonomic}
     bool UseCompressedClassPointers               = true                           {product lp64_product} {ergonomic}
     bool UseCompressedOops                        = true                           {product lp64_product} {ergonomic}
     bool UseG1GC                                  = true                                      {product} {ergonomic}
     bool UseLargePagesIndividualAllocation        = false                                  {pd product} {ergonomic}

Logging:
Log output configuration:
 #0: stdout all=warning uptime,level,tags
 #1: stderr all=off uptime,level,tags

Environment Variables:
PATH=C:\oraclexe\app\oracle\product\11.2.0\server\bin;C:\Users\39\.jdks\jbr-17.0.12-1\bin;C:\Program Files (x86)\VMware\VMware Workstation\bin\;C:\Users\39\.jdks\jbr-17.0.12\bin;C:\Windows\system32;C:\Windows;C:\Windows\System32\Wbem;C:\Windows\System32\WindowsPowerShell\v1.0\;C:\Windows\System32\OpenSSH\;C:\xampp\php;C:\composer;C:\Program Files\Git\cmd;C:\Program Files (x86)\CodeBlocks\MinGW\bin;C:\Program Files (x86)\GnuWin32\bin;C:\Program Files\Apache\Maven\apache-maven-3.8.8\bin;C:\Users\39\scoop\shims;C:\Users\39\AppData\Local\Microsoft\WindowsApps;C:\Users\39\AppData\Roaming\Composer\vendor\bin;C:\Users\39\AppData\Local\Programs\Microsoft VS Code\bin;C:\Users\39\AppData\Local\GitHubDesktop\bin
USERNAME=39
OS=Windows_NT
PROCESSOR_IDENTIFIER=Intel64 Family 6 Model 142 Stepping 12, GenuineIntel
TMP=C:\Users\39\AppData\Local\Temp
TEMP=C:\Users\39\AppData\Local\Temp



Periodic native trim disabled

JNI global refs:
JNI global refs: 8, weak refs: 0

JNI global refs memory usage: 843, weak refs: 209

Process memory usage:
Resident Set Size: 52268K (1% of 4024112K total physical memory with 197204K free physical memory)

OOME stack traces (most recent first):
Classloader memory used:
