#
# There is insufficient memory for the Java Runtime Environment to continue.
# Native memory allocation (malloc) failed to allocate 1711088 bytes. Error detail: Chunk::new
# Possible reasons:
#   The system is out of physical RAM or swap space
#   This process is running with CompressedOops enabled, and the Java Heap may be blocking the growth of the native heap
# Possible solutions:
#   Reduce memory load on the system
#   Increase physical memory or swap space
#   Check if swap backing store is full
#   Decrease Java heap size (-Xmx/-Xms)
#   Decrease number of Java threads
#   Decrease Java thread stack sizes (-Xss)
#   Set larger code cache with -XX:ReservedCodeCacheSize=
#   JVM is running with Unscaled Compressed Oops mode in which the Java heap is
#     placed in the first 4GB address space. The Java Heap base address is the
#     maximum limit for the native heap growth. Please use -XX:HeapBaseMinAddress
#     to set the Java Heap base and to place the Java Heap above 4GB virtual address.
# This output file may be truncated or incomplete.
#
#  Out of Memory Error (arena.cpp:191), pid=14784, tid=3204
#
# JRE version: OpenJDK Runtime Environment JBR-17.0.12+1-1207.37-nomod (17.0.12+1) (build 17.0.12+1-b1207.37)
# Java VM: OpenJDK 64-Bit Server VM JBR-17.0.12+1-1207.37-nomod (17.0.12+1-b1207.37, mixed mode, sharing, tiered, compressed oops, compressed class ptrs, g1 gc, windows-amd64)
# No core dump will be written. Minidumps are not enabled by default on client versions of Windows
#

---------------  S U M M A R Y ------------

Command Line: --module-path=C:\Users\39\.m2\repository\org\openjfx\javafx-base\21.0.2\javafx-base-21.0.2-win.jar;C:\Users\39\.m2\repository\org\openjfx\javafx-base\21.0.2\javafx-base-21.0.2.jar;C:\Users\39\.m2\repository\org\openjfx\javafx-controls\21.0.2\javafx-controls-21.0.2-win.jar;C:\Users\39\.m2\repository\org\openjfx\javafx-controls\21.0.2\javafx-controls-21.0.2.jar;C:\Users\39\.m2\repository\org\openjfx\javafx-fxml\21.0.2\javafx-fxml-21.0.2-win.jar;C:\Users\39\.m2\repository\org\openjfx\javafx-fxml\21.0.2\javafx-fxml-21.0.2.jar;C:\Users\39\.m2\repository\org\openjfx\javafx-graphics\21.0.2\javafx-graphics-21.0.2-win.jar;C:\Users\39\.m2\repository\org\openjfx\javafx-graphics\21.0.2\javafx-graphics-21.0.2.jar;C:\Users\39\.m2\repository\org\openjfx\javafx-media\21.0.2\javafx-media-21.0.2-win.jar;C:\Users\39\.m2\repository\org\openjfx\javafx-media\21.0.2\javafx-media-21.0.2.jar;C:\Users\39\.m2\repository\org\openjfx\javafx-swing\21.0.2\javafx-swing-21.0.2-win.jar;C:\Users\39\.m2\repository\org\openjfx\javafx-swing\21.0.2\javafx-swing-21.0.2.jar;C:\Users\39\.m2\repository\org\openjfx\javafx-web\21.0.2\javafx-web-21.0.2-win.jar;C:\Users\39\.m2\repository\org\openjfx\javafx-web\21.0.2\javafx-web-21.0.2.jar --add-modules=javafx.base,javafx.controls,javafx.fxml,javafx.graphics,javafx.media,javafx.swing,javafx.web org.gymify.tests.MainApp

Host: Intel(R) Core(TM) i5-10210U CPU @ 1.60GHz, 8 cores, 3G,  Windows 10 , 64 bit Build 19041 (10.0.19041.5678)
Time: Mon May 12 12:39:46 2025 Afr. centrale Ouest elapsed time: 70.913448 seconds (0d 0h 1m 10s)

---------------  T H R E A D  ---------------

Current thread (0x000001edf8e1d540):  JavaThread "C2 CompilerThread0" daemon [_thread_in_native, id=3204, stack(0x0000005110100000,0x0000005110200000)]


Current CompileTask:
C2:  70913 7814 %     4       com.sun.javafx.css.SelectorPartitioning::match @ 544 (696 bytes)

Stack: [0x0000005110100000,0x0000005110200000]
Native frames: (J=compiled Java code, j=interpreted, Vv=VM code, C=native code)
V  [jvm.dll+0x689d89]


---------------  P R O C E S S  ---------------

Threads class SMR info:
_java_thread_list=0x000001edc570b6a0, length=41, elements={
0x000001ede14b63c0, 0x000001edf8e00d40, 0x000001edf8e01bc0, 0x000001edf8e18ae0,
0x000001edf8e1b4d0, 0x000001edf8e1be90, 0x000001edf8e1c850, 0x000001edf8e1d540,
0x000001edf8e22f70, 0x000001edf8e27080, 0x000001edf8df01b0, 0x000001edfd3763a0,
0x000001edfd817020, 0x000001edfd8601c0, 0x000001edfd861210, 0x000001edfdb02d10,
0x000001edfdb06dc0, 0x000001edfdc44cb0, 0x000001edfdc447a0, 0x000001edfdc45be0,
0x000001edfdc47530, 0x000001edfdc44290, 0x000001edfdc460f0, 0x000001edc55c4d00,
0x000001edc55c1040, 0x000001edc55c2480, 0x000001edc55c3dd0, 0x000001edc55bfc00,
0x000001edc55c47f0, 0x000001edc55c1550, 0x000001edc55c1a60, 0x000001edc55c1f70,
0x000001edc55bf1e0, 0x000001edc55c2990, 0x000001edc55c0110, 0x000001edc55bf6f0,
0x000001edc55c42e0, 0x000001edc55c5210, 0x000001edc55c0620, 0x000001edc55c5720,
0x000001edc55c33b0
}

Java Threads: ( => current thread )
  0x000001ede14b63c0 JavaThread "main" [_thread_blocked, id=2356, stack(0x000000510f400000,0x000000510f500000)]
  0x000001edf8e00d40 JavaThread "Reference Handler" daemon [_thread_blocked, id=4836, stack(0x000000510fb00000,0x000000510fc00000)]
  0x000001edf8e01bc0 JavaThread "Finalizer" daemon [_thread_blocked, id=4628, stack(0x000000510fc00000,0x000000510fd00000)]
  0x000001edf8e18ae0 JavaThread "Signal Dispatcher" daemon [_thread_blocked, id=8432, stack(0x000000510fd00000,0x000000510fe00000)]
  0x000001edf8e1b4d0 JavaThread "Attach Listener" daemon [_thread_blocked, id=8536, stack(0x000000510fe00000,0x000000510ff00000)]
  0x000001edf8e1be90 JavaThread "Service Thread" daemon [_thread_blocked, id=12904, stack(0x000000510ff00000,0x0000005110000000)]
  0x000001edf8e1c850 JavaThread "Monitor Deflation Thread" daemon [_thread_blocked, id=16904, stack(0x0000005110000000,0x0000005110100000)]
=>0x000001edf8e1d540 JavaThread "C2 CompilerThread0" daemon [_thread_in_native, id=3204, stack(0x0000005110100000,0x0000005110200000)]
  0x000001edf8e22f70 JavaThread "C1 CompilerThread0" daemon [_thread_blocked, id=12424, stack(0x0000005110200000,0x0000005110300000)]
  0x000001edf8e27080 JavaThread "Sweeper thread" daemon [_thread_blocked, id=19172, stack(0x0000005110300000,0x0000005110400000)]
  0x000001edf8df01b0 JavaThread "Common-Cleaner" daemon [_thread_blocked, id=8744, stack(0x0000005110400000,0x0000005110500000)]
  0x000001edfd3763a0 JavaThread "Notification Thread" daemon [_thread_blocked, id=7740, stack(0x0000005110500000,0x0000005110600000)]
  0x000001edfd817020 JavaThread "QuantumRenderer-0" daemon [_thread_blocked, id=18560, stack(0x0000005110700000,0x0000005110800000)]
  0x000001edfd8601c0 JavaThread "InvokeLaterDispatcher" daemon [_thread_blocked, id=8664, stack(0x0000005110800000,0x0000005110900000)]
  0x000001edfd861210 JavaThread "JavaFX Application Thread" [_thread_in_native, id=20304, stack(0x0000005110900000,0x0000005110a00000)]
  0x000001edfdb02d10 JavaThread "JavaFX-Launcher" [_thread_blocked, id=12760, stack(0x0000005110e00000,0x0000005110f00000)]
  0x000001edfdb06dc0 JavaThread "Thread-2" daemon [_thread_in_native, id=8248, stack(0x0000005110d00000,0x0000005110e00000)]
  0x000001edfdc44cb0 JavaThread "mysql-cj-abandoned-connection-cleanup" daemon [_thread_blocked, id=18156, stack(0x0000005111400000,0x0000005111500000)]
  0x000001edfdc447a0 JavaThread "Prism Font Disposer" daemon [_thread_blocked, id=14924, stack(0x0000005111900000,0x0000005111a00000)]
  0x000001edfdc45be0 JavaThread "Java2D Disposer" daemon [_thread_blocked, id=1724, stack(0x0000005111a00000,0x0000005111b00000)]
  0x000001edfdc47530 JavaThread "AWT-Windows" daemon [_thread_in_native, id=19740, stack(0x0000005111c00000,0x0000005111d00000)]
  0x000001edfdc44290 JavaThread "Cleaner-0" daemon [_thread_blocked, id=17712, stack(0x0000005111b00000,0x0000005111c00000)]
  0x000001edfdc460f0 JavaThread "Disposer" daemon [_thread_blocked, id=17516, stack(0x000000510f200000,0x000000510f300000)]
  0x000001edc55c4d00 JavaThread "HttpClient-1-SelectorManager" daemon [_thread_in_native, id=11116, stack(0x0000005112700000,0x0000005112800000)]
  0x000001edc55c1040 JavaThread "HttpClient-1-Worker-0" daemon [_thread_blocked, id=19108, stack(0x0000005112a00000,0x0000005112b00000)]
  0x000001edc55c2480 JavaThread "HttpClient-1-Worker-1" daemon [_thread_blocked, id=15680, stack(0x0000005112b00000,0x0000005112c00000)]
  0x000001edc55c3dd0 JavaThread "HttpClient-1-Worker-2" daemon [_thread_blocked, id=18228, stack(0x0000005112d00000,0x0000005112e00000)]
  0x000001edc55bfc00 JavaThread "HttpClient-1-Worker-3" daemon [_thread_blocked, id=6344, stack(0x0000005112e00000,0x0000005112f00000)]
  0x000001edc55c47f0 JavaThread "ForkJoinPool.commonPool-worker-1" daemon [_thread_blocked, id=15200, stack(0x0000005113600000,0x0000005113700000)]
  0x000001edc55c1550 JavaThread "ForkJoinPool.commonPool-worker-2" daemon [_thread_blocked, id=19604, stack(0x0000005113700000,0x0000005113800000)]
  0x000001edc55c1a60 JavaThread "ForkJoinPool.commonPool-worker-3" daemon [_thread_blocked, id=2680, stack(0x0000005113800000,0x0000005113900000)]
  0x000001edc55c1f70 JavaThread "ForkJoinPool.commonPool-worker-4" daemon [_thread_blocked, id=20020, stack(0x0000005113900000,0x0000005113a00000)]
  0x000001edc55bf1e0 JavaThread "ForkJoinPool.commonPool-worker-5" daemon [_thread_blocked, id=3632, stack(0x0000005113a00000,0x0000005113b00000)]
  0x000001edc55c2990 JavaThread "ForkJoinPool.commonPool-worker-6" daemon [_thread_blocked, id=15144, stack(0x0000005113b00000,0x0000005113c00000)]
  0x000001edc55c0110 JavaThread "ForkJoinPool.commonPool-worker-7" daemon [_thread_blocked, id=17288, stack(0x0000005113c00000,0x0000005113d00000)]
  0x000001edc55bf6f0 JavaThread "HttpClient-1-Worker-4" daemon [_thread_blocked, id=3712, stack(0x0000005114000000,0x0000005114100000)]
  0x000001edc55c42e0 JavaThread "HttpClient-1-Worker-5" daemon [_thread_blocked, id=9824, stack(0x0000005114100000,0x0000005114200000)]
  0x000001edc55c5210 JavaThread "HttpClient-1-Worker-6" daemon [_thread_blocked, id=5332, stack(0x0000005114200000,0x0000005114300000)]
  0x000001edc55c0620 JavaThread "HttpClient-1-Worker-7" daemon [_thread_blocked, id=7356, stack(0x0000005114300000,0x0000005114400000)]
  0x000001edc55c5720 JavaThread "HttpClient-1-Worker-8" daemon [_thread_blocked, id=16060, stack(0x0000005114400000,0x0000005114500000)]
  0x000001edc55c33b0 JavaThread "Thread-5" [_thread_blocked, id=15312, stack(0x0000005110c00000,0x0000005110d00000)]

Other Threads:
  0x000001edf8dfe140 VMThread "VM Thread" [stack: 0x000000510fa00000,0x000000510fb00000] [id=5296]
  0x000001edfd221c90 WatcherThread [stack: 0x0000005110600000,0x0000005110700000] [id=15140]
  0x000001ede14f14e0 GCTaskThread "GC Thread#0" [stack: 0x000000510f500000,0x000000510f600000] [id=9044]
  0x000001edfd1a9e70 GCTaskThread "GC Thread#1" [stack: 0x0000005110f00000,0x0000005111000000] [id=6884]
  0x000001edfd1a9630 GCTaskThread "GC Thread#2" [stack: 0x0000005111000000,0x0000005111100000] [id=652]
  0x000001edfd1aaef0 GCTaskThread "GC Thread#3" [stack: 0x0000005111100000,0x0000005111200000] [id=18928]
  0x000001edfd1a98f0 GCTaskThread "GC Thread#4" [stack: 0x0000005111200000,0x0000005111300000] [id=3244]
  0x000001edfd1aa130 GCTaskThread "GC Thread#5" [stack: 0x0000005111300000,0x0000005111400000] [id=8836]
  0x000001edfd1a9bb0 GCTaskThread "GC Thread#6" [stack: 0x0000005111500000,0x0000005111600000] [id=3620]
  0x000001edfd1aac30 GCTaskThread "GC Thread#7" [stack: 0x0000005111600000,0x0000005111700000] [id=13332]
  0x000001ede14f9f30 ConcurrentGCThread "G1 Main Marker" [stack: 0x000000510f600000,0x000000510f700000] [id=6376]
  0x000001ede14fd100 ConcurrentGCThread "G1 Conc#0" [stack: 0x000000510f700000,0x000000510f800000] [id=10516]
  0x000001edfd1a9370 ConcurrentGCThread "G1 Conc#1" [stack: 0x0000005112000000,0x0000005112100000] [id=5328]
  0x000001ede154d3c0 ConcurrentGCThread "G1 Refine#0" [stack: 0x000000510f800000,0x000000510f900000] [id=13612]
  0x000001edc52585d0 ConcurrentGCThread "G1 Refine#1" [stack: 0x0000005111700000,0x0000005111800000] [id=10860]
  0x000001edc566c870 ConcurrentGCThread "G1 Refine#2" [stack: 0x0000005111800000,0x0000005111900000] [id=4728]
  0x000001ede154ddf0 ConcurrentGCThread "G1 Service" [stack: 0x000000510f900000,0x000000510fa00000] [id=9820]

Threads with active compile tasks:
C2 CompilerThread0    71043 7814 %     4       com.sun.javafx.css.SelectorPartitioning::match @ 544 (696 bytes)

VM state: not at safepoint (normal execution)

VM Mutex/Monitor currently owned by a thread: None

OutOfMemory and StackOverflow Exception counts:
StackOverflowErrors=4
LinkageErrors=73

Heap address: 0x00000000c2800000, size: 984 MB, Compressed Oops mode: 32-bit

CDS archive(s) mapped at: [0x000001ed80000000-0x000001ed80c00000-0x000001ed80c00000), size 12582912, SharedBaseAddress: 0x000001ed80000000, ArchiveRelocationMode: 1.
Compressed class space mapped at: 0x000001ed81000000-0x000001edc1000000, reserved size: 1073741824
Narrow klass base: 0x000001ed80000000, Narrow klass shift: 0, Narrow klass range: 0x100000000

GC Precious Log:
 CPUs: 8 total, 8 available
 Memory: 3929M
 Large Page Support: Disabled
 NUMA Support: Disabled
 Compressed Oops: Enabled (32-bit)
 Heap Region Size: 1M
 Heap Min Capacity: 8M
 Heap Initial Capacity: 62M
 Heap Max Capacity: 984M
 Pre-touch: Disabled
 Parallel Workers: 8
 Concurrent Workers: 2
 Concurrent Refinement Workers: 8
 Periodic GC: Disabled

Heap:
 garbage-first heap   total 311296K, used 136840K [0x00000000c2800000, 0x0000000100000000)
  region size 1024K, 8 young (8192K), 1 survivors (1024K)
 Metaspace       used 39990K, committed 40448K, reserved 1114112K
  class space    used 5480K, committed 5696K, reserved 1048576K

Heap Regions: E=young(eden), S=young(survivor), O=old, HS=humongous(starts), HC=humongous(continues), CS=collection set, F=free, OA=open archive, CA=closed archive, TAMS=top-at-mark-start (previous, next)
|   0|0x00000000c2800000, 0x00000000c2900000, 0x00000000c2900000|100%| O|  |TAMS 0x00000000c2900000, 0x00000000c2800000| Untracked 
|   1|0x00000000c2900000, 0x00000000c2a00000, 0x00000000c2a00000|100%|HS|  |TAMS 0x00000000c2a00000, 0x00000000c2900000| Complete 
|   2|0x00000000c2a00000, 0x00000000c2b00000, 0x00000000c2b00000|100%| O|  |TAMS 0x00000000c2b00000, 0x00000000c2a00000| Untracked 
|   3|0x00000000c2b00000, 0x00000000c2c00000, 0x00000000c2c00000|100%| O|  |TAMS 0x00000000c2c00000, 0x00000000c2b00000| Untracked 
|   4|0x00000000c2c00000, 0x00000000c2d00000, 0x00000000c2d00000|100%| O|  |TAMS 0x00000000c2d00000, 0x00000000c2c00000| Untracked 
|   5|0x00000000c2d00000, 0x00000000c2e00000, 0x00000000c2e00000|100%| O|  |TAMS 0x00000000c2e00000, 0x00000000c2d00000| Untracked 
|   6|0x00000000c2e00000, 0x00000000c2f00000, 0x00000000c2f00000|100%| O|  |TAMS 0x00000000c2f00000, 0x00000000c2e00000| Untracked 
|   7|0x00000000c2f00000, 0x00000000c3000000, 0x00000000c3000000|100%| O|  |TAMS 0x00000000c3000000, 0x00000000c2f00000| Untracked 
|   8|0x00000000c3000000, 0x00000000c3100000, 0x00000000c3100000|100%| O|  |TAMS 0x00000000c3100000, 0x00000000c3000000| Untracked 
|   9|0x00000000c3100000, 0x00000000c3200000, 0x00000000c3200000|100%| O|  |TAMS 0x00000000c3200000, 0x00000000c3100000| Untracked 
|  10|0x00000000c3200000, 0x00000000c3300000, 0x00000000c3300000|100%| O|  |TAMS 0x00000000c3300000, 0x00000000c3200000| Untracked 
|  11|0x00000000c3300000, 0x00000000c3400000, 0x00000000c3400000|100%| O|  |TAMS 0x00000000c3400000, 0x00000000c3300000| Untracked 
|  12|0x00000000c3400000, 0x00000000c3500000, 0x00000000c3500000|100%|HS|  |TAMS 0x00000000c3500000, 0x00000000c3400000| Complete 
|  13|0x00000000c3500000, 0x00000000c3600000, 0x00000000c3600000|100%|HC|  |TAMS 0x00000000c3600000, 0x00000000c3500000| Complete 
|  14|0x00000000c3600000, 0x00000000c3700000, 0x00000000c3700000|100%|HS|  |TAMS 0x00000000c3600000, 0x00000000c3600000| Complete 
|  15|0x00000000c3700000, 0x00000000c3800000, 0x00000000c3800000|100%|HC|  |TAMS 0x00000000c3700000, 0x00000000c3700000| Complete 
|  16|0x00000000c3800000, 0x00000000c3900000, 0x00000000c3900000|100%| O|  |TAMS 0x00000000c3900000, 0x00000000c3800000| Untracked 
|  17|0x00000000c3900000, 0x00000000c3a00000, 0x00000000c3a00000|100%| O|  |TAMS 0x00000000c3a00000, 0x00000000c3900000| Untracked 
|  18|0x00000000c3a00000, 0x00000000c3b00000, 0x00000000c3b00000|100%| O|  |TAMS 0x00000000c3b00000, 0x00000000c3a00000| Untracked 
|  19|0x00000000c3b00000, 0x00000000c3c00000, 0x00000000c3c00000|100%|HS|  |TAMS 0x00000000c3b00000, 0x00000000c3b00000| Complete 
|  20|0x00000000c3c00000, 0x00000000c3d00000, 0x00000000c3d00000|100%|HC|  |TAMS 0x00000000c3c00000, 0x00000000c3c00000| Complete 
|  21|0x00000000c3d00000, 0x00000000c3e00000, 0x00000000c3e00000|100%|HS|  |TAMS 0x00000000c3d00000, 0x00000000c3d00000| Complete 
|  22|0x00000000c3e00000, 0x00000000c3f00000, 0x00000000c3f00000|100%|HC|  |TAMS 0x00000000c3e00000, 0x00000000c3e00000| Complete 
|  23|0x00000000c3f00000, 0x00000000c4000000, 0x00000000c4000000|100%|HS|  |TAMS 0x00000000c3f00000, 0x00000000c3f00000| Complete 
|  24|0x00000000c4000000, 0x00000000c4100000, 0x00000000c4100000|100%|HC|  |TAMS 0x00000000c4000000, 0x00000000c4000000| Complete 
|  25|0x00000000c4100000, 0x00000000c4200000, 0x00000000c4200000|100%|HS|  |TAMS 0x00000000c4100000, 0x00000000c4100000| Complete 
|  26|0x00000000c4200000, 0x00000000c4300000, 0x00000000c4300000|100%|HC|  |TAMS 0x00000000c4200000, 0x00000000c4200000| Complete 
|  27|0x00000000c4300000, 0x00000000c4400000, 0x00000000c4400000|100%|HS|  |TAMS 0x00000000c4300000, 0x00000000c4300000| Complete 
|  28|0x00000000c4400000, 0x00000000c4500000, 0x00000000c4500000|100%|HC|  |TAMS 0x00000000c4400000, 0x00000000c4400000| Complete 
|  29|0x00000000c4500000, 0x00000000c4500000, 0x00000000c4600000|  0%| F|  |TAMS 0x00000000c4500000, 0x00000000c4500000| Untracked 
|  30|0x00000000c4600000, 0x00000000c4600000, 0x00000000c4700000|  0%| F|  |TAMS 0x00000000c4600000, 0x00000000c4600000| Untracked 
|  31|0x00000000c4700000, 0x00000000c4800000, 0x00000000c4800000|100%| O|  |TAMS 0x00000000c4800000, 0x00000000c4700000| Untracked 
|  32|0x00000000c4800000, 0x00000000c4900000, 0x00000000c4900000|100%| O|  |TAMS 0x00000000c4900000, 0x00000000c4800000| Untracked 
|  33|0x00000000c4900000, 0x00000000c4a00000, 0x00000000c4a00000|100%| O|  |TAMS 0x00000000c4a00000, 0x00000000c4900000| Untracked 
|  34|0x00000000c4a00000, 0x00000000c4a00000, 0x00000000c4b00000|  0%| F|  |TAMS 0x00000000c4a00000, 0x00000000c4a00000| Untracked 
|  35|0x00000000c4b00000, 0x00000000c4b00000, 0x00000000c4c00000|  0%| F|  |TAMS 0x00000000c4b00000, 0x00000000c4b00000| Untracked 
|  36|0x00000000c4c00000, 0x00000000c4c00000, 0x00000000c4d00000|  0%| F|  |TAMS 0x00000000c4c00000, 0x00000000c4c00000| Untracked 
|  37|0x00000000c4d00000, 0x00000000c4d00000, 0x00000000c4e00000|  0%| F|  |TAMS 0x00000000c4d00000, 0x00000000c4d00000| Untracked 
|  38|0x00000000c4e00000, 0x00000000c4e00000, 0x00000000c4f00000|  0%| F|  |TAMS 0x00000000c4e00000, 0x00000000c4e00000| Untracked 
|  39|0x00000000c4f00000, 0x00000000c4f00000, 0x00000000c5000000|  0%| F|  |TAMS 0x00000000c4f00000, 0x00000000c4f00000| Untracked 
|  40|0x00000000c5000000, 0x00000000c5000000, 0x00000000c5100000|  0%| F|  |TAMS 0x00000000c5000000, 0x00000000c5000000| Untracked 
|  41|0x00000000c5100000, 0x00000000c5100000, 0x00000000c5200000|  0%| F|  |TAMS 0x00000000c5100000, 0x00000000c5100000| Untracked 
|  42|0x00000000c5200000, 0x00000000c5200000, 0x00000000c5300000|  0%| F|  |TAMS 0x00000000c5200000, 0x00000000c5200000| Untracked 
|  43|0x00000000c5300000, 0x00000000c5300000, 0x00000000c5400000|  0%| F|  |TAMS 0x00000000c5300000, 0x00000000c5300000| Untracked 
|  44|0x00000000c5400000, 0x00000000c5400000, 0x00000000c5500000|  0%| F|  |TAMS 0x00000000c5400000, 0x00000000c5400000| Untracked 
|  45|0x00000000c5500000, 0x00000000c5500000, 0x00000000c5600000|  0%| F|  |TAMS 0x00000000c5500000, 0x00000000c5500000| Untracked 
|  46|0x00000000c5600000, 0x00000000c5600000, 0x00000000c5700000|  0%| F|  |TAMS 0x00000000c5600000, 0x00000000c5600000| Untracked 
|  47|0x00000000c5700000, 0x00000000c5700000, 0x00000000c5800000|  0%| F|  |TAMS 0x00000000c5700000, 0x00000000c5700000| Untracked 
|  48|0x00000000c5800000, 0x00000000c5800000, 0x00000000c5900000|  0%| F|  |TAMS 0x00000000c5800000, 0x00000000c5800000| Untracked 
|  49|0x00000000c5900000, 0x00000000c5900000, 0x00000000c5a00000|  0%| F|  |TAMS 0x00000000c5900000, 0x00000000c5900000| Untracked 
|  50|0x00000000c5a00000, 0x00000000c5a00000, 0x00000000c5b00000|  0%| F|  |TAMS 0x00000000c5a00000, 0x00000000c5a00000| Untracked 
|  51|0x00000000c5b00000, 0x00000000c5b00000, 0x00000000c5c00000|  0%| F|  |TAMS 0x00000000c5b00000, 0x00000000c5b00000| Untracked 
|  52|0x00000000c5c00000, 0x00000000c5c00000, 0x00000000c5d00000|  0%| F|  |TAMS 0x00000000c5c00000, 0x00000000c5c00000| Untracked 
|  53|0x00000000c5d00000, 0x00000000c5d00000, 0x00000000c5e00000|  0%| F|  |TAMS 0x00000000c5d00000, 0x00000000c5d00000| Untracked 
|  54|0x00000000c5e00000, 0x00000000c5e00000, 0x00000000c5f00000|  0%| F|  |TAMS 0x00000000c5e00000, 0x00000000c5e00000| Untracked 
|  55|0x00000000c5f00000, 0x00000000c5f00000, 0x00000000c6000000|  0%| F|  |TAMS 0x00000000c5f00000, 0x00000000c5f00000| Untracked 
|  56|0x00000000c6000000, 0x00000000c6000000, 0x00000000c6100000|  0%| F|  |TAMS 0x00000000c6000000, 0x00000000c6000000| Untracked 
|  57|0x00000000c6100000, 0x00000000c6100000, 0x00000000c6200000|  0%| F|  |TAMS 0x00000000c6100000, 0x00000000c6100000| Untracked 
|  58|0x00000000c6200000, 0x00000000c6300000, 0x00000000c6300000|100%| O|  |TAMS 0x00000000c6300000, 0x00000000c6200000| Untracked 
|  59|0x00000000c6300000, 0x00000000c6400000, 0x00000000c6400000|100%| O|  |TAMS 0x00000000c6400000, 0x00000000c6300000| Complete 
|  60|0x00000000c6400000, 0x00000000c6500000, 0x00000000c6500000|100%| O|  |TAMS 0x00000000c6500000, 0x00000000c6400000| Untracked 
|  61|0x00000000c6500000, 0x00000000c6600000, 0x00000000c6600000|100%| O|  |TAMS 0x00000000c6600000, 0x00000000c6500000| Untracked 
|  62|0x00000000c6600000, 0x00000000c6600000, 0x00000000c6700000|  0%| F|  |TAMS 0x00000000c6600000, 0x00000000c6600000| Untracked 
|  63|0x00000000c6700000, 0x00000000c6700000, 0x00000000c6800000|  0%| F|  |TAMS 0x00000000c6700000, 0x00000000c6700000| Untracked 
|  64|0x00000000c6800000, 0x00000000c6800000, 0x00000000c6900000|  0%| F|  |TAMS 0x00000000c6800000, 0x00000000c6800000| Untracked 
|  65|0x00000000c6900000, 0x00000000c6900000, 0x00000000c6a00000|  0%| F|  |TAMS 0x00000000c6900000, 0x00000000c6900000| Untracked 
|  66|0x00000000c6a00000, 0x00000000c6a00000, 0x00000000c6b00000|  0%| F|  |TAMS 0x00000000c6a00000, 0x00000000c6a00000| Untracked 
|  67|0x00000000c6b00000, 0x00000000c6b00000, 0x00000000c6c00000|  0%| F|  |TAMS 0x00000000c6b00000, 0x00000000c6b00000| Untracked 
|  68|0x00000000c6c00000, 0x00000000c6c00000, 0x00000000c6d00000|  0%| F|  |TAMS 0x00000000c6c00000, 0x00000000c6c00000| Untracked 
|  69|0x00000000c6d00000, 0x00000000c6d00000, 0x00000000c6e00000|  0%| F|  |TAMS 0x00000000c6d00000, 0x00000000c6d00000| Untracked 
|  70|0x00000000c6e00000, 0x00000000c6e00000, 0x00000000c6f00000|  0%| F|  |TAMS 0x00000000c6e00000, 0x00000000c6e00000| Untracked 
|  71|0x00000000c6f00000, 0x00000000c6f00000, 0x00000000c7000000|  0%| F|  |TAMS 0x00000000c6f00000, 0x00000000c6f00000| Untracked 
|  72|0x00000000c7000000, 0x00000000c7000000, 0x00000000c7100000|  0%| F|  |TAMS 0x00000000c7000000, 0x00000000c7000000| Untracked 
|  73|0x00000000c7100000, 0x00000000c7100000, 0x00000000c7200000|  0%| F|  |TAMS 0x00000000c7100000, 0x00000000c7100000| Untracked 
|  74|0x00000000c7200000, 0x00000000c7200000, 0x00000000c7300000|  0%| F|  |TAMS 0x00000000c7200000, 0x00000000c7200000| Untracked 
|  75|0x00000000c7300000, 0x00000000c7300000, 0x00000000c7400000|  0%| F|  |TAMS 0x00000000c7300000, 0x00000000c7300000| Untracked 
|  76|0x00000000c7400000, 0x00000000c7400000, 0x00000000c7500000|  0%| F|  |TAMS 0x00000000c7400000, 0x00000000c7400000| Untracked 
|  77|0x00000000c7500000, 0x00000000c7500000, 0x00000000c7600000|  0%| F|  |TAMS 0x00000000c7500000, 0x00000000c7500000| Untracked 
|  78|0x00000000c7600000, 0x00000000c7600000, 0x00000000c7700000|  0%| F|  |TAMS 0x00000000c7600000, 0x00000000c7600000| Untracked 
|  79|0x00000000c7700000, 0x00000000c7700000, 0x00000000c7800000|  0%| F|  |TAMS 0x00000000c7700000, 0x00000000c7700000| Untracked 
|  80|0x00000000c7800000, 0x00000000c7800000, 0x00000000c7900000|  0%| F|  |TAMS 0x00000000c7800000, 0x00000000c7800000| Untracked 
|  81|0x00000000c7900000, 0x00000000c7900000, 0x00000000c7a00000|  0%| F|  |TAMS 0x00000000c7900000, 0x00000000c7900000| Untracked 
|  82|0x00000000c7a00000, 0x00000000c7a00000, 0x00000000c7b00000|  0%| F|  |TAMS 0x00000000c7a00000, 0x00000000c7a00000| Untracked 
|  83|0x00000000c7b00000, 0x00000000c7b00000, 0x00000000c7c00000|  0%| F|  |TAMS 0x00000000c7b00000, 0x00000000c7b00000| Untracked 
|  84|0x00000000c7c00000, 0x00000000c7c00000, 0x00000000c7d00000|  0%| F|  |TAMS 0x00000000c7c00000, 0x00000000c7c00000| Untracked 
|  85|0x00000000c7d00000, 0x00000000c7d00000, 0x00000000c7e00000|  0%| F|  |TAMS 0x00000000c7d00000, 0x00000000c7d00000| Untracked 
|  86|0x00000000c7e00000, 0x00000000c7e00000, 0x00000000c7f00000|  0%| F|  |TAMS 0x00000000c7e00000, 0x00000000c7e00000| Untracked 
|  87|0x00000000c7f00000, 0x00000000c7f00000, 0x00000000c8000000|  0%| F|  |TAMS 0x00000000c7f00000, 0x00000000c7f00000| Untracked 
|  88|0x00000000c8000000, 0x00000000c8000000, 0x00000000c8100000|  0%| F|  |TAMS 0x00000000c8000000, 0x00000000c8000000| Untracked 
|  89|0x00000000c8100000, 0x00000000c8100000, 0x00000000c8200000|  0%| F|  |TAMS 0x00000000c8100000, 0x00000000c8100000| Untracked 
|  90|0x00000000c8200000, 0x00000000c8200000, 0x00000000c8300000|  0%| F|  |TAMS 0x00000000c8200000, 0x00000000c8200000| Untracked 
|  91|0x00000000c8300000, 0x00000000c8300000, 0x00000000c8400000|  0%| F|  |TAMS 0x00000000c8300000, 0x00000000c8300000| Untracked 
|  92|0x00000000c8400000, 0x00000000c8400000, 0x00000000c8500000|  0%| F|  |TAMS 0x00000000c8400000, 0x00000000c8400000| Untracked 
|  93|0x00000000c8500000, 0x00000000c8500000, 0x00000000c8600000|  0%| F|  |TAMS 0x00000000c8500000, 0x00000000c8500000| Untracked 
|  94|0x00000000c8600000, 0x00000000c8600000, 0x00000000c8700000|  0%| F|  |TAMS 0x00000000c8600000, 0x00000000c8600000| Untracked 
|  95|0x00000000c8700000, 0x00000000c8700000, 0x00000000c8800000|  0%| F|  |TAMS 0x00000000c8700000, 0x00000000c8700000| Untracked 
|  96|0x00000000c8800000, 0x00000000c8800000, 0x00000000c8900000|  0%| F|  |TAMS 0x00000000c8800000, 0x00000000c8800000| Untracked 
|  97|0x00000000c8900000, 0x00000000c8900000, 0x00000000c8a00000|  0%| F|  |TAMS 0x00000000c8900000, 0x00000000c8900000| Untracked 
|  98|0x00000000c8a00000, 0x00000000c8b00000, 0x00000000c8b00000|100%|HS|  |TAMS 0x00000000c8b00000, 0x00000000c8a00000| Complete 
|  99|0x00000000c8b00000, 0x00000000c8c00000, 0x00000000c8c00000|100%|HC|  |TAMS 0x00000000c8c00000, 0x00000000c8b00000| Complete 
| 100|0x00000000c8c00000, 0x00000000c8d00000, 0x00000000c8d00000|100%|HC|  |TAMS 0x00000000c8d00000, 0x00000000c8c00000| Complete 
| 101|0x00000000c8d00000, 0x00000000c8e00000, 0x00000000c8e00000|100%|HC|  |TAMS 0x00000000c8e00000, 0x00000000c8d00000| Complete 
| 102|0x00000000c8e00000, 0x00000000c8f00000, 0x00000000c8f00000|100%|HC|  |TAMS 0x00000000c8f00000, 0x00000000c8e00000| Complete 
| 103|0x00000000c8f00000, 0x00000000c9000000, 0x00000000c9000000|100%|HC|  |TAMS 0x00000000c9000000, 0x00000000c8f00000| Complete 
| 104|0x00000000c9000000, 0x00000000c9100000, 0x00000000c9100000|100%|HC|  |TAMS 0x00000000c9100000, 0x00000000c9000000| Complete 
| 105|0x00000000c9100000, 0x00000000c9200000, 0x00000000c9200000|100%|HC|  |TAMS 0x00000000c9200000, 0x00000000c9100000| Complete 
| 106|0x00000000c9200000, 0x00000000c9300000, 0x00000000c9300000|100%|HC|  |TAMS 0x00000000c9300000, 0x00000000c9200000| Complete 
| 107|0x00000000c9300000, 0x00000000c9400000, 0x00000000c9400000|100%|HC|  |TAMS 0x00000000c9400000, 0x00000000c9300000| Complete 
| 108|0x00000000c9400000, 0x00000000c9500000, 0x00000000c9500000|100%|HC|  |TAMS 0x00000000c9500000, 0x00000000c9400000| Complete 
| 109|0x00000000c9500000, 0x00000000c9600000, 0x00000000c9600000|100%|HC|  |TAMS 0x00000000c9600000, 0x00000000c9500000| Complete 
| 110|0x00000000c9600000, 0x00000000c9700000, 0x00000000c9700000|100%|HC|  |TAMS 0x00000000c9700000, 0x00000000c9600000| Complete 
| 111|0x00000000c9700000, 0x00000000c9800000, 0x00000000c9800000|100%|HC|  |TAMS 0x00000000c9800000, 0x00000000c9700000| Complete 
| 112|0x00000000c9800000, 0x00000000c9900000, 0x00000000c9900000|100%|HC|  |TAMS 0x00000000c9900000, 0x00000000c9800000| Complete 
| 113|0x00000000c9900000, 0x00000000c9a00000, 0x00000000c9a00000|100%|HC|  |TAMS 0x00000000c9a00000, 0x00000000c9900000| Complete 
| 114|0x00000000c9a00000, 0x00000000c9b00000, 0x00000000c9b00000|100%|HC|  |TAMS 0x00000000c9b00000, 0x00000000c9a00000| Complete 
| 115|0x00000000c9b00000, 0x00000000c9c00000, 0x00000000c9c00000|100%|HC|  |TAMS 0x00000000c9c00000, 0x00000000c9b00000| Complete 
| 116|0x00000000c9c00000, 0x00000000c9d00000, 0x00000000c9d00000|100%|HC|  |TAMS 0x00000000c9d00000, 0x00000000c9c00000| Complete 
| 117|0x00000000c9d00000, 0x00000000c9e00000, 0x00000000c9e00000|100%|HC|  |TAMS 0x00000000c9e00000, 0x00000000c9d00000| Complete 
| 118|0x00000000c9e00000, 0x00000000c9f00000, 0x00000000c9f00000|100%|HC|  |TAMS 0x00000000c9f00000, 0x00000000c9e00000| Complete 
| 119|0x00000000c9f00000, 0x00000000ca000000, 0x00000000ca000000|100%|HC|  |TAMS 0x00000000ca000000, 0x00000000c9f00000| Complete 
| 120|0x00000000ca000000, 0x00000000ca100000, 0x00000000ca100000|100%|HC|  |TAMS 0x00000000ca100000, 0x00000000ca000000| Complete 
| 121|0x00000000ca100000, 0x00000000ca200000, 0x00000000ca200000|100%|HC|  |TAMS 0x00000000ca200000, 0x00000000ca100000| Complete 
| 122|0x00000000ca200000, 0x00000000ca300000, 0x00000000ca300000|100%|HC|  |TAMS 0x00000000ca300000, 0x00000000ca200000| Complete 
| 123|0x00000000ca300000, 0x00000000ca400000, 0x00000000ca400000|100%|HC|  |TAMS 0x00000000ca400000, 0x00000000ca300000| Complete 
| 124|0x00000000ca400000, 0x00000000ca500000, 0x00000000ca500000|100%|HC|  |TAMS 0x00000000ca500000, 0x00000000ca400000| Complete 
| 125|0x00000000ca500000, 0x00000000ca600000, 0x00000000ca600000|100%|HC|  |TAMS 0x00000000ca600000, 0x00000000ca500000| Complete 
| 126|0x00000000ca600000, 0x00000000ca700000, 0x00000000ca700000|100%|HC|  |TAMS 0x00000000ca700000, 0x00000000ca600000| Complete 
| 127|0x00000000ca700000, 0x00000000ca800000, 0x00000000ca800000|100%|HC|  |TAMS 0x00000000ca800000, 0x00000000ca700000| Complete 
| 128|0x00000000ca800000, 0x00000000ca900000, 0x00000000ca900000|100%|HC|  |TAMS 0x00000000ca900000, 0x00000000ca800000| Complete 
| 129|0x00000000ca900000, 0x00000000caa00000, 0x00000000caa00000|100%|HC|  |TAMS 0x00000000caa00000, 0x00000000ca900000| Complete 
| 130|0x00000000caa00000, 0x00000000cab00000, 0x00000000cab00000|100%|HC|  |TAMS 0x00000000cab00000, 0x00000000caa00000| Complete 
| 131|0x00000000cab00000, 0x00000000cac00000, 0x00000000cac00000|100%|HC|  |TAMS 0x00000000cac00000, 0x00000000cab00000| Complete 
| 132|0x00000000cac00000, 0x00000000cad00000, 0x00000000cad00000|100%|HC|  |TAMS 0x00000000cad00000, 0x00000000cac00000| Complete 
| 133|0x00000000cad00000, 0x00000000cae00000, 0x00000000cae00000|100%|HC|  |TAMS 0x00000000cae00000, 0x00000000cad00000| Complete 
| 134|0x00000000cae00000, 0x00000000caf00000, 0x00000000caf00000|100%|HC|  |TAMS 0x00000000caf00000, 0x00000000cae00000| Complete 
| 135|0x00000000caf00000, 0x00000000cb000000, 0x00000000cb000000|100%|HC|  |TAMS 0x00000000cb000000, 0x00000000caf00000| Complete 
| 136|0x00000000cb000000, 0x00000000cb100000, 0x00000000cb100000|100%|HC|  |TAMS 0x00000000cb100000, 0x00000000cb000000| Complete 
| 137|0x00000000cb100000, 0x00000000cb200000, 0x00000000cb200000|100%|HC|  |TAMS 0x00000000cb200000, 0x00000000cb100000| Complete 
| 138|0x00000000cb200000, 0x00000000cb300000, 0x00000000cb300000|100%|HC|  |TAMS 0x00000000cb300000, 0x00000000cb200000| Complete 
| 139|0x00000000cb300000, 0x00000000cb400000, 0x00000000cb400000|100%|HC|  |TAMS 0x00000000cb400000, 0x00000000cb300000| Complete 
| 140|0x00000000cb400000, 0x00000000cb500000, 0x00000000cb500000|100%|HC|  |TAMS 0x00000000cb500000, 0x00000000cb400000| Complete 
| 141|0x00000000cb500000, 0x00000000cb600000, 0x00000000cb600000|100%|HC|  |TAMS 0x00000000cb600000, 0x00000000cb500000| Complete 
| 142|0x00000000cb600000, 0x00000000cb700000, 0x00000000cb700000|100%|HC|  |TAMS 0x00000000cb700000, 0x00000000cb600000| Complete 
| 143|0x00000000cb700000, 0x00000000cb800000, 0x00000000cb800000|100%|HC|  |TAMS 0x00000000cb800000, 0x00000000cb700000| Complete 
| 144|0x00000000cb800000, 0x00000000cb900000, 0x00000000cb900000|100%|HC|  |TAMS 0x00000000cb900000, 0x00000000cb800000| Complete 
| 145|0x00000000cb900000, 0x00000000cba00000, 0x00000000cba00000|100%|HC|  |TAMS 0x00000000cba00000, 0x00000000cb900000| Complete 
| 146|0x00000000cba00000, 0x00000000cbb00000, 0x00000000cbb00000|100%|HC|  |TAMS 0x00000000cbb00000, 0x00000000cba00000| Complete 
| 147|0x00000000cbb00000, 0x00000000cbc00000, 0x00000000cbc00000|100%|HC|  |TAMS 0x00000000cbc00000, 0x00000000cbb00000| Complete 
| 148|0x00000000cbc00000, 0x00000000cbd00000, 0x00000000cbd00000|100%|HC|  |TAMS 0x00000000cbd00000, 0x00000000cbc00000| Complete 
| 149|0x00000000cbd00000, 0x00000000cbe00000, 0x00000000cbe00000|100%|HC|  |TAMS 0x00000000cbe00000, 0x00000000cbd00000| Complete 
| 150|0x00000000cbe00000, 0x00000000cbf00000, 0x00000000cbf00000|100%|HC|  |TAMS 0x00000000cbf00000, 0x00000000cbe00000| Complete 
| 151|0x00000000cbf00000, 0x00000000cc000000, 0x00000000cc000000|100%|HC|  |TAMS 0x00000000cc000000, 0x00000000cbf00000| Complete 
| 152|0x00000000cc000000, 0x00000000cc100000, 0x00000000cc100000|100%|HC|  |TAMS 0x00000000cc100000, 0x00000000cc000000| Complete 
| 153|0x00000000cc100000, 0x00000000cc200000, 0x00000000cc200000|100%|HC|  |TAMS 0x00000000cc200000, 0x00000000cc100000| Complete 
| 154|0x00000000cc200000, 0x00000000cc300000, 0x00000000cc300000|100%|HS|  |TAMS 0x00000000cc300000, 0x00000000cc200000| Complete 
| 155|0x00000000cc300000, 0x00000000cc400000, 0x00000000cc400000|100%|HC|  |TAMS 0x00000000cc400000, 0x00000000cc300000| Complete 
| 156|0x00000000cc400000, 0x00000000cc500000, 0x00000000cc500000|100%|HS|  |TAMS 0x00000000cc500000, 0x00000000cc400000| Complete 
| 157|0x00000000cc500000, 0x00000000cc600000, 0x00000000cc600000|100%|HC|  |TAMS 0x00000000cc600000, 0x00000000cc500000| Complete 
| 158|0x00000000cc600000, 0x00000000cc700000, 0x00000000cc700000|100%|HS|  |TAMS 0x00000000cc700000, 0x00000000cc600000| Complete 
| 159|0x00000000cc700000, 0x00000000cc800000, 0x00000000cc800000|100%|HC|  |TAMS 0x00000000cc800000, 0x00000000cc700000| Complete 
| 160|0x00000000cc800000, 0x00000000cc900000, 0x00000000cc900000|100%|HS|  |TAMS 0x00000000cc900000, 0x00000000cc800000| Complete 
| 161|0x00000000cc900000, 0x00000000cca00000, 0x00000000cca00000|100%|HC|  |TAMS 0x00000000cca00000, 0x00000000cc900000| Complete 
| 162|0x00000000cca00000, 0x00000000ccb00000, 0x00000000ccb00000|100%|HS|  |TAMS 0x00000000ccb00000, 0x00000000cca00000| Complete 
| 163|0x00000000ccb00000, 0x00000000ccc00000, 0x00000000ccc00000|100%|HC|  |TAMS 0x00000000ccc00000, 0x00000000ccb00000| Complete 
| 164|0x00000000ccc00000, 0x00000000ccd00000, 0x00000000ccd00000|100%|HS|  |TAMS 0x00000000ccd00000, 0x00000000ccc00000| Complete 
| 165|0x00000000ccd00000, 0x00000000cce00000, 0x00000000cce00000|100%|HC|  |TAMS 0x00000000cce00000, 0x00000000ccd00000| Complete 
| 166|0x00000000cce00000, 0x00000000ccf00000, 0x00000000ccf00000|100%|HS|  |TAMS 0x00000000ccf00000, 0x00000000cce00000| Complete 
| 167|0x00000000ccf00000, 0x00000000cd000000, 0x00000000cd000000|100%|HC|  |TAMS 0x00000000cd000000, 0x00000000ccf00000| Complete 
| 168|0x00000000cd000000, 0x00000000cd100000, 0x00000000cd100000|100%| O|  |TAMS 0x00000000cd100000, 0x00000000cd000000| Untracked 
| 169|0x00000000cd100000, 0x00000000cd200000, 0x00000000cd200000|100%| O|  |TAMS 0x00000000cd200000, 0x00000000cd100000| Untracked 
| 170|0x00000000cd200000, 0x00000000cd300000, 0x00000000cd300000|100%| O|  |TAMS 0x00000000cd300000, 0x00000000cd200000| Untracked 
| 171|0x00000000cd300000, 0x00000000cd400000, 0x00000000cd400000|100%| O|  |TAMS 0x00000000cd400000, 0x00000000cd300000| Untracked 
| 172|0x00000000cd400000, 0x00000000cd500000, 0x00000000cd500000|100%| O|  |TAMS 0x00000000cd500000, 0x00000000cd400000| Untracked 
| 173|0x00000000cd500000, 0x00000000cd600000, 0x00000000cd600000|100%| O|  |TAMS 0x00000000cd600000, 0x00000000cd500000| Untracked 
| 174|0x00000000cd600000, 0x00000000cd700000, 0x00000000cd700000|100%| O|  |TAMS 0x00000000cd700000, 0x00000000cd600000| Untracked 
| 175|0x00000000cd700000, 0x00000000cd736a00, 0x00000000cd800000| 21%| O|  |TAMS 0x00000000cd736a00, 0x00000000cd700000| Untracked 
| 176|0x00000000cd800000, 0x00000000cd900000, 0x00000000cd900000|100%|HS|  |TAMS 0x00000000cd900000, 0x00000000cd800000| Complete 
| 177|0x00000000cd900000, 0x00000000cda00000, 0x00000000cda00000|100%|HC|  |TAMS 0x00000000cda00000, 0x00000000cd900000| Complete 
| 178|0x00000000cda00000, 0x00000000cdb00000, 0x00000000cdb00000|100%|HS|  |TAMS 0x00000000cdb00000, 0x00000000cda00000| Complete 
| 179|0x00000000cdb00000, 0x00000000cdc00000, 0x00000000cdc00000|100%|HC|  |TAMS 0x00000000cdc00000, 0x00000000cdb00000| Complete 
| 180|0x00000000cdc00000, 0x00000000cdd00000, 0x00000000cdd00000|100%|HS|  |TAMS 0x00000000cdd00000, 0x00000000cdc00000| Complete 
| 181|0x00000000cdd00000, 0x00000000cde00000, 0x00000000cde00000|100%|HC|  |TAMS 0x00000000cde00000, 0x00000000cdd00000| Complete 
| 182|0x00000000cde00000, 0x00000000cdf00000, 0x00000000cdf00000|100%|HS|  |TAMS 0x00000000cdf00000, 0x00000000cde00000| Complete 
| 183|0x00000000cdf00000, 0x00000000ce000000, 0x00000000ce000000|100%|HC|  |TAMS 0x00000000ce000000, 0x00000000cdf00000| Complete 
| 184|0x00000000ce000000, 0x00000000ce100000, 0x00000000ce100000|100%|HS|  |TAMS 0x00000000ce100000, 0x00000000ce000000| Complete 
| 185|0x00000000ce100000, 0x00000000ce200000, 0x00000000ce200000|100%|HC|  |TAMS 0x00000000ce200000, 0x00000000ce100000| Complete 
| 186|0x00000000ce200000, 0x00000000ce300000, 0x00000000ce300000|100%|HS|  |TAMS 0x00000000ce200000, 0x00000000ce200000| Complete 
| 187|0x00000000ce300000, 0x00000000ce400000, 0x00000000ce400000|100%|HC|  |TAMS 0x00000000ce300000, 0x00000000ce300000| Complete 
| 188|0x00000000ce400000, 0x00000000ce500000, 0x00000000ce500000|100%|HS|  |TAMS 0x00000000ce400000, 0x00000000ce400000| Complete 
| 189|0x00000000ce500000, 0x00000000ce600000, 0x00000000ce600000|100%|HC|  |TAMS 0x00000000ce500000, 0x00000000ce500000| Complete 
| 190|0x00000000ce600000, 0x00000000ce600000, 0x00000000ce700000|  0%| F|  |TAMS 0x00000000ce600000, 0x00000000ce600000| Untracked 
| 191|0x00000000ce700000, 0x00000000ce700000, 0x00000000ce800000|  0%| F|  |TAMS 0x00000000ce700000, 0x00000000ce700000| Untracked 
| 192|0x00000000ce800000, 0x00000000ce800000, 0x00000000ce900000|  0%| F|  |TAMS 0x00000000ce800000, 0x00000000ce800000| Untracked 
| 193|0x00000000ce900000, 0x00000000ce900000, 0x00000000cea00000|  0%| F|  |TAMS 0x00000000ce900000, 0x00000000ce900000| Untracked 
| 194|0x00000000cea00000, 0x00000000cea00000, 0x00000000ceb00000|  0%| F|  |TAMS 0x00000000cea00000, 0x00000000cea00000| Untracked 
| 195|0x00000000ceb00000, 0x00000000ceb00000, 0x00000000cec00000|  0%| F|  |TAMS 0x00000000ceb00000, 0x00000000ceb00000| Untracked 
| 196|0x00000000cec00000, 0x00000000cec00000, 0x00000000ced00000|  0%| F|  |TAMS 0x00000000cec00000, 0x00000000cec00000| Untracked 
| 197|0x00000000ced00000, 0x00000000ced00000, 0x00000000cee00000|  0%| F|  |TAMS 0x00000000ced00000, 0x00000000ced00000| Untracked 
| 198|0x00000000cee00000, 0x00000000cee00000, 0x00000000cef00000|  0%| F|  |TAMS 0x00000000cee00000, 0x00000000cee00000| Untracked 
| 199|0x00000000cef00000, 0x00000000cef00000, 0x00000000cf000000|  0%| F|  |TAMS 0x00000000cef00000, 0x00000000cef00000| Untracked 
| 200|0x00000000cf000000, 0x00000000cf000000, 0x00000000cf100000|  0%| F|  |TAMS 0x00000000cf000000, 0x00000000cf000000| Untracked 
| 201|0x00000000cf100000, 0x00000000cf100000, 0x00000000cf200000|  0%| F|  |TAMS 0x00000000cf100000, 0x00000000cf100000| Untracked 
| 202|0x00000000cf200000, 0x00000000cf200000, 0x00000000cf300000|  0%| F|  |TAMS 0x00000000cf200000, 0x00000000cf200000| Untracked 
| 203|0x00000000cf300000, 0x00000000cf300000, 0x00000000cf400000|  0%| F|  |TAMS 0x00000000cf300000, 0x00000000cf300000| Untracked 
| 204|0x00000000cf400000, 0x00000000cf400000, 0x00000000cf500000|  0%| F|  |TAMS 0x00000000cf400000, 0x00000000cf400000| Untracked 
| 205|0x00000000cf500000, 0x00000000cf500000, 0x00000000cf600000|  0%| F|  |TAMS 0x00000000cf500000, 0x00000000cf500000| Untracked 
| 206|0x00000000cf600000, 0x00000000cf600000, 0x00000000cf700000|  0%| F|  |TAMS 0x00000000cf600000, 0x00000000cf600000| Untracked 
| 207|0x00000000cf700000, 0x00000000cf700000, 0x00000000cf800000|  0%| F|  |TAMS 0x00000000cf700000, 0x00000000cf700000| Untracked 
| 208|0x00000000cf800000, 0x00000000cf800000, 0x00000000cf900000|  0%| F|  |TAMS 0x00000000cf800000, 0x00000000cf800000| Untracked 
| 209|0x00000000cf900000, 0x00000000cf900000, 0x00000000cfa00000|  0%| F|  |TAMS 0x00000000cf900000, 0x00000000cf900000| Untracked 
| 210|0x00000000cfa00000, 0x00000000cfa00000, 0x00000000cfb00000|  0%| F|  |TAMS 0x00000000cfa00000, 0x00000000cfa00000| Untracked 
| 211|0x00000000cfb00000, 0x00000000cfb00000, 0x00000000cfc00000|  0%| F|  |TAMS 0x00000000cfb00000, 0x00000000cfb00000| Untracked 
| 212|0x00000000cfc00000, 0x00000000cfc00000, 0x00000000cfd00000|  0%| F|  |TAMS 0x00000000cfc00000, 0x00000000cfc00000| Untracked 
| 213|0x00000000cfd00000, 0x00000000cfd00000, 0x00000000cfe00000|  0%| F|  |TAMS 0x00000000cfd00000, 0x00000000cfd00000| Untracked 
| 214|0x00000000cfe00000, 0x00000000cfe00000, 0x00000000cff00000|  0%| F|  |TAMS 0x00000000cfe00000, 0x00000000cfe00000| Untracked 
| 215|0x00000000cff00000, 0x00000000cff00000, 0x00000000d0000000|  0%| F|  |TAMS 0x00000000cff00000, 0x00000000cff00000| Untracked 
| 216|0x00000000d0000000, 0x00000000d0000000, 0x00000000d0100000|  0%| F|  |TAMS 0x00000000d0000000, 0x00000000d0000000| Untracked 
| 217|0x00000000d0100000, 0x00000000d0100000, 0x00000000d0200000|  0%| F|  |TAMS 0x00000000d0100000, 0x00000000d0100000| Untracked 
| 218|0x00000000d0200000, 0x00000000d0200000, 0x00000000d0300000|  0%| F|  |TAMS 0x00000000d0200000, 0x00000000d0200000| Untracked 
| 219|0x00000000d0300000, 0x00000000d0300000, 0x00000000d0400000|  0%| F|  |TAMS 0x00000000d0300000, 0x00000000d0300000| Untracked 
| 220|0x00000000d0400000, 0x00000000d0400000, 0x00000000d0500000|  0%| F|  |TAMS 0x00000000d0400000, 0x00000000d0400000| Untracked 
| 221|0x00000000d0500000, 0x00000000d0500000, 0x00000000d0600000|  0%| F|  |TAMS 0x00000000d0500000, 0x00000000d0500000| Untracked 
| 222|0x00000000d0600000, 0x00000000d0600000, 0x00000000d0700000|  0%| F|  |TAMS 0x00000000d0600000, 0x00000000d0600000| Untracked 
| 223|0x00000000d0700000, 0x00000000d0700000, 0x00000000d0800000|  0%| F|  |TAMS 0x00000000d0700000, 0x00000000d0700000| Untracked 
| 224|0x00000000d0800000, 0x00000000d0800000, 0x00000000d0900000|  0%| F|  |TAMS 0x00000000d0800000, 0x00000000d0800000| Untracked 
| 225|0x00000000d0900000, 0x00000000d0900000, 0x00000000d0a00000|  0%| F|  |TAMS 0x00000000d0900000, 0x00000000d0900000| Untracked 
| 226|0x00000000d0a00000, 0x00000000d0a00000, 0x00000000d0b00000|  0%| F|  |TAMS 0x00000000d0a00000, 0x00000000d0a00000| Untracked 
| 227|0x00000000d0b00000, 0x00000000d0b00000, 0x00000000d0c00000|  0%| F|  |TAMS 0x00000000d0b00000, 0x00000000d0b00000| Untracked 
| 228|0x00000000d0c00000, 0x00000000d0c00000, 0x00000000d0d00000|  0%| F|  |TAMS 0x00000000d0c00000, 0x00000000d0c00000| Untracked 
| 229|0x00000000d0d00000, 0x00000000d0d00000, 0x00000000d0e00000|  0%| F|  |TAMS 0x00000000d0d00000, 0x00000000d0d00000| Untracked 
| 230|0x00000000d0e00000, 0x00000000d0e00000, 0x00000000d0f00000|  0%| F|  |TAMS 0x00000000d0e00000, 0x00000000d0e00000| Untracked 
| 231|0x00000000d0f00000, 0x00000000d0f00000, 0x00000000d1000000|  0%| F|  |TAMS 0x00000000d0f00000, 0x00000000d0f00000| Untracked 
| 232|0x00000000d1000000, 0x00000000d1000000, 0x00000000d1100000|  0%| F|  |TAMS 0x00000000d1000000, 0x00000000d1000000| Untracked 
| 233|0x00000000d1100000, 0x00000000d1100000, 0x00000000d1200000|  0%| F|  |TAMS 0x00000000d1100000, 0x00000000d1100000| Untracked 
| 234|0x00000000d1200000, 0x00000000d1200000, 0x00000000d1300000|  0%| F|  |TAMS 0x00000000d1200000, 0x00000000d1200000| Untracked 
| 235|0x00000000d1300000, 0x00000000d1300000, 0x00000000d1400000|  0%| F|  |TAMS 0x00000000d1300000, 0x00000000d1300000| Untracked 
| 236|0x00000000d1400000, 0x00000000d1400000, 0x00000000d1500000|  0%| F|  |TAMS 0x00000000d1400000, 0x00000000d1400000| Untracked 
| 237|0x00000000d1500000, 0x00000000d1500000, 0x00000000d1600000|  0%| F|  |TAMS 0x00000000d1500000, 0x00000000d1500000| Untracked 
| 238|0x00000000d1600000, 0x00000000d1600000, 0x00000000d1700000|  0%| F|  |TAMS 0x00000000d1600000, 0x00000000d1600000| Untracked 
| 239|0x00000000d1700000, 0x00000000d1700000, 0x00000000d1800000|  0%| F|  |TAMS 0x00000000d1700000, 0x00000000d1700000| Untracked 
| 240|0x00000000d1800000, 0x00000000d1800000, 0x00000000d1900000|  0%| F|  |TAMS 0x00000000d1800000, 0x00000000d1800000| Untracked 
| 241|0x00000000d1900000, 0x00000000d1900000, 0x00000000d1a00000|  0%| F|  |TAMS 0x00000000d1900000, 0x00000000d1900000| Untracked 
| 242|0x00000000d1a00000, 0x00000000d1a00000, 0x00000000d1b00000|  0%| F|  |TAMS 0x00000000d1a00000, 0x00000000d1a00000| Untracked 
| 243|0x00000000d1b00000, 0x00000000d1b00000, 0x00000000d1c00000|  0%| F|  |TAMS 0x00000000d1b00000, 0x00000000d1b00000| Untracked 
| 244|0x00000000d1c00000, 0x00000000d1c00000, 0x00000000d1d00000|  0%| F|  |TAMS 0x00000000d1c00000, 0x00000000d1c00000| Untracked 
| 245|0x00000000d1d00000, 0x00000000d1d00000, 0x00000000d1e00000|  0%| F|  |TAMS 0x00000000d1d00000, 0x00000000d1d00000| Untracked 
| 246|0x00000000d1e00000, 0x00000000d1e00000, 0x00000000d1f00000|  0%| F|  |TAMS 0x00000000d1e00000, 0x00000000d1e00000| Untracked 
| 247|0x00000000d1f00000, 0x00000000d1f00000, 0x00000000d2000000|  0%| F|  |TAMS 0x00000000d1f00000, 0x00000000d1f00000| Untracked 
| 248|0x00000000d2000000, 0x00000000d2000000, 0x00000000d2100000|  0%| F|  |TAMS 0x00000000d2000000, 0x00000000d2000000| Untracked 
| 249|0x00000000d2100000, 0x00000000d2100000, 0x00000000d2200000|  0%| F|  |TAMS 0x00000000d2100000, 0x00000000d2100000| Untracked 
| 250|0x00000000d2200000, 0x00000000d2200000, 0x00000000d2300000|  0%| F|  |TAMS 0x00000000d2200000, 0x00000000d2200000| Untracked 
| 251|0x00000000d2300000, 0x00000000d2300000, 0x00000000d2400000|  0%| F|  |TAMS 0x00000000d2300000, 0x00000000d2300000| Untracked 
| 252|0x00000000d2400000, 0x00000000d2400000, 0x00000000d2500000|  0%| F|  |TAMS 0x00000000d2400000, 0x00000000d2400000| Untracked 
| 253|0x00000000d2500000, 0x00000000d2500000, 0x00000000d2600000|  0%| F|  |TAMS 0x00000000d2500000, 0x00000000d2500000| Untracked 
| 254|0x00000000d2600000, 0x00000000d2600000, 0x00000000d2700000|  0%| F|  |TAMS 0x00000000d2600000, 0x00000000d2600000| Untracked 
| 255|0x00000000d2700000, 0x00000000d2700000, 0x00000000d2800000|  0%| F|  |TAMS 0x00000000d2700000, 0x00000000d2700000| Untracked 
| 256|0x00000000d2800000, 0x00000000d2800000, 0x00000000d2900000|  0%| F|  |TAMS 0x00000000d2800000, 0x00000000d2800000| Untracked 
| 257|0x00000000d2900000, 0x00000000d2900000, 0x00000000d2a00000|  0%| F|  |TAMS 0x00000000d2900000, 0x00000000d2900000| Untracked 
| 258|0x00000000d2a00000, 0x00000000d2a00000, 0x00000000d2b00000|  0%| F|  |TAMS 0x00000000d2a00000, 0x00000000d2a00000| Untracked 
| 259|0x00000000d2b00000, 0x00000000d2b00000, 0x00000000d2c00000|  0%| F|  |TAMS 0x00000000d2b00000, 0x00000000d2b00000| Untracked 
| 260|0x00000000d2c00000, 0x00000000d2c00000, 0x00000000d2d00000|  0%| F|  |TAMS 0x00000000d2c00000, 0x00000000d2c00000| Untracked 
| 261|0x00000000d2d00000, 0x00000000d2d00000, 0x00000000d2e00000|  0%| F|  |TAMS 0x00000000d2d00000, 0x00000000d2d00000| Untracked 
| 262|0x00000000d2e00000, 0x00000000d2e00000, 0x00000000d2f00000|  0%| F|  |TAMS 0x00000000d2e00000, 0x00000000d2e00000| Untracked 
| 263|0x00000000d2f00000, 0x00000000d2f00000, 0x00000000d3000000|  0%| F|  |TAMS 0x00000000d2f00000, 0x00000000d2f00000| Untracked 
| 264|0x00000000d3000000, 0x00000000d3000000, 0x00000000d3100000|  0%| F|  |TAMS 0x00000000d3000000, 0x00000000d3000000| Untracked 
| 265|0x00000000d3100000, 0x00000000d3100000, 0x00000000d3200000|  0%| F|  |TAMS 0x00000000d3100000, 0x00000000d3100000| Untracked 
| 266|0x00000000d3200000, 0x00000000d3200000, 0x00000000d3300000|  0%| F|  |TAMS 0x00000000d3200000, 0x00000000d3200000| Untracked 
| 267|0x00000000d3300000, 0x00000000d3300000, 0x00000000d3400000|  0%| F|  |TAMS 0x00000000d3300000, 0x00000000d3300000| Untracked 
| 268|0x00000000d3400000, 0x00000000d3400000, 0x00000000d3500000|  0%| F|  |TAMS 0x00000000d3400000, 0x00000000d3400000| Untracked 
| 269|0x00000000d3500000, 0x00000000d3500000, 0x00000000d3600000|  0%| F|  |TAMS 0x00000000d3500000, 0x00000000d3500000| Untracked 
| 270|0x00000000d3600000, 0x00000000d3600000, 0x00000000d3700000|  0%| F|  |TAMS 0x00000000d3600000, 0x00000000d3600000| Untracked 
| 271|0x00000000d3700000, 0x00000000d3700000, 0x00000000d3800000|  0%| F|  |TAMS 0x00000000d3700000, 0x00000000d3700000| Untracked 
| 272|0x00000000d3800000, 0x00000000d3800000, 0x00000000d3900000|  0%| F|  |TAMS 0x00000000d3800000, 0x00000000d3800000| Untracked 
| 273|0x00000000d3900000, 0x00000000d3900000, 0x00000000d3a00000|  0%| F|  |TAMS 0x00000000d3900000, 0x00000000d3900000| Untracked 
| 274|0x00000000d3a00000, 0x00000000d3a00000, 0x00000000d3b00000|  0%| F|  |TAMS 0x00000000d3a00000, 0x00000000d3a00000| Untracked 
| 275|0x00000000d3b00000, 0x00000000d3b00000, 0x00000000d3c00000|  0%| F|  |TAMS 0x00000000d3b00000, 0x00000000d3b00000| Untracked 
| 276|0x00000000d3c00000, 0x00000000d3c00000, 0x00000000d3d00000|  0%| F|  |TAMS 0x00000000d3c00000, 0x00000000d3c00000| Untracked 
| 277|0x00000000d3d00000, 0x00000000d3d00000, 0x00000000d3e00000|  0%| F|  |TAMS 0x00000000d3d00000, 0x00000000d3d00000| Untracked 
| 278|0x00000000d3e00000, 0x00000000d3e00000, 0x00000000d3f00000|  0%| F|  |TAMS 0x00000000d3e00000, 0x00000000d3e00000| Untracked 
| 279|0x00000000d3f00000, 0x00000000d3f00000, 0x00000000d4000000|  0%| F|  |TAMS 0x00000000d3f00000, 0x00000000d3f00000| Untracked 
| 280|0x00000000d4000000, 0x00000000d4000000, 0x00000000d4100000|  0%| F|  |TAMS 0x00000000d4000000, 0x00000000d4000000| Untracked 
| 281|0x00000000d4100000, 0x00000000d4100000, 0x00000000d4200000|  0%| F|  |TAMS 0x00000000d4100000, 0x00000000d4100000| Untracked 
| 282|0x00000000d4200000, 0x00000000d4200000, 0x00000000d4300000|  0%| F|  |TAMS 0x00000000d4200000, 0x00000000d4200000| Untracked 
| 283|0x00000000d4300000, 0x00000000d4300000, 0x00000000d4400000|  0%| F|  |TAMS 0x00000000d4300000, 0x00000000d4300000| Untracked 
| 284|0x00000000d4400000, 0x00000000d4400000, 0x00000000d4500000|  0%| F|  |TAMS 0x00000000d4400000, 0x00000000d4400000| Untracked 
| 285|0x00000000d4500000, 0x00000000d4500000, 0x00000000d4600000|  0%| F|  |TAMS 0x00000000d4500000, 0x00000000d4500000| Untracked 
| 286|0x00000000d4600000, 0x00000000d4600000, 0x00000000d4700000|  0%| F|  |TAMS 0x00000000d4600000, 0x00000000d4600000| Untracked 
| 287|0x00000000d4700000, 0x00000000d4700000, 0x00000000d4800000|  0%| F|  |TAMS 0x00000000d4700000, 0x00000000d4700000| Untracked 
| 288|0x00000000d4800000, 0x00000000d4800000, 0x00000000d4900000|  0%| F|  |TAMS 0x00000000d4800000, 0x00000000d4800000| Untracked 
| 289|0x00000000d4900000, 0x00000000d4900000, 0x00000000d4a00000|  0%| F|  |TAMS 0x00000000d4900000, 0x00000000d4900000| Untracked 
| 290|0x00000000d4a00000, 0x00000000d4a00000, 0x00000000d4b00000|  0%| F|  |TAMS 0x00000000d4a00000, 0x00000000d4a00000| Untracked 
| 291|0x00000000d4b00000, 0x00000000d4b00000, 0x00000000d4c00000|  0%| F|  |TAMS 0x00000000d4b00000, 0x00000000d4b00000| Untracked 
| 292|0x00000000d4c00000, 0x00000000d4c00000, 0x00000000d4d00000|  0%| F|  |TAMS 0x00000000d4c00000, 0x00000000d4c00000| Untracked 
| 293|0x00000000d4d00000, 0x00000000d4d00000, 0x00000000d4e00000|  0%| F|  |TAMS 0x00000000d4d00000, 0x00000000d4d00000| Untracked 
| 294|0x00000000d4e00000, 0x00000000d4e00000, 0x00000000d4f00000|  0%| F|  |TAMS 0x00000000d4e00000, 0x00000000d4e00000| Untracked 
| 295|0x00000000d4f00000, 0x00000000d4f00000, 0x00000000d5000000|  0%| F|  |TAMS 0x00000000d4f00000, 0x00000000d4f00000| Untracked 
| 296|0x00000000d5000000, 0x00000000d5080800, 0x00000000d5100000| 50%| E|  |TAMS 0x00000000d5000000, 0x00000000d5000000| Complete 
| 297|0x00000000d5100000, 0x00000000d5200000, 0x00000000d5200000|100%| E|CS|TAMS 0x00000000d5100000, 0x00000000d5100000| Complete 
| 298|0x00000000d5200000, 0x00000000d5300000, 0x00000000d5300000|100%| E|CS|TAMS 0x00000000d5200000, 0x00000000d5200000| Complete 
| 299|0x00000000d5300000, 0x00000000d5400000, 0x00000000d5400000|100%| E|CS|TAMS 0x00000000d5300000, 0x00000000d5300000| Complete 
| 300|0x00000000d5400000, 0x00000000d5500000, 0x00000000d5500000|100%| E|CS|TAMS 0x00000000d5400000, 0x00000000d5400000| Complete 
| 301|0x00000000d5500000, 0x00000000d5600000, 0x00000000d5600000|100%| E|CS|TAMS 0x00000000d5500000, 0x00000000d5500000| Complete 
| 302|0x00000000d5600000, 0x00000000d5700000, 0x00000000d5700000|100%| E|CS|TAMS 0x00000000d5600000, 0x00000000d5600000| Complete 
| 303|0x00000000d5700000, 0x00000000d576b7a8, 0x00000000d5800000| 41%| S|CS|TAMS 0x00000000d5700000, 0x00000000d5700000| Complete 

Card table byte_map: [0x000001edf41b0000,0x000001edf43a0000] _byte_map_base: 0x000001edf3b9c000

Marking Bits (Prev, Next): (CMBitMap*) 0x000001ede14f1b40, (CMBitMap*) 0x000001ede14f1b00
 Prev Bits: [0x000001edf54f0000, 0x000001edf6450000)
 Next Bits: [0x000001edf4590000, 0x000001edf54f0000)

Polling page: 0x000001ede0c70000

Metaspace:

Usage:
  Non-class:     33.70 MB used.
      Class:      5.35 MB used.
       Both:     39.05 MB used.

Virtual space:
  Non-class space:       64.00 MB reserved,      33.94 MB ( 53%) committed,  1 nodes.
      Class space:        1.00 GB reserved,       5.56 MB ( <1%) committed,  1 nodes.
             Both:        1.06 GB reserved,      39.50 MB (  4%) committed. 

Chunk freelists:
   Non-Class:  13.92 MB
       Class:  10.45 MB
        Both:  24.37 MB

MaxMetaspaceSize: unlimited
CompressedClassSpaceSize: 1.00 GB
Initial GC threshold: 21.00 MB
Current GC threshold: 65.88 MB
CDS: on
MetaspaceReclaimPolicy: balanced
 - commit_granule_bytes: 65536.
 - commit_granule_words: 8192.
 - virtual_space_node_default_size: 8388608.
 - enlarge_chunks_in_place: 1.
 - new_chunks_are_fully_committed: 0.
 - uncommit_free_chunks: 1.
 - use_allocation_guard: 0.
 - handle_deallocations: 1.


Internal statistics:

num_allocs_failed_limit: 3.
num_arena_births: 676.
num_arena_deaths: 18.
num_vsnodes_births: 2.
num_vsnodes_deaths: 0.
num_space_committed: 632.
num_space_uncommitted: 0.
num_chunks_returned_to_freelist: 28.
num_chunks_taken_from_freelist: 1962.
num_chunk_merges: 3.
num_chunk_splits: 1258.
num_chunks_enlarged: 789.
num_inconsistent_stats: 0.

CodeHeap 'non-profiled nmethods': size=120000Kb used=2977Kb max_used=2977Kb free=117022Kb
 bounds [0x000001edec760000, 0x000001edeca50000, 0x000001edf3c90000]
CodeHeap 'profiled nmethods': size=120000Kb used=14036Kb max_used=14036Kb free=105963Kb
 bounds [0x000001ede4c90000, 0x000001ede5a50000, 0x000001edec1c0000]
CodeHeap 'non-nmethods': size=5760Kb used=1645Kb max_used=1696Kb free=4114Kb
 bounds [0x000001edec1c0000, 0x000001edec430000, 0x000001edec760000]
 total_blobs=7905 nmethods=6846 adapters=970
 compilation: enabled
              stopped_count=0, restarted_count=0
 full_count=0

Compilation events (20 events):
Event: 70.716 Thread 0x000001edf8e22f70 7837       3       javafx.css.StyleableStringProperty::<init> (10 bytes)
Event: 70.716 Thread 0x000001edf8e22f70 nmethod 7837 0x000001ede5a42b10 code [0x000001ede5a42ce0, 0x000001ede5a43098]
Event: 70.716 Thread 0x000001edf8e22f70 7838       3       javafx.css.StyleableStringProperty::set (13 bytes)
Event: 70.716 Thread 0x000001edf8e22f70 nmethod 7838 0x000001ede5a43210 code [0x000001ede5a433c0, 0x000001ede5a43568]
Event: 70.719 Thread 0x000001edf8e1d540 nmethod 7807 0x000001edeca47690 code [0x000001edeca47860, 0x000001edeca48058]
Event: 70.719 Thread 0x000001edf8e1d540 7814 %     4       com.sun.javafx.css.SelectorPartitioning::match @ 544 (696 bytes)
Event: 70.729 Thread 0x000001edf8e22f70 7843       3       sun.nio.cs.StreamEncoder::writeBytes (139 bytes)
Event: 70.729 Thread 0x000001edf8e22f70 nmethod 7843 0x000001ede5a43610 code [0x000001ede5a43860, 0x000001ede5a44238]
Event: 70.819 Thread 0x000001edf8e22f70 7846       3       javafx.scene.text.Text$StyleableProperties$6::getStyleableProperty (9 bytes)
Event: 70.819 Thread 0x000001edf8e22f70 nmethod 7846 0x000001ede5a44590 code [0x000001ede5a44760, 0x000001ede5a44b28]
Event: 70.819 Thread 0x000001edf8e22f70 7847       3       javafx.scene.text.Text$StyleableProperties$6::getStyleableProperty (8 bytes)
Event: 70.819 Thread 0x000001edf8e22f70 nmethod 7847 0x000001ede5a44c90 code [0x000001ede5a44e40, 0x000001ede5a45088]
Event: 70.819 Thread 0x000001edf8e22f70 7848       3       javafx.scene.text.Text$StyleableProperties$8::getStyleableProperty (9 bytes)
Event: 70.820 Thread 0x000001edf8e22f70 nmethod 7848 0x000001ede5a45190 code [0x000001ede5a45360, 0x000001ede5a45728]
Event: 70.820 Thread 0x000001edf8e22f70 7849       3       javafx.scene.text.Text$StyleableProperties$8::getStyleableProperty (8 bytes)
Event: 70.820 Thread 0x000001edf8e22f70 nmethod 7849 0x000001ede5a45890 code [0x000001ede5a45a40, 0x000001ede5a45c88]
Event: 70.820 Thread 0x000001edf8e22f70 7851       2       javafx.scene.text.Text$StyleableProperties$3::isSettable (9 bytes)
Event: 70.820 Thread 0x000001edf8e22f70 nmethod 7851 0x000001ede5a45d90 code [0x000001ede5a45f20, 0x000001ede5a46088]
Event: 70.820 Thread 0x000001edf8e22f70 7852       2       javafx.scene.text.Text$StyleableProperties$3::isSettable (36 bytes)
Event: 70.821 Thread 0x000001edf8e22f70 nmethod 7852 0x000001ede5a46190 code [0x000001ede5a46320, 0x000001ede5a46498]

GC Heap History (20 events):
Event: 49.453 GC heap before
{Heap before GC invocations=24 (full 0):
 garbage-first heap   total 114688K, used 70427K [0x00000000c2800000, 0x0000000100000000)
  region size 1024K, 2 young (2048K), 1 survivors (1024K)
 Metaspace       used 28311K, committed 28544K, reserved 1114112K
  class space    used 3935K, committed 4032K, reserved 1048576K
}
Event: 49.455 GC heap after
{Heap after GC invocations=25 (full 0):
 garbage-first heap   total 114688K, used 70231K [0x00000000c2800000, 0x0000000100000000)
  region size 1024K, 1 young (1024K), 1 survivors (1024K)
 Metaspace       used 28311K, committed 28544K, reserved 1114112K
  class space    used 3935K, committed 4032K, reserved 1048576K
}
Event: 49.494 GC heap before
{Heap before GC invocations=26 (full 0):
 garbage-first heap   total 124928K, used 75351K [0x00000000c2800000, 0x0000000100000000)
  region size 1024K, 3 young (3072K), 1 survivors (1024K)
 Metaspace       used 28513K, committed 28800K, reserved 1114112K
  class space    used 3975K, committed 4096K, reserved 1048576K
}
Event: 49.496 GC heap after
{Heap after GC invocations=27 (full 0):
 garbage-first heap   total 124928K, used 74508K [0x00000000c2800000, 0x0000000100000000)
  region size 1024K, 1 young (1024K), 1 survivors (1024K)
 Metaspace       used 28513K, committed 28800K, reserved 1114112K
  class space    used 3975K, committed 4096K, reserved 1048576K
}
Event: 49.527 GC heap before
{Heap before GC invocations=28 (full 0):
 garbage-first heap   total 132096K, used 80652K [0x00000000c2800000, 0x0000000100000000)
  region size 1024K, 2 young (2048K), 1 survivors (1024K)
 Metaspace       used 28565K, committed 28800K, reserved 1114112K
  class space    used 3983K, committed 4096K, reserved 1048576K
}
Event: 49.528 GC heap after
{Heap after GC invocations=29 (full 0):
 garbage-first heap   total 132096K, used 80847K [0x00000000c2800000, 0x0000000100000000)
  region size 1024K, 1 young (1024K), 1 survivors (1024K)
 Metaspace       used 28565K, committed 28800K, reserved 1114112K
  class space    used 3983K, committed 4096K, reserved 1048576K
}
Event: 49.566 GC heap before
{Heap before GC invocations=30 (full 0):
 garbage-first heap   total 152576K, used 93135K [0x00000000c2800000, 0x0000000100000000)
  region size 1024K, 2 young (2048K), 1 survivors (1024K)
 Metaspace       used 28600K, committed 28928K, reserved 1114112K
  class space    used 3983K, committed 4096K, reserved 1048576K
}
Event: 49.568 GC heap after
{Heap after GC invocations=31 (full 0):
 garbage-first heap   total 152576K, used 93377K [0x00000000c2800000, 0x0000000100000000)
  region size 1024K, 1 young (1024K), 1 survivors (1024K)
 Metaspace       used 28600K, committed 28928K, reserved 1114112K
  class space    used 3983K, committed 4096K, reserved 1048576K
}
Event: 58.718 GC heap before
{Heap before GC invocations=32 (full 0):
 garbage-first heap   total 168960K, used 107713K [0x00000000c2800000, 0x0000000100000000)
  region size 1024K, 10 young (10240K), 1 survivors (1024K)
 Metaspace       used 28943K, committed 29312K, reserved 1114112K
  class space    used 4009K, committed 4160K, reserved 1048576K
}
Event: 58.723 GC heap after
{Heap after GC invocations=33 (full 0):
 garbage-first heap   total 168960K, used 100111K [0x00000000c2800000, 0x0000000100000000)
  region size 1024K, 2 young (2048K), 2 survivors (2048K)
 Metaspace       used 28943K, committed 29312K, reserved 1114112K
  class space    used 4009K, committed 4160K, reserved 1048576K
}
Event: 59.096 GC heap before
{Heap before GC invocations=34 (full 0):
 garbage-first heap   total 265216K, used 157455K [0x00000000c2800000, 0x0000000100000000)
  region size 1024K, 3 young (3072K), 2 survivors (2048K)
 Metaspace       used 28945K, committed 29312K, reserved 1114112K
  class space    used 4009K, committed 4160K, reserved 1048576K
}
Event: 59.098 GC heap after
{Heap after GC invocations=35 (full 0):
 garbage-first heap   total 265216K, used 157482K [0x00000000c2800000, 0x0000000100000000)
  region size 1024K, 2 young (2048K), 2 survivors (2048K)
 Metaspace       used 28945K, committed 29312K, reserved 1114112K
  class space    used 4009K, committed 4160K, reserved 1048576K
}
Event: 59.152 GC heap before
{Heap before GC invocations=36 (full 0):
 garbage-first heap   total 271360K, used 161578K [0x00000000c2800000, 0x0000000100000000)
  region size 1024K, 5 young (5120K), 2 survivors (2048K)
 Metaspace       used 29125K, committed 29440K, reserved 1114112K
  class space    used 4064K, committed 4224K, reserved 1048576K
}
Event: 59.155 GC heap after
{Heap after GC invocations=37 (full 0):
 garbage-first heap   total 271360K, used 159739K [0x00000000c2800000, 0x0000000100000000)
  region size 1024K, 2 young (2048K), 2 survivors (2048K)
 Metaspace       used 29125K, committed 29440K, reserved 1114112K
  class space    used 4064K, committed 4224K, reserved 1048576K
}
Event: 70.448 GC heap before
{Heap before GC invocations=38 (full 0):
 garbage-first heap   total 273408K, used 215035K [0x00000000c2800000, 0x0000000100000000)
  region size 1024K, 56 young (57344K), 2 survivors (2048K)
 Metaspace       used 39939K, committed 40384K, reserved 1114112K
  class space    used 5481K, committed 5696K, reserved 1048576K
}
Event: 70.470 GC heap after
{Heap after GC invocations=39 (full 0):
 garbage-first heap   total 273408K, used 169270K [0x00000000c2800000, 0x0000000100000000)
  region size 1024K, 8 young (8192K), 8 survivors (8192K)
 Metaspace       used 39939K, committed 40384K, reserved 1114112K
  class space    used 5481K, committed 5696K, reserved 1048576K
}
Event: 70.518 GC heap before
{Heap before GC invocations=40 (full 0):
 garbage-first heap   total 299008K, used 179510K [0x00000000c2800000, 0x0000000100000000)
  region size 1024K, 9 young (9216K), 8 survivors (8192K)
 Metaspace       used 39961K, committed 40448K, reserved 1114112K
  class space    used 5482K, committed 5696K, reserved 1048576K
}
Event: 70.534 GC heap after
{Heap after GC invocations=41 (full 0):
 garbage-first heap   total 299008K, used 180020K [0x00000000c2800000, 0x0000000100000000)
  region size 1024K, 1 young (1024K), 1 survivors (1024K)
 Metaspace       used 39961K, committed 40448K, reserved 1114112K
  class space    used 5482K, committed 5696K, reserved 1048576K
}
Event: 70.593 GC heap before
{Heap before GC invocations=42 (full 0):
 garbage-first heap   total 311296K, used 190260K [0x00000000c2800000, 0x0000000100000000)
  region size 1024K, 2 young (2048K), 1 survivors (1024K)
 Metaspace       used 39986K, committed 40448K, reserved 1114112K
  class space    used 5485K, committed 5696K, reserved 1048576K
}
Event: 70.594 GC heap after
{Heap after GC invocations=43 (full 0):
 garbage-first heap   total 311296K, used 190088K [0x00000000c2800000, 0x0000000100000000)
  region size 1024K, 1 young (1024K), 1 survivors (1024K)
 Metaspace       used 39986K, committed 40448K, reserved 1114112K
  class space    used 5485K, committed 5696K, reserved 1048576K
}

Dll operation events (3 events):
Event: 0.015 Loaded shared library C:\Users\39\.jdks\jbr-17.0.12-1\bin\java.dll
Event: 0.031 Loaded shared library C:\Users\39\.jdks\jbr-17.0.12-1\bin\jsvml.dll
Event: 1.413 Loaded shared library C:\Users\39\.jdks\jbr-17.0.12-1\bin\verify.dll

Deoptimization events (20 events):
Event: 62.238 Thread 0x000001edc55c1040 DEOPT UNPACKING pc=0x000001edec2169a3 sp=0x0000005112afdb00 mode 2
Event: 62.238 Thread 0x000001edc55c3dd0 DEOPT UNPACKING pc=0x000001edec2169a3 sp=0x0000005112dfd900 mode 2
Event: 62.254 Thread 0x000001edc55c3dd0 Uncommon trap: trap_request=0xffffff45 fr.pc=0x000001edec839174 relative=0x0000000000000354
Event: 62.254 Thread 0x000001edc55c3dd0 Uncommon trap: reason=unstable_if action=reinterpret pc=0x000001edec839174 method=java.io.BufferedReader.read()I @ 45 c2
Event: 62.254 Thread 0x000001edc55c3dd0 DEOPT PACKING pc=0x000001edec839174 sp=0x0000005112dfde80
Event: 62.254 Thread 0x000001edc55c3dd0 DEOPT UNPACKING pc=0x000001edec2169a3 sp=0x0000005112dfde40 mode 2
Event: 62.366 Thread 0x000001edc55c1040 DEOPT PACKING pc=0x000001ede5412cc2 sp=0x0000005112afe590
Event: 62.366 Thread 0x000001edc55c1040 DEOPT UNPACKING pc=0x000001edec217143 sp=0x0000005112afda80 mode 0
Event: 62.447 Thread 0x000001edfd861210 Uncommon trap: trap_request=0xffffff45 fr.pc=0x000001edeca1426c relative=0x00000000000032ac
Event: 62.447 Thread 0x000001edfd861210 Uncommon trap: reason=unstable_if action=reinterpret pc=0x000001edeca1426c method=com.sun.javafx.iio.png.PNGIDATChunkInputStream.read([BII)I @ 68 c2
Event: 62.447 Thread 0x000001edfd861210 DEOPT PACKING pc=0x000001edeca1426c sp=0x00000051109fd170
Event: 62.447 Thread 0x000001edfd861210 DEOPT UNPACKING pc=0x000001edec2169a3 sp=0x00000051109fd178 mode 2
Event: 62.453 Thread 0x000001edfd861210 Uncommon trap: trap_request=0xffffff45 fr.pc=0x000001edeca04168 relative=0x00000000000003e8
Event: 62.453 Thread 0x000001edfd861210 Uncommon trap: reason=unstable_if action=reinterpret pc=0x000001edeca04168 method=com.sun.javafx.iio.png.PNGIDATChunkInputStream.read([BII)I @ 68 c2
Event: 62.453 Thread 0x000001edfd861210 DEOPT PACKING pc=0x000001edeca04168 sp=0x00000051109fd1c0
Event: 62.453 Thread 0x000001edfd861210 DEOPT UNPACKING pc=0x000001edec2169a3 sp=0x00000051109fd170 mode 2
Event: 68.680 Thread 0x000001edfd861210 Uncommon trap: trap_request=0xffffff45 fr.pc=0x000001edec9c24bc relative=0x000000000000009c
Event: 68.680 Thread 0x000001edfd861210 Uncommon trap: reason=unstable_if action=reinterpret pc=0x000001edec9c24bc method=java.lang.Math.max(DD)D @ 3 c2
Event: 68.680 Thread 0x000001edfd861210 DEOPT PACKING pc=0x000001edec9c24bc sp=0x00000051109fd4c0
Event: 68.680 Thread 0x000001edfd861210 DEOPT UNPACKING pc=0x000001edec2169a3 sp=0x00000051109fd460 mode 2

Classes loaded (20 events):
Event: 62.253 Loading class sun/security/util/DomainName$Rules$RuleSet
Event: 62.254 Loading class sun/security/util/DomainName$Rules$RuleSet done
Event: 62.254 Loading class sun/security/util/RegisteredDomain$Type
Event: 62.254 Loading class sun/security/util/RegisteredDomain$Type done
Event: 62.254 Loading class sun/security/util/DomainName$Rule
Event: 62.254 Loading class sun/security/util/DomainName$Rule done
Event: 62.254 Loading class sun/security/util/DomainName$Rule$Type
Event: 62.254 Loading class sun/security/util/DomainName$Rule$Type done
Event: 62.254 Loading class sun/security/util/DomainName$1
Event: 62.255 Loading class sun/security/util/DomainName$1 done
Event: 62.255 Loading class sun/security/util/DomainName$CommonMatch
Event: 62.255 Loading class sun/security/util/DomainName$Match
Event: 62.255 Loading class sun/security/util/DomainName$Match done
Event: 62.255 Loading class sun/security/util/DomainName$CommonMatch done
Event: 62.255 Loading class sun/security/util/DomainName$RegisteredDomainImpl
Event: 62.255 Loading class sun/security/util/DomainName$RegisteredDomainImpl done
Event: 62.257 Loading class sun/security/rsa/MGF1
Event: 62.257 Loading class sun/security/rsa/MGF1 done
Event: 62.447 Loading class java/util/zip/DataFormatException
Event: 62.447 Loading class java/util/zip/DataFormatException done

Classes unloaded (9 events):
Event: 70.608 Thread 0x000001edf8dfe140 Unloading class 0x000001ed81528400 'java/lang/invoke/LambdaForm$DMH+0x000001ed81528400'
Event: 70.608 Thread 0x000001edf8dfe140 Unloading class 0x000001ed81524400 'java/lang/invoke/LambdaForm$DMH+0x000001ed81524400'
Event: 70.608 Thread 0x000001edf8dfe140 Unloading class 0x000001ed81519400 'java/lang/invoke/LambdaForm$DMH+0x000001ed81519400'
Event: 70.608 Thread 0x000001edf8dfe140 Unloading class 0x000001ed81518c00 'java/lang/invoke/LambdaForm$DMH+0x000001ed81518c00'
Event: 70.608 Thread 0x000001edf8dfe140 Unloading class 0x000001ed8150bc00 'java/lang/invoke/LambdaForm$MH+0x000001ed8150bc00'
Event: 70.608 Thread 0x000001edf8dfe140 Unloading class 0x000001ed81509800 'java/lang/invoke/LambdaForm$MH+0x000001ed81509800'
Event: 70.608 Thread 0x000001edf8dfe140 Unloading class 0x000001ed81509000 'java/lang/invoke/LambdaForm$MH+0x000001ed81509000'
Event: 70.608 Thread 0x000001edf8dfe140 Unloading class 0x000001ed81508c00 'java/lang/invoke/LambdaForm$MH+0x000001ed81508c00'
Event: 70.608 Thread 0x000001edf8dfe140 Unloading class 0x000001ed81508400 'java/lang/invoke/LambdaForm$MH+0x000001ed81508400'

Classes redefined (0 events):
No events

Internal exceptions (20 events):
Event: 60.941 Thread 0x000001edc55c1040 Exception <a 'java/lang/NoSuchMethodError'{0x00000000d13874c0}: 'void java.lang.invoke.DirectMethodHandle$Holder.invokeInterface(java.lang.Object, java.lang.Object, java.lang.Object)'> (0x00000000d13874c0) 
thrown [s\src\hotspot\share\interpreter\linkResolver.cpp, line 771]
Event: 60.954 Thread 0x000001edc55c1040 Exception <a 'java/lang/NoSuchMethodError'{0x00000000d13d1da0}: 'void java.lang.invoke.DirectMethodHandle$Holder.invokeVirtual(java.lang.Object, java.lang.Object)'> (0x00000000d13d1da0) 
thrown [s\src\hotspot\share\interpreter\linkResolver.cpp, line 771]
Event: 60.954 Thread 0x000001edc55c2480 Exception <a 'java/lang/NoSuchMethodError'{0x00000000d1330458}: 'void java.lang.invoke.DirectMethodHandle$Holder.invokeVirtual(java.lang.Object, java.lang.Object)'> (0x00000000d1330458) 
thrown [s\src\hotspot\share\interpreter\linkResolver.cpp, line 771]
Event: 61.113 Thread 0x000001edc55c2480 Exception <a 'java/lang/NoSuchMethodError'{0x00000000d1158938}: 'void java.lang.invoke.DirectMethodHandle$Holder.invokeInterface(java.lang.Object, java.lang.Object)'> (0x00000000d1158938) 
thrown [s\src\hotspot\share\interpreter\linkResolver.cpp, line 771]
Event: 61.114 Thread 0x000001edc55c1040 Exception <a 'java/lang/NoSuchMethodError'{0x00000000d12b6f80}: 'void java.lang.invoke.DirectMethodHandle$Holder.invokeInterface(java.lang.Object, java.lang.Object)'> (0x00000000d12b6f80) 
thrown [s\src\hotspot\share\interpreter\linkResolver.cpp, line 771]
Event: 61.198 Thread 0x000001edc55c1040 Implicit null exception at 0x000001edec7baa8c to 0x000001edec7bac42
Event: 61.198 Thread 0x000001edc55c2480 Implicit null exception at 0x000001edec7baa8c to 0x000001edec7bac42
Event: 61.997 Thread 0x000001edfd861210 Exception <a 'java/io/FileNotFoundException'{0x00000000d17ffa80}> (0x00000000d17ffa80) 
thrown [s\src\hotspot\share\prims\jni.cpp, line 531]
Event: 61.997 Thread 0x000001edfd861210 Exception <a 'java/io/FileNotFoundException'{0x00000000d0700d58}> (0x00000000d0700d58) 
thrown [s\src\hotspot\share\prims\jni.cpp, line 531]
Event: 61.997 Thread 0x000001edfd861210 Exception <a 'java/io/FileNotFoundException'{0x00000000d0701b58}> (0x00000000d0701b58) 
thrown [s\src\hotspot\share\prims\jni.cpp, line 531]
Event: 61.997 Thread 0x000001edfd861210 Exception <a 'java/io/FileNotFoundException'{0x00000000d0702938}> (0x00000000d0702938) 
thrown [s\src\hotspot\share\prims\jni.cpp, line 531]
Event: 62.000 Thread 0x000001edfd861210 Exception <a 'java/io/FileNotFoundException'{0x00000000d0707030}> (0x00000000d0707030) 
thrown [s\src\hotspot\share\prims\jni.cpp, line 531]
Event: 62.000 Thread 0x000001edfd861210 Exception <a 'java/io/FileNotFoundException'{0x00000000d0707e18}> (0x00000000d0707e18) 
thrown [s\src\hotspot\share\prims\jni.cpp, line 531]
Event: 62.000 Thread 0x000001edfd861210 Exception <a 'java/io/FileNotFoundException'{0x00000000d0708c18}> (0x00000000d0708c18) 
thrown [s\src\hotspot\share\prims\jni.cpp, line 531]
Event: 62.000 Thread 0x000001edfd861210 Exception <a 'java/io/FileNotFoundException'{0x00000000d07099f8}> (0x00000000d07099f8) 
thrown [s\src\hotspot\share\prims\jni.cpp, line 531]
Event: 70.725 Thread 0x000001edfd861210 StackOverflowError at 0x000001edec9cf2c0
Event: 70.725 Thread 0x000001edfd861210 Exception <a 'java/lang/StackOverflowError'{0x00000000d54c8e78}> (0x00000000d54c8e78) 
thrown [s\src\hotspot\share\runtime\sharedRuntime.cpp, line 631]
Event: 70.821 Thread 0x000001edfd861210 StackOverflowError at 0x000001edec931840
Event: 70.821 Thread 0x000001edfd861210 Exception <a 'java/lang/StackOverflowError'{0x00000000d52c69e0}> (0x00000000d52c69e0) 
thrown [s\src\hotspot\share\runtime\sharedRuntime.cpp, line 631]
Event: 70.822 Thread 0x000001edfd861210 Exception <a 'java/lang/reflect/InvocationTargetException'{0x00000000d52cbf08}> (0x00000000d52cbf08) 
thrown [s\src\hotspot\share\runtime\reflection.cpp, line 1134]

VM Operations (20 events):
Event: 69.277 Executing VM operation: Cleanup
Event: 69.277 Executing VM operation: Cleanup done
Event: 70.446 Executing VM operation: G1TryInitiateConcMark
Event: 70.470 Executing VM operation: G1TryInitiateConcMark done
Event: 70.502 Executing VM operation: G1PauseRemark
Event: 70.508 Executing VM operation: G1PauseRemark done
Event: 70.515 Executing VM operation: G1PauseCleanup
Event: 70.515 Executing VM operation: G1PauseCleanup done
Event: 70.518 Executing VM operation: G1TryInitiateConcMark
Event: 70.534 Executing VM operation: G1TryInitiateConcMark done
Event: 70.553 Executing VM operation: G1PauseRemark
Event: 70.556 Executing VM operation: G1PauseRemark done
Event: 70.566 Executing VM operation: G1PauseCleanup
Event: 70.573 Executing VM operation: G1PauseCleanup done
Event: 70.593 Executing VM operation: G1TryInitiateConcMark
Event: 70.594 Executing VM operation: G1TryInitiateConcMark done
Event: 70.608 Executing VM operation: G1PauseRemark
Event: 70.625 Executing VM operation: G1PauseRemark done
Event: 70.633 Executing VM operation: G1PauseCleanup
Event: 70.634 Executing VM operation: G1PauseCleanup done

Events (20 events):
Event: 60.406 Thread 0x000001edc55c6650 Thread added: 0x000001edc55c6650
Event: 60.678 Thread 0x000001edc55c1040 Thread added: 0x000001edc55c1040
Event: 60.693 Thread 0x000001edc55c2480 Thread added: 0x000001edc55c2480
Event: 60.965 Thread 0x000001edc55c3dd0 Thread added: 0x000001edc55c3dd0
Event: 60.966 Thread 0x000001edc55bfc00 Thread added: 0x000001edc55bfc00
Event: 61.561 Thread 0x000001edc55c47f0 Thread added: 0x000001edc55c47f0
Event: 61.562 Thread 0x000001edc55c1550 Thread added: 0x000001edc55c1550
Event: 61.674 Thread 0x000001edc55c1a60 Thread added: 0x000001edc55c1a60
Event: 61.674 Thread 0x000001edc55c1f70 Thread added: 0x000001edc55c1f70
Event: 61.677 Thread 0x000001edc55bf1e0 Thread added: 0x000001edc55bf1e0
Event: 61.697 Thread 0x000001edc55c2990 Thread added: 0x000001edc55c2990
Event: 61.698 Thread 0x000001edc55c0110 Thread added: 0x000001edc55c0110
Event: 62.040 Thread 0x000001edc55bf6f0 Thread added: 0x000001edc55bf6f0
Event: 62.041 Thread 0x000001edc55c42e0 Thread added: 0x000001edc55c42e0
Event: 62.041 Thread 0x000001edc55c5210 Thread added: 0x000001edc55c5210
Event: 62.041 Thread 0x000001edc55c0620 Thread added: 0x000001edc55c0620
Event: 62.041 Thread 0x000001edc55c5720 Thread added: 0x000001edc55c5720
Event: 70.401 Thread 0x000001edc55becd0 Thread exited: 0x000001edc55becd0
Event: 70.409 Thread 0x000001edc55c6650 Thread exited: 0x000001edc55c6650
Event: 70.543 Thread 0x000001edc55c33b0 Thread added: 0x000001edc55c33b0


Dynamic libraries:
0x00007ff600010000 - 0x00007ff60001a000 	C:\Users\39\.jdks\jbr-17.0.12-1\bin\java.exe
0x00007ffd490d0000 - 0x00007ffd492c8000 	C:\Windows\SYSTEM32\ntdll.dll
0x00007ffd48b00000 - 0x00007ffd48bc2000 	C:\Windows\System32\KERNEL32.DLL
0x00007ffd468e0000 - 0x00007ffd46bd6000 	C:\Windows\System32\KERNELBASE.dll
0x00007ffd46790000 - 0x00007ffd46890000 	C:\Windows\System32\ucrtbase.dll
0x00007ffd18770000 - 0x00007ffd18787000 	C:\Users\39\.jdks\jbr-17.0.12-1\bin\jli.dll
0x00007ffd19660000 - 0x00007ffd1967b000 	C:\Users\39\.jdks\jbr-17.0.12-1\bin\VCRUNTIME140.dll
0x00007ffd47ca0000 - 0x00007ffd47e3d000 	C:\Windows\System32\USER32.dll
0x00007ffd46be0000 - 0x00007ffd46c02000 	C:\Windows\System32\win32u.dll
0x00007ffd31130000 - 0x00007ffd313ca000 	C:\Windows\WinSxS\amd64_microsoft.windows.common-controls_6595b64144ccf1df_6.0.19041.4355_none_60b8b9eb71f62e16\COMCTL32.dll
0x00007ffd47240000 - 0x00007ffd4726b000 	C:\Windows\System32\GDI32.dll
0x00007ffd486b0000 - 0x00007ffd4874e000 	C:\Windows\System32\msvcrt.dll
0x00007ffd46c10000 - 0x00007ffd46d2a000 	C:\Windows\System32\gdi32full.dll
0x00007ffd47050000 - 0x00007ffd470ed000 	C:\Windows\System32\msvcp_win.dll
0x00007ffd485a0000 - 0x00007ffd485cf000 	C:\Windows\System32\IMM32.DLL
0x00007ffd387d0000 - 0x00007ffd387dc000 	C:\Users\39\.jdks\jbr-17.0.12-1\bin\vcruntime140_1.dll
0x00007ffd12ee0000 - 0x00007ffd12f6d000 	C:\Users\39\.jdks\jbr-17.0.12-1\bin\msvcp140.dll
0x00007ffcf6e80000 - 0x00007ffcf7b0a000 	C:\Users\39\.jdks\jbr-17.0.12-1\bin\server\jvm.dll
0x00007ffd48fe0000 - 0x00007ffd4908f000 	C:\Windows\System32\ADVAPI32.dll
0x00007ffd48f30000 - 0x00007ffd48fcf000 	C:\Windows\System32\sechost.dll
0x00007ffd47e40000 - 0x00007ffd47f63000 	C:\Windows\System32\RPCRT4.dll
0x00007ffd46760000 - 0x00007ffd46787000 	C:\Windows\System32\bcrypt.dll
0x00007ffd48640000 - 0x00007ffd486ab000 	C:\Windows\System32\WS2_32.dll
0x00007ffd464a0000 - 0x00007ffd464eb000 	C:\Windows\SYSTEM32\POWRPROF.dll
0x00007ffd3fcc0000 - 0x00007ffd3fcca000 	C:\Windows\SYSTEM32\VERSION.dll
0x00007ffd33500000 - 0x00007ffd33527000 	C:\Windows\SYSTEM32\WINMM.dll
0x00007ffd46480000 - 0x00007ffd46492000 	C:\Windows\SYSTEM32\UMPDC.dll
0x00007ffd445e0000 - 0x00007ffd445f2000 	C:\Windows\SYSTEM32\kernel.appcore.dll
0x00007ffd2da60000 - 0x00007ffd2da6a000 	C:\Users\39\.jdks\jbr-17.0.12-1\bin\jimage.dll
0x00007ffd316a0000 - 0x00007ffd31884000 	C:\Windows\SYSTEM32\DBGHELP.DLL
0x00007ffd30fd0000 - 0x00007ffd31004000 	C:\Windows\SYSTEM32\dbgcore.DLL
0x00007ffd46d30000 - 0x00007ffd46db2000 	C:\Windows\System32\bcryptPrimitives.dll
0x00007ffd178b0000 - 0x00007ffd178d5000 	C:\Users\39\.jdks\jbr-17.0.12-1\bin\java.dll
0x00007ffd0cfa0000 - 0x00007ffd0d077000 	C:\Users\39\.jdks\jbr-17.0.12-1\bin\jsvml.dll
0x00007ffd474b0000 - 0x00007ffd47c1f000 	C:\Windows\System32\SHELL32.dll
0x00007ffd447e0000 - 0x00007ffd44f83000 	C:\Windows\SYSTEM32\windows.storage.dll
0x00007ffd48bd0000 - 0x00007ffd48f25000 	C:\Windows\System32\combase.dll
0x00007ffd460c0000 - 0x00007ffd460eb000 	C:\Windows\SYSTEM32\Wldp.dll
0x00007ffd48a20000 - 0x00007ffd48aed000 	C:\Windows\System32\OLEAUT32.dll
0x00007ffd48970000 - 0x00007ffd48a1d000 	C:\Windows\System32\SHCORE.dll
0x00007ffd47450000 - 0x00007ffd474a5000 	C:\Windows\System32\shlwapi.dll
0x00007ffd46690000 - 0x00007ffd466b5000 	C:\Windows\SYSTEM32\profapi.dll
0x00007ffd17230000 - 0x00007ffd17249000 	C:\Users\39\.jdks\jbr-17.0.12-1\bin\net.dll
0x00007ffd3d650000 - 0x00007ffd3d75a000 	C:\Windows\SYSTEM32\WINHTTP.dll
0x00007ffd45e20000 - 0x00007ffd45e8c000 	C:\Windows\system32\mswsock.dll
0x00007ffd17150000 - 0x00007ffd17166000 	C:\Users\39\.jdks\jbr-17.0.12-1\bin\nio.dll
0x00007ffd16f60000 - 0x00007ffd16f78000 	C:\Users\39\.jdks\jbr-17.0.12-1\bin\zip.dll
0x000001ede1440000 - 0x000001ede1443000 	C:\Users\39\.openjfx\cache\21.0.2+5\amd64\api-ms-win-core-console-l1-1-0.dll
0x000001ede1450000 - 0x000001ede1453000 	C:\Users\39\.openjfx\cache\21.0.2+5\amd64\api-ms-win-core-console-l1-2-0.dll
0x000001ede1460000 - 0x000001ede1463000 	C:\Users\39\.openjfx\cache\21.0.2+5\amd64\api-ms-win-core-datetime-l1-1-0.dll
0x000001edfdd30000 - 0x000001edfdd33000 	C:\Users\39\.openjfx\cache\21.0.2+5\amd64\api-ms-win-core-debug-l1-1-0.dll
0x000001edfdd40000 - 0x000001edfdd43000 	C:\Users\39\.openjfx\cache\21.0.2+5\amd64\api-ms-win-core-errorhandling-l1-1-0.dll
0x000001edfdd50000 - 0x000001edfdd54000 	C:\Users\39\.openjfx\cache\21.0.2+5\amd64\api-ms-win-core-file-l1-1-0.dll
0x000001edfdd60000 - 0x000001edfdd63000 	C:\Users\39\.openjfx\cache\21.0.2+5\amd64\api-ms-win-core-file-l1-2-0.dll
0x000001edfdd70000 - 0x000001edfdd73000 	C:\Users\39\.openjfx\cache\21.0.2+5\amd64\api-ms-win-core-file-l2-1-0.dll
0x000001edfdd80000 - 0x000001edfdd83000 	C:\Users\39\.openjfx\cache\21.0.2+5\amd64\api-ms-win-core-handle-l1-1-0.dll
0x000001edfdd90000 - 0x000001edfdd93000 	C:\Users\39\.openjfx\cache\21.0.2+5\amd64\api-ms-win-core-heap-l1-1-0.dll
0x000001edfdda0000 - 0x000001edfdda3000 	C:\Users\39\.openjfx\cache\21.0.2+5\amd64\api-ms-win-core-interlocked-l1-1-0.dll
0x000001edfddb0000 - 0x000001edfddb3000 	C:\Users\39\.openjfx\cache\21.0.2+5\amd64\api-ms-win-core-libraryloader-l1-1-0.dll
0x000001edfddc0000 - 0x000001edfddc3000 	C:\Users\39\.openjfx\cache\21.0.2+5\amd64\api-ms-win-core-localization-l1-2-0.dll
0x000001edfddd0000 - 0x000001edfddd3000 	C:\Users\39\.openjfx\cache\21.0.2+5\amd64\api-ms-win-core-memory-l1-1-0.dll
0x000001edfdde0000 - 0x000001edfdde3000 	C:\Users\39\.openjfx\cache\21.0.2+5\amd64\api-ms-win-core-namedpipe-l1-1-0.dll
0x000001edfddf0000 - 0x000001edfddf3000 	C:\Users\39\.openjfx\cache\21.0.2+5\amd64\api-ms-win-core-processenvironment-l1-1-0.dll
0x000001edfde00000 - 0x000001edfde03000 	C:\Users\39\.openjfx\cache\21.0.2+5\amd64\api-ms-win-core-processthreads-l1-1-0.dll
0x000001edfde10000 - 0x000001edfde13000 	C:\Users\39\.openjfx\cache\21.0.2+5\amd64\api-ms-win-core-processthreads-l1-1-1.dll
0x000001edfde20000 - 0x000001edfde23000 	C:\Users\39\.openjfx\cache\21.0.2+5\amd64\api-ms-win-core-profile-l1-1-0.dll
0x000001edfde30000 - 0x000001edfde33000 	C:\Users\39\.openjfx\cache\21.0.2+5\amd64\api-ms-win-core-rtlsupport-l1-1-0.dll
0x000001edfde40000 - 0x000001edfde43000 	C:\Users\39\.openjfx\cache\21.0.2+5\amd64\api-ms-win-core-string-l1-1-0.dll
0x000001edfde50000 - 0x000001edfde53000 	C:\Users\39\.openjfx\cache\21.0.2+5\amd64\api-ms-win-core-synch-l1-1-0.dll
0x000001edfde60000 - 0x000001edfde63000 	C:\Users\39\.openjfx\cache\21.0.2+5\amd64\api-ms-win-core-synch-l1-2-0.dll
0x000001edfde70000 - 0x000001edfde73000 	C:\Users\39\.openjfx\cache\21.0.2+5\amd64\api-ms-win-core-sysinfo-l1-1-0.dll
0x000001edfde80000 - 0x000001edfde83000 	C:\Users\39\.openjfx\cache\21.0.2+5\amd64\api-ms-win-core-timezone-l1-1-0.dll
0x000001edfde90000 - 0x000001edfde93000 	C:\Users\39\.openjfx\cache\21.0.2+5\amd64\api-ms-win-core-util-l1-1-0.dll
0x000001edfdea0000 - 0x000001edfdea3000 	C:\Users\39\.openjfx\cache\21.0.2+5\amd64\api-ms-win-crt-conio-l1-1-0.dll
0x000001edfdeb0000 - 0x000001edfdeb4000 	C:\Users\39\.openjfx\cache\21.0.2+5\amd64\api-ms-win-crt-convert-l1-1-0.dll
0x000001edfdec0000 - 0x000001edfdec3000 	C:\Users\39\.openjfx\cache\21.0.2+5\amd64\api-ms-win-crt-environment-l1-1-0.dll
0x000001edfded0000 - 0x000001edfded3000 	C:\Users\39\.openjfx\cache\21.0.2+5\amd64\api-ms-win-crt-filesystem-l1-1-0.dll
0x000001edfdee0000 - 0x000001edfdee3000 	C:\Users\39\.openjfx\cache\21.0.2+5\amd64\api-ms-win-crt-heap-l1-1-0.dll
0x000001edfdef0000 - 0x000001edfdef3000 	C:\Users\39\.openjfx\cache\21.0.2+5\amd64\api-ms-win-crt-locale-l1-1-0.dll
0x000001edfdf00000 - 0x000001edfdf05000 	C:\Users\39\.openjfx\cache\21.0.2+5\amd64\api-ms-win-crt-math-l1-1-0.dll
0x000001edfdf10000 - 0x000001edfdf15000 	C:\Users\39\.openjfx\cache\21.0.2+5\amd64\api-ms-win-crt-multibyte-l1-1-0.dll
0x000001edfdf20000 - 0x000001edfdf30000 	C:\Users\39\.openjfx\cache\21.0.2+5\amd64\api-ms-win-crt-private-l1-1-0.dll
0x000001edfdf30000 - 0x000001edfdf33000 	C:\Users\39\.openjfx\cache\21.0.2+5\amd64\api-ms-win-crt-process-l1-1-0.dll
0x000001edfdf40000 - 0x000001edfdf44000 	C:\Users\39\.openjfx\cache\21.0.2+5\amd64\api-ms-win-crt-runtime-l1-1-0.dll
0x000001edfdf50000 - 0x000001edfdf54000 	C:\Users\39\.openjfx\cache\21.0.2+5\amd64\api-ms-win-crt-stdio-l1-1-0.dll
0x000001edfdf60000 - 0x000001edfdf64000 	C:\Users\39\.openjfx\cache\21.0.2+5\amd64\api-ms-win-crt-string-l1-1-0.dll
0x000001edfdf70000 - 0x000001edfdf73000 	C:\Users\39\.openjfx\cache\21.0.2+5\amd64\api-ms-win-crt-time-l1-1-0.dll
0x000001edfdf80000 - 0x000001edfdf83000 	C:\Users\39\.openjfx\cache\21.0.2+5\amd64\api-ms-win-crt-utility-l1-1-0.dll
0x00007ffd0b6e0000 - 0x00007ffd0b7dc000 	C:\Users\39\.openjfx\cache\21.0.2+5\amd64\ucrtbase.dll
0x00007ffd16e80000 - 0x00007ffd16e9b000 	C:\Users\39\.openjfx\cache\21.0.2+5\amd64\vcruntime140.dll
0x00007ffd211a0000 - 0x00007ffd211ac000 	C:\Users\39\.openjfx\cache\21.0.2+5\amd64\vcruntime140_1.dll
0x00007ffd0b480000 - 0x00007ffd0b50e000 	C:\Users\39\.openjfx\cache\21.0.2+5\amd64\msvcp140.dll
0x00007ffd1c760000 - 0x00007ffd1c769000 	C:\Users\39\.openjfx\cache\21.0.2+5\amd64\msvcp140_1.dll
0x00007ffd134a0000 - 0x00007ffd134e1000 	C:\Users\39\.openjfx\cache\21.0.2+5\amd64\msvcp140_2.dll
0x00007ffd15150000 - 0x00007ffd15180000 	C:\Users\39\.openjfx\cache\21.0.2+5\amd64\prism_d3d.dll
0x00007ffd39640000 - 0x00007ffd39811000 	C:\Windows\system32\d3d9.dll
0x00007ffd442e0000 - 0x00007ffd4430f000 	C:\Windows\SYSTEM32\dwmapi.dll
0x00007ffd44070000 - 0x00007ffd4410e000 	C:\Windows\system32\uxtheme.dll
0x00007ffd083a0000 - 0x00007ffd08505000 	C:\Windows\System32\DriverStore\FileRepository\iigd_dch.inf_amd64_4b31d9b38e2bb506\igdumdim64.dll
0x00007ffd470f0000 - 0x00007ffd4721b000 	C:\Windows\System32\ole32.dll
0x00007ffcf7b10000 - 0x00007ffcfb79b000 	C:\Windows\System32\DriverStore\FileRepository\iigd_dch.inf_amd64_4b31d9b38e2bb506\igd9dxva64.dll
0x00007ffd48120000 - 0x00007ffd48591000 	C:\Windows\System32\SETUPAPI.dll
0x00007ffd46890000 - 0x00007ffd468de000 	C:\Windows\System32\cfgmgr32.dll
0x00007ffd3ac00000 - 0x00007ffd3af36000 	C:\Windows\System32\DriverStore\FileRepository\iigd_dch.inf_amd64_4b31d9b38e2bb506\igdgmm64.dll
0x00007ffd12fb0000 - 0x00007ffd12ff2000 	C:\Users\39\.openjfx\cache\21.0.2+5\amd64\glass.dll
0x00007ffd48800000 - 0x00007ffd488da000 	C:\Windows\System32\COMDLG32.dll
0x00007ffd47330000 - 0x00007ffd47445000 	C:\Windows\System32\MSCTF.dll
0x00007ffd3e900000 - 0x00007ffd3e927000 	C:\Windows\System32\DriverStore\FileRepository\iigd_dch.inf_amd64_4b31d9b38e2bb506\igdinfo64.dll
0x00007ffd46020000 - 0x00007ffd46038000 	C:\Windows\SYSTEM32\CRYPTSP.dll
0x00007ffd45740000 - 0x00007ffd45778000 	C:\Windows\system32\rsaenh.dll
0x00007ffd46010000 - 0x00007ffd4601c000 	C:\Windows\SYSTEM32\CRYPTBASE.dll
0x00007ffd347e0000 - 0x00007ffd3756f000 	C:\Windows\System32\DriverStore\FileRepository\iigd_dch.inf_amd64_4b31d9b38e2bb506\igc64.dll
0x00007ffd3b970000 - 0x00007ffd3b9ab000 	C:\Windows\SYSTEM32\dxcore.dll
0x00007ffd45b40000 - 0x00007ffd45c0a000 	C:\Windows\SYSTEM32\DNSAPI.dll
0x00007ffd45b00000 - 0x00007ffd45b3b000 	C:\Windows\SYSTEM32\IPHLPAPI.DLL
0x00007ffd48fd0000 - 0x00007ffd48fd8000 	C:\Windows\System32\NSI.dll
0x00007ffd3e4a0000 - 0x00007ffd3e4aa000 	C:\Windows\System32\rasadhlp.dll
0x00007ffd39820000 - 0x00007ffd398a0000 	C:\Windows\System32\fwpuclnt.dll
0x00007ffd1c5a0000 - 0x00007ffd1c5a9000 	C:\Users\39\.jdks\jbr-17.0.12-1\bin\extnet.dll
0x00007ffd1a390000 - 0x00007ffd1a3a0000 	C:\Users\39\.jdks\jbr-17.0.12-1\bin\verify.dll
0x00007ffd16c70000 - 0x00007ffd16c84000 	C:\Users\39\.openjfx\cache\21.0.2+5\amd64\javafx_font.dll
0x00007ffd337a0000 - 0x00007ffd33a1f000 	C:\Windows\SYSTEM32\dwrite.dll
0x00007ffd08200000 - 0x00007ffd0839a000 	C:\Users\39\.jdks\jbr-17.0.12-1\bin\awt.dll
0x00007ffd0d9a0000 - 0x00007ffd0d9e4000 	C:\Users\39\.jdks\jbr-17.0.12-1\bin\nvdaControllerClient64.dll
0x00007ffd42020000 - 0x00007ffd420b4000 	C:\Windows\SYSTEM32\apphelp.dll
0x00007ffd1a3a0000 - 0x00007ffd1a427000 	C:\Users\39\.jdks\jbr-17.0.12-1\bin\freetype.dll
0x00007ffd0dad0000 - 0x00007ffd0dbb5000 	C:\Users\39\.jdks\jbr-17.0.12-1\bin\fontmanager.dll
0x00007ffd48750000 - 0x00007ffd487f9000 	C:\Windows\System32\clbcatq.dll

dbghelp: loaded successfully - version: 4.0.5 - missing functions: none
symbol engine: initialized successfully - sym options: 0x614 - pdb path: .;C:\Users\39\.jdks\jbr-17.0.12-1\bin;C:\Windows\SYSTEM32;C:\Windows\WinSxS\amd64_microsoft.windows.common-controls_6595b64144ccf1df_6.0.19041.4355_none_60b8b9eb71f62e16;C:\Users\39\.jdks\jbr-17.0.12-1\bin\server;C:\Users\39\.openjfx\cache\21.0.2+5\amd64;C:\Windows\System32\DriverStore\FileRepository\iigd_dch.inf_amd64_4b31d9b38e2bb506;C:\Program Files\Common Files\Microsoft Shared\Ink

VM Arguments:
jvm_args: --module-path=C:\Users\39\.m2\repository\org\openjfx\javafx-base\21.0.2\javafx-base-21.0.2-win.jar;C:\Users\39\.m2\repository\org\openjfx\javafx-base\21.0.2\javafx-base-21.0.2.jar;C:\Users\39\.m2\repository\org\openjfx\javafx-controls\21.0.2\javafx-controls-21.0.2-win.jar;C:\Users\39\.m2\repository\org\openjfx\javafx-controls\21.0.2\javafx-controls-21.0.2.jar;C:\Users\39\.m2\repository\org\openjfx\javafx-fxml\21.0.2\javafx-fxml-21.0.2-win.jar;C:\Users\39\.m2\repository\org\openjfx\javafx-fxml\21.0.2\javafx-fxml-21.0.2.jar;C:\Users\39\.m2\repository\org\openjfx\javafx-graphics\21.0.2\javafx-graphics-21.0.2-win.jar;C:\Users\39\.m2\repository\org\openjfx\javafx-graphics\21.0.2\javafx-graphics-21.0.2.jar;C:\Users\39\.m2\repository\org\openjfx\javafx-media\21.0.2\javafx-media-21.0.2-win.jar;C:\Users\39\.m2\repository\org\openjfx\javafx-media\21.0.2\javafx-media-21.0.2.jar;C:\Users\39\.m2\repository\org\openjfx\javafx-swing\21.0.2\javafx-swing-21.0.2-win.jar;C:\Users\39\.m2\repository\org\openjfx\javafx-swing\21.0.2\javafx-swing-21.0.2.jar;C:\Users\39\.m2\repository\org\openjfx\javafx-web\21.0.2\javafx-web-21.0.2-win.jar;C:\Users\39\.m2\repository\org\openjfx\javafx-web\21.0.2\javafx-web-21.0.2.jar --add-modules=javafx.base,javafx.controls,javafx.fxml,javafx.graphics,javafx.media,javafx.swing,javafx.web 
java_command: org.gymify.tests.MainApp
java_class_path (initial): C:\Users\39\Documents\GitHub\DevAthletes\DevAthletes\gymify\target\classes;C:\Users\39\.m2\repository\com\fasterxml\jackson\core\jackson-annotations\2.15.2\jackson-annotations-2.15.2.jar;C:\Users\39\.m2\repository\com\fasterxml\jackson\core\jackson-core\2.13.3\jackson-core-2.13.3.jar;C:\Users\39\.m2\repository\com\fasterxml\jackson\core\jackson-databind\2.15.2\jackson-databind-2.15.2.jar;C:\Users\39\.m2\repository\com\fasterxml\woodstox\woodstox-core\5.1.0\woodstox-core-5.1.0.jar;C:\Users\39\.m2\repository\com\google\api-client\google-api-client\2.0.0\google-api-client-2.0.0.jar;C:\Users\39\.m2\repository\com\google\apis\google-api-services-calendar\v3-rev20220715-2.0.0\google-api-services-calendar-v3-rev20220715-2.0.0.jar;C:\Users\39\.m2\repository\com\google\code\findbugs\jsr305\3.0.2\jsr305-3.0.2.jar;C:\Users\39\.m2\repository\com\google\code\gson\gson\2.10.1\gson-2.10.1.jar;C:\Users\39\.m2\repository\com\google\errorprone\error_prone_annotations\2.11.0\error_prone_annotations-2.11.0.jar;C:\Users\39\.m2\repository\com\google\guava\failureaccess\1.0.1\failureaccess-1.0.1.jar;C:\Users\39\.m2\repository\com\google\guava\guava\31.1-jre\guava-31.1-jre.jar;C:\Users\39\.m2\repository\com\google\guava\listenablefuture\9999.0-empty-to-avoid-conflict-with-guava\listenablefuture-9999.0-empty-to-avoid-conflict-with-guava.jar;C:\Users\39\.m2\repository\com\google\http-client\google-http-client\1.42.0\google-http-client-1.42.0.jar;C:\Users\39\.m2\repository\com\google\http-client\google-http-client-apache-v2\1.42.1\google-http-client-apache-v2-1.42.1.jar;C:\Users\39\.m2\repository\com\google\http-client\google-http-client-gson\1.42.1\google-http-client-gson-1.42.1.jar;C:\Users\39\.m2\repository\com\google\http-client\google-http-client-jackson2\1.42.0\google-http-client-jackson2-1.42.0.jar;C:\Users\39\.m2\repository\com\google\j2objc\j2objc-annotations\1.3\j2objc-annotations-1.3.jar;C:\Users\39\.m2\repository\com\google\oauth-client\google-oauth-cl
Launcher Type: SUN_STANDARD

[Global flags]
     intx CICompilerCount                          = 4                                         {product} {ergonomic}
     uint ConcGCThreads                            = 2                                         {product} {ergonomic}
     uint G1ConcRefinementThreads                  = 8                                         {product} {ergonomic}
   size_t G1HeapRegionSize                         = 1048576                                   {product} {ergonomic}
    uintx GCDrainStackTargetSize                   = 64                                        {product} {ergonomic}
   size_t InitialHeapSize                          = 65011712                                  {product} {ergonomic}
   size_t MarkStackSize                            = 4194304                                   {product} {ergonomic}
   size_t MaxHeapSize                              = 1031798784                                {product} {ergonomic}
   size_t MaxNewSize                               = 618659840                                 {product} {ergonomic}
   size_t MinHeapDeltaBytes                        = 1048576                                   {product} {ergonomic}
   size_t MinHeapSize                              = 8388608                                   {product} {ergonomic}
    uintx NonNMethodCodeHeapSize                   = 5839372                                {pd product} {ergonomic}
    uintx NonProfiledCodeHeapSize                  = 122909434                              {pd product} {ergonomic}
    uintx ProfiledCodeHeapSize                     = 122909434                              {pd product} {ergonomic}
    uintx ReservedCodeCacheSize                    = 251658240                              {pd product} {ergonomic}
     bool SegmentedCodeCache                       = true                                      {product} {ergonomic}
   size_t SoftMaxHeapSize                          = 1031798784                             {manageable} {ergonomic}
     bool UseCompressedClassPointers               = true                           {product lp64_product} {ergonomic}
     bool UseCompressedOops                        = true                           {product lp64_product} {ergonomic}
     bool UseG1GC                                  = true                                      {product} {ergonomic}
     bool UseLargePagesIndividualAllocation        = false                                  {pd product} {ergonomic}

Logging:
Log output configuration:
 #0: stdout all=warning uptime,level,tags
 #1: stderr all=off uptime,level,tags

Environment Variables:
PATH=C:\oraclexe\app\oracle\product\11.2.0\server\bin;C:\Users\39\.jdks\jbr-17.0.12-1\bin;C:\Program Files (x86)\VMware\VMware Workstation\bin\;C:\Users\39\.jdks\jbr-17.0.12\bin;C:\Windows\system32;C:\Windows;C:\Windows\System32\Wbem;C:\Windows\System32\WindowsPowerShell\v1.0\;C:\Windows\System32\OpenSSH\;C:\xampp\php;C:\composer;C:\Program Files\Git\cmd;C:\Program Files (x86)\CodeBlocks\MinGW\bin;C:\Program Files (x86)\GnuWin32\bin;C:\Program Files\Apache\Maven\apache-maven-3.8.8\bin;C:\wkhtmltopdf\bin;C:\oraclexe\app\oracle\product\11.2.0\server\bin;C:\Users\39\.jdks\jbr-17.0.12-1\bin;C:\Program Files (x86)\VMware\VMware Workstation\bin\;C:\Users\39\.jdks\jbr-17.0.12\bin;C:\Windows\system32;C:\Windows;C:\Windows\System32\Wbem;C:\Windows\System32\WindowsPowerShell\v1.0\;C:\Windows\System32\OpenSSH\;C:\xampp\php;C:\composer;C:\Program Files\Git\cmd;C:\Program Files (x86)\CodeBlocks\MinGW\bin;C:\Program Files (x86)\GnuWin32\bin;C:\Program Files\Apache\Maven\apache-maven-3.8.8\bin;C:\wkhtmltopdf\bin;C:\Users\39\scoop\shims;C:\Users\39\AppData\Local\Microsoft\WindowsApps;C:\Users\39\AppData\Roaming\Composer\vendor\bin;C:\Users\39\AppData\Local\Programs\Microsoft VS Code\bin;C:\Users\39\AppData\Local\GitHubDesktop\bin;C:\nginx-1.25.3
USERNAME=39
OS=Windows_NT
PROCESSOR_IDENTIFIER=Intel64 Family 6 Model 142 Stepping 12, GenuineIntel
TMP=C:\Users\39\AppData\Local\Temp
TEMP=C:\Users\39\AppData\Local\Temp



Periodic native trim disabled

JNI global refs:
JNI global refs: 177, weak refs: 15

JNI global refs memory usage: 2739, weak refs: 841

Process memory usage:
Resident Set Size: 198580K (4% of 4024112K total physical memory with 139672K free physical memory)

OOME stack traces (most recent first):
Classloader memory used:
Loader jdk.internal.loader.ClassLoaders$AppClassLoader                                 : 2615K
Loader bootstrap                                                                       : 2048K
Loader jdk.internal.loader.ClassLoaders$PlatformClassLoader                            : 312K
Loader jdk.internal.reflect.DelegatingClassLoader                                      : 22086B
Loader com.sun.javafx.reflect.MethodUtil                                               : 510B


---------------  S Y S T E M  ---------------

OS:
 Windows 10 , 64 bit Build 19041 (10.0.19041.5678)
OS uptime: 3 days 4:02 hours

CPU: total 8 (initial active 8) (4 cores per cpu, 2 threads per core) family 6 model 142 stepping 12 microcode 0xde, cx8, cmov, fxsr, ht, mmx, 3dnowpref, sse, sse2, sse3, ssse3, sse4.1, sse4.2, popcnt, lzcnt, tsc, tscinvbit, avx, avx2, aes, erms, clmul, bmi1, bmi2, adx, fma, vzeroupper, clflush, clflushopt
Processor Information for all 8 processors :
  Max Mhz: 2112, Current Mhz: 1609, Mhz Limit: 1605

Memory: 4k page, system-wide physical 3929M (138M free)
TotalPageFile size 16217M (AvailPageFile size 0M)
current process WorkingSet (physical memory assigned to process): 194M, peak: 486M
current process commit charge ("private bytes"): 772M, peak: 774M

vm_info: OpenJDK 64-Bit Server VM (17.0.12+1-b1207.37) for windows-amd64 JRE (17.0.12+1-b1207.37), built on 2024-09-25 by "builduser" with MS VC++ 16.10 / 16.11 (VS2019)

END.
