#
# There is insufficient memory for the Java Runtime Environment to continue.
# Native memory allocation (malloc) failed to allocate 799536 bytes. Error detail: Chunk::new
# Possible reasons:
#   The system is out of physical RAM or swap space
#   This process is running with CompressedOops enabled, and the Java Heap may be blocking the growth of the native heap
# Possible solutions:
#   Reduce memory load on the system
#   Increase physical memory or swap space
#   Check if swap backing store is full
#   Decrease Java heap size (-Xmx/-Xms)
#   Decrease number of Java threads
#   Decrease Java thread stack sizes (-Xss)
#   Set larger code cache with -XX:ReservedCodeCacheSize=
#   JVM is running with Unscaled Compressed Oops mode in which the Java heap is
#     placed in the first 4GB address space. The Java Heap base address is the
#     maximum limit for the native heap growth. Please use -XX:HeapBaseMinAddress
#     to set the Java Heap base and to place the Java Heap above 4GB virtual address.
# This output file may be truncated or incomplete.
#
#  Out of Memory Error (arena.cpp:191), pid=15408, tid=11204
#
# JRE version: OpenJDK Runtime Environment JBR-17.0.14+1-1367.22-nomod (17.0.14+1) (build 17.0.14+1-b1367.22)
# Java VM: OpenJDK 64-Bit Server VM JBR-17.0.14+1-1367.22-nomod (17.0.14+1-b1367.22, mixed mode, sharing, tiered, compressed oops, compressed class ptrs, g1 gc, windows-amd64)
# No core dump will be written. Minidumps are not enabled by default on client versions of Windows
#

---------------  S U M M A R Y ------------

Command Line: -Dmaven.multiModuleProjectDirectory=C:\Users\39\Documents\GitHub\DevAthletes\DevAthletes\gymify -Djansi.passthrough=true -Dmaven.home=C:\Program Files\JetBrains\IntelliJ IDEA 2024.2.2\plugins\maven\lib\maven3 -Dclassworlds.conf=C:\Program Files\JetBrains\IntelliJ IDEA 2024.2.2\plugins\maven\lib\maven3\bin\m2.conf -Dmaven.ext.class.path=C:\Program Files\JetBrains\IntelliJ IDEA 2024.2.2\plugins\maven\lib\maven-event-listener.jar -javaagent:C:\Program Files\JetBrains\IntelliJ IDEA 2024.2.2\lib\idea_rt.jar=52088:C:\Program Files\JetBrains\IntelliJ IDEA 2024.2.2\bin -Dfile.encoding=UTF-8 org.codehaus.classworlds.Launcher -Didea.version=2024.2.2 org.openjfx:javafx-maven-plugin:0.0.8:run

Host: Intel(R) Core(TM) i5-10210U CPU @ 1.60GHz, 8 cores, 3G,  Windows 10 , 64 bit Build 19041 (10.0.19041.5438)
Time: Fri Mar  7 04:26:47 2025 Paris, Madrid elapsed time: 6.623057 seconds (0d 0h 0m 6s)

---------------  T H R E A D  ---------------

Current thread (0x00000154402b70e0):  JavaThread "C2 CompilerThread0" daemon [_thread_in_native, id=11204, stack(0x0000000101300000,0x0000000101400000)]


Current CompileTask:
C2:   6623 4646       4       jdk.internal.org.objectweb.asm.Frame::execute (2305 bytes)

Stack: [0x0000000101300000,0x0000000101400000]
Native frames: (J=compiled Java code, j=interpreted, Vv=VM code, C=native code)
V  [jvm.dll+0x68b969]


---------------  P R O C E S S  ---------------

Threads class SMR info:
_java_thread_list=0x0000015486d313d0, length=14, elements={
0x000001542893eb70, 0x000001544029b270, 0x000001544029c890, 0x00000154402b0730,
0x00000154402b3200, 0x00000154402b3bc0, 0x00000154402b5330, 0x00000154402b70e0,
0x00000154402c0400, 0x00000154402c31c0, 0x000001544028d390, 0x0000015440716730,
0x0000015440716c10, 0x0000015486819040
}

Java Threads: ( => current thread )
  0x000001542893eb70 JavaThread "main" [_thread_in_vm, id=11644, stack(0x0000000100600000,0x0000000100700000)]
  0x000001544029b270 JavaThread "Reference Handler" daemon [_thread_blocked, id=16500, stack(0x0000000100d00000,0x0000000100e00000)]
  0x000001544029c890 JavaThread "Finalizer" daemon [_thread_blocked, id=8832, stack(0x0000000100e00000,0x0000000100f00000)]
  0x00000154402b0730 JavaThread "Signal Dispatcher" daemon [_thread_blocked, id=8884, stack(0x0000000100f00000,0x0000000101000000)]
  0x00000154402b3200 JavaThread "Attach Listener" daemon [_thread_blocked, id=7440, stack(0x0000000101000000,0x0000000101100000)]
  0x00000154402b3bc0 JavaThread "Service Thread" daemon [_thread_blocked, id=8928, stack(0x0000000101100000,0x0000000101200000)]
  0x00000154402b5330 JavaThread "Monitor Deflation Thread" daemon [_thread_blocked, id=15016, stack(0x0000000101200000,0x0000000101300000)]
=>0x00000154402b70e0 JavaThread "C2 CompilerThread0" daemon [_thread_in_native, id=11204, stack(0x0000000101300000,0x0000000101400000)]
  0x00000154402c0400 JavaThread "C1 CompilerThread0" daemon [_thread_blocked, id=16344, stack(0x0000000101400000,0x0000000101500000)]
  0x00000154402c31c0 JavaThread "Sweeper thread" daemon [_thread_blocked, id=16304, stack(0x0000000101500000,0x0000000101600000)]
  0x000001544028d390 JavaThread "Common-Cleaner" daemon [_thread_blocked, id=17208, stack(0x0000000101600000,0x0000000101700000)]
  0x0000015440716730 JavaThread "Monitor Ctrl-Break" daemon [_thread_in_native, id=15604, stack(0x0000000101700000,0x0000000101800000)]
  0x0000015440716c10 JavaThread "Notification Thread" daemon [_thread_blocked, id=14796, stack(0x0000000101800000,0x0000000101900000)]
  0x0000015486819040 JavaThread "Thread-1" daemon [_thread_blocked, id=1800, stack(0x0000000102100000,0x0000000102200000)]

Other Threads:
  0x0000015440297440 VMThread "VM Thread" [stack: 0x0000000100c00000,0x0000000100d00000] [id=16432]
  0x00000154406f91a0 WatcherThread [stack: 0x0000000101900000,0x0000000101a00000] [id=15136]
  0x000001542897a590 GCTaskThread "GC Thread#0" [stack: 0x0000000100700000,0x0000000100800000] [id=12880]
  0x00000154867c83a0 GCTaskThread "GC Thread#1" [stack: 0x0000000101a00000,0x0000000101b00000] [id=1276]
  0x00000154867c8660 GCTaskThread "GC Thread#2" [stack: 0x0000000101b00000,0x0000000101c00000] [id=1660]
  0x0000015486761150 GCTaskThread "GC Thread#3" [stack: 0x0000000101c00000,0x0000000101d00000] [id=7544]
  0x00000154866b3c50 GCTaskThread "GC Thread#4" [stack: 0x0000000101d00000,0x0000000101e00000] [id=4180]
  0x00000154866b4320 GCTaskThread "GC Thread#5" [stack: 0x0000000101e00000,0x0000000101f00000] [id=2696]
  0x00000154866b45e0 GCTaskThread "GC Thread#6" [stack: 0x0000000101f00000,0x0000000102000000] [id=8416]
  0x0000015486819b60 GCTaskThread "GC Thread#7" [stack: 0x0000000102000000,0x0000000102100000] [id=15816]
  0x0000015428982fe0 ConcurrentGCThread "G1 Main Marker" [stack: 0x0000000100800000,0x0000000100900000] [id=1620]
  0x00000154289841a0 ConcurrentGCThread "G1 Conc#0" [stack: 0x0000000100900000,0x0000000100a00000] [id=5860]
  0x000001548726e260 ConcurrentGCThread "G1 Conc#1" [stack: 0x0000000102200000,0x0000000102300000] [id=16216]
  0x00000154289d5fb0 ConcurrentGCThread "G1 Refine#0" [stack: 0x0000000100a00000,0x0000000100b00000] [id=12964]
  0x00000154289d69e0 ConcurrentGCThread "G1 Service" [stack: 0x0000000100b00000,0x0000000100c00000] [id=1196]

Threads with active compile tasks:
C2 CompilerThread0     6755 4646       4       jdk.internal.org.objectweb.asm.Frame::execute (2305 bytes)

VM state: not at safepoint (normal execution)

VM Mutex/Monitor currently owned by a thread: None

Heap address: 0x00000000c2800000, size: 984 MB, Compressed Oops mode: 32-bit

CDS archive(s) mapped at: [0x0000015441000000-0x0000015441c00000-0x0000015441c00000), size 12582912, SharedBaseAddress: 0x0000015441000000, ArchiveRelocationMode: 1.
Compressed class space mapped at: 0x0000015442000000-0x0000015482000000, reserved size: 1073741824
Narrow klass base: 0x0000015441000000, Narrow klass shift: 0, Narrow klass range: 0x100000000

GC Precious Log:
 CPUs: 8 total, 8 available
 Memory: 3929M
 Large Page Support: Disabled
 NUMA Support: Disabled
 Compressed Oops: Enabled (32-bit)
 Heap Region Size: 1M
 Heap Min Capacity: 8M
 Heap Initial Capacity: 62M
 Heap Max Capacity: 984M
 Pre-touch: Disabled
 Parallel Workers: 8
 Concurrent Workers: 2
 Concurrent Refinement Workers: 8
 Periodic GC: Disabled

Heap:
 garbage-first heap   total 55296K, used 22798K [0x00000000c2800000, 0x0000000100000000)
  region size 1024K, 13 young (13312K), 2 survivors (2048K)
 Metaspace       used 24009K, committed 24256K, reserved 1114112K
  class space    used 2904K, committed 3008K, reserved 1048576K

Heap Regions: E=young(eden), S=young(survivor), O=old, HS=humongous(starts), HC=humongous(continues), CS=collection set, F=free, OA=open archive, CA=closed archive, TAMS=top-at-mark-start (previous, next)
|   0|0x00000000c2800000, 0x00000000c2900000, 0x00000000c2900000|100%| O|  |TAMS 0x00000000c2900000, 0x00000000c2800000| Untracked 
|   1|0x00000000c2900000, 0x00000000c2a00000, 0x00000000c2a00000|100%| O|  |TAMS 0x00000000c2a00000, 0x00000000c2900000| Untracked 
|   2|0x00000000c2a00000, 0x00000000c2b00000, 0x00000000c2b00000|100%| O|  |TAMS 0x00000000c2b00000, 0x00000000c2a00000| Untracked 
|   3|0x00000000c2b00000, 0x00000000c2c00000, 0x00000000c2c00000|100%| O|  |TAMS 0x00000000c2c00000, 0x00000000c2b00000| Untracked 
|   4|0x00000000c2c00000, 0x00000000c2d00000, 0x00000000c2d00000|100%| O|  |TAMS 0x00000000c2d00000, 0x00000000c2c00000| Untracked 
|   5|0x00000000c2d00000, 0x00000000c2e00000, 0x00000000c2e00000|100%| O|  |TAMS 0x00000000c2e00000, 0x00000000c2d00000| Untracked 
|   6|0x00000000c2e00000, 0x00000000c2f00000, 0x00000000c2f00000|100%| O|  |TAMS 0x00000000c2f00000, 0x00000000c2e00000| Untracked 
|   7|0x00000000c2f00000, 0x00000000c3000000, 0x00000000c3000000|100%| O|  |TAMS 0x00000000c3000000, 0x00000000c2f00000| Untracked 
|   8|0x00000000c3000000, 0x00000000c3100000, 0x00000000c3100000|100%| O|  |TAMS 0x00000000c3100000, 0x00000000c3000000| Untracked 
|   9|0x00000000c3100000, 0x00000000c3200000, 0x00000000c3200000|100%| O|  |TAMS 0x00000000c3138e00, 0x00000000c3100000| Untracked 
|  10|0x00000000c3200000, 0x00000000c3300000, 0x00000000c3300000|100%| O|  |TAMS 0x00000000c3200000, 0x00000000c3200000| Untracked 
|  11|0x00000000c3300000, 0x00000000c334a200, 0x00000000c3400000| 28%| O|  |TAMS 0x00000000c3300000, 0x00000000c3300000| Complete 
|  12|0x00000000c3400000, 0x00000000c3400000, 0x00000000c3500000|  0%| F|  |TAMS 0x00000000c3400000, 0x00000000c3400000| Untracked 
|  13|0x00000000c3500000, 0x00000000c3500000, 0x00000000c3600000|  0%| F|  |TAMS 0x00000000c3500000, 0x00000000c3500000| Untracked 
|  14|0x00000000c3600000, 0x00000000c3600000, 0x00000000c3700000|  0%| F|  |TAMS 0x00000000c3600000, 0x00000000c3600000| Untracked 
|  15|0x00000000c3700000, 0x00000000c3700000, 0x00000000c3800000|  0%| F|  |TAMS 0x00000000c3700000, 0x00000000c3700000| Untracked 
|  16|0x00000000c3800000, 0x00000000c3800000, 0x00000000c3900000|  0%| F|  |TAMS 0x00000000c3800000, 0x00000000c3800000| Untracked 
|  17|0x00000000c3900000, 0x00000000c3900000, 0x00000000c3a00000|  0%| F|  |TAMS 0x00000000c3900000, 0x00000000c3900000| Untracked 
|  18|0x00000000c3a00000, 0x00000000c3a00000, 0x00000000c3b00000|  0%| F|  |TAMS 0x00000000c3a00000, 0x00000000c3a00000| Untracked 
|  19|0x00000000c3b00000, 0x00000000c3b00000, 0x00000000c3c00000|  0%| F|  |TAMS 0x00000000c3b00000, 0x00000000c3b00000| Untracked 
|  20|0x00000000c3c00000, 0x00000000c3c00000, 0x00000000c3d00000|  0%| F|  |TAMS 0x00000000c3c00000, 0x00000000c3c00000| Untracked 
|  21|0x00000000c3d00000, 0x00000000c3d00000, 0x00000000c3e00000|  0%| F|  |TAMS 0x00000000c3d00000, 0x00000000c3d00000| Untracked 
|  22|0x00000000c3e00000, 0x00000000c3e00000, 0x00000000c3f00000|  0%| F|  |TAMS 0x00000000c3e00000, 0x00000000c3e00000| Untracked 
|  23|0x00000000c3f00000, 0x00000000c3f00000, 0x00000000c4000000|  0%| F|  |TAMS 0x00000000c3f00000, 0x00000000c3f00000| Untracked 
|  24|0x00000000c4000000, 0x00000000c4000000, 0x00000000c4100000|  0%| F|  |TAMS 0x00000000c4000000, 0x00000000c4000000| Untracked 
|  25|0x00000000c4100000, 0x00000000c4100000, 0x00000000c4200000|  0%| F|  |TAMS 0x00000000c4100000, 0x00000000c4100000| Untracked 
|  26|0x00000000c4200000, 0x00000000c4200000, 0x00000000c4300000|  0%| F|  |TAMS 0x00000000c4200000, 0x00000000c4200000| Untracked 
|  27|0x00000000c4300000, 0x00000000c4300000, 0x00000000c4400000|  0%| F|  |TAMS 0x00000000c4300000, 0x00000000c4300000| Untracked 
|  28|0x00000000c4400000, 0x00000000c4400000, 0x00000000c4500000|  0%| F|  |TAMS 0x00000000c4400000, 0x00000000c4400000| Untracked 
|  29|0x00000000c4500000, 0x00000000c4500000, 0x00000000c4600000|  0%| F|  |TAMS 0x00000000c4500000, 0x00000000c4500000| Untracked 
|  30|0x00000000c4600000, 0x00000000c4600000, 0x00000000c4700000|  0%| F|  |TAMS 0x00000000c4600000, 0x00000000c4600000| Untracked 
|  31|0x00000000c4700000, 0x00000000c4700000, 0x00000000c4800000|  0%| F|  |TAMS 0x00000000c4700000, 0x00000000c4700000| Untracked 
|  32|0x00000000c4800000, 0x00000000c4800000, 0x00000000c4900000|  0%| F|  |TAMS 0x00000000c4800000, 0x00000000c4800000| Untracked 
|  33|0x00000000c4900000, 0x00000000c4900000, 0x00000000c4a00000|  0%| F|  |TAMS 0x00000000c4900000, 0x00000000c4900000| Untracked 
|  34|0x00000000c4a00000, 0x00000000c4a00000, 0x00000000c4b00000|  0%| F|  |TAMS 0x00000000c4a00000, 0x00000000c4a00000| Untracked 
|  35|0x00000000c4b00000, 0x00000000c4b00000, 0x00000000c4c00000|  0%| F|  |TAMS 0x00000000c4b00000, 0x00000000c4b00000| Untracked 
|  36|0x00000000c4c00000, 0x00000000c4c00000, 0x00000000c4d00000|  0%| F|  |TAMS 0x00000000c4c00000, 0x00000000c4c00000| Untracked 
|  37|0x00000000c4d00000, 0x00000000c4d00000, 0x00000000c4e00000|  0%| F|  |TAMS 0x00000000c4d00000, 0x00000000c4d00000| Untracked 
|  38|0x00000000c4e00000, 0x00000000c4e00000, 0x00000000c4f00000|  0%| F|  |TAMS 0x00000000c4e00000, 0x00000000c4e00000| Untracked 
|  39|0x00000000c4f00000, 0x00000000c4f00000, 0x00000000c5000000|  0%| F|  |TAMS 0x00000000c4f00000, 0x00000000c4f00000| Untracked 
|  40|0x00000000c5000000, 0x00000000c5088110, 0x00000000c5100000| 53%| E|  |TAMS 0x00000000c5000000, 0x00000000c5000000| Complete 
|  41|0x00000000c5100000, 0x00000000c5200000, 0x00000000c5200000|100%| E|CS|TAMS 0x00000000c5100000, 0x00000000c5100000| Complete 
|  42|0x00000000c5200000, 0x00000000c5300000, 0x00000000c5300000|100%| E|CS|TAMS 0x00000000c5200000, 0x00000000c5200000| Complete 
|  43|0x00000000c5300000, 0x00000000c5400000, 0x00000000c5400000|100%| E|CS|TAMS 0x00000000c5300000, 0x00000000c5300000| Complete 
|  44|0x00000000c5400000, 0x00000000c5500000, 0x00000000c5500000|100%| E|CS|TAMS 0x00000000c5400000, 0x00000000c5400000| Complete 
|  45|0x00000000c5500000, 0x00000000c5600000, 0x00000000c5600000|100%| E|  |TAMS 0x00000000c5500000, 0x00000000c5500000| Complete 
|  46|0x00000000c5600000, 0x00000000c5700000, 0x00000000c5700000|100%| E|CS|TAMS 0x00000000c5600000, 0x00000000c5600000| Complete 
|  47|0x00000000c5700000, 0x00000000c5800000, 0x00000000c5800000|100%| E|CS|TAMS 0x00000000c5700000, 0x00000000c5700000| Complete 
|  48|0x00000000c5800000, 0x00000000c5900000, 0x00000000c5900000|100%| E|CS|TAMS 0x00000000c5800000, 0x00000000c5800000| Complete 
|  49|0x00000000c5900000, 0x00000000c5a00000, 0x00000000c5a00000|100%| E|CS|TAMS 0x00000000c5900000, 0x00000000c5900000| Complete 
|  56|0x00000000c6000000, 0x00000000c60f9900, 0x00000000c6100000| 97%| S|CS|TAMS 0x00000000c6000000, 0x00000000c6000000| Complete 
|  57|0x00000000c6100000, 0x00000000c6200000, 0x00000000c6200000|100%| S|CS|TAMS 0x00000000c6100000, 0x00000000c6100000| Complete 
|  60|0x00000000c6400000, 0x00000000c6500000, 0x00000000c6500000|100%| E|CS|TAMS 0x00000000c6400000, 0x00000000c6400000| Complete 
|  61|0x00000000c6500000, 0x00000000c6600000, 0x00000000c6600000|100%| E|CS|TAMS 0x00000000c6500000, 0x00000000c6500000| Complete 

Card table byte_map: [0x000001543b650000,0x000001543b840000] _byte_map_base: 0x000001543b03c000

Marking Bits (Prev, Next): (CMBitMap*) 0x000001542897abf0, (CMBitMap*) 0x000001542897abb0
 Prev Bits: [0x000001543c990000, 0x000001543d8f0000)
 Next Bits: [0x000001543ba30000, 0x000001543c990000)

Polling page: 0x00000154267d0000

Metaspace:

Usage:
  Non-class:     20.64 MB used.
      Class:      2.84 MB used.
       Both:     23.48 MB used.

Virtual space:
  Non-class space:       64.00 MB reserved,      20.81 MB ( 33%) committed,  1 nodes.
      Class space:        1.00 GB reserved,       2.94 MB ( <1%) committed,  1 nodes.
             Both:        1.06 GB reserved,      23.75 MB (  2%) committed. 

Chunk freelists:
   Non-Class:  11.20 MB
       Class:  13.03 MB
        Both:  24.23 MB

MaxMetaspaceSize: unlimited
CompressedClassSpaceSize: 1.00 GB
Initial GC threshold: 21.00 MB
Current GC threshold: 35.62 MB
CDS: on
MetaspaceReclaimPolicy: balanced
 - commit_granule_bytes: 65536.
 - commit_granule_words: 8192.
 - virtual_space_node_default_size: 8388608.
 - enlarge_chunks_in_place: 1.
 - new_chunks_are_fully_committed: 0.
 - uncommit_free_chunks: 1.
 - use_allocation_guard: 0.
 - handle_deallocations: 1.


Internal statistics:

num_allocs_failed_limit: 6.
num_arena_births: 150.
num_arena_deaths: 0.
num_vsnodes_births: 2.
num_vsnodes_deaths: 0.
num_space_committed: 380.
num_space_uncommitted: 0.
num_chunks_returned_to_freelist: 6.
num_chunks_taken_from_freelist: 1014.
num_chunk_merges: 6.
num_chunk_splits: 700.
num_chunks_enlarged: 535.
num_inconsistent_stats: 0.

CodeHeap 'non-profiled nmethods': size=120000Kb used=2133Kb max_used=2133Kb free=117866Kb
 bounds [0x0000015433c00000, 0x0000015433e70000, 0x000001543b130000]
CodeHeap 'profiled nmethods': size=120000Kb used=9974Kb max_used=9974Kb free=110025Kb
 bounds [0x000001542c130000, 0x000001542caf0000, 0x0000015433660000]
CodeHeap 'non-nmethods': size=5760Kb used=1203Kb max_used=1265Kb free=4556Kb
 bounds [0x0000015433660000, 0x00000154338d0000, 0x0000015433c00000]
 total_blobs=5209 nmethods=4708 adapters=413
 compilation: enabled
              stopped_count=0, restarted_count=0
 full_count=0

Compilation events (20 events):
Event: 6.601 Thread 0x00000154402c0400 4703       3       java.nio.MappedByteBuffer::limit (6 bytes)
Event: 6.601 Thread 0x00000154402c0400 nmethod 4703 0x000001542cad4c10 code [0x000001542cad4dc0, 0x000001542cad4fc8]
Event: 6.601 Thread 0x00000154402c0400 4704       3       java.nio.MappedByteBuffer::position (6 bytes)
Event: 6.601 Thread 0x00000154402c0400 nmethod 4704 0x000001542cad5110 code [0x000001542cad52c0, 0x000001542cad54c8]
Event: 6.601 Thread 0x00000154402c0400 4705       3       jdk.internal.jimage.ImageLocation::decompress (116 bytes)
Event: 6.601 Thread 0x00000154402c0400 nmethod 4705 0x000001542cad5610 code [0x000001542cad58a0, 0x000001542cad6388]
Event: 6.601 Thread 0x00000154402c0400 4706       3       jdk.internal.jimage.ImageLocation::verify (38 bytes)
Event: 6.602 Thread 0x00000154402c0400 nmethod 4706 0x000001542cad6790 code [0x000001542cad69a0, 0x000001542cad6f48]
Event: 6.602 Thread 0x00000154402c0400 4707   !   3       jdk.internal.jimage.BasicImageReader::getResourceBuffer (203 bytes)
Event: 6.603 Thread 0x00000154402c0400 nmethod 4707 0x000001542cad7210 code [0x000001542cad7660, 0x000001542cad9368]
Event: 6.603 Thread 0x00000154402c0400 4708   !   3       jdk.internal.jimage.BasicImageReader::slice (32 bytes)
Event: 6.603 Thread 0x00000154402c0400 nmethod 4708 0x000001542cada010 code [0x000001542cada1e0, 0x000001542cada608]
Event: 6.603 Thread 0x00000154402c0400 4709       3       java.nio.DirectByteBufferR::<init> (25 bytes)
Event: 6.603 Thread 0x00000154402c0400 nmethod 4709 0x000001542cada790 code [0x000001542cada920, 0x000001542cadaaa8]
Event: 6.603 Thread 0x00000154402c0400 4710       3       java.nio.DirectByteBufferR::slice (5 bytes)
Event: 6.603 Thread 0x00000154402c0400 nmethod 4710 0x000001542cadab90 code [0x000001542cadad40, 0x000001542cadae88]
Event: 6.603 Thread 0x00000154402c0400 4711       3       java.nio.DirectByteBufferR::slice (74 bytes)
Event: 6.604 Thread 0x00000154402c0400 nmethod 4711 0x000001542cadaf10 code [0x000001542cadb0c0, 0x000001542cadb368]
Event: 6.604 Thread 0x00000154402c0400 4712       3       java.util.AbstractMap$SimpleEntry::<init> (15 bytes)
Event: 6.604 Thread 0x00000154402c0400 nmethod 4712 0x000001542cadb490 code [0x000001542cadb640, 0x000001542cadb858]

GC Heap History (13 events):
Event: 0.935 GC heap before
{Heap before GC invocations=0 (full 0):
 garbage-first heap   total 63488K, used 22528K [0x00000000c2800000, 0x0000000100000000)
  region size 1024K, 23 young (23552K), 0 survivors (0K)
 Metaspace       used 6031K, committed 6208K, reserved 1114112K
  class space    used 741K, committed 832K, reserved 1048576K
}
Event: 0.943 GC heap after
{Heap after GC invocations=1 (full 0):
 garbage-first heap   total 63488K, used 3712K [0x00000000c2800000, 0x0000000100000000)
  region size 1024K, 3 young (3072K), 3 survivors (3072K)
 Metaspace       used 6031K, committed 6208K, reserved 1114112K
  class space    used 741K, committed 832K, reserved 1048576K
}
Event: 1.600 GC heap before
{Heap before GC invocations=1 (full 0):
 garbage-first heap   total 63488K, used 30336K [0x00000000c2800000, 0x0000000100000000)
  region size 1024K, 29 young (29696K), 3 survivors (3072K)
 Metaspace       used 9099K, committed 9280K, reserved 1114112K
  class space    used 1126K, committed 1216K, reserved 1048576K
}
Event: 1.609 GC heap after
{Heap after GC invocations=2 (full 0):
 garbage-first heap   total 63488K, used 4977K [0x00000000c2800000, 0x0000000100000000)
  region size 1024K, 2 young (2048K), 2 survivors (2048K)
 Metaspace       used 9099K, committed 9280K, reserved 1114112K
  class space    used 1126K, committed 1216K, reserved 1048576K
}
Event: 2.737 GC heap before
{Heap before GC invocations=2 (full 0):
 garbage-first heap   total 63488K, used 40817K [0x00000000c2800000, 0x0000000100000000)
  region size 1024K, 37 young (37888K), 2 survivors (2048K)
 Metaspace       used 15808K, committed 16000K, reserved 1114112K
  class space    used 2000K, committed 2048K, reserved 1048576K
}
Event: 2.748 GC heap after
{Heap after GC invocations=3 (full 0):
 garbage-first heap   total 63488K, used 7932K [0x00000000c2800000, 0x0000000100000000)
  region size 1024K, 5 young (5120K), 5 survivors (5120K)
 Metaspace       used 15808K, committed 16000K, reserved 1114112K
  class space    used 2000K, committed 2048K, reserved 1048576K
}
Event: 3.456 GC heap before
{Heap before GC invocations=3 (full 0):
 garbage-first heap   total 63488K, used 40700K [0x00000000c2800000, 0x0000000100000000)
  region size 1024K, 37 young (37888K), 5 survivors (5120K)
 Metaspace       used 16508K, committed 16704K, reserved 1114112K
  class space    used 2035K, committed 2112K, reserved 1048576K
}
Event: 3.466 GC heap after
{Heap after GC invocations=4 (full 0):
 garbage-first heap   total 63488K, used 10041K [0x00000000c2800000, 0x0000000100000000)
  region size 1024K, 3 young (3072K), 3 survivors (3072K)
 Metaspace       used 16508K, committed 16704K, reserved 1114112K
  class space    used 2035K, committed 2112K, reserved 1048576K
}
Event: 4.513 GC heap before
{Heap before GC invocations=4 (full 0):
 garbage-first heap   total 63488K, used 43833K [0x00000000c2800000, 0x0000000100000000)
  region size 1024K, 36 young (36864K), 3 survivors (3072K)
 Metaspace       used 17879K, committed 18176K, reserved 1114112K
  class space    used 2169K, committed 2304K, reserved 1048576K
}
Event: 4.519 GC heap after
{Heap after GC invocations=5 (full 0):
 garbage-first heap   total 63488K, used 11618K [0x00000000c2800000, 0x0000000100000000)
  region size 1024K, 4 young (4096K), 4 survivors (4096K)
 Metaspace       used 17879K, committed 18176K, reserved 1114112K
  class space    used 2169K, committed 2304K, reserved 1048576K
}
Event: 6.539 GC heap before
{Heap before GC invocations=5 (full 0):
 garbage-first heap   total 63488K, used 44386K [0x00000000c2800000, 0x0000000100000000)
  region size 1024K, 37 young (37888K), 4 survivors (4096K)
 Metaspace       used 20440K, committed 20672K, reserved 1114112K
  class space    used 2458K, committed 2560K, reserved 1048576K
}
Event: 6.552 GC heap after
{Heap after GC invocations=6 (full 0):
 garbage-first heap   total 63488K, used 13205K [0x00000000c2800000, 0x0000000100000000)
  region size 1024K, 4 young (4096K), 4 survivors (4096K)
 Metaspace       used 20440K, committed 20672K, reserved 1114112K
  class space    used 2458K, committed 2560K, reserved 1048576K
}
Event: 6.614 GC heap before
{Heap before GC invocations=6 (full 0):
 garbage-first heap   total 63488K, used 16277K [0x00000000c2800000, 0x0000000100000000)
  region size 1024K, 8 young (8192K), 4 survivors (4096K)
 Metaspace       used 21349K, committed 21504K, reserved 1114112K
  class space    used 2610K, committed 2688K, reserved 1048576K
}

Dll operation events (4 events):
Event: 0.045 Loaded shared library C:\Users\39\.jdks\jbr-17.0.14\bin\java.dll
Event: 0.071 Loaded shared library C:\Users\39\.jdks\jbr-17.0.14\bin\jsvml.dll
Event: 0.158 Loaded shared library C:\Users\39\.jdks\jbr-17.0.14\bin\zip.dll
Event: 0.445 Loaded shared library C:\Users\39\.jdks\jbr-17.0.14\bin\verify.dll

Deoptimization events (20 events):
Event: 5.980 Thread 0x000001542893eb70 DEOPT PACKING pc=0x0000015433c3ad84 sp=0x00000001006fd460
Event: 5.980 Thread 0x000001542893eb70 DEOPT UNPACKING pc=0x00000154336b69a3 sp=0x00000001006fd430 mode 2
Event: 6.329 Thread 0x000001542893eb70 Uncommon trap: trap_request=0xffffff45 fr.pc=0x0000015433c8e4f0 relative=0x0000000000001210
Event: 6.329 Thread 0x000001542893eb70 Uncommon trap: reason=unstable_if action=reinterpret pc=0x0000015433c8e4f0 method=jdk.internal.jimage.ImageLocation.verifyName(Ljava/lang/String;Ljava/lang/String;IIIIIILjdk/internal/jimage/ImageStrings;)Z @ 45 c2
Event: 6.329 Thread 0x000001542893eb70 DEOPT PACKING pc=0x0000015433c8e4f0 sp=0x00000001006fc430
Event: 6.329 Thread 0x000001542893eb70 DEOPT UNPACKING pc=0x00000154336b69a3 sp=0x00000001006fc158 mode 2
Event: 6.340 Thread 0x000001542893eb70 Uncommon trap: trap_request=0xffffff45 fr.pc=0x0000015433e013c4 relative=0x0000000000002104
Event: 6.340 Thread 0x000001542893eb70 Uncommon trap: reason=unstable_if action=reinterpret pc=0x0000015433e013c4 method=java.lang.String.<init>([BIILjava/nio/charset/Charset;)V @ 18 c2
Event: 6.340 Thread 0x000001542893eb70 DEOPT PACKING pc=0x0000015433e013c4 sp=0x00000001006fc800
Event: 6.340 Thread 0x000001542893eb70 DEOPT UNPACKING pc=0x00000154336b69a3 sp=0x00000001006fc7e0 mode 2
Event: 6.395 Thread 0x000001542893eb70 Uncommon trap: trap_request=0xffffff45 fr.pc=0x0000015433dcdb54 relative=0x0000000000001474
Event: 6.395 Thread 0x000001542893eb70 Uncommon trap: reason=unstable_if action=reinterpret pc=0x0000015433dcdb54 method=sun.nio.fs.WindowsPathParser.isSlash(C)Z @ 9 c2
Event: 6.395 Thread 0x000001542893eb70 DEOPT PACKING pc=0x0000015433dcdb54 sp=0x00000001006fc7e0
Event: 6.395 Thread 0x000001542893eb70 DEOPT UNPACKING pc=0x00000154336b69a3 sp=0x00000001006fc778 mode 2
Event: 6.395 Thread 0x000001542893eb70 Uncommon trap: trap_request=0xffffff45 fr.pc=0x0000015433c1e640 relative=0x0000000000000040
Event: 6.395 Thread 0x000001542893eb70 Uncommon trap: reason=unstable_if action=reinterpret pc=0x0000015433c1e640 method=sun.nio.fs.WindowsPathParser.isSlash(C)Z @ 9 c2
Event: 6.395 Thread 0x000001542893eb70 DEOPT PACKING pc=0x0000015433c1e640 sp=0x00000001006fc7e0
Event: 6.395 Thread 0x000001542893eb70 DEOPT UNPACKING pc=0x00000154336b69a3 sp=0x00000001006fc768 mode 2
Event: 6.520 Thread 0x000001542893eb70 DEOPT PACKING pc=0x000001542caabddc sp=0x00000001006fc4c0
Event: 6.520 Thread 0x000001542893eb70 DEOPT UNPACKING pc=0x00000154336b7143 sp=0x00000001006fba18 mode 0

Classes loaded (20 events):
Event: 6.314 Loading class java/util/ServiceLoader$ProviderSpliterator
Event: 6.314 Loading class java/util/ServiceLoader$ProviderSpliterator done
Event: 6.324 Loading class java/nio/file/spi/FileSystemProvider$1
Event: 6.324 Loading class java/nio/file/spi/FileSystemProvider$1 done
Event: 6.327 Loading class java/nio/file/FileSystemAlreadyExistsException
Event: 6.327 Loading class java/nio/file/FileSystemAlreadyExistsException done
Event: 6.327 Loading class java/nio/file/ProviderMismatchException
Event: 6.327 Loading class java/nio/file/ProviderMismatchException done
Event: 6.328 Loading class java/nio/file/FileStore
Event: 6.328 Loading class java/nio/file/FileStore done
Event: 6.328 Loading class java/nio/channels/AsynchronousFileChannel
Event: 6.328 Loading class java/nio/channels/AsynchronousChannel
Event: 6.328 Loading class java/nio/channels/AsynchronousChannel done
Event: 6.328 Loading class java/nio/channels/AsynchronousFileChannel done
Event: 6.328 Loading class jdk/internal/jrtfs/JrtFileSystemProvider
Event: 6.329 Loading class jdk/internal/jrtfs/JrtFileSystemProvider done
Event: 6.329 Loading class sun/net/www/protocol/jrt/JavaRuntimeURLConnection
Event: 6.330 Loading class sun/net/www/protocol/jrt/JavaRuntimeURLConnection done
Event: 6.330 Loading class sun/net/www/protocol/jrt/JavaRuntimeURLConnection$1
Event: 6.330 Loading class sun/net/www/protocol/jrt/JavaRuntimeURLConnection$1 done

Classes unloaded (0 events):
No events

Classes redefined (0 events):
No events

Internal exceptions (20 events):
Event: 2.301 Thread 0x000001542893eb70 Exception <a 'java/lang/NoSuchMethodError'{0x00000000c4e73228}: 'void java.lang.invoke.DirectMethodHandle$Holder.invokeVirtual(java.lang.Object, java.lang.Object)'> (0x00000000c4e73228) 
thrown [s\src\hotspot\share\interpreter\linkResolver.cpp, line 771]
Event: 2.330 Thread 0x000001542893eb70 Exception <a 'java/lang/NoSuchMethodError'{0x00000000c4efad18}: 'java.lang.Object java.lang.invoke.DirectMethodHandle$Holder.invokeStaticInit(java.lang.Object, int, int, int, int)'> (0x00000000c4efad18) 
thrown [s\src\hotspot\share\interpreter\linkResolver.cpp, line 771]
Event: 2.496 Thread 0x000001542893eb70 Exception <a 'java/lang/NoSuchMethodError'{0x00000000c461e960}: 'void java.lang.invoke.DirectMethodHandle$Holder.invokeSpecial(java.lang.Object, java.lang.Object, java.lang.Object, java.lang.Object, java.lang.Object)'> (0x00000000c461e960) 
thrown [s\src\hotspot\share\interpreter\linkResolver.cpp, line 771]
Event: 2.502 Thread 0x000001542893eb70 Exception <a 'java/lang/NoSuchMethodError'{0x00000000c463cac0}: 'java.lang.Object java.lang.invoke.DirectMethodHandle$Holder.invokeVirtual(java.lang.Object, java.lang.Object, java.lang.Object)'> (0x00000000c463cac0) 
thrown [s\src\hotspot\share\interpreter\linkResolver.cpp, line 771]
Event: 2.505 Thread 0x000001542893eb70 Exception <a 'java/lang/NoSuchMethodError'{0x00000000c464bd20}: 'void java.lang.invoke.DirectMethodHandle$Holder.invokeSpecial(java.lang.Object, java.lang.Object, java.lang.Object, java.lang.Object, java.lang.Object, java.lang.Object)'> (0x00000000c464bd20) 
thrown [s\src\hotspot\share\interpreter\linkResolver.cpp, line 771]
Event: 2.818 Thread 0x000001542893eb70 Implicit null exception at 0x0000015433c3b960 to 0x0000015433c3b9fa
Event: 2.818 Thread 0x000001542893eb70 Implicit null exception at 0x0000015433caca0f to 0x0000015433cace1c
Event: 2.818 Thread 0x000001542893eb70 Implicit null exception at 0x0000015433c82d0f to 0x0000015433c82d89
Event: 3.772 Thread 0x000001542893eb70 Implicit null exception at 0x0000015433d83693 to 0x0000015433d8395c
Event: 3.772 Thread 0x000001542893eb70 Implicit null exception at 0x0000015433c5258f to 0x0000015433c52990
Event: 3.871 Thread 0x000001542893eb70 Exception <a 'java/lang/NoSuchMethodError'{0x00000000c5118580}: 'java.lang.Object java.lang.invoke.DirectMethodHandle$Holder.newInvokeSpecial(java.lang.Object, java.lang.Object, java.lang.Object, java.lang.Object, java.lang.Object, java.lang.Object, java.lang.Object)'> (0x00000000c5118580) 
thrown [s\src\hotspot\share\interpreter\linkResolver.cpp, line 771]
Event: 3.871 Thread 0x000001542893eb70 Exception <a 'java/lang/NoSuchMethodError'{0x00000000c511ce90}: 'java.lang.Object java.lang.invoke.Invokers$Holder.linkToTargetMethod(java.lang.Object, java.lang.Object, java.lang.Object, java.lang.Object, java.lang.Object, java.lang.Object, java.lang.Object)'> (0x00000000c511ce90) 
thrown [s\src\hotspot\share\interpreter\linkResolver.cpp, line 771]
Event: 4.029 Thread 0x000001542893eb70 Exception <a 'java/lang/NoSuchMethodError'{0x00000000c489a6e0}: 'int java.lang.invoke.DirectMethodHandle$Holder.invokeVirtual(java.lang.Object, java.lang.Object)'> (0x00000000c489a6e0) 
thrown [s\src\hotspot\share\interpreter\linkResolver.cpp, line 771]
Event: 4.060 Thread 0x000001542893eb70 Exception <a 'java/lang/NoSuchMethodError'{0x00000000c4692870}: 'int java.lang.invoke.DirectMethodHandle$Holder.invokeStatic(java.lang.Object, java.lang.Object, int)'> (0x00000000c4692870) 
thrown [s\src\hotspot\share\interpreter\linkResolver.cpp, line 771]
Event: 5.917 Thread 0x000001542893eb70 Exception <a 'java/lang/IncompatibleClassChangeError'{0x00000000c52bf830}: Found class java.lang.Object, but interface was expected> (0x00000000c52bf830) 
thrown [s\src\hotspot\share\interpreter\linkResolver.cpp, line 838]
Event: 5.918 Thread 0x000001542893eb70 Exception <a 'java/lang/NoSuchMethodError'{0x00000000c52c5608}: 'void java.lang.invoke.DirectMethodHandle$Holder.invokeInterface(java.lang.Object, java.lang.Object, java.lang.Object)'> (0x00000000c52c5608) 
thrown [s\src\hotspot\share\interpreter\linkResolver.cpp, line 771]
Event: 6.323 Thread 0x000001542893eb70 Exception <a 'java/lang/NoSuchMethodError'{0x00000000c4915380}: 'int java.lang.invoke.DirectMethodHandle$Holder.invokeInterface(java.lang.Object, java.lang.Object)'> (0x00000000c4915380) 
thrown [s\src\hotspot\share\interpreter\linkResolver.cpp, line 771]
Event: 6.396 Thread 0x000001542893eb70 Exception <a 'sun/nio/fs/WindowsException'{0x00000000c4715ba8}> (0x00000000c4715ba8) 
thrown [s\src\hotspot\share\prims\jni.cpp, line 531]
Event: 6.577 Thread 0x000001542893eb70 Exception <a 'sun/nio/fs/WindowsException'{0x00000000c65a92f8}> (0x00000000c65a92f8) 
thrown [s\src\hotspot\share\prims\jni.cpp, line 531]
Event: 6.578 Thread 0x000001542893eb70 Exception <a 'java/lang/NoSuchMethodError'{0x00000000c65af980}: 'int java.lang.invoke.DirectMethodHandle$Holder.invokeVirtual(java.lang.Object, java.lang.Object, java.lang.Object)'> (0x00000000c65af980) 
thrown [s\src\hotspot\share\interpreter\linkResolver.cpp, line 771]

VM Operations (20 events):
Event: 3.070 Executing VM operation: ICBufferFull done
Event: 3.381 Executing VM operation: HandshakeAllThreads
Event: 3.381 Executing VM operation: HandshakeAllThreads done
Event: 3.456 Executing VM operation: G1CollectForAllocation
Event: 3.466 Executing VM operation: G1CollectForAllocation done
Event: 3.877 Executing VM operation: ICBufferFull
Event: 3.878 Executing VM operation: ICBufferFull done
Event: 4.512 Executing VM operation: G1CollectForAllocation
Event: 4.519 Executing VM operation: G1CollectForAllocation done
Event: 5.531 Executing VM operation: Cleanup
Event: 5.531 Executing VM operation: Cleanup done
Event: 5.772 Executing VM operation: HandshakeAllThreads
Event: 5.772 Executing VM operation: HandshakeAllThreads done
Event: 6.225 Executing VM operation: HandshakeAllThreads
Event: 6.225 Executing VM operation: HandshakeAllThreads done
Event: 6.321 Executing VM operation: HandshakeAllThreads
Event: 6.321 Executing VM operation: HandshakeAllThreads done
Event: 6.539 Executing VM operation: G1CollectForAllocation
Event: 6.553 Executing VM operation: G1CollectForAllocation done
Event: 6.614 Executing VM operation: CollectForMetadataAllocation

Memory protections (0 events):
No events

Nmethod flushes (0 events):
No events

Events (20 events):
Event: 0.093 Thread 0x000001542893eb70 Thread added: 0x00000154402b3200
Event: 0.094 Thread 0x000001542893eb70 Thread added: 0x00000154402b3bc0
Event: 0.094 Thread 0x000001542893eb70 Thread added: 0x00000154402b5330
Event: 0.094 Thread 0x000001542893eb70 Thread added: 0x00000154402b70e0
Event: 0.094 Thread 0x000001542893eb70 Thread added: 0x00000154402c0400
Event: 0.094 Thread 0x000001542893eb70 Thread added: 0x00000154402c31c0
Event: 0.127 Thread 0x000001542893eb70 Thread added: 0x000001544028d390
Event: 0.161 Loaded shared library C:\Users\39\.jdks\jbr-17.0.14\bin\instrument.dll
Event: 0.171 Loaded shared library C:\Users\39\.jdks\jbr-17.0.14\bin\net.dll
Event: 0.176 Loaded shared library C:\Users\39\.jdks\jbr-17.0.14\bin\nio.dll
Event: 0.179 Loaded shared library C:\Users\39\.jdks\jbr-17.0.14\bin\zip.dll
Event: 0.191 Loaded shared library C:\Program Files\JetBrains\IntelliJ IDEA 2024.2.2\bin\breakgen64.dll
Event: 0.192 Thread 0x000001542893eb70 Thread added: 0x0000015440716730
Event: 0.192 Thread 0x000001542893eb70 Thread added: 0x0000015440716c10
Event: 0.213 Loaded shared library C:\Users\39\.jdks\jbr-17.0.14\bin\extnet.dll
Event: 0.390 Thread 0x000001542893eb70 Thread added: 0x00000154408daa50
Event: 0.392 Loaded shared library C:\Users\39\.jdks\jbr-17.0.14\bin\jimage.dll
Event: 0.424 Loaded shared library C:\Users\39\AppData\Local\Temp\jansi-2.4.1-5843cc909ffa09b-jansi.dll
Event: 0.551 Thread 0x00000154408daa50 Thread exited: 0x00000154408daa50
Event: 2.387 Thread 0x000001542893eb70 Thread added: 0x0000015486819040


Dynamic libraries:
0x00007ff7e7de0000 - 0x00007ff7e7dea000 	C:\Users\39\.jdks\jbr-17.0.14\bin\java.exe
0x00007ffbec690000 - 0x00007ffbec888000 	C:\Windows\SYSTEM32\ntdll.dll
0x00007ffbec4d0000 - 0x00007ffbec592000 	C:\Windows\System32\KERNEL32.DLL
0x00007ffbe9dd0000 - 0x00007ffbea0cf000 	C:\Windows\System32\KERNELBASE.dll
0x00007ffbea330000 - 0x00007ffbea430000 	C:\Windows\System32\ucrtbase.dll
0x00007ffbcb660000 - 0x00007ffbcb67b000 	C:\Users\39\.jdks\jbr-17.0.14\bin\VCRUNTIME140.dll
0x00007ffbcc8c0000 - 0x00007ffbcc8d7000 	C:\Users\39\.jdks\jbr-17.0.14\bin\jli.dll
0x00007ffbebf40000 - 0x00007ffbec0dd000 	C:\Windows\System32\USER32.dll
0x00007ffbea680000 - 0x00007ffbea6a2000 	C:\Windows\System32\win32u.dll
0x00007ffbea720000 - 0x00007ffbea74b000 	C:\Windows\System32\GDI32.dll
0x00007ffbd6c00000 - 0x00007ffbd6e9a000 	C:\Windows\WinSxS\amd64_microsoft.windows.common-controls_6595b64144ccf1df_6.0.19041.4355_none_60b8b9eb71f62e16\COMCTL32.dll
0x00007ffbea430000 - 0x00007ffbea54a000 	C:\Windows\System32\gdi32full.dll
0x00007ffbebaf0000 - 0x00007ffbebb8e000 	C:\Windows\System32\msvcrt.dll
0x00007ffbe9d30000 - 0x00007ffbe9dcd000 	C:\Windows\System32\msvcp_win.dll
0x00007ffbeaab0000 - 0x00007ffbeaadf000 	C:\Windows\System32\IMM32.DLL
0x00007ffbd08d0000 - 0x00007ffbd08dc000 	C:\Users\39\.jdks\jbr-17.0.14\bin\vcruntime140_1.dll
0x00007ffbbcc10000 - 0x00007ffbbcc9d000 	C:\Users\39\.jdks\jbr-17.0.14\bin\msvcp140.dll
0x00007ffb5e690000 - 0x00007ffb5f31e000 	C:\Users\39\.jdks\jbr-17.0.14\bin\server\jvm.dll
0x00007ffbec5a0000 - 0x00007ffbec64f000 	C:\Windows\System32\ADVAPI32.dll
0x00007ffbebd50000 - 0x00007ffbebdef000 	C:\Windows\System32\sechost.dll
0x00007ffbebdf0000 - 0x00007ffbebf13000 	C:\Windows\System32\RPCRT4.dll
0x00007ffbea550000 - 0x00007ffbea577000 	C:\Windows\System32\bcrypt.dll
0x00007ffbebb90000 - 0x00007ffbebbfb000 	C:\Windows\System32\WS2_32.dll
0x00007ffbe9a70000 - 0x00007ffbe9abb000 	C:\Windows\SYSTEM32\POWRPROF.dll
0x00007ffbe4350000 - 0x00007ffbe435a000 	C:\Windows\SYSTEM32\VERSION.dll
0x00007ffbd9750000 - 0x00007ffbd9777000 	C:\Windows\SYSTEM32\WINMM.dll
0x00007ffbe9a50000 - 0x00007ffbe9a62000 	C:\Windows\SYSTEM32\UMPDC.dll
0x00007ffbe7bb0000 - 0x00007ffbe7bc2000 	C:\Windows\SYSTEM32\kernel.appcore.dll
0x00007ffbd04e0000 - 0x00007ffbd04ea000 	C:\Users\39\.jdks\jbr-17.0.14\bin\jimage.dll
0x00007ffbd8040000 - 0x00007ffbd8224000 	C:\Windows\SYSTEM32\DBGHELP.DLL
0x00007ffbd5720000 - 0x00007ffbd5754000 	C:\Windows\SYSTEM32\dbgcore.DLL
0x00007ffbea2a0000 - 0x00007ffbea322000 	C:\Windows\System32\bcryptPrimitives.dll
0x00007ffbcb800000 - 0x00007ffbcb80e000 	C:\Users\39\.jdks\jbr-17.0.14\bin\instrument.dll
0x00007ffbc09f0000 - 0x00007ffbc0a15000 	C:\Users\39\.jdks\jbr-17.0.14\bin\java.dll
0x00007ffbbc510000 - 0x00007ffbbc5e7000 	C:\Users\39\.jdks\jbr-17.0.14\bin\jsvml.dll
0x00007ffbeb370000 - 0x00007ffbebadd000 	C:\Windows\System32\SHELL32.dll
0x00007ffbe7db0000 - 0x00007ffbe8554000 	C:\Windows\SYSTEM32\windows.storage.dll
0x00007ffbea750000 - 0x00007ffbeaaa5000 	C:\Windows\System32\combase.dll
0x00007ffbe9690000 - 0x00007ffbe96bf000 	C:\Windows\SYSTEM32\Wldp.dll
0x00007ffbec250000 - 0x00007ffbec31d000 	C:\Windows\System32\OLEAUT32.dll
0x00007ffbeb2c0000 - 0x00007ffbeb36d000 	C:\Windows\System32\SHCORE.dll
0x00007ffbebc60000 - 0x00007ffbebcb5000 	C:\Windows\System32\shlwapi.dll
0x00007ffbe9c60000 - 0x00007ffbe9c84000 	C:\Windows\SYSTEM32\profapi.dll
0x00007ffbc9210000 - 0x00007ffbc9228000 	C:\Users\39\.jdks\jbr-17.0.14\bin\zip.dll
0x00007ffbc8d80000 - 0x00007ffbc8d99000 	C:\Users\39\.jdks\jbr-17.0.14\bin\net.dll
0x00007ffbe0f60000 - 0x00007ffbe106a000 	C:\Windows\SYSTEM32\WINHTTP.dll
0x00007ffbe93f0000 - 0x00007ffbe945c000 	C:\Windows\system32\mswsock.dll
0x00007ffbc00b0000 - 0x00007ffbc00c6000 	C:\Users\39\.jdks\jbr-17.0.14\bin\nio.dll
0x00007ffbc0090000 - 0x00007ffbc00aa000 	C:\Program Files\JetBrains\IntelliJ IDEA 2024.2.2\bin\breakgen64.dll
0x00007ffbcb7d0000 - 0x00007ffbcb7d9000 	C:\Users\39\.jdks\jbr-17.0.14\bin\extnet.dll
0x00007ffbcd4f0000 - 0x00007ffbcd514000 	C:\Users\39\AppData\Local\Temp\jansi-2.4.1-5843cc909ffa09b-jansi.dll
0x00007ffbcb650000 - 0x00007ffbcb660000 	C:\Users\39\.jdks\jbr-17.0.14\bin\verify.dll

dbghelp: loaded successfully - version: 4.0.5 - missing functions: none
symbol engine: initialized successfully - sym options: 0x614 - pdb path: .;C:\Users\39\.jdks\jbr-17.0.14\bin;C:\Windows\SYSTEM32;C:\Windows\WinSxS\amd64_microsoft.windows.common-controls_6595b64144ccf1df_6.0.19041.4355_none_60b8b9eb71f62e16;C:\Users\39\.jdks\jbr-17.0.14\bin\server;C:\Program Files\JetBrains\IntelliJ IDEA 2024.2.2\bin;C:\Users\39\AppData\Local\Temp

VM Arguments:
jvm_args: -Dmaven.multiModuleProjectDirectory=C:\Users\39\Documents\GitHub\DevAthletes\DevAthletes\gymify -Djansi.passthrough=true -Dmaven.home=C:\Program Files\JetBrains\IntelliJ IDEA 2024.2.2\plugins\maven\lib\maven3 -Dclassworlds.conf=C:\Program Files\JetBrains\IntelliJ IDEA 2024.2.2\plugins\maven\lib\maven3\bin\m2.conf -Dmaven.ext.class.path=C:\Program Files\JetBrains\IntelliJ IDEA 2024.2.2\plugins\maven\lib\maven-event-listener.jar -javaagent:C:\Program Files\JetBrains\IntelliJ IDEA 2024.2.2\lib\idea_rt.jar=52088:C:\Program Files\JetBrains\IntelliJ IDEA 2024.2.2\bin -Dfile.encoding=UTF-8 
java_command: org.codehaus.classworlds.Launcher -Didea.version=2024.2.2 org.openjfx:javafx-maven-plugin:0.0.8:run
java_class_path (initial): C:\Program Files\JetBrains\IntelliJ IDEA 2024.2.2\plugins\maven\lib\maven3\boot\plexus-classworlds-2.8.0.jar;C:\Program Files\JetBrains\IntelliJ IDEA 2024.2.2\plugins\maven\lib\maven3\boot\plexus-classworlds.license
Launcher Type: SUN_STANDARD

[Global flags]
     intx CICompilerCount                          = 4                                         {product} {ergonomic}
     uint ConcGCThreads                            = 2                                         {product} {ergonomic}
     uint G1ConcRefinementThreads                  = 8                                         {product} {ergonomic}
   size_t G1HeapRegionSize                         = 1048576                                   {product} {ergonomic}
    uintx GCDrainStackTargetSize                   = 64                                        {product} {ergonomic}
   size_t InitialHeapSize                          = 65011712                                  {product} {ergonomic}
   size_t MarkStackSize                            = 4194304                                   {product} {ergonomic}
   size_t MaxHeapSize                              = 1031798784                                {product} {ergonomic}
   size_t MaxNewSize                               = 618659840                                 {product} {ergonomic}
   size_t MinHeapDeltaBytes                        = 1048576                                   {product} {ergonomic}
   size_t MinHeapSize                              = 8388608                                   {product} {ergonomic}
    uintx NonNMethodCodeHeapSize                   = 5839372                                {pd product} {ergonomic}
    uintx NonProfiledCodeHeapSize                  = 122909434                              {pd product} {ergonomic}
    uintx ProfiledCodeHeapSize                     = 122909434                              {pd product} {ergonomic}
    uintx ReservedCodeCacheSize                    = 251658240                              {pd product} {ergonomic}
     bool SegmentedCodeCache                       = true                                      {product} {ergonomic}
   size_t SoftMaxHeapSize                          = 1031798784                             {manageable} {ergonomic}
     bool UseCompressedClassPointers               = true                           {product lp64_product} {ergonomic}
     bool UseCompressedOops                        = true                           {product lp64_product} {ergonomic}
     bool UseG1GC                                  = true                                      {product} {ergonomic}
     bool UseLargePagesIndividualAllocation        = false                                  {pd product} {ergonomic}

Logging:
Log output configuration:
 #0: stdout all=warning uptime,level,tags
 #1: stderr all=off uptime,level,tags

Environment Variables:
PATH=C:\oraclexe\app\oracle\product\11.2.0\server\bin;C:\Users\39\.jdks\jbr-17.0.12-1\bin;C:\Program Files (x86)\VMware\VMware Workstation\bin\;C:\Users\39\.jdks\jbr-17.0.12\bin;C:\Windows\system32;C:\Windows;C:\Windows\System32\Wbem;C:\Windows\System32\WindowsPowerShell\v1.0\;C:\Windows\System32\OpenSSH\;C:\xampp\php;C:\composer;C:\Program Files\Git\cmd;C:\Program Files (x86)\CodeBlocks\MinGW\bin;C:\Program Files (x86)\GnuWin32\bin;C:\Program Files\Apache\Maven\apache-maven-3.8.8\bin;C:\Users\39\scoop\shims;C:\Users\39\AppData\Local\Microsoft\WindowsApps;C:\Users\39\AppData\Roaming\Composer\vendor\bin;C:\Users\39\AppData\Local\Programs\Microsoft VS Code\bin;C:\Users\39\AppData\Local\GitHubDesktop\bin
USERNAME=39
OS=Windows_NT
PROCESSOR_IDENTIFIER=Intel64 Family 6 Model 142 Stepping 12, GenuineIntel
TMP=C:\Users\39\AppData\Local\Temp
TEMP=C:\Users\39\AppData\Local\Temp



Periodic native trim disabled

JNI global refs:
JNI global refs: 14, weak refs: 0

JNI global refs memory usage: 843, weak refs: 841

Process memory usage:
Resident Set Size: 161148K (4% of 4024112K total physical memory with 222220K free physical memory)

OOME stack traces (most recent first):
Classloader memory used:
Loader org.codehaus.plexus.classworlds.realm.ClassRealm                                : 1729K
Loader bootstrap                                                                       : 635K
Loader jdk.internal.loader.ClassLoaders$AppClassLoader                                 : 609K
Loader jdk.internal.loader.ClassLoaders$PlatformClassLoader                            : 29682B
Loader jdk.internal.reflect.DelegatingClassLoader                                      : 6758B
Loader org.eclipse.sisu.space.CloningClassSpace$CloningClassLoader                     : 4735B

Classes loaded by more than one classloader:
Class org.codehaus.plexus.util.DirectoryScanner                                       : loaded 2 times (x 113B)
Class org.codehaus.plexus.interpolation.BasicInterpolator                             : loaded 2 times (x 68B)
Class org.codehaus.plexus.util.Scanner                                                : loaded 2 times (x 68B)
Class [Lorg.codehaus.plexus.util.MatchPattern;                                        : loaded 2 times (x 67B)
Class org.codehaus.plexus.interpolation.ValueSource                                   : loaded 2 times (x 68B)
Class org.codehaus.plexus.util.AbstractScanner                                        : loaded 2 times (x 98B)
Class org.codehaus.plexus.util.MatchPattern                                           : loaded 2 times (x 76B)
Class org.codehaus.plexus.interpolation.RecursionInterceptor                          : loaded 2 times (x 68B)
Class org.apache.maven.shared.utils.logging.MessageBuilder                            : loaded 2 times (x 68B)
Class org.apache.maven.shared.utils.logging.AnsiMessageBuilder                        : loaded 2 times (x 124B)
Class [Lorg.apache.maven.shared.utils.logging.Style;                                  : loaded 2 times (x 67B)
Class org.codehaus.plexus.interpolation.PropertiesBasedValueSource                    : loaded 2 times (x 80B)
Class org.codehaus.plexus.interpolation.AbstractValueSource                           : loaded 2 times (x 80B)
Class org.codehaus.plexus.util.MatchPatterns                                          : loaded 2 times (x 74B)
Class org.apache.maven.shared.utils.logging.MessageUtils$1                            : loaded 2 times (x 85B)
Class org.apache.maven.shared.utils.logging.Style                                     : loaded 2 times (x 78B)
Class org.apache.maven.shared.utils.logging.LoggerLevelRenderer                       : loaded 2 times (x 68B)
Class org.codehaus.plexus.util.SelectorUtils                                          : loaded 2 times (x 69B)
Class org.codehaus.plexus.util.StringUtils                                            : loaded 2 times (x 69B)
Class org.apache.maven.shared.utils.logging.MessageUtils                              : loaded 2 times (x 69B)
Class org.codehaus.plexus.interpolation.Interpolator                                  : loaded 2 times (x 68B)


---------------  S Y S T E M  ---------------

OS:
 Windows 10 , 64 bit Build 19041 (10.0.19041.5438)
OS uptime: 0 days 7:13 hours

CPU: total 8 (initial active 8) (4 cores per cpu, 2 threads per core) family 6 model 142 stepping 12 microcode 0xde, cx8, cmov, fxsr, ht, mmx, 3dnowpref, sse, sse2, sse3, ssse3, sse4.1, sse4.2, popcnt, lzcnt, tsc, tscinvbit, avx, avx2, aes, erms, clmul, bmi1, bmi2, adx, fma, vzeroupper, clflush, clflushopt
Processor Information for processor 0
  Max Mhz: 2112, Current Mhz: 1408, Mhz Limit: 1605
Processor Information for processor 1
  Max Mhz: 2112, Current Mhz: 1408, Mhz Limit: 1605
Processor Information for processor 2
  Max Mhz: 2112, Current Mhz: 1408, Mhz Limit: 1605
Processor Information for processor 3
  Max Mhz: 2112, Current Mhz: 1609, Mhz Limit: 1605
Processor Information for processor 4
  Max Mhz: 2112, Current Mhz: 1609, Mhz Limit: 1605
Processor Information for processor 5
  Max Mhz: 2112, Current Mhz: 1408, Mhz Limit: 1605
Processor Information for processor 6
  Max Mhz: 2112, Current Mhz: 1609, Mhz Limit: 1605
Processor Information for processor 7
  Max Mhz: 2112, Current Mhz: 1408, Mhz Limit: 1605

Memory: 4k page, system-wide physical 3929M (217M free)
TotalPageFile size 16217M (AvailPageFile size 1M)
current process WorkingSet (physical memory assigned to process): 157M, peak: 157M
current process commit charge ("private bytes"): 202M, peak: 203M

vm_info: OpenJDK 64-Bit Server VM (17.0.14+1-b1367.22) for windows-amd64 JRE (17.0.14+1-b1367.22), built on 2025-01-30 by "builduser" with MS VC++ 16.10 / 16.11 (VS2019)

END.
