#
# There is insufficient memory for the Java Runtime Environment to continue.
# Native memory allocation (mmap) failed to map 5242880 bytes. Error detail: G1 virtual space
# Possible reasons:
#   The system is out of physical RAM or swap space
#   This process is running with CompressedOops enabled, and the Java Heap may be blocking the growth of the native heap
# Possible solutions:
#   Reduce memory load on the system
#   Increase physical memory or swap space
#   Check if swap backing store is full
#   Decrease Java heap size (-Xmx/-Xms)
#   Decrease number of Java threads
#   Decrease Java thread stack sizes (-Xss)
#   Set larger code cache with -XX:ReservedCodeCacheSize=
#   JVM is running with Unscaled Compressed Oops mode in which the Java heap is
#     placed in the first 4GB address space. The Java Heap base address is the
#     maximum limit for the native heap growth. Please use -XX:HeapBaseMinAddress
#     to set the Java Heap base and to place the Java Heap above 4GB virtual address.
# This output file may be truncated or incomplete.
#
#  Out of Memory Error (os_windows.cpp:3825), pid=6328, tid=16924
#
# JRE version: OpenJDK Runtime Environment JBR-17.0.12+1-1207.37-nomod (17.0.12+1) (build 17.0.12+1-b1207.37)
# Java VM: OpenJDK 64-Bit Server VM JBR-17.0.12+1-1207.37-nomod (17.0.12+1-b1207.37, mixed mode, sharing, tiered, compressed oops, compressed class ptrs, g1 gc, windows-amd64)
# No core dump will be written. Minidumps are not enabled by default on client versions of Windows
#

---------------  S U M M A R Y ------------

Command Line: --module-path=C:\Users\39\.m2\repository\org\openjfx\javafx-base\21.0.2\javafx-base-21.0.2-win.jar;C:\Users\39\.m2\repository\org\openjfx\javafx-base\21.0.2\javafx-base-21.0.2.jar;C:\Users\39\.m2\repository\org\openjfx\javafx-controls\21.0.2\javafx-controls-21.0.2-win.jar;C:\Users\39\.m2\repository\org\openjfx\javafx-controls\21.0.2\javafx-controls-21.0.2.jar;C:\Users\39\.m2\repository\org\openjfx\javafx-fxml\21.0.2\javafx-fxml-21.0.2-win.jar;C:\Users\39\.m2\repository\org\openjfx\javafx-fxml\21.0.2\javafx-fxml-21.0.2.jar;C:\Users\39\.m2\repository\org\openjfx\javafx-graphics\21.0.2\javafx-graphics-21.0.2-win.jar;C:\Users\39\.m2\repository\org\openjfx\javafx-graphics\21.0.2\javafx-graphics-21.0.2.jar;C:\Users\39\.m2\repository\org\openjfx\javafx-media\21.0.2\javafx-media-21.0.2-win.jar;C:\Users\39\.m2\repository\org\openjfx\javafx-media\21.0.2\javafx-media-21.0.2.jar;C:\Users\39\.m2\repository\org\openjfx\javafx-swing\21.0.2\javafx-swing-21.0.2-win.jar;C:\Users\39\.m2\repository\org\openjfx\javafx-swing\21.0.2\javafx-swing-21.0.2.jar;C:\Users\39\.m2\repository\org\openjfx\javafx-web\21.0.2\javafx-web-21.0.2-win.jar;C:\Users\39\.m2\repository\org\openjfx\javafx-web\21.0.2\javafx-web-21.0.2.jar --add-modules=javafx.base,javafx.controls,javafx.fxml,javafx.graphics,javafx.media,javafx.swing,javafx.web org.gymify.tests.MainApp

Host: Intel(R) Core(TM) i5-10210U CPU @ 1.60GHz, 8 cores, 3G,  Windows 10 , 64 bit Build 19041 (10.0.19041.5438)
Time: Fri Mar  7 05:40:57 2025 Paris, Madrid elapsed time: 1693.041893 seconds (0d 0h 28m 13s)

---------------  T H R E A D  ---------------

Current thread (0x000001e3e244df80):  VMThread "VM Thread" [stack: 0x000000bdb5800000,0x000000bdb5900000] [id=16924]

Stack: [0x000000bdb5800000,0x000000bdb5900000]
Native frames: (J=compiled Java code, j=interpreted, Vv=VM code, C=native code)
V  [jvm.dll+0x689d89]

VM_Operation (0x000000bdb54ff2c0): G1PauseRemark, mode: safepoint, requested by thread 0x000001e3cab48920


---------------  P R O C E S S  ---------------

Threads class SMR info:
_java_thread_list=0x000001e3ecfcaa40, length=22, elements={
0x000001e3caaf5470, 0x000001e3e2450b80, 0x000001e3e2451a00, 0x000001e3e2468260,
0x000001e3e2468e20, 0x000001e3e246b7f0, 0x000001e3e246c1b0, 0x000001e3e246cf50,
0x000001e3e247df40, 0x000001e3e247e940, 0x000001e3cabad8e0, 0x000001e3e2951f40,
0x000001e3e72c4f40, 0x000001e3e7365c60, 0x000001e3e73849a0, 0x000001e3e7670420,
0x000001e3e7624c70, 0x000001e3ec77c710, 0x000001e3ec77ea80, 0x000001e3ec77d640,
0x000001e3ec77cc20, 0x000001e3ec77e060
}

Java Threads: ( => current thread )
  0x000001e3caaf5470 JavaThread "main" [_thread_blocked, id=2520, stack(0x000000bdb5200000,0x000000bdb5300000)]
  0x000001e3e2450b80 JavaThread "Reference Handler" daemon [_thread_blocked, id=3368, stack(0x000000bdb5900000,0x000000bdb5a00000)]
  0x000001e3e2451a00 JavaThread "Finalizer" daemon [_thread_blocked, id=15736, stack(0x000000bdb5a00000,0x000000bdb5b00000)]
  0x000001e3e2468260 JavaThread "Signal Dispatcher" daemon [_thread_blocked, id=14364, stack(0x000000bdb5b00000,0x000000bdb5c00000)]
  0x000001e3e2468e20 JavaThread "Attach Listener" daemon [_thread_blocked, id=1260, stack(0x000000bdb5c00000,0x000000bdb5d00000)]
  0x000001e3e246b7f0 JavaThread "Service Thread" daemon [_thread_blocked, id=6028, stack(0x000000bdb5d00000,0x000000bdb5e00000)]
  0x000001e3e246c1b0 JavaThread "Monitor Deflation Thread" daemon [_thread_blocked, id=7208, stack(0x000000bdb5e00000,0x000000bdb5f00000)]
  0x000001e3e246cf50 JavaThread "C2 CompilerThread0" daemon [_thread_blocked, id=564, stack(0x000000bdb5f00000,0x000000bdb6000000)]
  0x000001e3e247df40 JavaThread "C1 CompilerThread0" daemon [_thread_blocked, id=4164, stack(0x000000bdb6000000,0x000000bdb6100000)]
  0x000001e3e247e940 JavaThread "Sweeper thread" daemon [_thread_blocked, id=9996, stack(0x000000bdb6100000,0x000000bdb6200000)]
  0x000001e3cabad8e0 JavaThread "Common-Cleaner" daemon [_thread_blocked, id=14708, stack(0x000000bdb6200000,0x000000bdb6300000)]
  0x000001e3e2951f40 JavaThread "Notification Thread" daemon [_thread_blocked, id=16936, stack(0x000000bdb6300000,0x000000bdb6400000)]
  0x000001e3e72c4f40 JavaThread "QuantumRenderer-0" daemon [_thread_blocked, id=1656, stack(0x000000bdb6500000,0x000000bdb6600000)]
  0x000001e3e7365c60 JavaThread "InvokeLaterDispatcher" daemon [_thread_blocked, id=16064, stack(0x000000bdb6600000,0x000000bdb6700000)]
  0x000001e3e73849a0 JavaThread "JavaFX Application Thread" [_thread_in_native, id=1372, stack(0x000000bdb6700000,0x000000bdb6800000)]
  0x000001e3e7670420 JavaThread "JavaFX-Launcher" [_thread_blocked, id=14832, stack(0x000000bdb6c00000,0x000000bdb6d00000)]
  0x000001e3e7624c70 JavaThread "Thread-2" daemon [_thread_blocked, id=15832, stack(0x000000bdb6b00000,0x000000bdb6c00000)]
  0x000001e3ec77c710 JavaThread "mysql-cj-abandoned-connection-cleanup" daemon [_thread_blocked, id=16628, stack(0x000000bdb7200000,0x000000bdb7300000)]
  0x000001e3ec77ea80 JavaThread "Prism Font Disposer" daemon [_thread_blocked, id=14788, stack(0x000000bdb7700000,0x000000bdb7800000)]
  0x000001e3ec77d640 JavaThread "Java2D Disposer" daemon [_thread_blocked, id=10428, stack(0x000000bdb7800000,0x000000bdb7900000)]
  0x000001e3ec77cc20 JavaThread "AWT-Windows" daemon [_thread_in_native, id=10340, stack(0x000000bdb7a00000,0x000000bdb7b00000)]
  0x000001e3ec77e060 JavaThread "Cleaner-0" daemon [_thread_blocked, id=10256, stack(0x000000bdb7f00000,0x000000bdb8000000)]

Other Threads:
=>0x000001e3e244df80 VMThread "VM Thread" [stack: 0x000000bdb5800000,0x000000bdb5900000] [id=16924]
  0x000001e3caaf6340 WatcherThread [stack: 0x000000bdb6400000,0x000000bdb6500000] [id=5860]
  0x000001e3cab30d80 GCTaskThread "GC Thread#0" [stack: 0x000000bdb5300000,0x000000bdb5400000] [id=17252]
  0x000001e3e76220d0 GCTaskThread "GC Thread#1" [stack: 0x000000bdb6d00000,0x000000bdb6e00000] [id=13228]
  0x000001e3e757ba50 GCTaskThread "GC Thread#2" [stack: 0x000000bdb6e00000,0x000000bdb6f00000] [id=4052]
  0x000001e3e7565b80 GCTaskThread "GC Thread#3" [stack: 0x000000bdb6f00000,0x000000bdb7000000] [id=13024]
  0x000001e3e765a160 GCTaskThread "GC Thread#4" [stack: 0x000000bdb7000000,0x000000bdb7100000] [id=11980]
  0x000001e3e7625150 GCTaskThread "GC Thread#5" [stack: 0x000000bdb7100000,0x000000bdb7200000] [id=16160]
  0x000001e3ecb99370 GCTaskThread "GC Thread#6" [stack: 0x000000bdb7300000,0x000000bdb7400000] [id=13480]
  0x000001e3ecbce610 GCTaskThread "GC Thread#7" [stack: 0x000000bdb7400000,0x000000bdb7500000] [id=4460]
  0x000001e3cab48920 ConcurrentGCThread "G1 Main Marker" [stack: 0x000000bdb5400000,0x000000bdb5500000] [id=13740]
  0x000001e3cab4baf0 ConcurrentGCThread "G1 Conc#0" [stack: 0x000000bdb5500000,0x000000bdb5600000] [id=14508]
  0x000001e3ecfc60c0 ConcurrentGCThread "G1 Conc#1" [stack: 0x000000bdb7e00000,0x000000bdb7f00000] [id=17144]
  0x000001e3cab9cd80 ConcurrentGCThread "G1 Refine#0" [stack: 0x000000bdb5600000,0x000000bdb5700000] [id=8420]
  0x000001e3ecb98f90 ConcurrentGCThread "G1 Refine#1" [stack: 0x000000bdb7500000,0x000000bdb7600000] [id=15800]
  0x000001e3ed6518f0 ConcurrentGCThread "G1 Refine#2" [stack: 0x000000bdb7600000,0x000000bdb7700000] [id=13076]
  0x000001e3cab9d7b0 ConcurrentGCThread "G1 Service" [stack: 0x000000bdb5700000,0x000000bdb5800000] [id=14552]

Threads with active compile tasks:

VM state: at safepoint (normal execution)

VM Mutex/Monitor currently owned by a thread:  ([mutex/lock_event])
[0x000001e3caaef7b0] Threads_lock - owner thread: 0x000001e3e244df80
[0x000001e3caaeff90] Heap_lock - owner thread: 0x000001e3cab48920

Heap address: 0x00000000c2800000, size: 984 MB, Compressed Oops mode: 32-bit

CDS archive(s) mapped at: [0x000001e380000000-0x000001e380c00000-0x000001e380c00000), size 12582912, SharedBaseAddress: 0x000001e380000000, ArchiveRelocationMode: 1.
Compressed class space mapped at: 0x000001e381000000-0x000001e3c1000000, reserved size: 1073741824
Narrow klass base: 0x000001e380000000, Narrow klass shift: 0, Narrow klass range: 0x100000000

GC Precious Log:
 CPUs: 8 total, 8 available
 Memory: 3929M
 Large Page Support: Disabled
 NUMA Support: Disabled
 Compressed Oops: Enabled (32-bit)
 Heap Region Size: 1M
 Heap Min Capacity: 8M
 Heap Initial Capacity: 62M
 Heap Max Capacity: 984M
 Pre-touch: Disabled
 Parallel Workers: 8
 Concurrent Workers: 2
 Concurrent Refinement Workers: 8
 Periodic GC: Disabled

Heap:
 garbage-first heap   total 201728K, used 121908K [0x00000000c2800000, 0x0000000100000000)
  region size 1024K, 4 young (4096K), 3 survivors (3072K)
 Metaspace       used 28716K, committed 29120K, reserved 1114112K
  class space    used 3918K, committed 4096K, reserved 1048576K

Heap Regions: E=young(eden), S=young(survivor), O=old, HS=humongous(starts), HC=humongous(continues), CS=collection set, F=free, OA=open archive, CA=closed archive, TAMS=top-at-mark-start (previous, next)
|   0|0x00000000c2800000, 0x00000000c2900000, 0x00000000c2900000|100%| O|  |TAMS 0x00000000c2900000, 0x00000000c2800000| Updating 
|   1|0x00000000c2900000, 0x00000000c2a00000, 0x00000000c2a00000|100%| O|  |TAMS 0x00000000c2a00000, 0x00000000c2900000| Untracked 
|   2|0x00000000c2a00000, 0x00000000c2b00000, 0x00000000c2b00000|100%| O|  |TAMS 0x00000000c2b00000, 0x00000000c2a00000| Untracked 
|   3|0x00000000c2b00000, 0x00000000c2c00000, 0x00000000c2c00000|100%| O|  |TAMS 0x00000000c2c00000, 0x00000000c2b00000| Untracked 
|   4|0x00000000c2c00000, 0x00000000c2d00000, 0x00000000c2d00000|100%| O|  |TAMS 0x00000000c2d00000, 0x00000000c2c00000| Untracked 
|   5|0x00000000c2d00000, 0x00000000c2e00000, 0x00000000c2e00000|100%| O|  |TAMS 0x00000000c2e00000, 0x00000000c2d00000| Untracked 
|   6|0x00000000c2e00000, 0x00000000c2e00000, 0x00000000c2f00000|  0%| F|  |TAMS 0x00000000c2e00000, 0x00000000c2e00000| Untracked 
|   7|0x00000000c2f00000, 0x00000000c3000000, 0x00000000c3000000|100%| O|  |TAMS 0x00000000c3000000, 0x00000000c2f00000| Untracked 
|   8|0x00000000c3000000, 0x00000000c3100000, 0x00000000c3100000|100%| O|  |TAMS 0x00000000c3100000, 0x00000000c3000000| Untracked 
|   9|0x00000000c3100000, 0x00000000c3200000, 0x00000000c3200000|100%| O|  |TAMS 0x00000000c3200000, 0x00000000c3100000| Untracked 
|  10|0x00000000c3200000, 0x00000000c329b400, 0x00000000c3300000| 60%| O|  |TAMS 0x00000000c329b400, 0x00000000c3200000| Updating 
|  11|0x00000000c3300000, 0x00000000c3400000, 0x00000000c3400000|100%|HS|  |TAMS 0x00000000c3400000, 0x00000000c3300000| Complete 
|  12|0x00000000c3400000, 0x00000000c3500000, 0x00000000c3500000|100%|HC|  |TAMS 0x00000000c3500000, 0x00000000c3400000| Complete 
|  13|0x00000000c3500000, 0x00000000c3600000, 0x00000000c3600000|100%|HS|  |TAMS 0x00000000c3600000, 0x00000000c3500000| Complete 
|  14|0x00000000c3600000, 0x00000000c3700000, 0x00000000c3700000|100%|HC|  |TAMS 0x00000000c3700000, 0x00000000c3600000| Complete 
|  15|0x00000000c3700000, 0x00000000c3800000, 0x00000000c3800000|100%|HS|  |TAMS 0x00000000c3800000, 0x00000000c3700000| Complete 
|  16|0x00000000c3800000, 0x00000000c3900000, 0x00000000c3900000|100%|HC|  |TAMS 0x00000000c3900000, 0x00000000c3800000| Complete 
|  17|0x00000000c3900000, 0x00000000c3a00000, 0x00000000c3a00000|100%|HS|  |TAMS 0x00000000c3a00000, 0x00000000c3900000| Complete 
|  18|0x00000000c3a00000, 0x00000000c3b00000, 0x00000000c3b00000|100%|HC|  |TAMS 0x00000000c3b00000, 0x00000000c3a00000| Complete 
|  19|0x00000000c3b00000, 0x00000000c3c00000, 0x00000000c3c00000|100%| O|  |TAMS 0x00000000c3c00000, 0x00000000c3b00000| Updating 
|  20|0x00000000c3c00000, 0x00000000c3d00000, 0x00000000c3d00000|100%|HS|  |TAMS 0x00000000c3d00000, 0x00000000c3c00000| Complete 
|  21|0x00000000c3d00000, 0x00000000c3e00000, 0x00000000c3e00000|100%|HC|  |TAMS 0x00000000c3e00000, 0x00000000c3d00000| Complete 
|  22|0x00000000c3e00000, 0x00000000c3f00000, 0x00000000c3f00000|100%|HS|  |TAMS 0x00000000c3f00000, 0x00000000c3e00000| Complete 
|  23|0x00000000c3f00000, 0x00000000c4000000, 0x00000000c4000000|100%|HC|  |TAMS 0x00000000c4000000, 0x00000000c3f00000| Complete 
|  24|0x00000000c4000000, 0x00000000c4100000, 0x00000000c4100000|100%|HS|  |TAMS 0x00000000c4100000, 0x00000000c4000000| Complete 
|  25|0x00000000c4100000, 0x00000000c4200000, 0x00000000c4200000|100%|HC|  |TAMS 0x00000000c4200000, 0x00000000c4100000| Complete 
|  26|0x00000000c4200000, 0x00000000c4300000, 0x00000000c4300000|100%| O|  |TAMS 0x00000000c4300000, 0x00000000c4200000| Updating 
|  27|0x00000000c4300000, 0x00000000c4400000, 0x00000000c4400000|100%| O|  |TAMS 0x00000000c4400000, 0x00000000c4300000| Updating 
|  28|0x00000000c4400000, 0x00000000c4500000, 0x00000000c4500000|100%| O|  |TAMS 0x00000000c4500000, 0x00000000c4400000| Updating 
|  29|0x00000000c4500000, 0x00000000c4600000, 0x00000000c4600000|100%| O|  |TAMS 0x00000000c4600000, 0x00000000c4500000| Untracked 
|  30|0x00000000c4600000, 0x00000000c4700000, 0x00000000c4700000|100%|HS|  |TAMS 0x00000000c4700000, 0x00000000c4600000| Complete 
|  31|0x00000000c4700000, 0x00000000c4800000, 0x00000000c4800000|100%|HC|  |TAMS 0x00000000c4800000, 0x00000000c4700000| Complete 
|  32|0x00000000c4800000, 0x00000000c4900000, 0x00000000c4900000|100%|HS|  |TAMS 0x00000000c4900000, 0x00000000c4800000| Complete 
|  33|0x00000000c4900000, 0x00000000c4a00000, 0x00000000c4a00000|100%|HC|  |TAMS 0x00000000c4a00000, 0x00000000c4900000| Complete 
|  34|0x00000000c4a00000, 0x00000000c4b00000, 0x00000000c4b00000|100%| O|  |TAMS 0x00000000c4b00000, 0x00000000c4a00000| Untracked 
|  35|0x00000000c4b00000, 0x00000000c4c00000, 0x00000000c4c00000|100%| O|  |TAMS 0x00000000c4c00000, 0x00000000c4b00000| Updating 
|  36|0x00000000c4c00000, 0x00000000c4d00000, 0x00000000c4d00000|100%|HS|  |TAMS 0x00000000c4d00000, 0x00000000c4c00000| Complete 
|  37|0x00000000c4d00000, 0x00000000c4e00000, 0x00000000c4e00000|100%|HC|  |TAMS 0x00000000c4e00000, 0x00000000c4d00000| Complete 
|  38|0x00000000c4e00000, 0x00000000c4f00000, 0x00000000c4f00000|100%|HS|  |TAMS 0x00000000c4f00000, 0x00000000c4e00000| Complete 
|  39|0x00000000c4f00000, 0x00000000c5000000, 0x00000000c5000000|100%|HC|  |TAMS 0x00000000c5000000, 0x00000000c4f00000| Complete 
|  40|0x00000000c5000000, 0x00000000c5100000, 0x00000000c5100000|100%|HS|  |TAMS 0x00000000c5100000, 0x00000000c5000000| Complete 
|  41|0x00000000c5100000, 0x00000000c5200000, 0x00000000c5200000|100%|HC|  |TAMS 0x00000000c5200000, 0x00000000c5100000| Complete 
|  42|0x00000000c5200000, 0x00000000c5300000, 0x00000000c5300000|100%|HS|  |TAMS 0x00000000c5300000, 0x00000000c5200000| Complete 
|  43|0x00000000c5300000, 0x00000000c5400000, 0x00000000c5400000|100%|HC|  |TAMS 0x00000000c5400000, 0x00000000c5300000| Complete 
|  44|0x00000000c5400000, 0x00000000c5500000, 0x00000000c5500000|100%| O|  |TAMS 0x00000000c5500000, 0x00000000c5400000| Untracked 
|  45|0x00000000c5500000, 0x00000000c5500000, 0x00000000c5600000|  0%| F|  |TAMS 0x00000000c5500000, 0x00000000c5500000| Untracked 
|  46|0x00000000c5600000, 0x00000000c56c3c00, 0x00000000c5700000| 76%| O|  |TAMS 0x00000000c56c3c00, 0x00000000c5600000| Updating 
|  47|0x00000000c5700000, 0x00000000c5800000, 0x00000000c5800000|100%|HS|  |TAMS 0x00000000c5800000, 0x00000000c5700000| Complete 
|  48|0x00000000c5800000, 0x00000000c5900000, 0x00000000c5900000|100%|HC|  |TAMS 0x00000000c5900000, 0x00000000c5800000| Complete 
|  49|0x00000000c5900000, 0x00000000c5a00000, 0x00000000c5a00000|100%|HS|  |TAMS 0x00000000c5a00000, 0x00000000c5900000| Complete 
|  50|0x00000000c5a00000, 0x00000000c5b00000, 0x00000000c5b00000|100%|HC|  |TAMS 0x00000000c5b00000, 0x00000000c5a00000| Complete 
|  51|0x00000000c5b00000, 0x00000000c5c00000, 0x00000000c5c00000|100%|HS|  |TAMS 0x00000000c5c00000, 0x00000000c5b00000| Complete 
|  52|0x00000000c5c00000, 0x00000000c5d00000, 0x00000000c5d00000|100%|HC|  |TAMS 0x00000000c5d00000, 0x00000000c5c00000| Complete 
|  53|0x00000000c5d00000, 0x00000000c5e00000, 0x00000000c5e00000|100%|HS|  |TAMS 0x00000000c5e00000, 0x00000000c5d00000| Complete 
|  54|0x00000000c5e00000, 0x00000000c5f00000, 0x00000000c5f00000|100%|HC|  |TAMS 0x00000000c5f00000, 0x00000000c5e00000| Complete 
|  55|0x00000000c5f00000, 0x00000000c6000000, 0x00000000c6000000|100%|HS|  |TAMS 0x00000000c6000000, 0x00000000c5f00000| Complete 
|  56|0x00000000c6000000, 0x00000000c6100000, 0x00000000c6100000|100%|HC|  |TAMS 0x00000000c6100000, 0x00000000c6000000| Complete 
|  57|0x00000000c6100000, 0x00000000c6200000, 0x00000000c6200000|100%|HS|  |TAMS 0x00000000c6200000, 0x00000000c6100000| Complete 
|  58|0x00000000c6200000, 0x00000000c6300000, 0x00000000c6300000|100%|HC|  |TAMS 0x00000000c6300000, 0x00000000c6200000| Complete 
|  59|0x00000000c6300000, 0x00000000c6400000, 0x00000000c6400000|100%|HS|  |TAMS 0x00000000c6400000, 0x00000000c6300000| Complete 
|  60|0x00000000c6400000, 0x00000000c6500000, 0x00000000c6500000|100%|HC|  |TAMS 0x00000000c6500000, 0x00000000c6400000| Complete 
|  61|0x00000000c6500000, 0x00000000c6600000, 0x00000000c6600000|100%|HS|  |TAMS 0x00000000c6500000, 0x00000000c6500000| Complete 
|  62|0x00000000c6600000, 0x00000000c6700000, 0x00000000c6700000|100%|HC|  |TAMS 0x00000000c6600000, 0x00000000c6600000| Complete 
|  63|0x00000000c6700000, 0x00000000c6700000, 0x00000000c6800000|  0%| F|  |TAMS 0x00000000c6700000, 0x00000000c6700000| Untracked 
|  64|0x00000000c6800000, 0x00000000c6800000, 0x00000000c6900000|  0%| F|  |TAMS 0x00000000c6800000, 0x00000000c6800000| Untracked 
|  65|0x00000000c6900000, 0x00000000c6900000, 0x00000000c6a00000|  0%| F|  |TAMS 0x00000000c6900000, 0x00000000c6900000| Untracked 
|  66|0x00000000c6a00000, 0x00000000c6a00000, 0x00000000c6b00000|  0%| F|  |TAMS 0x00000000c6a00000, 0x00000000c6a00000| Untracked 
|  67|0x00000000c6b00000, 0x00000000c6b00000, 0x00000000c6c00000|  0%| F|  |TAMS 0x00000000c6b00000, 0x00000000c6b00000| Untracked 
|  68|0x00000000c6c00000, 0x00000000c6c00000, 0x00000000c6d00000|  0%| F|  |TAMS 0x00000000c6c00000, 0x00000000c6c00000| Untracked 
|  69|0x00000000c6d00000, 0x00000000c6d00000, 0x00000000c6e00000|  0%| F|  |TAMS 0x00000000c6d00000, 0x00000000c6d00000| Untracked 
|  70|0x00000000c6e00000, 0x00000000c6e00000, 0x00000000c6f00000|  0%| F|  |TAMS 0x00000000c6e00000, 0x00000000c6e00000| Untracked 
|  71|0x00000000c6f00000, 0x00000000c6f00000, 0x00000000c7000000|  0%| F|  |TAMS 0x00000000c6f00000, 0x00000000c6f00000| Untracked 
|  72|0x00000000c7000000, 0x00000000c7000000, 0x00000000c7100000|  0%| F|  |TAMS 0x00000000c7000000, 0x00000000c7000000| Untracked 
|  73|0x00000000c7100000, 0x00000000c7100000, 0x00000000c7200000|  0%| F|  |TAMS 0x00000000c7100000, 0x00000000c7100000| Untracked 
|  74|0x00000000c7200000, 0x00000000c7200000, 0x00000000c7300000|  0%| F|  |TAMS 0x00000000c7200000, 0x00000000c7200000| Untracked 
|  75|0x00000000c7300000, 0x00000000c7300000, 0x00000000c7400000|  0%| F|  |TAMS 0x00000000c7300000, 0x00000000c7300000| Untracked 
|  76|0x00000000c7400000, 0x00000000c7400000, 0x00000000c7500000|  0%| F|  |TAMS 0x00000000c7400000, 0x00000000c7400000| Untracked 
|  77|0x00000000c7500000, 0x00000000c7500000, 0x00000000c7600000|  0%| F|  |TAMS 0x00000000c7500000, 0x00000000c7500000| Untracked 
|  78|0x00000000c7600000, 0x00000000c7600000, 0x00000000c7700000|  0%| F|  |TAMS 0x00000000c7600000, 0x00000000c7600000| Untracked 
|  79|0x00000000c7700000, 0x00000000c7700000, 0x00000000c7800000|  0%| F|  |TAMS 0x00000000c7700000, 0x00000000c7700000| Untracked 
|  80|0x00000000c7800000, 0x00000000c7800000, 0x00000000c7900000|  0%| F|  |TAMS 0x00000000c7800000, 0x00000000c7800000| Untracked 
|  81|0x00000000c7900000, 0x00000000c7900000, 0x00000000c7a00000|  0%| F|  |TAMS 0x00000000c7900000, 0x00000000c7900000| Untracked 
|  82|0x00000000c7a00000, 0x00000000c7a00000, 0x00000000c7b00000|  0%| F|  |TAMS 0x00000000c7a00000, 0x00000000c7a00000| Untracked 
|  83|0x00000000c7b00000, 0x00000000c7b00000, 0x00000000c7c00000|  0%| F|  |TAMS 0x00000000c7b00000, 0x00000000c7b00000| Untracked 
|  84|0x00000000c7c00000, 0x00000000c7c00000, 0x00000000c7d00000|  0%| F|  |TAMS 0x00000000c7c00000, 0x00000000c7c00000| Untracked 
|  85|0x00000000c7d00000, 0x00000000c7d00000, 0x00000000c7e00000|  0%| F|  |TAMS 0x00000000c7d00000, 0x00000000c7d00000| Untracked 
|  86|0x00000000c7e00000, 0x00000000c7e00000, 0x00000000c7f00000|  0%| F|  |TAMS 0x00000000c7e00000, 0x00000000c7e00000| Untracked 
|  87|0x00000000c7f00000, 0x00000000c7f00000, 0x00000000c8000000|  0%| F|  |TAMS 0x00000000c7f00000, 0x00000000c7f00000| Untracked 
|  88|0x00000000c8000000, 0x00000000c8000000, 0x00000000c8100000|  0%| F|  |TAMS 0x00000000c8000000, 0x00000000c8000000| Untracked 
|  89|0x00000000c8100000, 0x00000000c8100000, 0x00000000c8200000|  0%| F|  |TAMS 0x00000000c8100000, 0x00000000c8100000| Untracked 
|  90|0x00000000c8200000, 0x00000000c8200000, 0x00000000c8300000|  0%| F|  |TAMS 0x00000000c8200000, 0x00000000c8200000| Untracked 
|  91|0x00000000c8300000, 0x00000000c8300000, 0x00000000c8400000|  0%| F|  |TAMS 0x00000000c8300000, 0x00000000c8300000| Untracked 
|  92|0x00000000c8400000, 0x00000000c8400000, 0x00000000c8500000|  0%| F|  |TAMS 0x00000000c8400000, 0x00000000c8400000| Untracked 
|  93|0x00000000c8500000, 0x00000000c8500000, 0x00000000c8600000|  0%| F|  |TAMS 0x00000000c8500000, 0x00000000c8500000| Untracked 
|  94|0x00000000c8600000, 0x00000000c8600000, 0x00000000c8700000|  0%| F|  |TAMS 0x00000000c8600000, 0x00000000c8600000| Untracked 
|  95|0x00000000c8700000, 0x00000000c8700000, 0x00000000c8800000|  0%| F|  |TAMS 0x00000000c8700000, 0x00000000c8700000| Untracked 
|  96|0x00000000c8800000, 0x00000000c8800000, 0x00000000c8900000|  0%| F|  |TAMS 0x00000000c8800000, 0x00000000c8800000| Untracked 
|  97|0x00000000c8900000, 0x00000000c8900000, 0x00000000c8a00000|  0%| F|  |TAMS 0x00000000c8900000, 0x00000000c8900000| Untracked 
|  98|0x00000000c8a00000, 0x00000000c8b00000, 0x00000000c8b00000|100%|HS|  |TAMS 0x00000000c8b00000, 0x00000000c8a00000| Complete 
|  99|0x00000000c8b00000, 0x00000000c8c00000, 0x00000000c8c00000|100%|HC|  |TAMS 0x00000000c8c00000, 0x00000000c8b00000| Complete 
| 100|0x00000000c8c00000, 0x00000000c8d00000, 0x00000000c8d00000|100%|HC|  |TAMS 0x00000000c8d00000, 0x00000000c8c00000| Complete 
| 101|0x00000000c8d00000, 0x00000000c8e00000, 0x00000000c8e00000|100%|HC|  |TAMS 0x00000000c8e00000, 0x00000000c8d00000| Complete 
| 102|0x00000000c8e00000, 0x00000000c8f00000, 0x00000000c8f00000|100%|HC|  |TAMS 0x00000000c8f00000, 0x00000000c8e00000| Complete 
| 103|0x00000000c8f00000, 0x00000000c9000000, 0x00000000c9000000|100%|HC|  |TAMS 0x00000000c9000000, 0x00000000c8f00000| Complete 
| 104|0x00000000c9000000, 0x00000000c9100000, 0x00000000c9100000|100%|HC|  |TAMS 0x00000000c9100000, 0x00000000c9000000| Complete 
| 105|0x00000000c9100000, 0x00000000c9200000, 0x00000000c9200000|100%|HC|  |TAMS 0x00000000c9200000, 0x00000000c9100000| Complete 
| 106|0x00000000c9200000, 0x00000000c9300000, 0x00000000c9300000|100%|HC|  |TAMS 0x00000000c9300000, 0x00000000c9200000| Complete 
| 107|0x00000000c9300000, 0x00000000c9400000, 0x00000000c9400000|100%|HC|  |TAMS 0x00000000c9400000, 0x00000000c9300000| Complete 
| 108|0x00000000c9400000, 0x00000000c9500000, 0x00000000c9500000|100%|HC|  |TAMS 0x00000000c9500000, 0x00000000c9400000| Complete 
| 109|0x00000000c9500000, 0x00000000c9600000, 0x00000000c9600000|100%|HC|  |TAMS 0x00000000c9600000, 0x00000000c9500000| Complete 
| 110|0x00000000c9600000, 0x00000000c9700000, 0x00000000c9700000|100%|HC|  |TAMS 0x00000000c9700000, 0x00000000c9600000| Complete 
| 111|0x00000000c9700000, 0x00000000c9800000, 0x00000000c9800000|100%|HC|  |TAMS 0x00000000c9800000, 0x00000000c9700000| Complete 
| 112|0x00000000c9800000, 0x00000000c9900000, 0x00000000c9900000|100%|HC|  |TAMS 0x00000000c9900000, 0x00000000c9800000| Complete 
| 113|0x00000000c9900000, 0x00000000c9a00000, 0x00000000c9a00000|100%|HC|  |TAMS 0x00000000c9a00000, 0x00000000c9900000| Complete 
| 114|0x00000000c9a00000, 0x00000000c9b00000, 0x00000000c9b00000|100%|HC|  |TAMS 0x00000000c9b00000, 0x00000000c9a00000| Complete 
| 115|0x00000000c9b00000, 0x00000000c9c00000, 0x00000000c9c00000|100%|HC|  |TAMS 0x00000000c9c00000, 0x00000000c9b00000| Complete 
| 116|0x00000000c9c00000, 0x00000000c9d00000, 0x00000000c9d00000|100%|HC|  |TAMS 0x00000000c9d00000, 0x00000000c9c00000| Complete 
| 117|0x00000000c9d00000, 0x00000000c9e00000, 0x00000000c9e00000|100%|HC|  |TAMS 0x00000000c9e00000, 0x00000000c9d00000| Complete 
| 118|0x00000000c9e00000, 0x00000000c9f00000, 0x00000000c9f00000|100%|HC|  |TAMS 0x00000000c9f00000, 0x00000000c9e00000| Complete 
| 119|0x00000000c9f00000, 0x00000000ca000000, 0x00000000ca000000|100%|HC|  |TAMS 0x00000000ca000000, 0x00000000c9f00000| Complete 
| 120|0x00000000ca000000, 0x00000000ca100000, 0x00000000ca100000|100%|HC|  |TAMS 0x00000000ca100000, 0x00000000ca000000| Complete 
| 121|0x00000000ca100000, 0x00000000ca200000, 0x00000000ca200000|100%|HC|  |TAMS 0x00000000ca200000, 0x00000000ca100000| Complete 
| 122|0x00000000ca200000, 0x00000000ca300000, 0x00000000ca300000|100%|HC|  |TAMS 0x00000000ca300000, 0x00000000ca200000| Complete 
| 123|0x00000000ca300000, 0x00000000ca400000, 0x00000000ca400000|100%|HC|  |TAMS 0x00000000ca400000, 0x00000000ca300000| Complete 
| 124|0x00000000ca400000, 0x00000000ca500000, 0x00000000ca500000|100%|HC|  |TAMS 0x00000000ca500000, 0x00000000ca400000| Complete 
| 125|0x00000000ca500000, 0x00000000ca600000, 0x00000000ca600000|100%|HC|  |TAMS 0x00000000ca600000, 0x00000000ca500000| Complete 
| 126|0x00000000ca600000, 0x00000000ca700000, 0x00000000ca700000|100%|HC|  |TAMS 0x00000000ca700000, 0x00000000ca600000| Complete 
| 127|0x00000000ca700000, 0x00000000ca800000, 0x00000000ca800000|100%|HC|  |TAMS 0x00000000ca800000, 0x00000000ca700000| Complete 
| 128|0x00000000ca800000, 0x00000000ca900000, 0x00000000ca900000|100%|HC|  |TAMS 0x00000000ca900000, 0x00000000ca800000| Complete 
| 129|0x00000000ca900000, 0x00000000caa00000, 0x00000000caa00000|100%|HC|  |TAMS 0x00000000caa00000, 0x00000000ca900000| Complete 
| 130|0x00000000caa00000, 0x00000000cab00000, 0x00000000cab00000|100%|HC|  |TAMS 0x00000000cab00000, 0x00000000caa00000| Complete 
| 131|0x00000000cab00000, 0x00000000cac00000, 0x00000000cac00000|100%|HC|  |TAMS 0x00000000cac00000, 0x00000000cab00000| Complete 
| 132|0x00000000cac00000, 0x00000000cad00000, 0x00000000cad00000|100%|HC|  |TAMS 0x00000000cad00000, 0x00000000cac00000| Complete 
| 133|0x00000000cad00000, 0x00000000cae00000, 0x00000000cae00000|100%|HC|  |TAMS 0x00000000cae00000, 0x00000000cad00000| Complete 
| 134|0x00000000cae00000, 0x00000000caf00000, 0x00000000caf00000|100%|HC|  |TAMS 0x00000000caf00000, 0x00000000cae00000| Complete 
| 135|0x00000000caf00000, 0x00000000cb000000, 0x00000000cb000000|100%|HC|  |TAMS 0x00000000cb000000, 0x00000000caf00000| Complete 
| 136|0x00000000cb000000, 0x00000000cb100000, 0x00000000cb100000|100%|HC|  |TAMS 0x00000000cb100000, 0x00000000cb000000| Complete 
| 137|0x00000000cb100000, 0x00000000cb200000, 0x00000000cb200000|100%|HC|  |TAMS 0x00000000cb200000, 0x00000000cb100000| Complete 
| 138|0x00000000cb200000, 0x00000000cb300000, 0x00000000cb300000|100%|HC|  |TAMS 0x00000000cb300000, 0x00000000cb200000| Complete 
| 139|0x00000000cb300000, 0x00000000cb400000, 0x00000000cb400000|100%|HC|  |TAMS 0x00000000cb400000, 0x00000000cb300000| Complete 
| 140|0x00000000cb400000, 0x00000000cb500000, 0x00000000cb500000|100%|HC|  |TAMS 0x00000000cb500000, 0x00000000cb400000| Complete 
| 141|0x00000000cb500000, 0x00000000cb600000, 0x00000000cb600000|100%|HC|  |TAMS 0x00000000cb600000, 0x00000000cb500000| Complete 
| 142|0x00000000cb600000, 0x00000000cb700000, 0x00000000cb700000|100%|HC|  |TAMS 0x00000000cb700000, 0x00000000cb600000| Complete 
| 143|0x00000000cb700000, 0x00000000cb800000, 0x00000000cb800000|100%|HC|  |TAMS 0x00000000cb800000, 0x00000000cb700000| Complete 
| 144|0x00000000cb800000, 0x00000000cb900000, 0x00000000cb900000|100%|HC|  |TAMS 0x00000000cb900000, 0x00000000cb800000| Complete 
| 145|0x00000000cb900000, 0x00000000cba00000, 0x00000000cba00000|100%|HC|  |TAMS 0x00000000cba00000, 0x00000000cb900000| Complete 
| 146|0x00000000cba00000, 0x00000000cbb00000, 0x00000000cbb00000|100%|HC|  |TAMS 0x00000000cbb00000, 0x00000000cba00000| Complete 
| 147|0x00000000cbb00000, 0x00000000cbc00000, 0x00000000cbc00000|100%|HC|  |TAMS 0x00000000cbc00000, 0x00000000cbb00000| Complete 
| 148|0x00000000cbc00000, 0x00000000cbd00000, 0x00000000cbd00000|100%|HC|  |TAMS 0x00000000cbd00000, 0x00000000cbc00000| Complete 
| 149|0x00000000cbd00000, 0x00000000cbe00000, 0x00000000cbe00000|100%|HC|  |TAMS 0x00000000cbe00000, 0x00000000cbd00000| Complete 
| 150|0x00000000cbe00000, 0x00000000cbf00000, 0x00000000cbf00000|100%|HC|  |TAMS 0x00000000cbf00000, 0x00000000cbe00000| Complete 
| 151|0x00000000cbf00000, 0x00000000cc000000, 0x00000000cc000000|100%|HC|  |TAMS 0x00000000cc000000, 0x00000000cbf00000| Complete 
| 152|0x00000000cc000000, 0x00000000cc100000, 0x00000000cc100000|100%|HC|  |TAMS 0x00000000cc100000, 0x00000000cc000000| Complete 
| 153|0x00000000cc100000, 0x00000000cc200000, 0x00000000cc200000|100%|HC|  |TAMS 0x00000000cc200000, 0x00000000cc100000| Complete 
| 154|0x00000000cc200000, 0x00000000cc200000, 0x00000000cc300000|  0%| F|  |TAMS 0x00000000cc200000, 0x00000000cc200000| Untracked 
| 155|0x00000000cc300000, 0x00000000cc300000, 0x00000000cc400000|  0%| F|  |TAMS 0x00000000cc300000, 0x00000000cc300000| Untracked 
| 156|0x00000000cc400000, 0x00000000cc400000, 0x00000000cc500000|  0%| F|  |TAMS 0x00000000cc400000, 0x00000000cc400000| Untracked 
| 157|0x00000000cc500000, 0x00000000cc500000, 0x00000000cc600000|  0%| F|  |TAMS 0x00000000cc500000, 0x00000000cc500000| Untracked 
| 158|0x00000000cc600000, 0x00000000cc600000, 0x00000000cc700000|  0%| F|  |TAMS 0x00000000cc600000, 0x00000000cc600000| Untracked 
| 159|0x00000000cc700000, 0x00000000cc700000, 0x00000000cc800000|  0%| F|  |TAMS 0x00000000cc700000, 0x00000000cc700000| Untracked 
| 160|0x00000000cc800000, 0x00000000cc800000, 0x00000000cc900000|  0%| F|  |TAMS 0x00000000cc800000, 0x00000000cc800000| Untracked 
| 161|0x00000000cc900000, 0x00000000cc900000, 0x00000000cca00000|  0%| F|  |TAMS 0x00000000cc900000, 0x00000000cc900000| Untracked 
| 162|0x00000000cca00000, 0x00000000cca00000, 0x00000000ccb00000|  0%| F|  |TAMS 0x00000000cca00000, 0x00000000cca00000| Untracked 
| 163|0x00000000ccb00000, 0x00000000ccb00000, 0x00000000ccc00000|  0%| F|  |TAMS 0x00000000ccb00000, 0x00000000ccb00000| Untracked 
| 164|0x00000000ccc00000, 0x00000000ccc00000, 0x00000000ccd00000|  0%| F|  |TAMS 0x00000000ccc00000, 0x00000000ccc00000| Untracked 
| 165|0x00000000ccd00000, 0x00000000ccd00000, 0x00000000cce00000|  0%| F|  |TAMS 0x00000000ccd00000, 0x00000000ccd00000| Untracked 
| 166|0x00000000cce00000, 0x00000000cce00000, 0x00000000ccf00000|  0%| F|  |TAMS 0x00000000cce00000, 0x00000000cce00000| Untracked 
| 167|0x00000000ccf00000, 0x00000000ccf00000, 0x00000000cd000000|  0%| F|  |TAMS 0x00000000ccf00000, 0x00000000ccf00000| Untracked 
| 168|0x00000000cd000000, 0x00000000cd000000, 0x00000000cd100000|  0%| F|  |TAMS 0x00000000cd000000, 0x00000000cd000000| Untracked 
| 169|0x00000000cd100000, 0x00000000cd100000, 0x00000000cd200000|  0%| F|  |TAMS 0x00000000cd100000, 0x00000000cd100000| Untracked 
| 170|0x00000000cd200000, 0x00000000cd200000, 0x00000000cd300000|  0%| F|  |TAMS 0x00000000cd200000, 0x00000000cd200000| Untracked 
| 171|0x00000000cd300000, 0x00000000cd300000, 0x00000000cd400000|  0%| F|  |TAMS 0x00000000cd300000, 0x00000000cd300000| Untracked 
| 172|0x00000000cd400000, 0x00000000cd400000, 0x00000000cd500000|  0%| F|  |TAMS 0x00000000cd400000, 0x00000000cd400000| Untracked 
| 173|0x00000000cd500000, 0x00000000cd500000, 0x00000000cd600000|  0%| F|  |TAMS 0x00000000cd500000, 0x00000000cd500000| Untracked 
| 174|0x00000000cd600000, 0x00000000cd600000, 0x00000000cd700000|  0%| F|  |TAMS 0x00000000cd600000, 0x00000000cd600000| Untracked 
| 175|0x00000000cd700000, 0x00000000cd700000, 0x00000000cd800000|  0%| F|  |TAMS 0x00000000cd700000, 0x00000000cd700000| Untracked 
| 176|0x00000000cd800000, 0x00000000cd800000, 0x00000000cd900000|  0%| F|  |TAMS 0x00000000cd800000, 0x00000000cd800000| Untracked 
| 177|0x00000000cd900000, 0x00000000cd900000, 0x00000000cda00000|  0%| F|  |TAMS 0x00000000cd900000, 0x00000000cd900000| Untracked 
| 178|0x00000000cda00000, 0x00000000cda00000, 0x00000000cdb00000|  0%| F|  |TAMS 0x00000000cda00000, 0x00000000cda00000| Untracked 
| 179|0x00000000cdb00000, 0x00000000cdb00000, 0x00000000cdc00000|  0%| F|  |TAMS 0x00000000cdb00000, 0x00000000cdb00000| Untracked 
| 180|0x00000000cdc00000, 0x00000000cdc00000, 0x00000000cdd00000|  0%| F|  |TAMS 0x00000000cdc00000, 0x00000000cdc00000| Untracked 
| 181|0x00000000cdd00000, 0x00000000cdd00000, 0x00000000cde00000|  0%| F|  |TAMS 0x00000000cdd00000, 0x00000000cdd00000| Untracked 
| 182|0x00000000cde00000, 0x00000000cdeae240, 0x00000000cdf00000| 68%| S|CS|TAMS 0x00000000cde00000, 0x00000000cde00000| Complete 
| 183|0x00000000cdf00000, 0x00000000ce000000, 0x00000000ce000000|100%| S|CS|TAMS 0x00000000cdf00000, 0x00000000cdf00000| Complete 
| 184|0x00000000ce000000, 0x00000000ce100000, 0x00000000ce100000|100%| S|CS|TAMS 0x00000000ce000000, 0x00000000ce000000| Complete 
| 185|0x00000000ce100000, 0x00000000ce100000, 0x00000000ce200000|  0%| F|  |TAMS 0x00000000ce100000, 0x00000000ce100000| Untracked 
| 186|0x00000000ce200000, 0x00000000ce200000, 0x00000000ce300000|  0%| F|  |TAMS 0x00000000ce200000, 0x00000000ce200000| Untracked 
| 187|0x00000000ce300000, 0x00000000ce300000, 0x00000000ce400000|  0%| F|  |TAMS 0x00000000ce300000, 0x00000000ce300000| Untracked 
| 188|0x00000000ce400000, 0x00000000ce400000, 0x00000000ce500000|  0%| F|  |TAMS 0x00000000ce400000, 0x00000000ce400000| Untracked 
| 189|0x00000000ce500000, 0x00000000ce500000, 0x00000000ce600000|  0%| F|  |TAMS 0x00000000ce500000, 0x00000000ce500000| Untracked 
| 190|0x00000000ce600000, 0x00000000ce600000, 0x00000000ce700000|  0%| F|  |TAMS 0x00000000ce600000, 0x00000000ce600000| Untracked 
| 191|0x00000000ce700000, 0x00000000ce700000, 0x00000000ce800000|  0%| F|  |TAMS 0x00000000ce700000, 0x00000000ce700000| Untracked 
| 192|0x00000000ce800000, 0x00000000ce800000, 0x00000000ce900000|  0%| F|  |TAMS 0x00000000ce800000, 0x00000000ce800000| Untracked 
| 193|0x00000000ce900000, 0x00000000ce900000, 0x00000000cea00000|  0%| F|  |TAMS 0x00000000ce900000, 0x00000000ce900000| Untracked 
| 194|0x00000000cea00000, 0x00000000cea00000, 0x00000000ceb00000|  0%| F|  |TAMS 0x00000000cea00000, 0x00000000cea00000| Untracked 
| 195|0x00000000ceb00000, 0x00000000ceb00000, 0x00000000cec00000|  0%| F|  |TAMS 0x00000000ceb00000, 0x00000000ceb00000| Untracked 
| 196|0x00000000cec00000, 0x00000000cec2e428, 0x00000000ced00000| 18%| E|  |TAMS 0x00000000cec00000, 0x00000000cec00000| Complete 

Card table byte_map: [0x000001e3dd7f0000,0x000001e3dd9e0000] _byte_map_base: 0x000001e3dd1dc000

Marking Bits (Prev, Next): (CMBitMap*) 0x000001e3cab313a0, (CMBitMap*) 0x000001e3cab313e0
 Prev Bits: [0x000001e3ddbd0000, 0x000001e3deb30000)
 Next Bits: [0x000001e3deb30000, 0x000001e3dfa90000)

Polling page: 0x000001e3c8ab0000

Metaspace:

Usage:
  Non-class:     24.22 MB used.
      Class:      3.83 MB used.
       Both:     28.04 MB used.

Virtual space:
  Non-class space:       64.00 MB reserved,      24.44 MB ( 38%) committed,  1 nodes.
      Class space:        1.00 GB reserved,       4.00 MB ( <1%) committed,  1 nodes.
             Both:        1.06 GB reserved,      28.44 MB (  3%) committed. 

Chunk freelists:
   Non-Class:  7.36 MB
       Class:  12.09 MB
        Both:  19.45 MB

MaxMetaspaceSize: unlimited
CompressedClassSpaceSize: 1.00 GB
Initial GC threshold: 21.00 MB
Current GC threshold: 47.00 MB
CDS: on
MetaspaceReclaimPolicy: balanced
 - commit_granule_bytes: 65536.
 - commit_granule_words: 8192.
 - virtual_space_node_default_size: 8388608.
 - enlarge_chunks_in_place: 1.
 - new_chunks_are_fully_committed: 0.
 - uncommit_free_chunks: 1.
 - use_allocation_guard: 0.
 - handle_deallocations: 1.


Internal statistics:

num_allocs_failed_limit: 3.
num_arena_births: 332.
num_arena_deaths: 112.
num_vsnodes_births: 2.
num_vsnodes_deaths: 0.
num_space_committed: 455.
num_space_uncommitted: 0.
num_chunks_returned_to_freelist: 129.
num_chunks_taken_from_freelist: 1242.
num_chunk_merges: 43.
num_chunk_splits: 871.
num_chunks_enlarged: 651.
num_inconsistent_stats: 0.

CodeHeap 'non-profiled nmethods': size=120000Kb used=3326Kb max_used=3326Kb free=116673Kb
 bounds [0x000001e3d5da0000, 0x000001e3d60e0000, 0x000001e3dd2d0000]
CodeHeap 'profiled nmethods': size=120000Kb used=11930Kb max_used=12585Kb free=108069Kb
 bounds [0x000001e3ce2d0000, 0x000001e3cef50000, 0x000001e3d5800000]
CodeHeap 'non-nmethods': size=5760Kb used=1553Kb max_used=1658Kb free=4206Kb
 bounds [0x000001e3d5800000, 0x000001e3d5a70000, 0x000001e3d5da0000]
 total_blobs=6708 nmethods=5753 adapters=867
 compilation: enabled
              stopped_count=0, restarted_count=0
 full_count=0

Compilation events (20 events):
Event: 786.571 Thread 0x000001e3e247df40 6607       3       jdk.internal.loader.URLClassPath::findResource (38 bytes)
Event: 786.587 Thread 0x000001e3e247df40 nmethod 6607 0x000001e3ce333110 code [0x000001e3ce3332e0, 0x000001e3ce333638]
Event: 921.650 Thread 0x000001e3e247df40 6608       3       java.lang.Thread::getContextClassLoader (32 bytes)
Event: 921.688 Thread 0x000001e3e247df40 nmethod 6608 0x000001e3ce9f6a10 code [0x000001e3ce9f6c40, 0x000001e3ce9f75d8]
Event: 931.650 Thread 0x000001e3e247df40 6609       3       jdk.internal.loader.URLClassPath$FileLoader::findResource (18 bytes)
Event: 931.654 Thread 0x000001e3e247df40 nmethod 6609 0x000001e3ce9f6510 code [0x000001e3ce9f66c0, 0x000001e3ce9f6938]
Event: 936.658 Thread 0x000001e3e246cf50 6610       4       java.lang.AbstractStringBuilder::append (45 bytes)
Event: 936.717 Thread 0x000001e3e246cf50 nmethod 6610 0x000001e3d60de690 code [0x000001e3d60de840, 0x000001e3d60defa8]
Event: 1041.692 Thread 0x000001e3e247df40 6611   !   3       jdk.internal.loader.URLClassPath::check (125 bytes)
Event: 1041.738 Thread 0x000001e3e247df40 nmethod 6611 0x000001e3ce7def90 code [0x000001e3ce7df240, 0x000001e3ce7e0228]
Event: 1241.747 Thread 0x000001e3e246cf50 6612       4       sun.net.www.ParseUtil::firstEncodeIndex (86 bytes)
Event: 1241.781 Thread 0x000001e3e246cf50 nmethod 6612 0x000001e3d60df410 code [0x000001e3d60df5a0, 0x000001e3d60df768]
Event: 1276.755 Thread 0x000001e3e247df40 6613   !   3       com.mysql.cj.jdbc.AbandonedConnectionCleanupThread::checkThreadContextClassLoader (20 bytes)
Event: 1276.799 Thread 0x000001e3e247df40 nmethod 6613 0x000001e3ce5d4490 code [0x000001e3ce5d4720, 0x000001e3ce5d5618]
Event: 1692.644 Thread 0x000001e3e247df40 6614       3       com.sun.prism.d3d.D3DTextureResource::isValid (28 bytes)
Event: 1692.686 Thread 0x000001e3e247df40 nmethod 6614 0x000001e3ce5d3e90 code [0x000001e3ce5d4040, 0x000001e3ce5d4378]
Event: 1692.686 Thread 0x000001e3e247df40 6615       3       com.sun.prism.impl.ManagedResource::_isgone (42 bytes)
Event: 1692.690 Thread 0x000001e3e247df40 nmethod 6615 0x000001e3ce7de510 code [0x000001e3ce7de700, 0x000001e3ce7dedc8]
Event: 1692.901 Thread 0x000001e3e247df40 6616       3       com.sun.prism.impl.BaseResourcePool::prepareForAllocation (6 bytes)
Event: 1692.902 Thread 0x000001e3e247df40 nmethod 6616 0x000001e3ce7ddf90 code [0x000001e3ce7de120, 0x000001e3ce7de2e8]

GC Heap History (20 events):
Event: 25.075 GC heap before
{Heap before GC invocations=13 (full 0):
 garbage-first heap   total 73728K, used 46311K [0x00000000c2800000, 0x0000000100000000)
  region size 1024K, 3 young (3072K), 2 survivors (2048K)
 Metaspace       used 27883K, committed 28160K, reserved 1114112K
  class space    used 3904K, committed 4032K, reserved 1048576K
}
Event: 25.080 GC heap after
{Heap after GC invocations=14 (full 0):
 garbage-first heap   total 73728K, used 46595K [0x00000000c2800000, 0x0000000100000000)
  region size 1024K, 1 young (1024K), 1 survivors (1024K)
 Metaspace       used 27883K, committed 28160K, reserved 1114112K
  class space    used 3904K, committed 4032K, reserved 1048576K
}
Event: 47.098 GC heap before
{Heap before GC invocations=15 (full 0):
 garbage-first heap   total 91136K, used 62979K [0x00000000c2800000, 0x0000000100000000)
  region size 1024K, 11 young (11264K), 1 survivors (1024K)
 Metaspace       used 28353K, committed 28608K, reserved 1114112K
  class space    used 3920K, committed 4032K, reserved 1048576K
}
Event: 47.104 GC heap after
{Heap after GC invocations=16 (full 0):
 garbage-first heap   total 91136K, used 42364K [0x00000000c2800000, 0x0000000100000000)
  region size 1024K, 1 young (1024K), 1 survivors (1024K)
 Metaspace       used 28353K, committed 28608K, reserved 1114112K
  class space    used 3920K, committed 4032K, reserved 1048576K
}
Event: 47.202 GC heap before
{Heap before GC invocations=17 (full 0):
 garbage-first heap   total 91136K, used 50556K [0x00000000c2800000, 0x0000000100000000)
  region size 1024K, 2 young (2048K), 1 survivors (1024K)
 Metaspace       used 28355K, committed 28608K, reserved 1114112K
  class space    used 3920K, committed 4032K, reserved 1048576K
}
Event: 47.207 GC heap after
{Heap after GC invocations=18 (full 0):
 garbage-first heap   total 91136K, used 50642K [0x00000000c2800000, 0x0000000100000000)
  region size 1024K, 2 young (2048K), 2 survivors (2048K)
 Metaspace       used 28355K, committed 28608K, reserved 1114112K
  class space    used 3920K, committed 4032K, reserved 1048576K
}
Event: 398.024 GC heap before
{Heap before GC invocations=19 (full 0):
 garbage-first heap   total 99328K, used 66002K [0x00000000c2800000, 0x0000000100000000)
  region size 1024K, 10 young (10240K), 2 survivors (2048K)
 Metaspace       used 28551K, committed 28864K, reserved 1114112K
  class space    used 3922K, committed 4032K, reserved 1048576K
}
Event: 398.077 GC heap after
{Heap after GC invocations=20 (full 0):
 garbage-first heap   total 99328K, used 42493K [0x00000000c2800000, 0x0000000100000000)
  region size 1024K, 2 young (2048K), 2 survivors (2048K)
 Metaspace       used 28551K, committed 28864K, reserved 1114112K
  class space    used 3922K, committed 4032K, reserved 1048576K
}
Event: 398.123 GC heap before
{Heap before GC invocations=20 (full 0):
 garbage-first heap   total 99328K, used 44541K [0x00000000c2800000, 0x0000000100000000)
  region size 1024K, 3 young (3072K), 2 survivors (2048K)
 Metaspace       used 28551K, committed 28864K, reserved 1114112K
  class space    used 3922K, committed 4032K, reserved 1048576K
}
Event: 398.130 GC heap after
{Heap after GC invocations=21 (full 0):
 garbage-first heap   total 99328K, used 44477K [0x00000000c2800000, 0x0000000100000000)
  region size 1024K, 2 young (2048K), 2 survivors (2048K)
 Metaspace       used 28551K, committed 28864K, reserved 1114112K
  class space    used 3922K, committed 4032K, reserved 1048576K
}
Event: 398.165 GC heap before
{Heap before GC invocations=21 (full 0):
 garbage-first heap   total 99328K, used 46525K [0x00000000c2800000, 0x0000000100000000)
  region size 1024K, 3 young (3072K), 2 survivors (2048K)
 Metaspace       used 28551K, committed 28864K, reserved 1114112K
  class space    used 3922K, committed 4032K, reserved 1048576K
}
Event: 398.171 GC heap after
{Heap after GC invocations=22 (full 0):
 garbage-first heap   total 99328K, used 46557K [0x00000000c2800000, 0x0000000100000000)
  region size 1024K, 2 young (2048K), 2 survivors (2048K)
 Metaspace       used 28551K, committed 28864K, reserved 1114112K
  class space    used 3922K, committed 4032K, reserved 1048576K
}
Event: 398.372 GC heap before
{Heap before GC invocations=23 (full 0):
 garbage-first heap   total 99328K, used 56797K [0x00000000c2800000, 0x0000000100000000)
  region size 1024K, 3 young (3072K), 2 survivors (2048K)
 Metaspace       used 28552K, committed 28864K, reserved 1114112K
  class space    used 3922K, committed 4032K, reserved 1048576K
}
Event: 398.374 GC heap after
{Heap after GC invocations=24 (full 0):
 garbage-first heap   total 99328K, used 56865K [0x00000000c2800000, 0x0000000100000000)
  region size 1024K, 2 young (2048K), 2 survivors (2048K)
 Metaspace       used 28552K, committed 28864K, reserved 1114112K
  class space    used 3922K, committed 4032K, reserved 1048576K
}
Event: 402.226 GC heap before
{Heap before GC invocations=25 (full 0):
 garbage-first heap   total 102400K, used 60961K [0x00000000c2800000, 0x0000000100000000)
  region size 1024K, 5 young (5120K), 2 survivors (2048K)
 Metaspace       used 28619K, committed 28992K, reserved 1114112K
  class space    used 3928K, committed 4096K, reserved 1048576K
}
Event: 402.230 GC heap after
{Heap after GC invocations=26 (full 0):
 garbage-first heap   total 102400K, used 59203K [0x00000000c2800000, 0x0000000100000000)
  region size 1024K, 2 young (2048K), 2 survivors (2048K)
 Metaspace       used 28619K, committed 28992K, reserved 1114112K
  class space    used 3928K, committed 4096K, reserved 1048576K
}
Event: 402.937 GC heap before
{Heap before GC invocations=27 (full 0):
 garbage-first heap   total 196608K, used 116547K [0x00000000c2800000, 0x0000000100000000)
  region size 1024K, 3 young (3072K), 2 survivors (2048K)
 Metaspace       used 28621K, committed 28992K, reserved 1114112K
  class space    used 3928K, committed 4096K, reserved 1048576K
}
Event: 402.942 GC heap after
{Heap after GC invocations=28 (full 0):
 garbage-first heap   total 196608K, used 116663K [0x00000000c2800000, 0x0000000100000000)
  region size 1024K, 2 young (2048K), 2 survivors (2048K)
 Metaspace       used 28621K, committed 28992K, reserved 1114112K
  class space    used 3928K, committed 4096K, reserved 1048576K
}
Event: 1692.760 GC heap before
{Heap before GC invocations=29 (full 0):
 garbage-first heap   total 201728K, used 126903K [0x00000000c2800000, 0x0000000100000000)
  region size 1024K, 12 young (12288K), 2 survivors (2048K)
 Metaspace       used 28837K, committed 29120K, reserved 1114112K
  class space    used 3948K, committed 4096K, reserved 1048576K
}
Event: 1692.861 GC heap after
{Heap after GC invocations=30 (full 0):
 garbage-first heap   total 201728K, used 119860K [0x00000000c2800000, 0x0000000100000000)
  region size 1024K, 3 young (3072K), 3 survivors (3072K)
 Metaspace       used 28837K, committed 29120K, reserved 1114112K
  class space    used 3948K, committed 4096K, reserved 1048576K
}

Dll operation events (3 events):
Event: 0.016 Loaded shared library C:\Users\39\.jdks\jbr-17.0.12-1\bin\java.dll
Event: 0.034 Loaded shared library C:\Users\39\.jdks\jbr-17.0.12-1\bin\jsvml.dll
Event: 21.722 Loaded shared library C:\Users\39\.jdks\jbr-17.0.12-1\bin\verify.dll

Deoptimization events (20 events):
Event: 1692.642 Thread 0x000001e3e72c4f40 Uncommon trap: trap_request=0xffffff45 fr.pc=0x000001e3d603052c relative=0x000000000000008c
Event: 1692.642 Thread 0x000001e3e72c4f40 Uncommon trap: reason=unstable_if action=reinterpret pc=0x000001e3d603052c method=com.sun.prism.d3d.D3DTextureResource.isValid()Z @ 19 c2
Event: 1692.642 Thread 0x000001e3e72c4f40 DEOPT PACKING pc=0x000001e3d603052c sp=0x000000bdb65fdee0
Event: 1692.642 Thread 0x000001e3e72c4f40 DEOPT UNPACKING pc=0x000001e3d58569a3 sp=0x000000bdb65fde80 mode 2
Event: 1692.656 Thread 0x000001e3e72c4f40 Uncommon trap: trap_request=0xffffff45 fr.pc=0x000001e3d5effae0 relative=0x0000000000000620
Event: 1692.657 Thread 0x000001e3e72c4f40 Uncommon trap: reason=unstable_if action=reinterpret pc=0x000001e3d5effae0 method=com.sun.scenario.effect.impl.Renderer.getRenderer(Lcom/sun/scenario/effect/FilterContext;)Lcom/sun/scenario/effect/impl/Renderer; @ 50 c2
Event: 1692.657 Thread 0x000001e3e72c4f40 DEOPT PACKING pc=0x000001e3d5effae0 sp=0x000000bdb65fdd70
Event: 1692.657 Thread 0x000001e3e72c4f40 DEOPT UNPACKING pc=0x000001e3d58569a3 sp=0x000000bdb65fdd08 mode 2
Event: 1692.673 Thread 0x000001e3e72c4f40 Uncommon trap: trap_request=0xffffff45 fr.pc=0x000001e3d5e4ddec relative=0x00000000000001cc
Event: 1692.673 Thread 0x000001e3e72c4f40 Uncommon trap: reason=unstable_if action=reinterpret pc=0x000001e3d5e4ddec method=com.sun.scenario.effect.impl.prism.ps.PPSRenderer.validate()Z @ 13 c2
Event: 1692.673 Thread 0x000001e3e72c4f40 DEOPT PACKING pc=0x000001e3d5e4ddec sp=0x000000bdb65fdd10
Event: 1692.673 Thread 0x000001e3e72c4f40 DEOPT UNPACKING pc=0x000001e3d58569a3 sp=0x000000bdb65fdcb0 mode 2
Event: 1692.728 Thread 0x000001e3e72c4f40 Uncommon trap: trap_request=0xffffff45 fr.pc=0x000001e3d60b9ad8 relative=0x00000000000006d8
Event: 1692.728 Thread 0x000001e3e72c4f40 Uncommon trap: reason=unstable_if action=reinterpret pc=0x000001e3d60b9ad8 method=com.sun.prism.impl.BaseContext.validateMaskTexture(Lcom/sun/prism/impl/shape/MaskData;Z)Lcom/sun/prism/Texture; @ 49 c2
Event: 1692.729 Thread 0x000001e3e72c4f40 DEOPT PACKING pc=0x000001e3d60b9ad8 sp=0x000000bdb65fd810
Event: 1692.729 Thread 0x000001e3e72c4f40 DEOPT UNPACKING pc=0x000001e3d58569a3 sp=0x000000bdb65fd608 mode 2
Event: 1692.876 Thread 0x000001e3e72c4f40 Uncommon trap: trap_request=0xffffff45 fr.pc=0x000001e3d5f88028 relative=0x00000000000026a8
Event: 1692.876 Thread 0x000001e3e72c4f40 Uncommon trap: reason=unstable_if action=reinterpret pc=0x000001e3d5f88028 method=com.sun.prism.d3d.D3DTextureResource.isValid()Z @ 19 c2
Event: 1692.877 Thread 0x000001e3e72c4f40 DEOPT PACKING pc=0x000001e3d5f88028 sp=0x000000bdb65fd5a0
Event: 1692.877 Thread 0x000001e3e72c4f40 DEOPT UNPACKING pc=0x000001e3d58569a3 sp=0x000000bdb65fd480 mode 2

Classes loaded (20 events):
Event: 22.233 Loading class java/lang/Byte$ByteCache
Event: 22.234 Loading class java/lang/Byte$ByteCache done
Event: 22.290 Loading class java/text/ParseException
Event: 22.291 Loading class java/text/ParseException done
Event: 22.319 Loading class java/time/format/FormatStyle
Event: 22.319 Loading class java/time/format/FormatStyle done
Event: 22.335 Loading class sun/nio/cs/Surrogate$Parser
Event: 22.335 Loading class sun/nio/cs/Surrogate$Parser done
Event: 22.335 Loading class sun/nio/cs/Surrogate
Event: 22.335 Loading class sun/nio/cs/Surrogate done
Event: 22.357 Loading class java/text/FieldPosition$Delegate
Event: 22.357 Loading class java/text/FieldPosition$Delegate done
Event: 23.131 Loading class java/util/ComparableTimSort
Event: 23.131 Loading class java/util/ComparableTimSort done
Event: 24.961 Loading class java/nio/charset/CharacterCodingException
Event: 24.962 Loading class java/nio/charset/CharacterCodingException done
Event: 24.962 Loading class jdk/internal/loader/BootLoader$PackageHelper
Event: 24.963 Loading class jdk/internal/loader/BootLoader$PackageHelper done
Event: 25.139 Loading class java/text/ChoiceFormat
Event: 25.140 Loading class java/text/ChoiceFormat done

Classes unloaded (20 events):
Event: 1692.914 Thread 0x000001e3e244df80 Unloading class 0x000001e3810c5000 'java/lang/invoke/LambdaForm$MH+0x000001e3810c5000'
Event: 1692.914 Thread 0x000001e3e244df80 Unloading class 0x000001e3810c4c00 'java/lang/invoke/LambdaForm$MH+0x000001e3810c4c00'
Event: 1692.914 Thread 0x000001e3e244df80 Unloading class 0x000001e3810c4800 'java/lang/invoke/LambdaForm$MH+0x000001e3810c4800'
Event: 1692.914 Thread 0x000001e3e244df80 Unloading class 0x000001e381025000 'java/lang/invoke/LambdaForm$MH+0x000001e381025000'
Event: 1692.914 Thread 0x000001e3e244df80 Unloading class 0x000001e381024c00 'java/lang/invoke/LambdaForm$MH+0x000001e381024c00'
Event: 1692.914 Thread 0x000001e3e244df80 Unloading class 0x000001e381024400 'java/lang/invoke/LambdaForm$MH+0x000001e381024400'
Event: 1692.914 Thread 0x000001e3e244df80 Unloading class 0x000001e381018000 'java/lang/invoke/LambdaForm$MH+0x000001e381018000'
Event: 1692.914 Thread 0x000001e3e244df80 Unloading class 0x000001e381017c00 'java/lang/invoke/LambdaForm$MH+0x000001e381017c00'
Event: 1692.914 Thread 0x000001e3e244df80 Unloading class 0x000001e381017800 'java/lang/invoke/LambdaForm$MH+0x000001e381017800'
Event: 1692.914 Thread 0x000001e3e244df80 Unloading class 0x000001e381017400 'java/lang/invoke/LambdaForm$MH+0x000001e381017400'
Event: 1692.914 Thread 0x000001e3e244df80 Unloading class 0x000001e381017000 'java/lang/invoke/LambdaForm$MH+0x000001e381017000'
Event: 1692.914 Thread 0x000001e3e244df80 Unloading class 0x000001e381016c00 'java/lang/invoke/LambdaForm$MH+0x000001e381016c00'
Event: 1692.914 Thread 0x000001e3e244df80 Unloading class 0x000001e381016800 'java/lang/invoke/LambdaForm$MH+0x000001e381016800'
Event: 1692.914 Thread 0x000001e3e244df80 Unloading class 0x000001e381016400 'java/lang/invoke/LambdaForm$MH+0x000001e381016400'
Event: 1692.914 Thread 0x000001e3e244df80 Unloading class 0x000001e381015c00 'java/lang/invoke/LambdaForm$MH+0x000001e381015c00'
Event: 1692.915 Thread 0x000001e3e244df80 Unloading class 0x000001e381015400 'java/lang/invoke/LambdaForm$MH+0x000001e381015400'
Event: 1692.915 Thread 0x000001e3e244df80 Unloading class 0x000001e381015000 'java/lang/invoke/LambdaForm$MH+0x000001e381015000'
Event: 1692.915 Thread 0x000001e3e244df80 Unloading class 0x000001e381014c00 'java/lang/invoke/LambdaForm$MH+0x000001e381014c00'
Event: 1692.915 Thread 0x000001e3e244df80 Unloading class 0x000001e381014800 'java/lang/invoke/LambdaForm$MH+0x000001e381014800'
Event: 1692.915 Thread 0x000001e3e244df80 Unloading class 0x000001e381014000 'java/lang/invoke/LambdaForm$MH+0x000001e381014000'

Classes redefined (0 events):
No events

Internal exceptions (20 events):
Event: 4.582 Thread 0x000001e3e72c4f40 Exception <a 'java/lang/NoSuchMethodError'{0x00000000c50dfea8}: 'int java.lang.invoke.DirectMethodHandle$Holder.invokeStaticInit(java.lang.Object, java.lang.Object)'> (0x00000000c50dfea8) 
thrown [s\src\hotspot\share\interpreter\linkResolver.cpp, line 771]
Event: 4.588 Thread 0x000001e3e73849a0 Exception <a 'java/lang/NoSuchMethodError'{0x00000000c50c0058}: 'long java.lang.invoke.DirectMethodHandle$Holder.invokeStatic(java.lang.Object, java.lang.Object, java.lang.Object)'> (0x00000000c50c0058) 
thrown [s\src\hotspot\share\interpreter\linkResolver.cpp, line 771]
Event: 4.589 Thread 0x000001e3e73849a0 Exception <a 'java/lang/NoSuchMethodError'{0x00000000c50c3800}: 'long java.lang.invoke.DirectMethodHandle$Holder.invokeStaticInit(java.lang.Object, java.lang.Object, java.lang.Object)'> (0x00000000c50c3800) 
thrown [s\src\hotspot\share\interpreter\linkResolver.cpp, line 771]
Event: 4.593 Thread 0x000001e3e73849a0 Exception <a 'java/lang/NoSuchMethodError'{0x00000000c4f6f928}: 'java.lang.Object java.lang.invoke.DirectMethodHandle$Holder.newInvokeSpecial(java.lang.Object, java.lang.Object, long)'> (0x00000000c4f6f928) 
thrown [s\src\hotspot\share\interpreter\linkResolver.cpp, line 771]
Event: 4.593 Thread 0x000001e3e73849a0 Exception <a 'java/lang/NoSuchMethodError'{0x00000000c4f73498}: 'java.lang.Object java.lang.invoke.Invokers$Holder.linkToTargetMethod(java.lang.Object, long, java.lang.Object)'> (0x00000000c4f73498) 
thrown [s\src\hotspot\share\interpreter\linkResolver.cpp, line 771]
Event: 4.834 Thread 0x000001e3e72c4f40 Exception <a 'java/lang/NoSuchMethodError'{0x00000000c4cb58f8}: 'java.lang.Object java.lang.invoke.DirectMethodHandle$Holder.invokeStaticInit(java.lang.Object, int)'> (0x00000000c4cb58f8) 
thrown [s\src\hotspot\share\interpreter\linkResolver.cpp, line 771]
Event: 22.344 Thread 0x000001e3e73849a0 Implicit null exception at 0x000001e3d5e4d6f2 to 0x000001e3d5e4dd5c
Event: 22.344 Thread 0x000001e3e73849a0 Implicit null exception at 0x000001e3d5e40872 to 0x000001e3d5e40ed4
Event: 22.355 Thread 0x000001e3e73849a0 Exception <a 'java/lang/NoSuchMethodError'{0x00000000c41bef60}: 'void java.lang.invoke.DirectMethodHandle$Holder.invokeSpecialIFC(java.lang.Object, java.lang.Object, java.lang.Object)'> (0x00000000c41bef60) 
thrown [s\src\hotspot\share\interpreter\linkResolver.cpp, line 771]
Event: 22.509 Thread 0x000001e3e73849a0 Exception <a 'java/io/FileNotFoundException'{0x00000000c6505cc8}> (0x00000000c6505cc8) 
thrown [s\src\hotspot\share\prims\jni.cpp, line 531]
Event: 22.547 Thread 0x000001e3e73849a0 Implicit null exception at 0x000001e3d5ef63d0 to 0x000001e3d5ef6434
Event: 22.579 Thread 0x000001e3e73849a0 Exception <a 'java/lang/ClassNotFoundException'{0x00000000c62b12b8}: com/sun/javafx/scene/control/skin/resources/controls-nt> (0x00000000c62b12b8) 
thrown [s\src\hotspot\share\prims\jni.cpp, line 550]
Event: 22.580 Thread 0x000001e3e73849a0 Exception <a 'java/lang/ClassNotFoundException'{0x00000000c62b9e08}: com/sun/javafx/scene/control/skin/resources/controls-nt_fr> (0x00000000c62b9e08) 
thrown [s\src\hotspot\share\prims\jni.cpp, line 550]
Event: 22.580 Thread 0x000001e3e73849a0 Exception <a 'java/lang/ClassNotFoundException'{0x00000000c62bbf98}: com/sun/javafx/scene/control/skin/resources/controls-nt_fr_FR> (0x00000000c62bbf98) 
thrown [s\src\hotspot\share\prims\jni.cpp, line 550]
Event: 25.128 Thread 0x000001e3e73849a0 Exception <a 'java/io/FileNotFoundException'{0x00000000c6e23040}> (0x00000000c6e23040) 
thrown [s\src\hotspot\share\prims\jni.cpp, line 531]
Event: 25.136 Thread 0x000001e3e73849a0 Exception <a 'java/io/FileNotFoundException'{0x00000000c6e552e8}> (0x00000000c6e552e8) 
thrown [s\src\hotspot\share\prims\jni.cpp, line 531]
Event: 27.092 Thread 0x000001e3e73849a0 Implicit null exception at 0x000001e3d5fa220a to 0x000001e3d5fa32c0
Event: 659.531 Thread 0x000001e3e72c4f40 Implicit null exception at 0x000001e3d6054600 to 0x000001e3d6057268
Event: 1692.607 Thread 0x000001e3e72c4f40 Implicit null exception at 0x000001e3d60b05cf to 0x000001e3d60b1818
Event: 1692.728 Thread 0x000001e3e72c4f40 Implicit null exception at 0x000001e3d60b95a0 to 0x000001e3d60b9a7c

VM Operations (20 events):
Event: 711.573 Executing VM operation: Cleanup done
Event: 716.573 Executing VM operation: Cleanup
Event: 716.573 Executing VM operation: Cleanup done
Event: 721.649 Executing VM operation: HandshakeAllThreads
Event: 721.649 Executing VM operation: HandshakeAllThreads done
Event: 724.650 Executing VM operation: Cleanup
Event: 724.651 Executing VM operation: Cleanup done
Event: 781.777 Executing VM operation: HandshakeAllThreads
Event: 781.785 Executing VM operation: HandshakeAllThreads done
Event: 796.792 Executing VM operation: Cleanup
Event: 796.792 Executing VM operation: Cleanup done
Event: 936.856 Executing VM operation: Cleanup
Event: 936.858 Executing VM operation: Cleanup done
Event: 961.918 Executing VM operation: HandshakeAllThreads
Event: 961.918 Executing VM operation: HandshakeAllThreads done
Event: 1692.290 Executing VM operation: Cleanup
Event: 1692.293 Executing VM operation: Cleanup done
Event: 1692.736 Executing VM operation: G1TryInitiateConcMark
Event: 1692.861 Executing VM operation: G1TryInitiateConcMark done
Event: 1692.912 Executing VM operation: G1PauseRemark

Events (20 events):
Event: 58.323 Thread 0x000001e3e247e940 flushing nmethod 0x000001e3cecbb510
Event: 58.323 Thread 0x000001e3e247e940 flushing nmethod 0x000001e3cecc4490
Event: 58.323 Thread 0x000001e3e247e940 flushing nmethod 0x000001e3cecc7010
Event: 58.323 Thread 0x000001e3e247e940 flushing nmethod 0x000001e3cecdba90
Event: 58.323 Thread 0x000001e3e247e940 flushing nmethod 0x000001e3ced3b490
Event: 58.323 Thread 0x000001e3e247e940 flushing nmethod 0x000001e3ced3d190
Event: 58.323 Thread 0x000001e3e247e940 flushing nmethod 0x000001e3ced3dc90
Event: 58.323 Thread 0x000001e3e247e940 flushing nmethod 0x000001e3ced3e590
Event: 58.323 Thread 0x000001e3e247e940 flushing nmethod 0x000001e3ced40210
Event: 58.323 Thread 0x000001e3e247e940 flushing nmethod 0x000001e3ced5e410
Event: 58.323 Thread 0x000001e3e247e940 flushing nmethod 0x000001e3ced68c10
Event: 58.323 Thread 0x000001e3e247e940 flushing nmethod 0x000001e3ced6bc90
Event: 58.323 Thread 0x000001e3e247e940 flushing nmethod 0x000001e3ced8ad10
Event: 58.323 Thread 0x000001e3e247e940 flushing nmethod 0x000001e3ced93210
Event: 58.323 Thread 0x000001e3e247e940 flushing nmethod 0x000001e3ced9c610
Event: 58.323 Thread 0x000001e3e247e940 flushing nmethod 0x000001e3cedf2b10
Event: 58.323 Thread 0x000001e3e247e940 flushing nmethod 0x000001e3cee2a010
Event: 58.323 Thread 0x000001e3e247e940 flushing nmethod 0x000001e3cee2c590
Event: 904.099 Thread 0x000001e3ed93df00 Thread added: 0x000001e3ed93df00
Event: 905.321 Thread 0x000001e3ed93df00 Thread exited: 0x000001e3ed93df00


Dynamic libraries:
0x00007ff7bc720000 - 0x00007ff7bc72a000 	C:\Users\39\.jdks\jbr-17.0.12-1\bin\java.exe
0x00007ffbec690000 - 0x00007ffbec888000 	C:\Windows\SYSTEM32\ntdll.dll
0x00007ffbec4d0000 - 0x00007ffbec592000 	C:\Windows\System32\KERNEL32.DLL
0x00007ffbe9dd0000 - 0x00007ffbea0cf000 	C:\Windows\System32\KERNELBASE.dll
0x00007ffbea330000 - 0x00007ffbea430000 	C:\Windows\System32\ucrtbase.dll
0x00007ffbc9210000 - 0x00007ffbc922b000 	C:\Users\39\.jdks\jbr-17.0.12-1\bin\VCRUNTIME140.dll
0x00007ffbcc8c0000 - 0x00007ffbcc8d7000 	C:\Users\39\.jdks\jbr-17.0.12-1\bin\jli.dll
0x00007ffbebf40000 - 0x00007ffbec0dd000 	C:\Windows\System32\USER32.dll
0x00007ffbea680000 - 0x00007ffbea6a2000 	C:\Windows\System32\win32u.dll
0x00007ffbea720000 - 0x00007ffbea74b000 	C:\Windows\System32\GDI32.dll
0x00007ffbd6c00000 - 0x00007ffbd6e9a000 	C:\Windows\WinSxS\amd64_microsoft.windows.common-controls_6595b64144ccf1df_6.0.19041.4355_none_60b8b9eb71f62e16\COMCTL32.dll
0x00007ffbea430000 - 0x00007ffbea54a000 	C:\Windows\System32\gdi32full.dll
0x00007ffbebaf0000 - 0x00007ffbebb8e000 	C:\Windows\System32\msvcrt.dll
0x00007ffbe9d30000 - 0x00007ffbe9dcd000 	C:\Windows\System32\msvcp_win.dll
0x00007ffbeaab0000 - 0x00007ffbeaadf000 	C:\Windows\System32\IMM32.DLL
0x00007ffbd04e0000 - 0x00007ffbd04ec000 	C:\Users\39\.jdks\jbr-17.0.12-1\bin\vcruntime140_1.dll
0x00007ffbbd5e0000 - 0x00007ffbbd66d000 	C:\Users\39\.jdks\jbr-17.0.12-1\bin\msvcp140.dll
0x00007ffb595f0000 - 0x00007ffb5a27a000 	C:\Users\39\.jdks\jbr-17.0.12-1\bin\server\jvm.dll
0x00007ffbec5a0000 - 0x00007ffbec64f000 	C:\Windows\System32\ADVAPI32.dll
0x00007ffbebd50000 - 0x00007ffbebdef000 	C:\Windows\System32\sechost.dll
0x00007ffbebdf0000 - 0x00007ffbebf13000 	C:\Windows\System32\RPCRT4.dll
0x00007ffbea550000 - 0x00007ffbea577000 	C:\Windows\System32\bcrypt.dll
0x00007ffbebb90000 - 0x00007ffbebbfb000 	C:\Windows\System32\WS2_32.dll
0x00007ffbe9a70000 - 0x00007ffbe9abb000 	C:\Windows\SYSTEM32\POWRPROF.dll
0x00007ffbe4350000 - 0x00007ffbe435a000 	C:\Windows\SYSTEM32\VERSION.dll
0x00007ffbd9750000 - 0x00007ffbd9777000 	C:\Windows\SYSTEM32\WINMM.dll
0x00007ffbe9a50000 - 0x00007ffbe9a62000 	C:\Windows\SYSTEM32\UMPDC.dll
0x00007ffbe7bb0000 - 0x00007ffbe7bc2000 	C:\Windows\SYSTEM32\kernel.appcore.dll
0x00007ffbcb800000 - 0x00007ffbcb80a000 	C:\Users\39\.jdks\jbr-17.0.12-1\bin\jimage.dll
0x00007ffbd8040000 - 0x00007ffbd8224000 	C:\Windows\SYSTEM32\DBGHELP.DLL
0x00007ffbd5720000 - 0x00007ffbd5754000 	C:\Windows\SYSTEM32\dbgcore.DLL
0x00007ffbea2a0000 - 0x00007ffbea322000 	C:\Windows\System32\bcryptPrimitives.dll
0x00007ffbc0a00000 - 0x00007ffbc0a25000 	C:\Users\39\.jdks\jbr-17.0.12-1\bin\java.dll
0x00007ffbbca00000 - 0x00007ffbbcad7000 	C:\Users\39\.jdks\jbr-17.0.12-1\bin\jsvml.dll
0x00007ffbeb370000 - 0x00007ffbebadd000 	C:\Windows\System32\SHELL32.dll
0x00007ffbe7db0000 - 0x00007ffbe8554000 	C:\Windows\SYSTEM32\windows.storage.dll
0x00007ffbea750000 - 0x00007ffbeaaa5000 	C:\Windows\System32\combase.dll
0x00007ffbe9690000 - 0x00007ffbe96bf000 	C:\Windows\SYSTEM32\Wldp.dll
0x00007ffbec250000 - 0x00007ffbec31d000 	C:\Windows\System32\OLEAUT32.dll
0x00007ffbeb2c0000 - 0x00007ffbeb36d000 	C:\Windows\System32\SHCORE.dll
0x00007ffbebc60000 - 0x00007ffbebcb5000 	C:\Windows\System32\shlwapi.dll
0x00007ffbe9c60000 - 0x00007ffbe9c84000 	C:\Windows\SYSTEM32\profapi.dll
0x00007ffbc8d80000 - 0x00007ffbc8d99000 	C:\Users\39\.jdks\jbr-17.0.12-1\bin\net.dll
0x00007ffbe0f60000 - 0x00007ffbe106a000 	C:\Windows\SYSTEM32\WINHTTP.dll
0x00007ffbe93f0000 - 0x00007ffbe945c000 	C:\Windows\system32\mswsock.dll
0x00007ffbc0aa0000 - 0x00007ffbc0ab6000 	C:\Users\39\.jdks\jbr-17.0.12-1\bin\nio.dll
0x00007ffbc09e0000 - 0x00007ffbc09f8000 	C:\Users\39\.jdks\jbr-17.0.12-1\bin\zip.dll
0x000001e3caa50000 - 0x000001e3caa53000 	C:\Users\39\.openjfx\cache\21.0.2+5\amd64\api-ms-win-core-console-l1-1-0.dll
0x000001e3caa60000 - 0x000001e3caa63000 	C:\Users\39\.openjfx\cache\21.0.2+5\amd64\api-ms-win-core-console-l1-2-0.dll
0x000001e3caa70000 - 0x000001e3caa73000 	C:\Users\39\.openjfx\cache\21.0.2+5\amd64\api-ms-win-core-datetime-l1-1-0.dll
0x000001e3caa80000 - 0x000001e3caa83000 	C:\Users\39\.openjfx\cache\21.0.2+5\amd64\api-ms-win-core-debug-l1-1-0.dll
0x000001e3caa90000 - 0x000001e3caa93000 	C:\Users\39\.openjfx\cache\21.0.2+5\amd64\api-ms-win-core-errorhandling-l1-1-0.dll
0x000001e3caaa0000 - 0x000001e3caaa4000 	C:\Users\39\.openjfx\cache\21.0.2+5\amd64\api-ms-win-core-file-l1-1-0.dll
0x000001e3e2b70000 - 0x000001e3e2b73000 	C:\Users\39\.openjfx\cache\21.0.2+5\amd64\api-ms-win-core-file-l1-2-0.dll
0x000001e3e2b80000 - 0x000001e3e2b83000 	C:\Users\39\.openjfx\cache\21.0.2+5\amd64\api-ms-win-core-file-l2-1-0.dll
0x000001e3e2b90000 - 0x000001e3e2b93000 	C:\Users\39\.openjfx\cache\21.0.2+5\amd64\api-ms-win-core-handle-l1-1-0.dll
0x000001e3e2ba0000 - 0x000001e3e2ba3000 	C:\Users\39\.openjfx\cache\21.0.2+5\amd64\api-ms-win-core-heap-l1-1-0.dll
0x000001e3e2bb0000 - 0x000001e3e2bb3000 	C:\Users\39\.openjfx\cache\21.0.2+5\amd64\api-ms-win-core-interlocked-l1-1-0.dll
0x000001e3e2bc0000 - 0x000001e3e2bc3000 	C:\Users\39\.openjfx\cache\21.0.2+5\amd64\api-ms-win-core-libraryloader-l1-1-0.dll
0x000001e3e2bd0000 - 0x000001e3e2bd3000 	C:\Users\39\.openjfx\cache\21.0.2+5\amd64\api-ms-win-core-localization-l1-2-0.dll
0x000001e3e2be0000 - 0x000001e3e2be3000 	C:\Users\39\.openjfx\cache\21.0.2+5\amd64\api-ms-win-core-memory-l1-1-0.dll
0x000001e3e2bf0000 - 0x000001e3e2bf3000 	C:\Users\39\.openjfx\cache\21.0.2+5\amd64\api-ms-win-core-namedpipe-l1-1-0.dll
0x000001e3e2c00000 - 0x000001e3e2c03000 	C:\Users\39\.openjfx\cache\21.0.2+5\amd64\api-ms-win-core-processenvironment-l1-1-0.dll
0x000001e3e2c10000 - 0x000001e3e2c13000 	C:\Users\39\.openjfx\cache\21.0.2+5\amd64\api-ms-win-core-processthreads-l1-1-0.dll
0x000001e3e2c20000 - 0x000001e3e2c23000 	C:\Users\39\.openjfx\cache\21.0.2+5\amd64\api-ms-win-core-processthreads-l1-1-1.dll
0x000001e3e2c30000 - 0x000001e3e2c33000 	C:\Users\39\.openjfx\cache\21.0.2+5\amd64\api-ms-win-core-profile-l1-1-0.dll
0x000001e3e2c40000 - 0x000001e3e2c43000 	C:\Users\39\.openjfx\cache\21.0.2+5\amd64\api-ms-win-core-rtlsupport-l1-1-0.dll
0x000001e3e2c50000 - 0x000001e3e2c53000 	C:\Users\39\.openjfx\cache\21.0.2+5\amd64\api-ms-win-core-string-l1-1-0.dll
0x000001e3e2c60000 - 0x000001e3e2c63000 	C:\Users\39\.openjfx\cache\21.0.2+5\amd64\api-ms-win-core-synch-l1-1-0.dll
0x000001e3e2c70000 - 0x000001e3e2c73000 	C:\Users\39\.openjfx\cache\21.0.2+5\amd64\api-ms-win-core-synch-l1-2-0.dll
0x000001e3e2c80000 - 0x000001e3e2c83000 	C:\Users\39\.openjfx\cache\21.0.2+5\amd64\api-ms-win-core-sysinfo-l1-1-0.dll
0x000001e3e2c90000 - 0x000001e3e2c93000 	C:\Users\39\.openjfx\cache\21.0.2+5\amd64\api-ms-win-core-timezone-l1-1-0.dll
0x000001e3e2ca0000 - 0x000001e3e2ca3000 	C:\Users\39\.openjfx\cache\21.0.2+5\amd64\api-ms-win-core-util-l1-1-0.dll
0x000001e3e2cb0000 - 0x000001e3e2cb3000 	C:\Users\39\.openjfx\cache\21.0.2+5\amd64\api-ms-win-crt-conio-l1-1-0.dll
0x000001e3e2cc0000 - 0x000001e3e2cc4000 	C:\Users\39\.openjfx\cache\21.0.2+5\amd64\api-ms-win-crt-convert-l1-1-0.dll
0x000001e3e2cd0000 - 0x000001e3e2cd3000 	C:\Users\39\.openjfx\cache\21.0.2+5\amd64\api-ms-win-crt-environment-l1-1-0.dll
0x000001e3e2ce0000 - 0x000001e3e2ce3000 	C:\Users\39\.openjfx\cache\21.0.2+5\amd64\api-ms-win-crt-filesystem-l1-1-0.dll
0x000001e3e2cf0000 - 0x000001e3e2cf3000 	C:\Users\39\.openjfx\cache\21.0.2+5\amd64\api-ms-win-crt-heap-l1-1-0.dll
0x000001e3e2d00000 - 0x000001e3e2d03000 	C:\Users\39\.openjfx\cache\21.0.2+5\amd64\api-ms-win-crt-locale-l1-1-0.dll
0x000001e3e2d10000 - 0x000001e3e2d15000 	C:\Users\39\.openjfx\cache\21.0.2+5\amd64\api-ms-win-crt-math-l1-1-0.dll
0x000001e3e2d20000 - 0x000001e3e2d25000 	C:\Users\39\.openjfx\cache\21.0.2+5\amd64\api-ms-win-crt-multibyte-l1-1-0.dll
0x000001e3e2d30000 - 0x000001e3e2d40000 	C:\Users\39\.openjfx\cache\21.0.2+5\amd64\api-ms-win-crt-private-l1-1-0.dll
0x000001e3e2d40000 - 0x000001e3e2d43000 	C:\Users\39\.openjfx\cache\21.0.2+5\amd64\api-ms-win-crt-process-l1-1-0.dll
0x000001e3e2d50000 - 0x000001e3e2d54000 	C:\Users\39\.openjfx\cache\21.0.2+5\amd64\api-ms-win-crt-runtime-l1-1-0.dll
0x000001e3e2d60000 - 0x000001e3e2d64000 	C:\Users\39\.openjfx\cache\21.0.2+5\amd64\api-ms-win-crt-stdio-l1-1-0.dll
0x000001e3e2d70000 - 0x000001e3e2d74000 	C:\Users\39\.openjfx\cache\21.0.2+5\amd64\api-ms-win-crt-string-l1-1-0.dll
0x000001e3e2d80000 - 0x000001e3e2d83000 	C:\Users\39\.openjfx\cache\21.0.2+5\amd64\api-ms-win-crt-time-l1-1-0.dll
0x000001e3e2d90000 - 0x000001e3e2d93000 	C:\Users\39\.openjfx\cache\21.0.2+5\amd64\api-ms-win-crt-utility-l1-1-0.dll
0x00007ffbbc880000 - 0x00007ffbbc97c000 	C:\Users\39\.openjfx\cache\21.0.2+5\amd64\ucrtbase.dll
0x00007ffbc00b0000 - 0x00007ffbc00cb000 	C:\Users\39\.openjfx\cache\21.0.2+5\amd64\vcruntime140.dll
0x00007ffbcb7d0000 - 0x00007ffbcb7dc000 	C:\Users\39\.openjfx\cache\21.0.2+5\amd64\vcruntime140_1.dll
0x00007ffbbcc10000 - 0x00007ffbbcc9e000 	C:\Users\39\.openjfx\cache\21.0.2+5\amd64\msvcp140.dll
0x00007ffbcb5b0000 - 0x00007ffbcb5b9000 	C:\Users\39\.openjfx\cache\21.0.2+5\amd64\msvcp140_1.dll
0x00007ffbbe240000 - 0x00007ffbbe281000 	C:\Users\39\.openjfx\cache\21.0.2+5\amd64\msvcp140_2.dll
0x00007ffbc0080000 - 0x00007ffbc00b0000 	C:\Users\39\.openjfx\cache\21.0.2+5\amd64\prism_d3d.dll
0x00007ffbda3a0000 - 0x00007ffbda571000 	C:\Windows\system32\d3d9.dll
0x00007ffbe78b0000 - 0x00007ffbe78df000 	C:\Windows\SYSTEM32\dwmapi.dll
0x00007ffbe7680000 - 0x00007ffbe771e000 	C:\Windows\system32\uxtheme.dll
0x00007ffbeafc0000 - 0x00007ffbeb0eb000 	C:\Windows\System32\ole32.dll
0x00007ffbea630000 - 0x00007ffbea67e000 	C:\Windows\System32\cfgmgr32.dll
0x00007ffbbd590000 - 0x00007ffbbd5d2000 	C:\Users\39\.openjfx\cache\21.0.2+5\amd64\glass.dll
0x00007ffbec170000 - 0x00007ffbec24a000 	C:\Windows\System32\COMDLG32.dll
0x00007ffbeb1a0000 - 0x00007ffbeb2b5000 	C:\Windows\System32\MSCTF.dll
0x00007ffbe95f0000 - 0x00007ffbe9608000 	C:\Windows\SYSTEM32\CRYPTSP.dll
0x00007ffbe8d10000 - 0x00007ffbe8d44000 	C:\Windows\system32\rsaenh.dll
0x00007ffbe95e0000 - 0x00007ffbe95ec000 	C:\Windows\SYSTEM32\CRYPTBASE.dll
0x00007ffbdf240000 - 0x00007ffbdf27b000 	C:\Windows\SYSTEM32\dxcore.dll
0x00007ffbe9110000 - 0x00007ffbe91da000 	C:\Windows\SYSTEM32\DNSAPI.dll
0x00007ffbe90d0000 - 0x00007ffbe910b000 	C:\Windows\SYSTEM32\IPHLPAPI.DLL
0x00007ffbebae0000 - 0x00007ffbebae8000 	C:\Windows\System32\NSI.dll
0x00007ffbe1bf0000 - 0x00007ffbe1bfa000 	C:\Windows\System32\rasadhlp.dll
0x00007ffbdd7b0000 - 0x00007ffbdd830000 	C:\Windows\System32\fwpuclnt.dll
0x00007ffbc8ca0000 - 0x00007ffbc8ca9000 	C:\Users\39\.jdks\jbr-17.0.12-1\bin\extnet.dll
0x00007ffbbd540000 - 0x00007ffbbd554000 	C:\Users\39\.openjfx\cache\21.0.2+5\amd64\javafx_font.dll
0x00007ffbceb60000 - 0x00007ffbceddf000 	C:\Windows\SYSTEM32\dwrite.dll
0x00007ffbbabb0000 - 0x00007ffbbad4a000 	C:\Users\39\.jdks\jbr-17.0.12-1\bin\awt.dll
0x00007ffbbd450000 - 0x00007ffbbd494000 	C:\Users\39\.jdks\jbr-17.0.12-1\bin\nvdaControllerClient64.dll
0x00007ffbe5200000 - 0x00007ffbe5294000 	C:\Windows\SYSTEM32\apphelp.dll
0x00007ffbbc7f0000 - 0x00007ffbbc877000 	C:\Users\39\.jdks\jbr-17.0.12-1\bin\freetype.dll
0x00007ffbbaac0000 - 0x00007ffbbaba5000 	C:\Users\39\.jdks\jbr-17.0.12-1\bin\fontmanager.dll
0x00007ffbeb0f0000 - 0x00007ffbeb199000 	C:\Windows\System32\clbcatq.dll
0x00007ffbe7440000 - 0x00007ffbe75f4000 	C:\Windows\SYSTEM32\WindowsCodecs.dll
0x00007ffbb8870000 - 0x00007ffbb88ae000 	C:\Windows\system32\dataexchange.dll
0x00007ffbe3850000 - 0x00007ffbe3ab3000 	C:\Windows\system32\d3d11.dll
0x00007ffbe4160000 - 0x00007ffbe4344000 	C:\Windows\system32\dcomp.dll
0x00007ffbe85c0000 - 0x00007ffbe86b6000 	C:\Windows\system32\dxgi.dll
0x00007ffbe1c90000 - 0x00007ffbe1e93000 	C:\Windows\system32\twinapi.appcore.dll
0x00007ffbc09a0000 - 0x00007ffbc09d4000 	C:\Program Files\Common Files\Microsoft Shared\Ink\rtscom.dll

dbghelp: loaded successfully - version: 4.0.5 - missing functions: none
symbol engine: initialized successfully - sym options: 0x614 - pdb path: .;C:\Users\39\.jdks\jbr-17.0.12-1\bin;C:\Windows\SYSTEM32;C:\Windows\WinSxS\amd64_microsoft.windows.common-controls_6595b64144ccf1df_6.0.19041.4355_none_60b8b9eb71f62e16;C:\Users\39\.jdks\jbr-17.0.12-1\bin\server;C:\Users\39\.openjfx\cache\21.0.2+5\amd64;C:\Windows\System32\DriverStore\FileRepository\iigd_dch.inf_amd64_4b31d9b38e2bb506;C:\Program Files\Common Files\Microsoft Shared\Ink

VM Arguments:
jvm_args: --module-path=C:\Users\39\.m2\repository\org\openjfx\javafx-base\21.0.2\javafx-base-21.0.2-win.jar;C:\Users\39\.m2\repository\org\openjfx\javafx-base\21.0.2\javafx-base-21.0.2.jar;C:\Users\39\.m2\repository\org\openjfx\javafx-controls\21.0.2\javafx-controls-21.0.2-win.jar;C:\Users\39\.m2\repository\org\openjfx\javafx-controls\21.0.2\javafx-controls-21.0.2.jar;C:\Users\39\.m2\repository\org\openjfx\javafx-fxml\21.0.2\javafx-fxml-21.0.2-win.jar;C:\Users\39\.m2\repository\org\openjfx\javafx-fxml\21.0.2\javafx-fxml-21.0.2.jar;C:\Users\39\.m2\repository\org\openjfx\javafx-graphics\21.0.2\javafx-graphics-21.0.2-win.jar;C:\Users\39\.m2\repository\org\openjfx\javafx-graphics\21.0.2\javafx-graphics-21.0.2.jar;C:\Users\39\.m2\repository\org\openjfx\javafx-media\21.0.2\javafx-media-21.0.2-win.jar;C:\Users\39\.m2\repository\org\openjfx\javafx-media\21.0.2\javafx-media-21.0.2.jar;C:\Users\39\.m2\repository\org\openjfx\javafx-swing\21.0.2\javafx-swing-21.0.2-win.jar;C:\Users\39\.m2\repository\org\openjfx\javafx-swing\21.0.2\javafx-swing-21.0.2.jar;C:\Users\39\.m2\repository\org\openjfx\javafx-web\21.0.2\javafx-web-21.0.2-win.jar;C:\Users\39\.m2\repository\org\openjfx\javafx-web\21.0.2\javafx-web-21.0.2.jar --add-modules=javafx.base,javafx.controls,javafx.fxml,javafx.graphics,javafx.media,javafx.swing,javafx.web 
java_command: org.gymify.tests.MainApp
java_class_path (initial): C:\Users\39\Documents\GitHub\DevAthletes\DevAthletes\gymify\target\classes;C:\Users\39\.m2\repository\com\fasterxml\jackson\core\jackson-annotations\2.15.2\jackson-annotations-2.15.2.jar;C:\Users\39\.m2\repository\com\fasterxml\jackson\core\jackson-core\2.13.3\jackson-core-2.13.3.jar;C:\Users\39\.m2\repository\com\fasterxml\jackson\core\jackson-databind\2.15.2\jackson-databind-2.15.2.jar;C:\Users\39\.m2\repository\com\fasterxml\woodstox\woodstox-core\5.1.0\woodstox-core-5.1.0.jar;C:\Users\39\.m2\repository\com\google\api-client\google-api-client\2.0.0\google-api-client-2.0.0.jar;C:\Users\39\.m2\repository\com\google\apis\google-api-services-calendar\v3-rev20220715-2.0.0\google-api-services-calendar-v3-rev20220715-2.0.0.jar;C:\Users\39\.m2\repository\com\google\code\findbugs\jsr305\3.0.2\jsr305-3.0.2.jar;C:\Users\39\.m2\repository\com\google\code\gson\gson\2.9.0\gson-2.9.0.jar;C:\Users\39\.m2\repository\com\google\errorprone\error_prone_annotations\2.11.0\error_prone_annotations-2.11.0.jar;C:\Users\39\.m2\repository\com\google\guava\failureaccess\1.0.1\failureaccess-1.0.1.jar;C:\Users\39\.m2\repository\com\google\guava\guava\31.1-jre\guava-31.1-jre.jar;C:\Users\39\.m2\repository\com\google\guava\listenablefuture\9999.0-empty-to-avoid-conflict-with-guava\listenablefuture-9999.0-empty-to-avoid-conflict-with-guava.jar;C:\Users\39\.m2\repository\com\google\http-client\google-http-client\1.42.0\google-http-client-1.42.0.jar;C:\Users\39\.m2\repository\com\google\http-client\google-http-client-apache-v2\1.42.1\google-http-client-apache-v2-1.42.1.jar;C:\Users\39\.m2\repository\com\google\http-client\google-http-client-gson\1.42.1\google-http-client-gson-1.42.1.jar;C:\Users\39\.m2\repository\com\google\http-client\google-http-client-jackson2\1.42.0\google-http-client-jackson2-1.42.0.jar;C:\Users\39\.m2\repository\com\google\j2objc\j2objc-annotations\1.3\j2objc-annotations-1.3.jar;C:\Users\39\.m2\repository\com\google\oauth-client\google-oauth-clie
Launcher Type: SUN_STANDARD

[Global flags]
     intx CICompilerCount                          = 4                                         {product} {ergonomic}
     uint ConcGCThreads                            = 2                                         {product} {ergonomic}
     uint G1ConcRefinementThreads                  = 8                                         {product} {ergonomic}
   size_t G1HeapRegionSize                         = 1048576                                   {product} {ergonomic}
    uintx GCDrainStackTargetSize                   = 64                                        {product} {ergonomic}
   size_t InitialHeapSize                          = 65011712                                  {product} {ergonomic}
   size_t MarkStackSize                            = 4194304                                   {product} {ergonomic}
   size_t MaxHeapSize                              = 1031798784                                {product} {ergonomic}
   size_t MaxNewSize                               = 618659840                                 {product} {ergonomic}
   size_t MinHeapDeltaBytes                        = 1048576                                   {product} {ergonomic}
   size_t MinHeapSize                              = 8388608                                   {product} {ergonomic}
    uintx NonNMethodCodeHeapSize                   = 5839372                                {pd product} {ergonomic}
    uintx NonProfiledCodeHeapSize                  = 122909434                              {pd product} {ergonomic}
    uintx ProfiledCodeHeapSize                     = 122909434                              {pd product} {ergonomic}
    uintx ReservedCodeCacheSize                    = 251658240                              {pd product} {ergonomic}
     bool SegmentedCodeCache                       = true                                      {product} {ergonomic}
   size_t SoftMaxHeapSize                          = 1031798784                             {manageable} {ergonomic}
     bool UseCompressedClassPointers               = true                           {product lp64_product} {ergonomic}
     bool UseCompressedOops                        = true                           {product lp64_product} {ergonomic}
     bool UseG1GC                                  = true                                      {product} {ergonomic}
     bool UseLargePagesIndividualAllocation        = false                                  {pd product} {ergonomic}

Logging:
Log output configuration:
 #0: stdout all=warning uptime,level,tags
 #1: stderr all=off uptime,level,tags

Environment Variables:
PATH=C:\oraclexe\app\oracle\product\11.2.0\server\bin;C:\Users\39\.jdks\jbr-17.0.12-1\bin;C:\Program Files (x86)\VMware\VMware Workstation\bin\;C:\Users\39\.jdks\jbr-17.0.12\bin;C:\Windows\system32;C:\Windows;C:\Windows\System32\Wbem;C:\Windows\System32\WindowsPowerShell\v1.0\;C:\Windows\System32\OpenSSH\;C:\xampp\php;C:\composer;C:\Program Files\Git\cmd;C:\Program Files (x86)\CodeBlocks\MinGW\bin;C:\Program Files (x86)\GnuWin32\bin;C:\Program Files\Apache\Maven\apache-maven-3.8.8\bin;C:\Users\39\scoop\shims;C:\Users\39\AppData\Local\Microsoft\WindowsApps;C:\Users\39\AppData\Roaming\Composer\vendor\bin;C:\Users\39\AppData\Local\Programs\Microsoft VS Code\bin;C:\Users\39\AppData\Local\GitHubDesktop\bin
USERNAME=39
OS=Windows_NT
PROCESSOR_IDENTIFIER=Intel64 Family 6 Model 142 Stepping 12, GenuineIntel
TMP=C:\Users\39\AppData\Local\Temp
TEMP=C:\Users\39\AppData\Local\Temp



Periodic native trim disabled

JNI global refs:
JNI global refs: 103, weak refs: 1

JNI global refs memory usage: 1475, weak refs: 841

Process memory usage:
Resident Set Size: 234612K (5% of 4024112K total physical memory with 48064K free physical memory)

OOME stack traces (most recent first):
Classloader memory used:
Loader jdk.internal.loader.ClassLoaders$AppClassLoader                                 : 2383K
Loader bootstrap                                                                       : 1148K
Loader jdk.internal.loader.ClassLoaders$PlatformClassLoader                            : 47614B
Loader jdk.internal.reflect.DelegatingClassLoader                                      : 10624B
Loader com.sun.javafx.reflect.MethodUtil                                               : 510B


---------------  S Y S T E M  ---------------

OS:
 Windows 10 , 64 bit Build 19041 (10.0.19041.5438)
OS uptime: 0 days 8:28 hours

CPU: total 8 (initial active 8) (4 cores per cpu, 2 threads per core) family 6 model 142 stepping 12 microcode 0xde, cx8, cmov, fxsr, ht, mmx, 3dnowpref, sse, sse2, sse3, ssse3, sse4.1, sse4.2, popcnt, lzcnt, tsc, tscinvbit, avx, avx2, aes, erms, clmul, bmi1, bmi2, adx, fma, vzeroupper, clflush, clflushopt
Processor Information for all 8 processors :
  Max Mhz: 2112, Current Mhz: 1609, Mhz Limit: 1605

Memory: 4k page, system-wide physical 3929M (46M free)
TotalPageFile size 16217M (AvailPageFile size 2M)
current process WorkingSet (physical memory assigned to process): 229M, peak: 322M
current process commit charge ("private bytes"): 653M, peak: 698M

vm_info: OpenJDK 64-Bit Server VM (17.0.12+1-b1207.37) for windows-amd64 JRE (17.0.12+1-b1207.37), built on 2024-09-25 by "builduser" with MS VC++ 16.10 / 16.11 (VS2019)

END.
