#
# There is insufficient memory for the Java Runtime Environment to continue.
# Native memory allocation (mmap) failed to map 15728640 bytes. Error detail: G1 virtual space
# Possible reasons:
#   The system is out of physical RAM or swap space
#   This process is running with CompressedOops enabled, and the Java Heap may be blocking the growth of the native heap
# Possible solutions:
#   Reduce memory load on the system
#   Increase physical memory or swap space
#   Check if swap backing store is full
#   Decrease Java heap size (-Xmx/-Xms)
#   Decrease number of Java threads
#   Decrease Java thread stack sizes (-Xss)
#   Set larger code cache with -XX:ReservedCodeCacheSize=
#   JVM is running with Unscaled Compressed Oops mode in which the Java heap is
#     placed in the first 4GB address space. The Java Heap base address is the
#     maximum limit for the native heap growth. Please use -XX:HeapBaseMinAddress
#     to set the Java Heap base and to place the Java Heap above 4GB virtual address.
# This output file may be truncated or incomplete.
#
#  Out of Memory Error (os_windows.cpp:3825), pid=15620, tid=20528
#
# JRE version: OpenJDK Runtime Environment JBR-17.0.12+1-1207.37-nomod (17.0.12+1) (build 17.0.12+1-b1207.37)
# Java VM: OpenJDK 64-Bit Server VM JBR-17.0.12+1-1207.37-nomod (17.0.12+1-b1207.37, mixed mode, sharing, tiered, compressed oops, compressed class ptrs, g1 gc, windows-amd64)
# No core dump will be written. Minidumps are not enabled by default on client versions of Windows
#

---------------  S U M M A R Y ------------

Command Line: --module-path=C:\Users\39\.m2\repository\org\openjfx\javafx-base\21.0.2\javafx-base-21.0.2-win.jar;C:\Users\39\.m2\repository\org\openjfx\javafx-base\21.0.2\javafx-base-21.0.2.jar;C:\Users\39\.m2\repository\org\openjfx\javafx-controls\21.0.2\javafx-controls-21.0.2-win.jar;C:\Users\39\.m2\repository\org\openjfx\javafx-controls\21.0.2\javafx-controls-21.0.2.jar;C:\Users\39\.m2\repository\org\openjfx\javafx-fxml\21.0.2\javafx-fxml-21.0.2-win.jar;C:\Users\39\.m2\repository\org\openjfx\javafx-fxml\21.0.2\javafx-fxml-21.0.2.jar;C:\Users\39\.m2\repository\org\openjfx\javafx-graphics\21.0.2\javafx-graphics-21.0.2-win.jar;C:\Users\39\.m2\repository\org\openjfx\javafx-graphics\21.0.2\javafx-graphics-21.0.2.jar;C:\Users\39\.m2\repository\org\openjfx\javafx-media\21.0.2\javafx-media-21.0.2-win.jar;C:\Users\39\.m2\repository\org\openjfx\javafx-media\21.0.2\javafx-media-21.0.2.jar;C:\Users\39\.m2\repository\org\openjfx\javafx-web\21.0.2\javafx-web-21.0.2-win.jar;C:\Users\39\.m2\repository\org\openjfx\javafx-web\21.0.2\javafx-web-21.0.2.jar --add-modules=javafx.base,javafx.controls,javafx.fxml,javafx.graphics,javafx.media,javafx.web org.gymify.tests.MainApp

Host: Intel(R) Core(TM) i5-10210U CPU @ 1.60GHz, 8 cores, 3G,  Windows 10 , 64 bit Build 19041 (10.0.19041.5438)
Time: Sat Mar  1 16:03:24 2025 Paris, Madrid elapsed time: 18.514404 seconds (0d 0h 0m 18s)

---------------  T H R E A D  ---------------

Current thread (0x000001bb1d871840):  VMThread "VM Thread" [stack: 0x0000006eabb00000,0x0000006eabc00000] [id=20528]

Stack: [0x0000006eabb00000,0x0000006eabc00000]
Native frames: (J=compiled Java code, j=interpreted, Vv=VM code, C=native code)
V  [jvm.dll+0x689d89]

VM_Operation (0x0000006eab7ff440): G1PauseRemark, mode: safepoint, requested by thread 0x000001bb05f71910


---------------  P R O C E S S  ---------------

Threads class SMR info:
_java_thread_list=0x000001bb68dbec20, length=24, elements={
0x000001bb05f2c2d0, 0x000001bb1d8754a0, 0x000001bb1d8770d0, 0x000001bb1d891040,
0x000001bb1d892c10, 0x000001bb1d895d80, 0x000001bb1d896f60, 0x000001bb1d898fa0,
0x000001bb1d89ea60, 0x000001bb1d8a1c10, 0x000001bb1dc09ad0, 0x000001bb1dd83f50,
0x000001bb632a2e50, 0x000001bb63353df0, 0x000001bb6335d280, 0x000001bb635c35c0,
0x000001bb635ebe10, 0x000001bb1ddc2ae0, 0x000001bb68fdd4c0, 0x000001bb69113c10,
0x000001bb691131f0, 0x000001bb691118a0, 0x000001bb69113700, 0x000001bb69114630
}

Java Threads: ( => current thread )
  0x000001bb05f2c2d0 JavaThread "main" [_thread_blocked, id=17644, stack(0x0000006eab500000,0x0000006eab600000)]
  0x000001bb1d8754a0 JavaThread "Reference Handler" daemon [_thread_blocked, id=10812, stack(0x0000006eabc00000,0x0000006eabd00000)]
  0x000001bb1d8770d0 JavaThread "Finalizer" daemon [_thread_blocked, id=796, stack(0x0000006eabd00000,0x0000006eabe00000)]
  0x000001bb1d891040 JavaThread "Signal Dispatcher" daemon [_thread_blocked, id=10584, stack(0x0000006eabe00000,0x0000006eabf00000)]
  0x000001bb1d892c10 JavaThread "Attach Listener" daemon [_thread_blocked, id=19096, stack(0x0000006eabf00000,0x0000006eac000000)]
  0x000001bb1d895d80 JavaThread "Service Thread" daemon [_thread_blocked, id=18252, stack(0x0000006eac000000,0x0000006eac100000)]
  0x000001bb1d896f60 JavaThread "Monitor Deflation Thread" daemon [_thread_blocked, id=15280, stack(0x0000006eac100000,0x0000006eac200000)]
  0x000001bb1d898fa0 JavaThread "C2 CompilerThread0" daemon [_thread_blocked, id=20300, stack(0x0000006eac200000,0x0000006eac300000)]
  0x000001bb1d89ea60 JavaThread "C1 CompilerThread0" daemon [_thread_blocked, id=16892, stack(0x0000006eac300000,0x0000006eac400000)]
  0x000001bb1d8a1c10 JavaThread "Sweeper thread" daemon [_thread_blocked, id=22096, stack(0x0000006eac400000,0x0000006eac500000)]
  0x000001bb1dc09ad0 JavaThread "Common-Cleaner" daemon [_thread_blocked, id=724, stack(0x0000006eac500000,0x0000006eac600000)]
  0x000001bb1dd83f50 JavaThread "Notification Thread" daemon [_thread_blocked, id=12956, stack(0x0000006eac600000,0x0000006eac700000)]
  0x000001bb632a2e50 JavaThread "QuantumRenderer-0" daemon [_thread_blocked, id=20216, stack(0x0000006eac800000,0x0000006eac900000)]
  0x000001bb63353df0 JavaThread "InvokeLaterDispatcher" daemon [_thread_blocked, id=21440, stack(0x0000006eac900000,0x0000006eaca00000)]
  0x000001bb6335d280 JavaThread "JavaFX Application Thread" [_thread_blocked, id=20664, stack(0x0000006eaca00000,0x0000006eacb00000)]
  0x000001bb635c35c0 JavaThread "JavaFX-Launcher" [_thread_blocked, id=6480, stack(0x0000006eacf00000,0x0000006ead000000)]
  0x000001bb635ebe10 JavaThread "Thread-2" daemon [_thread_blocked, id=17748, stack(0x0000006eace00000,0x0000006eacf00000)]
  0x000001bb1ddc2ae0 JavaThread "mysql-cj-abandoned-connection-cleanup" daemon [_thread_blocked, id=14936, stack(0x0000006ead500000,0x0000006ead600000)]
  0x000001bb68fdd4c0 JavaThread "Prism Font Disposer" daemon [_thread_blocked, id=8888, stack(0x0000006eadb00000,0x0000006eadc00000)]
  0x000001bb69113c10 JavaThread "Cleaner-0" daemon [_thread_blocked, id=17444, stack(0x0000006eadd00000,0x0000006eade00000)]
  0x000001bb691131f0 JavaThread "Thread-3" [_thread_blocked, id=17716, stack(0x0000006eadf00000,0x0000006eae000000)]
  0x000001bb691118a0 JavaThread "Thread-4" [_thread_blocked, id=972, stack(0x0000006eae000000,0x0000006eae100000)]
  0x000001bb69113700 JavaThread "Thread-5" [_thread_blocked, id=20876, stack(0x0000006eae100000,0x0000006eae200000)]
  0x000001bb69114630 JavaThread "Thread-6" [_thread_blocked, id=18724, stack(0x0000006eae200000,0x0000006eae300000)]

Other Threads:
=>0x000001bb1d871840 VMThread "VM Thread" [stack: 0x0000006eabb00000,0x0000006eabc00000] [id=20528]
  0x000001bb1dd5b680 WatcherThread [stack: 0x0000006eac700000,0x0000006eac800000] [id=20348]
  0x000001bb05f67eb0 GCTaskThread "GC Thread#0" [stack: 0x0000006eab600000,0x0000006eab700000] [id=4136]
  0x000001bb63519280 GCTaskThread "GC Thread#1" [stack: 0x0000006ead000000,0x0000006ead100000] [id=13536]
  0x000001bb6354bff0 GCTaskThread "GC Thread#2" [stack: 0x0000006ead100000,0x0000006ead200000] [id=8688]
  0x000001bb6355fb50 GCTaskThread "GC Thread#3" [stack: 0x0000006ead200000,0x0000006ead300000] [id=21740]
  0x000001bb6355ec80 GCTaskThread "GC Thread#4" [stack: 0x0000006ead300000,0x0000006ead400000] [id=8652]
  0x000001bb6358c390 GCTaskThread "GC Thread#5" [stack: 0x0000006ead400000,0x0000006ead500000] [id=22340]
  0x000001bb68d8b060 GCTaskThread "GC Thread#6" [stack: 0x0000006ead600000,0x0000006ead700000] [id=19184]
  0x000001bb68ef9af0 GCTaskThread "GC Thread#7" [stack: 0x0000006ead700000,0x0000006ead800000] [id=18120]
  0x000001bb05f71910 ConcurrentGCThread "G1 Main Marker" [stack: 0x0000006eab700000,0x0000006eab800000] [id=15568]
  0x000001bb05f72ad0 ConcurrentGCThread "G1 Conc#0" [stack: 0x0000006eab800000,0x0000006eab900000] [id=12168]
  0x000001bb690a60f0 ConcurrentGCThread "G1 Conc#1" [stack: 0x0000006eade00000,0x0000006eadf00000] [id=14728]
  0x000001bb05fc1e70 ConcurrentGCThread "G1 Refine#0" [stack: 0x0000006eab900000,0x0000006eaba00000] [id=4512]
  0x000001bb05fc28a0 ConcurrentGCThread "G1 Service" [stack: 0x0000006eaba00000,0x0000006eabb00000] [id=10220]

Threads with active compile tasks:
C2 CompilerThread0    23855 4276 %     4       com.sun.marlin.Renderer::_endRendering @ 251 (2639 bytes)

VM state: at safepoint (normal execution)

VM Mutex/Monitor currently owned by a thread:  ([mutex/lock_event])
[0x000001bb05f27d70] Threads_lock - owner thread: 0x000001bb1d871840
[0x000001bb05f27f20] Heap_lock - owner thread: 0x000001bb05f71910

Heap address: 0x00000000c2800000, size: 984 MB, Compressed Oops mode: 32-bit

CDS archive(s) mapped at: [0x000001bb1e000000-0x000001bb1ec00000-0x000001bb1ec00000), size 12582912, SharedBaseAddress: 0x000001bb1e000000, ArchiveRelocationMode: 1.
Compressed class space mapped at: 0x000001bb1f000000-0x000001bb5f000000, reserved size: 1073741824
Narrow klass base: 0x000001bb1e000000, Narrow klass shift: 0, Narrow klass range: 0x100000000

GC Precious Log:
 CPUs: 8 total, 8 available
 Memory: 3929M
 Large Page Support: Disabled
 NUMA Support: Disabled
 Compressed Oops: Enabled (32-bit)
 Heap Region Size: 1M
 Heap Min Capacity: 8M
 Heap Initial Capacity: 62M
 Heap Max Capacity: 984M
 Pre-touch: Disabled
 Parallel Workers: 8
 Concurrent Workers: 2
 Concurrent Refinement Workers: 8
 Periodic GC: Disabled

Heap:
 garbage-first heap   total 111616K, used 72876K [0x00000000c2800000, 0x0000000100000000)
  region size 1024K, 3 young (3072K), 2 survivors (2048K)
 Metaspace       used 24745K, committed 25024K, reserved 1114112K
  class space    used 3697K, committed 3840K, reserved 1048576K

Heap Regions: E=young(eden), S=young(survivor), O=old, HS=humongous(starts), HC=humongous(continues), CS=collection set, F=free, OA=open archive, CA=closed archive, TAMS=top-at-mark-start (previous, next)
|   0|0x00000000c2800000, 0x00000000c2900000, 0x00000000c2900000|100%| O|  |TAMS 0x00000000c2900000, 0x00000000c2800000| Untracked 
|   1|0x00000000c2900000, 0x00000000c2a00000, 0x00000000c2a00000|100%| O|  |TAMS 0x00000000c2a00000, 0x00000000c2900000| Untracked 
|   2|0x00000000c2a00000, 0x00000000c2b00000, 0x00000000c2b00000|100%| O|  |TAMS 0x00000000c2b00000, 0x00000000c2a00000| Untracked 
|   3|0x00000000c2b00000, 0x00000000c2c00000, 0x00000000c2c00000|100%| O|  |TAMS 0x00000000c2c00000, 0x00000000c2b00000| Untracked 
|   4|0x00000000c2c00000, 0x00000000c2d00000, 0x00000000c2d00000|100%|HS|  |TAMS 0x00000000c2d00000, 0x00000000c2c00000| Complete 
|   5|0x00000000c2d00000, 0x00000000c2e00000, 0x00000000c2e00000|100%|HC|  |TAMS 0x00000000c2e00000, 0x00000000c2d00000| Complete 
|   6|0x00000000c2e00000, 0x00000000c2f00000, 0x00000000c2f00000|100%| O|  |TAMS 0x00000000c2f00000, 0x00000000c2e00000| Untracked 
|   7|0x00000000c2f00000, 0x00000000c3000000, 0x00000000c3000000|100%| O|  |TAMS 0x00000000c3000000, 0x00000000c2f00000| Untracked 
|   8|0x00000000c3000000, 0x00000000c3100000, 0x00000000c3100000|100%| O|  |TAMS 0x00000000c3100000, 0x00000000c3000000| Untracked 
|   9|0x00000000c3100000, 0x00000000c3200000, 0x00000000c3200000|100%| O|  |TAMS 0x00000000c3200000, 0x00000000c3100000| Updating 
|  10|0x00000000c3200000, 0x00000000c3300000, 0x00000000c3300000|100%| O|  |TAMS 0x00000000c3300000, 0x00000000c3200000| Untracked 
|  11|0x00000000c3300000, 0x00000000c3400000, 0x00000000c3400000|100%| O|  |TAMS 0x00000000c3400000, 0x00000000c3300000| Untracked 
|  12|0x00000000c3400000, 0x00000000c346d800, 0x00000000c3500000| 42%| O|  |TAMS 0x00000000c346d800, 0x00000000c3400000| Updating 
|  13|0x00000000c3500000, 0x00000000c3600000, 0x00000000c3600000|100%|HS|  |TAMS 0x00000000c3600000, 0x00000000c3500000| Complete 
|  14|0x00000000c3600000, 0x00000000c3700000, 0x00000000c3700000|100%|HC|  |TAMS 0x00000000c3700000, 0x00000000c3600000| Complete 
|  15|0x00000000c3700000, 0x00000000c3800000, 0x00000000c3800000|100%|HS|  |TAMS 0x00000000c3800000, 0x00000000c3700000| Complete 
|  16|0x00000000c3800000, 0x00000000c3900000, 0x00000000c3900000|100%|HC|  |TAMS 0x00000000c3900000, 0x00000000c3800000| Complete 
|  17|0x00000000c3900000, 0x00000000c3a00000, 0x00000000c3a00000|100%|HS|  |TAMS 0x00000000c3a00000, 0x00000000c3900000| Complete 
|  18|0x00000000c3a00000, 0x00000000c3b00000, 0x00000000c3b00000|100%|HC|  |TAMS 0x00000000c3b00000, 0x00000000c3a00000| Complete 
|  19|0x00000000c3b00000, 0x00000000c3c00000, 0x00000000c3c00000|100%|HS|  |TAMS 0x00000000c3c00000, 0x00000000c3b00000| Complete 
|  20|0x00000000c3c00000, 0x00000000c3d00000, 0x00000000c3d00000|100%|HC|  |TAMS 0x00000000c3d00000, 0x00000000c3c00000| Complete 
|  21|0x00000000c3d00000, 0x00000000c3e00000, 0x00000000c3e00000|100%|HS|  |TAMS 0x00000000c3e00000, 0x00000000c3d00000| Complete 
|  22|0x00000000c3e00000, 0x00000000c3f00000, 0x00000000c3f00000|100%|HC|  |TAMS 0x00000000c3f00000, 0x00000000c3e00000| Complete 
|  23|0x00000000c3f00000, 0x00000000c4000000, 0x00000000c4000000|100%|HS|  |TAMS 0x00000000c4000000, 0x00000000c3f00000| Complete 
|  24|0x00000000c4000000, 0x00000000c4100000, 0x00000000c4100000|100%|HC|  |TAMS 0x00000000c4100000, 0x00000000c4000000| Complete 
|  25|0x00000000c4100000, 0x00000000c4200000, 0x00000000c4200000|100%| O|  |TAMS 0x00000000c4200000, 0x00000000c4100000| Untracked 
|  26|0x00000000c4200000, 0x00000000c4300000, 0x00000000c4300000|100%| O|  |TAMS 0x00000000c4300000, 0x00000000c4200000| Untracked 
|  27|0x00000000c4300000, 0x00000000c4400000, 0x00000000c4400000|100%| O|  |TAMS 0x00000000c43fdc00, 0x00000000c4300000| Updating 
|  28|0x00000000c4400000, 0x00000000c4500000, 0x00000000c4500000|100%|HS|  |TAMS 0x00000000c4500000, 0x00000000c4400000| Complete 
|  29|0x00000000c4500000, 0x00000000c4600000, 0x00000000c4600000|100%|HC|  |TAMS 0x00000000c4600000, 0x00000000c4500000| Complete 
|  30|0x00000000c4600000, 0x00000000c4700000, 0x00000000c4700000|100%|HS|  |TAMS 0x00000000c4700000, 0x00000000c4600000| Complete 
|  31|0x00000000c4700000, 0x00000000c4800000, 0x00000000c4800000|100%|HC|  |TAMS 0x00000000c4800000, 0x00000000c4700000| Complete 
|  32|0x00000000c4800000, 0x00000000c4900000, 0x00000000c4900000|100%|HS|  |TAMS 0x00000000c4900000, 0x00000000c4800000| Complete 
|  33|0x00000000c4900000, 0x00000000c4a00000, 0x00000000c4a00000|100%|HC|  |TAMS 0x00000000c4a00000, 0x00000000c4900000| Complete 
|  34|0x00000000c4a00000, 0x00000000c4b00000, 0x00000000c4b00000|100%|HS|  |TAMS 0x00000000c4b00000, 0x00000000c4a00000| Complete 
|  35|0x00000000c4b00000, 0x00000000c4c00000, 0x00000000c4c00000|100%|HC|  |TAMS 0x00000000c4c00000, 0x00000000c4b00000| Complete 
|  36|0x00000000c4c00000, 0x00000000c4d00000, 0x00000000c4d00000|100%|HS|  |TAMS 0x00000000c4d00000, 0x00000000c4c00000| Complete 
|  37|0x00000000c4d00000, 0x00000000c4e00000, 0x00000000c4e00000|100%|HC|  |TAMS 0x00000000c4e00000, 0x00000000c4d00000| Complete 
|  38|0x00000000c4e00000, 0x00000000c4f00000, 0x00000000c4f00000|100%|HS|  |TAMS 0x00000000c4f00000, 0x00000000c4e00000| Complete 
|  39|0x00000000c4f00000, 0x00000000c5000000, 0x00000000c5000000|100%|HC|  |TAMS 0x00000000c5000000, 0x00000000c4f00000| Complete 
|  40|0x00000000c5000000, 0x00000000c5100000, 0x00000000c5100000|100%|HS|  |TAMS 0x00000000c5100000, 0x00000000c5000000| Complete 
|  41|0x00000000c5100000, 0x00000000c5200000, 0x00000000c5200000|100%|HC|  |TAMS 0x00000000c5200000, 0x00000000c5100000| Complete 
|  42|0x00000000c5200000, 0x00000000c5300000, 0x00000000c5300000|100%|HS|  |TAMS 0x00000000c5300000, 0x00000000c5200000| Complete 
|  43|0x00000000c5300000, 0x00000000c5400000, 0x00000000c5400000|100%|HC|  |TAMS 0x00000000c5400000, 0x00000000c5300000| Complete 
|  44|0x00000000c5400000, 0x00000000c5500000, 0x00000000c5500000|100%|HS|  |TAMS 0x00000000c5500000, 0x00000000c5400000| Complete 
|  45|0x00000000c5500000, 0x00000000c5600000, 0x00000000c5600000|100%|HC|  |TAMS 0x00000000c5600000, 0x00000000c5500000| Complete 
|  46|0x00000000c5600000, 0x00000000c5700000, 0x00000000c5700000|100%|HS|  |TAMS 0x00000000c5700000, 0x00000000c5600000| Complete 
|  47|0x00000000c5700000, 0x00000000c5800000, 0x00000000c5800000|100%|HC|  |TAMS 0x00000000c5800000, 0x00000000c5700000| Complete 
|  48|0x00000000c5800000, 0x00000000c5900000, 0x00000000c5900000|100%|HS|  |TAMS 0x00000000c5900000, 0x00000000c5800000| Complete 
|  49|0x00000000c5900000, 0x00000000c5a00000, 0x00000000c5a00000|100%|HC|  |TAMS 0x00000000c5a00000, 0x00000000c5900000| Complete 
|  50|0x00000000c5a00000, 0x00000000c5b00000, 0x00000000c5b00000|100%|HS|  |TAMS 0x00000000c5b00000, 0x00000000c5a00000| Complete 
|  51|0x00000000c5b00000, 0x00000000c5c00000, 0x00000000c5c00000|100%|HC|  |TAMS 0x00000000c5c00000, 0x00000000c5b00000| Complete 
|  52|0x00000000c5c00000, 0x00000000c5d00000, 0x00000000c5d00000|100%|HS|  |TAMS 0x00000000c5d00000, 0x00000000c5c00000| Complete 
|  53|0x00000000c5d00000, 0x00000000c5e00000, 0x00000000c5e00000|100%|HC|  |TAMS 0x00000000c5e00000, 0x00000000c5d00000| Complete 
|  54|0x00000000c5e00000, 0x00000000c5f00000, 0x00000000c5f00000|100%|HS|  |TAMS 0x00000000c5f00000, 0x00000000c5e00000| Complete 
|  55|0x00000000c5f00000, 0x00000000c6000000, 0x00000000c6000000|100%|HC|  |TAMS 0x00000000c6000000, 0x00000000c5f00000| Complete 
|  56|0x00000000c6000000, 0x00000000c6100000, 0x00000000c6100000|100%|HS|  |TAMS 0x00000000c6100000, 0x00000000c6000000| Complete 
|  57|0x00000000c6100000, 0x00000000c6200000, 0x00000000c6200000|100%|HC|  |TAMS 0x00000000c6200000, 0x00000000c6100000| Complete 
|  58|0x00000000c6200000, 0x00000000c6300000, 0x00000000c6300000|100%|HS|  |TAMS 0x00000000c6300000, 0x00000000c6200000| Complete 
|  59|0x00000000c6300000, 0x00000000c6400000, 0x00000000c6400000|100%|HC|  |TAMS 0x00000000c6400000, 0x00000000c6300000| Complete 
|  60|0x00000000c6400000, 0x00000000c6500000, 0x00000000c6500000|100%|HS|  |TAMS 0x00000000c6500000, 0x00000000c6400000| Complete 
|  61|0x00000000c6500000, 0x00000000c6600000, 0x00000000c6600000|100%|HC|  |TAMS 0x00000000c6600000, 0x00000000c6500000| Complete 
|  62|0x00000000c6600000, 0x00000000c6700000, 0x00000000c6700000|100%|HS|  |TAMS 0x00000000c6700000, 0x00000000c6600000| Complete 
|  63|0x00000000c6700000, 0x00000000c6800000, 0x00000000c6800000|100%|HC|  |TAMS 0x00000000c6800000, 0x00000000c6700000| Complete 
|  64|0x00000000c6800000, 0x00000000c681b400, 0x00000000c6900000| 10%| O|  |TAMS 0x00000000c6800000, 0x00000000c6800000| Updating 
|  65|0x00000000c6900000, 0x00000000c6a00000, 0x00000000c6a00000|100%|HS|  |TAMS 0x00000000c6900000, 0x00000000c6900000| Complete 
|  66|0x00000000c6a00000, 0x00000000c6b00000, 0x00000000c6b00000|100%|HC|  |TAMS 0x00000000c6a00000, 0x00000000c6a00000| Complete 
|  67|0x00000000c6b00000, 0x00000000c6c00000, 0x00000000c6c00000|100%|HS|  |TAMS 0x00000000c6b00000, 0x00000000c6b00000| Complete 
|  68|0x00000000c6c00000, 0x00000000c6d00000, 0x00000000c6d00000|100%|HC|  |TAMS 0x00000000c6c00000, 0x00000000c6c00000| Complete 
|  69|0x00000000c6d00000, 0x00000000c6e00000, 0x00000000c6e00000|100%|HS|  |TAMS 0x00000000c6d00000, 0x00000000c6d00000| Complete 
|  70|0x00000000c6e00000, 0x00000000c6f00000, 0x00000000c6f00000|100%|HC|  |TAMS 0x00000000c6e00000, 0x00000000c6e00000| Complete 
|  71|0x00000000c6f00000, 0x00000000c6f00000, 0x00000000c7000000|  0%| F|  |TAMS 0x00000000c6f00000, 0x00000000c6f00000| Untracked 
|  72|0x00000000c7000000, 0x00000000c7000000, 0x00000000c7100000|  0%| F|  |TAMS 0x00000000c7000000, 0x00000000c7000000| Untracked 
|  73|0x00000000c7100000, 0x00000000c7100000, 0x00000000c7200000|  0%| F|  |TAMS 0x00000000c7100000, 0x00000000c7100000| Untracked 
|  74|0x00000000c7200000, 0x00000000c7200000, 0x00000000c7300000|  0%| F|  |TAMS 0x00000000c7200000, 0x00000000c7200000| Untracked 
|  75|0x00000000c7300000, 0x00000000c7300000, 0x00000000c7400000|  0%| F|  |TAMS 0x00000000c7300000, 0x00000000c7300000| Untracked 
|  76|0x00000000c7400000, 0x00000000c7400000, 0x00000000c7500000|  0%| F|  |TAMS 0x00000000c7400000, 0x00000000c7400000| Untracked 
|  77|0x00000000c7500000, 0x00000000c7500000, 0x00000000c7600000|  0%| F|  |TAMS 0x00000000c7500000, 0x00000000c7500000| Untracked 
|  78|0x00000000c7600000, 0x00000000c7600000, 0x00000000c7700000|  0%| F|  |TAMS 0x00000000c7600000, 0x00000000c7600000| Untracked 
|  79|0x00000000c7700000, 0x00000000c7700000, 0x00000000c7800000|  0%| F|  |TAMS 0x00000000c7700000, 0x00000000c7700000| Untracked 
|  80|0x00000000c7800000, 0x00000000c7800000, 0x00000000c7900000|  0%| F|  |TAMS 0x00000000c7800000, 0x00000000c7800000| Untracked 
|  81|0x00000000c7900000, 0x00000000c7900000, 0x00000000c7a00000|  0%| F|  |TAMS 0x00000000c7900000, 0x00000000c7900000| Untracked 
|  82|0x00000000c7a00000, 0x00000000c7a00000, 0x00000000c7b00000|  0%| F|  |TAMS 0x00000000c7a00000, 0x00000000c7a00000| Untracked 
|  83|0x00000000c7b00000, 0x00000000c7b00000, 0x00000000c7c00000|  0%| F|  |TAMS 0x00000000c7b00000, 0x00000000c7b00000| Untracked 
|  84|0x00000000c7c00000, 0x00000000c7c00000, 0x00000000c7d00000|  0%| F|  |TAMS 0x00000000c7c00000, 0x00000000c7c00000| Untracked 
|  85|0x00000000c7d00000, 0x00000000c7d00000, 0x00000000c7e00000|  0%| F|  |TAMS 0x00000000c7d00000, 0x00000000c7d00000| Untracked 
|  86|0x00000000c7e00000, 0x00000000c7e00000, 0x00000000c7f00000|  0%| F|  |TAMS 0x00000000c7e00000, 0x00000000c7e00000| Untracked 
|  87|0x00000000c7f00000, 0x00000000c7f00000, 0x00000000c8000000|  0%| F|  |TAMS 0x00000000c7f00000, 0x00000000c7f00000| Untracked 
|  88|0x00000000c8000000, 0x00000000c8000000, 0x00000000c8100000|  0%| F|  |TAMS 0x00000000c8000000, 0x00000000c8000000| Untracked 
|  89|0x00000000c8100000, 0x00000000c8100000, 0x00000000c8200000|  0%| F|  |TAMS 0x00000000c8100000, 0x00000000c8100000| Untracked 
|  90|0x00000000c8200000, 0x00000000c8200000, 0x00000000c8300000|  0%| F|  |TAMS 0x00000000c8200000, 0x00000000c8200000| Untracked 
|  91|0x00000000c8300000, 0x00000000c8300000, 0x00000000c8400000|  0%| F|  |TAMS 0x00000000c8300000, 0x00000000c8300000| Untracked 
|  92|0x00000000c8400000, 0x00000000c8400000, 0x00000000c8500000|  0%| F|  |TAMS 0x00000000c8400000, 0x00000000c8400000| Untracked 
|  93|0x00000000c8500000, 0x00000000c8500000, 0x00000000c8600000|  0%| F|  |TAMS 0x00000000c8500000, 0x00000000c8500000| Untracked 
|  94|0x00000000c8600000, 0x00000000c8600000, 0x00000000c8700000|  0%| F|  |TAMS 0x00000000c8600000, 0x00000000c8600000| Untracked 
|  95|0x00000000c8700000, 0x00000000c8700000, 0x00000000c8800000|  0%| F|  |TAMS 0x00000000c8700000, 0x00000000c8700000| Untracked 
|  96|0x00000000c8800000, 0x00000000c8800000, 0x00000000c8900000|  0%| F|  |TAMS 0x00000000c8800000, 0x00000000c8800000| Untracked 
|  97|0x00000000c8900000, 0x00000000c8900000, 0x00000000c8a00000|  0%| F|  |TAMS 0x00000000c8900000, 0x00000000c8900000| Untracked 
|  98|0x00000000c8a00000, 0x00000000c8a00000, 0x00000000c8b00000|  0%| F|  |TAMS 0x00000000c8a00000, 0x00000000c8a00000| Untracked 
|  99|0x00000000c8b00000, 0x00000000c8b00000, 0x00000000c8c00000|  0%| F|  |TAMS 0x00000000c8b00000, 0x00000000c8b00000| Untracked 
| 100|0x00000000c8c00000, 0x00000000c8c00000, 0x00000000c8d00000|  0%| F|  |TAMS 0x00000000c8c00000, 0x00000000c8c00000| Untracked 
| 101|0x00000000c8d00000, 0x00000000c8d00000, 0x00000000c8e00000|  0%| F|  |TAMS 0x00000000c8d00000, 0x00000000c8d00000| Untracked 
| 102|0x00000000c8e00000, 0x00000000c8e00000, 0x00000000c8f00000|  0%| F|  |TAMS 0x00000000c8e00000, 0x00000000c8e00000| Untracked 
| 103|0x00000000c8f00000, 0x00000000c8f00000, 0x00000000c9000000|  0%| F|  |TAMS 0x00000000c8f00000, 0x00000000c8f00000| Untracked 
| 104|0x00000000c9000000, 0x00000000c9000000, 0x00000000c9100000|  0%| F|  |TAMS 0x00000000c9000000, 0x00000000c9000000| Untracked 
| 105|0x00000000c9100000, 0x00000000c9100000, 0x00000000c9200000|  0%| F|  |TAMS 0x00000000c9100000, 0x00000000c9100000| Untracked 
| 106|0x00000000c9200000, 0x00000000c92d9880, 0x00000000c9300000| 84%| E|  |TAMS 0x00000000c9200000, 0x00000000c9200000| Complete 
| 107|0x00000000c9300000, 0x00000000c93a27f0, 0x00000000c9400000| 63%| S|CS|TAMS 0x00000000c9300000, 0x00000000c9300000| Complete 
| 108|0x00000000c9400000, 0x00000000c9500000, 0x00000000c9500000|100%| S|CS|TAMS 0x00000000c9400000, 0x00000000c9400000| Complete 

Card table byte_map: [0x000001bb18c30000,0x000001bb18e20000] _byte_map_base: 0x000001bb1861c000

Marking Bits (Prev, Next): (CMBitMap*) 0x000001bb05f684d0, (CMBitMap*) 0x000001bb05f68510
 Prev Bits: [0x000001bb19010000, 0x000001bb19f70000)
 Next Bits: [0x000001bb19f70000, 0x000001bb1aed0000)

Polling page: 0x000001bb056f0000

Metaspace:

Usage:
  Non-class:     20.55 MB used.
      Class:      3.61 MB used.
       Both:     24.17 MB used.

Virtual space:
  Non-class space:       64.00 MB reserved,      20.69 MB ( 32%) committed,  1 nodes.
      Class space:        1.00 GB reserved,       3.75 MB ( <1%) committed,  1 nodes.
             Both:        1.06 GB reserved,      24.44 MB (  2%) committed. 

Chunk freelists:
   Non-Class:  10.83 MB
       Class:  12.23 MB
        Both:  23.06 MB

MaxMetaspaceSize: unlimited
CompressedClassSpaceSize: 1.00 GB
Initial GC threshold: 21.00 MB
Current GC threshold: 40.62 MB
CDS: on
MetaspaceReclaimPolicy: balanced
 - commit_granule_bytes: 65536.
 - commit_granule_words: 8192.
 - virtual_space_node_default_size: 8388608.
 - enlarge_chunks_in_place: 1.
 - new_chunks_are_fully_committed: 0.
 - uncommit_free_chunks: 1.
 - use_allocation_guard: 0.
 - handle_deallocations: 1.


Internal statistics:

num_allocs_failed_limit: 3.
num_arena_births: 270.
num_arena_deaths: 0.
num_vsnodes_births: 2.
num_vsnodes_deaths: 0.
num_space_committed: 391.
num_space_uncommitted: 0.
num_chunks_returned_to_freelist: 3.
num_chunks_taken_from_freelist: 1087.
num_chunk_merges: 3.
num_chunk_splits: 757.
num_chunks_enlarged: 564.
num_inconsistent_stats: 0.

CodeHeap 'non-profiled nmethods': size=120000Kb used=1573Kb max_used=1573Kb free=118426Kb
 bounds [0x000001bb111e0000, 0x000001bb11450000, 0x000001bb18710000]
CodeHeap 'profiled nmethods': size=120000Kb used=8937Kb max_used=8937Kb free=111062Kb
 bounds [0x000001bb09710000, 0x000001bb09fd0000, 0x000001bb10c40000]
CodeHeap 'non-nmethods': size=5760Kb used=1495Kb max_used=1565Kb free=4264Kb
 bounds [0x000001bb10c40000, 0x000001bb10eb0000, 0x000001bb111e0000]
 total_blobs=5184 nmethods=4309 adapters=785
 compilation: enabled
              stopped_count=0, restarted_count=0
 full_count=0

Compilation events (20 events):
Event: 18.170 Thread 0x000001bb1d89ea60 4333       1       java.lang.reflect.Field::getName (5 bytes)
Event: 18.170 Thread 0x000001bb1d89ea60 nmethod 4333 0x000001bb11368c10 code [0x000001bb11368da0, 0x000001bb11368e78]
Event: 18.170 Thread 0x000001bb1d89ea60 4334       3       javafx.fxml.FXMLLoader$Element::processStartElement (125 bytes)
Event: 18.171 Thread 0x000001bb1d89ea60 nmethod 4334 0x000001bb09fc4110 code [0x000001bb09fc4340, 0x000001bb09fc4b58]
Event: 18.177 Thread 0x000001bb1d89ea60 4336       3       sun.reflect.generics.tree.SimpleClassTypeSignature::make (11 bytes)
Event: 18.177 Thread 0x000001bb1d89ea60 nmethod 4336 0x000001bb09fc4f10 code [0x000001bb09fc50c0, 0x000001bb09fc5398]
Event: 18.177 Thread 0x000001bb1d89ea60 4338       3       sun.reflect.generics.parser.SignatureParser::parsePackageNameAndSimpleClassTypeSignature (119 bytes)
Event: 18.178 Thread 0x000001bb1d89ea60 nmethod 4338 0x000001bb09fc5490 code [0x000001bb09fc5780, 0x000001bb09fc6248]
Event: 18.178 Thread 0x000001bb1d89ea60 4337       3       sun.reflect.generics.tree.SimpleClassTypeSignature::<init> (20 bytes)
Event: 18.178 Thread 0x000001bb1d89ea60 nmethod 4337 0x000001bb09fc6690 code [0x000001bb09fc6840, 0x000001bb09fc6a78]
Event: 18.178 Thread 0x000001bb1d89ea60 4339       3       jdk.internal.loader.AbstractClassLoaderValue$Sub::hashCode (19 bytes)
Event: 18.178 Thread 0x000001bb1d89ea60 nmethod 4339 0x000001bb09fc6b10 code [0x000001bb09fc6ce0, 0x000001bb09fc7058]
Event: 18.178 Thread 0x000001bb1d89ea60 4340       3       sun.reflect.generics.tree.ClassTypeSignature::accept (8 bytes)
Event: 18.178 Thread 0x000001bb1d89ea60 nmethod 4340 0x000001bb09fc7190 code [0x000001bb09fc7340, 0x000001bb09fc74e8]
Event: 18.178 Thread 0x000001bb1d89ea60 4341       3       sun.reflect.generics.visitor.Reifier::visitClassTypeSignature (381 bytes)
Event: 18.179 Thread 0x000001bb1d89ea60 nmethod 4341 0x000001bb09fc7610 code [0x000001bb09fc7a20, 0x000001bb09fc9668]
Event: 18.179 Thread 0x000001bb1d89ea60 4343  s    3       java.io.ByteArrayInputStream::read (36 bytes)
Event: 18.180 Thread 0x000001bb1d89ea60 nmethod 4343 0x000001bb09fca010 code [0x000001bb09fca1c0, 0x000001bb09fca418]
Event: 18.180 Thread 0x000001bb1d89ea60 4342       1       com.sun.javafx.fxml.builder.ProxyBuilder$AnnotationValue::getDefaultValue (5 bytes)
Event: 18.180 Thread 0x000001bb1d89ea60 nmethod 4342 0x000001bb11369390 code [0x000001bb11369520, 0x000001bb113695f8]

GC Heap History (20 events):
Event: 7.559 GC heap before
{Heap before GC invocations=3 (full 0):
 garbage-first heap   total 63488K, used 14858K [0x00000000c2800000, 0x0000000100000000)
  region size 1024K, 6 young (6144K), 3 survivors (3072K)
 Metaspace       used 21235K, committed 21504K, reserved 1114112K
  class space    used 3292K, committed 3456K, reserved 1048576K
}
Event: 7.563 GC heap after
{Heap after GC invocations=4 (full 0):
 garbage-first heap   total 63488K, used 13553K [0x00000000c2800000, 0x0000000100000000)
  region size 1024K, 1 young (1024K), 1 survivors (1024K)
 Metaspace       used 21235K, committed 21504K, reserved 1114112K
  class space    used 3292K, committed 3456K, reserved 1048576K
}
Event: 15.141 GC heap before
{Heap before GC invocations=5 (full 0):
 garbage-first heap   total 51200K, used 34033K [0x00000000c2800000, 0x0000000100000000)
  region size 1024K, 13 young (13312K), 1 survivors (1024K)
 Metaspace       used 22799K, committed 23040K, reserved 1114112K
  class space    used 3500K, committed 3648K, reserved 1048576K
}
Event: 15.147 GC heap after
{Heap after GC invocations=6 (full 0):
 garbage-first heap   total 51200K, used 26247K [0x00000000c2800000, 0x0000000100000000)
  region size 1024K, 4 young (4096K), 4 survivors (4096K)
 Metaspace       used 22799K, committed 23040K, reserved 1114112K
  class space    used 3500K, committed 3648K, reserved 1048576K
}
Event: 15.176 GC heap before
{Heap before GC invocations=7 (full 0):
 garbage-first heap   total 51200K, used 28295K [0x00000000c2800000, 0x0000000100000000)
  region size 1024K, 5 young (5120K), 4 survivors (4096K)
 Metaspace       used 22806K, committed 23040K, reserved 1114112K
  class space    used 3501K, committed 3648K, reserved 1048576K
}
Event: 15.179 GC heap after
{Heap after GC invocations=8 (full 0):
 garbage-first heap   total 51200K, used 28286K [0x00000000c2800000, 0x0000000100000000)
  region size 1024K, 1 young (1024K), 1 survivors (1024K)
 Metaspace       used 22806K, committed 23040K, reserved 1114112K
  class space    used 3501K, committed 3648K, reserved 1048576K
}
Event: 15.341 GC heap before
{Heap before GC invocations=9 (full 0):
 garbage-first heap   total 55296K, used 30334K [0x00000000c2800000, 0x0000000100000000)
  region size 1024K, 2 young (2048K), 1 survivors (1024K)
 Metaspace       used 22920K, committed 23168K, reserved 1114112K
  class space    used 3518K, committed 3648K, reserved 1048576K
}
Event: 15.343 GC heap after
{Heap after GC invocations=10 (full 0):
 garbage-first heap   total 55296K, used 30177K [0x00000000c2800000, 0x0000000100000000)
  region size 1024K, 1 young (1024K), 1 survivors (1024K)
 Metaspace       used 22920K, committed 23168K, reserved 1114112K
  class space    used 3518K, committed 3648K, reserved 1048576K
}
Event: 15.509 GC heap before
{Heap before GC invocations=11 (full 0):
 garbage-first heap   total 65536K, used 38369K [0x00000000c2800000, 0x0000000100000000)
  region size 1024K, 2 young (2048K), 1 survivors (1024K)
 Metaspace       used 23017K, committed 23232K, reserved 1114112K
  class space    used 3527K, committed 3648K, reserved 1048576K
}
Event: 15.511 GC heap after
{Heap after GC invocations=12 (full 0):
 garbage-first heap   total 65536K, used 38647K [0x00000000c2800000, 0x0000000100000000)
  region size 1024K, 1 young (1024K), 1 survivors (1024K)
 Metaspace       used 23017K, committed 23232K, reserved 1114112K
  class space    used 3527K, committed 3648K, reserved 1048576K
}
Event: 15.588 GC heap before
{Heap before GC invocations=13 (full 0):
 garbage-first heap   total 75776K, used 44791K [0x00000000c2800000, 0x0000000100000000)
  region size 1024K, 2 young (2048K), 1 survivors (1024K)
 Metaspace       used 23103K, committed 23360K, reserved 1114112K
  class space    used 3536K, committed 3648K, reserved 1048576K
}
Event: 15.590 GC heap after
{Heap after GC invocations=14 (full 0):
 garbage-first heap   total 75776K, used 44563K [0x00000000c2800000, 0x0000000100000000)
  region size 1024K, 1 young (1024K), 1 survivors (1024K)
 Metaspace       used 23103K, committed 23360K, reserved 1114112K
  class space    used 3536K, committed 3648K, reserved 1048576K
}
Event: 15.638 GC heap before
{Heap before GC invocations=15 (full 0):
 garbage-first heap   total 89088K, used 50707K [0x00000000c2800000, 0x0000000100000000)
  region size 1024K, 2 young (2048K), 1 survivors (1024K)
 Metaspace       used 23140K, committed 23360K, reserved 1114112K
  class space    used 3538K, committed 3648K, reserved 1048576K
}
Event: 15.640 GC heap after
{Heap after GC invocations=16 (full 0):
 garbage-first heap   total 89088K, used 51043K [0x00000000c2800000, 0x0000000100000000)
  region size 1024K, 1 young (1024K), 1 survivors (1024K)
 Metaspace       used 23140K, committed 23360K, reserved 1114112K
  class space    used 3538K, committed 3648K, reserved 1048576K
}
Event: 17.981 GC heap before
{Heap before GC invocations=17 (full 0):
 garbage-first heap   total 96256K, used 61283K [0x00000000c2800000, 0x0000000100000000)
  region size 1024K, 8 young (8192K), 1 survivors (1024K)
 Metaspace       used 24566K, committed 24896K, reserved 1114112K
  class space    used 3676K, committed 3840K, reserved 1048576K
}
Event: 17.984 GC heap after
{Heap after GC invocations=18 (full 0):
 garbage-first heap   total 96256K, used 56249K [0x00000000c2800000, 0x0000000100000000)
  region size 1024K, 2 young (2048K), 2 survivors (2048K)
 Metaspace       used 24566K, committed 24896K, reserved 1114112K
  class space    used 3676K, committed 3840K, reserved 1048576K
}
Event: 18.088 GC heap before
{Heap before GC invocations=19 (full 0):
 garbage-first heap   total 104448K, used 62393K [0x00000000c2800000, 0x0000000100000000)
  region size 1024K, 3 young (3072K), 2 survivors (2048K)
 Metaspace       used 24646K, committed 24960K, reserved 1114112K
  class space    used 3686K, committed 3840K, reserved 1048576K
}
Event: 18.091 GC heap after
{Heap after GC invocations=20 (full 0):
 garbage-first heap   total 104448K, used 62535K [0x00000000c2800000, 0x0000000100000000)
  region size 1024K, 2 young (2048K), 2 survivors (2048K)
 Metaspace       used 24646K, committed 24960K, reserved 1114112K
  class space    used 3686K, committed 3840K, reserved 1048576K
}
Event: 18.156 GC heap before
{Heap before GC invocations=21 (full 0):
 garbage-first heap   total 111616K, used 66631K [0x00000000c2800000, 0x0000000100000000)
  region size 1024K, 3 young (3072K), 2 survivors (2048K)
 Metaspace       used 24690K, committed 24960K, reserved 1114112K
  class space    used 3690K, committed 3840K, reserved 1048576K
}
Event: 18.159 GC heap after
{Heap after GC invocations=22 (full 0):
 garbage-first heap   total 111616K, used 66732K [0x00000000c2800000, 0x0000000100000000)
  region size 1024K, 2 young (2048K), 2 survivors (2048K)
 Metaspace       used 24690K, committed 24960K, reserved 1114112K
  class space    used 3690K, committed 3840K, reserved 1048576K
}

Dll operation events (2 events):
Event: 0.005 Loaded shared library C:\Users\39\.jdks\jbr-17.0.12-1\bin\java.dll
Event: 0.054 Loaded shared library C:\Users\39\.jdks\jbr-17.0.12-1\bin\jsvml.dll

Deoptimization events (20 events):
Event: 17.587 Thread 0x000001bb691131f0 Uncommon trap: trap_request=0xffffffc6 fr.pc=0x000001bb1131b584 relative=0x00000000000012e4
Event: 17.587 Thread 0x000001bb691131f0 Uncommon trap: reason=bimorphic_or_optimized_type_check action=maybe_recompile pc=0x000001bb1131b584 method=java.io.BufferedInputStream.read1([BII)I @ 39 c2
Event: 17.588 Thread 0x000001bb691131f0 DEOPT PACKING pc=0x000001bb1131b584 sp=0x0000006eadffa850
Event: 17.588 Thread 0x000001bb691131f0 DEOPT UNPACKING pc=0x000001bb10c969a3 sp=0x0000006eadffa7b8 mode 2
Event: 17.694 Thread 0x000001bb691131f0 Uncommon trap: trap_request=0xffffffc6 fr.pc=0x000001bb1131b584 relative=0x00000000000012e4
Event: 17.694 Thread 0x000001bb691131f0 Uncommon trap: reason=bimorphic_or_optimized_type_check action=maybe_recompile pc=0x000001bb1131b584 method=java.io.BufferedInputStream.read1([BII)I @ 39 c2
Event: 17.694 Thread 0x000001bb691131f0 DEOPT PACKING pc=0x000001bb1131b584 sp=0x0000006eadffa8c0
Event: 17.694 Thread 0x000001bb691131f0 DEOPT UNPACKING pc=0x000001bb10c969a3 sp=0x0000006eadffa828 mode 2
Event: 17.695 Thread 0x000001bb691131f0 Uncommon trap: trap_request=0xffffffc6 fr.pc=0x000001bb1131b584 relative=0x00000000000012e4
Event: 17.695 Thread 0x000001bb691131f0 Uncommon trap: reason=bimorphic_or_optimized_type_check action=maybe_recompile pc=0x000001bb1131b584 method=java.io.BufferedInputStream.read1([BII)I @ 39 c2
Event: 17.695 Thread 0x000001bb691131f0 DEOPT PACKING pc=0x000001bb1131b584 sp=0x0000006eadffa850
Event: 17.695 Thread 0x000001bb691131f0 DEOPT UNPACKING pc=0x000001bb10c969a3 sp=0x0000006eadffa7b8 mode 2
Event: 17.894 Thread 0x000001bb632a2e50 Uncommon trap: trap_request=0xffffff45 fr.pc=0x000001bb112fd50c relative=0x000000000000008c
Event: 17.894 Thread 0x000001bb632a2e50 Uncommon trap: reason=unstable_if action=reinterpret pc=0x000001bb112fd50c method=com.sun.javafx.geom.RectBounds.isEmpty()Z @ 21 c2
Event: 17.894 Thread 0x000001bb632a2e50 DEOPT PACKING pc=0x000001bb112fd50c sp=0x0000006eac8fb400
Event: 17.894 Thread 0x000001bb632a2e50 DEOPT UNPACKING pc=0x000001bb10c969a3 sp=0x0000006eac8fb390 mode 2
Event: 17.918 Thread 0x000001bb691131f0 Uncommon trap: trap_request=0xffffff45 fr.pc=0x000001bb1130b8d0 relative=0x0000000000000230
Event: 17.918 Thread 0x000001bb691131f0 Uncommon trap: reason=unstable_if action=reinterpret pc=0x000001bb1130b8d0 method=java.util.StringTokenizer.scanToken(I)I @ 42 c2
Event: 17.918 Thread 0x000001bb691131f0 DEOPT PACKING pc=0x000001bb1130b8d0 sp=0x0000006eadffbc00
Event: 17.918 Thread 0x000001bb691131f0 DEOPT UNPACKING pc=0x000001bb10c969a3 sp=0x0000006eadffbb90 mode 2

Classes loaded (20 events):
Event: 18.156 Loading class javax/crypto/KeyAgreement
Event: 18.156 Loading class javax/crypto/KeyAgreement done
Event: 18.159 Loading class java/security/KeyFactory
Event: 18.159 Loading class java/security/KeyFactory done
Event: 18.160 Loading class java/security/KeyFactorySpi
Event: 18.160 Loading class java/security/KeyFactorySpi done
Event: 18.160 Loading class java/security/NoSuchProviderException
Event: 18.160 Loading class java/security/NoSuchProviderException done
Event: 18.160 Loading class java/security/PublicKey
Event: 18.160 Loading class java/security/PublicKey done
Event: 18.160 Loading class java/security/PrivateKey
Event: 18.160 Loading class javax/security/auth/Destroyable
Event: 18.160 Loading class javax/security/auth/Destroyable done
Event: 18.160 Loading class java/security/PrivateKey done
Event: 18.160 Loading class java/security/spec/InvalidKeySpecException
Event: 18.160 Loading class java/security/spec/InvalidKeySpecException done
Event: 18.160 Loading class java/security/KeyPairGenerator
Event: 18.160 Loading class java/security/KeyPairGeneratorSpi
Event: 18.161 Loading class java/security/KeyPairGeneratorSpi done
Event: 18.161 Loading class java/security/KeyPairGenerator done

Classes unloaded (0 events):
No events

Classes redefined (0 events):
No events

Internal exceptions (20 events):
Event: 3.744 Thread 0x000001bb6335d280 Exception <a 'java/lang/ClassNotFoundException'{0x00000000c5ddaae8}: com/sun/javafx/scene/control/skin/resources/controls_fr_FR> (0x00000000c5ddaae8) 
thrown [s\src\hotspot\share\prims\jni.cpp, line 550]
Event: 3.745 Thread 0x000001bb6335d280 Implicit null exception at 0x000001bb111fe88f to 0x000001bb111fe909
Event: 4.024 Thread 0x000001bb6335d280 Exception <a 'java/lang/NoSuchMethodError'{0x00000000c59dc018}: 'java.lang.Object java.lang.invoke.DirectMethodHandle$Holder.invokeInterface(java.lang.Object, java.lang.Object, java.lang.Object)'> (0x00000000c59dc018) 
thrown [s\src\hotspot\share\interpreter\linkResolver.cpp, line 771]
Event: 4.024 Thread 0x000001bb6335d280 Exception <a 'java/lang/IncompatibleClassChangeError'{0x00000000c59df988}: Found class java.lang.Object, but interface was expected> (0x00000000c59df988) 
thrown [s\src\hotspot\share\interpreter\linkResolver.cpp, line 838]
Event: 4.207 Thread 0x000001bb6335d280 Exception <a 'java/lang/NoSuchMethodError'{0x00000000c560d8f0}: 'java.lang.Object java.lang.invoke.DirectMethodHandle$Holder.newInvokeSpecial(java.lang.Object, java.lang.Object, int)'> (0x00000000c560d8f0) 
thrown [s\src\hotspot\share\interpreter\linkResolver.cpp, line 771]
Event: 4.405 Thread 0x000001bb632a2e50 Exception <a 'java/lang/NoSuchMethodError'{0x00000000c56d8510}: 'int java.lang.invoke.DirectMethodHandle$Holder.invokeStaticInit(java.lang.Object, java.lang.Object)'> (0x00000000c56d8510) 
thrown [s\src\hotspot\share\interpreter\linkResolver.cpp, line 771]
Event: 6.696 Thread 0x000001bb6335d280 Exception <a 'java/lang/NoSuchMethodError'{0x00000000c529dca0}: 'long java.lang.invoke.DirectMethodHandle$Holder.invokeStatic(java.lang.Object, java.lang.Object, java.lang.Object)'> (0x00000000c529dca0) 
thrown [s\src\hotspot\share\interpreter\linkResolver.cpp, line 771]
Event: 6.696 Thread 0x000001bb6335d280 Exception <a 'java/lang/NoSuchMethodError'{0x00000000c52a16f0}: 'long java.lang.invoke.DirectMethodHandle$Holder.invokeStaticInit(java.lang.Object, java.lang.Object, java.lang.Object)'> (0x00000000c52a16f0) 
thrown [s\src\hotspot\share\interpreter\linkResolver.cpp, line 771]
Event: 6.699 Thread 0x000001bb6335d280 Exception <a 'java/lang/NoSuchMethodError'{0x00000000c52b97f8}: 'java.lang.Object java.lang.invoke.DirectMethodHandle$Holder.newInvokeSpecial(java.lang.Object, java.lang.Object, long)'> (0x00000000c52b97f8) 
thrown [s\src\hotspot\share\interpreter\linkResolver.cpp, line 771]
Event: 6.699 Thread 0x000001bb6335d280 Exception <a 'java/lang/NoSuchMethodError'{0x00000000c52bd368}: 'java.lang.Object java.lang.invoke.Invokers$Holder.linkToTargetMethod(java.lang.Object, long, java.lang.Object)'> (0x00000000c52bd368) 
thrown [s\src\hotspot\share\interpreter\linkResolver.cpp, line 771]
Event: 6.922 Thread 0x000001bb6335d280 Exception <a 'java/io/FileNotFoundException'{0x00000000c52dee08}> (0x00000000c52dee08) 
thrown [s\src\hotspot\share\prims\jni.cpp, line 531]
Event: 7.039 Thread 0x000001bb6335d280 Exception <a 'java/lang/ClassNotFoundException'{0x00000000c50e0580}: com/sun/javafx/scene/control/skin/resources/controls-nt> (0x00000000c50e0580) 
thrown [s\src\hotspot\share\prims\jni.cpp, line 550]
Event: 7.040 Thread 0x000001bb6335d280 Exception <a 'java/lang/ClassNotFoundException'{0x00000000c50e8e18}: com/sun/javafx/scene/control/skin/resources/controls-nt_fr> (0x00000000c50e8e18) 
thrown [s\src\hotspot\share\prims\jni.cpp, line 550]
Event: 7.041 Thread 0x000001bb6335d280 Exception <a 'java/lang/ClassNotFoundException'{0x00000000c50ea588}: com/sun/javafx/scene/control/skin/resources/controls-nt_fr_FR> (0x00000000c50ea588) 
thrown [s\src\hotspot\share\prims\jni.cpp, line 550]
Event: 7.997 Thread 0x000001bb632a2e50 Exception <a 'java/lang/NoSuchMethodError'{0x00000000c52c97a8}: 'java.lang.Object java.lang.invoke.DirectMethodHandle$Holder.invokeStaticInit(java.lang.Object, int)'> (0x00000000c52c97a8) 
thrown [s\src\hotspot\share\interpreter\linkResolver.cpp, line 771]
Event: 15.278 Thread 0x000001bb6335d280 Exception <a 'java/lang/NoSuchMethodError'{0x00000000c651bdc0}: 'java.lang.Object java.lang.invoke.DirectMethodHandle$Holder.invokeStaticInit(java.lang.Object, java.lang.Object, java.lang.Object)'> (0x00000000c651bdc0) 
thrown [s\src\hotspot\share\interpreter\linkResolver.cpp, line 771]
Event: 15.651 Thread 0x000001bb6335d280 Exception <a 'java/io/FileNotFoundException'{0x00000000c7d2b298}> (0x00000000c7d2b298) 
thrown [s\src\hotspot\share\prims\jni.cpp, line 531]
Event: 17.378 Thread 0x000001bb691131f0 Exception <a 'sun/nio/fs/WindowsException'{0x00000000c82e8478}> (0x00000000c82e8478) 
thrown [s\src\hotspot\share\prims\jni.cpp, line 531]
Event: 17.847 Thread 0x000001bb691131f0 Exception <a 'java/lang/NoSuchMethodError'{0x00000000c81b48d0}: 'int java.lang.invoke.DirectMethodHandle$Holder.invokeStaticInit(java.lang.Object, java.lang.Object, java.lang.Object, java.lang.Object)'> (0x00000000c81b48d0) 
thrown [s\src\hotspot\share\interpreter\linkResolver.cpp, line 771]
Event: 17.848 Thread 0x000001bb691131f0 Exception <a 'java/lang/IncompatibleClassChangeError'{0x00000000c81bdc30}: Found class java.lang.Object, but interface was expected> (0x00000000c81bdc30) 
thrown [s\src\hotspot\share\interpreter\linkResolver.cpp, line 838]

VM Operations (20 events):
Event: 16.842 Executing VM operation: HandshakeAllThreads done
Event: 17.385 Executing VM operation: HandshakeAllThreads
Event: 17.385 Executing VM operation: HandshakeAllThreads done
Event: 17.970 Executing VM operation: G1TryInitiateConcMark
Event: 17.984 Executing VM operation: G1TryInitiateConcMark done
Event: 18.003 Executing VM operation: G1PauseRemark
Event: 18.026 Executing VM operation: G1PauseRemark done
Event: 18.031 Executing VM operation: G1PauseCleanup
Event: 18.078 Executing VM operation: G1PauseCleanup done
Event: 18.080 Executing VM operation: G1TryInitiateConcMark
Event: 18.091 Executing VM operation: G1TryInitiateConcMark done
Event: 18.105 Executing VM operation: G1PauseRemark
Event: 18.116 Executing VM operation: G1PauseRemark done
Event: 18.116 Executing VM operation: HandshakeAllThreads
Event: 18.116 Executing VM operation: HandshakeAllThreads done
Event: 18.121 Executing VM operation: G1PauseCleanup
Event: 18.155 Executing VM operation: G1PauseCleanup done
Event: 18.156 Executing VM operation: G1TryInitiateConcMark
Event: 18.159 Executing VM operation: G1TryInitiateConcMark done
Event: 18.180 Executing VM operation: G1PauseRemark

Events (20 events):
Event: 0.973 Loaded shared library C:\Users\39\.openjfx\cache\21.0.2+5\amd64\msvcp140_1.dll
Event: 0.998 Loaded shared library C:\Users\39\.openjfx\cache\21.0.2+5\amd64\msvcp140_2.dll
Event: 1.063 Thread 0x000001bb632a2e50 Thread added: 0x000001bb632a2e50
Event: 1.100 Loaded shared library C:\Users\39\.openjfx\cache\21.0.2+5\amd64\prism_d3d.dll
Event: 1.248 Loaded shared library C:\Users\39\.openjfx\cache\21.0.2+5\amd64\glass.dll
Event: 1.253 Thread 0x000001bb63353df0 Thread added: 0x000001bb63353df0
Event: 1.262 Thread 0x000001bb6335d280 Thread added: 0x000001bb6335d280
Event: 1.565 Thread 0x000001bb635c35c0 Thread added: 0x000001bb635c35c0
Event: 1.575 Thread 0x000001bb635ebe10 Thread added: 0x000001bb635ebe10
Event: 1.625 Loaded shared library C:\Users\39\.jdks\jbr-17.0.12-1\bin\jimage.dll
Event: 1.770 Thread 0x000001bb1ddc2ae0 Thread added: 0x000001bb1ddc2ae0
Event: 2.411 Loaded shared library C:\Users\39\.jdks\jbr-17.0.12-1\bin\extnet.dll
Event: 2.893 Loaded shared library C:\Users\39\.openjfx\cache\21.0.2+5\amd64\javafx_font.dll
Event: 4.019 Thread 0x000001bb68fdd4c0 Thread added: 0x000001bb68fdd4c0
Event: 4.557 Thread 0x000001bb69113c10 Thread added: 0x000001bb69113c10
Event: 15.281 Thread 0x000001bb691131f0 Thread added: 0x000001bb691131f0
Event: 15.522 Thread 0x000001bb691118a0 Thread added: 0x000001bb691118a0
Event: 15.651 Thread 0x000001bb69113700 Thread added: 0x000001bb69113700
Event: 16.684 Loaded shared library C:\Users\39\.jdks\jbr-17.0.12-1\bin\sunmscapi.dll
Event: 18.166 Thread 0x000001bb69114630 Thread added: 0x000001bb69114630


Dynamic libraries:
0x00007ff708830000 - 0x00007ff70883a000 	C:\Users\39\.jdks\jbr-17.0.12-1\bin\java.exe
0x00007ffab2050000 - 0x00007ffab2248000 	C:\Windows\SYSTEM32\ntdll.dll
0x00007ffab0bc0000 - 0x00007ffab0c82000 	C:\Windows\System32\KERNEL32.DLL
0x00007ffaafa20000 - 0x00007ffaafd1f000 	C:\Windows\System32\KERNELBASE.dll
0x00007ffaaf920000 - 0x00007ffaafa20000 	C:\Windows\System32\ucrtbase.dll
0x00007ffa98f00000 - 0x00007ffa98f1b000 	C:\Users\39\.jdks\jbr-17.0.12-1\bin\VCRUNTIME140.dll
0x00007ffa95fe0000 - 0x00007ffa95ff7000 	C:\Users\39\.jdks\jbr-17.0.12-1\bin\jli.dll
0x00007ffab0190000 - 0x00007ffab032d000 	C:\Windows\System32\USER32.dll
0x00007ffaaff30000 - 0x00007ffaaff52000 	C:\Windows\System32\win32u.dll
0x00007ffaaed70000 - 0x00007ffaaf00a000 	C:\Windows\WinSxS\amd64_microsoft.windows.common-controls_6595b64144ccf1df_6.0.19041.4355_none_60b8b9eb71f62e16\COMCTL32.dll
0x00007ffab0890000 - 0x00007ffab08bb000 	C:\Windows\System32\GDI32.dll
0x00007ffab08c0000 - 0x00007ffab095e000 	C:\Windows\System32\msvcrt.dll
0x00007ffaaf6f0000 - 0x00007ffaaf80a000 	C:\Windows\System32\gdi32full.dll
0x00007ffaaff60000 - 0x00007ffaafffd000 	C:\Windows\System32\msvcp_win.dll
0x00007ffab1f70000 - 0x00007ffab1f9f000 	C:\Windows\System32\IMM32.DLL
0x00007ffaa4740000 - 0x00007ffaa474c000 	C:\Users\39\.jdks\jbr-17.0.12-1\bin\vcruntime140_1.dll
0x00007ffa888c0000 - 0x00007ffa8894d000 	C:\Users\39\.jdks\jbr-17.0.12-1\bin\msvcp140.dll
0x00007ffa2a690000 - 0x00007ffa2b31a000 	C:\Users\39\.jdks\jbr-17.0.12-1\bin\server\jvm.dll
0x00007ffab0330000 - 0x00007ffab03df000 	C:\Windows\System32\ADVAPI32.dll
0x00007ffab1860000 - 0x00007ffab18ff000 	C:\Windows\System32\sechost.dll
0x00007ffab1e40000 - 0x00007ffab1f63000 	C:\Windows\System32\RPCRT4.dll
0x00007ffaaf810000 - 0x00007ffaaf837000 	C:\Windows\System32\bcrypt.dll
0x00007ffab1fa0000 - 0x00007ffab200b000 	C:\Windows\System32\WS2_32.dll
0x00007ffaaf260000 - 0x00007ffaaf2ab000 	C:\Windows\SYSTEM32\POWRPROF.dll
0x00007ffa9b820000 - 0x00007ffa9b847000 	C:\Windows\SYSTEM32\WINMM.dll
0x00007ffaac050000 - 0x00007ffaac05a000 	C:\Windows\SYSTEM32\VERSION.dll
0x00007ffaaf010000 - 0x00007ffaaf022000 	C:\Windows\SYSTEM32\UMPDC.dll
0x00007ffaac760000 - 0x00007ffaac772000 	C:\Windows\SYSTEM32\kernel.appcore.dll
0x00007ffa8a9e0000 - 0x00007ffa8a9ea000 	C:\Users\39\.jdks\jbr-17.0.12-1\bin\jimage.dll
0x00007ffaaf070000 - 0x00007ffaaf254000 	C:\Windows\SYSTEM32\DBGHELP.DLL
0x00007ffaaf030000 - 0x00007ffaaf064000 	C:\Windows\SYSTEM32\dbgcore.DLL
0x00007ffaaf840000 - 0x00007ffaaf8c2000 	C:\Windows\System32\bcryptPrimitives.dll
0x00007ffa884c0000 - 0x00007ffa884e5000 	C:\Users\39\.jdks\jbr-17.0.12-1\bin\java.dll
0x00007ffa4f4e0000 - 0x00007ffa4f5b7000 	C:\Users\39\.jdks\jbr-17.0.12-1\bin\jsvml.dll
0x00007ffab0e90000 - 0x00007ffab15fd000 	C:\Windows\System32\SHELL32.dll
0x00007ffaac9a0000 - 0x00007ffaad144000 	C:\Windows\SYSTEM32\windows.storage.dll
0x00007ffab1ae0000 - 0x00007ffab1e35000 	C:\Windows\System32\combase.dll
0x00007ffaae990000 - 0x00007ffaae9bf000 	C:\Windows\SYSTEM32\Wldp.dll
0x00007ffab1990000 - 0x00007ffab1a5d000 	C:\Windows\System32\OLEAUT32.dll
0x00007ffab17b0000 - 0x00007ffab185d000 	C:\Windows\System32\SHCORE.dll
0x00007ffab00d0000 - 0x00007ffab0125000 	C:\Windows\System32\shlwapi.dll
0x00007ffaaf620000 - 0x00007ffaaf644000 	C:\Windows\SYSTEM32\profapi.dll
0x00007ffa884a0000 - 0x00007ffa884b9000 	C:\Users\39\.jdks\jbr-17.0.12-1\bin\net.dll
0x00007ffaa58e0000 - 0x00007ffaa59ea000 	C:\Windows\SYSTEM32\WINHTTP.dll
0x00007ffaae710000 - 0x00007ffaae77c000 	C:\Windows\system32\mswsock.dll
0x00007ffa6f5d0000 - 0x00007ffa6f5e6000 	C:\Users\39\.jdks\jbr-17.0.12-1\bin\nio.dll
0x00007ffa888a0000 - 0x00007ffa888b8000 	C:\Users\39\.jdks\jbr-17.0.12-1\bin\zip.dll
0x000001bb05ea0000 - 0x000001bb05ea3000 	C:\Users\39\.openjfx\cache\21.0.2+5\amd64\api-ms-win-core-console-l1-1-0.dll
0x000001bb05eb0000 - 0x000001bb05eb3000 	C:\Users\39\.openjfx\cache\21.0.2+5\amd64\api-ms-win-core-console-l1-2-0.dll
0x000001bb05ec0000 - 0x000001bb05ec3000 	C:\Users\39\.openjfx\cache\21.0.2+5\amd64\api-ms-win-core-datetime-l1-1-0.dll
0x000001bb05ed0000 - 0x000001bb05ed3000 	C:\Users\39\.openjfx\cache\21.0.2+5\amd64\api-ms-win-core-debug-l1-1-0.dll
0x000001bb05ee0000 - 0x000001bb05ee3000 	C:\Users\39\.openjfx\cache\21.0.2+5\amd64\api-ms-win-core-errorhandling-l1-1-0.dll
0x000001bb1dfb0000 - 0x000001bb1dfb4000 	C:\Users\39\.openjfx\cache\21.0.2+5\amd64\api-ms-win-core-file-l1-1-0.dll
0x000001bb1dfc0000 - 0x000001bb1dfc3000 	C:\Users\39\.openjfx\cache\21.0.2+5\amd64\api-ms-win-core-file-l1-2-0.dll
0x000001bb1dfd0000 - 0x000001bb1dfd3000 	C:\Users\39\.openjfx\cache\21.0.2+5\amd64\api-ms-win-core-file-l2-1-0.dll
0x000001bb1dfe0000 - 0x000001bb1dfe3000 	C:\Users\39\.openjfx\cache\21.0.2+5\amd64\api-ms-win-core-handle-l1-1-0.dll
0x000001bb1dff0000 - 0x000001bb1dff3000 	C:\Users\39\.openjfx\cache\21.0.2+5\amd64\api-ms-win-core-heap-l1-1-0.dll
0x000001bb63800000 - 0x000001bb63803000 	C:\Users\39\.openjfx\cache\21.0.2+5\amd64\api-ms-win-core-interlocked-l1-1-0.dll
0x000001bb63810000 - 0x000001bb63813000 	C:\Users\39\.openjfx\cache\21.0.2+5\amd64\api-ms-win-core-libraryloader-l1-1-0.dll
0x000001bb63820000 - 0x000001bb63823000 	C:\Users\39\.openjfx\cache\21.0.2+5\amd64\api-ms-win-core-localization-l1-2-0.dll
0x000001bb63830000 - 0x000001bb63833000 	C:\Users\39\.openjfx\cache\21.0.2+5\amd64\api-ms-win-core-memory-l1-1-0.dll
0x000001bb63840000 - 0x000001bb63843000 	C:\Users\39\.openjfx\cache\21.0.2+5\amd64\api-ms-win-core-namedpipe-l1-1-0.dll
0x000001bb63850000 - 0x000001bb63853000 	C:\Users\39\.openjfx\cache\21.0.2+5\amd64\api-ms-win-core-processenvironment-l1-1-0.dll
0x000001bb63860000 - 0x000001bb63863000 	C:\Users\39\.openjfx\cache\21.0.2+5\amd64\api-ms-win-core-processthreads-l1-1-0.dll
0x000001bb63870000 - 0x000001bb63873000 	C:\Users\39\.openjfx\cache\21.0.2+5\amd64\api-ms-win-core-processthreads-l1-1-1.dll
0x000001bb63880000 - 0x000001bb63883000 	C:\Users\39\.openjfx\cache\21.0.2+5\amd64\api-ms-win-core-profile-l1-1-0.dll
0x000001bb63890000 - 0x000001bb63893000 	C:\Users\39\.openjfx\cache\21.0.2+5\amd64\api-ms-win-core-rtlsupport-l1-1-0.dll
0x000001bb638a0000 - 0x000001bb638a3000 	C:\Users\39\.openjfx\cache\21.0.2+5\amd64\api-ms-win-core-string-l1-1-0.dll
0x000001bb638b0000 - 0x000001bb638b3000 	C:\Users\39\.openjfx\cache\21.0.2+5\amd64\api-ms-win-core-synch-l1-1-0.dll
0x000001bb638c0000 - 0x000001bb638c3000 	C:\Users\39\.openjfx\cache\21.0.2+5\amd64\api-ms-win-core-synch-l1-2-0.dll
0x000001bb638d0000 - 0x000001bb638d3000 	C:\Users\39\.openjfx\cache\21.0.2+5\amd64\api-ms-win-core-sysinfo-l1-1-0.dll
0x000001bb638e0000 - 0x000001bb638e3000 	C:\Users\39\.openjfx\cache\21.0.2+5\amd64\api-ms-win-core-timezone-l1-1-0.dll
0x000001bb638f0000 - 0x000001bb638f3000 	C:\Users\39\.openjfx\cache\21.0.2+5\amd64\api-ms-win-core-util-l1-1-0.dll
0x000001bb63900000 - 0x000001bb63903000 	C:\Users\39\.openjfx\cache\21.0.2+5\amd64\api-ms-win-crt-conio-l1-1-0.dll
0x000001bb63910000 - 0x000001bb63914000 	C:\Users\39\.openjfx\cache\21.0.2+5\amd64\api-ms-win-crt-convert-l1-1-0.dll
0x000001bb63920000 - 0x000001bb63923000 	C:\Users\39\.openjfx\cache\21.0.2+5\amd64\api-ms-win-crt-environment-l1-1-0.dll
0x000001bb63930000 - 0x000001bb63933000 	C:\Users\39\.openjfx\cache\21.0.2+5\amd64\api-ms-win-crt-filesystem-l1-1-0.dll
0x000001bb63940000 - 0x000001bb63943000 	C:\Users\39\.openjfx\cache\21.0.2+5\amd64\api-ms-win-crt-heap-l1-1-0.dll
0x000001bb63950000 - 0x000001bb63953000 	C:\Users\39\.openjfx\cache\21.0.2+5\amd64\api-ms-win-crt-locale-l1-1-0.dll
0x000001bb63960000 - 0x000001bb63965000 	C:\Users\39\.openjfx\cache\21.0.2+5\amd64\api-ms-win-crt-math-l1-1-0.dll
0x000001bb63970000 - 0x000001bb63975000 	C:\Users\39\.openjfx\cache\21.0.2+5\amd64\api-ms-win-crt-multibyte-l1-1-0.dll
0x000001bb63980000 - 0x000001bb63990000 	C:\Users\39\.openjfx\cache\21.0.2+5\amd64\api-ms-win-crt-private-l1-1-0.dll
0x000001bb63990000 - 0x000001bb63993000 	C:\Users\39\.openjfx\cache\21.0.2+5\amd64\api-ms-win-crt-process-l1-1-0.dll
0x000001bb639a0000 - 0x000001bb639a4000 	C:\Users\39\.openjfx\cache\21.0.2+5\amd64\api-ms-win-crt-runtime-l1-1-0.dll
0x000001bb639b0000 - 0x000001bb639b4000 	C:\Users\39\.openjfx\cache\21.0.2+5\amd64\api-ms-win-crt-stdio-l1-1-0.dll
0x000001bb639c0000 - 0x000001bb639c4000 	C:\Users\39\.openjfx\cache\21.0.2+5\amd64\api-ms-win-crt-string-l1-1-0.dll
0x000001bb639d0000 - 0x000001bb639d3000 	C:\Users\39\.openjfx\cache\21.0.2+5\amd64\api-ms-win-crt-time-l1-1-0.dll
0x000001bb639e0000 - 0x000001bb639e3000 	C:\Users\39\.openjfx\cache\21.0.2+5\amd64\api-ms-win-crt-utility-l1-1-0.dll
0x00007ffa4f3e0000 - 0x00007ffa4f4dc000 	C:\Users\39\.openjfx\cache\21.0.2+5\amd64\ucrtbase.dll
0x00007ffa6f560000 - 0x00007ffa6f57b000 	C:\Users\39\.openjfx\cache\21.0.2+5\amd64\vcruntime140.dll
0x00007ffa88490000 - 0x00007ffa8849c000 	C:\Users\39\.openjfx\cache\21.0.2+5\amd64\vcruntime140_1.dll
0x00007ffa2c140000 - 0x00007ffa2c1ce000 	C:\Users\39\.openjfx\cache\21.0.2+5\amd64\msvcp140.dll
0x00007ffa87760000 - 0x00007ffa87769000 	C:\Users\39\.openjfx\cache\21.0.2+5\amd64\msvcp140_1.dll
0x00007ffa4d790000 - 0x00007ffa4d7d1000 	C:\Users\39\.openjfx\cache\21.0.2+5\amd64\msvcp140_2.dll
0x00007ffa6f530000 - 0x00007ffa6f560000 	C:\Users\39\.openjfx\cache\21.0.2+5\amd64\prism_d3d.dll
0x00007ffaa2770000 - 0x00007ffaa2941000 	C:\Windows\system32\d3d9.dll
0x00007ffaac550000 - 0x00007ffaac57f000 	C:\Windows\SYSTEM32\dwmapi.dll
0x00007ffaac2f0000 - 0x00007ffaac38e000 	C:\Windows\system32\uxtheme.dll
0x00007ffa88a70000 - 0x00007ffa88bd5000 	C:\Windows\System32\DriverStore\FileRepository\iigd_dch.inf_amd64_4b31d9b38e2bb506\igdumdim64.dll
0x00007ffab0960000 - 0x00007ffab0a8b000 	C:\Windows\System32\ole32.dll
0x00007ffa24cf0000 - 0x00007ffa2897b000 	C:\Windows\System32\DriverStore\FileRepository\iigd_dch.inf_amd64_4b31d9b38e2bb506\igd9dxva64.dll
0x00007ffab03e0000 - 0x00007ffab0851000 	C:\Windows\System32\SETUPAPI.dll
0x00007ffaaf8d0000 - 0x00007ffaaf91e000 	C:\Windows\System32\cfgmgr32.dll
0x00007ffaa2d10000 - 0x00007ffaa3046000 	C:\Windows\System32\DriverStore\FileRepository\iigd_dch.inf_amd64_4b31d9b38e2bb506\igdgmm64.dll
0x00007ffa4ab30000 - 0x00007ffa4ab72000 	C:\Users\39\.openjfx\cache\21.0.2+5\amd64\glass.dll
0x00007ffab0c90000 - 0x00007ffab0d6a000 	C:\Windows\System32\COMDLG32.dll
0x00007ffab0d70000 - 0x00007ffab0e85000 	C:\Windows\System32\MSCTF.dll
0x00007ffa74960000 - 0x00007ffa74987000 	C:\Windows\System32\DriverStore\FileRepository\iigd_dch.inf_amd64_4b31d9b38e2bb506\igdinfo64.dll
0x00007ffaaf460000 - 0x00007ffaaf478000 	C:\Windows\SYSTEM32\CRYPTSP.dll
0x00007ffaae090000 - 0x00007ffaae0c4000 	C:\Windows\system32\rsaenh.dll
0x00007ffaae900000 - 0x00007ffaae90c000 	C:\Windows\SYSTEM32\CRYPTBASE.dll
0x00007ffa9cb20000 - 0x00007ffa9f8af000 	C:\Windows\System32\DriverStore\FileRepository\iigd_dch.inf_amd64_4b31d9b38e2bb506\igc64.dll
0x00007ffaa3520000 - 0x00007ffaa355b000 	C:\Windows\SYSTEM32\dxcore.dll
0x00007ffaae430000 - 0x00007ffaae4fa000 	C:\Windows\SYSTEM32\DNSAPI.dll
0x00007ffaae3f0000 - 0x00007ffaae42b000 	C:\Windows\SYSTEM32\IPHLPAPI.DLL
0x00007ffab0a90000 - 0x00007ffab0a98000 	C:\Windows\System32\NSI.dll
0x00007ffaa69f0000 - 0x00007ffaa69fa000 	C:\Windows\System32\rasadhlp.dll
0x00007ffaa2140000 - 0x00007ffaa21c0000 	C:\Windows\System32\fwpuclnt.dll
0x00007ffa88a30000 - 0x00007ffa88a39000 	C:\Users\39\.jdks\jbr-17.0.12-1\bin\extnet.dll
0x00007ffa4f3c0000 - 0x00007ffa4f3d4000 	C:\Users\39\.openjfx\cache\21.0.2+5\amd64\javafx_font.dll
0x00007ffaa2430000 - 0x00007ffaa26af000 	C:\Windows\SYSTEM32\dwrite.dll
0x00007ffab0b10000 - 0x00007ffab0bb9000 	C:\Windows\System32\clbcatq.dll
0x00007ffaac060000 - 0x00007ffaac214000 	C:\Windows\SYSTEM32\WindowsCodecs.dll
0x00007ffa92110000 - 0x00007ffa9214e000 	C:\Windows\system32\dataexchange.dll
0x00007ffaa91f0000 - 0x00007ffaa93d4000 	C:\Windows\system32\dcomp.dll
0x00007ffaa82b0000 - 0x00007ffaa8513000 	C:\Windows\system32\d3d11.dll
0x00007ffaad270000 - 0x00007ffaad366000 	C:\Windows\system32\dxgi.dll
0x00007ffaa6b80000 - 0x00007ffaa6d83000 	C:\Windows\system32\twinapi.appcore.dll

dbghelp: loaded successfully - version: 4.0.5 - missing functions: none
symbol engine: initialized successfully - sym options: 0x614 - pdb path: .;C:\Users\39\.jdks\jbr-17.0.12-1\bin;C:\Windows\SYSTEM32;C:\Windows\WinSxS\amd64_microsoft.windows.common-controls_6595b64144ccf1df_6.0.19041.4355_none_60b8b9eb71f62e16;C:\Users\39\.jdks\jbr-17.0.12-1\bin\server;C:\Users\39\.openjfx\cache\21.0.2+5\amd64;C:\Windows\System32\DriverStore\FileRepository\iigd_dch.inf_amd64_4b31d9b38e2bb506;C:\Program Files\Common Files\Microsoft Shared\Ink

VM Arguments:
jvm_args: --module-path=C:\Users\39\.m2\repository\org\openjfx\javafx-base\21.0.2\javafx-base-21.0.2-win.jar;C:\Users\39\.m2\repository\org\openjfx\javafx-base\21.0.2\javafx-base-21.0.2.jar;C:\Users\39\.m2\repository\org\openjfx\javafx-controls\21.0.2\javafx-controls-21.0.2-win.jar;C:\Users\39\.m2\repository\org\openjfx\javafx-controls\21.0.2\javafx-controls-21.0.2.jar;C:\Users\39\.m2\repository\org\openjfx\javafx-fxml\21.0.2\javafx-fxml-21.0.2-win.jar;C:\Users\39\.m2\repository\org\openjfx\javafx-fxml\21.0.2\javafx-fxml-21.0.2.jar;C:\Users\39\.m2\repository\org\openjfx\javafx-graphics\21.0.2\javafx-graphics-21.0.2-win.jar;C:\Users\39\.m2\repository\org\openjfx\javafx-graphics\21.0.2\javafx-graphics-21.0.2.jar;C:\Users\39\.m2\repository\org\openjfx\javafx-media\21.0.2\javafx-media-21.0.2-win.jar;C:\Users\39\.m2\repository\org\openjfx\javafx-media\21.0.2\javafx-media-21.0.2.jar;C:\Users\39\.m2\repository\org\openjfx\javafx-web\21.0.2\javafx-web-21.0.2-win.jar;C:\Users\39\.m2\repository\org\openjfx\javafx-web\21.0.2\javafx-web-21.0.2.jar --add-modules=javafx.base,javafx.controls,javafx.fxml,javafx.graphics,javafx.media,javafx.web 
java_command: org.gymify.tests.MainApp
java_class_path (initial): C:\Users\39\Documents\GitHub\DevAthletes\DevAthletes\gymify\target\classes;C:\Users\39\.m2\repository\com\fasterxml\jackson\core\jackson-annotations\2.12.7\jackson-annotations-2.12.7.jar;C:\Users\39\.m2\repository\com\fasterxml\jackson\core\jackson-core\2.12.7\jackson-core-2.12.7.jar;C:\Users\39\.m2\repository\com\fasterxml\jackson\core\jackson-databind\2.12.7.1\jackson-databind-2.12.7.1.jar;C:\Users\39\.m2\repository\com\google\protobuf\protobuf-java\3.21.9\protobuf-java-3.21.9.jar;C:\Users\39\.m2\repository\com\mysql\mysql-connector-j\8.0.33\mysql-connector-j-8.0.33.jar;C:\Users\39\.m2\repository\io\jsonwebtoken\jjwt\0.12.0\jjwt-0.12.0.jar;C:\Users\39\.m2\repository\io\jsonwebtoken\jjwt-api\0.12.0\jjwt-api-0.12.0.jar;C:\Users\39\.m2\repository\io\jsonwebtoken\jjwt-impl\0.12.0\jjwt-impl-0.12.0.jar;C:\Users\39\.m2\repository\io\jsonwebtoken\jjwt-jackson\0.12.0\jjwt-jackson-0.12.0.jar;C:\Users\39\.m2\repository\org\mindrot\jbcrypt\0.4\jbcrypt-0.4.jar
Launcher Type: SUN_STANDARD

[Global flags]
     intx CICompilerCount                          = 4                                         {product} {ergonomic}
     uint ConcGCThreads                            = 2                                         {product} {ergonomic}
     uint G1ConcRefinementThreads                  = 8                                         {product} {ergonomic}
   size_t G1HeapRegionSize                         = 1048576                                   {product} {ergonomic}
    uintx GCDrainStackTargetSize                   = 64                                        {product} {ergonomic}
   size_t InitialHeapSize                          = 65011712                                  {product} {ergonomic}
   size_t MarkStackSize                            = 4194304                                   {product} {ergonomic}
   size_t MaxHeapSize                              = 1031798784                                {product} {ergonomic}
   size_t MaxNewSize                               = 618659840                                 {product} {ergonomic}
   size_t MinHeapDeltaBytes                        = 1048576                                   {product} {ergonomic}
   size_t MinHeapSize                              = 8388608                                   {product} {ergonomic}
    uintx NonNMethodCodeHeapSize                   = 5839372                                {pd product} {ergonomic}
    uintx NonProfiledCodeHeapSize                  = 122909434                              {pd product} {ergonomic}
    uintx ProfiledCodeHeapSize                     = 122909434                              {pd product} {ergonomic}
    uintx ReservedCodeCacheSize                    = 251658240                              {pd product} {ergonomic}
     bool SegmentedCodeCache                       = true                                      {product} {ergonomic}
   size_t SoftMaxHeapSize                          = 1031798784                             {manageable} {ergonomic}
     bool UseCompressedClassPointers               = true                           {product lp64_product} {ergonomic}
     bool UseCompressedOops                        = true                           {product lp64_product} {ergonomic}
     bool UseG1GC                                  = true                                      {product} {ergonomic}
     bool UseLargePagesIndividualAllocation        = false                                  {pd product} {ergonomic}

Logging:
Log output configuration:
 #0: stdout all=warning uptime,level,tags
 #1: stderr all=off uptime,level,tags

Environment Variables:
PATH=C:\oraclexe\app\oracle\product\11.2.0\server\bin;C:\Users\39\.jdks\jbr-17.0.12-1\bin;C:\Program Files (x86)\VMware\VMware Workstation\bin\;C:\Users\39\.jdks\jbr-17.0.12\bin;C:\Windows\system32;C:\Windows;C:\Windows\System32\Wbem;C:\Windows\System32\WindowsPowerShell\v1.0\;C:\Windows\System32\OpenSSH\;C:\xampp\php;C:\composer;C:\Program Files\Git\cmd;C:\Program Files (x86)\CodeBlocks\MinGW\bin;C:\Program Files (x86)\GnuWin32\bin;C:\Program Files\Apache\Maven\apache-maven-3.8.8\bin;C:\Users\39\scoop\shims;C:\Users\39\AppData\Local\Microsoft\WindowsApps;C:\Users\39\AppData\Roaming\Composer\vendor\bin;C:\Users\39\AppData\Local\Programs\Microsoft VS Code\bin;C:\Users\39\AppData\Local\GitHubDesktop\bin
USERNAME=39
OS=Windows_NT
PROCESSOR_IDENTIFIER=Intel64 Family 6 Model 142 Stepping 12, GenuineIntel
TMP=C:\Users\39\AppData\Local\Temp
TEMP=C:\Users\39\AppData\Local\Temp



Periodic native trim disabled

JNI global refs:
JNI global refs: 29, weak refs: 2

JNI global refs memory usage: 843, weak refs: 841

Process memory usage:
Resident Set Size: 209692K (5% of 4024112K total physical memory with 129472K free physical memory)

OOME stack traces (most recent first):
Classloader memory used:
Loader jdk.internal.loader.ClassLoaders$AppClassLoader                                 : 2108K
Loader bootstrap                                                                       : 904K
Loader jdk.internal.loader.ClassLoaders$PlatformClassLoader                            : 66146B
Loader jdk.internal.reflect.DelegatingClassLoader                                      : 15073B
Loader com.sun.javafx.reflect.MethodUtil                                               : 510B


---------------  S Y S T E M  ---------------

OS:
 Windows 10 , 64 bit Build 19041 (10.0.19041.5438)
OS uptime: 0 days 21:45 hours

CPU: total 8 (initial active 8) (4 cores per cpu, 2 threads per core) family 6 model 142 stepping 12 microcode 0xde, cx8, cmov, fxsr, ht, mmx, 3dnowpref, sse, sse2, sse3, ssse3, sse4.1, sse4.2, popcnt, lzcnt, tsc, tscinvbit, avx, avx2, aes, erms, clmul, bmi1, bmi2, adx, fma, vzeroupper, clflush, clflushopt
Processor Information for all 8 processors :
  Max Mhz: 2112, Current Mhz: 1609, Mhz Limit: 1605

Memory: 4k page, system-wide physical 3929M (126M free)
TotalPageFile size 16217M (AvailPageFile size 8M)
current process WorkingSet (physical memory assigned to process): 204M, peak: 241M
current process commit charge ("private bytes"): 343M, peak: 358M

vm_info: OpenJDK 64-Bit Server VM (17.0.12+1-b1207.37) for windows-amd64 JRE (17.0.12+1-b1207.37), built on 2024-09-25 by "builduser" with MS VC++ 16.10 / 16.11 (VS2019)

END.
