#
# There is insufficient memory for the Java Runtime Environment to continue.
# Native memory allocation (malloc) failed to allocate 724608 bytes. Error detail: Chunk::new
# Possible reasons:
#   The system is out of physical RAM or swap space
#   This process is running with CompressedOops enabled, and the Java Heap may be blocking the growth of the native heap
# Possible solutions:
#   Reduce memory load on the system
#   Increase physical memory or swap space
#   Check if swap backing store is full
#   Decrease Java heap size (-Xmx/-Xms)
#   Decrease number of Java threads
#   Decrease Java thread stack sizes (-Xss)
#   Set larger code cache with -XX:ReservedCodeCacheSize=
#   JVM is running with Unscaled Compressed Oops mode in which the Java heap is
#     placed in the first 4GB address space. The Java Heap base address is the
#     maximum limit for the native heap growth. Please use -XX:HeapBaseMinAddress
#     to set the Java Heap base and to place the Java Heap above 4GB virtual address.
# This output file may be truncated or incomplete.
#
#  Out of Memory Error (arena.cpp:191), pid=14736, tid=15672
#
# JRE version: OpenJDK Runtime Environment JBR-17.0.12+1-1207.37-nomod (17.0.12+1) (build 17.0.12+1-b1207.37)
# Java VM: OpenJDK 64-Bit Server VM JBR-17.0.12+1-1207.37-nomod (17.0.12+1-b1207.37, mixed mode, sharing, tiered, compressed oops, compressed class ptrs, g1 gc, windows-amd64)
# No core dump will be written. Minidumps are not enabled by default on client versions of Windows
#

---------------  S U M M A R Y ------------

Command Line: --module-path=C:\Users\39\.m2\repository\org\openjfx\javafx-base\21.0.2\javafx-base-21.0.2-win.jar;C:\Users\39\.m2\repository\org\openjfx\javafx-base\21.0.2\javafx-base-21.0.2.jar;C:\Users\39\.m2\repository\org\openjfx\javafx-controls\21.0.2\javafx-controls-21.0.2-win.jar;C:\Users\39\.m2\repository\org\openjfx\javafx-controls\21.0.2\javafx-controls-21.0.2.jar;C:\Users\39\.m2\repository\org\openjfx\javafx-fxml\21.0.2\javafx-fxml-21.0.2-win.jar;C:\Users\39\.m2\repository\org\openjfx\javafx-fxml\21.0.2\javafx-fxml-21.0.2.jar;C:\Users\39\.m2\repository\org\openjfx\javafx-graphics\21.0.2\javafx-graphics-21.0.2-win.jar;C:\Users\39\.m2\repository\org\openjfx\javafx-graphics\21.0.2\javafx-graphics-21.0.2.jar;C:\Users\39\.m2\repository\org\openjfx\javafx-media\21.0.2\javafx-media-21.0.2-win.jar;C:\Users\39\.m2\repository\org\openjfx\javafx-media\21.0.2\javafx-media-21.0.2.jar;C:\Users\39\.m2\repository\org\openjfx\javafx-swing\21.0.2\javafx-swing-21.0.2-win.jar;C:\Users\39\.m2\repository\org\openjfx\javafx-swing\21.0.2\javafx-swing-21.0.2.jar;C:\Users\39\.m2\repository\org\openjfx\javafx-web\21.0.2\javafx-web-21.0.2-win.jar;C:\Users\39\.m2\repository\org\openjfx\javafx-web\21.0.2\javafx-web-21.0.2.jar --add-modules=javafx.base,javafx.controls,javafx.fxml,javafx.graphics,javafx.media,javafx.swing,javafx.web org.gymify.tests.MainApp

Host: Intel(R) Core(TM) i5-10210U CPU @ 1.60GHz, 8 cores, 3G,  Windows 10 , 64 bit Build 19041 (10.0.19041.5438)
Time: Thu Mar  6 23:50:14 2025 Paris, Madrid elapsed time: 21.949644 seconds (0d 0h 0m 21s)

---------------  T H R E A D  ---------------

Current thread (0x0000026dc344cf00):  JavaThread "C2 CompilerThread0" daemon [_thread_in_native, id=15672, stack(0x000000fb09300000,0x000000fb09400000)]


Current CompileTask:
C2:  21950 5303 %     4       com.sun.marlin.Renderer::_endRendering @ 787 (2639 bytes)

Stack: [0x000000fb09300000,0x000000fb09400000]
Native frames: (J=compiled Java code, j=interpreted, Vv=VM code, C=native code)
V  [jvm.dll+0x689d89]


---------------  P R O C E S S  ---------------

Threads class SMR info:
_java_thread_list=0x0000026e0f411490, length=22, elements={
0x0000026da9b546d0, 0x0000026dc3425810, 0x0000026dc3428690, 0x0000026dc343ee50,
0x0000026dc3441530, 0x0000026dc3443b10, 0x0000026dc34440e0, 0x0000026dc344cf00,
0x0000026dc34555d0, 0x0000026dc3456c00, 0x0000026dc37ba5a0, 0x0000026dc38ed3f0,
0x0000026dc396f4d0, 0x0000026e0936b030, 0x0000026e09346e10, 0x0000026e095748b0,
0x0000026e095c05b0, 0x0000026e09625430, 0x0000026e09627290, 0x0000026e09624f20,
0x0000026e09626870, 0x0000026e09624500
}

Java Threads: ( => current thread )
  0x0000026da9b546d0 JavaThread "main" [_thread_blocked, id=17044, stack(0x000000fb08600000,0x000000fb08700000)]
  0x0000026dc3425810 JavaThread "Reference Handler" daemon [_thread_blocked, id=10720, stack(0x000000fb08d00000,0x000000fb08e00000)]
  0x0000026dc3428690 JavaThread "Finalizer" daemon [_thread_blocked, id=3824, stack(0x000000fb08e00000,0x000000fb08f00000)]
  0x0000026dc343ee50 JavaThread "Signal Dispatcher" daemon [_thread_blocked, id=16448, stack(0x000000fb08f00000,0x000000fb09000000)]
  0x0000026dc3441530 JavaThread "Attach Listener" daemon [_thread_blocked, id=1196, stack(0x000000fb09000000,0x000000fb09100000)]
  0x0000026dc3443b10 JavaThread "Service Thread" daemon [_thread_blocked, id=5212, stack(0x000000fb09100000,0x000000fb09200000)]
  0x0000026dc34440e0 JavaThread "Monitor Deflation Thread" daemon [_thread_blocked, id=14372, stack(0x000000fb09200000,0x000000fb09300000)]
=>0x0000026dc344cf00 JavaThread "C2 CompilerThread0" daemon [_thread_in_native, id=15672, stack(0x000000fb09300000,0x000000fb09400000)]
  0x0000026dc34555d0 JavaThread "C1 CompilerThread0" daemon [_thread_blocked, id=12028, stack(0x000000fb09400000,0x000000fb09500000)]
  0x0000026dc3456c00 JavaThread "Sweeper thread" daemon [_thread_blocked, id=15916, stack(0x000000fb09500000,0x000000fb09600000)]
  0x0000026dc37ba5a0 JavaThread "Common-Cleaner" daemon [_thread_blocked, id=1944, stack(0x000000fb09600000,0x000000fb09700000)]
  0x0000026dc38ed3f0 JavaThread "Notification Thread" daemon [_thread_blocked, id=14404, stack(0x000000fb09700000,0x000000fb09800000)]
  0x0000026dc396f4d0 JavaThread "QuantumRenderer-0" daemon [_thread_blocked, id=9856, stack(0x000000fb09900000,0x000000fb09a00000)]
  0x0000026e0936b030 JavaThread "InvokeLaterDispatcher" daemon [_thread_blocked, id=12808, stack(0x000000fb09a00000,0x000000fb09b00000)]
  0x0000026e09346e10 JavaThread "JavaFX Application Thread" [_thread_in_native, id=11620, stack(0x000000fb09b00000,0x000000fb09c00000)]
  0x0000026e095748b0 JavaThread "JavaFX-Launcher" [_thread_blocked, id=15016, stack(0x000000fb0a000000,0x000000fb0a100000)]
  0x0000026e095c05b0 JavaThread "Thread-2" daemon [_thread_in_native, id=16140, stack(0x000000fb09f00000,0x000000fb0a000000)]
  0x0000026e09625430 JavaThread "mysql-cj-abandoned-connection-cleanup" daemon [_thread_blocked, id=11608, stack(0x000000fb0a600000,0x000000fb0a700000)]
  0x0000026e09627290 JavaThread "Prism Font Disposer" daemon [_thread_blocked, id=8892, stack(0x000000fb0ab00000,0x000000fb0ac00000)]
  0x0000026e09624f20 JavaThread "Java2D Disposer" daemon [_thread_blocked, id=13684, stack(0x000000fb0ac00000,0x000000fb0ad00000)]
  0x0000026e09626870 JavaThread "AWT-Windows" daemon [_thread_in_native, id=14556, stack(0x000000fb0ae00000,0x000000fb0af00000)]
  0x0000026e09624500 JavaThread "Cleaner-0" daemon [_thread_blocked, id=12864, stack(0x000000fb0b300000,0x000000fb0b400000)]

Other Threads:
  0x0000026dc34236f0 VMThread "VM Thread" [stack: 0x000000fb08c00000,0x000000fb08d00000] [id=16724]
  0x0000026dc37d1bb0 WatcherThread [stack: 0x000000fb09800000,0x000000fb09900000] [id=4552]
  0x0000026da9b902b0 GCTaskThread "GC Thread#0" [stack: 0x000000fb08700000,0x000000fb08800000] [id=17040]
  0x0000026dc37d5190 GCTaskThread "GC Thread#1" [stack: 0x000000fb0a100000,0x000000fb0a200000] [id=4100]
  0x0000026dc37d6d10 GCTaskThread "GC Thread#2" [stack: 0x000000fb0a200000,0x000000fb0a300000] [id=1428]
  0x0000026dc37d5c90 GCTaskThread "GC Thread#3" [stack: 0x000000fb0a300000,0x000000fb0a400000] [id=14864]
  0x0000026dc37d64d0 GCTaskThread "GC Thread#4" [stack: 0x000000fb0a400000,0x000000fb0a500000] [id=16340]
  0x0000026dc37d6a50 GCTaskThread "GC Thread#5" [stack: 0x000000fb0a500000,0x000000fb0a600000] [id=15164]
  0x0000026dc37d6790 GCTaskThread "GC Thread#6" [stack: 0x000000fb0a700000,0x000000fb0a800000] [id=4072]
  0x0000026dc37d5450 GCTaskThread "GC Thread#7" [stack: 0x000000fb0a800000,0x000000fb0a900000] [id=6316]
  0x0000026da9b98d00 ConcurrentGCThread "G1 Main Marker" [stack: 0x000000fb08800000,0x000000fb08900000] [id=4776]
  0x0000026da9b99ec0 ConcurrentGCThread "G1 Conc#0" [stack: 0x000000fb08900000,0x000000fb08a00000] [id=15844]
  0x0000026dc37d5710 ConcurrentGCThread "G1 Conc#1" [stack: 0x000000fb0b200000,0x000000fb0b300000] [id=13212]
  0x0000026dc32e0090 ConcurrentGCThread "G1 Refine#0" [stack: 0x000000fb08a00000,0x000000fb08b00000] [id=13252]
  0x0000026e0f0da0f0 ConcurrentGCThread "G1 Refine#1" [stack: 0x000000fb0a900000,0x000000fb0aa00000] [id=4068]
  0x0000026e0e909ee0 ConcurrentGCThread "G1 Refine#2" [stack: 0x000000fb0aa00000,0x000000fb0ab00000] [id=15932]
  0x0000026da9c04370 ConcurrentGCThread "G1 Service" [stack: 0x000000fb08b00000,0x000000fb08c00000] [id=17372]

Threads with active compile tasks:
C2 CompilerThread0    22137 5303 %     4       com.sun.marlin.Renderer::_endRendering @ 787 (2639 bytes)

VM state: not at safepoint (normal execution)

VM Mutex/Monitor currently owned by a thread: None

Heap address: 0x00000000c2800000, size: 984 MB, Compressed Oops mode: 32-bit

CDS archive(s) mapped at: [0x0000026dc4000000-0x0000026dc4c00000-0x0000026dc4c00000), size 12582912, SharedBaseAddress: 0x0000026dc4000000, ArchiveRelocationMode: 1.
Compressed class space mapped at: 0x0000026dc5000000-0x0000026e05000000, reserved size: 1073741824
Narrow klass base: 0x0000026dc4000000, Narrow klass shift: 0, Narrow klass range: 0x100000000

GC Precious Log:
 CPUs: 8 total, 8 available
 Memory: 3929M
 Large Page Support: Disabled
 NUMA Support: Disabled
 Compressed Oops: Enabled (32-bit)
 Heap Region Size: 1M
 Heap Min Capacity: 8M
 Heap Initial Capacity: 62M
 Heap Max Capacity: 984M
 Pre-touch: Disabled
 Parallel Workers: 8
 Concurrent Workers: 2
 Concurrent Refinement Workers: 8
 Periodic GC: Disabled

Heap:
 garbage-first heap   total 340992K, used 148142K [0x00000000c2800000, 0x0000000100000000)
  region size 1024K, 29 young (29696K), 1 survivors (1024K)
 Metaspace       used 27800K, committed 28096K, reserved 1114112K
  class space    used 3878K, committed 4032K, reserved 1048576K

Heap Regions: E=young(eden), S=young(survivor), O=old, HS=humongous(starts), HC=humongous(continues), CS=collection set, F=free, OA=open archive, CA=closed archive, TAMS=top-at-mark-start (previous, next)
|   0|0x00000000c2800000, 0x00000000c2900000, 0x00000000c2900000|100%| O|  |TAMS 0x00000000c2900000, 0x00000000c2900000| Untracked 
|   1|0x00000000c2900000, 0x00000000c2a00000, 0x00000000c2a00000|100%| O|  |TAMS 0x00000000c2a00000, 0x00000000c2a00000| Untracked 
|   2|0x00000000c2a00000, 0x00000000c2b00000, 0x00000000c2b00000|100%| O|  |TAMS 0x00000000c2b00000, 0x00000000c2b00000| Untracked 
|   3|0x00000000c2b00000, 0x00000000c2c00000, 0x00000000c2c00000|100%| O|  |TAMS 0x00000000c2c00000, 0x00000000c2c00000| Untracked 
|   4|0x00000000c2c00000, 0x00000000c2d00000, 0x00000000c2d00000|100%| O|  |TAMS 0x00000000c2d00000, 0x00000000c2d00000| Untracked 
|   5|0x00000000c2d00000, 0x00000000c2e00000, 0x00000000c2e00000|100%|HS|  |TAMS 0x00000000c2e00000, 0x00000000c2e00000| Complete 
|   6|0x00000000c2e00000, 0x00000000c2f00000, 0x00000000c2f00000|100%| O|  |TAMS 0x00000000c2f00000, 0x00000000c2f00000| Untracked 
|   7|0x00000000c2f00000, 0x00000000c3000000, 0x00000000c3000000|100%| O|  |TAMS 0x00000000c3000000, 0x00000000c3000000| Untracked 
|   8|0x00000000c3000000, 0x00000000c3100000, 0x00000000c3100000|100%| O|  |TAMS 0x00000000c3100000, 0x00000000c3100000| Untracked 
|   9|0x00000000c3100000, 0x00000000c3200000, 0x00000000c3200000|100%| O|  |TAMS 0x00000000c3200000, 0x00000000c3200000| Untracked 
|  10|0x00000000c3200000, 0x00000000c3232a00, 0x00000000c3300000| 19%| O|  |TAMS 0x00000000c3232a00, 0x00000000c3232a00| Untracked 
|  11|0x00000000c3300000, 0x00000000c3400000, 0x00000000c3400000|100%|HS|  |TAMS 0x00000000c3400000, 0x00000000c3400000| Complete 
|  12|0x00000000c3400000, 0x00000000c3500000, 0x00000000c3500000|100%|HC|  |TAMS 0x00000000c3500000, 0x00000000c3500000| Complete 
|  13|0x00000000c3500000, 0x00000000c3600000, 0x00000000c3600000|100%|HS|  |TAMS 0x00000000c3600000, 0x00000000c3600000| Complete 
|  14|0x00000000c3600000, 0x00000000c3700000, 0x00000000c3700000|100%|HC|  |TAMS 0x00000000c3700000, 0x00000000c3700000| Complete 
|  15|0x00000000c3700000, 0x00000000c3800000, 0x00000000c3800000|100%| O|  |TAMS 0x00000000c3800000, 0x00000000c3800000| Untracked 
|  16|0x00000000c3800000, 0x00000000c3900000, 0x00000000c3900000|100%| O|  |TAMS 0x00000000c3900000, 0x00000000c3900000| Untracked 
|  17|0x00000000c3900000, 0x00000000c3a00000, 0x00000000c3a00000|100%| O|  |TAMS 0x00000000c3a00000, 0x00000000c3a00000| Untracked 
|  18|0x00000000c3a00000, 0x00000000c3b00000, 0x00000000c3b00000|100%| O|  |TAMS 0x00000000c3b00000, 0x00000000c3b00000| Untracked 
|  19|0x00000000c3b00000, 0x00000000c3bee000, 0x00000000c3c00000| 92%| O|  |TAMS 0x00000000c3bee000, 0x00000000c3bee000| Untracked 
|  20|0x00000000c3c00000, 0x00000000c3d00000, 0x00000000c3d00000|100%|HS|  |TAMS 0x00000000c3d00000, 0x00000000c3d00000| Complete 
|  21|0x00000000c3d00000, 0x00000000c3e00000, 0x00000000c3e00000|100%|HC|  |TAMS 0x00000000c3e00000, 0x00000000c3e00000| Complete 
|  22|0x00000000c3e00000, 0x00000000c3f00000, 0x00000000c3f00000|100%|HS|  |TAMS 0x00000000c3f00000, 0x00000000c3f00000| Complete 
|  23|0x00000000c3f00000, 0x00000000c4000000, 0x00000000c4000000|100%|HC|  |TAMS 0x00000000c4000000, 0x00000000c4000000| Complete 
|  24|0x00000000c4000000, 0x00000000c4100000, 0x00000000c4100000|100%|HS|  |TAMS 0x00000000c4100000, 0x00000000c4100000| Complete 
|  25|0x00000000c4100000, 0x00000000c4200000, 0x00000000c4200000|100%|HC|  |TAMS 0x00000000c4200000, 0x00000000c4200000| Complete 
|  26|0x00000000c4200000, 0x00000000c4300000, 0x00000000c4300000|100%|HC|  |TAMS 0x00000000c4300000, 0x00000000c4300000| Complete 
|  27|0x00000000c4300000, 0x00000000c4400000, 0x00000000c4400000|100%|HC|  |TAMS 0x00000000c4400000, 0x00000000c4400000| Complete 
|  28|0x00000000c4400000, 0x00000000c4500000, 0x00000000c4500000|100%|HC|  |TAMS 0x00000000c4500000, 0x00000000c4500000| Complete 
|  29|0x00000000c4500000, 0x00000000c4600000, 0x00000000c4600000|100%|HC|  |TAMS 0x00000000c4600000, 0x00000000c4600000| Complete 
|  30|0x00000000c4600000, 0x00000000c4700000, 0x00000000c4700000|100%|HC|  |TAMS 0x00000000c4700000, 0x00000000c4700000| Complete 
|  31|0x00000000c4700000, 0x00000000c4800000, 0x00000000c4800000|100%|HC|  |TAMS 0x00000000c4800000, 0x00000000c4800000| Complete 
|  32|0x00000000c4800000, 0x00000000c4900000, 0x00000000c4900000|100%|HC|  |TAMS 0x00000000c4900000, 0x00000000c4900000| Complete 
|  33|0x00000000c4900000, 0x00000000c4a00000, 0x00000000c4a00000|100%|HC|  |TAMS 0x00000000c4a00000, 0x00000000c4a00000| Complete 
|  34|0x00000000c4a00000, 0x00000000c4b00000, 0x00000000c4b00000|100%|HC|  |TAMS 0x00000000c4b00000, 0x00000000c4b00000| Complete 
|  35|0x00000000c4b00000, 0x00000000c4c00000, 0x00000000c4c00000|100%|HC|  |TAMS 0x00000000c4c00000, 0x00000000c4c00000| Complete 
|  36|0x00000000c4c00000, 0x00000000c4d00000, 0x00000000c4d00000|100%|HC|  |TAMS 0x00000000c4d00000, 0x00000000c4d00000| Complete 
|  37|0x00000000c4d00000, 0x00000000c4e00000, 0x00000000c4e00000|100%|HC|  |TAMS 0x00000000c4e00000, 0x00000000c4e00000| Complete 
|  38|0x00000000c4e00000, 0x00000000c4f00000, 0x00000000c4f00000|100%|HC|  |TAMS 0x00000000c4f00000, 0x00000000c4f00000| Complete 
|  39|0x00000000c4f00000, 0x00000000c5000000, 0x00000000c5000000|100%|HC|  |TAMS 0x00000000c5000000, 0x00000000c5000000| Complete 
|  40|0x00000000c5000000, 0x00000000c5100000, 0x00000000c5100000|100%|HC|  |TAMS 0x00000000c5100000, 0x00000000c5100000| Complete 
|  41|0x00000000c5100000, 0x00000000c5200000, 0x00000000c5200000|100%|HC|  |TAMS 0x00000000c5200000, 0x00000000c5200000| Complete 
|  42|0x00000000c5200000, 0x00000000c5300000, 0x00000000c5300000|100%|HC|  |TAMS 0x00000000c5300000, 0x00000000c5300000| Complete 
|  43|0x00000000c5300000, 0x00000000c5400000, 0x00000000c5400000|100%|HC|  |TAMS 0x00000000c5400000, 0x00000000c5400000| Complete 
|  44|0x00000000c5400000, 0x00000000c5500000, 0x00000000c5500000|100%|HC|  |TAMS 0x00000000c5500000, 0x00000000c5500000| Complete 
|  45|0x00000000c5500000, 0x00000000c5600000, 0x00000000c5600000|100%|HC|  |TAMS 0x00000000c5600000, 0x00000000c5600000| Complete 
|  46|0x00000000c5600000, 0x00000000c5700000, 0x00000000c5700000|100%|HC|  |TAMS 0x00000000c5700000, 0x00000000c5700000| Complete 
|  47|0x00000000c5700000, 0x00000000c5800000, 0x00000000c5800000|100%|HC|  |TAMS 0x00000000c5800000, 0x00000000c5800000| Complete 
|  48|0x00000000c5800000, 0x00000000c5900000, 0x00000000c5900000|100%|HC|  |TAMS 0x00000000c5900000, 0x00000000c5900000| Complete 
|  49|0x00000000c5900000, 0x00000000c5a00000, 0x00000000c5a00000|100%|HC|  |TAMS 0x00000000c5a00000, 0x00000000c5a00000| Complete 
|  50|0x00000000c5a00000, 0x00000000c5b00000, 0x00000000c5b00000|100%|HC|  |TAMS 0x00000000c5b00000, 0x00000000c5b00000| Complete 
|  51|0x00000000c5b00000, 0x00000000c5c00000, 0x00000000c5c00000|100%|HC|  |TAMS 0x00000000c5c00000, 0x00000000c5c00000| Complete 
|  52|0x00000000c5c00000, 0x00000000c5d00000, 0x00000000c5d00000|100%|HC|  |TAMS 0x00000000c5d00000, 0x00000000c5d00000| Complete 
|  53|0x00000000c5d00000, 0x00000000c5e00000, 0x00000000c5e00000|100%|HC|  |TAMS 0x00000000c5e00000, 0x00000000c5e00000| Complete 
|  54|0x00000000c5e00000, 0x00000000c5f00000, 0x00000000c5f00000|100%|HC|  |TAMS 0x00000000c5f00000, 0x00000000c5f00000| Complete 
|  55|0x00000000c5f00000, 0x00000000c6000000, 0x00000000c6000000|100%|HC|  |TAMS 0x00000000c6000000, 0x00000000c6000000| Complete 
|  56|0x00000000c6000000, 0x00000000c6100000, 0x00000000c6100000|100%|HC|  |TAMS 0x00000000c6100000, 0x00000000c6100000| Complete 
|  57|0x00000000c6100000, 0x00000000c6200000, 0x00000000c6200000|100%|HC|  |TAMS 0x00000000c6200000, 0x00000000c6200000| Complete 
|  58|0x00000000c6200000, 0x00000000c6300000, 0x00000000c6300000|100%|HC|  |TAMS 0x00000000c6300000, 0x00000000c6300000| Complete 
|  59|0x00000000c6300000, 0x00000000c6400000, 0x00000000c6400000|100%|HC|  |TAMS 0x00000000c6400000, 0x00000000c6400000| Complete 
|  60|0x00000000c6400000, 0x00000000c6500000, 0x00000000c6500000|100%|HC|  |TAMS 0x00000000c6500000, 0x00000000c6500000| Complete 
|  61|0x00000000c6500000, 0x00000000c6600000, 0x00000000c6600000|100%|HC|  |TAMS 0x00000000c6600000, 0x00000000c6600000| Complete 
|  62|0x00000000c6600000, 0x00000000c6700000, 0x00000000c6700000|100%|HC|  |TAMS 0x00000000c6700000, 0x00000000c6700000| Complete 
|  63|0x00000000c6700000, 0x00000000c6800000, 0x00000000c6800000|100%|HC|  |TAMS 0x00000000c6800000, 0x00000000c6800000| Complete 
|  64|0x00000000c6800000, 0x00000000c6900000, 0x00000000c6900000|100%|HC|  |TAMS 0x00000000c6900000, 0x00000000c6900000| Complete 
|  65|0x00000000c6900000, 0x00000000c6a00000, 0x00000000c6a00000|100%|HC|  |TAMS 0x00000000c6a00000, 0x00000000c6a00000| Complete 
|  66|0x00000000c6a00000, 0x00000000c6b00000, 0x00000000c6b00000|100%|HC|  |TAMS 0x00000000c6b00000, 0x00000000c6b00000| Complete 
|  67|0x00000000c6b00000, 0x00000000c6c00000, 0x00000000c6c00000|100%|HC|  |TAMS 0x00000000c6c00000, 0x00000000c6c00000| Complete 
|  68|0x00000000c6c00000, 0x00000000c6d00000, 0x00000000c6d00000|100%|HC|  |TAMS 0x00000000c6d00000, 0x00000000c6d00000| Complete 
|  69|0x00000000c6d00000, 0x00000000c6e00000, 0x00000000c6e00000|100%|HC|  |TAMS 0x00000000c6e00000, 0x00000000c6e00000| Complete 
|  70|0x00000000c6e00000, 0x00000000c6f00000, 0x00000000c6f00000|100%|HC|  |TAMS 0x00000000c6f00000, 0x00000000c6f00000| Complete 
|  71|0x00000000c6f00000, 0x00000000c7000000, 0x00000000c7000000|100%|HC|  |TAMS 0x00000000c7000000, 0x00000000c7000000| Complete 
|  72|0x00000000c7000000, 0x00000000c7100000, 0x00000000c7100000|100%|HC|  |TAMS 0x00000000c7100000, 0x00000000c7100000| Complete 
|  73|0x00000000c7100000, 0x00000000c7200000, 0x00000000c7200000|100%|HC|  |TAMS 0x00000000c7200000, 0x00000000c7200000| Complete 
|  74|0x00000000c7200000, 0x00000000c7300000, 0x00000000c7300000|100%|HC|  |TAMS 0x00000000c7300000, 0x00000000c7300000| Complete 
|  75|0x00000000c7300000, 0x00000000c7400000, 0x00000000c7400000|100%|HC|  |TAMS 0x00000000c7400000, 0x00000000c7400000| Complete 
|  76|0x00000000c7400000, 0x00000000c7500000, 0x00000000c7500000|100%|HC|  |TAMS 0x00000000c7500000, 0x00000000c7500000| Complete 
|  77|0x00000000c7500000, 0x00000000c7600000, 0x00000000c7600000|100%|HC|  |TAMS 0x00000000c7600000, 0x00000000c7600000| Complete 
|  78|0x00000000c7600000, 0x00000000c7700000, 0x00000000c7700000|100%|HC|  |TAMS 0x00000000c7700000, 0x00000000c7700000| Complete 
|  79|0x00000000c7700000, 0x00000000c7800000, 0x00000000c7800000|100%|HC|  |TAMS 0x00000000c7800000, 0x00000000c7800000| Complete 
|  80|0x00000000c7800000, 0x00000000c7900000, 0x00000000c7900000|100%|HS|  |TAMS 0x00000000c7900000, 0x00000000c7900000| Complete 
|  81|0x00000000c7900000, 0x00000000c7a00000, 0x00000000c7a00000|100%|HC|  |TAMS 0x00000000c7a00000, 0x00000000c7a00000| Complete 
|  82|0x00000000c7a00000, 0x00000000c7b00000, 0x00000000c7b00000|100%|HS|  |TAMS 0x00000000c7b00000, 0x00000000c7b00000| Complete 
|  83|0x00000000c7b00000, 0x00000000c7c00000, 0x00000000c7c00000|100%|HC|  |TAMS 0x00000000c7c00000, 0x00000000c7c00000| Complete 
|  84|0x00000000c7c00000, 0x00000000c7d00000, 0x00000000c7d00000|100%|HS|  |TAMS 0x00000000c7d00000, 0x00000000c7d00000| Complete 
|  85|0x00000000c7d00000, 0x00000000c7e00000, 0x00000000c7e00000|100%|HC|  |TAMS 0x00000000c7e00000, 0x00000000c7e00000| Complete 
|  86|0x00000000c7e00000, 0x00000000c7f00000, 0x00000000c7f00000|100%|HS|  |TAMS 0x00000000c7f00000, 0x00000000c7f00000| Complete 
|  87|0x00000000c7f00000, 0x00000000c8000000, 0x00000000c8000000|100%|HC|  |TAMS 0x00000000c8000000, 0x00000000c8000000| Complete 
|  88|0x00000000c8000000, 0x00000000c8100000, 0x00000000c8100000|100%|HS|  |TAMS 0x00000000c8100000, 0x00000000c8100000| Complete 
|  89|0x00000000c8100000, 0x00000000c8200000, 0x00000000c8200000|100%|HC|  |TAMS 0x00000000c8200000, 0x00000000c8200000| Complete 
|  90|0x00000000c8200000, 0x00000000c8300000, 0x00000000c8300000|100%|HS|  |TAMS 0x00000000c8300000, 0x00000000c8300000| Complete 
|  91|0x00000000c8300000, 0x00000000c8400000, 0x00000000c8400000|100%|HC|  |TAMS 0x00000000c8400000, 0x00000000c8400000| Complete 
|  92|0x00000000c8400000, 0x00000000c8500000, 0x00000000c8500000|100%|HS|  |TAMS 0x00000000c8500000, 0x00000000c8500000| Complete 
|  93|0x00000000c8500000, 0x00000000c8600000, 0x00000000c8600000|100%|HC|  |TAMS 0x00000000c8600000, 0x00000000c8600000| Complete 
|  94|0x00000000c8600000, 0x00000000c8700000, 0x00000000c8700000|100%|HS|  |TAMS 0x00000000c8700000, 0x00000000c8700000| Complete 
|  95|0x00000000c8700000, 0x00000000c8800000, 0x00000000c8800000|100%|HC|  |TAMS 0x00000000c8800000, 0x00000000c8800000| Complete 
|  96|0x00000000c8800000, 0x00000000c8900000, 0x00000000c8900000|100%|HS|  |TAMS 0x00000000c8800000, 0x00000000c8900000| Complete 
|  97|0x00000000c8900000, 0x00000000c8a00000, 0x00000000c8a00000|100%|HC|  |TAMS 0x00000000c8900000, 0x00000000c8a00000| Complete 
|  98|0x00000000c8a00000, 0x00000000c8b00000, 0x00000000c8b00000|100%|HS|  |TAMS 0x00000000c8a00000, 0x00000000c8b00000| Complete 
|  99|0x00000000c8b00000, 0x00000000c8c00000, 0x00000000c8c00000|100%|HC|  |TAMS 0x00000000c8b00000, 0x00000000c8c00000| Complete 
| 100|0x00000000c8c00000, 0x00000000c8d00000, 0x00000000c8d00000|100%|HS|  |TAMS 0x00000000c8c00000, 0x00000000c8c00000| Complete 
| 101|0x00000000c8d00000, 0x00000000c8e00000, 0x00000000c8e00000|100%|HC|  |TAMS 0x00000000c8d00000, 0x00000000c8d00000| Complete 
| 102|0x00000000c8e00000, 0x00000000c8f00000, 0x00000000c8f00000|100%|HS|  |TAMS 0x00000000c8e00000, 0x00000000c8e00000| Complete 
| 103|0x00000000c8f00000, 0x00000000c9000000, 0x00000000c9000000|100%|HC|  |TAMS 0x00000000c8f00000, 0x00000000c8f00000| Complete 
| 104|0x00000000c9000000, 0x00000000c9100000, 0x00000000c9100000|100%|HS|  |TAMS 0x00000000c9000000, 0x00000000c9000000| Complete 
| 105|0x00000000c9100000, 0x00000000c9200000, 0x00000000c9200000|100%|HC|  |TAMS 0x00000000c9100000, 0x00000000c9100000| Complete 
| 106|0x00000000c9200000, 0x00000000c9300000, 0x00000000c9300000|100%|HS|  |TAMS 0x00000000c9200000, 0x00000000c9200000| Complete 
| 107|0x00000000c9300000, 0x00000000c9400000, 0x00000000c9400000|100%|HC|  |TAMS 0x00000000c9300000, 0x00000000c9300000| Complete 
| 108|0x00000000c9400000, 0x00000000c9500000, 0x00000000c9500000|100%|HS|  |TAMS 0x00000000c9400000, 0x00000000c9400000| Complete 
| 109|0x00000000c9500000, 0x00000000c9600000, 0x00000000c9600000|100%|HC|  |TAMS 0x00000000c9500000, 0x00000000c9500000| Complete 
| 110|0x00000000c9600000, 0x00000000c9700000, 0x00000000c9700000|100%|HS|  |TAMS 0x00000000c9600000, 0x00000000c9600000| Complete 
| 111|0x00000000c9700000, 0x00000000c9800000, 0x00000000c9800000|100%|HC|  |TAMS 0x00000000c9700000, 0x00000000c9700000| Complete 
| 112|0x00000000c9800000, 0x00000000c9900000, 0x00000000c9900000|100%|HS|  |TAMS 0x00000000c9800000, 0x00000000c9800000| Complete 
| 113|0x00000000c9900000, 0x00000000c9a00000, 0x00000000c9a00000|100%|HC|  |TAMS 0x00000000c9900000, 0x00000000c9900000| Complete 
| 114|0x00000000c9a00000, 0x00000000c9b00000, 0x00000000c9b00000|100%|HS|  |TAMS 0x00000000c9a00000, 0x00000000c9a00000| Complete 
| 115|0x00000000c9b00000, 0x00000000c9c00000, 0x00000000c9c00000|100%|HC|  |TAMS 0x00000000c9b00000, 0x00000000c9b00000| Complete 
| 116|0x00000000c9c00000, 0x00000000c9d00000, 0x00000000c9d00000|100%|HS|  |TAMS 0x00000000c9c00000, 0x00000000c9c00000| Complete 
| 117|0x00000000c9d00000, 0x00000000c9e00000, 0x00000000c9e00000|100%|HC|  |TAMS 0x00000000c9d00000, 0x00000000c9d00000| Complete 
| 118|0x00000000c9e00000, 0x00000000c9e00000, 0x00000000c9f00000|  0%| F|  |TAMS 0x00000000c9e00000, 0x00000000c9e00000| Untracked 
| 119|0x00000000c9f00000, 0x00000000c9f00000, 0x00000000ca000000|  0%| F|  |TAMS 0x00000000c9f00000, 0x00000000c9f00000| Untracked 
| 120|0x00000000ca000000, 0x00000000ca000000, 0x00000000ca100000|  0%| F|  |TAMS 0x00000000ca000000, 0x00000000ca000000| Untracked 
| 121|0x00000000ca100000, 0x00000000ca100000, 0x00000000ca200000|  0%| F|  |TAMS 0x00000000ca100000, 0x00000000ca100000| Untracked 
| 122|0x00000000ca200000, 0x00000000ca200000, 0x00000000ca300000|  0%| F|  |TAMS 0x00000000ca200000, 0x00000000ca200000| Untracked 
| 123|0x00000000ca300000, 0x00000000ca300000, 0x00000000ca400000|  0%| F|  |TAMS 0x00000000ca300000, 0x00000000ca300000| Untracked 
| 124|0x00000000ca400000, 0x00000000ca400000, 0x00000000ca500000|  0%| F|  |TAMS 0x00000000ca400000, 0x00000000ca400000| Untracked 
| 125|0x00000000ca500000, 0x00000000ca500000, 0x00000000ca600000|  0%| F|  |TAMS 0x00000000ca500000, 0x00000000ca500000| Untracked 
| 126|0x00000000ca600000, 0x00000000ca600000, 0x00000000ca700000|  0%| F|  |TAMS 0x00000000ca600000, 0x00000000ca600000| Untracked 
| 127|0x00000000ca700000, 0x00000000ca700000, 0x00000000ca800000|  0%| F|  |TAMS 0x00000000ca700000, 0x00000000ca700000| Untracked 
| 128|0x00000000ca800000, 0x00000000ca800000, 0x00000000ca900000|  0%| F|  |TAMS 0x00000000ca800000, 0x00000000ca800000| Untracked 
| 129|0x00000000ca900000, 0x00000000ca900000, 0x00000000caa00000|  0%| F|  |TAMS 0x00000000ca900000, 0x00000000ca900000| Untracked 
| 130|0x00000000caa00000, 0x00000000caa00000, 0x00000000cab00000|  0%| F|  |TAMS 0x00000000caa00000, 0x00000000caa00000| Untracked 
| 131|0x00000000cab00000, 0x00000000cab00000, 0x00000000cac00000|  0%| F|  |TAMS 0x00000000cab00000, 0x00000000cab00000| Untracked 
| 132|0x00000000cac00000, 0x00000000cac00000, 0x00000000cad00000|  0%| F|  |TAMS 0x00000000cac00000, 0x00000000cac00000| Untracked 
| 133|0x00000000cad00000, 0x00000000cad00000, 0x00000000cae00000|  0%| F|  |TAMS 0x00000000cad00000, 0x00000000cad00000| Untracked 
| 134|0x00000000cae00000, 0x00000000cae00000, 0x00000000caf00000|  0%| F|  |TAMS 0x00000000cae00000, 0x00000000cae00000| Untracked 
| 135|0x00000000caf00000, 0x00000000caf00000, 0x00000000cb000000|  0%| F|  |TAMS 0x00000000caf00000, 0x00000000caf00000| Untracked 
| 136|0x00000000cb000000, 0x00000000cb000000, 0x00000000cb100000|  0%| F|  |TAMS 0x00000000cb000000, 0x00000000cb000000| Untracked 
| 137|0x00000000cb100000, 0x00000000cb100000, 0x00000000cb200000|  0%| F|  |TAMS 0x00000000cb100000, 0x00000000cb100000| Untracked 
| 138|0x00000000cb200000, 0x00000000cb200000, 0x00000000cb300000|  0%| F|  |TAMS 0x00000000cb200000, 0x00000000cb200000| Untracked 
| 139|0x00000000cb300000, 0x00000000cb300000, 0x00000000cb400000|  0%| F|  |TAMS 0x00000000cb300000, 0x00000000cb300000| Untracked 
| 140|0x00000000cb400000, 0x00000000cb400000, 0x00000000cb500000|  0%| F|  |TAMS 0x00000000cb400000, 0x00000000cb400000| Untracked 
| 141|0x00000000cb500000, 0x00000000cb500000, 0x00000000cb600000|  0%| F|  |TAMS 0x00000000cb500000, 0x00000000cb500000| Untracked 
| 142|0x00000000cb600000, 0x00000000cb600000, 0x00000000cb700000|  0%| F|  |TAMS 0x00000000cb600000, 0x00000000cb600000| Untracked 
| 143|0x00000000cb700000, 0x00000000cb700000, 0x00000000cb800000|  0%| F|  |TAMS 0x00000000cb700000, 0x00000000cb700000| Untracked 
| 144|0x00000000cb800000, 0x00000000cb800000, 0x00000000cb900000|  0%| F|  |TAMS 0x00000000cb800000, 0x00000000cb800000| Untracked 
| 145|0x00000000cb900000, 0x00000000cb900000, 0x00000000cba00000|  0%| F|  |TAMS 0x00000000cb900000, 0x00000000cb900000| Untracked 
| 146|0x00000000cba00000, 0x00000000cba00000, 0x00000000cbb00000|  0%| F|  |TAMS 0x00000000cba00000, 0x00000000cba00000| Untracked 
| 147|0x00000000cbb00000, 0x00000000cbb00000, 0x00000000cbc00000|  0%| F|  |TAMS 0x00000000cbb00000, 0x00000000cbb00000| Untracked 
| 148|0x00000000cbc00000, 0x00000000cbc00000, 0x00000000cbd00000|  0%| F|  |TAMS 0x00000000cbc00000, 0x00000000cbc00000| Untracked 
| 149|0x00000000cbd00000, 0x00000000cbd00000, 0x00000000cbe00000|  0%| F|  |TAMS 0x00000000cbd00000, 0x00000000cbd00000| Untracked 
| 150|0x00000000cbe00000, 0x00000000cbe00000, 0x00000000cbf00000|  0%| F|  |TAMS 0x00000000cbe00000, 0x00000000cbe00000| Untracked 
| 151|0x00000000cbf00000, 0x00000000cbf00000, 0x00000000cc000000|  0%| F|  |TAMS 0x00000000cbf00000, 0x00000000cbf00000| Untracked 
| 152|0x00000000cc000000, 0x00000000cc000000, 0x00000000cc100000|  0%| F|  |TAMS 0x00000000cc000000, 0x00000000cc000000| Untracked 
| 153|0x00000000cc100000, 0x00000000cc100000, 0x00000000cc200000|  0%| F|  |TAMS 0x00000000cc100000, 0x00000000cc100000| Untracked 
| 154|0x00000000cc200000, 0x00000000cc200000, 0x00000000cc300000|  0%| F|  |TAMS 0x00000000cc200000, 0x00000000cc200000| Untracked 
| 155|0x00000000cc300000, 0x00000000cc300000, 0x00000000cc400000|  0%| F|  |TAMS 0x00000000cc300000, 0x00000000cc300000| Untracked 
| 156|0x00000000cc400000, 0x00000000cc400000, 0x00000000cc500000|  0%| F|  |TAMS 0x00000000cc400000, 0x00000000cc400000| Untracked 
| 157|0x00000000cc500000, 0x00000000cc500000, 0x00000000cc600000|  0%| F|  |TAMS 0x00000000cc500000, 0x00000000cc500000| Untracked 
| 158|0x00000000cc600000, 0x00000000cc600000, 0x00000000cc700000|  0%| F|  |TAMS 0x00000000cc600000, 0x00000000cc600000| Untracked 
| 159|0x00000000cc700000, 0x00000000cc700000, 0x00000000cc800000|  0%| F|  |TAMS 0x00000000cc700000, 0x00000000cc700000| Untracked 
| 160|0x00000000cc800000, 0x00000000cc800000, 0x00000000cc900000|  0%| F|  |TAMS 0x00000000cc800000, 0x00000000cc800000| Untracked 
| 161|0x00000000cc900000, 0x00000000cc900000, 0x00000000cca00000|  0%| F|  |TAMS 0x00000000cc900000, 0x00000000cc900000| Untracked 
| 162|0x00000000cca00000, 0x00000000cca00000, 0x00000000ccb00000|  0%| F|  |TAMS 0x00000000cca00000, 0x00000000cca00000| Untracked 
| 163|0x00000000ccb00000, 0x00000000ccb00000, 0x00000000ccc00000|  0%| F|  |TAMS 0x00000000ccb00000, 0x00000000ccb00000| Untracked 
| 164|0x00000000ccc00000, 0x00000000ccc00000, 0x00000000ccd00000|  0%| F|  |TAMS 0x00000000ccc00000, 0x00000000ccc00000| Untracked 
| 165|0x00000000ccd00000, 0x00000000ccd00000, 0x00000000cce00000|  0%| F|  |TAMS 0x00000000ccd00000, 0x00000000ccd00000| Untracked 
| 166|0x00000000cce00000, 0x00000000cce00000, 0x00000000ccf00000|  0%| F|  |TAMS 0x00000000cce00000, 0x00000000cce00000| Untracked 
| 167|0x00000000ccf00000, 0x00000000ccf00000, 0x00000000cd000000|  0%| F|  |TAMS 0x00000000ccf00000, 0x00000000ccf00000| Untracked 
| 168|0x00000000cd000000, 0x00000000cd000000, 0x00000000cd100000|  0%| F|  |TAMS 0x00000000cd000000, 0x00000000cd000000| Untracked 
| 169|0x00000000cd100000, 0x00000000cd18af18, 0x00000000cd200000| 54%| S|CS|TAMS 0x00000000cd100000, 0x00000000cd100000| Complete 
| 170|0x00000000cd200000, 0x00000000cd200000, 0x00000000cd300000|  0%| F|  |TAMS 0x00000000cd200000, 0x00000000cd200000| Untracked 
| 171|0x00000000cd300000, 0x00000000cd300000, 0x00000000cd400000|  0%| F|  |TAMS 0x00000000cd300000, 0x00000000cd300000| Untracked 
| 172|0x00000000cd400000, 0x00000000cd400000, 0x00000000cd500000|  0%| F|  |TAMS 0x00000000cd400000, 0x00000000cd400000| Untracked 
| 173|0x00000000cd500000, 0x00000000cd500000, 0x00000000cd600000|  0%| F|  |TAMS 0x00000000cd500000, 0x00000000cd500000| Untracked 
| 174|0x00000000cd600000, 0x00000000cd600000, 0x00000000cd700000|  0%| F|  |TAMS 0x00000000cd600000, 0x00000000cd600000| Untracked 
| 175|0x00000000cd700000, 0x00000000cd700000, 0x00000000cd800000|  0%| F|  |TAMS 0x00000000cd700000, 0x00000000cd700000| Untracked 
| 176|0x00000000cd800000, 0x00000000cd800000, 0x00000000cd900000|  0%| F|  |TAMS 0x00000000cd800000, 0x00000000cd800000| Untracked 
| 177|0x00000000cd900000, 0x00000000cd900000, 0x00000000cda00000|  0%| F|  |TAMS 0x00000000cd900000, 0x00000000cd900000| Untracked 
| 178|0x00000000cda00000, 0x00000000cda00000, 0x00000000cdb00000|  0%| F|  |TAMS 0x00000000cda00000, 0x00000000cda00000| Untracked 
| 179|0x00000000cdb00000, 0x00000000cdb00000, 0x00000000cdc00000|  0%| F|  |TAMS 0x00000000cdb00000, 0x00000000cdb00000| Untracked 
| 180|0x00000000cdc00000, 0x00000000cdc00000, 0x00000000cdd00000|  0%| F|  |TAMS 0x00000000cdc00000, 0x00000000cdc00000| Untracked 
| 181|0x00000000cdd00000, 0x00000000cdd00000, 0x00000000cde00000|  0%| F|  |TAMS 0x00000000cdd00000, 0x00000000cdd00000| Untracked 
| 182|0x00000000cde00000, 0x00000000cde00000, 0x00000000cdf00000|  0%| F|  |TAMS 0x00000000cde00000, 0x00000000cde00000| Untracked 
| 183|0x00000000cdf00000, 0x00000000cdf00000, 0x00000000ce000000|  0%| F|  |TAMS 0x00000000cdf00000, 0x00000000cdf00000| Untracked 
| 184|0x00000000ce000000, 0x00000000ce000000, 0x00000000ce100000|  0%| F|  |TAMS 0x00000000ce000000, 0x00000000ce000000| Untracked 
| 185|0x00000000ce100000, 0x00000000ce100000, 0x00000000ce200000|  0%| F|  |TAMS 0x00000000ce100000, 0x00000000ce100000| Untracked 
| 186|0x00000000ce200000, 0x00000000ce200000, 0x00000000ce300000|  0%| F|  |TAMS 0x00000000ce200000, 0x00000000ce200000| Untracked 
| 187|0x00000000ce300000, 0x00000000ce300000, 0x00000000ce400000|  0%| F|  |TAMS 0x00000000ce300000, 0x00000000ce300000| Untracked 
| 188|0x00000000ce400000, 0x00000000ce400000, 0x00000000ce500000|  0%| F|  |TAMS 0x00000000ce400000, 0x00000000ce400000| Untracked 
| 189|0x00000000ce500000, 0x00000000ce500000, 0x00000000ce600000|  0%| F|  |TAMS 0x00000000ce500000, 0x00000000ce500000| Untracked 
| 190|0x00000000ce600000, 0x00000000ce600000, 0x00000000ce700000|  0%| F|  |TAMS 0x00000000ce600000, 0x00000000ce600000| Untracked 
| 191|0x00000000ce700000, 0x00000000ce700000, 0x00000000ce800000|  0%| F|  |TAMS 0x00000000ce700000, 0x00000000ce700000| Untracked 
| 192|0x00000000ce800000, 0x00000000ce800000, 0x00000000ce900000|  0%| F|  |TAMS 0x00000000ce800000, 0x00000000ce800000| Untracked 
| 193|0x00000000ce900000, 0x00000000ce900000, 0x00000000cea00000|  0%| F|  |TAMS 0x00000000ce900000, 0x00000000ce900000| Untracked 
| 194|0x00000000cea00000, 0x00000000cea00000, 0x00000000ceb00000|  0%| F|  |TAMS 0x00000000cea00000, 0x00000000cea00000| Untracked 
| 195|0x00000000ceb00000, 0x00000000ceb00000, 0x00000000cec00000|  0%| F|  |TAMS 0x00000000ceb00000, 0x00000000ceb00000| Untracked 
| 196|0x00000000cec00000, 0x00000000cec00000, 0x00000000ced00000|  0%| F|  |TAMS 0x00000000cec00000, 0x00000000cec00000| Untracked 
| 197|0x00000000ced00000, 0x00000000ced00000, 0x00000000cee00000|  0%| F|  |TAMS 0x00000000ced00000, 0x00000000ced00000| Untracked 
| 198|0x00000000cee00000, 0x00000000cee00000, 0x00000000cef00000|  0%| F|  |TAMS 0x00000000cee00000, 0x00000000cee00000| Untracked 
| 199|0x00000000cef00000, 0x00000000cef00000, 0x00000000cf000000|  0%| F|  |TAMS 0x00000000cef00000, 0x00000000cef00000| Untracked 
| 200|0x00000000cf000000, 0x00000000cf000000, 0x00000000cf100000|  0%| F|  |TAMS 0x00000000cf000000, 0x00000000cf000000| Untracked 
| 201|0x00000000cf100000, 0x00000000cf100000, 0x00000000cf200000|  0%| F|  |TAMS 0x00000000cf100000, 0x00000000cf100000| Untracked 
| 202|0x00000000cf200000, 0x00000000cf200000, 0x00000000cf300000|  0%| F|  |TAMS 0x00000000cf200000, 0x00000000cf200000| Untracked 
| 203|0x00000000cf300000, 0x00000000cf300000, 0x00000000cf400000|  0%| F|  |TAMS 0x00000000cf300000, 0x00000000cf300000| Untracked 
| 204|0x00000000cf400000, 0x00000000cf400000, 0x00000000cf500000|  0%| F|  |TAMS 0x00000000cf400000, 0x00000000cf400000| Untracked 
| 205|0x00000000cf500000, 0x00000000cf500000, 0x00000000cf600000|  0%| F|  |TAMS 0x00000000cf500000, 0x00000000cf500000| Untracked 
| 206|0x00000000cf600000, 0x00000000cf600000, 0x00000000cf700000|  0%| F|  |TAMS 0x00000000cf600000, 0x00000000cf600000| Untracked 
| 207|0x00000000cf700000, 0x00000000cf700000, 0x00000000cf800000|  0%| F|  |TAMS 0x00000000cf700000, 0x00000000cf700000| Untracked 
| 208|0x00000000cf800000, 0x00000000cf800000, 0x00000000cf900000|  0%| F|  |TAMS 0x00000000cf800000, 0x00000000cf800000| Untracked 
| 209|0x00000000cf900000, 0x00000000cf900000, 0x00000000cfa00000|  0%| F|  |TAMS 0x00000000cf900000, 0x00000000cf900000| Untracked 
| 210|0x00000000cfa00000, 0x00000000cfa00000, 0x00000000cfb00000|  0%| F|  |TAMS 0x00000000cfa00000, 0x00000000cfa00000| Untracked 
| 211|0x00000000cfb00000, 0x00000000cfb00000, 0x00000000cfc00000|  0%| F|  |TAMS 0x00000000cfb00000, 0x00000000cfb00000| Untracked 
| 212|0x00000000cfc00000, 0x00000000cfc00000, 0x00000000cfd00000|  0%| F|  |TAMS 0x00000000cfc00000, 0x00000000cfc00000| Untracked 
| 213|0x00000000cfd00000, 0x00000000cfd00000, 0x00000000cfe00000|  0%| F|  |TAMS 0x00000000cfd00000, 0x00000000cfd00000| Untracked 
| 214|0x00000000cfe00000, 0x00000000cfe00000, 0x00000000cff00000|  0%| F|  |TAMS 0x00000000cfe00000, 0x00000000cfe00000| Untracked 
| 215|0x00000000cff00000, 0x00000000cff00000, 0x00000000d0000000|  0%| F|  |TAMS 0x00000000cff00000, 0x00000000cff00000| Untracked 
| 216|0x00000000d0000000, 0x00000000d0000000, 0x00000000d0100000|  0%| F|  |TAMS 0x00000000d0000000, 0x00000000d0000000| Untracked 
| 217|0x00000000d0100000, 0x00000000d0100000, 0x00000000d0200000|  0%| F|  |TAMS 0x00000000d0100000, 0x00000000d0100000| Untracked 
| 218|0x00000000d0200000, 0x00000000d0200000, 0x00000000d0300000|  0%| F|  |TAMS 0x00000000d0200000, 0x00000000d0200000| Untracked 
| 219|0x00000000d0300000, 0x00000000d0300000, 0x00000000d0400000|  0%| F|  |TAMS 0x00000000d0300000, 0x00000000d0300000| Untracked 
| 220|0x00000000d0400000, 0x00000000d0400000, 0x00000000d0500000|  0%| F|  |TAMS 0x00000000d0400000, 0x00000000d0400000| Untracked 
| 221|0x00000000d0500000, 0x00000000d0500000, 0x00000000d0600000|  0%| F|  |TAMS 0x00000000d0500000, 0x00000000d0500000| Untracked 
| 222|0x00000000d0600000, 0x00000000d0600000, 0x00000000d0700000|  0%| F|  |TAMS 0x00000000d0600000, 0x00000000d0600000| Untracked 
| 223|0x00000000d0700000, 0x00000000d0700000, 0x00000000d0800000|  0%| F|  |TAMS 0x00000000d0700000, 0x00000000d0700000| Untracked 
| 224|0x00000000d0800000, 0x00000000d0800000, 0x00000000d0900000|  0%| F|  |TAMS 0x00000000d0800000, 0x00000000d0800000| Untracked 
| 225|0x00000000d0900000, 0x00000000d0900000, 0x00000000d0a00000|  0%| F|  |TAMS 0x00000000d0900000, 0x00000000d0900000| Untracked 
| 226|0x00000000d0a00000, 0x00000000d0a00000, 0x00000000d0b00000|  0%| F|  |TAMS 0x00000000d0a00000, 0x00000000d0a00000| Untracked 
| 227|0x00000000d0b00000, 0x00000000d0b00000, 0x00000000d0c00000|  0%| F|  |TAMS 0x00000000d0b00000, 0x00000000d0b00000| Untracked 
| 228|0x00000000d0c00000, 0x00000000d0c00000, 0x00000000d0d00000|  0%| F|  |TAMS 0x00000000d0c00000, 0x00000000d0c00000| Untracked 
| 229|0x00000000d0d00000, 0x00000000d0d00000, 0x00000000d0e00000|  0%| F|  |TAMS 0x00000000d0d00000, 0x00000000d0d00000| Untracked 
| 230|0x00000000d0e00000, 0x00000000d0e00000, 0x00000000d0f00000|  0%| F|  |TAMS 0x00000000d0e00000, 0x00000000d0e00000| Untracked 
| 231|0x00000000d0f00000, 0x00000000d0f00000, 0x00000000d1000000|  0%| F|  |TAMS 0x00000000d0f00000, 0x00000000d0f00000| Untracked 
| 232|0x00000000d1000000, 0x00000000d1000000, 0x00000000d1100000|  0%| F|  |TAMS 0x00000000d1000000, 0x00000000d1000000| Untracked 
| 233|0x00000000d1100000, 0x00000000d1100000, 0x00000000d1200000|  0%| F|  |TAMS 0x00000000d1100000, 0x00000000d1100000| Untracked 
| 234|0x00000000d1200000, 0x00000000d1200000, 0x00000000d1300000|  0%| F|  |TAMS 0x00000000d1200000, 0x00000000d1200000| Untracked 
| 235|0x00000000d1300000, 0x00000000d1300000, 0x00000000d1400000|  0%| F|  |TAMS 0x00000000d1300000, 0x00000000d1300000| Untracked 
| 236|0x00000000d1400000, 0x00000000d1400000, 0x00000000d1500000|  0%| F|  |TAMS 0x00000000d1400000, 0x00000000d1400000| Untracked 
| 237|0x00000000d1500000, 0x00000000d1500000, 0x00000000d1600000|  0%| F|  |TAMS 0x00000000d1500000, 0x00000000d1500000| Untracked 
| 238|0x00000000d1600000, 0x00000000d1600000, 0x00000000d1700000|  0%| F|  |TAMS 0x00000000d1600000, 0x00000000d1600000| Untracked 
| 239|0x00000000d1700000, 0x00000000d1700000, 0x00000000d1800000|  0%| F|  |TAMS 0x00000000d1700000, 0x00000000d1700000| Untracked 
| 240|0x00000000d1800000, 0x00000000d1800000, 0x00000000d1900000|  0%| F|  |TAMS 0x00000000d1800000, 0x00000000d1800000| Untracked 
| 241|0x00000000d1900000, 0x00000000d1900000, 0x00000000d1a00000|  0%| F|  |TAMS 0x00000000d1900000, 0x00000000d1900000| Untracked 
| 242|0x00000000d1a00000, 0x00000000d1a00000, 0x00000000d1b00000|  0%| F|  |TAMS 0x00000000d1a00000, 0x00000000d1a00000| Untracked 
| 243|0x00000000d1b00000, 0x00000000d1b00000, 0x00000000d1c00000|  0%| F|  |TAMS 0x00000000d1b00000, 0x00000000d1b00000| Untracked 
| 244|0x00000000d1c00000, 0x00000000d1c00000, 0x00000000d1d00000|  0%| F|  |TAMS 0x00000000d1c00000, 0x00000000d1c00000| Untracked 
| 245|0x00000000d1d00000, 0x00000000d1d00000, 0x00000000d1e00000|  0%| F|  |TAMS 0x00000000d1d00000, 0x00000000d1d00000| Untracked 
| 246|0x00000000d1e00000, 0x00000000d1e00000, 0x00000000d1f00000|  0%| F|  |TAMS 0x00000000d1e00000, 0x00000000d1e00000| Untracked 
| 247|0x00000000d1f00000, 0x00000000d1f00000, 0x00000000d2000000|  0%| F|  |TAMS 0x00000000d1f00000, 0x00000000d1f00000| Untracked 
| 248|0x00000000d2000000, 0x00000000d2000000, 0x00000000d2100000|  0%| F|  |TAMS 0x00000000d2000000, 0x00000000d2000000| Untracked 
| 249|0x00000000d2100000, 0x00000000d2100000, 0x00000000d2200000|  0%| F|  |TAMS 0x00000000d2100000, 0x00000000d2100000| Untracked 
| 250|0x00000000d2200000, 0x00000000d2200000, 0x00000000d2300000|  0%| F|  |TAMS 0x00000000d2200000, 0x00000000d2200000| Untracked 
| 251|0x00000000d2300000, 0x00000000d2300000, 0x00000000d2400000|  0%| F|  |TAMS 0x00000000d2300000, 0x00000000d2300000| Untracked 
| 252|0x00000000d2400000, 0x00000000d2400000, 0x00000000d2500000|  0%| F|  |TAMS 0x00000000d2400000, 0x00000000d2400000| Untracked 
| 253|0x00000000d2500000, 0x00000000d2500000, 0x00000000d2600000|  0%| F|  |TAMS 0x00000000d2500000, 0x00000000d2500000| Untracked 
| 254|0x00000000d2600000, 0x00000000d2600000, 0x00000000d2700000|  0%| F|  |TAMS 0x00000000d2600000, 0x00000000d2600000| Untracked 
| 255|0x00000000d2700000, 0x00000000d2700000, 0x00000000d2800000|  0%| F|  |TAMS 0x00000000d2700000, 0x00000000d2700000| Untracked 
| 256|0x00000000d2800000, 0x00000000d2800000, 0x00000000d2900000|  0%| F|  |TAMS 0x00000000d2800000, 0x00000000d2800000| Untracked 
| 257|0x00000000d2900000, 0x00000000d2900000, 0x00000000d2a00000|  0%| F|  |TAMS 0x00000000d2900000, 0x00000000d2900000| Untracked 
| 258|0x00000000d2a00000, 0x00000000d2a00000, 0x00000000d2b00000|  0%| F|  |TAMS 0x00000000d2a00000, 0x00000000d2a00000| Untracked 
| 259|0x00000000d2b00000, 0x00000000d2b00000, 0x00000000d2c00000|  0%| F|  |TAMS 0x00000000d2b00000, 0x00000000d2b00000| Untracked 
| 260|0x00000000d2c00000, 0x00000000d2c00000, 0x00000000d2d00000|  0%| F|  |TAMS 0x00000000d2c00000, 0x00000000d2c00000| Untracked 
| 261|0x00000000d2d00000, 0x00000000d2d00000, 0x00000000d2e00000|  0%| F|  |TAMS 0x00000000d2d00000, 0x00000000d2d00000| Untracked 
| 262|0x00000000d2e00000, 0x00000000d2e00000, 0x00000000d2f00000|  0%| F|  |TAMS 0x00000000d2e00000, 0x00000000d2e00000| Untracked 
| 263|0x00000000d2f00000, 0x00000000d2f00000, 0x00000000d3000000|  0%| F|  |TAMS 0x00000000d2f00000, 0x00000000d2f00000| Untracked 
| 264|0x00000000d3000000, 0x00000000d3000000, 0x00000000d3100000|  0%| F|  |TAMS 0x00000000d3000000, 0x00000000d3000000| Untracked 
| 265|0x00000000d3100000, 0x00000000d3100000, 0x00000000d3200000|  0%| F|  |TAMS 0x00000000d3100000, 0x00000000d3100000| Untracked 
| 266|0x00000000d3200000, 0x00000000d3200000, 0x00000000d3300000|  0%| F|  |TAMS 0x00000000d3200000, 0x00000000d3200000| Untracked 
| 267|0x00000000d3300000, 0x00000000d3300000, 0x00000000d3400000|  0%| F|  |TAMS 0x00000000d3300000, 0x00000000d3300000| Untracked 
| 268|0x00000000d3400000, 0x00000000d3400000, 0x00000000d3500000|  0%| F|  |TAMS 0x00000000d3400000, 0x00000000d3400000| Untracked 
| 269|0x00000000d3500000, 0x00000000d3500000, 0x00000000d3600000|  0%| F|  |TAMS 0x00000000d3500000, 0x00000000d3500000| Untracked 
| 270|0x00000000d3600000, 0x00000000d3600000, 0x00000000d3700000|  0%| F|  |TAMS 0x00000000d3600000, 0x00000000d3600000| Untracked 
| 271|0x00000000d3700000, 0x00000000d3700000, 0x00000000d3800000|  0%| F|  |TAMS 0x00000000d3700000, 0x00000000d3700000| Untracked 
| 272|0x00000000d3800000, 0x00000000d3800000, 0x00000000d3900000|  0%| F|  |TAMS 0x00000000d3800000, 0x00000000d3800000| Untracked 
| 273|0x00000000d3900000, 0x00000000d3900000, 0x00000000d3a00000|  0%| F|  |TAMS 0x00000000d3900000, 0x00000000d3900000| Untracked 
| 274|0x00000000d3a00000, 0x00000000d3a00000, 0x00000000d3b00000|  0%| F|  |TAMS 0x00000000d3a00000, 0x00000000d3a00000| Untracked 
| 275|0x00000000d3b00000, 0x00000000d3b00000, 0x00000000d3c00000|  0%| F|  |TAMS 0x00000000d3b00000, 0x00000000d3b00000| Untracked 
| 276|0x00000000d3c00000, 0x00000000d3c00000, 0x00000000d3d00000|  0%| F|  |TAMS 0x00000000d3c00000, 0x00000000d3c00000| Untracked 
| 277|0x00000000d3d00000, 0x00000000d3d00000, 0x00000000d3e00000|  0%| F|  |TAMS 0x00000000d3d00000, 0x00000000d3d00000| Untracked 
| 278|0x00000000d3e00000, 0x00000000d3e00000, 0x00000000d3f00000|  0%| F|  |TAMS 0x00000000d3e00000, 0x00000000d3e00000| Untracked 
| 279|0x00000000d3f00000, 0x00000000d3f00000, 0x00000000d4000000|  0%| F|  |TAMS 0x00000000d3f00000, 0x00000000d3f00000| Untracked 
| 280|0x00000000d4000000, 0x00000000d4000000, 0x00000000d4100000|  0%| F|  |TAMS 0x00000000d4000000, 0x00000000d4000000| Untracked 
| 281|0x00000000d4100000, 0x00000000d4100000, 0x00000000d4200000|  0%| F|  |TAMS 0x00000000d4100000, 0x00000000d4100000| Untracked 
| 282|0x00000000d4200000, 0x00000000d4200000, 0x00000000d4300000|  0%| F|  |TAMS 0x00000000d4200000, 0x00000000d4200000| Untracked 
| 283|0x00000000d4300000, 0x00000000d4300000, 0x00000000d4400000|  0%| F|  |TAMS 0x00000000d4300000, 0x00000000d4300000| Untracked 
| 284|0x00000000d4400000, 0x00000000d4400000, 0x00000000d4500000|  0%| F|  |TAMS 0x00000000d4400000, 0x00000000d4400000| Untracked 
| 285|0x00000000d4500000, 0x00000000d4500000, 0x00000000d4600000|  0%| F|  |TAMS 0x00000000d4500000, 0x00000000d4500000| Untracked 
| 286|0x00000000d4600000, 0x00000000d4600000, 0x00000000d4700000|  0%| F|  |TAMS 0x00000000d4600000, 0x00000000d4600000| Untracked 
| 287|0x00000000d4700000, 0x00000000d4700000, 0x00000000d4800000|  0%| F|  |TAMS 0x00000000d4700000, 0x00000000d4700000| Untracked 
| 288|0x00000000d4800000, 0x00000000d4800000, 0x00000000d4900000|  0%| F|  |TAMS 0x00000000d4800000, 0x00000000d4800000| Untracked 
| 289|0x00000000d4900000, 0x00000000d4900000, 0x00000000d4a00000|  0%| F|  |TAMS 0x00000000d4900000, 0x00000000d4900000| Untracked 
| 290|0x00000000d4a00000, 0x00000000d4a00000, 0x00000000d4b00000|  0%| F|  |TAMS 0x00000000d4a00000, 0x00000000d4a00000| Untracked 
| 291|0x00000000d4b00000, 0x00000000d4b00000, 0x00000000d4c00000|  0%| F|  |TAMS 0x00000000d4b00000, 0x00000000d4b00000| Untracked 
| 292|0x00000000d4c00000, 0x00000000d4c00000, 0x00000000d4d00000|  0%| F|  |TAMS 0x00000000d4c00000, 0x00000000d4c00000| Untracked 
| 293|0x00000000d4d00000, 0x00000000d4d00000, 0x00000000d4e00000|  0%| F|  |TAMS 0x00000000d4d00000, 0x00000000d4d00000| Untracked 
| 294|0x00000000d4e00000, 0x00000000d4e00000, 0x00000000d4f00000|  0%| F|  |TAMS 0x00000000d4e00000, 0x00000000d4e00000| Untracked 
| 295|0x00000000d4f00000, 0x00000000d4f00000, 0x00000000d5000000|  0%| F|  |TAMS 0x00000000d4f00000, 0x00000000d4f00000| Untracked 
| 296|0x00000000d5000000, 0x00000000d5000000, 0x00000000d5100000|  0%| F|  |TAMS 0x00000000d5000000, 0x00000000d5000000| Untracked 
| 297|0x00000000d5100000, 0x00000000d5100000, 0x00000000d5200000|  0%| F|  |TAMS 0x00000000d5100000, 0x00000000d5100000| Untracked 
| 298|0x00000000d5200000, 0x00000000d5200000, 0x00000000d5300000|  0%| F|  |TAMS 0x00000000d5200000, 0x00000000d5200000| Untracked 
| 299|0x00000000d5300000, 0x00000000d5300000, 0x00000000d5400000|  0%| F|  |TAMS 0x00000000d5300000, 0x00000000d5300000| Untracked 
| 300|0x00000000d5400000, 0x00000000d5400000, 0x00000000d5500000|  0%| F|  |TAMS 0x00000000d5400000, 0x00000000d5400000| Untracked 
| 301|0x00000000d5500000, 0x00000000d5500000, 0x00000000d5600000|  0%| F|  |TAMS 0x00000000d5500000, 0x00000000d5500000| Untracked 
| 302|0x00000000d5600000, 0x00000000d5600000, 0x00000000d5700000|  0%| F|  |TAMS 0x00000000d5600000, 0x00000000d5600000| Untracked 
| 303|0x00000000d5700000, 0x00000000d5700000, 0x00000000d5800000|  0%| F|  |TAMS 0x00000000d5700000, 0x00000000d5700000| Untracked 
| 304|0x00000000d5800000, 0x00000000d5800000, 0x00000000d5900000|  0%| F|  |TAMS 0x00000000d5800000, 0x00000000d5800000| Untracked 
| 305|0x00000000d5900000, 0x00000000d5900800, 0x00000000d5a00000|  0%| E|  |TAMS 0x00000000d5900000, 0x00000000d5900000| Complete 
| 306|0x00000000d5a00000, 0x00000000d5b00000, 0x00000000d5b00000|100%| E|CS|TAMS 0x00000000d5a00000, 0x00000000d5a00000| Complete 
| 307|0x00000000d5b00000, 0x00000000d5c00000, 0x00000000d5c00000|100%| E|CS|TAMS 0x00000000d5b00000, 0x00000000d5b00000| Complete 
| 308|0x00000000d5c00000, 0x00000000d5d00000, 0x00000000d5d00000|100%| E|CS|TAMS 0x00000000d5c00000, 0x00000000d5c00000| Complete 
| 309|0x00000000d5d00000, 0x00000000d5e00000, 0x00000000d5e00000|100%| E|CS|TAMS 0x00000000d5d00000, 0x00000000d5d00000| Complete 
| 310|0x00000000d5e00000, 0x00000000d5f00000, 0x00000000d5f00000|100%| E|CS|TAMS 0x00000000d5e00000, 0x00000000d5e00000| Complete 
| 311|0x00000000d5f00000, 0x00000000d6000000, 0x00000000d6000000|100%| E|CS|TAMS 0x00000000d5f00000, 0x00000000d5f00000| Complete 
| 312|0x00000000d6000000, 0x00000000d6100000, 0x00000000d6100000|100%| E|CS|TAMS 0x00000000d6000000, 0x00000000d6000000| Complete 
| 313|0x00000000d6100000, 0x00000000d6200000, 0x00000000d6200000|100%| E|CS|TAMS 0x00000000d6100000, 0x00000000d6100000| Complete 
| 314|0x00000000d6200000, 0x00000000d6300000, 0x00000000d6300000|100%| E|CS|TAMS 0x00000000d6200000, 0x00000000d6200000| Complete 
| 315|0x00000000d6300000, 0x00000000d6400000, 0x00000000d6400000|100%| E|CS|TAMS 0x00000000d6300000, 0x00000000d6300000| Complete 
| 316|0x00000000d6400000, 0x00000000d6500000, 0x00000000d6500000|100%| E|CS|TAMS 0x00000000d6400000, 0x00000000d6400000| Complete 
| 317|0x00000000d6500000, 0x00000000d6600000, 0x00000000d6600000|100%| E|CS|TAMS 0x00000000d6500000, 0x00000000d6500000| Complete 
| 318|0x00000000d6600000, 0x00000000d6700000, 0x00000000d6700000|100%| E|CS|TAMS 0x00000000d6600000, 0x00000000d6600000| Complete 
| 319|0x00000000d6700000, 0x00000000d6800000, 0x00000000d6800000|100%| E|CS|TAMS 0x00000000d6700000, 0x00000000d6700000| Complete 
| 320|0x00000000d6800000, 0x00000000d6900000, 0x00000000d6900000|100%| E|CS|TAMS 0x00000000d6800000, 0x00000000d6800000| Complete 
| 321|0x00000000d6900000, 0x00000000d6a00000, 0x00000000d6a00000|100%| E|CS|TAMS 0x00000000d6900000, 0x00000000d6900000| Complete 
| 322|0x00000000d6a00000, 0x00000000d6b00000, 0x00000000d6b00000|100%| E|CS|TAMS 0x00000000d6a00000, 0x00000000d6a00000| Complete 
| 323|0x00000000d6b00000, 0x00000000d6c00000, 0x00000000d6c00000|100%| E|CS|TAMS 0x00000000d6b00000, 0x00000000d6b00000| Complete 
| 324|0x00000000d6c00000, 0x00000000d6d00000, 0x00000000d6d00000|100%| E|CS|TAMS 0x00000000d6c00000, 0x00000000d6c00000| Complete 
| 325|0x00000000d6d00000, 0x00000000d6e00000, 0x00000000d6e00000|100%| E|CS|TAMS 0x00000000d6d00000, 0x00000000d6d00000| Complete 
| 326|0x00000000d6e00000, 0x00000000d6f00000, 0x00000000d6f00000|100%| E|CS|TAMS 0x00000000d6e00000, 0x00000000d6e00000| Complete 
| 327|0x00000000d6f00000, 0x00000000d7000000, 0x00000000d7000000|100%| E|CS|TAMS 0x00000000d6f00000, 0x00000000d6f00000| Complete 
| 328|0x00000000d7000000, 0x00000000d7100000, 0x00000000d7100000|100%| E|CS|TAMS 0x00000000d7000000, 0x00000000d7000000| Complete 
| 329|0x00000000d7100000, 0x00000000d7200000, 0x00000000d7200000|100%| E|CS|TAMS 0x00000000d7100000, 0x00000000d7100000| Complete 
| 330|0x00000000d7200000, 0x00000000d7300000, 0x00000000d7300000|100%| E|CS|TAMS 0x00000000d7200000, 0x00000000d7200000| Complete 
| 331|0x00000000d7300000, 0x00000000d7400000, 0x00000000d7400000|100%| E|CS|TAMS 0x00000000d7300000, 0x00000000d7300000| Complete 
| 332|0x00000000d7400000, 0x00000000d7500000, 0x00000000d7500000|100%| E|CS|TAMS 0x00000000d7400000, 0x00000000d7400000| Complete 

Card table byte_map: [0x0000026dbe770000,0x0000026dbe960000] _byte_map_base: 0x0000026dbe15c000

Marking Bits (Prev, Next): (CMBitMap*) 0x0000026da9b908d0, (CMBitMap*) 0x0000026da9b90910
 Prev Bits: [0x0000026dbeb50000, 0x0000026dbfab0000)
 Next Bits: [0x0000026dbfab0000, 0x0000026dc0a10000)

Polling page: 0x0000026da9c10000

Metaspace:

Usage:
  Non-class:     23.36 MB used.
      Class:      3.79 MB used.
       Both:     27.15 MB used.

Virtual space:
  Non-class space:       64.00 MB reserved,      23.50 MB ( 37%) committed,  1 nodes.
      Class space:        1.00 GB reserved,       3.94 MB ( <1%) committed,  1 nodes.
             Both:        1.06 GB reserved,      27.44 MB (  3%) committed. 

Chunk freelists:
   Non-Class:  8.12 MB
       Class:  12.09 MB
        Both:  20.22 MB

MaxMetaspaceSize: unlimited
CompressedClassSpaceSize: 1.00 GB
Initial GC threshold: 21.00 MB
Current GC threshold: 42.81 MB
CDS: on
MetaspaceReclaimPolicy: balanced
 - commit_granule_bytes: 65536.
 - commit_granule_words: 8192.
 - virtual_space_node_default_size: 8388608.
 - enlarge_chunks_in_place: 1.
 - new_chunks_are_fully_committed: 0.
 - uncommit_free_chunks: 1.
 - use_allocation_guard: 0.
 - handle_deallocations: 1.


Internal statistics:

num_allocs_failed_limit: 3.
num_arena_births: 330.
num_arena_deaths: 0.
num_vsnodes_births: 2.
num_vsnodes_deaths: 0.
num_space_committed: 439.
num_space_uncommitted: 0.
num_chunks_returned_to_freelist: 3.
num_chunks_taken_from_freelist: 1201.
num_chunk_merges: 3.
num_chunk_splits: 830.
num_chunks_enlarged: 617.
num_inconsistent_stats: 0.

CodeHeap 'non-profiled nmethods': size=120000Kb used=1935Kb max_used=1935Kb free=118064Kb
 bounds [0x0000026db65f0000, 0x0000026db6860000, 0x0000026dbdb20000]
CodeHeap 'profiled nmethods': size=120000Kb used=11155Kb max_used=11155Kb free=108845Kb
 bounds [0x0000026daeb20000, 0x0000026daf610000, 0x0000026db6050000]
CodeHeap 'non-nmethods': size=5760Kb used=1560Kb max_used=1601Kb free=4200Kb
 bounds [0x0000026db6050000, 0x0000026db62c0000, 0x0000026db65f0000]
 total_blobs=6206 nmethods=5254 adapters=864
 compilation: enabled
              stopped_count=0, restarted_count=0
 full_count=0

Compilation events (20 events):
Event: 21.804 Thread 0x0000026dc34555d0 5293       1       com.sun.scenario.effect.impl.EffectPeer::setRenderState (6 bytes)
Event: 21.804 Thread 0x0000026dc34555d0 nmethod 5293 0x0000026db67d0f10 code [0x0000026db67d10a0, 0x0000026db67d11b8]
Event: 21.804 Thread 0x0000026dc34555d0 5294       1       com.sun.scenario.effect.impl.EffectPeer::setDestBounds (6 bytes)
Event: 21.804 Thread 0x0000026dc34555d0 nmethod 5294 0x0000026db67d1210 code [0x0000026db67d13a0, 0x0000026db67d14b8]
Event: 21.804 Thread 0x0000026dc34555d0 5295       1       com.sun.scenario.effect.impl.EffectPeer::getDestBounds (5 bytes)
Event: 21.805 Thread 0x0000026dc34555d0 nmethod 5295 0x0000026db67d1510 code [0x0000026db67d16a0, 0x0000026db67d1778]
Event: 21.805 Thread 0x0000026dc34555d0 5296       1       com.sun.scenario.effect.impl.prism.PrTexture::getNativeBounds (5 bytes)
Event: 21.805 Thread 0x0000026dc34555d0 nmethod 5296 0x0000026db67d1810 code [0x0000026db67d19a0, 0x0000026db67d1a78]
Event: 21.805 Thread 0x0000026dc34555d0 5297       1       com.sun.scenario.effect.impl.EffectPeer::getFilterContext (5 bytes)
Event: 21.805 Thread 0x0000026dc34555d0 nmethod 5297 0x0000026db67d1b10 code [0x0000026db67d1ca0, 0x0000026db67d1d78]
Event: 21.805 Thread 0x0000026dc34555d0 5298       3       com.sun.marlin.Stroker::_moveTo (60 bytes)
Event: 21.806 Thread 0x0000026dc34555d0 nmethod 5298 0x0000026daf601190 code [0x0000026daf601340, 0x0000026daf601588]
Event: 21.808 Thread 0x0000026dc34555d0 5299       3       com.sun.marlin.Helpers$PolyStack::popAll (236 bytes)
Event: 21.808 Thread 0x0000026dc34555d0 nmethod 5299 0x0000026daf601690 code [0x0000026daf6018c0, 0x0000026daf6021c8]
Event: 21.808 Thread 0x0000026dc34555d0 5302       3       com.sun.marlin.MergeSort::mergeSort (401 bytes)
Event: 21.810 Thread 0x0000026dc34555d0 nmethod 5302 0x0000026daf602610 code [0x0000026daf6028e0, 0x0000026daf6038b8]
Event: 21.810 Thread 0x0000026dc34555d0 5300       3       com.sun.marlin.Dasher::emitSeg (121 bytes)
Event: 21.810 Thread 0x0000026dc34555d0 nmethod 5300 0x0000026daf604090 code [0x0000026daf6042a0, 0x0000026daf604928]
Event: 21.852 Thread 0x0000026dc344cf00 nmethod 5285 0x0000026db67d1e10 code [0x0000026db67d1fe0, 0x0000026db67d31b8]
Event: 21.852 Thread 0x0000026dc344cf00 5303 %     4       com.sun.marlin.Renderer::_endRendering @ 787 (2639 bytes)

GC Heap History (20 events):
Event: 3.329 GC heap before
{Heap before GC invocations=3 (full 0):
 garbage-first heap   total 63488K, used 16304K [0x00000000c2800000, 0x0000000100000000)
  region size 1024K, 7 young (7168K), 2 survivors (2048K)
 Metaspace       used 21231K, committed 21504K, reserved 1114112K
  class space    used 2944K, committed 3072K, reserved 1048576K
}
Event: 3.333 GC heap after
{Heap after GC invocations=4 (full 0):
 garbage-first heap   total 63488K, used 12372K [0x00000000c2800000, 0x0000000100000000)
  region size 1024K, 2 young (2048K), 2 survivors (2048K)
 Metaspace       used 21231K, committed 21504K, reserved 1114112K
  class space    used 2944K, committed 3072K, reserved 1048576K
}
Event: 19.822 GC heap before
{Heap before GC invocations=5 (full 0):
 garbage-first heap   total 48128K, used 35924K [0x00000000c2800000, 0x0000000100000000)
  region size 1024K, 23 young (23552K), 2 survivors (2048K)
 Metaspace       used 25803K, committed 26112K, reserved 1114112K
  class space    used 3561K, committed 3712K, reserved 1048576K
}
Event: 19.827 GC heap after
{Heap after GC invocations=6 (full 0):
 garbage-first heap   total 48128K, used 19583K [0x00000000c2800000, 0x0000000100000000)
  region size 1024K, 4 young (4096K), 4 survivors (4096K)
 Metaspace       used 25803K, committed 26112K, reserved 1114112K
  class space    used 3561K, committed 3712K, reserved 1048576K
}
Event: 19.860 GC heap before
{Heap before GC invocations=6 (full 0):
 garbage-first heap   total 81920K, used 76927K [0x00000000c2800000, 0x0000000100000000)
  region size 1024K, 4 young (4096K), 4 survivors (4096K)
 Metaspace       used 25804K, committed 26112K, reserved 1114112K
  class space    used 3561K, committed 3712K, reserved 1048576K
}
Event: 19.869 GC heap after
{Heap after GC invocations=7 (full 0):
 garbage-first heap   total 81920K, used 76930K [0x00000000c2800000, 0x0000000100000000)
  region size 1024K, 0 young (0K), 0 survivors (0K)
 Metaspace       used 25804K, committed 26112K, reserved 1114112K
  class space    used 3561K, committed 3712K, reserved 1048576K
}
Event: 20.292 GC heap before
{Heap before GC invocations=7 (full 0):
 garbage-first heap   total 81920K, used 76930K [0x00000000c2800000, 0x0000000100000000)
  region size 1024K, 1 young (1024K), 0 survivors (0K)
 Metaspace       used 25989K, committed 26304K, reserved 1114112K
  class space    used 3608K, committed 3776K, reserved 1048576K
}
Event: 20.293 GC heap after
{Heap after GC invocations=8 (full 0):
 garbage-first heap   total 81920K, used 77114K [0x00000000c2800000, 0x0000000100000000)
  region size 1024K, 1 young (1024K), 1 survivors (1024K)
 Metaspace       used 25989K, committed 26304K, reserved 1114112K
  class space    used 3608K, committed 3776K, reserved 1048576K
}
Event: 20.294 GC heap before
{Heap before GC invocations=8 (full 0):
 garbage-first heap   total 81920K, used 79162K [0x00000000c2800000, 0x0000000100000000)
  region size 1024K, 1 young (1024K), 1 survivors (1024K)
 Metaspace       used 25989K, committed 26304K, reserved 1114112K
  class space    used 3608K, committed 3776K, reserved 1048576K
}
Event: 20.295 GC heap after
{Heap after GC invocations=9 (full 0):
 garbage-first heap   total 81920K, used 79141K [0x00000000c2800000, 0x0000000100000000)
  region size 1024K, 1 young (1024K), 1 survivors (1024K)
 Metaspace       used 25989K, committed 26304K, reserved 1114112K
  class space    used 3608K, committed 3776K, reserved 1048576K
}
Event: 20.333 GC heap before
{Heap before GC invocations=10 (full 0):
 garbage-first heap   total 137216K, used 81189K [0x00000000c2800000, 0x0000000100000000)
  region size 1024K, 2 young (2048K), 1 survivors (1024K)
 Metaspace       used 25998K, committed 26304K, reserved 1114112K
  class space    used 3609K, committed 3776K, reserved 1048576K
}
Event: 20.334 GC heap after
{Heap after GC invocations=11 (full 0):
 garbage-first heap   total 137216K, used 81248K [0x00000000c2800000, 0x0000000100000000)
  region size 1024K, 1 young (1024K), 1 survivors (1024K)
 Metaspace       used 25998K, committed 26304K, reserved 1114112K
  class space    used 3609K, committed 3776K, reserved 1048576K
}
Event: 20.364 GC heap before
{Heap before GC invocations=12 (full 0):
 garbage-first heap   total 147456K, used 87392K [0x00000000c2800000, 0x0000000100000000)
  region size 1024K, 2 young (2048K), 1 survivors (1024K)
 Metaspace       used 26009K, committed 26304K, reserved 1114112K
  class space    used 3609K, committed 3776K, reserved 1048576K
}
Event: 20.365 GC heap after
{Heap after GC invocations=13 (full 0):
 garbage-first heap   total 147456K, used 87492K [0x00000000c2800000, 0x0000000100000000)
  region size 1024K, 1 young (1024K), 1 survivors (1024K)
 Metaspace       used 26009K, committed 26304K, reserved 1114112K
  class space    used 3609K, committed 3776K, reserved 1048576K
}
Event: 20.396 GC heap before
{Heap before GC invocations=14 (full 0):
 garbage-first heap   total 157696K, used 93636K [0x00000000c2800000, 0x0000000100000000)
  region size 1024K, 2 young (2048K), 1 survivors (1024K)
 Metaspace       used 26017K, committed 26368K, reserved 1114112K
  class space    used 3609K, committed 3776K, reserved 1048576K
}
Event: 20.397 GC heap after
{Heap after GC invocations=15 (full 0):
 garbage-first heap   total 157696K, used 93729K [0x00000000c2800000, 0x0000000100000000)
  region size 1024K, 1 young (1024K), 1 survivors (1024K)
 Metaspace       used 26017K, committed 26368K, reserved 1114112K
  class space    used 3609K, committed 3776K, reserved 1048576K
}
Event: 20.419 GC heap before
{Heap before GC invocations=16 (full 0):
 garbage-first heap   total 167936K, used 97825K [0x00000000c2800000, 0x0000000100000000)
  region size 1024K, 2 young (2048K), 1 survivors (1024K)
 Metaspace       used 26020K, committed 26368K, reserved 1114112K
  class space    used 3609K, committed 3776K, reserved 1048576K
}
Event: 20.421 GC heap after
{Heap after GC invocations=17 (full 0):
 garbage-first heap   total 167936K, used 97893K [0x00000000c2800000, 0x0000000100000000)
  region size 1024K, 1 young (1024K), 1 survivors (1024K)
 Metaspace       used 26020K, committed 26368K, reserved 1114112K
  class space    used 3609K, committed 3776K, reserved 1048576K
}
Event: 20.444 GC heap before
{Heap before GC invocations=18 (full 0):
 garbage-first heap   total 174080K, used 101989K [0x00000000c2800000, 0x0000000100000000)
  region size 1024K, 2 young (2048K), 1 survivors (1024K)
 Metaspace       used 26024K, committed 26368K, reserved 1114112K
  class space    used 3609K, committed 3776K, reserved 1048576K
}
Event: 20.447 GC heap after
{Heap after GC invocations=19 (full 0):
 garbage-first heap   total 340992K, used 102062K [0x00000000c2800000, 0x0000000100000000)
  region size 1024K, 1 young (1024K), 1 survivors (1024K)
 Metaspace       used 26024K, committed 26368K, reserved 1114112K
  class space    used 3609K, committed 3776K, reserved 1048576K
}

Dll operation events (3 events):
Event: 0.015 Loaded shared library C:\Users\39\.jdks\jbr-17.0.12-1\bin\java.dll
Event: 0.039 Loaded shared library C:\Users\39\.jdks\jbr-17.0.12-1\bin\jsvml.dll
Event: 19.278 Loaded shared library C:\Users\39\.jdks\jbr-17.0.12-1\bin\verify.dll

Deoptimization events (20 events):
Event: 21.798 Thread 0x0000026dc396f4d0 DEOPT PACKING pc=0x0000026daf5f181a sp=0x000000fb099fcaa0
Event: 21.798 Thread 0x0000026dc396f4d0 DEOPT UNPACKING pc=0x0000026db60a7143 sp=0x000000fb099fbef8 mode 0
Event: 21.806 Thread 0x0000026dc396f4d0 DEOPT PACKING pc=0x0000026daf5f181a sp=0x000000fb099fbd50
Event: 21.806 Thread 0x0000026dc396f4d0 DEOPT UNPACKING pc=0x0000026db60a7143 sp=0x000000fb099fb1a8 mode 0
Event: 21.806 Thread 0x0000026dc396f4d0 DEOPT PACKING pc=0x0000026daf5f181a sp=0x000000fb099fbd50
Event: 21.806 Thread 0x0000026dc396f4d0 DEOPT UNPACKING pc=0x0000026db60a7143 sp=0x000000fb099fb1a8 mode 0
Event: 21.806 Thread 0x0000026dc396f4d0 DEOPT PACKING pc=0x0000026daf5f181a sp=0x000000fb099fbd50
Event: 21.806 Thread 0x0000026dc396f4d0 DEOPT UNPACKING pc=0x0000026db60a7143 sp=0x000000fb099fb1a8 mode 0
Event: 21.806 Thread 0x0000026dc396f4d0 DEOPT PACKING pc=0x0000026daf5f181a sp=0x000000fb099fbd50
Event: 21.806 Thread 0x0000026dc396f4d0 DEOPT UNPACKING pc=0x0000026db60a7143 sp=0x000000fb099fb1a8 mode 0
Event: 21.807 Thread 0x0000026dc396f4d0 DEOPT PACKING pc=0x0000026daf5f185c sp=0x000000fb099fbd50
Event: 21.807 Thread 0x0000026dc396f4d0 DEOPT UNPACKING pc=0x0000026db60a7143 sp=0x000000fb099fb1b8 mode 0
Event: 21.807 Thread 0x0000026dc396f4d0 DEOPT PACKING pc=0x0000026daf5f181a sp=0x000000fb099fbd50
Event: 21.807 Thread 0x0000026dc396f4d0 DEOPT UNPACKING pc=0x0000026db60a7143 sp=0x000000fb099fb1a8 mode 0
Event: 21.807 Thread 0x0000026dc396f4d0 DEOPT PACKING pc=0x0000026daf5f181a sp=0x000000fb099fbd50
Event: 21.807 Thread 0x0000026dc396f4d0 DEOPT UNPACKING pc=0x0000026db60a7143 sp=0x000000fb099fb1a8 mode 0
Event: 21.811 Thread 0x0000026dc396f4d0 DEOPT PACKING pc=0x0000026daf5f181a sp=0x000000fb099fbe20
Event: 21.811 Thread 0x0000026dc396f4d0 DEOPT UNPACKING pc=0x0000026db60a7143 sp=0x000000fb099fb278 mode 0
Event: 21.813 Thread 0x0000026dc396f4d0 DEOPT PACKING pc=0x0000026daf5f181a sp=0x000000fb099fc650
Event: 21.813 Thread 0x0000026dc396f4d0 DEOPT UNPACKING pc=0x0000026db60a7143 sp=0x000000fb099fbaa8 mode 0

Classes loaded (20 events):
Event: 19.270 Loading class java/time/DateTimeException done
Event: 19.270 Loading class java/time/format/DateTimeParseException done
Event: 19.736 Loading class java/time/format/FormatStyle
Event: 19.736 Loading class java/time/format/FormatStyle done
Event: 19.774 Loading class java/lang/Byte$ByteCache
Event: 19.774 Loading class java/lang/Byte$ByteCache done
Event: 19.790 Loading class java/text/ParseException
Event: 19.790 Loading class java/text/ParseException done
Event: 20.232 Loading class sun/nio/cs/Surrogate$Parser
Event: 20.232 Loading class sun/nio/cs/Surrogate$Parser done
Event: 20.232 Loading class sun/nio/cs/Surrogate
Event: 20.233 Loading class sun/nio/cs/Surrogate done
Event: 20.269 Loading class java/text/FieldPosition$Delegate
Event: 20.270 Loading class java/text/FieldPosition$Delegate done
Event: 20.913 Loading class java/util/ComparableTimSort
Event: 20.914 Loading class java/util/ComparableTimSort done
Event: 21.327 Loading class java/lang/Throwable$WrappedPrintStream
Event: 21.331 Loading class java/lang/Throwable$PrintStreamOrWriter
Event: 21.336 Loading class java/lang/Throwable$PrintStreamOrWriter done
Event: 21.338 Loading class java/lang/Throwable$WrappedPrintStream done

Classes unloaded (0 events):
No events

Classes redefined (0 events):
No events

Internal exceptions (20 events):
Event: 3.207 Thread 0x0000026e09346e10 Exception <a 'java/lang/ClassNotFoundException'{0x00000000c65e6ed8}: com/sun/javafx/scene/control/skin/resources/controls_fr_FR> (0x00000000c65e6ed8) 
thrown [s\src\hotspot\share\prims\jni.cpp, line 550]
Event: 3.274 Thread 0x0000026e09346e10 Implicit null exception at 0x0000026db6685f0c to 0x0000026db6686310
Event: 3.276 Thread 0x0000026e09346e10 Exception <a 'java/lang/NoSuchMethodError'{0x00000000c63c6d50}: 'void java.lang.invoke.DirectMethodHandle$Holder.invokeSpecial(java.lang.Object, java.lang.Object, java.lang.Object, java.lang.Object, java.lang.Object, java.lang.Object)'> (0x00000000c63c6d50) 
thrown [s\src\hotspot\share\interpreter\linkResolver.cpp, line 771]
Event: 3.282 Thread 0x0000026e09346e10 Exception <a 'java/lang/NoSuchMethodError'{0x00000000c63e7ff8}: 'java.lang.Object java.lang.invoke.DirectMethodHandle$Holder.invokeInterface(java.lang.Object, java.lang.Object, java.lang.Object)'> (0x00000000c63e7ff8) 
thrown [s\src\hotspot\share\interpreter\linkResolver.cpp, line 771]
Event: 3.283 Thread 0x0000026e09346e10 Exception <a 'java/lang/IncompatibleClassChangeError'{0x00000000c63eb6c0}: Found class java.lang.Object, but interface was expected> (0x00000000c63eb6c0) 
thrown [s\src\hotspot\share\interpreter\linkResolver.cpp, line 838]
Event: 3.288 Thread 0x0000026e09346e10 Implicit null exception at 0x0000026db665128f to 0x0000026db6651309
Event: 3.467 Thread 0x0000026e09346e10 Exception <a 'java/lang/NoSuchMethodError'{0x00000000c51b9e78}: 'java.lang.Object java.lang.invoke.DirectMethodHandle$Holder.newInvokeSpecial(java.lang.Object, java.lang.Object, int)'> (0x00000000c51b9e78) 
thrown [s\src\hotspot\share\interpreter\linkResolver.cpp, line 771]
Event: 3.620 Thread 0x0000026dc396f4d0 Exception <a 'java/lang/NoSuchMethodError'{0x00000000c50dfc98}: 'int java.lang.invoke.DirectMethodHandle$Holder.invokeStaticInit(java.lang.Object, java.lang.Object)'> (0x00000000c50dfc98) 
thrown [s\src\hotspot\share\interpreter\linkResolver.cpp, line 771]
Event: 3.625 Thread 0x0000026e09346e10 Exception <a 'java/lang/NoSuchMethodError'{0x00000000c50bc4d8}: 'long java.lang.invoke.DirectMethodHandle$Holder.invokeStatic(java.lang.Object, java.lang.Object, java.lang.Object)'> (0x00000000c50bc4d8) 
thrown [s\src\hotspot\share\interpreter\linkResolver.cpp, line 771]
Event: 3.628 Thread 0x0000026e09346e10 Exception <a 'java/lang/NoSuchMethodError'{0x00000000c50bfc80}: 'long java.lang.invoke.DirectMethodHandle$Holder.invokeStaticInit(java.lang.Object, java.lang.Object, java.lang.Object)'> (0x00000000c50bfc80) 
thrown [s\src\hotspot\share\interpreter\linkResolver.cpp, line 771]
Event: 3.631 Thread 0x0000026e09346e10 Exception <a 'java/lang/NoSuchMethodError'{0x00000000c4f128e8}: 'java.lang.Object java.lang.invoke.DirectMethodHandle$Holder.newInvokeSpecial(java.lang.Object, java.lang.Object, long)'> (0x00000000c4f128e8) 
thrown [s\src\hotspot\share\interpreter\linkResolver.cpp, line 771]
Event: 3.632 Thread 0x0000026e09346e10 Exception <a 'java/lang/NoSuchMethodError'{0x00000000c4f16458}: 'java.lang.Object java.lang.invoke.Invokers$Holder.linkToTargetMethod(java.lang.Object, long, java.lang.Object)'> (0x00000000c4f16458) 
thrown [s\src\hotspot\share\interpreter\linkResolver.cpp, line 771]
Event: 3.846 Thread 0x0000026dc396f4d0 Exception <a 'java/lang/NoSuchMethodError'{0x00000000c4cd4898}: 'java.lang.Object java.lang.invoke.DirectMethodHandle$Holder.invokeStaticInit(java.lang.Object, int)'> (0x00000000c4cd4898) 
thrown [s\src\hotspot\share\interpreter\linkResolver.cpp, line 771]
Event: 20.248 Thread 0x0000026e09346e10 Implicit null exception at 0x0000026db66a1e72 to 0x0000026db66a24dc
Event: 20.249 Thread 0x0000026e09346e10 Implicit null exception at 0x0000026db668e7f2 to 0x0000026db668ee54
Event: 20.265 Thread 0x0000026e09346e10 Exception <a 'java/lang/NoSuchMethodError'{0x00000000c3f74070}: 'void java.lang.invoke.DirectMethodHandle$Holder.invokeSpecialIFC(java.lang.Object, java.lang.Object, java.lang.Object)'> (0x00000000c3f74070) 
thrown [s\src\hotspot\share\interpreter\linkResolver.cpp, line 771]
Event: 20.523 Thread 0x0000026e09346e10 Exception <a 'java/io/FileNotFoundException'{0x00000000d731adc8}> (0x00000000d731adc8) 
thrown [s\src\hotspot\share\prims\jni.cpp, line 531]
Event: 20.545 Thread 0x0000026e09346e10 Exception <a 'java/lang/ClassNotFoundException'{0x00000000d721a0f8}: com/sun/javafx/scene/control/skin/resources/controls-nt> (0x00000000d721a0f8) 
thrown [s\src\hotspot\share\prims\jni.cpp, line 550]
Event: 20.547 Thread 0x0000026e09346e10 Exception <a 'java/lang/ClassNotFoundException'{0x00000000d7222c48}: com/sun/javafx/scene/control/skin/resources/controls-nt_fr> (0x00000000d7222c48) 
thrown [s\src\hotspot\share\prims\jni.cpp, line 550]
Event: 20.547 Thread 0x0000026e09346e10 Exception <a 'java/lang/ClassNotFoundException'{0x00000000d7224b78}: com/sun/javafx/scene/control/skin/resources/controls-nt_fr_FR> (0x00000000d7224b78) 
thrown [s\src\hotspot\share\prims\jni.cpp, line 550]

VM Operations (20 events):
Event: 20.417 Executing VM operation: G1PauseCleanup
Event: 20.417 Executing VM operation: G1PauseCleanup done
Event: 20.419 Executing VM operation: G1TryInitiateConcMark
Event: 20.421 Executing VM operation: G1TryInitiateConcMark done
Event: 20.434 Executing VM operation: G1PauseRemark
Event: 20.436 Executing VM operation: G1PauseRemark done
Event: 20.442 Executing VM operation: G1PauseCleanup
Event: 20.442 Executing VM operation: G1PauseCleanup done
Event: 20.444 Executing VM operation: G1TryInitiateConcMark
Event: 20.447 Executing VM operation: G1TryInitiateConcMark done
Event: 20.630 Executing VM operation: HandshakeAllThreads
Event: 20.630 Executing VM operation: HandshakeAllThreads done
Event: 20.639 Executing VM operation: ICBufferFull
Event: 20.639 Executing VM operation: ICBufferFull done
Event: 20.660 Executing VM operation: HandshakeAllThreads
Event: 20.660 Executing VM operation: HandshakeAllThreads done
Event: 20.705 Executing VM operation: HandshakeAllThreads
Event: 20.705 Executing VM operation: HandshakeAllThreads done
Event: 20.937 Executing VM operation: ICBufferFull
Event: 20.938 Executing VM operation: ICBufferFull done

Events (20 events):
Event: 0.555 Thread 0x0000026dc396f4d0 Thread added: 0x0000026dc396f4d0
Event: 0.582 Loaded shared library C:\Users\39\.openjfx\cache\21.0.2+5\amd64\prism_d3d.dll
Event: 0.715 Loaded shared library C:\Users\39\.openjfx\cache\21.0.2+5\amd64\glass.dll
Event: 0.717 Thread 0x0000026e0936b030 Thread added: 0x0000026e0936b030
Event: 0.721 Thread 0x0000026e09346e10 Thread added: 0x0000026e09346e10
Event: 0.937 Thread 0x0000026e095748b0 Thread added: 0x0000026e095748b0
Event: 0.947 Thread 0x0000026e095c05b0 Thread added: 0x0000026e095c05b0
Event: 0.972 Loaded shared library C:\Users\39\.jdks\jbr-17.0.12-1\bin\jimage.dll
Event: 1.142 Thread 0x0000026e09625430 Thread added: 0x0000026e09625430
Event: 1.309 Loaded shared library C:\Users\39\.jdks\jbr-17.0.12-1\bin\extnet.dll
Event: 1.597 Loaded shared library C:\Users\39\.openjfx\cache\21.0.2+5\amd64\javafx_font.dll
Event: 2.097 Thread 0x0000026e09627290 Thread added: 0x0000026e09627290
Event: 2.140 Loaded shared library C:\Users\39\.jdks\jbr-17.0.12-1\bin\awt.dll
Event: 2.219 Thread 0x0000026e09624f20 Thread added: 0x0000026e09624f20
Event: 2.245 Loaded shared library C:\Users\39\.jdks\jbr-17.0.12-1\bin\freetype.dll
Event: 2.248 Loaded shared library C:\Users\39\.jdks\jbr-17.0.12-1\bin\fontmanager.dll
Event: 2.811 Thread 0x0000026e09625940 Thread added: 0x0000026e09625940
Event: 2.812 Thread 0x0000026e09626870 Thread added: 0x0000026e09626870
Event: 3.729 Thread 0x0000026e09624500 Thread added: 0x0000026e09624500
Event: 3.826 Thread 0x0000026e09625940 Thread exited: 0x0000026e09625940


Dynamic libraries:
0x00007ff62f1b0000 - 0x00007ff62f1ba000 	C:\Users\39\.jdks\jbr-17.0.12-1\bin\java.exe
0x00007ffbec690000 - 0x00007ffbec888000 	C:\Windows\SYSTEM32\ntdll.dll
0x00007ffbec4d0000 - 0x00007ffbec592000 	C:\Windows\System32\KERNEL32.DLL
0x00007ffbe9dd0000 - 0x00007ffbea0cf000 	C:\Windows\System32\KERNELBASE.dll
0x00007ffbea330000 - 0x00007ffbea430000 	C:\Windows\System32\ucrtbase.dll
0x00007ffbcdb30000 - 0x00007ffbcdb47000 	C:\Users\39\.jdks\jbr-17.0.12-1\bin\jli.dll
0x00007ffbcd500000 - 0x00007ffbcd51b000 	C:\Users\39\.jdks\jbr-17.0.12-1\bin\VCRUNTIME140.dll
0x00007ffbebf40000 - 0x00007ffbec0dd000 	C:\Windows\System32\USER32.dll
0x00007ffbea680000 - 0x00007ffbea6a2000 	C:\Windows\System32\win32u.dll
0x00007ffbea720000 - 0x00007ffbea74b000 	C:\Windows\System32\GDI32.dll
0x00007ffbea430000 - 0x00007ffbea54a000 	C:\Windows\System32\gdi32full.dll
0x00007ffbe9d30000 - 0x00007ffbe9dcd000 	C:\Windows\System32\msvcp_win.dll
0x00007ffbd6c00000 - 0x00007ffbd6e9a000 	C:\Windows\WinSxS\amd64_microsoft.windows.common-controls_6595b64144ccf1df_6.0.19041.4355_none_60b8b9eb71f62e16\COMCTL32.dll
0x00007ffbebaf0000 - 0x00007ffbebb8e000 	C:\Windows\System32\msvcrt.dll
0x00007ffbeaab0000 - 0x00007ffbeaadf000 	C:\Windows\System32\IMM32.DLL
0x00007ffbd5d20000 - 0x00007ffbd5d2c000 	C:\Users\39\.jdks\jbr-17.0.12-1\bin\vcruntime140_1.dll
0x00007ffbc9230000 - 0x00007ffbc92bd000 	C:\Users\39\.jdks\jbr-17.0.12-1\bin\msvcp140.dll
0x00007ffb579f0000 - 0x00007ffb5867a000 	C:\Users\39\.jdks\jbr-17.0.12-1\bin\server\jvm.dll
0x00007ffbec5a0000 - 0x00007ffbec64f000 	C:\Windows\System32\ADVAPI32.dll
0x00007ffbebd50000 - 0x00007ffbebdef000 	C:\Windows\System32\sechost.dll
0x00007ffbebdf0000 - 0x00007ffbebf13000 	C:\Windows\System32\RPCRT4.dll
0x00007ffbea550000 - 0x00007ffbea577000 	C:\Windows\System32\bcrypt.dll
0x00007ffbebb90000 - 0x00007ffbebbfb000 	C:\Windows\System32\WS2_32.dll
0x00007ffbe9a70000 - 0x00007ffbe9abb000 	C:\Windows\SYSTEM32\POWRPROF.dll
0x00007ffbe4350000 - 0x00007ffbe435a000 	C:\Windows\SYSTEM32\VERSION.dll
0x00007ffbd9750000 - 0x00007ffbd9777000 	C:\Windows\SYSTEM32\WINMM.dll
0x00007ffbe9a50000 - 0x00007ffbe9a62000 	C:\Windows\SYSTEM32\UMPDC.dll
0x00007ffbe7bb0000 - 0x00007ffbe7bc2000 	C:\Windows\SYSTEM32\kernel.appcore.dll
0x00007ffbd59f0000 - 0x00007ffbd59fa000 	C:\Users\39\.jdks\jbr-17.0.12-1\bin\jimage.dll
0x00007ffbd8040000 - 0x00007ffbd8224000 	C:\Windows\SYSTEM32\DBGHELP.DLL
0x00007ffbd5720000 - 0x00007ffbd5754000 	C:\Windows\SYSTEM32\dbgcore.DLL
0x00007ffbea2a0000 - 0x00007ffbea322000 	C:\Windows\System32\bcryptPrimitives.dll
0x00007ffbc9200000 - 0x00007ffbc9225000 	C:\Users\39\.jdks\jbr-17.0.12-1\bin\java.dll
0x00007ffbbdfa0000 - 0x00007ffbbe077000 	C:\Users\39\.jdks\jbr-17.0.12-1\bin\jsvml.dll
0x00007ffbeb370000 - 0x00007ffbebadd000 	C:\Windows\System32\SHELL32.dll
0x00007ffbe7db0000 - 0x00007ffbe8554000 	C:\Windows\SYSTEM32\windows.storage.dll
0x00007ffbea750000 - 0x00007ffbeaaa5000 	C:\Windows\System32\combase.dll
0x00007ffbe9690000 - 0x00007ffbe96bf000 	C:\Windows\SYSTEM32\Wldp.dll
0x00007ffbec250000 - 0x00007ffbec31d000 	C:\Windows\System32\OLEAUT32.dll
0x00007ffbeb2c0000 - 0x00007ffbeb36d000 	C:\Windows\System32\SHCORE.dll
0x00007ffbebc60000 - 0x00007ffbebcb5000 	C:\Windows\System32\shlwapi.dll
0x00007ffbe9c60000 - 0x00007ffbe9c84000 	C:\Windows\SYSTEM32\profapi.dll
0x00007ffbcd4e0000 - 0x00007ffbcd4f9000 	C:\Users\39\.jdks\jbr-17.0.12-1\bin\net.dll
0x00007ffbe0f60000 - 0x00007ffbe106a000 	C:\Windows\SYSTEM32\WINHTTP.dll
0x00007ffbe93f0000 - 0x00007ffbe945c000 	C:\Windows\system32\mswsock.dll
0x00007ffbc8d20000 - 0x00007ffbc8d36000 	C:\Users\39\.jdks\jbr-17.0.12-1\bin\nio.dll
0x00007ffbbdf80000 - 0x00007ffbbdf98000 	C:\Users\39\.jdks\jbr-17.0.12-1\bin\zip.dll
0x0000026dc3b30000 - 0x0000026dc3b33000 	C:\Users\39\.openjfx\cache\21.0.2+5\amd64\api-ms-win-core-console-l1-1-0.dll
0x0000026dc3b40000 - 0x0000026dc3b43000 	C:\Users\39\.openjfx\cache\21.0.2+5\amd64\api-ms-win-core-console-l1-2-0.dll
0x0000026dc3b50000 - 0x0000026dc3b53000 	C:\Users\39\.openjfx\cache\21.0.2+5\amd64\api-ms-win-core-datetime-l1-1-0.dll
0x0000026dc3b60000 - 0x0000026dc3b63000 	C:\Users\39\.openjfx\cache\21.0.2+5\amd64\api-ms-win-core-debug-l1-1-0.dll
0x0000026dc3b70000 - 0x0000026dc3b73000 	C:\Users\39\.openjfx\cache\21.0.2+5\amd64\api-ms-win-core-errorhandling-l1-1-0.dll
0x0000026dc3b80000 - 0x0000026dc3b84000 	C:\Users\39\.openjfx\cache\21.0.2+5\amd64\api-ms-win-core-file-l1-1-0.dll
0x0000026dc3b90000 - 0x0000026dc3b93000 	C:\Users\39\.openjfx\cache\21.0.2+5\amd64\api-ms-win-core-file-l1-2-0.dll
0x0000026dc3ba0000 - 0x0000026dc3ba3000 	C:\Users\39\.openjfx\cache\21.0.2+5\amd64\api-ms-win-core-file-l2-1-0.dll
0x0000026dc3bb0000 - 0x0000026dc3bb3000 	C:\Users\39\.openjfx\cache\21.0.2+5\amd64\api-ms-win-core-handle-l1-1-0.dll
0x0000026dc3bc0000 - 0x0000026dc3bc3000 	C:\Users\39\.openjfx\cache\21.0.2+5\amd64\api-ms-win-core-heap-l1-1-0.dll
0x0000026dc3bd0000 - 0x0000026dc3bd3000 	C:\Users\39\.openjfx\cache\21.0.2+5\amd64\api-ms-win-core-interlocked-l1-1-0.dll
0x0000026dc3be0000 - 0x0000026dc3be3000 	C:\Users\39\.openjfx\cache\21.0.2+5\amd64\api-ms-win-core-libraryloader-l1-1-0.dll
0x0000026dc3bf0000 - 0x0000026dc3bf3000 	C:\Users\39\.openjfx\cache\21.0.2+5\amd64\api-ms-win-core-localization-l1-2-0.dll
0x0000026dc3c00000 - 0x0000026dc3c03000 	C:\Users\39\.openjfx\cache\21.0.2+5\amd64\api-ms-win-core-memory-l1-1-0.dll
0x0000026dc3c10000 - 0x0000026dc3c13000 	C:\Users\39\.openjfx\cache\21.0.2+5\amd64\api-ms-win-core-namedpipe-l1-1-0.dll
0x0000026dc3c20000 - 0x0000026dc3c23000 	C:\Users\39\.openjfx\cache\21.0.2+5\amd64\api-ms-win-core-processenvironment-l1-1-0.dll
0x0000026dc3c30000 - 0x0000026dc3c33000 	C:\Users\39\.openjfx\cache\21.0.2+5\amd64\api-ms-win-core-processthreads-l1-1-0.dll
0x0000026dc3c40000 - 0x0000026dc3c43000 	C:\Users\39\.openjfx\cache\21.0.2+5\amd64\api-ms-win-core-processthreads-l1-1-1.dll
0x0000026dc3c50000 - 0x0000026dc3c53000 	C:\Users\39\.openjfx\cache\21.0.2+5\amd64\api-ms-win-core-profile-l1-1-0.dll
0x0000026dc3c60000 - 0x0000026dc3c63000 	C:\Users\39\.openjfx\cache\21.0.2+5\amd64\api-ms-win-core-rtlsupport-l1-1-0.dll
0x0000026dc3c70000 - 0x0000026dc3c73000 	C:\Users\39\.openjfx\cache\21.0.2+5\amd64\api-ms-win-core-string-l1-1-0.dll
0x0000026dc3c80000 - 0x0000026dc3c83000 	C:\Users\39\.openjfx\cache\21.0.2+5\amd64\api-ms-win-core-synch-l1-1-0.dll
0x0000026dc3c90000 - 0x0000026dc3c93000 	C:\Users\39\.openjfx\cache\21.0.2+5\amd64\api-ms-win-core-synch-l1-2-0.dll
0x0000026dc3ca0000 - 0x0000026dc3ca3000 	C:\Users\39\.openjfx\cache\21.0.2+5\amd64\api-ms-win-core-sysinfo-l1-1-0.dll
0x0000026dc3cb0000 - 0x0000026dc3cb3000 	C:\Users\39\.openjfx\cache\21.0.2+5\amd64\api-ms-win-core-timezone-l1-1-0.dll
0x0000026dc3cc0000 - 0x0000026dc3cc3000 	C:\Users\39\.openjfx\cache\21.0.2+5\amd64\api-ms-win-core-util-l1-1-0.dll
0x0000026dc3cd0000 - 0x0000026dc3cd3000 	C:\Users\39\.openjfx\cache\21.0.2+5\amd64\api-ms-win-crt-conio-l1-1-0.dll
0x0000026dc3ce0000 - 0x0000026dc3ce4000 	C:\Users\39\.openjfx\cache\21.0.2+5\amd64\api-ms-win-crt-convert-l1-1-0.dll
0x0000026dc3cf0000 - 0x0000026dc3cf3000 	C:\Users\39\.openjfx\cache\21.0.2+5\amd64\api-ms-win-crt-environment-l1-1-0.dll
0x0000026dc3d00000 - 0x0000026dc3d03000 	C:\Users\39\.openjfx\cache\21.0.2+5\amd64\api-ms-win-crt-filesystem-l1-1-0.dll
0x0000026dc3d10000 - 0x0000026dc3d13000 	C:\Users\39\.openjfx\cache\21.0.2+5\amd64\api-ms-win-crt-heap-l1-1-0.dll
0x0000026dc3d20000 - 0x0000026dc3d23000 	C:\Users\39\.openjfx\cache\21.0.2+5\amd64\api-ms-win-crt-locale-l1-1-0.dll
0x0000026dc3d30000 - 0x0000026dc3d35000 	C:\Users\39\.openjfx\cache\21.0.2+5\amd64\api-ms-win-crt-math-l1-1-0.dll
0x0000026dc3d40000 - 0x0000026dc3d45000 	C:\Users\39\.openjfx\cache\21.0.2+5\amd64\api-ms-win-crt-multibyte-l1-1-0.dll
0x0000026dc3d50000 - 0x0000026dc3d60000 	C:\Users\39\.openjfx\cache\21.0.2+5\amd64\api-ms-win-crt-private-l1-1-0.dll
0x0000026dc3d60000 - 0x0000026dc3d63000 	C:\Users\39\.openjfx\cache\21.0.2+5\amd64\api-ms-win-crt-process-l1-1-0.dll
0x0000026dc3d70000 - 0x0000026dc3d74000 	C:\Users\39\.openjfx\cache\21.0.2+5\amd64\api-ms-win-crt-runtime-l1-1-0.dll
0x0000026dc3d80000 - 0x0000026dc3d84000 	C:\Users\39\.openjfx\cache\21.0.2+5\amd64\api-ms-win-crt-stdio-l1-1-0.dll
0x0000026dc3d90000 - 0x0000026dc3d94000 	C:\Users\39\.openjfx\cache\21.0.2+5\amd64\api-ms-win-crt-string-l1-1-0.dll
0x0000026dc3da0000 - 0x0000026dc3da3000 	C:\Users\39\.openjfx\cache\21.0.2+5\amd64\api-ms-win-crt-time-l1-1-0.dll
0x0000026dc3db0000 - 0x0000026dc3db3000 	C:\Users\39\.openjfx\cache\21.0.2+5\amd64\api-ms-win-crt-utility-l1-1-0.dll
0x00007ffbbd1d0000 - 0x00007ffbbd2cc000 	C:\Users\39\.openjfx\cache\21.0.2+5\amd64\ucrtbase.dll
0x00007ffbbdf60000 - 0x00007ffbbdf7b000 	C:\Users\39\.openjfx\cache\21.0.2+5\amd64\vcruntime140.dll
0x00007ffbd08d0000 - 0x00007ffbd08dc000 	C:\Users\39\.openjfx\cache\21.0.2+5\amd64\vcruntime140_1.dll
0x00007ffbbd140000 - 0x00007ffbbd1ce000 	C:\Users\39\.openjfx\cache\21.0.2+5\amd64\msvcp140.dll
0x00007ffbd0620000 - 0x00007ffbd0629000 	C:\Users\39\.openjfx\cache\21.0.2+5\amd64\msvcp140_1.dll
0x00007ffbbdf10000 - 0x00007ffbbdf51000 	C:\Users\39\.openjfx\cache\21.0.2+5\amd64\msvcp140_2.dll
0x00007ffbbdd90000 - 0x00007ffbbddc0000 	C:\Users\39\.openjfx\cache\21.0.2+5\amd64\prism_d3d.dll
0x00007ffbda3a0000 - 0x00007ffbda571000 	C:\Windows\system32\d3d9.dll
0x00007ffbe78b0000 - 0x00007ffbe78df000 	C:\Windows\SYSTEM32\dwmapi.dll
0x00007ffbe7680000 - 0x00007ffbe771e000 	C:\Windows\system32\uxtheme.dll
0x00007ffbbcfd0000 - 0x00007ffbbd135000 	C:\Windows\System32\DriverStore\FileRepository\iigd_dch.inf_amd64_4b31d9b38e2bb506\igdumdim64.dll
0x00007ffbeafc0000 - 0x00007ffbeb0eb000 	C:\Windows\System32\ole32.dll
0x00007ffb53d60000 - 0x00007ffb579eb000 	C:\Windows\System32\DriverStore\FileRepository\iigd_dch.inf_amd64_4b31d9b38e2bb506\igd9dxva64.dll
0x00007ffbeab40000 - 0x00007ffbeafb1000 	C:\Windows\System32\SETUPAPI.dll
0x00007ffbea630000 - 0x00007ffbea67e000 	C:\Windows\System32\cfgmgr32.dll
0x00007ffbdd470000 - 0x00007ffbdd7a6000 	C:\Windows\System32\DriverStore\FileRepository\iigd_dch.inf_amd64_4b31d9b38e2bb506\igdgmm64.dll
0x00007ffbbd450000 - 0x00007ffbbd492000 	C:\Users\39\.openjfx\cache\21.0.2+5\amd64\glass.dll
0x00007ffbec170000 - 0x00007ffbec24a000 	C:\Windows\System32\COMDLG32.dll
0x00007ffbeb1a0000 - 0x00007ffbeb2b5000 	C:\Windows\System32\MSCTF.dll
0x00007ffb98ff0000 - 0x00007ffb99017000 	C:\Windows\System32\DriverStore\FileRepository\iigd_dch.inf_amd64_4b31d9b38e2bb506\igdinfo64.dll
0x00007ffbe95f0000 - 0x00007ffbe9608000 	C:\Windows\SYSTEM32\CRYPTSP.dll
0x00007ffbe8d10000 - 0x00007ffbe8d44000 	C:\Windows\system32\rsaenh.dll
0x00007ffbe95e0000 - 0x00007ffbe95ec000 	C:\Windows\SYSTEM32\CRYPTBASE.dll
0x00007ffbda6e0000 - 0x00007ffbdd46f000 	C:\Windows\System32\DriverStore\FileRepository\iigd_dch.inf_amd64_4b31d9b38e2bb506\igc64.dll
0x00007ffbdf240000 - 0x00007ffbdf27b000 	C:\Windows\SYSTEM32\dxcore.dll
0x00007ffbe9110000 - 0x00007ffbe91da000 	C:\Windows\SYSTEM32\DNSAPI.dll
0x00007ffbe90d0000 - 0x00007ffbe910b000 	C:\Windows\SYSTEM32\IPHLPAPI.DLL
0x00007ffbebae0000 - 0x00007ffbebae8000 	C:\Windows\System32\NSI.dll
0x00007ffbe1bf0000 - 0x00007ffbe1bfa000 	C:\Windows\System32\rasadhlp.dll
0x00007ffbdd7b0000 - 0x00007ffbdd830000 	C:\Windows\System32\fwpuclnt.dll
0x00007ffbbd4f0000 - 0x00007ffbbd4f9000 	C:\Users\39\.jdks\jbr-17.0.12-1\bin\extnet.dll
0x00007ffbbd4d0000 - 0x00007ffbbd4e4000 	C:\Users\39\.openjfx\cache\21.0.2+5\amd64\javafx_font.dll
0x00007ffbceb60000 - 0x00007ffbceddf000 	C:\Windows\SYSTEM32\dwrite.dll
0x00007ffbbc390000 - 0x00007ffbbc52a000 	C:\Users\39\.jdks\jbr-17.0.12-1\bin\awt.dll
0x00007ffbbd370000 - 0x00007ffbbd3b4000 	C:\Users\39\.jdks\jbr-17.0.12-1\bin\nvdaControllerClient64.dll
0x00007ffbe5200000 - 0x00007ffbe5294000 	C:\Windows\SYSTEM32\apphelp.dll
0x00007ffbbce50000 - 0x00007ffbbced7000 	C:\Users\39\.jdks\jbr-17.0.12-1\bin\freetype.dll
0x00007ffbbc2a0000 - 0x00007ffbbc385000 	C:\Users\39\.jdks\jbr-17.0.12-1\bin\fontmanager.dll
0x00007ffbeb0f0000 - 0x00007ffbeb199000 	C:\Windows\System32\clbcatq.dll
0x00007ffbe7440000 - 0x00007ffbe75f4000 	C:\Windows\SYSTEM32\WindowsCodecs.dll

dbghelp: loaded successfully - version: 4.0.5 - missing functions: none
symbol engine: initialized successfully - sym options: 0x614 - pdb path: .;C:\Users\39\.jdks\jbr-17.0.12-1\bin;C:\Windows\SYSTEM32;C:\Windows\WinSxS\amd64_microsoft.windows.common-controls_6595b64144ccf1df_6.0.19041.4355_none_60b8b9eb71f62e16;C:\Users\39\.jdks\jbr-17.0.12-1\bin\server;C:\Users\39\.openjfx\cache\21.0.2+5\amd64;C:\Windows\System32\DriverStore\FileRepository\iigd_dch.inf_amd64_4b31d9b38e2bb506;C:\Program Files\Common Files\Microsoft Shared\Ink

VM Arguments:
jvm_args: --module-path=C:\Users\39\.m2\repository\org\openjfx\javafx-base\21.0.2\javafx-base-21.0.2-win.jar;C:\Users\39\.m2\repository\org\openjfx\javafx-base\21.0.2\javafx-base-21.0.2.jar;C:\Users\39\.m2\repository\org\openjfx\javafx-controls\21.0.2\javafx-controls-21.0.2-win.jar;C:\Users\39\.m2\repository\org\openjfx\javafx-controls\21.0.2\javafx-controls-21.0.2.jar;C:\Users\39\.m2\repository\org\openjfx\javafx-fxml\21.0.2\javafx-fxml-21.0.2-win.jar;C:\Users\39\.m2\repository\org\openjfx\javafx-fxml\21.0.2\javafx-fxml-21.0.2.jar;C:\Users\39\.m2\repository\org\openjfx\javafx-graphics\21.0.2\javafx-graphics-21.0.2-win.jar;C:\Users\39\.m2\repository\org\openjfx\javafx-graphics\21.0.2\javafx-graphics-21.0.2.jar;C:\Users\39\.m2\repository\org\openjfx\javafx-media\21.0.2\javafx-media-21.0.2-win.jar;C:\Users\39\.m2\repository\org\openjfx\javafx-media\21.0.2\javafx-media-21.0.2.jar;C:\Users\39\.m2\repository\org\openjfx\javafx-swing\21.0.2\javafx-swing-21.0.2-win.jar;C:\Users\39\.m2\repository\org\openjfx\javafx-swing\21.0.2\javafx-swing-21.0.2.jar;C:\Users\39\.m2\repository\org\openjfx\javafx-web\21.0.2\javafx-web-21.0.2-win.jar;C:\Users\39\.m2\repository\org\openjfx\javafx-web\21.0.2\javafx-web-21.0.2.jar --add-modules=javafx.base,javafx.controls,javafx.fxml,javafx.graphics,javafx.media,javafx.swing,javafx.web 
java_command: org.gymify.tests.MainApp
java_class_path (initial): C:\Users\39\Documents\GitHub\DevAthletes\DevAthletes\gymify\target\classes;C:\Users\39\.m2\repository\com\fasterxml\jackson\core\jackson-annotations\2.15.2\jackson-annotations-2.15.2.jar;C:\Users\39\.m2\repository\com\fasterxml\jackson\core\jackson-core\2.13.3\jackson-core-2.13.3.jar;C:\Users\39\.m2\repository\com\fasterxml\jackson\core\jackson-databind\2.15.2\jackson-databind-2.15.2.jar;C:\Users\39\.m2\repository\com\fasterxml\woodstox\woodstox-core\5.1.0\woodstox-core-5.1.0.jar;C:\Users\39\.m2\repository\com\google\api-client\google-api-client\2.0.0\google-api-client-2.0.0.jar;C:\Users\39\.m2\repository\com\google\apis\google-api-services-calendar\v3-rev20220715-2.0.0\google-api-services-calendar-v3-rev20220715-2.0.0.jar;C:\Users\39\.m2\repository\com\google\code\findbugs\jsr305\3.0.2\jsr305-3.0.2.jar;C:\Users\39\.m2\repository\com\google\code\gson\gson\2.9.0\gson-2.9.0.jar;C:\Users\39\.m2\repository\com\google\errorprone\error_prone_annotations\2.11.0\error_prone_annotations-2.11.0.jar;C:\Users\39\.m2\repository\com\google\guava\failureaccess\1.0.1\failureaccess-1.0.1.jar;C:\Users\39\.m2\repository\com\google\guava\guava\31.1-jre\guava-31.1-jre.jar;C:\Users\39\.m2\repository\com\google\guava\listenablefuture\9999.0-empty-to-avoid-conflict-with-guava\listenablefuture-9999.0-empty-to-avoid-conflict-with-guava.jar;C:\Users\39\.m2\repository\com\google\http-client\google-http-client\1.42.0\google-http-client-1.42.0.jar;C:\Users\39\.m2\repository\com\google\http-client\google-http-client-apache-v2\1.42.1\google-http-client-apache-v2-1.42.1.jar;C:\Users\39\.m2\repository\com\google\http-client\google-http-client-gson\1.42.1\google-http-client-gson-1.42.1.jar;C:\Users\39\.m2\repository\com\google\http-client\google-http-client-jackson2\1.42.0\google-http-client-jackson2-1.42.0.jar;C:\Users\39\.m2\repository\com\google\j2objc\j2objc-annotations\1.3\j2objc-annotations-1.3.jar;C:\Users\39\.m2\repository\com\google\oauth-client\google-oauth-clie
Launcher Type: SUN_STANDARD

[Global flags]
     intx CICompilerCount                          = 4                                         {product} {ergonomic}
     uint ConcGCThreads                            = 2                                         {product} {ergonomic}
     uint G1ConcRefinementThreads                  = 8                                         {product} {ergonomic}
   size_t G1HeapRegionSize                         = 1048576                                   {product} {ergonomic}
    uintx GCDrainStackTargetSize                   = 64                                        {product} {ergonomic}
   size_t InitialHeapSize                          = 65011712                                  {product} {ergonomic}
   size_t MarkStackSize                            = 4194304                                   {product} {ergonomic}
   size_t MaxHeapSize                              = 1031798784                                {product} {ergonomic}
   size_t MaxNewSize                               = 618659840                                 {product} {ergonomic}
   size_t MinHeapDeltaBytes                        = 1048576                                   {product} {ergonomic}
   size_t MinHeapSize                              = 8388608                                   {product} {ergonomic}
    uintx NonNMethodCodeHeapSize                   = 5839372                                {pd product} {ergonomic}
    uintx NonProfiledCodeHeapSize                  = 122909434                              {pd product} {ergonomic}
    uintx ProfiledCodeHeapSize                     = 122909434                              {pd product} {ergonomic}
    uintx ReservedCodeCacheSize                    = 251658240                              {pd product} {ergonomic}
     bool SegmentedCodeCache                       = true                                      {product} {ergonomic}
   size_t SoftMaxHeapSize                          = 1031798784                             {manageable} {ergonomic}
     bool UseCompressedClassPointers               = true                           {product lp64_product} {ergonomic}
     bool UseCompressedOops                        = true                           {product lp64_product} {ergonomic}
     bool UseG1GC                                  = true                                      {product} {ergonomic}
     bool UseLargePagesIndividualAllocation        = false                                  {pd product} {ergonomic}

Logging:
Log output configuration:
 #0: stdout all=warning uptime,level,tags
 #1: stderr all=off uptime,level,tags

Environment Variables:
PATH=C:\oraclexe\app\oracle\product\11.2.0\server\bin;C:\Users\39\.jdks\jbr-17.0.12-1\bin;C:\Program Files (x86)\VMware\VMware Workstation\bin\;C:\Users\39\.jdks\jbr-17.0.12\bin;C:\Windows\system32;C:\Windows;C:\Windows\System32\Wbem;C:\Windows\System32\WindowsPowerShell\v1.0\;C:\Windows\System32\OpenSSH\;C:\xampp\php;C:\composer;C:\Program Files\Git\cmd;C:\Program Files (x86)\CodeBlocks\MinGW\bin;C:\Program Files (x86)\GnuWin32\bin;C:\Program Files\Apache\Maven\apache-maven-3.8.8\bin;C:\Users\39\scoop\shims;C:\Users\39\AppData\Local\Microsoft\WindowsApps;C:\Users\39\AppData\Roaming\Composer\vendor\bin;C:\Users\39\AppData\Local\Programs\Microsoft VS Code\bin;C:\Users\39\AppData\Local\GitHubDesktop\bin
USERNAME=39
OS=Windows_NT
PROCESSOR_IDENTIFIER=Intel64 Family 6 Model 142 Stepping 12, GenuineIntel
TMP=C:\Users\39\AppData\Local\Temp
TEMP=C:\Users\39\AppData\Local\Temp



Periodic native trim disabled

JNI global refs:
JNI global refs: 109, weak refs: 3

JNI global refs memory usage: 1475, weak refs: 841

Process memory usage:
Resident Set Size: 198700K (4% of 4024112K total physical memory with 78456K free physical memory)

OOME stack traces (most recent first):
Classloader memory used:
Loader jdk.internal.loader.ClassLoaders$AppClassLoader                                 : 2265K
Loader bootstrap                                                                       : 1151K
Loader jdk.internal.loader.ClassLoaders$PlatformClassLoader                            : 47535B
Loader jdk.internal.reflect.DelegatingClassLoader                                      : 11772B
Loader com.sun.javafx.reflect.MethodUtil                                               : 510B


---------------  S Y S T E M  ---------------

OS:
 Windows 10 , 64 bit Build 19041 (10.0.19041.5438)
OS uptime: 0 days 2:37 hours

CPU: total 8 (initial active 8) (4 cores per cpu, 2 threads per core) family 6 model 142 stepping 12 microcode 0xde, cx8, cmov, fxsr, ht, mmx, 3dnowpref, sse, sse2, sse3, ssse3, sse4.1, sse4.2, popcnt, lzcnt, tsc, tscinvbit, avx, avx2, aes, erms, clmul, bmi1, bmi2, adx, fma, vzeroupper, clflush, clflushopt
Processor Information for processor 0
  Max Mhz: 2112, Current Mhz: 1609, Mhz Limit: 1605
Processor Information for processor 1
  Max Mhz: 2112, Current Mhz: 1408, Mhz Limit: 1605
Processor Information for processor 2
  Max Mhz: 2112, Current Mhz: 1609, Mhz Limit: 1605
Processor Information for processor 3
  Max Mhz: 2112, Current Mhz: 1408, Mhz Limit: 1605
Processor Information for processor 4
  Max Mhz: 2112, Current Mhz: 1609, Mhz Limit: 1605
Processor Information for processor 5
  Max Mhz: 2112, Current Mhz: 1408, Mhz Limit: 1605
Processor Information for processor 6
  Max Mhz: 2112, Current Mhz: 1609, Mhz Limit: 1605
Processor Information for processor 7
  Max Mhz: 2112, Current Mhz: 1408, Mhz Limit: 1605

Memory: 4k page, system-wide physical 3929M (83M free)
TotalPageFile size 16217M (AvailPageFile size 0M)
current process WorkingSet (physical memory assigned to process): 194M, peak: 244M
current process commit charge ("private bytes"): 678M, peak: 680M

vm_info: OpenJDK 64-Bit Server VM (17.0.12+1-b1207.37) for windows-amd64 JRE (17.0.12+1-b1207.37), built on 2024-09-25 by "builduser" with MS VC++ 16.10 / 16.11 (VS2019)

END.
