#
# There is insufficient memory for the Java Runtime Environment to continue.
# Native memory allocation (mmap) failed to map 158334976 bytes. Error detail: G1 virtual space
# Possible reasons:
#   The system is out of physical RAM or swap space
#   This process is running with CompressedOops enabled, and the Java Heap may be blocking the growth of the native heap
# Possible solutions:
#   Reduce memory load on the system
#   Increase physical memory or swap space
#   Check if swap backing store is full
#   Decrease Java heap size (-Xmx/-Xms)
#   Decrease number of Java threads
#   Decrease Java thread stack sizes (-Xss)
#   Set larger code cache with -XX:ReservedCodeCacheSize=
#   JVM is running with Unscaled Compressed Oops mode in which the Java heap is
#     placed in the first 4GB address space. The Java Heap base address is the
#     maximum limit for the native heap growth. Please use -XX:HeapBaseMinAddress
#     to set the Java Heap base and to place the Java Heap above 4GB virtual address.
# This output file may be truncated or incomplete.
#
#  Out of Memory Error (os_windows.cpp:3825), pid=1764, tid=17352
#
# JRE version: OpenJDK Runtime Environment JBR-17.0.12+1-1207.37-nomod (17.0.12+1) (build 17.0.12+1-b1207.37)
# Java VM: OpenJDK 64-Bit Server VM JBR-17.0.12+1-1207.37-nomod (17.0.12+1-b1207.37, mixed mode, sharing, tiered, compressed oops, compressed class ptrs, g1 gc, windows-amd64)
# No core dump will be written. Minidumps are not enabled by default on client versions of Windows
#

---------------  S U M M A R Y ------------

Command Line: --module-path=C:\Users\39\.m2\repository\org\openjfx\javafx-base\21.0.2\javafx-base-21.0.2-win.jar;C:\Users\39\.m2\repository\org\openjfx\javafx-base\21.0.2\javafx-base-21.0.2.jar;C:\Users\39\.m2\repository\org\openjfx\javafx-controls\21.0.2\javafx-controls-21.0.2-win.jar;C:\Users\39\.m2\repository\org\openjfx\javafx-controls\21.0.2\javafx-controls-21.0.2.jar;C:\Users\39\.m2\repository\org\openjfx\javafx-fxml\21.0.2\javafx-fxml-21.0.2-win.jar;C:\Users\39\.m2\repository\org\openjfx\javafx-fxml\21.0.2\javafx-fxml-21.0.2.jar;C:\Users\39\.m2\repository\org\openjfx\javafx-graphics\21.0.2\javafx-graphics-21.0.2-win.jar;C:\Users\39\.m2\repository\org\openjfx\javafx-graphics\21.0.2\javafx-graphics-21.0.2.jar;C:\Users\39\.m2\repository\org\openjfx\javafx-media\21.0.2\javafx-media-21.0.2-win.jar;C:\Users\39\.m2\repository\org\openjfx\javafx-media\21.0.2\javafx-media-21.0.2.jar;C:\Users\39\.m2\repository\org\openjfx\javafx-swing\21.0.2\javafx-swing-21.0.2-win.jar;C:\Users\39\.m2\repository\org\openjfx\javafx-swing\21.0.2\javafx-swing-21.0.2.jar;C:\Users\39\.m2\repository\org\openjfx\javafx-web\21.0.2\javafx-web-21.0.2-win.jar;C:\Users\39\.m2\repository\org\openjfx\javafx-web\21.0.2\javafx-web-21.0.2.jar --add-modules=javafx.base,javafx.controls,javafx.fxml,javafx.graphics,javafx.media,javafx.swing,javafx.web org.gymify.tests.MainApp

Host: Intel(R) Core(TM) i5-10210U CPU @ 1.60GHz, 8 cores, 3G,  Windows 10 , 64 bit Build 19041 (10.0.19041.5438)
Time: Thu Mar  6 23:52:17 2025 Paris, Madrid elapsed time: 85.415040 seconds (0d 0h 1m 25s)

---------------  T H R E A D  ---------------

Current thread (0x0000020149eceaa0):  VMThread "VM Thread" [stack: 0x000000b242700000,0x000000b242800000] [id=17352]

Stack: [0x000000b242700000,0x000000b242800000]
Native frames: (J=compiled Java code, j=interpreted, Vv=VM code, C=native code)
V  [jvm.dll+0x689d89]  os::platform_print_native_stack+0xd9  (os_windows_x86.cpp:235)
V  [jvm.dll+0x84386a]  VMError::report+0xc6a  (vmError.cpp:868)
V  [jvm.dll+0x8454ee]  VMError::report_and_die+0x78e  (vmError.cpp:1766)
V  [jvm.dll+0x845b53]  VMError::report_and_die+0x43  (vmError.cpp:1552)
V  [jvm.dll+0x24a56f]  report_vm_out_of_memory+0x8f  (debug.cpp:321)
V  [jvm.dll+0x686ad9]  os::pd_commit_memory_or_exit+0xc9  (os_windows.cpp:3833)
V  [jvm.dll+0x67b3da]  os::commit_memory_or_exit+0x2a  (os.cpp:1740)
V  [jvm.dll+0x30b15b]  G1PageBasedVirtualSpace::commit+0x19b  (g1PageBasedVirtualSpace.cpp:204)
V  [jvm.dll+0x312646]  G1RegionsLargerThanCommitSizeMapper::commit_regions+0x96  (g1RegionToSpaceMapper.cpp:100)
V  [jvm.dll+0x36288e]  HeapRegionManager::expand_any+0xee  (heapRegionManager.cpp:363)
V  [jvm.dll+0x362acf]  HeapRegionManager::expand_by+0x7f  (heapRegionManager.cpp:380)
V  [jvm.dll+0x2e125c]  G1CollectedHeap::expand+0xbc  (g1CollectedHeap.cpp:1292)
V  [jvm.dll+0x2e4306]  G1CollectedHeap::resize_heap_if_necessary+0x46  (g1CollectedHeap.cpp:1160)
V  [jvm.dll+0x2ee7ca]  G1ConcurrentMark::remark+0x7ba  (g1ConcurrentMark.cpp:1173)
V  [jvm.dll+0x323576]  VM_G1PauseConcurrent::doit+0x166  (g1VMOperations.cpp:179)
V  [jvm.dll+0x84a24d]  VM_Operation::evaluate+0xfd  (vmOperations.cpp:73)
V  [jvm.dll+0x84af92]  VMThread::evaluate_operation+0xd2  (vmThread.cpp:269)
V  [jvm.dll+0x84b4bf]  VMThread::inner_execute+0x1af  (vmThread.cpp:417)
V  [jvm.dll+0x84b8a4]  VMThread::loop+0x254  (vmThread.cpp:481)
V  [jvm.dll+0x84b970]  VMThread::run+0x70  (vmThread.cpp:167)
V  [jvm.dll+0x7f1cec]  Thread::call_run+0x8c  (thread.cpp:405)
V  [jvm.dll+0x688be7]  thread_native_entry+0x77  (os_windows.cpp:550)
C  [ucrtbase.dll+0x21bb2]
C  [KERNEL32.DLL+0x17374]
C  [ntdll.dll+0x4cc91]

VM_Operation (0x000000b2423ff640): G1PauseRemark, mode: safepoint, requested by thread 0x000002013062b330


---------------  P R O C E S S  ---------------

Threads class SMR info:
_java_thread_list=0x0000020199223790, length=24, elements={
0x00000201305e6050, 0x0000020149ed1e70, 0x0000020149ed2c00, 0x0000020149ee9b50,
0x0000020149eec530, 0x0000020149eece00, 0x0000020149eed6d0, 0x0000020149ef6390,
0x0000020149ef9d70, 0x0000020149efa680, 0x0000020149ebe320, 0x000002018b443ec0,
0x000002018b7a7670, 0x000002018b9d2590, 0x000002018b89a7f0, 0x000002018bbc96e0,
0x000002018bbc9bc0, 0x0000020195230870, 0x0000020195230d80, 0x00000201952317a0,
0x0000020195230360, 0x0000020195231cb0, 0x000002019522f940, 0x00000201952321c0
}

Java Threads: ( => current thread )
  0x00000201305e6050 JavaThread "main" [_thread_blocked, id=1432, stack(0x000000b242100000,0x000000b242200000)]
  0x0000020149ed1e70 JavaThread "Reference Handler" daemon [_thread_blocked, id=15968, stack(0x000000b242800000,0x000000b242900000)]
  0x0000020149ed2c00 JavaThread "Finalizer" daemon [_thread_blocked, id=3396, stack(0x000000b242900000,0x000000b242a00000)]
  0x0000020149ee9b50 JavaThread "Signal Dispatcher" daemon [_thread_blocked, id=11368, stack(0x000000b242a00000,0x000000b242b00000)]
  0x0000020149eec530 JavaThread "Attach Listener" daemon [_thread_blocked, id=16296, stack(0x000000b242b00000,0x000000b242c00000)]
  0x0000020149eece00 JavaThread "Service Thread" daemon [_thread_blocked, id=14772, stack(0x000000b242c00000,0x000000b242d00000)]
  0x0000020149eed6d0 JavaThread "Monitor Deflation Thread" daemon [_thread_blocked, id=9200, stack(0x000000b242d00000,0x000000b242e00000)]
  0x0000020149ef6390 JavaThread "C2 CompilerThread0" daemon [_thread_blocked, id=17304, stack(0x000000b242e00000,0x000000b242f00000)]
  0x0000020149ef9d70 JavaThread "C1 CompilerThread0" daemon [_thread_blocked, id=5776, stack(0x000000b242f00000,0x000000b243000000)]
  0x0000020149efa680 JavaThread "Sweeper thread" daemon [_thread_blocked, id=2768, stack(0x000000b243000000,0x000000b243100000)]
  0x0000020149ebe320 JavaThread "Common-Cleaner" daemon [_thread_blocked, id=15636, stack(0x000000b243100000,0x000000b243200000)]
  0x000002018b443ec0 JavaThread "Notification Thread" daemon [_thread_blocked, id=10136, stack(0x000000b243200000,0x000000b243300000)]
  0x000002018b7a7670 JavaThread "QuantumRenderer-0" daemon [_thread_blocked, id=11220, stack(0x000000b243400000,0x000000b243500000)]
  0x000002018b9d2590 JavaThread "InvokeLaterDispatcher" daemon [_thread_blocked, id=16240, stack(0x000000b243500000,0x000000b243600000)]
  0x000002018b89a7f0 JavaThread "JavaFX Application Thread" [_thread_blocked, id=10348, stack(0x000000b243600000,0x000000b243700000)]
  0x000002018bbc96e0 JavaThread "JavaFX-Launcher" [_thread_blocked, id=16572, stack(0x000000b243b00000,0x000000b243c00000)]
  0x000002018bbc9bc0 JavaThread "Thread-2" daemon [_thread_blocked, id=10744, stack(0x000000b243a00000,0x000000b243b00000)]
  0x0000020195230870 JavaThread "mysql-cj-abandoned-connection-cleanup" daemon [_thread_blocked, id=5604, stack(0x000000b244100000,0x000000b244200000)]
  0x0000020195230d80 JavaThread "Prism Font Disposer" daemon [_thread_blocked, id=2040, stack(0x000000b244400000,0x000000b244500000)]
  0x00000201952317a0 JavaThread "Java2D Disposer" daemon [_thread_blocked, id=4916, stack(0x000000b244500000,0x000000b244600000)]
  0x0000020195230360 JavaThread "AWT-Windows" daemon [_thread_in_native, id=1248, stack(0x000000b244700000,0x000000b244800000)]
  0x0000020195231cb0 JavaThread "Cleaner-0" daemon [_thread_blocked, id=12052, stack(0x000000b244c00000,0x000000b244d00000)]
  0x000002019522f940 JavaThread "Thread-3" [_thread_blocked, id=9992, stack(0x000000b244d00000,0x000000b244e00000)]
  0x00000201952321c0 JavaThread "Thread-4" [_thread_blocked, id=16784, stack(0x000000b244e00000,0x000000b244f00000)]

Other Threads:
=>0x0000020149eceaa0 VMThread "VM Thread" [stack: 0x000000b242700000,0x000000b242800000] [id=17352]
  0x00000201305e6f20 WatcherThread [stack: 0x000000b243300000,0x000000b243400000] [id=13984]
  0x00000201306229d0 GCTaskThread "GC Thread#0" [stack: 0x000000b242200000,0x000000b242300000] [id=8836]
  0x000002018bc32a40 GCTaskThread "GC Thread#1" [stack: 0x000000b243c00000,0x000000b243d00000] [id=13176]
  0x000002018bb7f270 GCTaskThread "GC Thread#2" [stack: 0x000000b243d00000,0x000000b243e00000] [id=16260]
  0x000002018bb8e610 GCTaskThread "GC Thread#3" [stack: 0x000000b243e00000,0x000000b243f00000] [id=12640]
  0x000002018bbac7a0 GCTaskThread "GC Thread#4" [stack: 0x000000b243f00000,0x000000b244000000] [id=3720]
  0x000002018bbe80c0 GCTaskThread "GC Thread#5" [stack: 0x000000b244000000,0x000000b244100000] [id=5712]
  0x00000201959f5440 GCTaskThread "GC Thread#6" [stack: 0x000000b244200000,0x000000b244300000] [id=16576]
  0x00000201957f1dd0 GCTaskThread "GC Thread#7" [stack: 0x000000b244300000,0x000000b244400000] [id=11828]
  0x000002013062b330 ConcurrentGCThread "G1 Main Marker" [stack: 0x000000b242300000,0x000000b242400000] [id=6224]
  0x000002013062bc60 ConcurrentGCThread "G1 Conc#0" [stack: 0x000000b242400000,0x000000b242500000] [id=9128]
  0x0000020195ba2690 ConcurrentGCThread "G1 Conc#1" [stack: 0x000000b244b00000,0x000000b244c00000] [id=11780]
  0x00000201306804d0 ConcurrentGCThread "G1 Refine#0" [stack: 0x000000b242500000,0x000000b242600000] [id=12132]
  0x0000020130680e10 ConcurrentGCThread "G1 Service" [stack: 0x000000b242600000,0x000000b242700000] [id=15856]

Threads with active compile tasks:

VM state: at safepoint (normal execution)

VM Mutex/Monitor currently owned by a thread:  ([mutex/lock_event])
[0x00000201305e2750] Threads_lock - owner thread: 0x0000020149eceaa0
[0x00000201305e1d30] Heap_lock - owner thread: 0x000002013062b330

Heap address: 0x00000000c2800000, size: 984 MB, Compressed Oops mode: 32-bit

CDS archive(s) mapped at: [0x000002014a000000-0x000002014ac00000-0x000002014ac00000), size 12582912, SharedBaseAddress: 0x000002014a000000, ArchiveRelocationMode: 1.
Compressed class space mapped at: 0x000002014b000000-0x000002018b000000, reserved size: 1073741824
Narrow klass base: 0x000002014a000000, Narrow klass shift: 0, Narrow klass range: 0x100000000

GC Precious Log:
 CPUs: 8 total, 8 available
 Memory: 3929M
 Large Page Support: Disabled
 NUMA Support: Disabled
 Compressed Oops: Enabled (32-bit)
 Heap Region Size: 1M
 Heap Min Capacity: 8M
 Heap Initial Capacity: 62M
 Heap Max Capacity: 984M
 Pre-touch: Disabled
 Parallel Workers: 8
 Concurrent Workers: 2
 Concurrent Refinement Workers: 8
 Periodic GC: Disabled

Heap:
 garbage-first heap   total 236544K, used 232221K [0x00000000c2800000, 0x0000000100000000)
  region size 1024K, 2 young (2048K), 1 survivors (1024K)
 Metaspace       used 28193K, committed 28416K, reserved 1114112K
  class space    used 3924K, committed 4032K, reserved 1048576K

Heap Regions: E=young(eden), S=young(survivor), O=old, HS=humongous(starts), HC=humongous(continues), CS=collection set, F=free, OA=open archive, CA=closed archive, TAMS=top-at-mark-start (previous, next)
|   0|0x00000000c2800000, 0x00000000c2900000, 0x00000000c2900000|100%| O|  |TAMS 0x00000000c2900000, 0x00000000c2800000| Untracked 
|   1|0x00000000c2900000, 0x00000000c2a00000, 0x00000000c2a00000|100%| O|  |TAMS 0x00000000c2a00000, 0x00000000c2900000| Untracked 
|   2|0x00000000c2a00000, 0x00000000c2b00000, 0x00000000c2b00000|100%| O|  |TAMS 0x00000000c2b00000, 0x00000000c2a00000| Untracked 
|   3|0x00000000c2b00000, 0x00000000c2c00000, 0x00000000c2c00000|100%| O|  |TAMS 0x00000000c2c00000, 0x00000000c2b00000| Untracked 
|   4|0x00000000c2c00000, 0x00000000c2d00000, 0x00000000c2d00000|100%| O|  |TAMS 0x00000000c2d00000, 0x00000000c2c00000| Untracked 
|   5|0x00000000c2d00000, 0x00000000c2d00000, 0x00000000c2e00000|  0%| F|  |TAMS 0x00000000c2d00000, 0x00000000c2d00000| Untracked 
|   6|0x00000000c2e00000, 0x00000000c2f00000, 0x00000000c2f00000|100%| O|  |TAMS 0x00000000c2f00000, 0x00000000c2e00000| Untracked 
|   7|0x00000000c2f00000, 0x00000000c3000000, 0x00000000c3000000|100%| O|  |TAMS 0x00000000c3000000, 0x00000000c2f00000| Untracked 
|   8|0x00000000c3000000, 0x00000000c3100000, 0x00000000c3100000|100%| O|  |TAMS 0x00000000c3100000, 0x00000000c3000000| Untracked 
|   9|0x00000000c3100000, 0x00000000c3200000, 0x00000000c3200000|100%| O|  |TAMS 0x00000000c3200000, 0x00000000c3100000| Untracked 
|  10|0x00000000c3200000, 0x00000000c3300000, 0x00000000c3300000|100%|HS|  |TAMS 0x00000000c3300000, 0x00000000c3200000| Complete 
|  11|0x00000000c3300000, 0x00000000c3400000, 0x00000000c3400000|100%|HC|  |TAMS 0x00000000c3400000, 0x00000000c3300000| Complete 
|  12|0x00000000c3400000, 0x00000000c3500000, 0x00000000c3500000|100%|HS|  |TAMS 0x00000000c3500000, 0x00000000c3400000| Complete 
|  13|0x00000000c3500000, 0x00000000c3600000, 0x00000000c3600000|100%|HC|  |TAMS 0x00000000c3600000, 0x00000000c3500000| Complete 
|  14|0x00000000c3600000, 0x00000000c3700000, 0x00000000c3700000|100%|HS|  |TAMS 0x00000000c3700000, 0x00000000c3600000| Complete 
|  15|0x00000000c3700000, 0x00000000c3800000, 0x00000000c3800000|100%|HC|  |TAMS 0x00000000c3800000, 0x00000000c3700000| Complete 
|  16|0x00000000c3800000, 0x00000000c3900000, 0x00000000c3900000|100%| O|  |TAMS 0x00000000c3900000, 0x00000000c3800000| Untracked 
|  17|0x00000000c3900000, 0x00000000c3a00000, 0x00000000c3a00000|100%| O|  |TAMS 0x00000000c3a00000, 0x00000000c3900000| Untracked 
|  18|0x00000000c3a00000, 0x00000000c3b00000, 0x00000000c3b00000|100%|HS|  |TAMS 0x00000000c3b00000, 0x00000000c3a00000| Complete 
|  19|0x00000000c3b00000, 0x00000000c3c00000, 0x00000000c3c00000|100%|HC|  |TAMS 0x00000000c3c00000, 0x00000000c3b00000| Complete 
|  20|0x00000000c3c00000, 0x00000000c3d00000, 0x00000000c3d00000|100%|HS|  |TAMS 0x00000000c3d00000, 0x00000000c3c00000| Complete 
|  21|0x00000000c3d00000, 0x00000000c3e00000, 0x00000000c3e00000|100%|HC|  |TAMS 0x00000000c3e00000, 0x00000000c3d00000| Complete 
|  22|0x00000000c3e00000, 0x00000000c3f00000, 0x00000000c3f00000|100%|HS|  |TAMS 0x00000000c3f00000, 0x00000000c3e00000| Complete 
|  23|0x00000000c3f00000, 0x00000000c4000000, 0x00000000c4000000|100%|HC|  |TAMS 0x00000000c4000000, 0x00000000c3f00000| Complete 
|  24|0x00000000c4000000, 0x00000000c4100000, 0x00000000c4100000|100%|HS|  |TAMS 0x00000000c4100000, 0x00000000c4000000| Complete 
|  25|0x00000000c4100000, 0x00000000c4200000, 0x00000000c4200000|100%|HC|  |TAMS 0x00000000c4200000, 0x00000000c4100000| Complete 
|  26|0x00000000c4200000, 0x00000000c4300000, 0x00000000c4300000|100%|HS|  |TAMS 0x00000000c4300000, 0x00000000c4200000| Complete 
|  27|0x00000000c4300000, 0x00000000c4400000, 0x00000000c4400000|100%|HC|  |TAMS 0x00000000c4400000, 0x00000000c4300000| Complete 
|  28|0x00000000c4400000, 0x00000000c4500000, 0x00000000c4500000|100%|HS|  |TAMS 0x00000000c4500000, 0x00000000c4400000| Complete 
|  29|0x00000000c4500000, 0x00000000c4600000, 0x00000000c4600000|100%|HC|  |TAMS 0x00000000c4600000, 0x00000000c4500000| Complete 
|  30|0x00000000c4600000, 0x00000000c4700000, 0x00000000c4700000|100%|HS|  |TAMS 0x00000000c4700000, 0x00000000c4600000| Complete 
|  31|0x00000000c4700000, 0x00000000c4800000, 0x00000000c4800000|100%|HC|  |TAMS 0x00000000c4800000, 0x00000000c4700000| Complete 
|  32|0x00000000c4800000, 0x00000000c4900000, 0x00000000c4900000|100%|HS|  |TAMS 0x00000000c4900000, 0x00000000c4800000| Complete 
|  33|0x00000000c4900000, 0x00000000c4a00000, 0x00000000c4a00000|100%|HC|  |TAMS 0x00000000c4a00000, 0x00000000c4900000| Complete 
|  34|0x00000000c4a00000, 0x00000000c4b00000, 0x00000000c4b00000|100%|HS|  |TAMS 0x00000000c4b00000, 0x00000000c4a00000| Complete 
|  35|0x00000000c4b00000, 0x00000000c4c00000, 0x00000000c4c00000|100%|HC|  |TAMS 0x00000000c4c00000, 0x00000000c4b00000| Complete 
|  36|0x00000000c4c00000, 0x00000000c4d00000, 0x00000000c4d00000|100%|HS|  |TAMS 0x00000000c4d00000, 0x00000000c4c00000| Complete 
|  37|0x00000000c4d00000, 0x00000000c4e00000, 0x00000000c4e00000|100%|HC|  |TAMS 0x00000000c4e00000, 0x00000000c4d00000| Complete 
|  38|0x00000000c4e00000, 0x00000000c4f00000, 0x00000000c4f00000|100%|HS|  |TAMS 0x00000000c4f00000, 0x00000000c4e00000| Complete 
|  39|0x00000000c4f00000, 0x00000000c5000000, 0x00000000c5000000|100%|HC|  |TAMS 0x00000000c5000000, 0x00000000c4f00000| Complete 
|  40|0x00000000c5000000, 0x00000000c5100000, 0x00000000c5100000|100%| O|  |TAMS 0x00000000c5100000, 0x00000000c5000000| Updating 
|  41|0x00000000c5100000, 0x00000000c5200000, 0x00000000c5200000|100%| O|  |TAMS 0x00000000c5200000, 0x00000000c5100000| Untracked 
|  42|0x00000000c5200000, 0x00000000c5200000, 0x00000000c5300000|  0%| F|  |TAMS 0x00000000c5200000, 0x00000000c5200000| Untracked 
|  43|0x00000000c5300000, 0x00000000c5400000, 0x00000000c5400000|100%|HS|  |TAMS 0x00000000c5400000, 0x00000000c5300000| Complete 
|  44|0x00000000c5400000, 0x00000000c5500000, 0x00000000c5500000|100%|HC|  |TAMS 0x00000000c5500000, 0x00000000c5400000| Complete 
|  45|0x00000000c5500000, 0x00000000c5600000, 0x00000000c5600000|100%|HS|  |TAMS 0x00000000c5600000, 0x00000000c5500000| Complete 
|  46|0x00000000c5600000, 0x00000000c5700000, 0x00000000c5700000|100%|HC|  |TAMS 0x00000000c5700000, 0x00000000c5600000| Complete 
|  47|0x00000000c5700000, 0x00000000c5800000, 0x00000000c5800000|100%|HS|  |TAMS 0x00000000c5800000, 0x00000000c5700000| Complete 
|  48|0x00000000c5800000, 0x00000000c5900000, 0x00000000c5900000|100%|HC|  |TAMS 0x00000000c5900000, 0x00000000c5800000| Complete 
|  49|0x00000000c5900000, 0x00000000c5a00000, 0x00000000c5a00000|100%|HS|  |TAMS 0x00000000c5a00000, 0x00000000c5900000| Complete 
|  50|0x00000000c5a00000, 0x00000000c5b00000, 0x00000000c5b00000|100%|HC|  |TAMS 0x00000000c5b00000, 0x00000000c5a00000| Complete 
|  51|0x00000000c5b00000, 0x00000000c5c00000, 0x00000000c5c00000|100%|HS|  |TAMS 0x00000000c5c00000, 0x00000000c5b00000| Complete 
|  52|0x00000000c5c00000, 0x00000000c5d00000, 0x00000000c5d00000|100%|HC|  |TAMS 0x00000000c5d00000, 0x00000000c5c00000| Complete 
|  53|0x00000000c5d00000, 0x00000000c5e00000, 0x00000000c5e00000|100%|HS|  |TAMS 0x00000000c5e00000, 0x00000000c5d00000| Complete 
|  54|0x00000000c5e00000, 0x00000000c5f00000, 0x00000000c5f00000|100%|HC|  |TAMS 0x00000000c5f00000, 0x00000000c5e00000| Complete 
|  55|0x00000000c5f00000, 0x00000000c6000000, 0x00000000c6000000|100%| O|  |TAMS 0x00000000c6000000, 0x00000000c5f00000| Untracked 
|  56|0x00000000c6000000, 0x00000000c6100000, 0x00000000c6100000|100%|HS|  |TAMS 0x00000000c6100000, 0x00000000c6000000| Complete 
|  57|0x00000000c6100000, 0x00000000c6200000, 0x00000000c6200000|100%|HC|  |TAMS 0x00000000c6200000, 0x00000000c6100000| Complete 
|  58|0x00000000c6200000, 0x00000000c6300000, 0x00000000c6300000|100%|HS|  |TAMS 0x00000000c6300000, 0x00000000c6200000| Complete 
|  59|0x00000000c6300000, 0x00000000c6400000, 0x00000000c6400000|100%|HC|  |TAMS 0x00000000c6400000, 0x00000000c6300000| Complete 
|  60|0x00000000c6400000, 0x00000000c6500000, 0x00000000c6500000|100%|HS|  |TAMS 0x00000000c6500000, 0x00000000c6400000| Complete 
|  61|0x00000000c6500000, 0x00000000c6600000, 0x00000000c6600000|100%|HC|  |TAMS 0x00000000c6600000, 0x00000000c6500000| Complete 
|  62|0x00000000c6600000, 0x00000000c6700000, 0x00000000c6700000|100%|HS|  |TAMS 0x00000000c6700000, 0x00000000c6600000| Complete 
|  63|0x00000000c6700000, 0x00000000c6800000, 0x00000000c6800000|100%|HC|  |TAMS 0x00000000c6800000, 0x00000000c6700000| Complete 
|  64|0x00000000c6800000, 0x00000000c6900000, 0x00000000c6900000|100%|HC|  |TAMS 0x00000000c6900000, 0x00000000c6800000| Complete 
|  65|0x00000000c6900000, 0x00000000c6a00000, 0x00000000c6a00000|100%|HC|  |TAMS 0x00000000c6a00000, 0x00000000c6900000| Complete 
|  66|0x00000000c6a00000, 0x00000000c6b00000, 0x00000000c6b00000|100%|HC|  |TAMS 0x00000000c6b00000, 0x00000000c6a00000| Complete 
|  67|0x00000000c6b00000, 0x00000000c6c00000, 0x00000000c6c00000|100%|HC|  |TAMS 0x00000000c6c00000, 0x00000000c6b00000| Complete 
|  68|0x00000000c6c00000, 0x00000000c6d00000, 0x00000000c6d00000|100%|HC|  |TAMS 0x00000000c6d00000, 0x00000000c6c00000| Complete 
|  69|0x00000000c6d00000, 0x00000000c6e00000, 0x00000000c6e00000|100%|HC|  |TAMS 0x00000000c6e00000, 0x00000000c6d00000| Complete 
|  70|0x00000000c6e00000, 0x00000000c6f00000, 0x00000000c6f00000|100%|HC|  |TAMS 0x00000000c6f00000, 0x00000000c6e00000| Complete 
|  71|0x00000000c6f00000, 0x00000000c7000000, 0x00000000c7000000|100%|HC|  |TAMS 0x00000000c7000000, 0x00000000c6f00000| Complete 
|  72|0x00000000c7000000, 0x00000000c7100000, 0x00000000c7100000|100%|HC|  |TAMS 0x00000000c7100000, 0x00000000c7000000| Complete 
|  73|0x00000000c7100000, 0x00000000c7200000, 0x00000000c7200000|100%|HC|  |TAMS 0x00000000c7200000, 0x00000000c7100000| Complete 
|  74|0x00000000c7200000, 0x00000000c7300000, 0x00000000c7300000|100%|HC|  |TAMS 0x00000000c7300000, 0x00000000c7200000| Complete 
|  75|0x00000000c7300000, 0x00000000c7400000, 0x00000000c7400000|100%|HC|  |TAMS 0x00000000c7400000, 0x00000000c7300000| Complete 
|  76|0x00000000c7400000, 0x00000000c7500000, 0x00000000c7500000|100%|HC|  |TAMS 0x00000000c7500000, 0x00000000c7400000| Complete 
|  77|0x00000000c7500000, 0x00000000c7600000, 0x00000000c7600000|100%|HC|  |TAMS 0x00000000c7600000, 0x00000000c7500000| Complete 
|  78|0x00000000c7600000, 0x00000000c7700000, 0x00000000c7700000|100%|HC|  |TAMS 0x00000000c7700000, 0x00000000c7600000| Complete 
|  79|0x00000000c7700000, 0x00000000c7800000, 0x00000000c7800000|100%|HC|  |TAMS 0x00000000c7800000, 0x00000000c7700000| Complete 
|  80|0x00000000c7800000, 0x00000000c7900000, 0x00000000c7900000|100%|HC|  |TAMS 0x00000000c7900000, 0x00000000c7800000| Complete 
|  81|0x00000000c7900000, 0x00000000c7a00000, 0x00000000c7a00000|100%|HC|  |TAMS 0x00000000c7a00000, 0x00000000c7900000| Complete 
|  82|0x00000000c7a00000, 0x00000000c7b00000, 0x00000000c7b00000|100%|HC|  |TAMS 0x00000000c7b00000, 0x00000000c7a00000| Complete 
|  83|0x00000000c7b00000, 0x00000000c7c00000, 0x00000000c7c00000|100%|HC|  |TAMS 0x00000000c7c00000, 0x00000000c7b00000| Complete 
|  84|0x00000000c7c00000, 0x00000000c7d00000, 0x00000000c7d00000|100%|HC|  |TAMS 0x00000000c7d00000, 0x00000000c7c00000| Complete 
|  85|0x00000000c7d00000, 0x00000000c7e00000, 0x00000000c7e00000|100%|HC|  |TAMS 0x00000000c7e00000, 0x00000000c7d00000| Complete 
|  86|0x00000000c7e00000, 0x00000000c7f00000, 0x00000000c7f00000|100%|HC|  |TAMS 0x00000000c7f00000, 0x00000000c7e00000| Complete 
|  87|0x00000000c7f00000, 0x00000000c8000000, 0x00000000c8000000|100%|HC|  |TAMS 0x00000000c8000000, 0x00000000c7f00000| Complete 
|  88|0x00000000c8000000, 0x00000000c8100000, 0x00000000c8100000|100%|HC|  |TAMS 0x00000000c8100000, 0x00000000c8000000| Complete 
|  89|0x00000000c8100000, 0x00000000c8200000, 0x00000000c8200000|100%|HC|  |TAMS 0x00000000c8200000, 0x00000000c8100000| Complete 
|  90|0x00000000c8200000, 0x00000000c8300000, 0x00000000c8300000|100%|HC|  |TAMS 0x00000000c8300000, 0x00000000c8200000| Complete 
|  91|0x00000000c8300000, 0x00000000c8400000, 0x00000000c8400000|100%|HC|  |TAMS 0x00000000c8400000, 0x00000000c8300000| Complete 
|  92|0x00000000c8400000, 0x00000000c8500000, 0x00000000c8500000|100%|HC|  |TAMS 0x00000000c8500000, 0x00000000c8400000| Complete 
|  93|0x00000000c8500000, 0x00000000c8600000, 0x00000000c8600000|100%|HC|  |TAMS 0x00000000c8600000, 0x00000000c8500000| Complete 
|  94|0x00000000c8600000, 0x00000000c8700000, 0x00000000c8700000|100%|HC|  |TAMS 0x00000000c8700000, 0x00000000c8600000| Complete 
|  95|0x00000000c8700000, 0x00000000c8800000, 0x00000000c8800000|100%|HC|  |TAMS 0x00000000c8800000, 0x00000000c8700000| Complete 
|  96|0x00000000c8800000, 0x00000000c8900000, 0x00000000c8900000|100%|HC|  |TAMS 0x00000000c8900000, 0x00000000c8800000| Complete 
|  97|0x00000000c8900000, 0x00000000c8a00000, 0x00000000c8a00000|100%|HC|  |TAMS 0x00000000c8a00000, 0x00000000c8900000| Complete 
|  98|0x00000000c8a00000, 0x00000000c8b00000, 0x00000000c8b00000|100%|HC|  |TAMS 0x00000000c8b00000, 0x00000000c8a00000| Complete 
|  99|0x00000000c8b00000, 0x00000000c8c00000, 0x00000000c8c00000|100%|HC|  |TAMS 0x00000000c8c00000, 0x00000000c8b00000| Complete 
| 100|0x00000000c8c00000, 0x00000000c8d00000, 0x00000000c8d00000|100%|HC|  |TAMS 0x00000000c8d00000, 0x00000000c8c00000| Complete 
| 101|0x00000000c8d00000, 0x00000000c8e00000, 0x00000000c8e00000|100%|HC|  |TAMS 0x00000000c8e00000, 0x00000000c8d00000| Complete 
| 102|0x00000000c8e00000, 0x00000000c8f00000, 0x00000000c8f00000|100%|HC|  |TAMS 0x00000000c8f00000, 0x00000000c8e00000| Complete 
| 103|0x00000000c8f00000, 0x00000000c9000000, 0x00000000c9000000|100%|HC|  |TAMS 0x00000000c9000000, 0x00000000c8f00000| Complete 
| 104|0x00000000c9000000, 0x00000000c9100000, 0x00000000c9100000|100%|HC|  |TAMS 0x00000000c9100000, 0x00000000c9000000| Complete 
| 105|0x00000000c9100000, 0x00000000c9200000, 0x00000000c9200000|100%|HC|  |TAMS 0x00000000c9200000, 0x00000000c9100000| Complete 
| 106|0x00000000c9200000, 0x00000000c9300000, 0x00000000c9300000|100%|HC|  |TAMS 0x00000000c9300000, 0x00000000c9200000| Complete 
| 107|0x00000000c9300000, 0x00000000c9400000, 0x00000000c9400000|100%|HC|  |TAMS 0x00000000c9400000, 0x00000000c9300000| Complete 
| 108|0x00000000c9400000, 0x00000000c9500000, 0x00000000c9500000|100%|HC|  |TAMS 0x00000000c9500000, 0x00000000c9400000| Complete 
| 109|0x00000000c9500000, 0x00000000c9600000, 0x00000000c9600000|100%|HC|  |TAMS 0x00000000c9600000, 0x00000000c9500000| Complete 
| 110|0x00000000c9600000, 0x00000000c9700000, 0x00000000c9700000|100%|HC|  |TAMS 0x00000000c9700000, 0x00000000c9600000| Complete 
| 111|0x00000000c9700000, 0x00000000c9800000, 0x00000000c9800000|100%|HC|  |TAMS 0x00000000c9800000, 0x00000000c9700000| Complete 
| 112|0x00000000c9800000, 0x00000000c9900000, 0x00000000c9900000|100%|HC|  |TAMS 0x00000000c9900000, 0x00000000c9800000| Complete 
| 113|0x00000000c9900000, 0x00000000c9a00000, 0x00000000c9a00000|100%|HC|  |TAMS 0x00000000c9a00000, 0x00000000c9900000| Complete 
| 114|0x00000000c9a00000, 0x00000000c9b00000, 0x00000000c9b00000|100%|HC|  |TAMS 0x00000000c9b00000, 0x00000000c9a00000| Complete 
| 115|0x00000000c9b00000, 0x00000000c9c00000, 0x00000000c9c00000|100%|HC|  |TAMS 0x00000000c9c00000, 0x00000000c9b00000| Complete 
| 116|0x00000000c9c00000, 0x00000000c9d00000, 0x00000000c9d00000|100%|HC|  |TAMS 0x00000000c9d00000, 0x00000000c9c00000| Complete 
| 117|0x00000000c9d00000, 0x00000000c9e00000, 0x00000000c9e00000|100%|HC|  |TAMS 0x00000000c9e00000, 0x00000000c9d00000| Complete 
| 118|0x00000000c9e00000, 0x00000000c9f00000, 0x00000000c9f00000|100%|HS|  |TAMS 0x00000000c9f00000, 0x00000000c9e00000| Complete 
| 119|0x00000000c9f00000, 0x00000000ca000000, 0x00000000ca000000|100%|HC|  |TAMS 0x00000000ca000000, 0x00000000c9f00000| Complete 
| 120|0x00000000ca000000, 0x00000000ca100000, 0x00000000ca100000|100%|HS|  |TAMS 0x00000000ca100000, 0x00000000ca000000| Complete 
| 121|0x00000000ca100000, 0x00000000ca200000, 0x00000000ca200000|100%|HC|  |TAMS 0x00000000ca200000, 0x00000000ca100000| Complete 
| 122|0x00000000ca200000, 0x00000000ca300000, 0x00000000ca300000|100%|HS|  |TAMS 0x00000000ca300000, 0x00000000ca200000| Complete 
| 123|0x00000000ca300000, 0x00000000ca400000, 0x00000000ca400000|100%|HC|  |TAMS 0x00000000ca400000, 0x00000000ca300000| Complete 
| 124|0x00000000ca400000, 0x00000000ca500000, 0x00000000ca500000|100%|HS|  |TAMS 0x00000000ca500000, 0x00000000ca400000| Complete 
| 125|0x00000000ca500000, 0x00000000ca600000, 0x00000000ca600000|100%|HC|  |TAMS 0x00000000ca600000, 0x00000000ca500000| Complete 
| 126|0x00000000ca600000, 0x00000000ca700000, 0x00000000ca700000|100%|HS|  |TAMS 0x00000000ca700000, 0x00000000ca600000| Complete 
| 127|0x00000000ca700000, 0x00000000ca800000, 0x00000000ca800000|100%|HC|  |TAMS 0x00000000ca800000, 0x00000000ca700000| Complete 
| 128|0x00000000ca800000, 0x00000000ca900000, 0x00000000ca900000|100%|HS|  |TAMS 0x00000000ca900000, 0x00000000ca800000| Complete 
| 129|0x00000000ca900000, 0x00000000caa00000, 0x00000000caa00000|100%|HC|  |TAMS 0x00000000caa00000, 0x00000000ca900000| Complete 
| 130|0x00000000caa00000, 0x00000000cab00000, 0x00000000cab00000|100%|HS|  |TAMS 0x00000000cab00000, 0x00000000caa00000| Complete 
| 131|0x00000000cab00000, 0x00000000cac00000, 0x00000000cac00000|100%|HC|  |TAMS 0x00000000cac00000, 0x00000000cab00000| Complete 
| 132|0x00000000cac00000, 0x00000000cad00000, 0x00000000cad00000|100%|HS|  |TAMS 0x00000000cad00000, 0x00000000cac00000| Complete 
| 133|0x00000000cad00000, 0x00000000cae00000, 0x00000000cae00000|100%|HC|  |TAMS 0x00000000cae00000, 0x00000000cad00000| Complete 
| 134|0x00000000cae00000, 0x00000000caf00000, 0x00000000caf00000|100%|HS|  |TAMS 0x00000000caf00000, 0x00000000cae00000| Complete 
| 135|0x00000000caf00000, 0x00000000cb000000, 0x00000000cb000000|100%|HC|  |TAMS 0x00000000cb000000, 0x00000000caf00000| Complete 
| 136|0x00000000cb000000, 0x00000000cb100000, 0x00000000cb100000|100%|HS|  |TAMS 0x00000000cb100000, 0x00000000cb000000| Complete 
| 137|0x00000000cb100000, 0x00000000cb200000, 0x00000000cb200000|100%|HC|  |TAMS 0x00000000cb200000, 0x00000000cb100000| Complete 
| 138|0x00000000cb200000, 0x00000000cb300000, 0x00000000cb300000|100%|HS|  |TAMS 0x00000000cb300000, 0x00000000cb200000| Complete 
| 139|0x00000000cb300000, 0x00000000cb400000, 0x00000000cb400000|100%|HC|  |TAMS 0x00000000cb400000, 0x00000000cb300000| Complete 
| 140|0x00000000cb400000, 0x00000000cb500000, 0x00000000cb500000|100%|HS|  |TAMS 0x00000000cb500000, 0x00000000cb400000| Complete 
| 141|0x00000000cb500000, 0x00000000cb600000, 0x00000000cb600000|100%|HC|  |TAMS 0x00000000cb600000, 0x00000000cb500000| Complete 
| 142|0x00000000cb600000, 0x00000000cb700000, 0x00000000cb700000|100%|HS|  |TAMS 0x00000000cb700000, 0x00000000cb600000| Complete 
| 143|0x00000000cb700000, 0x00000000cb800000, 0x00000000cb800000|100%|HC|  |TAMS 0x00000000cb800000, 0x00000000cb700000| Complete 
| 144|0x00000000cb800000, 0x00000000cb900000, 0x00000000cb900000|100%|HS|  |TAMS 0x00000000cb900000, 0x00000000cb800000| Complete 
| 145|0x00000000cb900000, 0x00000000cba00000, 0x00000000cba00000|100%|HC|  |TAMS 0x00000000cba00000, 0x00000000cb900000| Complete 
| 146|0x00000000cba00000, 0x00000000cbb00000, 0x00000000cbb00000|100%|HS|  |TAMS 0x00000000cbb00000, 0x00000000cba00000| Complete 
| 147|0x00000000cbb00000, 0x00000000cbc00000, 0x00000000cbc00000|100%|HC|  |TAMS 0x00000000cbc00000, 0x00000000cbb00000| Complete 
| 148|0x00000000cbc00000, 0x00000000cbd00000, 0x00000000cbd00000|100%|HS|  |TAMS 0x00000000cbd00000, 0x00000000cbc00000| Complete 
| 149|0x00000000cbd00000, 0x00000000cbe00000, 0x00000000cbe00000|100%|HC|  |TAMS 0x00000000cbe00000, 0x00000000cbd00000| Complete 
| 150|0x00000000cbe00000, 0x00000000cbf00000, 0x00000000cbf00000|100%|HS|  |TAMS 0x00000000cbf00000, 0x00000000cbe00000| Complete 
| 151|0x00000000cbf00000, 0x00000000cc000000, 0x00000000cc000000|100%|HC|  |TAMS 0x00000000cc000000, 0x00000000cbf00000| Complete 
| 152|0x00000000cc000000, 0x00000000cc100000, 0x00000000cc100000|100%|HS|  |TAMS 0x00000000cc100000, 0x00000000cc000000| Complete 
| 153|0x00000000cc100000, 0x00000000cc200000, 0x00000000cc200000|100%|HC|  |TAMS 0x00000000cc200000, 0x00000000cc100000| Complete 
| 154|0x00000000cc200000, 0x00000000cc300000, 0x00000000cc300000|100%|HS|  |TAMS 0x00000000cc300000, 0x00000000cc200000| Complete 
| 155|0x00000000cc300000, 0x00000000cc400000, 0x00000000cc400000|100%|HC|  |TAMS 0x00000000cc400000, 0x00000000cc300000| Complete 
| 156|0x00000000cc400000, 0x00000000cc500000, 0x00000000cc500000|100%| O|  |TAMS 0x00000000cc500000, 0x00000000cc400000| Untracked 
| 157|0x00000000cc500000, 0x00000000cc600000, 0x00000000cc600000|100%| O|  |TAMS 0x00000000cc600000, 0x00000000cc500000| Untracked 
| 158|0x00000000cc600000, 0x00000000cc700000, 0x00000000cc700000|100%| O|  |TAMS 0x00000000cc700000, 0x00000000cc600000| Untracked 
| 159|0x00000000cc700000, 0x00000000cc800000, 0x00000000cc800000|100%| O|  |TAMS 0x00000000cc800000, 0x00000000cc700000| Untracked 
| 160|0x00000000cc800000, 0x00000000cc900000, 0x00000000cc900000|100%| O|  |TAMS 0x00000000cc900000, 0x00000000cc800000| Updating 
| 161|0x00000000cc900000, 0x00000000cca00000, 0x00000000cca00000|100%|HS|  |TAMS 0x00000000cca00000, 0x00000000cc900000| Complete 
| 162|0x00000000cca00000, 0x00000000ccb00000, 0x00000000ccb00000|100%|HC|  |TAMS 0x00000000ccb00000, 0x00000000cca00000| Complete 
| 163|0x00000000ccb00000, 0x00000000ccc00000, 0x00000000ccc00000|100%|HC|  |TAMS 0x00000000ccc00000, 0x00000000ccb00000| Complete 
| 164|0x00000000ccc00000, 0x00000000ccd00000, 0x00000000ccd00000|100%|HC|  |TAMS 0x00000000ccd00000, 0x00000000ccc00000| Complete 
| 165|0x00000000ccd00000, 0x00000000cce00000, 0x00000000cce00000|100%|HC|  |TAMS 0x00000000cce00000, 0x00000000ccd00000| Complete 
| 166|0x00000000cce00000, 0x00000000ccf00000, 0x00000000ccf00000|100%|HC|  |TAMS 0x00000000ccf00000, 0x00000000cce00000| Complete 
| 167|0x00000000ccf00000, 0x00000000cd000000, 0x00000000cd000000|100%|HC|  |TAMS 0x00000000cd000000, 0x00000000ccf00000| Complete 
| 168|0x00000000cd000000, 0x00000000cd100000, 0x00000000cd100000|100%|HC|  |TAMS 0x00000000cd100000, 0x00000000cd000000| Complete 
| 169|0x00000000cd100000, 0x00000000cd200000, 0x00000000cd200000|100%|HC|  |TAMS 0x00000000cd200000, 0x00000000cd100000| Complete 
| 170|0x00000000cd200000, 0x00000000cd300000, 0x00000000cd300000|100%|HC|  |TAMS 0x00000000cd300000, 0x00000000cd200000| Complete 
| 171|0x00000000cd300000, 0x00000000cd400000, 0x00000000cd400000|100%|HC|  |TAMS 0x00000000cd400000, 0x00000000cd300000| Complete 
| 172|0x00000000cd400000, 0x00000000cd500000, 0x00000000cd500000|100%|HC|  |TAMS 0x00000000cd500000, 0x00000000cd400000| Complete 
| 173|0x00000000cd500000, 0x00000000cd600000, 0x00000000cd600000|100%|HC|  |TAMS 0x00000000cd600000, 0x00000000cd500000| Complete 
| 174|0x00000000cd600000, 0x00000000cd700000, 0x00000000cd700000|100%|HC|  |TAMS 0x00000000cd700000, 0x00000000cd600000| Complete 
| 175|0x00000000cd700000, 0x00000000cd800000, 0x00000000cd800000|100%|HC|  |TAMS 0x00000000cd800000, 0x00000000cd700000| Complete 
| 176|0x00000000cd800000, 0x00000000cd900000, 0x00000000cd900000|100%|HC|  |TAMS 0x00000000cd900000, 0x00000000cd800000| Complete 
| 177|0x00000000cd900000, 0x00000000cda00000, 0x00000000cda00000|100%|HC|  |TAMS 0x00000000cda00000, 0x00000000cd900000| Complete 
| 178|0x00000000cda00000, 0x00000000cdb00000, 0x00000000cdb00000|100%|HC|  |TAMS 0x00000000cdb00000, 0x00000000cda00000| Complete 
| 179|0x00000000cdb00000, 0x00000000cdc00000, 0x00000000cdc00000|100%|HC|  |TAMS 0x00000000cdc00000, 0x00000000cdb00000| Complete 
| 180|0x00000000cdc00000, 0x00000000cdd00000, 0x00000000cdd00000|100%|HC|  |TAMS 0x00000000cdd00000, 0x00000000cdc00000| Complete 
| 181|0x00000000cdd00000, 0x00000000cde00000, 0x00000000cde00000|100%|HC|  |TAMS 0x00000000cde00000, 0x00000000cdd00000| Complete 
| 182|0x00000000cde00000, 0x00000000cdf00000, 0x00000000cdf00000|100%|HC|  |TAMS 0x00000000cdf00000, 0x00000000cde00000| Complete 
| 183|0x00000000cdf00000, 0x00000000ce000000, 0x00000000ce000000|100%|HC|  |TAMS 0x00000000ce000000, 0x00000000cdf00000| Complete 
| 184|0x00000000ce000000, 0x00000000ce100000, 0x00000000ce100000|100%|HC|  |TAMS 0x00000000ce100000, 0x00000000ce000000| Complete 
| 185|0x00000000ce100000, 0x00000000ce200000, 0x00000000ce200000|100%|HC|  |TAMS 0x00000000ce200000, 0x00000000ce100000| Complete 
| 186|0x00000000ce200000, 0x00000000ce300000, 0x00000000ce300000|100%|HC|  |TAMS 0x00000000ce300000, 0x00000000ce200000| Complete 
| 187|0x00000000ce300000, 0x00000000ce400000, 0x00000000ce400000|100%|HC|  |TAMS 0x00000000ce400000, 0x00000000ce300000| Complete 
| 188|0x00000000ce400000, 0x00000000ce500000, 0x00000000ce500000|100%|HC|  |TAMS 0x00000000ce500000, 0x00000000ce400000| Complete 
| 189|0x00000000ce500000, 0x00000000ce600000, 0x00000000ce600000|100%|HC|  |TAMS 0x00000000ce600000, 0x00000000ce500000| Complete 
| 190|0x00000000ce600000, 0x00000000ce700000, 0x00000000ce700000|100%|HC|  |TAMS 0x00000000ce700000, 0x00000000ce600000| Complete 
| 191|0x00000000ce700000, 0x00000000ce800000, 0x00000000ce800000|100%|HC|  |TAMS 0x00000000ce800000, 0x00000000ce700000| Complete 
| 192|0x00000000ce800000, 0x00000000ce900000, 0x00000000ce900000|100%|HC|  |TAMS 0x00000000ce900000, 0x00000000ce800000| Complete 
| 193|0x00000000ce900000, 0x00000000cea00000, 0x00000000cea00000|100%|HC|  |TAMS 0x00000000cea00000, 0x00000000ce900000| Complete 
| 194|0x00000000cea00000, 0x00000000ceb00000, 0x00000000ceb00000|100%|HC|  |TAMS 0x00000000ceb00000, 0x00000000cea00000| Complete 
| 195|0x00000000ceb00000, 0x00000000cec00000, 0x00000000cec00000|100%|HC|  |TAMS 0x00000000cec00000, 0x00000000ceb00000| Complete 
| 196|0x00000000cec00000, 0x00000000ced00000, 0x00000000ced00000|100%|HC|  |TAMS 0x00000000ced00000, 0x00000000cec00000| Complete 
| 197|0x00000000ced00000, 0x00000000cee00000, 0x00000000cee00000|100%|HC|  |TAMS 0x00000000cee00000, 0x00000000ced00000| Complete 
| 198|0x00000000cee00000, 0x00000000cef00000, 0x00000000cef00000|100%|HC|  |TAMS 0x00000000cef00000, 0x00000000cee00000| Complete 
| 199|0x00000000cef00000, 0x00000000cf000000, 0x00000000cf000000|100%|HC|  |TAMS 0x00000000cf000000, 0x00000000cef00000| Complete 
| 200|0x00000000cf000000, 0x00000000cf100000, 0x00000000cf100000|100%|HC|  |TAMS 0x00000000cf100000, 0x00000000cf000000| Complete 
| 201|0x00000000cf100000, 0x00000000cf200000, 0x00000000cf200000|100%|HC|  |TAMS 0x00000000cf200000, 0x00000000cf100000| Complete 
| 202|0x00000000cf200000, 0x00000000cf300000, 0x00000000cf300000|100%|HC|  |TAMS 0x00000000cf300000, 0x00000000cf200000| Complete 
| 203|0x00000000cf300000, 0x00000000cf400000, 0x00000000cf400000|100%|HC|  |TAMS 0x00000000cf400000, 0x00000000cf300000| Complete 
| 204|0x00000000cf400000, 0x00000000cf500000, 0x00000000cf500000|100%|HC|  |TAMS 0x00000000cf500000, 0x00000000cf400000| Complete 
| 205|0x00000000cf500000, 0x00000000cf600000, 0x00000000cf600000|100%|HC|  |TAMS 0x00000000cf600000, 0x00000000cf500000| Complete 
| 206|0x00000000cf600000, 0x00000000cf700000, 0x00000000cf700000|100%|HC|  |TAMS 0x00000000cf700000, 0x00000000cf600000| Complete 
| 207|0x00000000cf700000, 0x00000000cf800000, 0x00000000cf800000|100%|HC|  |TAMS 0x00000000cf800000, 0x00000000cf700000| Complete 
| 208|0x00000000cf800000, 0x00000000cf900000, 0x00000000cf900000|100%|HC|  |TAMS 0x00000000cf900000, 0x00000000cf800000| Complete 
| 209|0x00000000cf900000, 0x00000000cfa00000, 0x00000000cfa00000|100%|HC|  |TAMS 0x00000000cfa00000, 0x00000000cf900000| Complete 
| 210|0x00000000cfa00000, 0x00000000cfb00000, 0x00000000cfb00000|100%|HC|  |TAMS 0x00000000cfb00000, 0x00000000cfa00000| Complete 
| 211|0x00000000cfb00000, 0x00000000cfc00000, 0x00000000cfc00000|100%|HC|  |TAMS 0x00000000cfc00000, 0x00000000cfb00000| Complete 
| 212|0x00000000cfc00000, 0x00000000cfd00000, 0x00000000cfd00000|100%|HC|  |TAMS 0x00000000cfd00000, 0x00000000cfc00000| Complete 
| 213|0x00000000cfd00000, 0x00000000cfe00000, 0x00000000cfe00000|100%|HC|  |TAMS 0x00000000cfe00000, 0x00000000cfd00000| Complete 
| 214|0x00000000cfe00000, 0x00000000cff00000, 0x00000000cff00000|100%|HC|  |TAMS 0x00000000cff00000, 0x00000000cfe00000| Complete 
| 215|0x00000000cff00000, 0x00000000d0000000, 0x00000000d0000000|100%|HC|  |TAMS 0x00000000d0000000, 0x00000000cff00000| Complete 
| 216|0x00000000d0000000, 0x00000000d007cf78, 0x00000000d0100000| 48%| S|CS|TAMS 0x00000000d0000000, 0x00000000d0000000| Complete 
| 217|0x00000000d0100000, 0x00000000d0170180, 0x00000000d0200000| 43%| E|  |TAMS 0x00000000d0100000, 0x00000000d0100000| Complete 
| 218|0x00000000d0200000, 0x00000000d024a800, 0x00000000d0300000| 29%| O|  |TAMS 0x00000000d024a800, 0x00000000d0200000| Updating 
| 219|0x00000000d0300000, 0x00000000d0400000, 0x00000000d0400000|100%|HS|  |TAMS 0x00000000d0300000, 0x00000000d0300000| Complete 
| 220|0x00000000d0400000, 0x00000000d0500000, 0x00000000d0500000|100%|HC|  |TAMS 0x00000000d0400000, 0x00000000d0400000| Complete 
| 221|0x00000000d0500000, 0x00000000d0600000, 0x00000000d0600000|100%|HS|  |TAMS 0x00000000d0500000, 0x00000000d0500000| Complete 
| 222|0x00000000d0600000, 0x00000000d0700000, 0x00000000d0700000|100%|HC|  |TAMS 0x00000000d0600000, 0x00000000d0600000| Complete 
| 223|0x00000000d0700000, 0x00000000d0800000, 0x00000000d0800000|100%|HS|  |TAMS 0x00000000d0700000, 0x00000000d0700000| Complete 
| 224|0x00000000d0800000, 0x00000000d0900000, 0x00000000d0900000|100%|HC|  |TAMS 0x00000000d0800000, 0x00000000d0800000| Complete 
| 225|0x00000000d0900000, 0x00000000d0a00000, 0x00000000d0a00000|100%|HS|  |TAMS 0x00000000d0900000, 0x00000000d0900000| Complete 
| 226|0x00000000d0a00000, 0x00000000d0b00000, 0x00000000d0b00000|100%|HC|  |TAMS 0x00000000d0a00000, 0x00000000d0a00000| Complete 
| 227|0x00000000d0b00000, 0x00000000d0c00000, 0x00000000d0c00000|100%|HS|  |TAMS 0x00000000d0b00000, 0x00000000d0b00000| Complete 
| 228|0x00000000d0c00000, 0x00000000d0d00000, 0x00000000d0d00000|100%|HC|  |TAMS 0x00000000d0c00000, 0x00000000d0c00000| Complete 
| 229|0x00000000d0d00000, 0x00000000d0e00000, 0x00000000d0e00000|100%|HS|  |TAMS 0x00000000d0d00000, 0x00000000d0d00000| Complete 
| 230|0x00000000d0e00000, 0x00000000d0f00000, 0x00000000d0f00000|100%|HC|  |TAMS 0x00000000d0e00000, 0x00000000d0e00000| Complete 

Card table byte_map: [0x0000020145200000,0x00000201453f0000] _byte_map_base: 0x0000020144bec000

Marking Bits (Prev, Next): (CMBitMap*) 0x0000020130622f00, (CMBitMap*) 0x0000020130622f40
 Prev Bits: [0x00000201455e0000, 0x0000020146540000)
 Next Bits: [0x0000020146540000, 0x00000201474a0000)

Polling page: 0x00000201306a0000

Metaspace:

Usage:
  Non-class:     23.70 MB used.
      Class:      3.83 MB used.
       Both:     27.53 MB used.

Virtual space:
  Non-class space:       64.00 MB reserved,      23.81 MB ( 37%) committed,  1 nodes.
      Class space:        1.00 GB reserved,       3.94 MB ( <1%) committed,  1 nodes.
             Both:        1.06 GB reserved,      27.75 MB (  3%) committed. 

Chunk freelists:
   Non-Class:  7.89 MB
       Class:  12.06 MB
        Both:  19.96 MB

MaxMetaspaceSize: unlimited
CompressedClassSpaceSize: 1.00 GB
Initial GC threshold: 21.00 MB
Current GC threshold: 46.06 MB
CDS: on
MetaspaceReclaimPolicy: balanced
 - commit_granule_bytes: 65536.
 - commit_granule_words: 8192.
 - virtual_space_node_default_size: 8388608.
 - enlarge_chunks_in_place: 1.
 - new_chunks_are_fully_committed: 0.
 - uncommit_free_chunks: 1.
 - use_allocation_guard: 0.
 - handle_deallocations: 1.


Internal statistics:

num_allocs_failed_limit: 3.
num_arena_births: 344.
num_arena_deaths: 0.
num_vsnodes_births: 2.
num_vsnodes_deaths: 0.
num_space_committed: 444.
num_space_uncommitted: 0.
num_chunks_returned_to_freelist: 3.
num_chunks_taken_from_freelist: 1229.
num_chunk_merges: 3.
num_chunk_splits: 853.
num_chunks_enlarged: 626.
num_inconsistent_stats: 0.

CodeHeap 'non-profiled nmethods': size=120000Kb used=2281Kb max_used=2281Kb free=117718Kb
 bounds [0x000002013d060000, 0x000002013d2d0000, 0x0000020144590000]
CodeHeap 'profiled nmethods': size=120000Kb used=12318Kb max_used=12318Kb free=107681Kb
 bounds [0x0000020135590000, 0x00000201361a0000, 0x000002013cac0000]
CodeHeap 'non-nmethods': size=5760Kb used=1558Kb max_used=1605Kb free=4201Kb
 bounds [0x000002013cac0000, 0x000002013cd30000, 0x000002013d060000]
 total_blobs=6627 nmethods=5673 adapters=866
 compilation: enabled
              stopped_count=0, restarted_count=0
 full_count=0

Compilation events (20 events):
Event: 85.268 Thread 0x0000020149ef9d70 nmethod 5694 0x000002013d296b10 code [0x000002013d296ca0, 0x000002013d296d78]
Event: 85.288 Thread 0x0000020149ef6390 nmethod 5684 0x000002013d296e10 code [0x000002013d297000, 0x000002013d298448]
Event: 85.289 Thread 0x0000020149ef6390 5692       4       com.sun.javafx.scene.NodeHelper::markDirtyImpl (11 bytes)
Event: 85.292 Thread 0x0000020149ef9d70 5695       3       java.io.BufferedInputStream::getInIfOpen (21 bytes)
Event: 85.294 Thread 0x0000020149ef9d70 nmethod 5695 0x0000020136193890 code [0x0000020136193a40, 0x0000020136193c48]
Event: 85.319 Thread 0x0000020149ef6390 nmethod 5692 0x000002013d298f10 code [0x000002013d2990e0, 0x000002013d299e68]
Event: 85.329 Thread 0x0000020149ef9d70 5696       3       java.util.regex.Pattern$BitClass::is (22 bytes)
Event: 85.335 Thread 0x0000020149ef9d70 nmethod 5696 0x0000020136193d10 code [0x0000020136193ea0, 0x0000020136194078]
Event: 85.335 Thread 0x0000020149ef9d70 5697       3       java.util.concurrent.CountDownLatch::getCount (9 bytes)
Event: 85.335 Thread 0x0000020149ef9d70 nmethod 5697 0x0000020136194190 code [0x0000020136194320, 0x00000201361944b8]
Event: 85.335 Thread 0x0000020149ef9d70 5698       3       java.util.concurrent.CountDownLatch$Sync::getCount (5 bytes)
Event: 85.335 Thread 0x0000020149ef9d70 nmethod 5698 0x0000020136194590 code [0x0000020136194720, 0x0000020136194838]
Event: 85.345 Thread 0x0000020149ef9d70 5699  s    3       com.sun.javafx.runtime.async.AbstractRemoteResource$ProgressInputStream::read (38 bytes)
Event: 85.348 Thread 0x0000020149ef9d70 nmethod 5699 0x0000020136194910 code [0x0000020136194ae0, 0x0000020136194f68]
Event: 85.348 Thread 0x0000020149ef9d70 5700       3       com.sun.javafx.runtime.async.AbstractAsyncOperation::addProgress (54 bytes)
Event: 85.348 Thread 0x0000020149ef9d70 nmethod 5700 0x0000020136195190 code [0x0000020136195340, 0x0000020136195588]
Event: 85.350 Thread 0x0000020149ef9d70 5701       3       javafx.fxml.JavaFXBuilderFactory::scanForConstructorAnnotations (107 bytes)
Event: 85.351 Thread 0x0000020149ef9d70 nmethod 5701 0x0000020136195690 code [0x00000201361958e0, 0x00000201361963d8]
Event: 85.370 Thread 0x0000020149ef9d70 5702       3       java.lang.Class::searchMethods (104 bytes)
Event: 85.371 Thread 0x0000020149ef9d70 nmethod 5702 0x0000020136196890 code [0x0000020136196b00, 0x00000201361975e8]

GC Heap History (20 events):
Event: 81.890 GC heap before
{Heap before GC invocations=6 (full 0):
 garbage-first heap   total 105472K, used 96966K [0x00000000c2800000, 0x0000000100000000)
  region size 1024K, 5 young (5120K), 4 survivors (4096K)
 Metaspace       used 26098K, committed 26432K, reserved 1114112K
  class space    used 3608K, committed 3776K, reserved 1048576K
}
Event: 81.898 GC heap after
{Heap after GC invocations=7 (full 0):
 garbage-first heap   total 105472K, used 97258K [0x00000000c2800000, 0x0000000100000000)
  region size 1024K, 1 young (1024K), 1 survivors (1024K)
 Metaspace       used 26098K, committed 26432K, reserved 1114112K
  class space    used 3608K, committed 3776K, reserved 1048576K
}
Event: 81.905 GC heap before
{Heap before GC invocations=7 (full 0):
 garbage-first heap   total 105472K, used 99306K [0x00000000c2800000, 0x0000000100000000)
  region size 1024K, 2 young (2048K), 1 survivors (1024K)
 Metaspace       used 26100K, committed 26432K, reserved 1114112K
  class space    used 3608K, committed 3776K, reserved 1048576K
}
Event: 81.908 GC heap after
{Heap after GC invocations=8 (full 0):
 garbage-first heap   total 105472K, used 99237K [0x00000000c2800000, 0x0000000100000000)
  region size 1024K, 1 young (1024K), 1 survivors (1024K)
 Metaspace       used 26100K, committed 26432K, reserved 1114112K
  class space    used 3608K, committed 3776K, reserved 1048576K
}
Event: 81.916 GC heap before
{Heap before GC invocations=8 (full 0):
 garbage-first heap   total 105472K, used 101285K [0x00000000c2800000, 0x0000000100000000)
  region size 1024K, 2 young (2048K), 1 survivors (1024K)
 Metaspace       used 26102K, committed 26432K, reserved 1114112K
  class space    used 3608K, committed 3776K, reserved 1048576K
}
Event: 81.917 GC heap after
{Heap after GC invocations=9 (full 0):
 garbage-first heap   total 105472K, used 101292K [0x00000000c2800000, 0x0000000100000000)
  region size 1024K, 1 young (1024K), 1 survivors (1024K)
 Metaspace       used 26102K, committed 26432K, reserved 1114112K
  class space    used 3608K, committed 3776K, reserved 1048576K
}
Event: 81.924 GC heap before
{Heap before GC invocations=9 (full 0):
 garbage-first heap   total 107520K, used 103340K [0x00000000c2800000, 0x0000000100000000)
  region size 1024K, 2 young (2048K), 1 survivors (1024K)
 Metaspace       used 26103K, committed 26432K, reserved 1114112K
  class space    used 3608K, committed 3776K, reserved 1048576K
}
Event: 81.926 GC heap after
{Heap after GC invocations=10 (full 0):
 garbage-first heap   total 218112K, used 103333K [0x00000000c2800000, 0x0000000100000000)
  region size 1024K, 1 young (1024K), 1 survivors (1024K)
 Metaspace       used 26103K, committed 26432K, reserved 1114112K
  class space    used 3608K, committed 3776K, reserved 1048576K
}
Event: 81.945 GC heap before
{Heap before GC invocations=11 (full 0):
 garbage-first heap   total 218112K, used 107429K [0x00000000c2800000, 0x0000000100000000)
  region size 1024K, 2 young (2048K), 1 survivors (1024K)
 Metaspace       used 26109K, committed 26432K, reserved 1114112K
  class space    used 3608K, committed 3776K, reserved 1048576K
}
Event: 81.946 GC heap after
{Heap after GC invocations=12 (full 0):
 garbage-first heap   total 218112K, used 107515K [0x00000000c2800000, 0x0000000100000000)
  region size 1024K, 1 young (1024K), 1 survivors (1024K)
 Metaspace       used 26109K, committed 26432K, reserved 1114112K
  class space    used 3608K, committed 3776K, reserved 1048576K
}
Event: 81.969 GC heap before
{Heap before GC invocations=13 (full 0):
 garbage-first heap   total 218112K, used 113659K [0x00000000c2800000, 0x0000000100000000)
  region size 1024K, 2 young (2048K), 1 survivors (1024K)
 Metaspace       used 26117K, committed 26432K, reserved 1114112K
  class space    used 3608K, committed 3776K, reserved 1048576K
}
Event: 81.971 GC heap after
{Heap after GC invocations=14 (full 0):
 garbage-first heap   total 218112K, used 113731K [0x00000000c2800000, 0x0000000100000000)
  region size 1024K, 1 young (1024K), 1 survivors (1024K)
 Metaspace       used 26117K, committed 26432K, reserved 1114112K
  class space    used 3608K, committed 3776K, reserved 1048576K
}
Event: 84.784 GC heap before
{Heap before GC invocations=15 (full 0):
 garbage-first heap   total 218112K, used 147523K [0x00000000c2800000, 0x0000000100000000)
  region size 1024K, 29 young (29696K), 1 survivors (1024K)
 Metaspace       used 28000K, committed 28288K, reserved 1114112K
  class space    used 3901K, committed 4032K, reserved 1048576K
}
Event: 84.814 GC heap after
{Heap after GC invocations=16 (full 0):
 garbage-first heap   total 218112K, used 125021K [0x00000000c2800000, 0x0000000100000000)
  region size 1024K, 6 young (6144K), 6 survivors (6144K)
 Metaspace       used 28000K, committed 28288K, reserved 1114112K
  class space    used 3901K, committed 4032K, reserved 1048576K
}
Event: 85.034 GC heap before
{Heap before GC invocations=17 (full 0):
 garbage-first heap   total 225280K, used 165981K [0x00000000c2800000, 0x0000000100000000)
  region size 1024K, 9 young (9216K), 6 survivors (6144K)
 Metaspace       used 28187K, committed 28416K, reserved 1114112K
  class space    used 3924K, committed 4032K, reserved 1048576K
}
Event: 85.049 GC heap after
{Heap after GC invocations=18 (full 0):
 garbage-first heap   total 225280K, used 165033K [0x00000000c2800000, 0x0000000100000000)
  region size 1024K, 2 young (2048K), 2 survivors (2048K)
 Metaspace       used 28187K, committed 28416K, reserved 1114112K
  class space    used 3924K, committed 4032K, reserved 1048576K
}
Event: 85.225 GC heap before
{Heap before GC invocations=18 (full 0):
 garbage-first heap   total 225280K, used 221353K [0x00000000c2800000, 0x0000000100000000)
  region size 1024K, 2 young (2048K), 2 survivors (2048K)
 Metaspace       used 28187K, committed 28416K, reserved 1114112K
  class space    used 3924K, committed 4032K, reserved 1048576K
}
Event: 85.240 GC heap after
{Heap after GC invocations=19 (full 0):
 garbage-first heap   total 225280K, used 221020K [0x00000000c2800000, 0x0000000100000000)
  region size 1024K, 1 young (1024K), 1 survivors (1024K)
 Metaspace       used 28187K, committed 28416K, reserved 1114112K
  class space    used 3924K, committed 4032K, reserved 1048576K
}
Event: 85.270 GC heap before
{Heap before GC invocations=19 (full 0):
 garbage-first heap   total 225280K, used 221020K [0x00000000c2800000, 0x0000000100000000)
  region size 1024K, 2 young (2048K), 1 survivors (1024K)
 Metaspace       used 28187K, committed 28416K, reserved 1114112K
  class space    used 3924K, committed 4032K, reserved 1048576K
}
Event: 85.284 GC heap after
{Heap after GC invocations=20 (full 0):
 garbage-first heap   total 225280K, used 220957K [0x00000000c2800000, 0x0000000100000000)
  region size 1024K, 1 young (1024K), 1 survivors (1024K)
 Metaspace       used 28187K, committed 28416K, reserved 1114112K
  class space    used 3924K, committed 4032K, reserved 1048576K
}

Dll operation events (3 events):
Event: 0.007 Loaded shared library C:\Users\39\.jdks\jbr-17.0.12-1\bin\java.dll
Event: 0.036 Loaded shared library C:\Users\39\.jdks\jbr-17.0.12-1\bin\jsvml.dll
Event: 80.624 Loaded shared library C:\Users\39\.jdks\jbr-17.0.12-1\bin\verify.dll

Deoptimization events (20 events):
Event: 84.977 Thread 0x00000201952321c0 Uncommon trap: trap_request=0xffffff45 fr.pc=0x000002013d0b0114 relative=0x0000000000000114
Event: 84.977 Thread 0x00000201952321c0 Uncommon trap: reason=unstable_if action=reinterpret pc=0x000002013d0b0114 method=java.lang.String.getBytes([BIIBI)V @ 6 c2
Event: 84.977 Thread 0x00000201952321c0 DEOPT PACKING pc=0x000002013d0b0114 sp=0x000000b244efe900
Event: 84.977 Thread 0x00000201952321c0 DEOPT UNPACKING pc=0x000002013cb169a3 sp=0x000000b244efe8c8 mode 2
Event: 84.977 Thread 0x00000201952321c0 Uncommon trap: trap_request=0xffffff45 fr.pc=0x000002013d0d4570 relative=0x0000000000001190
Event: 84.977 Thread 0x00000201952321c0 Uncommon trap: reason=unstable_if action=reinterpret pc=0x000002013d0d4570 method=java.lang.StringLatin1.canEncode(I)Z @ 4 c2
Event: 84.977 Thread 0x00000201952321c0 DEOPT PACKING pc=0x000002013d0d4570 sp=0x000000b244efead0
Event: 84.977 Thread 0x00000201952321c0 DEOPT UNPACKING pc=0x000002013cb169a3 sp=0x000000b244efe8e0 mode 2
Event: 84.979 Thread 0x00000201952321c0 Uncommon trap: trap_request=0xffffff45 fr.pc=0x000002013d116708 relative=0x00000000000000e8
Event: 84.979 Thread 0x00000201952321c0 Uncommon trap: reason=unstable_if action=reinterpret pc=0x000002013d116708 method=java.lang.String.lastIndexOf(II)I @ 4 c2
Event: 84.979 Thread 0x00000201952321c0 DEOPT PACKING pc=0x000002013d116708 sp=0x000000b244efeb10
Event: 84.979 Thread 0x00000201952321c0 DEOPT UNPACKING pc=0x000002013cb169a3 sp=0x000000b244efea40 mode 2
Event: 84.979 Thread 0x00000201952321c0 Uncommon trap: trap_request=0xffffff45 fr.pc=0x000002013d0b0908 relative=0x0000000000000468
Event: 84.979 Thread 0x00000201952321c0 Uncommon trap: reason=unstable_if action=reinterpret pc=0x000002013d0b0908 method=java.lang.String.substring(II)Ljava/lang/String; @ 31 c2
Event: 84.979 Thread 0x00000201952321c0 DEOPT PACKING pc=0x000002013d0b0908 sp=0x000000b244efead0
Event: 84.979 Thread 0x00000201952321c0 DEOPT UNPACKING pc=0x000002013cb169a3 sp=0x000000b244efea30 mode 2
Event: 85.031 Thread 0x000002018b89a7f0 Uncommon trap: trap_request=0xffffff45 fr.pc=0x000002013d141190 relative=0x0000000000000190
Event: 85.031 Thread 0x000002018b89a7f0 Uncommon trap: reason=unstable_if action=reinterpret pc=0x000002013d141190 method=java.lang.String.equals(Ljava/lang/Object;)Z @ 33 c2
Event: 85.031 Thread 0x000002018b89a7f0 DEOPT PACKING pc=0x000002013d141190 sp=0x000000b2436fb480
Event: 85.031 Thread 0x000002018b89a7f0 DEOPT UNPACKING pc=0x000002013cb169a3 sp=0x000000b2436fb410 mode 2

Classes loaded (20 events):
Event: 84.906 Loading class java/net/URLConnection$1
Event: 84.906 Loading class java/net/FileNameMap
Event: 84.907 Loading class java/net/FileNameMap done
Event: 84.907 Loading class java/net/URLConnection$1 done
Event: 84.907 Loading class sun/net/www/MimeTable
Event: 84.910 Loading class sun/net/www/MimeTable done
Event: 84.910 Loading class sun/net/www/MimeTable$1
Event: 84.910 Loading class sun/net/www/MimeTable$1 done
Event: 84.910 Loading class sun/net/www/MimeTable$DefaultInstanceHolder
Event: 84.911 Loading class sun/net/www/MimeTable$DefaultInstanceHolder done
Event: 84.911 Loading class sun/net/www/MimeTable$DefaultInstanceHolder$1
Event: 84.911 Loading class sun/net/www/MimeTable$DefaultInstanceHolder$1 done
Event: 84.915 Loading class sun/net/www/MimeEntry
Event: 84.916 Loading class sun/net/www/MimeEntry done
Event: 84.922 Loading class sun/text/resources/cldr/FormatData_en
Event: 84.925 Loading class sun/text/resources/cldr/FormatData_en done
Event: 84.925 Loading class sun/text/resources/cldr/FormatData_en_US
Event: 84.925 Loading class sun/text/resources/cldr/FormatData_en_US done
Event: 84.932 Loading class java/io/InterruptedIOException
Event: 84.932 Loading class java/io/InterruptedIOException done

Classes unloaded (0 events):
No events

Classes redefined (0 events):
No events

Internal exceptions (20 events):
Event: 3.100 Thread 0x000002018b89a7f0 Exception <a 'java/lang/NoSuchMethodError'{0x00000000c6389f38}: 'java.lang.Object java.lang.invoke.DirectMethodHandle$Holder.invokeInterface(java.lang.Object, java.lang.Object, java.lang.Object)'> (0x00000000c6389f38) 
thrown [s\src\hotspot\share\interpreter\linkResolver.cpp, line 771]
Event: 3.100 Thread 0x000002018b89a7f0 Exception <a 'java/lang/IncompatibleClassChangeError'{0x00000000c638d600}: Found class java.lang.Object, but interface was expected> (0x00000000c638d600) 
thrown [s\src\hotspot\share\interpreter\linkResolver.cpp, line 838]
Event: 3.102 Thread 0x000002018b89a7f0 Implicit null exception at 0x000002013d0c078f to 0x000002013d0c0809
Event: 3.289 Thread 0x000002018b89a7f0 Exception <a 'java/lang/NoSuchMethodError'{0x00000000c5041a30}: 'java.lang.Object java.lang.invoke.DirectMethodHandle$Holder.newInvokeSpecial(java.lang.Object, java.lang.Object, int)'> (0x00000000c5041a30) 
thrown [s\src\hotspot\share\interpreter\linkResolver.cpp, line 771]
Event: 3.411 Thread 0x000002018b7a7670 Exception <a 'java/lang/NoSuchMethodError'{0x00000000c4f959b0}: 'int java.lang.invoke.DirectMethodHandle$Holder.invokeStaticInit(java.lang.Object, java.lang.Object)'> (0x00000000c4f959b0) 
thrown [s\src\hotspot\share\interpreter\linkResolver.cpp, line 771]
Event: 3.416 Thread 0x000002018b89a7f0 Exception <a 'java/lang/NoSuchMethodError'{0x00000000c4f66530}: 'long java.lang.invoke.DirectMethodHandle$Holder.invokeStatic(java.lang.Object, java.lang.Object, java.lang.Object)'> (0x00000000c4f66530) 
thrown [s\src\hotspot\share\interpreter\linkResolver.cpp, line 771]
Event: 3.416 Thread 0x000002018b89a7f0 Exception <a 'java/lang/NoSuchMethodError'{0x00000000c4f69cd8}: 'long java.lang.invoke.DirectMethodHandle$Holder.invokeStaticInit(java.lang.Object, java.lang.Object, java.lang.Object)'> (0x00000000c4f69cd8) 
thrown [s\src\hotspot\share\interpreter\linkResolver.cpp, line 771]
Event: 3.419 Thread 0x000002018b89a7f0 Exception <a 'java/lang/NoSuchMethodError'{0x00000000c4e02c48}: 'java.lang.Object java.lang.invoke.DirectMethodHandle$Holder.newInvokeSpecial(java.lang.Object, java.lang.Object, long)'> (0x00000000c4e02c48) 
thrown [s\src\hotspot\share\interpreter\linkResolver.cpp, line 771]
Event: 3.420 Thread 0x000002018b89a7f0 Exception <a 'java/lang/NoSuchMethodError'{0x00000000c4e067b8}: 'java.lang.Object java.lang.invoke.Invokers$Holder.linkToTargetMethod(java.lang.Object, long, java.lang.Object)'> (0x00000000c4e067b8) 
thrown [s\src\hotspot\share\interpreter\linkResolver.cpp, line 771]
Event: 3.662 Thread 0x000002018b7a7670 Exception <a 'java/lang/NoSuchMethodError'{0x00000000c4b7a498}: 'java.lang.Object java.lang.invoke.DirectMethodHandle$Holder.invokeStaticInit(java.lang.Object, int)'> (0x00000000c4b7a498) 
thrown [s\src\hotspot\share\interpreter\linkResolver.cpp, line 771]
Event: 81.653 Thread 0x000002018b89a7f0 Implicit null exception at 0x000002013d112df2 to 0x000002013d11345c
Event: 81.655 Thread 0x000002018b89a7f0 Implicit null exception at 0x000002013d0fd2f2 to 0x000002013d0fd954
Event: 81.684 Thread 0x000002018b89a7f0 Exception <a 'java/lang/NoSuchMethodError'{0x00000000c3e313c0}: 'void java.lang.invoke.DirectMethodHandle$Holder.invokeSpecialIFC(java.lang.Object, java.lang.Object, java.lang.Object)'> (0x00000000c3e313c0) 
thrown [s\src\hotspot\share\interpreter\linkResolver.cpp, line 771]
Event: 81.997 Thread 0x000002018b89a7f0 Exception <a 'java/io/FileNotFoundException'{0x00000000cfc2f4b8}> (0x00000000cfc2f4b8) 
thrown [s\src\hotspot\share\prims\jni.cpp, line 531]
Event: 82.017 Thread 0x000002018b89a7f0 Exception <a 'java/lang/ClassNotFoundException'{0x00000000cfb2ed68}: com/sun/javafx/scene/control/skin/resources/controls-nt> (0x00000000cfb2ed68) 
thrown [s\src\hotspot\share\prims\jni.cpp, line 550]
Event: 82.019 Thread 0x000002018b89a7f0 Exception <a 'java/lang/ClassNotFoundException'{0x00000000cfb378b8}: com/sun/javafx/scene/control/skin/resources/controls-nt_fr> (0x00000000cfb378b8) 
thrown [s\src\hotspot\share\prims\jni.cpp, line 550]
Event: 82.019 Thread 0x000002018b89a7f0 Exception <a 'java/lang/ClassNotFoundException'{0x00000000cfb397e8}: com/sun/javafx/scene/control/skin/resources/controls-nt_fr_FR> (0x00000000cfb397e8) 
thrown [s\src\hotspot\share\prims\jni.cpp, line 550]
Event: 84.889 Thread 0x000002018b89a7f0 Exception <a 'java/lang/NoSuchMethodError'{0x00000000cfc560e8}: 'java.lang.Object java.lang.invoke.DirectMethodHandle$Holder.invokeStaticInit(java.lang.Object, java.lang.Object, java.lang.Object)'> (0x00000000cfc560e8) 
thrown [s\src\hotspot\share\interpreter\linkResolver.cpp, line 771]
Event: 84.927 Thread 0x000002019522f940 Exception <a 'java/lang/NoSuchMethodError'{0x00000000cfcd20f8}: 'void java.lang.invoke.DirectMethodHandle$Holder.invokeSpecial(java.lang.Object, java.lang.Object, int, int)'> (0x00000000cfcd20f8) 
thrown [s\src\hotspot\share\interpreter\linkResolver.cpp, line 771]
Event: 84.929 Thread 0x000002019522f940 Exception <a 'java/lang/NoSuchMethodError'{0x00000000cfcd8640}: 'java.lang.Object java.lang.invoke.DirectMethodHandle$Holder.newInvokeSpecial(java.lang.Object, java.lang.Object, int, int)'> (0x00000000cfcd8640) 
thrown [s\src\hotspot\share\interpreter\linkResolver.cpp, line 771]

VM Operations (20 events):
Event: 84.814 Executing VM operation: G1TryInitiateConcMark done
Event: 84.840 Executing VM operation: G1PauseRemark
Event: 84.856 Executing VM operation: G1PauseRemark done
Event: 84.861 Executing VM operation: G1PauseCleanup
Event: 84.864 Executing VM operation: G1PauseCleanup done
Event: 84.886 Executing VM operation: HandshakeAllThreads
Event: 84.886 Executing VM operation: HandshakeAllThreads done
Event: 84.895 Executing VM operation: HandshakeAllThreads
Event: 84.895 Executing VM operation: HandshakeAllThreads done
Event: 84.933 Executing VM operation: HandshakeAllThreads
Event: 84.937 Executing VM operation: HandshakeAllThreads done
Event: 85.034 Executing VM operation: G1CollectForAllocation
Event: 85.049 Executing VM operation: G1CollectForAllocation done
Event: 85.049 Executing VM operation: G1CollectForAllocation
Event: 85.241 Executing VM operation: G1CollectForAllocation done
Event: 85.269 Executing VM operation: G1TryInitiateConcMark
Event: 85.269 Executing VM operation: G1TryInitiateConcMark done
Event: 85.269 Executing VM operation: G1TryInitiateConcMark
Event: 85.284 Executing VM operation: G1TryInitiateConcMark done
Event: 85.371 Executing VM operation: G1PauseRemark

Events (20 events):
Event: 0.535 Thread 0x000002018b9d2590 Thread added: 0x000002018b9d2590
Event: 0.538 Thread 0x000002018b89a7f0 Thread added: 0x000002018b89a7f0
Event: 0.774 Thread 0x000002018bbc96e0 Thread added: 0x000002018bbc96e0
Event: 0.783 Thread 0x000002018bbc9bc0 Thread added: 0x000002018bbc9bc0
Event: 0.837 Loaded shared library C:\Users\39\.jdks\jbr-17.0.12-1\bin\jimage.dll
Event: 1.002 Thread 0x0000020195230870 Thread added: 0x0000020195230870
Event: 1.165 Loaded shared library C:\Users\39\.jdks\jbr-17.0.12-1\bin\extnet.dll
Event: 1.488 Loaded shared library C:\Users\39\.openjfx\cache\21.0.2+5\amd64\javafx_font.dll
Event: 2.046 Thread 0x0000020195230d80 Thread added: 0x0000020195230d80
Event: 2.090 Loaded shared library C:\Users\39\.jdks\jbr-17.0.12-1\bin\awt.dll
Event: 2.154 Thread 0x00000201952317a0 Thread added: 0x00000201952317a0
Event: 2.175 Loaded shared library C:\Users\39\.jdks\jbr-17.0.12-1\bin\freetype.dll
Event: 2.178 Loaded shared library C:\Users\39\.jdks\jbr-17.0.12-1\bin\fontmanager.dll
Event: 2.731 Thread 0x00000201952321c0 Thread added: 0x00000201952321c0
Event: 2.732 Thread 0x0000020195230360 Thread added: 0x0000020195230360
Event: 3.500 Thread 0x0000020195231cb0 Thread added: 0x0000020195231cb0
Event: 3.750 Thread 0x00000201952321c0 Thread exited: 0x00000201952321c0
Event: 84.902 Thread 0x000002019522f940 Thread added: 0x000002019522f940
Event: 84.954 Loaded shared library C:\Users\39\.openjfx\cache\21.0.2+5\amd64\javafx_iio.dll
Event: 84.976 Thread 0x00000201952321c0 Thread added: 0x00000201952321c0


Dynamic libraries:
0x00007ff62f1b0000 - 0x00007ff62f1ba000 	C:\Users\39\.jdks\jbr-17.0.12-1\bin\java.exe
0x00007ffbec690000 - 0x00007ffbec888000 	C:\Windows\SYSTEM32\ntdll.dll
0x00007ffbec4d0000 - 0x00007ffbec592000 	C:\Windows\System32\KERNEL32.DLL
0x00007ffbe9dd0000 - 0x00007ffbea0cf000 	C:\Windows\System32\KERNELBASE.dll
0x00007ffbea330000 - 0x00007ffbea430000 	C:\Windows\System32\ucrtbase.dll
0x00007ffbcd500000 - 0x00007ffbcd51b000 	C:\Users\39\.jdks\jbr-17.0.12-1\bin\VCRUNTIME140.dll
0x00007ffbcdb30000 - 0x00007ffbcdb47000 	C:\Users\39\.jdks\jbr-17.0.12-1\bin\jli.dll
0x00007ffbebf40000 - 0x00007ffbec0dd000 	C:\Windows\System32\USER32.dll
0x00007ffbea680000 - 0x00007ffbea6a2000 	C:\Windows\System32\win32u.dll
0x00007ffbea720000 - 0x00007ffbea74b000 	C:\Windows\System32\GDI32.dll
0x00007ffbd6c00000 - 0x00007ffbd6e9a000 	C:\Windows\WinSxS\amd64_microsoft.windows.common-controls_6595b64144ccf1df_6.0.19041.4355_none_60b8b9eb71f62e16\COMCTL32.dll
0x00007ffbea430000 - 0x00007ffbea54a000 	C:\Windows\System32\gdi32full.dll
0x00007ffbebaf0000 - 0x00007ffbebb8e000 	C:\Windows\System32\msvcrt.dll
0x00007ffbe9d30000 - 0x00007ffbe9dcd000 	C:\Windows\System32\msvcp_win.dll
0x00007ffbeaab0000 - 0x00007ffbeaadf000 	C:\Windows\System32\IMM32.DLL
0x00007ffbd5d20000 - 0x00007ffbd5d2c000 	C:\Users\39\.jdks\jbr-17.0.12-1\bin\vcruntime140_1.dll
0x00007ffbc9230000 - 0x00007ffbc92bd000 	C:\Users\39\.jdks\jbr-17.0.12-1\bin\msvcp140.dll
0x00007ffb579f0000 - 0x00007ffb5867a000 	C:\Users\39\.jdks\jbr-17.0.12-1\bin\server\jvm.dll
0x00007ffbec5a0000 - 0x00007ffbec64f000 	C:\Windows\System32\ADVAPI32.dll
0x00007ffbebd50000 - 0x00007ffbebdef000 	C:\Windows\System32\sechost.dll
0x00007ffbebdf0000 - 0x00007ffbebf13000 	C:\Windows\System32\RPCRT4.dll
0x00007ffbea550000 - 0x00007ffbea577000 	C:\Windows\System32\bcrypt.dll
0x00007ffbebb90000 - 0x00007ffbebbfb000 	C:\Windows\System32\WS2_32.dll
0x00007ffbe9a70000 - 0x00007ffbe9abb000 	C:\Windows\SYSTEM32\POWRPROF.dll
0x00007ffbd9750000 - 0x00007ffbd9777000 	C:\Windows\SYSTEM32\WINMM.dll
0x00007ffbe4350000 - 0x00007ffbe435a000 	C:\Windows\SYSTEM32\VERSION.dll
0x00007ffbe9a50000 - 0x00007ffbe9a62000 	C:\Windows\SYSTEM32\UMPDC.dll
0x00007ffbe7bb0000 - 0x00007ffbe7bc2000 	C:\Windows\SYSTEM32\kernel.appcore.dll
0x00007ffbd59f0000 - 0x00007ffbd59fa000 	C:\Users\39\.jdks\jbr-17.0.12-1\bin\jimage.dll
0x00007ffbd8040000 - 0x00007ffbd8224000 	C:\Windows\SYSTEM32\DBGHELP.DLL
0x00007ffbd5720000 - 0x00007ffbd5754000 	C:\Windows\SYSTEM32\dbgcore.DLL
0x00007ffbea2a0000 - 0x00007ffbea322000 	C:\Windows\System32\bcryptPrimitives.dll
0x00007ffbc9200000 - 0x00007ffbc9225000 	C:\Users\39\.jdks\jbr-17.0.12-1\bin\java.dll
0x00007ffbbdfa0000 - 0x00007ffbbe077000 	C:\Users\39\.jdks\jbr-17.0.12-1\bin\jsvml.dll
0x00007ffbeb370000 - 0x00007ffbebadd000 	C:\Windows\System32\SHELL32.dll
0x00007ffbe7db0000 - 0x00007ffbe8554000 	C:\Windows\SYSTEM32\windows.storage.dll
0x00007ffbea750000 - 0x00007ffbeaaa5000 	C:\Windows\System32\combase.dll
0x00007ffbe9690000 - 0x00007ffbe96bf000 	C:\Windows\SYSTEM32\Wldp.dll
0x00007ffbec250000 - 0x00007ffbec31d000 	C:\Windows\System32\OLEAUT32.dll
0x00007ffbeb2c0000 - 0x00007ffbeb36d000 	C:\Windows\System32\SHCORE.dll
0x00007ffbebc60000 - 0x00007ffbebcb5000 	C:\Windows\System32\shlwapi.dll
0x00007ffbe9c60000 - 0x00007ffbe9c84000 	C:\Windows\SYSTEM32\profapi.dll
0x00007ffbcd4e0000 - 0x00007ffbcd4f9000 	C:\Users\39\.jdks\jbr-17.0.12-1\bin\net.dll
0x00007ffbe0f60000 - 0x00007ffbe106a000 	C:\Windows\SYSTEM32\WINHTTP.dll
0x00007ffbe93f0000 - 0x00007ffbe945c000 	C:\Windows\system32\mswsock.dll
0x00007ffbc8d20000 - 0x00007ffbc8d36000 	C:\Users\39\.jdks\jbr-17.0.12-1\bin\nio.dll
0x00007ffbbdf80000 - 0x00007ffbbdf98000 	C:\Users\39\.jdks\jbr-17.0.12-1\bin\zip.dll
0x0000020149d80000 - 0x0000020149d83000 	C:\Users\39\.openjfx\cache\21.0.2+5\amd64\api-ms-win-core-console-l1-1-0.dll
0x0000020149d90000 - 0x0000020149d93000 	C:\Users\39\.openjfx\cache\21.0.2+5\amd64\api-ms-win-core-console-l1-2-0.dll
0x0000020149fa0000 - 0x0000020149fa3000 	C:\Users\39\.openjfx\cache\21.0.2+5\amd64\api-ms-win-core-datetime-l1-1-0.dll
0x0000020149fb0000 - 0x0000020149fb3000 	C:\Users\39\.openjfx\cache\21.0.2+5\amd64\api-ms-win-core-debug-l1-1-0.dll
0x0000020149fc0000 - 0x0000020149fc3000 	C:\Users\39\.openjfx\cache\21.0.2+5\amd64\api-ms-win-core-errorhandling-l1-1-0.dll
0x0000020149fd0000 - 0x0000020149fd4000 	C:\Users\39\.openjfx\cache\21.0.2+5\amd64\api-ms-win-core-file-l1-1-0.dll
0x0000020149fe0000 - 0x0000020149fe3000 	C:\Users\39\.openjfx\cache\21.0.2+5\amd64\api-ms-win-core-file-l1-2-0.dll
0x0000020149ff0000 - 0x0000020149ff3000 	C:\Users\39\.openjfx\cache\21.0.2+5\amd64\api-ms-win-core-file-l2-1-0.dll
0x000002018be60000 - 0x000002018be63000 	C:\Users\39\.openjfx\cache\21.0.2+5\amd64\api-ms-win-core-handle-l1-1-0.dll
0x000002018be70000 - 0x000002018be73000 	C:\Users\39\.openjfx\cache\21.0.2+5\amd64\api-ms-win-core-heap-l1-1-0.dll
0x000002018be80000 - 0x000002018be83000 	C:\Users\39\.openjfx\cache\21.0.2+5\amd64\api-ms-win-core-interlocked-l1-1-0.dll
0x000002018be90000 - 0x000002018be93000 	C:\Users\39\.openjfx\cache\21.0.2+5\amd64\api-ms-win-core-libraryloader-l1-1-0.dll
0x000002018bea0000 - 0x000002018bea3000 	C:\Users\39\.openjfx\cache\21.0.2+5\amd64\api-ms-win-core-localization-l1-2-0.dll
0x000002018beb0000 - 0x000002018beb3000 	C:\Users\39\.openjfx\cache\21.0.2+5\amd64\api-ms-win-core-memory-l1-1-0.dll
0x000002018bec0000 - 0x000002018bec3000 	C:\Users\39\.openjfx\cache\21.0.2+5\amd64\api-ms-win-core-namedpipe-l1-1-0.dll
0x000002018bed0000 - 0x000002018bed3000 	C:\Users\39\.openjfx\cache\21.0.2+5\amd64\api-ms-win-core-processenvironment-l1-1-0.dll
0x000002018bee0000 - 0x000002018bee3000 	C:\Users\39\.openjfx\cache\21.0.2+5\amd64\api-ms-win-core-processthreads-l1-1-0.dll
0x000002018bef0000 - 0x000002018bef3000 	C:\Users\39\.openjfx\cache\21.0.2+5\amd64\api-ms-win-core-processthreads-l1-1-1.dll
0x000002018bf00000 - 0x000002018bf03000 	C:\Users\39\.openjfx\cache\21.0.2+5\amd64\api-ms-win-core-profile-l1-1-0.dll
0x000002018bf10000 - 0x000002018bf13000 	C:\Users\39\.openjfx\cache\21.0.2+5\amd64\api-ms-win-core-rtlsupport-l1-1-0.dll
0x000002018bf20000 - 0x000002018bf23000 	C:\Users\39\.openjfx\cache\21.0.2+5\amd64\api-ms-win-core-string-l1-1-0.dll
0x000002018bf30000 - 0x000002018bf33000 	C:\Users\39\.openjfx\cache\21.0.2+5\amd64\api-ms-win-core-synch-l1-1-0.dll
0x000002018bf40000 - 0x000002018bf43000 	C:\Users\39\.openjfx\cache\21.0.2+5\amd64\api-ms-win-core-synch-l1-2-0.dll
0x000002018bf50000 - 0x000002018bf53000 	C:\Users\39\.openjfx\cache\21.0.2+5\amd64\api-ms-win-core-sysinfo-l1-1-0.dll
0x000002018bf60000 - 0x000002018bf63000 	C:\Users\39\.openjfx\cache\21.0.2+5\amd64\api-ms-win-core-timezone-l1-1-0.dll
0x000002018bf70000 - 0x000002018bf73000 	C:\Users\39\.openjfx\cache\21.0.2+5\amd64\api-ms-win-core-util-l1-1-0.dll
0x000002018bf80000 - 0x000002018bf83000 	C:\Users\39\.openjfx\cache\21.0.2+5\amd64\api-ms-win-crt-conio-l1-1-0.dll
0x000002018bf90000 - 0x000002018bf94000 	C:\Users\39\.openjfx\cache\21.0.2+5\amd64\api-ms-win-crt-convert-l1-1-0.dll
0x000002018bfa0000 - 0x000002018bfa3000 	C:\Users\39\.openjfx\cache\21.0.2+5\amd64\api-ms-win-crt-environment-l1-1-0.dll
0x000002018bfb0000 - 0x000002018bfb3000 	C:\Users\39\.openjfx\cache\21.0.2+5\amd64\api-ms-win-crt-filesystem-l1-1-0.dll
0x000002018bfc0000 - 0x000002018bfc3000 	C:\Users\39\.openjfx\cache\21.0.2+5\amd64\api-ms-win-crt-heap-l1-1-0.dll
0x000002018bfd0000 - 0x000002018bfd3000 	C:\Users\39\.openjfx\cache\21.0.2+5\amd64\api-ms-win-crt-locale-l1-1-0.dll
0x000002018bfe0000 - 0x000002018bfe5000 	C:\Users\39\.openjfx\cache\21.0.2+5\amd64\api-ms-win-crt-math-l1-1-0.dll
0x000002018bff0000 - 0x000002018bff5000 	C:\Users\39\.openjfx\cache\21.0.2+5\amd64\api-ms-win-crt-multibyte-l1-1-0.dll
0x0000020190000000 - 0x0000020190010000 	C:\Users\39\.openjfx\cache\21.0.2+5\amd64\api-ms-win-crt-private-l1-1-0.dll
0x0000020190010000 - 0x0000020190013000 	C:\Users\39\.openjfx\cache\21.0.2+5\amd64\api-ms-win-crt-process-l1-1-0.dll
0x0000020190020000 - 0x0000020190024000 	C:\Users\39\.openjfx\cache\21.0.2+5\amd64\api-ms-win-crt-runtime-l1-1-0.dll
0x0000020190030000 - 0x0000020190034000 	C:\Users\39\.openjfx\cache\21.0.2+5\amd64\api-ms-win-crt-stdio-l1-1-0.dll
0x0000020190040000 - 0x0000020190044000 	C:\Users\39\.openjfx\cache\21.0.2+5\amd64\api-ms-win-crt-string-l1-1-0.dll
0x0000020190050000 - 0x0000020190053000 	C:\Users\39\.openjfx\cache\21.0.2+5\amd64\api-ms-win-crt-time-l1-1-0.dll
0x0000020190060000 - 0x0000020190063000 	C:\Users\39\.openjfx\cache\21.0.2+5\amd64\api-ms-win-crt-utility-l1-1-0.dll
0x00007ffbbd1d0000 - 0x00007ffbbd2cc000 	C:\Users\39\.openjfx\cache\21.0.2+5\amd64\ucrtbase.dll
0x00007ffbbdf60000 - 0x00007ffbbdf7b000 	C:\Users\39\.openjfx\cache\21.0.2+5\amd64\vcruntime140.dll
0x00007ffbd08d0000 - 0x00007ffbd08dc000 	C:\Users\39\.openjfx\cache\21.0.2+5\amd64\vcruntime140_1.dll
0x00007ffbbd140000 - 0x00007ffbbd1ce000 	C:\Users\39\.openjfx\cache\21.0.2+5\amd64\msvcp140.dll
0x00007ffbd0620000 - 0x00007ffbd0629000 	C:\Users\39\.openjfx\cache\21.0.2+5\amd64\msvcp140_1.dll
0x00007ffbbdf10000 - 0x00007ffbbdf51000 	C:\Users\39\.openjfx\cache\21.0.2+5\amd64\msvcp140_2.dll
0x00007ffbbdd90000 - 0x00007ffbbddc0000 	C:\Users\39\.openjfx\cache\21.0.2+5\amd64\prism_d3d.dll
0x00007ffbda3a0000 - 0x00007ffbda571000 	C:\Windows\system32\d3d9.dll
0x00007ffbe78b0000 - 0x00007ffbe78df000 	C:\Windows\SYSTEM32\dwmapi.dll
0x00007ffbe7680000 - 0x00007ffbe771e000 	C:\Windows\system32\uxtheme.dll
0x00007ffbbcfd0000 - 0x00007ffbbd135000 	C:\Windows\System32\DriverStore\FileRepository\iigd_dch.inf_amd64_4b31d9b38e2bb506\igdumdim64.dll
0x00007ffbeafc0000 - 0x00007ffbeb0eb000 	C:\Windows\System32\ole32.dll
0x00007ffb53d60000 - 0x00007ffb579eb000 	C:\Windows\System32\DriverStore\FileRepository\iigd_dch.inf_amd64_4b31d9b38e2bb506\igd9dxva64.dll
0x00007ffbeab40000 - 0x00007ffbeafb1000 	C:\Windows\System32\SETUPAPI.dll
0x00007ffbea630000 - 0x00007ffbea67e000 	C:\Windows\System32\cfgmgr32.dll
0x00007ffbdd470000 - 0x00007ffbdd7a6000 	C:\Windows\System32\DriverStore\FileRepository\iigd_dch.inf_amd64_4b31d9b38e2bb506\igdgmm64.dll
0x00007ffbbd450000 - 0x00007ffbbd492000 	C:\Users\39\.openjfx\cache\21.0.2+5\amd64\glass.dll
0x00007ffbec170000 - 0x00007ffbec24a000 	C:\Windows\System32\COMDLG32.dll
0x00007ffbeb1a0000 - 0x00007ffbeb2b5000 	C:\Windows\System32\MSCTF.dll
0x00007ffb98ff0000 - 0x00007ffb99017000 	C:\Windows\System32\DriverStore\FileRepository\iigd_dch.inf_amd64_4b31d9b38e2bb506\igdinfo64.dll
0x00007ffbe95f0000 - 0x00007ffbe9608000 	C:\Windows\SYSTEM32\CRYPTSP.dll
0x00007ffbe8d10000 - 0x00007ffbe8d44000 	C:\Windows\system32\rsaenh.dll
0x00007ffbe95e0000 - 0x00007ffbe95ec000 	C:\Windows\SYSTEM32\CRYPTBASE.dll
0x00007ffbda6e0000 - 0x00007ffbdd46f000 	C:\Windows\System32\DriverStore\FileRepository\iigd_dch.inf_amd64_4b31d9b38e2bb506\igc64.dll
0x00007ffbdf240000 - 0x00007ffbdf27b000 	C:\Windows\SYSTEM32\dxcore.dll
0x00007ffbe9110000 - 0x00007ffbe91da000 	C:\Windows\SYSTEM32\DNSAPI.dll
0x00007ffbe90d0000 - 0x00007ffbe910b000 	C:\Windows\SYSTEM32\IPHLPAPI.DLL
0x00007ffbebae0000 - 0x00007ffbebae8000 	C:\Windows\System32\NSI.dll
0x00007ffbe1bf0000 - 0x00007ffbe1bfa000 	C:\Windows\System32\rasadhlp.dll
0x00007ffbdd7b0000 - 0x00007ffbdd830000 	C:\Windows\System32\fwpuclnt.dll
0x00007ffbbd4f0000 - 0x00007ffbbd4f9000 	C:\Users\39\.jdks\jbr-17.0.12-1\bin\extnet.dll
0x00007ffbbd4d0000 - 0x00007ffbbd4e4000 	C:\Users\39\.openjfx\cache\21.0.2+5\amd64\javafx_font.dll
0x00007ffbceb60000 - 0x00007ffbceddf000 	C:\Windows\SYSTEM32\dwrite.dll
0x00007ffbbc390000 - 0x00007ffbbc52a000 	C:\Users\39\.jdks\jbr-17.0.12-1\bin\awt.dll
0x00007ffbbd370000 - 0x00007ffbbd3b4000 	C:\Users\39\.jdks\jbr-17.0.12-1\bin\nvdaControllerClient64.dll
0x00007ffbe5200000 - 0x00007ffbe5294000 	C:\Windows\SYSTEM32\apphelp.dll
0x00007ffbbce50000 - 0x00007ffbbced7000 	C:\Users\39\.jdks\jbr-17.0.12-1\bin\freetype.dll
0x00007ffbbc2a0000 - 0x00007ffbbc385000 	C:\Users\39\.jdks\jbr-17.0.12-1\bin\fontmanager.dll
0x00007ffbeb0f0000 - 0x00007ffbeb199000 	C:\Windows\System32\clbcatq.dll
0x00007ffbe7440000 - 0x00007ffbe75f4000 	C:\Windows\SYSTEM32\WindowsCodecs.dll

dbghelp: loaded successfully - version: 4.0.5 - missing functions: none
symbol engine: initialized successfully - sym options: 0x614 - pdb path: .;C:\Users\39\.jdks\jbr-17.0.12-1\bin;C:\Windows\SYSTEM32;C:\Windows\WinSxS\amd64_microsoft.windows.common-controls_6595b64144ccf1df_6.0.19041.4355_none_60b8b9eb71f62e16;C:\Users\39\.jdks\jbr-17.0.12-1\bin\server;C:\Users\39\.openjfx\cache\21.0.2+5\amd64;C:\Windows\System32\DriverStore\FileRepository\iigd_dch.inf_amd64_4b31d9b38e2bb506;C:\Program Files\Common Files\Microsoft Shared\Ink

VM Arguments:
jvm_args: --module-path=C:\Users\39\.m2\repository\org\openjfx\javafx-base\21.0.2\javafx-base-21.0.2-win.jar;C:\Users\39\.m2\repository\org\openjfx\javafx-base\21.0.2\javafx-base-21.0.2.jar;C:\Users\39\.m2\repository\org\openjfx\javafx-controls\21.0.2\javafx-controls-21.0.2-win.jar;C:\Users\39\.m2\repository\org\openjfx\javafx-controls\21.0.2\javafx-controls-21.0.2.jar;C:\Users\39\.m2\repository\org\openjfx\javafx-fxml\21.0.2\javafx-fxml-21.0.2-win.jar;C:\Users\39\.m2\repository\org\openjfx\javafx-fxml\21.0.2\javafx-fxml-21.0.2.jar;C:\Users\39\.m2\repository\org\openjfx\javafx-graphics\21.0.2\javafx-graphics-21.0.2-win.jar;C:\Users\39\.m2\repository\org\openjfx\javafx-graphics\21.0.2\javafx-graphics-21.0.2.jar;C:\Users\39\.m2\repository\org\openjfx\javafx-media\21.0.2\javafx-media-21.0.2-win.jar;C:\Users\39\.m2\repository\org\openjfx\javafx-media\21.0.2\javafx-media-21.0.2.jar;C:\Users\39\.m2\repository\org\openjfx\javafx-swing\21.0.2\javafx-swing-21.0.2-win.jar;C:\Users\39\.m2\repository\org\openjfx\javafx-swing\21.0.2\javafx-swing-21.0.2.jar;C:\Users\39\.m2\repository\org\openjfx\javafx-web\21.0.2\javafx-web-21.0.2-win.jar;C:\Users\39\.m2\repository\org\openjfx\javafx-web\21.0.2\javafx-web-21.0.2.jar --add-modules=javafx.base,javafx.controls,javafx.fxml,javafx.graphics,javafx.media,javafx.swing,javafx.web 
java_command: org.gymify.tests.MainApp
java_class_path (initial): C:\Users\39\Documents\GitHub\DevAthletes\DevAthletes\gymify\target\classes;C:\Users\39\.m2\repository\com\fasterxml\jackson\core\jackson-annotations\2.15.2\jackson-annotations-2.15.2.jar;C:\Users\39\.m2\repository\com\fasterxml\jackson\core\jackson-core\2.13.3\jackson-core-2.13.3.jar;C:\Users\39\.m2\repository\com\fasterxml\jackson\core\jackson-databind\2.15.2\jackson-databind-2.15.2.jar;C:\Users\39\.m2\repository\com\fasterxml\woodstox\woodstox-core\5.1.0\woodstox-core-5.1.0.jar;C:\Users\39\.m2\repository\com\google\api-client\google-api-client\2.0.0\google-api-client-2.0.0.jar;C:\Users\39\.m2\repository\com\google\apis\google-api-services-calendar\v3-rev20220715-2.0.0\google-api-services-calendar-v3-rev20220715-2.0.0.jar;C:\Users\39\.m2\repository\com\google\code\findbugs\jsr305\3.0.2\jsr305-3.0.2.jar;C:\Users\39\.m2\repository\com\google\code\gson\gson\2.9.0\gson-2.9.0.jar;C:\Users\39\.m2\repository\com\google\errorprone\error_prone_annotations\2.11.0\error_prone_annotations-2.11.0.jar;C:\Users\39\.m2\repository\com\google\guava\failureaccess\1.0.1\failureaccess-1.0.1.jar;C:\Users\39\.m2\repository\com\google\guava\guava\31.1-jre\guava-31.1-jre.jar;C:\Users\39\.m2\repository\com\google\guava\listenablefuture\9999.0-empty-to-avoid-conflict-with-guava\listenablefuture-9999.0-empty-to-avoid-conflict-with-guava.jar;C:\Users\39\.m2\repository\com\google\http-client\google-http-client\1.42.0\google-http-client-1.42.0.jar;C:\Users\39\.m2\repository\com\google\http-client\google-http-client-apache-v2\1.42.1\google-http-client-apache-v2-1.42.1.jar;C:\Users\39\.m2\repository\com\google\http-client\google-http-client-gson\1.42.1\google-http-client-gson-1.42.1.jar;C:\Users\39\.m2\repository\com\google\http-client\google-http-client-jackson2\1.42.0\google-http-client-jackson2-1.42.0.jar;C:\Users\39\.m2\repository\com\google\j2objc\j2objc-annotations\1.3\j2objc-annotations-1.3.jar;C:\Users\39\.m2\repository\com\google\oauth-client\google-oauth-clie
Launcher Type: SUN_STANDARD

[Global flags]
     intx CICompilerCount                          = 4                                         {product} {ergonomic}
     uint ConcGCThreads                            = 2                                         {product} {ergonomic}
     uint G1ConcRefinementThreads                  = 8                                         {product} {ergonomic}
   size_t G1HeapRegionSize                         = 1048576                                   {product} {ergonomic}
    uintx GCDrainStackTargetSize                   = 64                                        {product} {ergonomic}
   size_t InitialHeapSize                          = 65011712                                  {product} {ergonomic}
   size_t MarkStackSize                            = 4194304                                   {product} {ergonomic}
   size_t MaxHeapSize                              = 1031798784                                {product} {ergonomic}
   size_t MaxNewSize                               = 618659840                                 {product} {ergonomic}
   size_t MinHeapDeltaBytes                        = 1048576                                   {product} {ergonomic}
   size_t MinHeapSize                              = 8388608                                   {product} {ergonomic}
    uintx NonNMethodCodeHeapSize                   = 5839372                                {pd product} {ergonomic}
    uintx NonProfiledCodeHeapSize                  = 122909434                              {pd product} {ergonomic}
    uintx ProfiledCodeHeapSize                     = 122909434                              {pd product} {ergonomic}
    uintx ReservedCodeCacheSize                    = 251658240                              {pd product} {ergonomic}
     bool SegmentedCodeCache                       = true                                      {product} {ergonomic}
   size_t SoftMaxHeapSize                          = 1031798784                             {manageable} {ergonomic}
     bool UseCompressedClassPointers               = true                           {product lp64_product} {ergonomic}
     bool UseCompressedOops                        = true                           {product lp64_product} {ergonomic}
     bool UseG1GC                                  = true                                      {product} {ergonomic}
     bool UseLargePagesIndividualAllocation        = false                                  {pd product} {ergonomic}

Logging:
Log output configuration:
 #0: stdout all=warning uptime,level,tags
 #1: stderr all=off uptime,level,tags

Environment Variables:
PATH=C:\oraclexe\app\oracle\product\11.2.0\server\bin;C:\Users\39\.jdks\jbr-17.0.12-1\bin;C:\Program Files (x86)\VMware\VMware Workstation\bin\;C:\Users\39\.jdks\jbr-17.0.12\bin;C:\Windows\system32;C:\Windows;C:\Windows\System32\Wbem;C:\Windows\System32\WindowsPowerShell\v1.0\;C:\Windows\System32\OpenSSH\;C:\xampp\php;C:\composer;C:\Program Files\Git\cmd;C:\Program Files (x86)\CodeBlocks\MinGW\bin;C:\Program Files (x86)\GnuWin32\bin;C:\Program Files\Apache\Maven\apache-maven-3.8.8\bin;C:\Users\39\scoop\shims;C:\Users\39\AppData\Local\Microsoft\WindowsApps;C:\Users\39\AppData\Roaming\Composer\vendor\bin;C:\Users\39\AppData\Local\Programs\Microsoft VS Code\bin;C:\Users\39\AppData\Local\GitHubDesktop\bin
USERNAME=39
OS=Windows_NT
PROCESSOR_IDENTIFIER=Intel64 Family 6 Model 142 Stepping 12, GenuineIntel
TMP=C:\Users\39\AppData\Local\Temp
TEMP=C:\Users\39\AppData\Local\Temp



Periodic native trim disabled

JNI global refs:
JNI global refs: 111, weak refs: 2

JNI global refs memory usage: 1475, weak refs: 841

Process memory usage:
Resident Set Size: 371364K (9% of 4024112K total physical memory with 74668K free physical memory)

OOME stack traces (most recent first):
Classloader memory used:
Loader jdk.internal.loader.ClassLoaders$AppClassLoader                                 : 2296K
Loader bootstrap                                                                       : 1168K
Loader jdk.internal.loader.ClassLoaders$PlatformClassLoader                            : 47538B
Loader jdk.internal.reflect.DelegatingClassLoader                                      : 12658B
Loader com.sun.javafx.reflect.MethodUtil                                               : 510B


---------------  S Y S T E M  ---------------

OS:
 Windows 10 , 64 bit Build 19041 (10.0.19041.5438)
OS uptime: 0 days 2:39 hours

CPU: total 8 (initial active 8) (4 cores per cpu, 2 threads per core) family 6 model 142 stepping 12 microcode 0xde, cx8, cmov, fxsr, ht, mmx, 3dnowpref, sse, sse2, sse3, ssse3, sse4.1, sse4.2, popcnt, lzcnt, tsc, tscinvbit, avx, avx2, aes, erms, clmul, bmi1, bmi2, adx, fma, vzeroupper, clflush, clflushopt
Processor Information for processor 0
  Max Mhz: 2112, Current Mhz: 1408, Mhz Limit: 1605
Processor Information for processor 1
  Max Mhz: 2112, Current Mhz: 1408, Mhz Limit: 1605
Processor Information for processor 2
  Max Mhz: 2112, Current Mhz: 1408, Mhz Limit: 1605
Processor Information for processor 3
  Max Mhz: 2112, Current Mhz: 1408, Mhz Limit: 1605
Processor Information for processor 4
  Max Mhz: 2112, Current Mhz: 1408, Mhz Limit: 1605
Processor Information for processor 5
  Max Mhz: 2112, Current Mhz: 1609, Mhz Limit: 1605
Processor Information for processor 6
  Max Mhz: 2112, Current Mhz: 1408, Mhz Limit: 1605
Processor Information for processor 7
  Max Mhz: 2112, Current Mhz: 1408, Mhz Limit: 1605

Memory: 4k page, system-wide physical 3929M (71M free)
TotalPageFile size 16217M (AvailPageFile size 68M)
current process WorkingSet (physical memory assigned to process): 357M, peak: 368M
current process commit charge ("private bytes"): 680M, peak: 812M

vm_info: OpenJDK 64-Bit Server VM (17.0.12+1-b1207.37) for windows-amd64 JRE (17.0.12+1-b1207.37), built on 2024-09-25 by "builduser" with MS VC++ 16.10 / 16.11 (VS2019)

END.
