#
# There is insufficient memory for the Java Runtime Environment to continue.
# Native memory allocation (malloc) failed to allocate 893936 bytes. Error detail: Chunk::new
# Possible reasons:
#   The system is out of physical RAM or swap space
#   This process is running with CompressedOops enabled, and the Java Heap may be blocking the growth of the native heap
# Possible solutions:
#   Reduce memory load on the system
#   Increase physical memory or swap space
#   Check if swap backing store is full
#   Decrease Java heap size (-Xmx/-Xms)
#   Decrease number of Java threads
#   Decrease Java thread stack sizes (-Xss)
#   Set larger code cache with -XX:ReservedCodeCacheSize=
#   JVM is running with Unscaled Compressed Oops mode in which the Java heap is
#     placed in the first 4GB address space. The Java Heap base address is the
#     maximum limit for the native heap growth. Please use -XX:HeapBaseMinAddress
#     to set the Java Heap base and to place the Java Heap above 4GB virtual address.
# This output file may be truncated or incomplete.
#
#  Out of Memory Error (arena.cpp:191), pid=18612, tid=1756
#
# JRE version: OpenJDK Runtime Environment JBR-17.0.12+1-1207.37-nomod (17.0.12+1) (build 17.0.12+1-b1207.37)
# Java VM: OpenJDK 64-Bit Server VM JBR-17.0.12+1-1207.37-nomod (17.0.12+1-b1207.37, mixed mode, sharing, tiered, compressed oops, compressed class ptrs, g1 gc, windows-amd64)
# No core dump will be written. Minidumps are not enabled by default on client versions of Windows
#

---------------  S U M M A R Y ------------

Command Line: --module-path=C:\Users\39\.m2\repository\org\openjfx\javafx-base\21.0.2\javafx-base-21.0.2-win.jar;C:\Users\39\.m2\repository\org\openjfx\javafx-base\21.0.2\javafx-base-21.0.2.jar;C:\Users\39\.m2\repository\org\openjfx\javafx-controls\21.0.2\javafx-controls-21.0.2-win.jar;C:\Users\39\.m2\repository\org\openjfx\javafx-controls\21.0.2\javafx-controls-21.0.2.jar;C:\Users\39\.m2\repository\org\openjfx\javafx-fxml\21.0.2\javafx-fxml-21.0.2-win.jar;C:\Users\39\.m2\repository\org\openjfx\javafx-fxml\21.0.2\javafx-fxml-21.0.2.jar;C:\Users\39\.m2\repository\org\openjfx\javafx-graphics\21.0.2\javafx-graphics-21.0.2-win.jar;C:\Users\39\.m2\repository\org\openjfx\javafx-graphics\21.0.2\javafx-graphics-21.0.2.jar;C:\Users\39\.m2\repository\org\openjfx\javafx-media\21.0.2\javafx-media-21.0.2-win.jar;C:\Users\39\.m2\repository\org\openjfx\javafx-media\21.0.2\javafx-media-21.0.2.jar;C:\Users\39\.m2\repository\org\openjfx\javafx-web\21.0.2\javafx-web-21.0.2-win.jar;C:\Users\39\.m2\repository\org\openjfx\javafx-web\21.0.2\javafx-web-21.0.2.jar --add-modules=javafx.base,javafx.controls,javafx.fxml,javafx.graphics,javafx.media,javafx.web org.gymify.tests.MainApp

Host: Intel(R) Core(TM) i5-10210U CPU @ 1.60GHz, 8 cores, 3G,  Windows 10 , 64 bit Build 19041 (10.0.19041.5438)
Time: Wed Mar  5 09:36:59 2025 Paris, Madrid elapsed time: 17.335552 seconds (0d 0h 0m 17s)

---------------  T H R E A D  ---------------

Current thread (0x000001fbcc9a47a0):  JavaThread "C2 CompilerThread0" daemon [_thread_in_native, id=1756, stack(0x00000043df600000,0x00000043df700000)]


Current CompileTask:
C2:  17335 5087       4       javafx.scene.Node::updateBounds (174 bytes)

Stack: [0x00000043df600000,0x00000043df700000]
Native frames: (J=compiled Java code, j=interpreted, Vv=VM code, C=native code)
V  [jvm.dll+0x689d89]


---------------  P R O C E S S  ---------------

Threads class SMR info:
_java_thread_list=0x000001fc12316b40, length=21, elements={
0x000001fbb3093830, 0x000001fbcc989760, 0x000001fbcc98a4f0, 0x000001fbcc9a0020,
0x000001fbcc9a2a00, 0x000001fbcc9a32d0, 0x000001fbcc9a3ba0, 0x000001fbcc9a47a0,
0x000001fbcc9b3690, 0x000001fbcc9b3fa0, 0x000001fc12058e00, 0x000001fc121aa7d0,
0x000001fc126e2c40, 0x000001fc12792420, 0x000001fc12681cc0, 0x000001fc129c3e20,
0x000001fc12a0aa10, 0x000001fc120aaf10, 0x000001fc181ca320, 0x000001fc181c9e10,
0x000001fc181c93f0
}

Java Threads: ( => current thread )
  0x000001fbb3093830 JavaThread "main" [_thread_blocked, id=13108, stack(0x00000043de900000,0x00000043dea00000)]
  0x000001fbcc989760 JavaThread "Reference Handler" daemon [_thread_blocked, id=17708, stack(0x00000043df000000,0x00000043df100000)]
  0x000001fbcc98a4f0 JavaThread "Finalizer" daemon [_thread_blocked, id=19576, stack(0x00000043df100000,0x00000043df200000)]
  0x000001fbcc9a0020 JavaThread "Signal Dispatcher" daemon [_thread_blocked, id=19168, stack(0x00000043df200000,0x00000043df300000)]
  0x000001fbcc9a2a00 JavaThread "Attach Listener" daemon [_thread_blocked, id=13664, stack(0x00000043df300000,0x00000043df400000)]
  0x000001fbcc9a32d0 JavaThread "Service Thread" daemon [_thread_blocked, id=16624, stack(0x00000043df400000,0x00000043df500000)]
  0x000001fbcc9a3ba0 JavaThread "Monitor Deflation Thread" daemon [_thread_blocked, id=5804, stack(0x00000043df500000,0x00000043df600000)]
=>0x000001fbcc9a47a0 JavaThread "C2 CompilerThread0" daemon [_thread_in_native, id=1756, stack(0x00000043df600000,0x00000043df700000)]
  0x000001fbcc9b3690 JavaThread "C1 CompilerThread0" daemon [_thread_blocked, id=14452, stack(0x00000043df700000,0x00000043df800000)]
  0x000001fbcc9b3fa0 JavaThread "Sweeper thread" daemon [_thread_blocked, id=6924, stack(0x00000043df800000,0x00000043df900000)]
  0x000001fc12058e00 JavaThread "Common-Cleaner" daemon [_thread_blocked, id=1844, stack(0x00000043df900000,0x00000043dfa00000)]
  0x000001fc121aa7d0 JavaThread "Notification Thread" daemon [_thread_blocked, id=2204, stack(0x00000043dfa00000,0x00000043dfb00000)]
  0x000001fc126e2c40 JavaThread "QuantumRenderer-0" daemon [_thread_blocked, id=9536, stack(0x00000043dfc00000,0x00000043dfd00000)]
  0x000001fc12792420 JavaThread "InvokeLaterDispatcher" daemon [_thread_blocked, id=17036, stack(0x00000043dfd00000,0x00000043dfe00000)]
  0x000001fc12681cc0 JavaThread "JavaFX Application Thread" [_thread_in_native, id=20988, stack(0x00000043dfe00000,0x00000043dff00000)]
  0x000001fc129c3e20 JavaThread "JavaFX-Launcher" [_thread_blocked, id=19712, stack(0x00000043e0300000,0x00000043e0400000)]
  0x000001fc12a0aa10 JavaThread "Thread-2" daemon [_thread_in_native, id=10292, stack(0x00000043e0200000,0x00000043e0300000)]
  0x000001fc120aaf10 JavaThread "mysql-cj-abandoned-connection-cleanup" daemon [_thread_blocked, id=15564, stack(0x00000043e0900000,0x00000043e0a00000)]
  0x000001fc181ca320 JavaThread "Prism Font Disposer" daemon [_thread_blocked, id=20032, stack(0x00000043e0d00000,0x00000043e0e00000)]
  0x000001fc181c9e10 JavaThread "Cleaner-0" daemon [_thread_blocked, id=20648, stack(0x00000043e1100000,0x00000043e1200000)]
  0x000001fc181c93f0 JavaThread "Keep-Alive-Timer" daemon [_thread_blocked, id=12324, stack(0x00000043e1300000,0x00000043e1400000)]

Other Threads:
  0x000001fbcc984c40 VMThread "VM Thread" [stack: 0x00000043def00000,0x00000043df000000] [id=18460]
  0x000001fc121d1ce0 WatcherThread [stack: 0x00000043dfb00000,0x00000043dfc00000] [id=20044]
  0x000001fbb30ce520 GCTaskThread "GC Thread#0" [stack: 0x00000043dea00000,0x00000043deb00000] [id=288]
  0x000001fc12946720 GCTaskThread "GC Thread#1" [stack: 0x00000043e0400000,0x00000043e0500000] [id=7056]
  0x000001fc12a18b30 GCTaskThread "GC Thread#2" [stack: 0x00000043e0500000,0x00000043e0600000] [id=16156]
  0x000001fc1295a370 GCTaskThread "GC Thread#3" [stack: 0x00000043e0600000,0x00000043e0700000] [id=9776]
  0x000001fc129f6010 GCTaskThread "GC Thread#4" [stack: 0x00000043e0700000,0x00000043e0800000] [id=21528]
  0x000001fc129f62d0 GCTaskThread "GC Thread#5" [stack: 0x00000043e0800000,0x00000043e0900000] [id=1824]
  0x000001fc17c448c0 GCTaskThread "GC Thread#6" [stack: 0x00000043e0a00000,0x00000043e0b00000] [id=20432]
  0x000001fc17c44f90 GCTaskThread "GC Thread#7" [stack: 0x00000043e0b00000,0x00000043e0c00000] [id=16876]
  0x000001fbb30d7e90 ConcurrentGCThread "G1 Main Marker" [stack: 0x00000043deb00000,0x00000043dec00000] [id=19840]
  0x000001fbb30d87c0 ConcurrentGCThread "G1 Conc#0" [stack: 0x00000043dec00000,0x00000043ded00000] [id=5912]
  0x000001fc18423070 ConcurrentGCThread "G1 Conc#1" [stack: 0x00000043e1200000,0x00000043e1300000] [id=12908]
  0x000001fbb314d9b0 ConcurrentGCThread "G1 Refine#0" [stack: 0x00000043ded00000,0x00000043dee00000] [id=17852]
  0x000001fc17d209f0 ConcurrentGCThread "G1 Refine#1" [stack: 0x00000043e0c00000,0x00000043e0d00000] [id=3684]
  0x000001fbb314e2f0 ConcurrentGCThread "G1 Service" [stack: 0x00000043dee00000,0x00000043def00000] [id=7068]

Threads with active compile tasks:
C2 CompilerThread0    17445 5087       4       javafx.scene.Node::updateBounds (174 bytes)

VM state: not at safepoint (normal execution)

VM Mutex/Monitor currently owned by a thread: None

Heap address: 0x00000000c2800000, size: 984 MB, Compressed Oops mode: 32-bit

CDS archive(s) mapped at: [0x000001fbcd000000-0x000001fbcdc00000-0x000001fbcdc00000), size 12582912, SharedBaseAddress: 0x000001fbcd000000, ArchiveRelocationMode: 1.
Compressed class space mapped at: 0x000001fbce000000-0x000001fc0e000000, reserved size: 1073741824
Narrow klass base: 0x000001fbcd000000, Narrow klass shift: 0, Narrow klass range: 0x100000000

GC Precious Log:
 CPUs: 8 total, 8 available
 Memory: 3929M
 Large Page Support: Disabled
 NUMA Support: Disabled
 Compressed Oops: Enabled (32-bit)
 Heap Region Size: 1M
 Heap Min Capacity: 8M
 Heap Initial Capacity: 62M
 Heap Max Capacity: 984M
 Pre-touch: Disabled
 Parallel Workers: 8
 Concurrent Workers: 2
 Concurrent Refinement Workers: 8
 Periodic GC: Disabled

Heap:
 garbage-first heap   total 110592K, used 61852K [0x00000000c2800000, 0x0000000100000000)
  region size 1024K, 10 young (10240K), 3 survivors (3072K)
 Metaspace       used 29477K, committed 29760K, reserved 1114112K
  class space    used 4155K, committed 4288K, reserved 1048576K

Heap Regions: E=young(eden), S=young(survivor), O=old, HS=humongous(starts), HC=humongous(continues), CS=collection set, F=free, OA=open archive, CA=closed archive, TAMS=top-at-mark-start (previous, next)
|   0|0x00000000c2800000, 0x00000000c2900000, 0x00000000c2900000|100%| O|  |TAMS 0x00000000c2900000, 0x00000000c2800000| Untracked 
|   1|0x00000000c2900000, 0x00000000c2a00000, 0x00000000c2a00000|100%|HS|  |TAMS 0x00000000c2a00000, 0x00000000c2900000| Complete 
|   2|0x00000000c2a00000, 0x00000000c2b00000, 0x00000000c2b00000|100%| O|  |TAMS 0x00000000c2b00000, 0x00000000c2a00000| Untracked 
|   3|0x00000000c2b00000, 0x00000000c2c00000, 0x00000000c2c00000|100%| O|  |TAMS 0x00000000c2c00000, 0x00000000c2b00000| Untracked 
|   4|0x00000000c2c00000, 0x00000000c2d00000, 0x00000000c2d00000|100%| O|  |TAMS 0x00000000c2d00000, 0x00000000c2c00000| Untracked 
|   5|0x00000000c2d00000, 0x00000000c2e00000, 0x00000000c2e00000|100%| O|  |TAMS 0x00000000c2e00000, 0x00000000c2d00000| Untracked 
|   6|0x00000000c2e00000, 0x00000000c2f00000, 0x00000000c2f00000|100%|HS|  |TAMS 0x00000000c2f00000, 0x00000000c2e00000| Complete 
|   7|0x00000000c2f00000, 0x00000000c3000000, 0x00000000c3000000|100%|HC|  |TAMS 0x00000000c3000000, 0x00000000c2f00000| Complete 
|   8|0x00000000c3000000, 0x00000000c3100000, 0x00000000c3100000|100%| O|  |TAMS 0x00000000c3100000, 0x00000000c3000000| Untracked 
|   9|0x00000000c3100000, 0x00000000c3200000, 0x00000000c3200000|100%| O|  |TAMS 0x00000000c3200000, 0x00000000c3100000| Untracked 
|  10|0x00000000c3200000, 0x00000000c3300000, 0x00000000c3300000|100%| O|  |TAMS 0x00000000c3300000, 0x00000000c3200000| Untracked 
|  11|0x00000000c3300000, 0x00000000c3400000, 0x00000000c3400000|100%| O|  |TAMS 0x00000000c3400000, 0x00000000c3300000| Untracked 
|  12|0x00000000c3400000, 0x00000000c3500000, 0x00000000c3500000|100%| O|  |TAMS 0x00000000c3500000, 0x00000000c3400000| Untracked 
|  13|0x00000000c3500000, 0x00000000c3600000, 0x00000000c3600000|100%| O|  |TAMS 0x00000000c3600000, 0x00000000c3500000| Untracked 
|  14|0x00000000c3600000, 0x00000000c36ec000, 0x00000000c3700000| 92%| O|  |TAMS 0x00000000c36ec000, 0x00000000c3600000| Untracked 
|  15|0x00000000c3700000, 0x00000000c3800000, 0x00000000c3800000|100%|HS|  |TAMS 0x00000000c3800000, 0x00000000c3700000| Complete 
|  16|0x00000000c3800000, 0x00000000c3900000, 0x00000000c3900000|100%|HC|  |TAMS 0x00000000c3900000, 0x00000000c3800000| Complete 
|  17|0x00000000c3900000, 0x00000000c3a00000, 0x00000000c3a00000|100%|HC|  |TAMS 0x00000000c3a00000, 0x00000000c3900000| Complete 
|  18|0x00000000c3a00000, 0x00000000c3b00000, 0x00000000c3b00000|100%|HC|  |TAMS 0x00000000c3b00000, 0x00000000c3a00000| Complete 
|  19|0x00000000c3b00000, 0x00000000c3c00000, 0x00000000c3c00000|100%|HC|  |TAMS 0x00000000c3c00000, 0x00000000c3b00000| Complete 
|  20|0x00000000c3c00000, 0x00000000c3d00000, 0x00000000c3d00000|100%|HS|  |TAMS 0x00000000c3d00000, 0x00000000c3c00000| Complete 
|  21|0x00000000c3d00000, 0x00000000c3e00000, 0x00000000c3e00000|100%|HC|  |TAMS 0x00000000c3e00000, 0x00000000c3d00000| Complete 
|  22|0x00000000c3e00000, 0x00000000c3f00000, 0x00000000c3f00000|100%|HS|  |TAMS 0x00000000c3f00000, 0x00000000c3e00000| Complete 
|  23|0x00000000c3f00000, 0x00000000c4000000, 0x00000000c4000000|100%|HC|  |TAMS 0x00000000c4000000, 0x00000000c3f00000| Complete 
|  24|0x00000000c4000000, 0x00000000c4100000, 0x00000000c4100000|100%|HS|  |TAMS 0x00000000c4100000, 0x00000000c4000000| Complete 
|  25|0x00000000c4100000, 0x00000000c4200000, 0x00000000c4200000|100%|HC|  |TAMS 0x00000000c4200000, 0x00000000c4100000| Complete 
|  26|0x00000000c4200000, 0x00000000c4300000, 0x00000000c4300000|100%|HS|  |TAMS 0x00000000c4300000, 0x00000000c4200000| Complete 
|  27|0x00000000c4300000, 0x00000000c4400000, 0x00000000c4400000|100%|HC|  |TAMS 0x00000000c4400000, 0x00000000c4300000| Complete 
|  28|0x00000000c4400000, 0x00000000c4500000, 0x00000000c4500000|100%|HS|  |TAMS 0x00000000c4500000, 0x00000000c4400000| Complete 
|  29|0x00000000c4500000, 0x00000000c4600000, 0x00000000c4600000|100%|HC|  |TAMS 0x00000000c4600000, 0x00000000c4500000| Complete 
|  30|0x00000000c4600000, 0x00000000c4700000, 0x00000000c4700000|100%| O|  |TAMS 0x00000000c4700000, 0x00000000c4600000| Untracked 
|  31|0x00000000c4700000, 0x00000000c4800000, 0x00000000c4800000|100%| O|  |TAMS 0x00000000c4800000, 0x00000000c4700000| Untracked 
|  32|0x00000000c4800000, 0x00000000c4900000, 0x00000000c4900000|100%| O|  |TAMS 0x00000000c4900000, 0x00000000c4800000| Untracked 
|  33|0x00000000c4900000, 0x00000000c497b200, 0x00000000c4a00000| 48%| O|  |TAMS 0x00000000c491bc00, 0x00000000c4900000| Untracked 
|  34|0x00000000c4a00000, 0x00000000c4b00000, 0x00000000c4b00000|100%|HS|  |TAMS 0x00000000c4b00000, 0x00000000c4a00000| Complete 
|  35|0x00000000c4b00000, 0x00000000c4c00000, 0x00000000c4c00000|100%|HC|  |TAMS 0x00000000c4c00000, 0x00000000c4b00000| Complete 
|  36|0x00000000c4c00000, 0x00000000c4d00000, 0x00000000c4d00000|100%|HS|  |TAMS 0x00000000c4d00000, 0x00000000c4c00000| Complete 
|  37|0x00000000c4d00000, 0x00000000c4e00000, 0x00000000c4e00000|100%|HC|  |TAMS 0x00000000c4e00000, 0x00000000c4d00000| Complete 
|  38|0x00000000c4e00000, 0x00000000c4f00000, 0x00000000c4f00000|100%|HS|  |TAMS 0x00000000c4f00000, 0x00000000c4e00000| Complete 
|  39|0x00000000c4f00000, 0x00000000c5000000, 0x00000000c5000000|100%|HC|  |TAMS 0x00000000c5000000, 0x00000000c4f00000| Complete 
|  40|0x00000000c5000000, 0x00000000c5100000, 0x00000000c5100000|100%|HS|  |TAMS 0x00000000c5100000, 0x00000000c5000000| Complete 
|  41|0x00000000c5100000, 0x00000000c5200000, 0x00000000c5200000|100%|HC|  |TAMS 0x00000000c5200000, 0x00000000c5100000| Complete 
|  42|0x00000000c5200000, 0x00000000c5300000, 0x00000000c5300000|100%|HS|  |TAMS 0x00000000c5300000, 0x00000000c5200000| Complete 
|  43|0x00000000c5300000, 0x00000000c5400000, 0x00000000c5400000|100%|HC|  |TAMS 0x00000000c5400000, 0x00000000c5300000| Complete 
|  44|0x00000000c5400000, 0x00000000c5500000, 0x00000000c5500000|100%|HS|  |TAMS 0x00000000c5500000, 0x00000000c5400000| Complete 
|  45|0x00000000c5500000, 0x00000000c5600000, 0x00000000c5600000|100%|HC|  |TAMS 0x00000000c5600000, 0x00000000c5500000| Complete 
|  46|0x00000000c5600000, 0x00000000c5700000, 0x00000000c5700000|100%|HS|  |TAMS 0x00000000c5700000, 0x00000000c5600000| Complete 
|  47|0x00000000c5700000, 0x00000000c5800000, 0x00000000c5800000|100%|HC|  |TAMS 0x00000000c5800000, 0x00000000c5700000| Complete 
|  48|0x00000000c5800000, 0x00000000c5900000, 0x00000000c5900000|100%|HS|  |TAMS 0x00000000c5800000, 0x00000000c5800000| Complete 
|  49|0x00000000c5900000, 0x00000000c5a00000, 0x00000000c5a00000|100%|HC|  |TAMS 0x00000000c5900000, 0x00000000c5900000| Complete 
|  50|0x00000000c5a00000, 0x00000000c5b00000, 0x00000000c5b00000|100%|HS|  |TAMS 0x00000000c5a00000, 0x00000000c5a00000| Complete 
|  51|0x00000000c5b00000, 0x00000000c5c00000, 0x00000000c5c00000|100%|HC|  |TAMS 0x00000000c5b00000, 0x00000000c5b00000| Complete 
|  52|0x00000000c5c00000, 0x00000000c5c00000, 0x00000000c5d00000|  0%| F|  |TAMS 0x00000000c5c00000, 0x00000000c5c00000| Untracked 
|  53|0x00000000c5d00000, 0x00000000c5d00000, 0x00000000c5e00000|  0%| F|  |TAMS 0x00000000c5d00000, 0x00000000c5d00000| Untracked 
|  54|0x00000000c5e00000, 0x00000000c5e00000, 0x00000000c5f00000|  0%| F|  |TAMS 0x00000000c5e00000, 0x00000000c5e00000| Untracked 
|  55|0x00000000c5f00000, 0x00000000c5f00000, 0x00000000c6000000|  0%| F|  |TAMS 0x00000000c5f00000, 0x00000000c5f00000| Untracked 
|  56|0x00000000c6000000, 0x00000000c6000000, 0x00000000c6100000|  0%| F|  |TAMS 0x00000000c6000000, 0x00000000c6000000| Untracked 
|  57|0x00000000c6100000, 0x00000000c6100000, 0x00000000c6200000|  0%| F|  |TAMS 0x00000000c6100000, 0x00000000c6100000| Untracked 
|  58|0x00000000c6200000, 0x00000000c6200000, 0x00000000c6300000|  0%| F|  |TAMS 0x00000000c6200000, 0x00000000c6200000| Untracked 
|  59|0x00000000c6300000, 0x00000000c6300000, 0x00000000c6400000|  0%| F|  |TAMS 0x00000000c6300000, 0x00000000c6300000| Untracked 
|  60|0x00000000c6400000, 0x00000000c6400000, 0x00000000c6500000|  0%| F|  |TAMS 0x00000000c6400000, 0x00000000c6400000| Untracked 
|  61|0x00000000c6500000, 0x00000000c6500000, 0x00000000c6600000|  0%| F|  |TAMS 0x00000000c6500000, 0x00000000c6500000| Untracked 
|  62|0x00000000c6600000, 0x00000000c6600000, 0x00000000c6700000|  0%| F|  |TAMS 0x00000000c6600000, 0x00000000c6600000| Untracked 
|  63|0x00000000c6700000, 0x00000000c6700000, 0x00000000c6800000|  0%| F|  |TAMS 0x00000000c6700000, 0x00000000c6700000| Untracked 
|  64|0x00000000c6800000, 0x00000000c6800000, 0x00000000c6900000|  0%| F|  |TAMS 0x00000000c6800000, 0x00000000c6800000| Untracked 
|  65|0x00000000c6900000, 0x00000000c6900000, 0x00000000c6a00000|  0%| F|  |TAMS 0x00000000c6900000, 0x00000000c6900000| Untracked 
|  66|0x00000000c6a00000, 0x00000000c6a00000, 0x00000000c6b00000|  0%| F|  |TAMS 0x00000000c6a00000, 0x00000000c6a00000| Untracked 
|  67|0x00000000c6b00000, 0x00000000c6b00000, 0x00000000c6c00000|  0%| F|  |TAMS 0x00000000c6b00000, 0x00000000c6b00000| Untracked 
|  68|0x00000000c6c00000, 0x00000000c6c00000, 0x00000000c6d00000|  0%| F|  |TAMS 0x00000000c6c00000, 0x00000000c6c00000| Untracked 
|  69|0x00000000c6d00000, 0x00000000c6d00000, 0x00000000c6e00000|  0%| F|  |TAMS 0x00000000c6d00000, 0x00000000c6d00000| Untracked 
|  70|0x00000000c6e00000, 0x00000000c6f00000, 0x00000000c6f00000|100%| S|CS|TAMS 0x00000000c6e00000, 0x00000000c6e00000| Complete 
|  71|0x00000000c6f00000, 0x00000000c7000000, 0x00000000c7000000|100%| S|CS|TAMS 0x00000000c6f00000, 0x00000000c6f00000| Complete 
|  72|0x00000000c7000000, 0x00000000c7100000, 0x00000000c7100000|100%| S|CS|TAMS 0x00000000c7000000, 0x00000000c7000000| Complete 
|  73|0x00000000c7100000, 0x00000000c7100000, 0x00000000c7200000|  0%| F|  |TAMS 0x00000000c7100000, 0x00000000c7100000| Untracked 
|  74|0x00000000c7200000, 0x00000000c7200000, 0x00000000c7300000|  0%| F|  |TAMS 0x00000000c7200000, 0x00000000c7200000| Untracked 
|  75|0x00000000c7300000, 0x00000000c7300000, 0x00000000c7400000|  0%| F|  |TAMS 0x00000000c7300000, 0x00000000c7300000| Untracked 
|  76|0x00000000c7400000, 0x00000000c7400000, 0x00000000c7500000|  0%| F|  |TAMS 0x00000000c7400000, 0x00000000c7400000| Untracked 
|  77|0x00000000c7500000, 0x00000000c7500000, 0x00000000c7600000|  0%| F|  |TAMS 0x00000000c7500000, 0x00000000c7500000| Untracked 
|  78|0x00000000c7600000, 0x00000000c7600000, 0x00000000c7700000|  0%| F|  |TAMS 0x00000000c7600000, 0x00000000c7600000| Untracked 
|  79|0x00000000c7700000, 0x00000000c7700000, 0x00000000c7800000|  0%| F|  |TAMS 0x00000000c7700000, 0x00000000c7700000| Untracked 
|  80|0x00000000c7800000, 0x00000000c7800000, 0x00000000c7900000|  0%| F|  |TAMS 0x00000000c7800000, 0x00000000c7800000| Untracked 
|  81|0x00000000c7900000, 0x00000000c7900000, 0x00000000c7a00000|  0%| F|  |TAMS 0x00000000c7900000, 0x00000000c7900000| Untracked 
|  82|0x00000000c7a00000, 0x00000000c7a00000, 0x00000000c7b00000|  0%| F|  |TAMS 0x00000000c7a00000, 0x00000000c7a00000| Untracked 
|  83|0x00000000c7b00000, 0x00000000c7b00000, 0x00000000c7c00000|  0%| F|  |TAMS 0x00000000c7b00000, 0x00000000c7b00000| Untracked 
|  84|0x00000000c7c00000, 0x00000000c7c00000, 0x00000000c7d00000|  0%| F|  |TAMS 0x00000000c7c00000, 0x00000000c7c00000| Untracked 
|  85|0x00000000c7d00000, 0x00000000c7d00000, 0x00000000c7e00000|  0%| F|  |TAMS 0x00000000c7d00000, 0x00000000c7d00000| Untracked 
|  86|0x00000000c7e00000, 0x00000000c7e00000, 0x00000000c7f00000|  0%| F|  |TAMS 0x00000000c7e00000, 0x00000000c7e00000| Untracked 
|  87|0x00000000c7f00000, 0x00000000c7f00000, 0x00000000c8000000|  0%| F|  |TAMS 0x00000000c7f00000, 0x00000000c7f00000| Untracked 
|  88|0x00000000c8000000, 0x00000000c8000000, 0x00000000c8100000|  0%| F|  |TAMS 0x00000000c8000000, 0x00000000c8000000| Untracked 
|  89|0x00000000c8100000, 0x00000000c8100000, 0x00000000c8200000|  0%| F|  |TAMS 0x00000000c8100000, 0x00000000c8100000| Untracked 
|  90|0x00000000c8200000, 0x00000000c8200000, 0x00000000c8300000|  0%| F|  |TAMS 0x00000000c8200000, 0x00000000c8200000| Untracked 
|  91|0x00000000c8300000, 0x00000000c8300000, 0x00000000c8400000|  0%| F|  |TAMS 0x00000000c8300000, 0x00000000c8300000| Untracked 
|  92|0x00000000c8400000, 0x00000000c8400000, 0x00000000c8500000|  0%| F|  |TAMS 0x00000000c8400000, 0x00000000c8400000| Untracked 
|  93|0x00000000c8500000, 0x00000000c8500000, 0x00000000c8600000|  0%| F|  |TAMS 0x00000000c8500000, 0x00000000c8500000| Untracked 
|  94|0x00000000c8600000, 0x00000000c8600000, 0x00000000c8700000|  0%| F|  |TAMS 0x00000000c8600000, 0x00000000c8600000| Untracked 
|  95|0x00000000c8700000, 0x00000000c8700000, 0x00000000c8800000|  0%| F|  |TAMS 0x00000000c8700000, 0x00000000c8700000| Untracked 
|  96|0x00000000c8800000, 0x00000000c8800000, 0x00000000c8900000|  0%| F|  |TAMS 0x00000000c8800000, 0x00000000c8800000| Untracked 
|  97|0x00000000c8900000, 0x00000000c8900000, 0x00000000c8a00000|  0%| F|  |TAMS 0x00000000c8900000, 0x00000000c8900000| Untracked 
|  98|0x00000000c8a00000, 0x00000000c8a00000, 0x00000000c8b00000|  0%| F|  |TAMS 0x00000000c8a00000, 0x00000000c8a00000| Untracked 
|  99|0x00000000c8b00000, 0x00000000c8b00000, 0x00000000c8c00000|  0%| F|  |TAMS 0x00000000c8b00000, 0x00000000c8b00000| Untracked 
| 100|0x00000000c8c00000, 0x00000000c8c00000, 0x00000000c8d00000|  0%| F|  |TAMS 0x00000000c8c00000, 0x00000000c8c00000| Untracked 
| 101|0x00000000c8d00000, 0x00000000c8d00800, 0x00000000c8e00000|  0%| E|  |TAMS 0x00000000c8d00000, 0x00000000c8d00000| Complete 
| 102|0x00000000c8e00000, 0x00000000c8f00000, 0x00000000c8f00000|100%| E|CS|TAMS 0x00000000c8e00000, 0x00000000c8e00000| Complete 
| 103|0x00000000c8f00000, 0x00000000c9000000, 0x00000000c9000000|100%| E|CS|TAMS 0x00000000c8f00000, 0x00000000c8f00000| Complete 
| 104|0x00000000c9000000, 0x00000000c9100000, 0x00000000c9100000|100%| E|CS|TAMS 0x00000000c9000000, 0x00000000c9000000| Complete 
| 105|0x00000000c9100000, 0x00000000c9200000, 0x00000000c9200000|100%| E|CS|TAMS 0x00000000c9100000, 0x00000000c9100000| Complete 
| 106|0x00000000c9200000, 0x00000000c9300000, 0x00000000c9300000|100%| E|CS|TAMS 0x00000000c9200000, 0x00000000c9200000| Complete 
| 107|0x00000000c9300000, 0x00000000c9400000, 0x00000000c9400000|100%| E|CS|TAMS 0x00000000c9300000, 0x00000000c9300000| Complete 

Card table byte_map: [0x000001fbc7cb0000,0x000001fbc7ea0000] _byte_map_base: 0x000001fbc769c000

Marking Bits (Prev, Next): (CMBitMap*) 0x000001fbb30cfaa0, (CMBitMap*) 0x000001fbb30cfa60
 Prev Bits: [0x000001fbc8ff0000, 0x000001fbc9f50000)
 Next Bits: [0x000001fbc8090000, 0x000001fbc8ff0000)

Polling page: 0x000001fbb2f30000

Metaspace:

Usage:
  Non-class:     24.73 MB used.
      Class:      4.06 MB used.
       Both:     28.79 MB used.

Virtual space:
  Non-class space:       64.00 MB reserved,      24.88 MB ( 39%) committed,  1 nodes.
      Class space:        1.00 GB reserved,       4.19 MB ( <1%) committed,  1 nodes.
             Both:        1.06 GB reserved,      29.06 MB (  3%) committed. 

Chunk freelists:
   Non-Class:  6.98 MB
       Class:  11.79 MB
        Both:  18.77 MB

MaxMetaspaceSize: unlimited
CompressedClassSpaceSize: 1.00 GB
Initial GC threshold: 21.00 MB
Current GC threshold: 45.44 MB
CDS: on
MetaspaceReclaimPolicy: balanced
 - commit_granule_bytes: 65536.
 - commit_granule_words: 8192.
 - virtual_space_node_default_size: 8388608.
 - enlarge_chunks_in_place: 1.
 - new_chunks_are_fully_committed: 0.
 - uncommit_free_chunks: 1.
 - use_allocation_guard: 0.
 - handle_deallocations: 1.


Internal statistics:

num_allocs_failed_limit: 3.
num_arena_births: 278.
num_arena_deaths: 0.
num_vsnodes_births: 2.
num_vsnodes_deaths: 0.
num_space_committed: 465.
num_space_uncommitted: 0.
num_chunks_returned_to_freelist: 3.
num_chunks_taken_from_freelist: 1100.
num_chunk_merges: 3.
num_chunk_splits: 766.
num_chunks_enlarged: 569.
num_inconsistent_stats: 0.

CodeHeap 'non-profiled nmethods': size=120000Kb used=1802Kb max_used=1802Kb free=118197Kb
 bounds [0x000001fbbfb20000, 0x000001fbbfd90000, 0x000001fbc7050000]
CodeHeap 'profiled nmethods': size=120000Kb used=10599Kb max_used=10599Kb free=109401Kb
 bounds [0x000001fbb8050000, 0x000001fbb8ab0000, 0x000001fbbf580000]
CodeHeap 'non-nmethods': size=5760Kb used=1523Kb max_used=1599Kb free=4236Kb
 bounds [0x000001fbbf580000, 0x000001fbbf7f0000, 0x000001fbbfb20000]
 total_blobs=5976 nmethods=5071 adapters=816
 compilation: enabled
              stopped_count=0, restarted_count=0
 full_count=0

Compilation events (20 events):
Event: 17.278 Thread 0x000001fbcc9b3690 nmethod 5080 0x000001fbb8a93710 code [0x000001fbb8a93900, 0x000001fbb8a93d98]
Event: 17.278 Thread 0x000001fbcc9b3690 5081       3       javafx.scene.shape.Shape$1::doUpdatePeer (8 bytes)
Event: 17.279 Thread 0x000001fbcc9b3690 nmethod 5081 0x000001fbb8a94010 code [0x000001fbb8a941c0, 0x000001fbb8a94468]
Event: 17.279 Thread 0x000001fbcc9b3690 5082       3       javafx.scene.shape.Shape::doUpdatePeer (5 bytes)
Event: 17.279 Thread 0x000001fbcc9b3690 nmethod 5082 0x000001fbb8a94590 code [0x000001fbb8a94720, 0x000001fbb8a94868]
Event: 17.279 Thread 0x000001fbcc9b3690 5084       3       com.sun.javafx.geom.transform.AffineBase::getType (33 bytes)
Event: 17.279 Thread 0x000001fbcc9b3690 nmethod 5084 0x000001fbb8a94910 code [0x000001fbb8a94ac0, 0x000001fbb8a94dd8]
Event: 17.279 Thread 0x000001fbcc9b3690 5085       3       com.sun.prism.impl.ps.BaseShaderGraphics::renderGeneralRoundedPgram (1199 bytes)
Event: 17.283 Thread 0x000001fbcc9b3690 nmethod 5085 0x000001fbb8a94e90 code [0x000001fbb8a95340, 0x000001fbb8a977d8]
Event: 17.283 Thread 0x000001fbcc9b3690 5086       3       com.sun.prism.impl.VertexBuffer::addMappedPgram (527 bytes)
Event: 17.284 Thread 0x000001fbcc9b3690 nmethod 5086 0x000001fbb8a98710 code [0x000001fbb8a98920, 0x000001fbb8a99378]
Event: 17.284 Thread 0x000001fbcc9b3690 5083       3       javafx.scene.shape.Shape::updatePGShape (201 bytes)
Event: 17.291 Thread 0x000001fbcc9b3690 nmethod 5083 0x000001fbb8a99a90 code [0x000001fbb8a9a220, 0x000001fbb8a9f118]
Event: 17.292 Thread 0x000001fbcc9a47a0 5087       4       javafx.scene.Node::updateBounds (174 bytes)
Event: 17.296 Thread 0x000001fbcc9b3690 5090       1       javafx.scene.layout.Border::getStrokes (5 bytes)
Event: 17.296 Thread 0x000001fbcc9b3690 nmethod 5090 0x000001fbbfcdfb90 code [0x000001fbbfcdfd20, 0x000001fbbfcdfdf8]
Event: 17.312 Thread 0x000001fbcc9b3690 5093       1       com.sun.prism.impl.BaseGraphics::setExtraAlpha (6 bytes)
Event: 17.312 Thread 0x000001fbcc9b3690 nmethod 5093 0x000001fbbfcdfe90 code [0x000001fbbfce0020, 0x000001fbbfce00f8]
Event: 17.327 Thread 0x000001fbcc9b3690 5094   !   3       com.sun.javafx.sg.prism.NGNode::accumulateGroupDirtyRegion (652 bytes)
Event: 17.330 Thread 0x000001fbcc9b3690 nmethod 5094 0x000001fbb8aa0910 code [0x000001fbb8aa0e00, 0x000001fbb8aa3df8]

GC Heap History (18 events):
Event: 0.625 GC heap before
{Heap before GC invocations=0 (full 0):
 garbage-first heap   total 63488K, used 22528K [0x00000000c2800000, 0x0000000100000000)
  region size 1024K, 23 young (23552K), 0 survivors (0K)
 Metaspace       used 4853K, committed 4992K, reserved 1114112K
  class space    used 570K, committed 640K, reserved 1048576K
}
Event: 0.628 GC heap after
{Heap after GC invocations=1 (full 0):
 garbage-first heap   total 63488K, used 3296K [0x00000000c2800000, 0x0000000100000000)
  region size 1024K, 3 young (3072K), 3 survivors (3072K)
 Metaspace       used 4853K, committed 4992K, reserved 1114112K
  class space    used 570K, committed 640K, reserved 1048576K
}
Event: 1.563 GC heap before
{Heap before GC invocations=1 (full 0):
 garbage-first heap   total 63488K, used 30944K [0x00000000c2800000, 0x0000000100000000)
  region size 1024K, 30 young (30720K), 3 survivors (3072K)
 Metaspace       used 13375K, committed 13568K, reserved 1114112K
  class space    used 1727K, committed 1856K, reserved 1048576K
}
Event: 1.570 GC heap after
{Heap after GC invocations=2 (full 0):
 garbage-first heap   total 63488K, used 10020K [0x00000000c2800000, 0x0000000100000000)
  region size 1024K, 4 young (4096K), 4 survivors (4096K)
 Metaspace       used 13375K, committed 13568K, reserved 1114112K
  class space    used 1727K, committed 1856K, reserved 1048576K
}
Event: 14.712 GC heap before
{Heap before GC invocations=2 (full 0):
 garbage-first heap   total 63488K, used 38692K [0x00000000c2800000, 0x0000000100000000)
  region size 1024K, 30 young (30720K), 4 survivors (4096K)
 Metaspace       used 20249K, committed 20544K, reserved 1114112K
  class space    used 2864K, committed 3008K, reserved 1048576K
}
Event: 14.718 GC heap after
{Heap after GC invocations=3 (full 0):
 garbage-first heap   total 63488K, used 15276K [0x00000000c2800000, 0x0000000100000000)
  region size 1024K, 3 young (3072K), 3 survivors (3072K)
 Metaspace       used 20249K, committed 20544K, reserved 1114112K
  class space    used 2864K, committed 3008K, reserved 1048576K
}
Event: 15.036 GC heap before
{Heap before GC invocations=3 (full 0):
 garbage-first heap   total 63488K, used 19372K [0x00000000c2800000, 0x0000000100000000)
  region size 1024K, 8 young (8192K), 3 survivors (3072K)
 Metaspace       used 21296K, committed 21504K, reserved 1114112K
  class space    used 3096K, committed 3200K, reserved 1048576K
}
Event: 15.040 GC heap after
{Heap after GC invocations=4 (full 0):
 garbage-first heap   total 63488K, used 16203K [0x00000000c2800000, 0x0000000100000000)
  region size 1024K, 1 young (1024K), 1 survivors (1024K)
 Metaspace       used 21296K, committed 21504K, reserved 1114112K
  class space    used 3096K, committed 3200K, reserved 1048576K
}
Event: 16.205 GC heap before
{Heap before GC invocations=5 (full 0):
 garbage-first heap   total 58368K, used 40779K [0x00000000c2800000, 0x0000000100000000)
  region size 1024K, 16 young (16384K), 1 survivors (1024K)
 Metaspace       used 27618K, committed 27904K, reserved 1114112K
  class space    used 3856K, committed 3968K, reserved 1048576K
}
Event: 16.209 GC heap after
{Heap after GC invocations=6 (full 0):
 garbage-first heap   total 58368K, used 29795K [0x00000000c2800000, 0x0000000100000000)
  region size 1024K, 4 young (4096K), 4 survivors (4096K)
 Metaspace       used 27618K, committed 27904K, reserved 1114112K
  class space    used 3856K, committed 3968K, reserved 1048576K
}
Event: 16.223 GC heap before
{Heap before GC invocations=7 (full 0):
 garbage-first heap   total 60416K, used 33891K [0x00000000c2800000, 0x0000000100000000)
  region size 1024K, 5 young (5120K), 4 survivors (4096K)
 Metaspace       used 27619K, committed 27904K, reserved 1114112K
  class space    used 3856K, committed 3968K, reserved 1048576K
}
Event: 16.226 GC heap after
{Heap after GC invocations=8 (full 0):
 garbage-first heap   total 60416K, used 34068K [0x00000000c2800000, 0x0000000100000000)
  region size 1024K, 1 young (1024K), 1 survivors (1024K)
 Metaspace       used 27619K, committed 27904K, reserved 1114112K
  class space    used 3856K, committed 3968K, reserved 1048576K
}
Event: 16.244 GC heap before
{Heap before GC invocations=9 (full 0):
 garbage-first heap   total 68608K, used 40212K [0x00000000c2800000, 0x0000000100000000)
  region size 1024K, 2 young (2048K), 1 survivors (1024K)
 Metaspace       used 27622K, committed 27904K, reserved 1114112K
  class space    used 3856K, committed 3968K, reserved 1048576K
}
Event: 16.246 GC heap after
{Heap after GC invocations=10 (full 0):
 garbage-first heap   total 68608K, used 40188K [0x00000000c2800000, 0x0000000100000000)
  region size 1024K, 1 young (1024K), 1 survivors (1024K)
 Metaspace       used 27622K, committed 27904K, reserved 1114112K
  class space    used 3856K, committed 3968K, reserved 1048576K
}
Event: 16.270 GC heap before
{Heap before GC invocations=11 (full 0):
 garbage-first heap   total 81920K, used 48380K [0x00000000c2800000, 0x0000000100000000)
  region size 1024K, 2 young (2048K), 1 survivors (1024K)
 Metaspace       used 27623K, committed 27904K, reserved 1114112K
  class space    used 3856K, committed 3968K, reserved 1048576K
}
Event: 16.271 GC heap after
{Heap after GC invocations=12 (full 0):
 garbage-first heap   total 81920K, used 48476K [0x00000000c2800000, 0x0000000100000000)
  region size 1024K, 1 young (1024K), 1 survivors (1024K)
 Metaspace       used 27623K, committed 27904K, reserved 1114112K
  class space    used 3856K, committed 3968K, reserved 1048576K
}
Event: 16.601 GC heap before
{Heap before GC invocations=13 (full 0):
 garbage-first heap   total 92160K, used 68956K [0x00000000c2800000, 0x0000000100000000)
  region size 1024K, 17 young (17408K), 1 survivors (1024K)
 Metaspace       used 28891K, committed 29184K, reserved 1114112K
  class space    used 4090K, committed 4224K, reserved 1048576K
}
Event: 16.619 GC heap after
{Heap after GC invocations=14 (full 0):
 garbage-first heap   total 110592K, used 55708K [0x00000000c2800000, 0x0000000100000000)
  region size 1024K, 3 young (3072K), 3 survivors (3072K)
 Metaspace       used 28891K, committed 29184K, reserved 1114112K
  class space    used 4090K, committed 4224K, reserved 1048576K
}

Dll operation events (3 events):
Event: 0.004 Loaded shared library C:\Users\39\.jdks\jbr-17.0.12-1\bin\java.dll
Event: 0.018 Loaded shared library C:\Users\39\.jdks\jbr-17.0.12-1\bin\jsvml.dll
Event: 14.659 Loaded shared library C:\Users\39\.jdks\jbr-17.0.12-1\bin\verify.dll

Deoptimization events (20 events):
Event: 17.000 Thread 0x000001fc126e2c40 DEOPT PACKING pc=0x000001fbb81c1846 sp=0x00000043dfcfc570
Event: 17.000 Thread 0x000001fc126e2c40 DEOPT UNPACKING pc=0x000001fbbf5d7143 sp=0x00000043dfcfba00 mode 0
Event: 17.000 Thread 0x000001fc126e2c40 DEOPT PACKING pc=0x000001fbb81c1846 sp=0x00000043dfcfc570
Event: 17.000 Thread 0x000001fc126e2c40 DEOPT UNPACKING pc=0x000001fbbf5d7143 sp=0x00000043dfcfba00 mode 0
Event: 17.001 Thread 0x000001fc126e2c40 DEOPT PACKING pc=0x000001fbb81c1846 sp=0x00000043dfcfc570
Event: 17.001 Thread 0x000001fc126e2c40 DEOPT UNPACKING pc=0x000001fbbf5d7143 sp=0x00000043dfcfba00 mode 0
Event: 17.001 Thread 0x000001fc126e2c40 DEOPT PACKING pc=0x000001fbb81c1846 sp=0x00000043dfcfc570
Event: 17.001 Thread 0x000001fc126e2c40 DEOPT UNPACKING pc=0x000001fbbf5d7143 sp=0x00000043dfcfba00 mode 0
Event: 17.001 Thread 0x000001fc126e2c40 DEOPT PACKING pc=0x000001fbb81c1846 sp=0x00000043dfcfc570
Event: 17.001 Thread 0x000001fc126e2c40 DEOPT UNPACKING pc=0x000001fbbf5d7143 sp=0x00000043dfcfba00 mode 0
Event: 17.002 Thread 0x000001fc126e2c40 DEOPT PACKING pc=0x000001fbb81c1846 sp=0x00000043dfcfc570
Event: 17.002 Thread 0x000001fc126e2c40 DEOPT UNPACKING pc=0x000001fbbf5d7143 sp=0x00000043dfcfba00 mode 0
Event: 17.002 Thread 0x000001fc126e2c40 DEOPT PACKING pc=0x000001fbb81c1846 sp=0x00000043dfcfc570
Event: 17.002 Thread 0x000001fc126e2c40 DEOPT UNPACKING pc=0x000001fbbf5d7143 sp=0x00000043dfcfba00 mode 0
Event: 17.002 Thread 0x000001fc126e2c40 DEOPT PACKING pc=0x000001fbb81c1846 sp=0x00000043dfcfc570
Event: 17.002 Thread 0x000001fc126e2c40 DEOPT UNPACKING pc=0x000001fbbf5d7143 sp=0x00000043dfcfba00 mode 0
Event: 17.174 Thread 0x000001fc126e2c40 DEOPT PACKING pc=0x000001fbb8a5f89a sp=0x00000043dfcfd270
Event: 17.174 Thread 0x000001fc126e2c40 DEOPT UNPACKING pc=0x000001fbbf5d7143 sp=0x00000043dfcfc6c8 mode 0
Event: 17.179 Thread 0x000001fc126e2c40 DEOPT PACKING pc=0x000001fbb8a5f89a sp=0x00000043dfcfd270
Event: 17.179 Thread 0x000001fc126e2c40 DEOPT UNPACKING pc=0x000001fbbf5d7143 sp=0x00000043dfcfc6c8 mode 0

Classes loaded (20 events):
Event: 15.753 Loading class sun/net/www/MeteredStream done
Event: 15.754 Loading class sun/net/www/http/KeepAliveStream done
Event: 15.754 Loading class sun/net/www/http/KeepAliveStreamCleaner
Event: 15.755 Loading class sun/net/www/http/KeepAliveStreamCleaner done
Event: 15.755 Loading class sun/net/www/http/KeepAliveStreamCleaner$1
Event: 15.755 Loading class sun/net/www/http/KeepAliveStreamCleaner$1 done
Event: 15.756 Loading class sun/net/www/http/KeepAliveStreamCleaner$2
Event: 15.756 Loading class sun/net/www/http/KeepAliveStreamCleaner$2 done
Event: 15.756 Loading class sun/net/www/protocol/http/HttpURLConnection$HttpInputStream
Event: 15.756 Loading class sun/net/www/protocol/http/HttpURLConnection$HttpInputStream done
Event: 16.150 Loading class sun/net/www/http/ChunkedInputStream
Event: 16.150 Loading class sun/net/www/http/ChunkedInputStream done
Event: 16.150 Loading class sun/net/www/http/KeepAliveCache$1
Event: 16.150 Loading class sun/net/www/http/KeepAliveCache$1 done
Event: 16.151 Loading class sun/net/www/http/ClientVector
Event: 16.151 Loading class sun/net/www/http/ClientVector done
Event: 16.152 Loading class sun/net/www/http/KeepAliveEntry
Event: 16.152 Loading class sun/net/www/http/KeepAliveEntry done
Event: 16.653 Loading class java/text/FieldPosition$Delegate
Event: 16.654 Loading class java/text/FieldPosition$Delegate done

Classes unloaded (0 events):
No events

Classes redefined (0 events):
No events

Internal exceptions (20 events):
Event: 1.857 Thread 0x000001fc12681cc0 Exception <a 'java/lang/IncompatibleClassChangeError'{0x00000000c5ae9bc8}: Found class java.lang.Object, but interface was expected> (0x00000000c5ae9bc8) 
thrown [s\src\hotspot\share\interpreter\linkResolver.cpp, line 838]
Event: 1.860 Thread 0x000001fc12681cc0 Implicit null exception at 0x000001fbbfb7ae0f to 0x000001fbbfb7ae89
Event: 1.958 Thread 0x000001fc12681cc0 Exception <a 'java/lang/NoSuchMethodError'{0x00000000c55fb850}: 'java.lang.Object java.lang.invoke.DirectMethodHandle$Holder.newInvokeSpecial(java.lang.Object, java.lang.Object, int)'> (0x00000000c55fb850) 
thrown [s\src\hotspot\share\interpreter\linkResolver.cpp, line 771]
Event: 2.122 Thread 0x000001fc126e2c40 Exception <a 'java/lang/NoSuchMethodError'{0x00000000c5300d08}: 'int java.lang.invoke.DirectMethodHandle$Holder.invokeStaticInit(java.lang.Object, java.lang.Object)'> (0x00000000c5300d08) 
thrown [s\src\hotspot\share\interpreter\linkResolver.cpp, line 771]
Event: 2.135 Thread 0x000001fc12681cc0 Exception <a 'java/lang/NoSuchMethodError'{0x00000000c536a798}: 'long java.lang.invoke.DirectMethodHandle$Holder.invokeStatic(java.lang.Object, java.lang.Object, java.lang.Object)'> (0x00000000c536a798) 
thrown [s\src\hotspot\share\interpreter\linkResolver.cpp, line 771]
Event: 2.136 Thread 0x000001fc12681cc0 Exception <a 'java/lang/NoSuchMethodError'{0x00000000c536df40}: 'long java.lang.invoke.DirectMethodHandle$Holder.invokeStaticInit(java.lang.Object, java.lang.Object, java.lang.Object)'> (0x00000000c536df40) 
thrown [s\src\hotspot\share\interpreter\linkResolver.cpp, line 771]
Event: 2.140 Thread 0x000001fc12681cc0 Exception <a 'java/lang/NoSuchMethodError'{0x00000000c5385ac0}: 'java.lang.Object java.lang.invoke.DirectMethodHandle$Holder.newInvokeSpecial(java.lang.Object, java.lang.Object, long)'> (0x00000000c5385ac0) 
thrown [s\src\hotspot\share\interpreter\linkResolver.cpp, line 771]
Event: 2.141 Thread 0x000001fc12681cc0 Exception <a 'java/lang/NoSuchMethodError'{0x00000000c5389630}: 'java.lang.Object java.lang.invoke.Invokers$Holder.linkToTargetMethod(java.lang.Object, long, java.lang.Object)'> (0x00000000c5389630) 
thrown [s\src\hotspot\share\interpreter\linkResolver.cpp, line 771]
Event: 15.099 Thread 0x000001fc12681cc0 Exception <a 'sun/nio/fs/WindowsException'{0x00000000c5d49310}> (0x00000000c5d49310) 
thrown [s\src\hotspot\share\prims\jni.cpp, line 531]
Event: 15.110 Thread 0x000001fc12681cc0 Exception <a 'java/lang/NoSuchMethodError'{0x00000000c5d6dce0}: 'int java.lang.invoke.DirectMethodHandle$Holder.invokeStaticInit(java.lang.Object, java.lang.Object, java.lang.Object, java.lang.Object)'> (0x00000000c5d6dce0) 
thrown [s\src\hotspot\share\interpreter\linkResolver.cpp, line 771]
Event: 15.111 Thread 0x000001fc12681cc0 Exception <a 'java/lang/IncompatibleClassChangeError'{0x00000000c5d77348}: Found class java.lang.Object, but interface was expected> (0x00000000c5d77348) 
thrown [s\src\hotspot\share\interpreter\linkResolver.cpp, line 838]
Event: 15.182 Thread 0x000001fc12681cc0 Exception <a 'java/lang/NoSuchMethodError'{0x00000000c5833098}: 'java.lang.Object java.lang.invoke.DirectMethodHandle$Holder.invokeStaticInit(java.lang.Object, int, int, int, int)'> (0x00000000c5833098) 
thrown [s\src\hotspot\share\interpreter\linkResolver.cpp, line 771]
Event: 15.215 Thread 0x000001fc12681cc0 Exception <a 'java/lang/NoSuchMethodError'{0x00000000c570aa30}: 'java.lang.Object java.lang.invoke.DirectMethodHandle$Holder.invokeStaticInit(java.lang.Object, java.lang.Object, int, int, int, int)'> (0x00000000c570aa30) 
thrown [s\src\hotspot\share\interpreter\linkResolver.cpp, line 771]
Event: 15.600 Thread 0x000001fc12681cc0 Implicit null exception at 0x000001fbbfc70d8c to 0x000001fbbfc70f42
Event: 16.289 Thread 0x000001fc12681cc0 Exception <a 'java/io/FileNotFoundException'{0x00000000c761ab10}> (0x00000000c761ab10) 
thrown [s\src\hotspot\share\prims\jni.cpp, line 531]
Event: 16.301 Thread 0x000001fc12681cc0 Exception <a 'java/lang/ClassNotFoundException'{0x00000000c76f0628}: com/sun/javafx/scene/control/skin/resources/controls-nt> (0x00000000c76f0628) 
thrown [s\src\hotspot\share\prims\jni.cpp, line 550]
Event: 16.302 Thread 0x000001fc12681cc0 Exception <a 'java/lang/ClassNotFoundException'{0x00000000c76f9190}: com/sun/javafx/scene/control/skin/resources/controls-nt_fr> (0x00000000c76f9190) 
thrown [s\src\hotspot\share\prims\jni.cpp, line 550]
Event: 16.303 Thread 0x000001fc12681cc0 Exception <a 'java/lang/ClassNotFoundException'{0x00000000c76fb008}: com/sun/javafx/scene/control/skin/resources/controls-nt_fr_FR> (0x00000000c76fb008) 
thrown [s\src\hotspot\share\prims\jni.cpp, line 550]
Event: 16.309 Thread 0x000001fc12681cc0 Implicit null exception at 0x000001fbbfc3abd0 to 0x000001fbbfc3ac34
Event: 16.812 Thread 0x000001fc126e2c40 Exception <a 'java/lang/NoSuchMethodError'{0x00000000c900db00}: 'java.lang.Object java.lang.invoke.DirectMethodHandle$Holder.invokeStaticInit(java.lang.Object, int)'> (0x00000000c900db00) 
thrown [s\src\hotspot\share\interpreter\linkResolver.cpp, line 771]

VM Operations (20 events):
Event: 16.268 Executing VM operation: G1PauseCleanup
Event: 16.268 Executing VM operation: G1PauseCleanup done
Event: 16.270 Executing VM operation: G1TryInitiateConcMark
Event: 16.271 Executing VM operation: G1TryInitiateConcMark done
Event: 16.282 Executing VM operation: G1PauseRemark
Event: 16.284 Executing VM operation: G1PauseRemark done
Event: 16.288 Executing VM operation: G1PauseCleanup
Event: 16.288 Executing VM operation: G1PauseCleanup done
Event: 16.389 Executing VM operation: HandshakeAllThreads
Event: 16.389 Executing VM operation: HandshakeAllThreads done
Event: 16.417 Executing VM operation: ICBufferFull
Event: 16.417 Executing VM operation: ICBufferFull done
Event: 16.438 Executing VM operation: HandshakeAllThreads
Event: 16.438 Executing VM operation: HandshakeAllThreads done
Event: 16.438 Executing VM operation: HandshakeAllThreads
Event: 16.438 Executing VM operation: HandshakeAllThreads done
Event: 16.601 Executing VM operation: G1CollectForAllocation
Event: 16.619 Executing VM operation: G1CollectForAllocation done
Event: 16.689 Executing VM operation: HandshakeAllThreads
Event: 16.689 Executing VM operation: HandshakeAllThreads done

Events (20 events):
Event: 0.304 Loaded shared library C:\Users\39\.openjfx\cache\21.0.2+5\amd64\msvcp140.dll
Event: 0.307 Loaded shared library C:\Users\39\.openjfx\cache\21.0.2+5\amd64\msvcp140_1.dll
Event: 0.312 Loaded shared library C:\Users\39\.openjfx\cache\21.0.2+5\amd64\msvcp140_2.dll
Event: 0.352 Thread 0x000001fc126e2c40 Thread added: 0x000001fc126e2c40
Event: 0.366 Loaded shared library C:\Users\39\.openjfx\cache\21.0.2+5\amd64\prism_d3d.dll
Event: 0.448 Loaded shared library C:\Users\39\.openjfx\cache\21.0.2+5\amd64\glass.dll
Event: 0.449 Thread 0x000001fc12792420 Thread added: 0x000001fc12792420
Event: 0.452 Thread 0x000001fc12681cc0 Thread added: 0x000001fc12681cc0
Event: 0.576 Thread 0x000001fc129c3e20 Thread added: 0x000001fc129c3e20
Event: 0.588 Thread 0x000001fc12a0aa10 Thread added: 0x000001fc12a0aa10
Event: 0.600 Loaded shared library C:\Users\39\.jdks\jbr-17.0.12-1\bin\jimage.dll
Event: 0.686 Thread 0x000001fc120aaf10 Thread added: 0x000001fc120aaf10
Event: 0.855 Loaded shared library C:\Users\39\.jdks\jbr-17.0.12-1\bin\extnet.dll
Event: 1.145 Loaded shared library C:\Users\39\.openjfx\cache\21.0.2+5\amd64\javafx_font.dll
Event: 1.590 Thread 0x000001fc181ca320 Thread added: 0x000001fc181ca320
Event: 2.225 Thread 0x000001fc181c9e10 Thread added: 0x000001fc181c9e10
Event: 15.243 Loaded shared library C:\Users\39\.jdks\jbr-17.0.12-1\bin\sunmscapi.dll
Event: 15.668 Thread 0x000001fc181c84c0 Thread added: 0x000001fc181c84c0
Event: 15.668 Thread 0x000001fc181c84c0 Thread exited: 0x000001fc181c84c0
Event: 16.151 Thread 0x000001fc181c93f0 Thread added: 0x000001fc181c93f0


Dynamic libraries:
0x00007ff7a3740000 - 0x00007ff7a374a000 	C:\Users\39\.jdks\jbr-17.0.12-1\bin\java.exe
0x00007ffab2050000 - 0x00007ffab2248000 	C:\Windows\SYSTEM32\ntdll.dll
0x00007ffab0bc0000 - 0x00007ffab0c82000 	C:\Windows\System32\KERNEL32.DLL
0x00007ffaafa20000 - 0x00007ffaafd1f000 	C:\Windows\System32\KERNELBASE.dll
0x00007ffaaf920000 - 0x00007ffaafa20000 	C:\Windows\System32\ucrtbase.dll
0x00007ffaad8c0000 - 0x00007ffaad8d7000 	C:\Users\39\.jdks\jbr-17.0.12-1\bin\jli.dll
0x00007ffaa7c60000 - 0x00007ffaa7c7b000 	C:\Users\39\.jdks\jbr-17.0.12-1\bin\VCRUNTIME140.dll
0x00007ffab0190000 - 0x00007ffab032d000 	C:\Windows\System32\USER32.dll
0x00007ffaaff30000 - 0x00007ffaaff52000 	C:\Windows\System32\win32u.dll
0x00007ffaaed70000 - 0x00007ffaaf00a000 	C:\Windows\WinSxS\amd64_microsoft.windows.common-controls_6595b64144ccf1df_6.0.19041.4355_none_60b8b9eb71f62e16\COMCTL32.dll
0x00007ffab0890000 - 0x00007ffab08bb000 	C:\Windows\System32\GDI32.dll
0x00007ffab08c0000 - 0x00007ffab095e000 	C:\Windows\System32\msvcrt.dll
0x00007ffaaf6f0000 - 0x00007ffaaf80a000 	C:\Windows\System32\gdi32full.dll
0x00007ffaaff60000 - 0x00007ffaafffd000 	C:\Windows\System32\msvcp_win.dll
0x00007ffab1f70000 - 0x00007ffab1f9f000 	C:\Windows\System32\IMM32.DLL
0x00007ffaad730000 - 0x00007ffaad73c000 	C:\Users\39\.jdks\jbr-17.0.12-1\bin\vcruntime140_1.dll
0x00007ffa9ca90000 - 0x00007ffa9cb1d000 	C:\Users\39\.jdks\jbr-17.0.12-1\bin\msvcp140.dll
0x00007ffa4b3c0000 - 0x00007ffa4c04a000 	C:\Users\39\.jdks\jbr-17.0.12-1\bin\server\jvm.dll
0x00007ffab0330000 - 0x00007ffab03df000 	C:\Windows\System32\ADVAPI32.dll
0x00007ffab1860000 - 0x00007ffab18ff000 	C:\Windows\System32\sechost.dll
0x00007ffab1e40000 - 0x00007ffab1f63000 	C:\Windows\System32\RPCRT4.dll
0x00007ffaaf810000 - 0x00007ffaaf837000 	C:\Windows\System32\bcrypt.dll
0x00007ffab1fa0000 - 0x00007ffab200b000 	C:\Windows\System32\WS2_32.dll
0x00007ffaaf260000 - 0x00007ffaaf2ab000 	C:\Windows\SYSTEM32\POWRPROF.dll
0x00007ffa9b820000 - 0x00007ffa9b847000 	C:\Windows\SYSTEM32\WINMM.dll
0x00007ffaac050000 - 0x00007ffaac05a000 	C:\Windows\SYSTEM32\VERSION.dll
0x00007ffaaf010000 - 0x00007ffaaf022000 	C:\Windows\SYSTEM32\UMPDC.dll
0x00007ffaac760000 - 0x00007ffaac772000 	C:\Windows\SYSTEM32\kernel.appcore.dll
0x00007ffaa7d10000 - 0x00007ffaa7d1a000 	C:\Users\39\.jdks\jbr-17.0.12-1\bin\jimage.dll
0x00007ffaaf070000 - 0x00007ffaaf254000 	C:\Windows\SYSTEM32\DBGHELP.DLL
0x00007ffaaf030000 - 0x00007ffaaf064000 	C:\Windows\SYSTEM32\dbgcore.DLL
0x00007ffaaf840000 - 0x00007ffaaf8c2000 	C:\Windows\System32\bcryptPrimitives.dll
0x00007ffaa71e0000 - 0x00007ffaa7205000 	C:\Users\39\.jdks\jbr-17.0.12-1\bin\java.dll
0x00007ffa89ac0000 - 0x00007ffa89b97000 	C:\Users\39\.jdks\jbr-17.0.12-1\bin\jsvml.dll
0x00007ffab0e90000 - 0x00007ffab15fd000 	C:\Windows\System32\SHELL32.dll
0x00007ffaac9a0000 - 0x00007ffaad144000 	C:\Windows\SYSTEM32\windows.storage.dll
0x00007ffab1ae0000 - 0x00007ffab1e35000 	C:\Windows\System32\combase.dll
0x00007ffaae990000 - 0x00007ffaae9bf000 	C:\Windows\SYSTEM32\Wldp.dll
0x00007ffab1990000 - 0x00007ffab1a5d000 	C:\Windows\System32\OLEAUT32.dll
0x00007ffab17b0000 - 0x00007ffab185d000 	C:\Windows\System32\SHCORE.dll
0x00007ffab00d0000 - 0x00007ffab0125000 	C:\Windows\System32\shlwapi.dll
0x00007ffaaf620000 - 0x00007ffaaf644000 	C:\Windows\SYSTEM32\profapi.dll
0x00007ffa9ca70000 - 0x00007ffa9ca89000 	C:\Users\39\.jdks\jbr-17.0.12-1\bin\net.dll
0x00007ffaa58e0000 - 0x00007ffaa59ea000 	C:\Windows\SYSTEM32\WINHTTP.dll
0x00007ffaae710000 - 0x00007ffaae77c000 	C:\Windows\system32\mswsock.dll
0x00007ffa9ca50000 - 0x00007ffa9ca66000 	C:\Users\39\.jdks\jbr-17.0.12-1\bin\nio.dll
0x00007ffaa71c0000 - 0x00007ffaa71d8000 	C:\Users\39\.jdks\jbr-17.0.12-1\bin\zip.dll
0x000001fbb3170000 - 0x000001fbb3173000 	C:\Users\39\.openjfx\cache\21.0.2+5\amd64\api-ms-win-core-console-l1-1-0.dll
0x000001fbccc80000 - 0x000001fbccc83000 	C:\Users\39\.openjfx\cache\21.0.2+5\amd64\api-ms-win-core-console-l1-2-0.dll
0x000001fbccc90000 - 0x000001fbccc93000 	C:\Users\39\.openjfx\cache\21.0.2+5\amd64\api-ms-win-core-datetime-l1-1-0.dll
0x000001fbccca0000 - 0x000001fbccca3000 	C:\Users\39\.openjfx\cache\21.0.2+5\amd64\api-ms-win-core-debug-l1-1-0.dll
0x000001fbcccb0000 - 0x000001fbcccb3000 	C:\Users\39\.openjfx\cache\21.0.2+5\amd64\api-ms-win-core-errorhandling-l1-1-0.dll
0x000001fbcccc0000 - 0x000001fbcccc4000 	C:\Users\39\.openjfx\cache\21.0.2+5\amd64\api-ms-win-core-file-l1-1-0.dll
0x000001fbcccd0000 - 0x000001fbcccd3000 	C:\Users\39\.openjfx\cache\21.0.2+5\amd64\api-ms-win-core-file-l1-2-0.dll
0x000001fbccce0000 - 0x000001fbccce3000 	C:\Users\39\.openjfx\cache\21.0.2+5\amd64\api-ms-win-core-file-l2-1-0.dll
0x000001fbcccf0000 - 0x000001fbcccf3000 	C:\Users\39\.openjfx\cache\21.0.2+5\amd64\api-ms-win-core-handle-l1-1-0.dll
0x000001fbccd00000 - 0x000001fbccd03000 	C:\Users\39\.openjfx\cache\21.0.2+5\amd64\api-ms-win-core-heap-l1-1-0.dll
0x000001fbccd10000 - 0x000001fbccd13000 	C:\Users\39\.openjfx\cache\21.0.2+5\amd64\api-ms-win-core-interlocked-l1-1-0.dll
0x000001fbccd20000 - 0x000001fbccd23000 	C:\Users\39\.openjfx\cache\21.0.2+5\amd64\api-ms-win-core-libraryloader-l1-1-0.dll
0x000001fbccd30000 - 0x000001fbccd33000 	C:\Users\39\.openjfx\cache\21.0.2+5\amd64\api-ms-win-core-localization-l1-2-0.dll
0x000001fbccd40000 - 0x000001fbccd43000 	C:\Users\39\.openjfx\cache\21.0.2+5\amd64\api-ms-win-core-memory-l1-1-0.dll
0x000001fbccd50000 - 0x000001fbccd53000 	C:\Users\39\.openjfx\cache\21.0.2+5\amd64\api-ms-win-core-namedpipe-l1-1-0.dll
0x000001fbccd60000 - 0x000001fbccd63000 	C:\Users\39\.openjfx\cache\21.0.2+5\amd64\api-ms-win-core-processenvironment-l1-1-0.dll
0x000001fbccd70000 - 0x000001fbccd73000 	C:\Users\39\.openjfx\cache\21.0.2+5\amd64\api-ms-win-core-processthreads-l1-1-0.dll
0x000001fbccd80000 - 0x000001fbccd83000 	C:\Users\39\.openjfx\cache\21.0.2+5\amd64\api-ms-win-core-processthreads-l1-1-1.dll
0x000001fbccd90000 - 0x000001fbccd93000 	C:\Users\39\.openjfx\cache\21.0.2+5\amd64\api-ms-win-core-profile-l1-1-0.dll
0x000001fbccda0000 - 0x000001fbccda3000 	C:\Users\39\.openjfx\cache\21.0.2+5\amd64\api-ms-win-core-rtlsupport-l1-1-0.dll
0x000001fbccdb0000 - 0x000001fbccdb3000 	C:\Users\39\.openjfx\cache\21.0.2+5\amd64\api-ms-win-core-string-l1-1-0.dll
0x000001fbccdc0000 - 0x000001fbccdc3000 	C:\Users\39\.openjfx\cache\21.0.2+5\amd64\api-ms-win-core-synch-l1-1-0.dll
0x000001fbccdd0000 - 0x000001fbccdd3000 	C:\Users\39\.openjfx\cache\21.0.2+5\amd64\api-ms-win-core-synch-l1-2-0.dll
0x000001fbccde0000 - 0x000001fbccde3000 	C:\Users\39\.openjfx\cache\21.0.2+5\amd64\api-ms-win-core-sysinfo-l1-1-0.dll
0x000001fbccdf0000 - 0x000001fbccdf3000 	C:\Users\39\.openjfx\cache\21.0.2+5\amd64\api-ms-win-core-timezone-l1-1-0.dll
0x000001fbcce00000 - 0x000001fbcce03000 	C:\Users\39\.openjfx\cache\21.0.2+5\amd64\api-ms-win-core-util-l1-1-0.dll
0x000001fbcce10000 - 0x000001fbcce13000 	C:\Users\39\.openjfx\cache\21.0.2+5\amd64\api-ms-win-crt-conio-l1-1-0.dll
0x000001fbcce20000 - 0x000001fbcce24000 	C:\Users\39\.openjfx\cache\21.0.2+5\amd64\api-ms-win-crt-convert-l1-1-0.dll
0x000001fbcce30000 - 0x000001fbcce33000 	C:\Users\39\.openjfx\cache\21.0.2+5\amd64\api-ms-win-crt-environment-l1-1-0.dll
0x000001fbcce40000 - 0x000001fbcce43000 	C:\Users\39\.openjfx\cache\21.0.2+5\amd64\api-ms-win-crt-filesystem-l1-1-0.dll
0x000001fbcce50000 - 0x000001fbcce53000 	C:\Users\39\.openjfx\cache\21.0.2+5\amd64\api-ms-win-crt-heap-l1-1-0.dll
0x000001fbcce60000 - 0x000001fbcce63000 	C:\Users\39\.openjfx\cache\21.0.2+5\amd64\api-ms-win-crt-locale-l1-1-0.dll
0x000001fbcce70000 - 0x000001fbcce75000 	C:\Users\39\.openjfx\cache\21.0.2+5\amd64\api-ms-win-crt-math-l1-1-0.dll
0x000001fbcce80000 - 0x000001fbcce85000 	C:\Users\39\.openjfx\cache\21.0.2+5\amd64\api-ms-win-crt-multibyte-l1-1-0.dll
0x000001fbcce90000 - 0x000001fbccea0000 	C:\Users\39\.openjfx\cache\21.0.2+5\amd64\api-ms-win-crt-private-l1-1-0.dll
0x000001fbccea0000 - 0x000001fbccea3000 	C:\Users\39\.openjfx\cache\21.0.2+5\amd64\api-ms-win-crt-process-l1-1-0.dll
0x000001fbcceb0000 - 0x000001fbcceb4000 	C:\Users\39\.openjfx\cache\21.0.2+5\amd64\api-ms-win-crt-runtime-l1-1-0.dll
0x000001fbccec0000 - 0x000001fbccec4000 	C:\Users\39\.openjfx\cache\21.0.2+5\amd64\api-ms-win-crt-stdio-l1-1-0.dll
0x000001fbcced0000 - 0x000001fbcced4000 	C:\Users\39\.openjfx\cache\21.0.2+5\amd64\api-ms-win-crt-string-l1-1-0.dll
0x000001fbccee0000 - 0x000001fbccee3000 	C:\Users\39\.openjfx\cache\21.0.2+5\amd64\api-ms-win-crt-time-l1-1-0.dll
0x000001fbccef0000 - 0x000001fbccef3000 	C:\Users\39\.openjfx\cache\21.0.2+5\amd64\api-ms-win-crt-utility-l1-1-0.dll
0x00007ffa546a0000 - 0x00007ffa5479c000 	C:\Users\39\.openjfx\cache\21.0.2+5\amd64\ucrtbase.dll
0x00007ffa9c9e0000 - 0x00007ffa9c9fb000 	C:\Users\39\.openjfx\cache\21.0.2+5\amd64\vcruntime140.dll
0x00007ffaa30b0000 - 0x00007ffaa30bc000 	C:\Users\39\.openjfx\cache\21.0.2+5\amd64\vcruntime140_1.dll
0x00007ffa7e150000 - 0x00007ffa7e1de000 	C:\Users\39\.openjfx\cache\21.0.2+5\amd64\msvcp140.dll
0x00007ffa9c9d0000 - 0x00007ffa9c9d9000 	C:\Users\39\.openjfx\cache\21.0.2+5\amd64\msvcp140_1.dll
0x00007ffa98600000 - 0x00007ffa98641000 	C:\Users\39\.openjfx\cache\21.0.2+5\amd64\msvcp140_2.dll
0x00007ffa980e0000 - 0x00007ffa98110000 	C:\Users\39\.openjfx\cache\21.0.2+5\amd64\prism_d3d.dll
0x00007ffaaa180000 - 0x00007ffaaa351000 	C:\Windows\system32\d3d9.dll
0x00007ffaac550000 - 0x00007ffaac57f000 	C:\Windows\SYSTEM32\dwmapi.dll
0x00007ffaac2f0000 - 0x00007ffaac38e000 	C:\Windows\system32\uxtheme.dll
0x00007ffa50fb0000 - 0x00007ffa51115000 	C:\Windows\System32\DriverStore\FileRepository\iigd_dch.inf_amd64_4b31d9b38e2bb506\igdumdim64.dll
0x00007ffab0960000 - 0x00007ffab0a8b000 	C:\Windows\System32\ole32.dll
0x00007ffa19430000 - 0x00007ffa1d0bb000 	C:\Windows\System32\DriverStore\FileRepository\iigd_dch.inf_amd64_4b31d9b38e2bb506\igd9dxva64.dll
0x00007ffab03e0000 - 0x00007ffab0851000 	C:\Windows\System32\SETUPAPI.dll
0x00007ffaaf8d0000 - 0x00007ffaaf91e000 	C:\Windows\System32\cfgmgr32.dll
0x00007ffaa2d10000 - 0x00007ffaa3046000 	C:\Windows\System32\DriverStore\FileRepository\iigd_dch.inf_amd64_4b31d9b38e2bb506\igdgmm64.dll
0x00007ffa831e0000 - 0x00007ffa83222000 	C:\Users\39\.openjfx\cache\21.0.2+5\amd64\glass.dll
0x00007ffab0c90000 - 0x00007ffab0d6a000 	C:\Windows\System32\COMDLG32.dll
0x00007ffab0d70000 - 0x00007ffab0e85000 	C:\Windows\System32\MSCTF.dll
0x00007ffaa43f0000 - 0x00007ffaa4417000 	C:\Windows\System32\DriverStore\FileRepository\iigd_dch.inf_amd64_4b31d9b38e2bb506\igdinfo64.dll
0x00007ffaaf460000 - 0x00007ffaaf478000 	C:\Windows\SYSTEM32\CRYPTSP.dll
0x00007ffaae090000 - 0x00007ffaae0c4000 	C:\Windows\system32\rsaenh.dll
0x00007ffaae900000 - 0x00007ffaae90c000 	C:\Windows\SYSTEM32\CRYPTBASE.dll
0x00007ffa9cb20000 - 0x00007ffa9f8af000 	C:\Windows\System32\DriverStore\FileRepository\iigd_dch.inf_amd64_4b31d9b38e2bb506\igc64.dll
0x00007ffaa3520000 - 0x00007ffaa355b000 	C:\Windows\SYSTEM32\dxcore.dll
0x00007ffaae430000 - 0x00007ffaae4fa000 	C:\Windows\SYSTEM32\DNSAPI.dll
0x00007ffaae3f0000 - 0x00007ffaae42b000 	C:\Windows\SYSTEM32\IPHLPAPI.DLL
0x00007ffab0a90000 - 0x00007ffab0a98000 	C:\Windows\System32\NSI.dll
0x00007ffaa69f0000 - 0x00007ffaa69fa000 	C:\Windows\System32\rasadhlp.dll
0x00007ffaa2140000 - 0x00007ffaa21c0000 	C:\Windows\System32\fwpuclnt.dll
0x00007ffaa7af0000 - 0x00007ffaa7af9000 	C:\Users\39\.jdks\jbr-17.0.12-1\bin\extnet.dll
0x00007ffa9a880000 - 0x00007ffa9a894000 	C:\Users\39\.openjfx\cache\21.0.2+5\amd64\javafx_font.dll
0x00007ffaa0ed0000 - 0x00007ffaa114f000 	C:\Windows\SYSTEM32\dwrite.dll
0x00007ffab0b10000 - 0x00007ffab0bb9000 	C:\Windows\System32\clbcatq.dll
0x00007ffaac060000 - 0x00007ffaac214000 	C:\Windows\SYSTEM32\WindowsCodecs.dll
0x00007ffaa9c10000 - 0x00007ffaa9c4e000 	C:\Windows\system32\dataexchange.dll
0x00007ffaa82b0000 - 0x00007ffaa8513000 	C:\Windows\system32\d3d11.dll
0x00007ffaa91f0000 - 0x00007ffaa93d4000 	C:\Windows\system32\dcomp.dll
0x00007ffaad270000 - 0x00007ffaad366000 	C:\Windows\system32\dxgi.dll
0x00007ffaa6b80000 - 0x00007ffaa6d83000 	C:\Windows\system32\twinapi.appcore.dll

dbghelp: loaded successfully - version: 4.0.5 - missing functions: none
symbol engine: initialized successfully - sym options: 0x614 - pdb path: .;C:\Users\39\.jdks\jbr-17.0.12-1\bin;C:\Windows\SYSTEM32;C:\Windows\WinSxS\amd64_microsoft.windows.common-controls_6595b64144ccf1df_6.0.19041.4355_none_60b8b9eb71f62e16;C:\Users\39\.jdks\jbr-17.0.12-1\bin\server;C:\Users\39\.openjfx\cache\21.0.2+5\amd64;C:\Windows\System32\DriverStore\FileRepository\iigd_dch.inf_amd64_4b31d9b38e2bb506;C:\Program Files\Common Files\Microsoft Shared\Ink

VM Arguments:
jvm_args: --module-path=C:\Users\39\.m2\repository\org\openjfx\javafx-base\21.0.2\javafx-base-21.0.2-win.jar;C:\Users\39\.m2\repository\org\openjfx\javafx-base\21.0.2\javafx-base-21.0.2.jar;C:\Users\39\.m2\repository\org\openjfx\javafx-controls\21.0.2\javafx-controls-21.0.2-win.jar;C:\Users\39\.m2\repository\org\openjfx\javafx-controls\21.0.2\javafx-controls-21.0.2.jar;C:\Users\39\.m2\repository\org\openjfx\javafx-fxml\21.0.2\javafx-fxml-21.0.2-win.jar;C:\Users\39\.m2\repository\org\openjfx\javafx-fxml\21.0.2\javafx-fxml-21.0.2.jar;C:\Users\39\.m2\repository\org\openjfx\javafx-graphics\21.0.2\javafx-graphics-21.0.2-win.jar;C:\Users\39\.m2\repository\org\openjfx\javafx-graphics\21.0.2\javafx-graphics-21.0.2.jar;C:\Users\39\.m2\repository\org\openjfx\javafx-media\21.0.2\javafx-media-21.0.2-win.jar;C:\Users\39\.m2\repository\org\openjfx\javafx-media\21.0.2\javafx-media-21.0.2.jar;C:\Users\39\.m2\repository\org\openjfx\javafx-web\21.0.2\javafx-web-21.0.2-win.jar;C:\Users\39\.m2\repository\org\openjfx\javafx-web\21.0.2\javafx-web-21.0.2.jar --add-modules=javafx.base,javafx.controls,javafx.fxml,javafx.graphics,javafx.media,javafx.web 
java_command: org.gymify.tests.MainApp
java_class_path (initial): C:\Users\39\Documents\GitHub\DevAthletes\DevAthletes\gymify\target\classes;C:\Users\39\.m2\repository\com\fasterxml\jackson\core\jackson-annotations\2.12.7\jackson-annotations-2.12.7.jar;C:\Users\39\.m2\repository\com\fasterxml\jackson\core\jackson-core\2.12.7\jackson-core-2.12.7.jar;C:\Users\39\.m2\repository\com\fasterxml\jackson\core\jackson-databind\2.12.7.1\jackson-databind-2.12.7.1.jar;C:\Users\39\.m2\repository\com\google\protobuf\protobuf-java\3.21.9\protobuf-java-3.21.9.jar;C:\Users\39\.m2\repository\com\mysql\mysql-connector-j\8.0.33\mysql-connector-j-8.0.33.jar;C:\Users\39\.m2\repository\de\jensd\fontawesomefx\8.0.1\fontawesomefx-8.0.1.jar;C:\Users\39\.m2\repository\io\jsonwebtoken\jjwt\0.12.0\jjwt-0.12.0.jar;C:\Users\39\.m2\repository\io\jsonwebtoken\jjwt-api\0.12.0\jjwt-api-0.12.0.jar;C:\Users\39\.m2\repository\io\jsonwebtoken\jjwt-impl\0.12.0\jjwt-impl-0.12.0.jar;C:\Users\39\.m2\repository\io\jsonwebtoken\jjwt-jackson\0.12.0\jjwt-jackson-0.12.0.jar;C:\Users\39\.m2\repository\jakarta\activation\jakarta.activation-api\2.1.0\jakarta.activation-api-2.1.0.jar;C:\Users\39\.m2\repository\jakarta\mail\jakarta.mail-api\2.1.0\jakarta.mail-api-2.1.0.jar;C:\Users\39\.m2\repository\javax\mail\javax.mail-api\1.6.2\javax.mail-api-1.6.2.jar;C:\Users\39\.m2\repository\junit\junit\4.13\junit-4.13.jar;C:\Users\39\.m2\repository\org\assertj\assertj-core\3.13.2\assertj-core-3.13.2.jar;C:\Users\39\.m2\repository\org\eclipse\angus\angus-activation\2.0.1\angus-activation-2.0.1.jar;C:\Users\39\.m2\repository\org\eclipse\angus\angus-mail\2.0.2\angus-mail-2.0.2.jar;C:\Users\39\.m2\repository\org\hamcrest\hamcrest-core\1.3\hamcrest-core-1.3.jar;C:\Users\39\.m2\repository\org\jfxtras\jfxtras-agenda\14-r1\jfxtras-agenda-14-r1.jar;C:\Users\39\.m2\repository\org\jfxtras\jfxtras-common\14-r1\jfxtras-common-14-r1.jar;C:\Users\39\.m2\repository\org\jfxtras\jfxtras-controls\14-r1\jfxtras-controls-14-r1.jar;C:\Users\39\.m2\repository\org\jfxtras\jfxtras-fxml\1
Launcher Type: SUN_STANDARD

[Global flags]
     intx CICompilerCount                          = 4                                         {product} {ergonomic}
     uint ConcGCThreads                            = 2                                         {product} {ergonomic}
     uint G1ConcRefinementThreads                  = 8                                         {product} {ergonomic}
   size_t G1HeapRegionSize                         = 1048576                                   {product} {ergonomic}
    uintx GCDrainStackTargetSize                   = 64                                        {product} {ergonomic}
   size_t InitialHeapSize                          = 65011712                                  {product} {ergonomic}
   size_t MarkStackSize                            = 4194304                                   {product} {ergonomic}
   size_t MaxHeapSize                              = 1031798784                                {product} {ergonomic}
   size_t MaxNewSize                               = 618659840                                 {product} {ergonomic}
   size_t MinHeapDeltaBytes                        = 1048576                                   {product} {ergonomic}
   size_t MinHeapSize                              = 8388608                                   {product} {ergonomic}
    uintx NonNMethodCodeHeapSize                   = 5839372                                {pd product} {ergonomic}
    uintx NonProfiledCodeHeapSize                  = 122909434                              {pd product} {ergonomic}
    uintx ProfiledCodeHeapSize                     = 122909434                              {pd product} {ergonomic}
    uintx ReservedCodeCacheSize                    = 251658240                              {pd product} {ergonomic}
     bool SegmentedCodeCache                       = true                                      {product} {ergonomic}
   size_t SoftMaxHeapSize                          = 1031798784                             {manageable} {ergonomic}
     bool UseCompressedClassPointers               = true                           {product lp64_product} {ergonomic}
     bool UseCompressedOops                        = true                           {product lp64_product} {ergonomic}
     bool UseG1GC                                  = true                                      {product} {ergonomic}
     bool UseLargePagesIndividualAllocation        = false                                  {pd product} {ergonomic}

Logging:
Log output configuration:
 #0: stdout all=warning uptime,level,tags
 #1: stderr all=off uptime,level,tags

Environment Variables:
PATH=C:\oraclexe\app\oracle\product\11.2.0\server\bin;C:\Users\39\.jdks\jbr-17.0.12-1\bin;C:\Program Files (x86)\VMware\VMware Workstation\bin\;C:\Users\39\.jdks\jbr-17.0.12\bin;C:\Windows\system32;C:\Windows;C:\Windows\System32\Wbem;C:\Windows\System32\WindowsPowerShell\v1.0\;C:\Windows\System32\OpenSSH\;C:\xampp\php;C:\composer;C:\Program Files\Git\cmd;C:\Program Files (x86)\CodeBlocks\MinGW\bin;C:\Program Files (x86)\GnuWin32\bin;C:\Program Files\Apache\Maven\apache-maven-3.8.8\bin;C:\Users\39\scoop\shims;C:\Users\39\AppData\Local\Microsoft\WindowsApps;C:\Users\39\AppData\Roaming\Composer\vendor\bin;C:\Users\39\AppData\Local\Programs\Microsoft VS Code\bin;C:\Users\39\AppData\Local\GitHubDesktop\bin
USERNAME=39
OS=Windows_NT
PROCESSOR_IDENTIFIER=Intel64 Family 6 Model 142 Stepping 12, GenuineIntel
TMP=C:\Users\39\AppData\Local\Temp
TEMP=C:\Users\39\AppData\Local\Temp



Periodic native trim disabled

JNI global refs:
JNI global refs: 36, weak refs: 4

JNI global refs memory usage: 843, weak refs: 841

Process memory usage:
Resident Set Size: 199844K (4% of 4024112K total physical memory with 168572K free physical memory)

OOME stack traces (most recent first):
Classloader memory used:
Loader jdk.internal.loader.ClassLoaders$AppClassLoader                                 : 2113K
Loader bootstrap                                                                       : 1460K
Loader jdk.internal.loader.ClassLoaders$PlatformClassLoader                            : 97671B
Loader jdk.internal.reflect.DelegatingClassLoader                                      : 14995B
Loader com.sun.javafx.reflect.MethodUtil                                               : 510B


---------------  S Y S T E M  ---------------

OS:
 Windows 10 , 64 bit Build 19041 (10.0.19041.5438)
OS uptime: 4 days 15:18 hours

CPU: total 8 (initial active 8) (4 cores per cpu, 2 threads per core) family 6 model 142 stepping 12 microcode 0xde, cx8, cmov, fxsr, ht, mmx, 3dnowpref, sse, sse2, sse3, ssse3, sse4.1, sse4.2, popcnt, lzcnt, tsc, tscinvbit, avx, avx2, aes, erms, clmul, bmi1, bmi2, adx, fma, vzeroupper, clflush, clflushopt
Processor Information for all 8 processors :
  Max Mhz: 2112, Current Mhz: 1609, Mhz Limit: 1605

Memory: 4k page, system-wide physical 3929M (164M free)
TotalPageFile size 16217M (AvailPageFile size 4M)
current process WorkingSet (physical memory assigned to process): 195M, peak: 213M
current process commit charge ("private bytes"): 339M, peak: 341M

vm_info: OpenJDK 64-Bit Server VM (17.0.12+1-b1207.37) for windows-amd64 JRE (17.0.12+1-b1207.37), built on 2024-09-25 by "builduser" with MS VC++ 16.10 / 16.11 (VS2019)

END.
