#
# There is insufficient memory for the Java Runtime Environment to continue.
# Native memory allocation (malloc) failed to allocate 1346896 bytes. Error detail: Chunk::new
# Possible reasons:
#   The system is out of physical RAM or swap space
#   This process is running with CompressedOops enabled, and the Java Heap may be blocking the growth of the native heap
# Possible solutions:
#   Reduce memory load on the system
#   Increase physical memory or swap space
#   Check if swap backing store is full
#   Decrease Java heap size (-Xmx/-Xms)
#   Decrease number of Java threads
#   Decrease Java thread stack sizes (-Xss)
#   Set larger code cache with -XX:ReservedCodeCacheSize=
#   JVM is running with Unscaled Compressed Oops mode in which the Java heap is
#     placed in the first 4GB address space. The Java Heap base address is the
#     maximum limit for the native heap growth. Please use -XX:HeapBaseMinAddress
#     to set the Java Heap base and to place the Java Heap above 4GB virtual address.
# This output file may be truncated or incomplete.
#
#  Out of Memory Error (arena.cpp:191), pid=10616, tid=8868
#
# JRE version: OpenJDK Runtime Environment JBR-17.0.14+1-1367.22-nomod (17.0.14+1) (build 17.0.14+1-b1367.22)
# Java VM: OpenJDK 64-Bit Server VM JBR-17.0.14+1-1367.22-nomod (17.0.14+1-b1367.22, mixed mode, sharing, tiered, compressed oops, compressed class ptrs, g1 gc, windows-amd64)
# No core dump will be written. Minidumps are not enabled by default on client versions of Windows
#

---------------  S U M M A R Y ------------

Command Line: -Dmaven.multiModuleProjectDirectory=C:\Users\39\Documents\GitHub\DevAthletes\DevAthletes\gymify -Djansi.passthrough=true -Dmaven.home=C:\Program Files\JetBrains\IntelliJ IDEA 2024.2.2\plugins\maven\lib\maven3 -Dclassworlds.conf=C:\Program Files\JetBrains\IntelliJ IDEA 2024.2.2\plugins\maven\lib\maven3\bin\m2.conf -Dmaven.ext.class.path=C:\Program Files\JetBrains\IntelliJ IDEA 2024.2.2\plugins\maven\lib\maven-event-listener.jar -javaagent:C:\Program Files\JetBrains\IntelliJ IDEA 2024.2.2\lib\idea_rt.jar=62755:C:\Program Files\JetBrains\IntelliJ IDEA 2024.2.2\bin -Dfile.encoding=UTF-8 org.codehaus.classworlds.Launcher -Didea.version=2024.2.2 org.openjfx:javafx-maven-plugin:0.0.8:run

Host: Intel(R) Core(TM) i5-10210U CPU @ 1.60GHz, 8 cores, 3G,  Windows 10 , 64 bit Build 19041 (10.0.19041.5438)
Time: Fri Mar  7 01:42:24 2025 Paris, Madrid elapsed time: 6.434390 seconds (0d 0h 0m 6s)

---------------  T H R E A D  ---------------

Current thread (0x0000024b252eb7d0):  JavaThread "C2 CompilerThread0" daemon [_thread_in_native, id=8868, stack(0x000000c605a00000,0x000000c605b00000)]


Current CompileTask:
C2:   6434 5580   !   4       java.nio.file.FileTreeWalker::next (144 bytes)

Stack: [0x000000c605a00000,0x000000c605b00000]
Native frames: (J=compiled Java code, j=interpreted, Vv=VM code, C=native code)
V  [jvm.dll+0x68b969]


---------------  P R O C E S S  ---------------

Threads class SMR info:
_java_thread_list=0x0000024b6ba82610, length=14, elements={
0x0000024b0d96d650, 0x0000024b252ccb00, 0x0000024b252ce3a0, 0x0000024b252e14e0,
0x0000024b252e43c0, 0x0000024b252e7140, 0x0000024b252e6210, 0x0000024b252eb7d0,
0x0000024b252ec1d0, 0x0000024b252ecbd0, 0x0000024b252e7650, 0x0000024b252e57f0,
0x0000024b252e6720, 0x0000024b252e7b60
}

Java Threads: ( => current thread )
  0x0000024b0d96d650 JavaThread "main" [_thread_blocked, id=8832, stack(0x000000c604d00000,0x000000c604e00000)]
  0x0000024b252ccb00 JavaThread "Reference Handler" daemon [_thread_blocked, id=13676, stack(0x000000c605400000,0x000000c605500000)]
  0x0000024b252ce3a0 JavaThread "Finalizer" daemon [_thread_blocked, id=16096, stack(0x000000c605500000,0x000000c605600000)]
  0x0000024b252e14e0 JavaThread "Signal Dispatcher" daemon [_thread_blocked, id=15160, stack(0x000000c605600000,0x000000c605700000)]
  0x0000024b252e43c0 JavaThread "Attach Listener" daemon [_thread_blocked, id=2244, stack(0x000000c605700000,0x000000c605800000)]
  0x0000024b252e7140 JavaThread "Service Thread" daemon [_thread_blocked, id=7212, stack(0x000000c605800000,0x000000c605900000)]
  0x0000024b252e6210 JavaThread "Monitor Deflation Thread" daemon [_thread_blocked, id=1324, stack(0x000000c605900000,0x000000c605a00000)]
=>0x0000024b252eb7d0 JavaThread "C2 CompilerThread0" daemon [_thread_in_native, id=8868, stack(0x000000c605a00000,0x000000c605b00000)]
  0x0000024b252ec1d0 JavaThread "C1 CompilerThread0" daemon [_thread_blocked, id=15340, stack(0x000000c605b00000,0x000000c605c00000)]
  0x0000024b252ecbd0 JavaThread "Sweeper thread" daemon [_thread_blocked, id=7544, stack(0x000000c605c00000,0x000000c605d00000)]
  0x0000024b252e7650 JavaThread "Common-Cleaner" daemon [_thread_blocked, id=5520, stack(0x000000c605d00000,0x000000c605e00000)]
  0x0000024b252e57f0 JavaThread "Monitor Ctrl-Break" daemon [_thread_in_native, id=10568, stack(0x000000c605e00000,0x000000c605f00000)]
  0x0000024b252e6720 JavaThread "Notification Thread" daemon [_thread_blocked, id=14344, stack(0x000000c605f00000,0x000000c606000000)]
  0x0000024b252e7b60 JavaThread "Thread-1" daemon [_thread_blocked, id=15544, stack(0x000000c606800000,0x000000c606900000)]

Other Threads:
  0x0000024b252c9230 VMThread "VM Thread" [stack: 0x000000c605300000,0x000000c605400000] [id=13664]
  0x0000024b257c6d30 WatcherThread [stack: 0x000000c606000000,0x000000c606100000] [id=14180]
  0x0000024b0d9a9160 GCTaskThread "GC Thread#0" [stack: 0x000000c604e00000,0x000000c604f00000] [id=1368]
  0x0000024b6b26f650 GCTaskThread "GC Thread#1" [stack: 0x000000c606100000,0x000000c606200000] [id=14724]
  0x0000024b6b7a60f0 GCTaskThread "GC Thread#2" [stack: 0x000000c606200000,0x000000c606300000] [id=436]
  0x0000024b6b7a63b0 GCTaskThread "GC Thread#3" [stack: 0x000000c606300000,0x000000c606400000] [id=13764]
  0x0000024b6b7c8010 GCTaskThread "GC Thread#4" [stack: 0x000000c606400000,0x000000c606500000] [id=15388]
  0x0000024b6b7c82d0 GCTaskThread "GC Thread#5" [stack: 0x000000c606500000,0x000000c606600000] [id=15864]
  0x0000024b6b7c8590 GCTaskThread "GC Thread#6" [stack: 0x000000c606600000,0x000000c606700000] [id=16148]
  0x0000024b6b8cd000 GCTaskThread "GC Thread#7" [stack: 0x000000c606700000,0x000000c606800000] [id=12748]
  0x0000024b0d9b4360 ConcurrentGCThread "G1 Main Marker" [stack: 0x000000c604f00000,0x000000c605000000] [id=15928]
  0x0000024b0d9b4d80 ConcurrentGCThread "G1 Conc#0" [stack: 0x000000c605000000,0x000000c605100000] [id=16088]
  0x0000024b6b1c4030 ConcurrentGCThread "G1 Conc#1" [stack: 0x000000c606900000,0x000000c606a00000] [id=16680]
  0x0000024b0da04a10 ConcurrentGCThread "G1 Refine#0" [stack: 0x000000c605100000,0x000000c605200000] [id=6824]
  0x0000024b6c4e0890 ConcurrentGCThread "G1 Refine#1" [stack: 0x000000c606a00000,0x000000c606b00000] [id=7768]
  0x0000024b6c96aae0 ConcurrentGCThread "G1 Refine#2" [stack: 0x000000c606b00000,0x000000c606c00000] [id=11364]
  0x0000024b6c887fe0 ConcurrentGCThread "G1 Refine#3" [stack: 0x000000c606c00000,0x000000c606d00000] [id=16824]
  0x0000024b0da05440 ConcurrentGCThread "G1 Service" [stack: 0x000000c605200000,0x000000c605300000] [id=2376]

Threads with active compile tasks:
C2 CompilerThread0     6531 5580   !   4       java.nio.file.FileTreeWalker::next (144 bytes)

VM state: at safepoint (normal execution)

VM Mutex/Monitor currently owned by a thread:  ([mutex/lock_event])
[0x0000024b0d968250] Threads_lock - owner thread: 0x0000024b252c9230
[0x0000024b0d968640] Heap_lock - owner thread: 0x0000024b0d96d650

Heap address: 0x00000000c2800000, size: 984 MB, Compressed Oops mode: 32-bit

CDS archive(s) mapped at: [0x0000024b26000000-0x0000024b26c00000-0x0000024b26c00000), size 12582912, SharedBaseAddress: 0x0000024b26000000, ArchiveRelocationMode: 1.
Compressed class space mapped at: 0x0000024b27000000-0x0000024b67000000, reserved size: 1073741824
Narrow klass base: 0x0000024b26000000, Narrow klass shift: 0, Narrow klass range: 0x100000000

GC Precious Log:
 CPUs: 8 total, 8 available
 Memory: 3929M
 Large Page Support: Disabled
 NUMA Support: Disabled
 Compressed Oops: Enabled (32-bit)
 Heap Region Size: 1M
 Heap Min Capacity: 8M
 Heap Initial Capacity: 62M
 Heap Max Capacity: 984M
 Pre-touch: Disabled
 Parallel Workers: 8
 Concurrent Workers: 2
 Concurrent Refinement Workers: 8
 Periodic GC: Disabled

Heap:
 garbage-first heap   total 66560K, used 46892K [0x00000000c2800000, 0x0000000100000000)
  region size 1024K, 19 young (19456K), 1 survivors (1024K)
 Metaspace       used 27173K, committed 27520K, reserved 1114112K
  class space    used 3244K, committed 3392K, reserved 1048576K

Heap Regions: E=young(eden), S=young(survivor), O=old, HS=humongous(starts), HC=humongous(continues), CS=collection set, F=free, OA=open archive, CA=closed archive, TAMS=top-at-mark-start (previous, next)
|   0|0x00000000c2800000, 0x00000000c2900000, 0x00000000c2900000|100%| O|  |TAMS 0x00000000c2900000, 0x00000000c2800000| Untracked 
|   1|0x00000000c2900000, 0x00000000c2a00000, 0x00000000c2a00000|100%| O|  |TAMS 0x00000000c2a00000, 0x00000000c2900000| Untracked 
|   2|0x00000000c2a00000, 0x00000000c2b00000, 0x00000000c2b00000|100%| O|  |TAMS 0x00000000c2b00000, 0x00000000c2a00000| Untracked 
|   3|0x00000000c2b00000, 0x00000000c2c00000, 0x00000000c2c00000|100%| O|  |TAMS 0x00000000c2c00000, 0x00000000c2b00000| Untracked 
|   4|0x00000000c2c00000, 0x00000000c2d00000, 0x00000000c2d00000|100%| O|  |TAMS 0x00000000c2d00000, 0x00000000c2c00000| Untracked 
|   5|0x00000000c2d00000, 0x00000000c2e00000, 0x00000000c2e00000|100%| O|  |TAMS 0x00000000c2e00000, 0x00000000c2d00000| Untracked 
|   6|0x00000000c2e00000, 0x00000000c2f00000, 0x00000000c2f00000|100%| O|  |TAMS 0x00000000c2f00000, 0x00000000c2e00000| Untracked 
|   7|0x00000000c2f00000, 0x00000000c3000000, 0x00000000c3000000|100%| O|  |TAMS 0x00000000c3000000, 0x00000000c2f00000| Untracked 
|   8|0x00000000c3000000, 0x00000000c3100000, 0x00000000c3100000|100%| O|  |TAMS 0x00000000c3100000, 0x00000000c3000000| Untracked 
|   9|0x00000000c3100000, 0x00000000c3200000, 0x00000000c3200000|100%| O|  |TAMS 0x00000000c3200000, 0x00000000c3100000| Untracked 
|  10|0x00000000c3200000, 0x00000000c3300000, 0x00000000c3300000|100%| O|  |TAMS 0x00000000c3300000, 0x00000000c3200000| Untracked 
|  11|0x00000000c3300000, 0x00000000c3400000, 0x00000000c3400000|100%| O|  |TAMS 0x00000000c3300000, 0x00000000c3300000| Untracked 
|  12|0x00000000c3400000, 0x00000000c3500000, 0x00000000c3500000|100%| O|  |TAMS 0x00000000c3500000, 0x00000000c3400000| Untracked 
|  13|0x00000000c3500000, 0x00000000c3600000, 0x00000000c3600000|100%| O|  |TAMS 0x00000000c3600000, 0x00000000c3500000| Untracked 
|  14|0x00000000c3600000, 0x00000000c3700000, 0x00000000c3700000|100%| O|  |TAMS 0x00000000c3700000, 0x00000000c3600000| Untracked 
|  15|0x00000000c3700000, 0x00000000c3800000, 0x00000000c3800000|100%| O|  |TAMS 0x00000000c3800000, 0x00000000c3700000| Untracked 
|  16|0x00000000c3800000, 0x00000000c3900000, 0x00000000c3900000|100%| O|  |TAMS 0x00000000c3900000, 0x00000000c3800000| Untracked 
|  17|0x00000000c3900000, 0x00000000c3a00000, 0x00000000c3a00000|100%| O|  |TAMS 0x00000000c3a00000, 0x00000000c3900000| Untracked 
|  18|0x00000000c3a00000, 0x00000000c3b00000, 0x00000000c3b00000|100%| O|  |TAMS 0x00000000c3a00000, 0x00000000c3a00000| Untracked 
|  19|0x00000000c3b00000, 0x00000000c3c00000, 0x00000000c3c00000|100%| O|  |TAMS 0x00000000c3b00000, 0x00000000c3b00000| Untracked 
|  20|0x00000000c3c00000, 0x00000000c3d00000, 0x00000000c3d00000|100%| O|  |TAMS 0x00000000c3c00000, 0x00000000c3c00000| Untracked 
|  21|0x00000000c3d00000, 0x00000000c3e00000, 0x00000000c3e00000|100%| O|  |TAMS 0x00000000c3d00000, 0x00000000c3d00000| Untracked 
|  22|0x00000000c3e00000, 0x00000000c3f00000, 0x00000000c3f00000|100%| O|  |TAMS 0x00000000c3f00000, 0x00000000c3e00000| Untracked 
|  23|0x00000000c3f00000, 0x00000000c4000000, 0x00000000c4000000|100%| O|  |TAMS 0x00000000c4000000, 0x00000000c3f00000| Untracked 
|  24|0x00000000c4000000, 0x00000000c4089a00, 0x00000000c4100000| 53%| O|  |TAMS 0x00000000c4000000, 0x00000000c4000000| Untracked 
|  25|0x00000000c4100000, 0x00000000c4100000, 0x00000000c4200000|  0%| F|  |TAMS 0x00000000c4100000, 0x00000000c4100000| Untracked 
|  26|0x00000000c4200000, 0x00000000c4200000, 0x00000000c4300000|  0%| F|  |TAMS 0x00000000c4200000, 0x00000000c4200000| Untracked 
|  27|0x00000000c4300000, 0x00000000c4300000, 0x00000000c4400000|  0%| F|  |TAMS 0x00000000c4300000, 0x00000000c4300000| Untracked 
|  28|0x00000000c4400000, 0x00000000c4400000, 0x00000000c4500000|  0%| F|  |TAMS 0x00000000c4400000, 0x00000000c4400000| Untracked 
|  29|0x00000000c4500000, 0x00000000c4500000, 0x00000000c4600000|  0%| F|  |TAMS 0x00000000c4500000, 0x00000000c4500000| Untracked 
|  30|0x00000000c4600000, 0x00000000c4600000, 0x00000000c4700000|  0%| F|  |TAMS 0x00000000c4600000, 0x00000000c4600000| Untracked 
|  31|0x00000000c4700000, 0x00000000c4700000, 0x00000000c4800000|  0%| F|  |TAMS 0x00000000c4700000, 0x00000000c4700000| Untracked 
|  32|0x00000000c4800000, 0x00000000c4900000, 0x00000000c4900000|100%| E|CS|TAMS 0x00000000c4800000, 0x00000000c4800000| Complete 
|  33|0x00000000c4900000, 0x00000000c4a00000, 0x00000000c4a00000|100%| E|CS|TAMS 0x00000000c4900000, 0x00000000c4900000| Complete 
|  34|0x00000000c4a00000, 0x00000000c4b00000, 0x00000000c4b00000|100%| E|CS|TAMS 0x00000000c4a00000, 0x00000000c4a00000| Complete 
|  35|0x00000000c4b00000, 0x00000000c4c00000, 0x00000000c4c00000|100%| E|CS|TAMS 0x00000000c4b00000, 0x00000000c4b00000| Complete 
|  36|0x00000000c4c00000, 0x00000000c4c00000, 0x00000000c4d00000|  0%| F|  |TAMS 0x00000000c4c00000, 0x00000000c4c00000| Untracked 
|  37|0x00000000c4d00000, 0x00000000c4d00000, 0x00000000c4e00000|  0%| F|  |TAMS 0x00000000c4d00000, 0x00000000c4d00000| Untracked 
|  38|0x00000000c4e00000, 0x00000000c4e00000, 0x00000000c4f00000|  0%| F|  |TAMS 0x00000000c4e00000, 0x00000000c4e00000| Untracked 
|  39|0x00000000c4f00000, 0x00000000c4f00000, 0x00000000c5000000|  0%| F|  |TAMS 0x00000000c4f00000, 0x00000000c4f00000| Untracked 
|  40|0x00000000c5000000, 0x00000000c5000000, 0x00000000c5100000|  0%| F|  |TAMS 0x00000000c5000000, 0x00000000c5000000| Untracked 
|  41|0x00000000c5100000, 0x00000000c5100000, 0x00000000c5200000|  0%| F|  |TAMS 0x00000000c5100000, 0x00000000c5100000| Untracked 
|  42|0x00000000c5200000, 0x00000000c5200000, 0x00000000c5300000|  0%| F|  |TAMS 0x00000000c5200000, 0x00000000c5200000| Untracked 
|  43|0x00000000c5300000, 0x00000000c5300000, 0x00000000c5400000|  0%| F|  |TAMS 0x00000000c5300000, 0x00000000c5300000| Untracked 
|  44|0x00000000c5400000, 0x00000000c5400000, 0x00000000c5500000|  0%| F|  |TAMS 0x00000000c5400000, 0x00000000c5400000| Untracked 
|  45|0x00000000c5500000, 0x00000000c5500000, 0x00000000c5600000|  0%| F|  |TAMS 0x00000000c5500000, 0x00000000c5500000| Untracked 
|  46|0x00000000c5600000, 0x00000000c5700000, 0x00000000c5700000|100%| S|  |TAMS 0x00000000c5600000, 0x00000000c5600000| Complete 
|  47|0x00000000c5700000, 0x00000000c5800000, 0x00000000c5800000|100%| E|CS|TAMS 0x00000000c5700000, 0x00000000c5700000| Complete 
|  48|0x00000000c5800000, 0x00000000c5900000, 0x00000000c5900000|100%| E|CS|TAMS 0x00000000c5800000, 0x00000000c5800000| Complete 
|  49|0x00000000c5900000, 0x00000000c5a00000, 0x00000000c5a00000|100%| E|CS|TAMS 0x00000000c5900000, 0x00000000c5900000| Complete 
|  50|0x00000000c5a00000, 0x00000000c5b00000, 0x00000000c5b00000|100%| E|CS|TAMS 0x00000000c5a00000, 0x00000000c5a00000| Complete 
|  51|0x00000000c5b00000, 0x00000000c5c00000, 0x00000000c5c00000|100%| E|CS|TAMS 0x00000000c5b00000, 0x00000000c5b00000| Complete 
|  52|0x00000000c5c00000, 0x00000000c5d00000, 0x00000000c5d00000|100%| E|CS|TAMS 0x00000000c5c00000, 0x00000000c5c00000| Complete 
|  53|0x00000000c5d00000, 0x00000000c5e00000, 0x00000000c5e00000|100%| E|CS|TAMS 0x00000000c5d00000, 0x00000000c5d00000| Complete 
|  54|0x00000000c5e00000, 0x00000000c5f00000, 0x00000000c5f00000|100%| E|CS|TAMS 0x00000000c5e00000, 0x00000000c5e00000| Complete 
|  55|0x00000000c5f00000, 0x00000000c6000000, 0x00000000c6000000|100%| E|CS|TAMS 0x00000000c5f00000, 0x00000000c5f00000| Complete 
|  56|0x00000000c6000000, 0x00000000c6100000, 0x00000000c6100000|100%| E|CS|TAMS 0x00000000c6000000, 0x00000000c6000000| Complete 
|  57|0x00000000c6100000, 0x00000000c6200000, 0x00000000c6200000|100%| E|CS|TAMS 0x00000000c6100000, 0x00000000c6100000| Complete 
|  58|0x00000000c6200000, 0x00000000c6300000, 0x00000000c6300000|100%| E|CS|TAMS 0x00000000c6200000, 0x00000000c6200000| Complete 
|  59|0x00000000c6300000, 0x00000000c6400000, 0x00000000c6400000|100%| E|CS|TAMS 0x00000000c6300000, 0x00000000c6300000| Complete 
|  60|0x00000000c6400000, 0x00000000c6500000, 0x00000000c6500000|100%| E|CS|TAMS 0x00000000c6400000, 0x00000000c6400000| Complete 
|  61|0x00000000c6500000, 0x00000000c6600000, 0x00000000c6600000|100%| E|CS|TAMS 0x00000000c6500000, 0x00000000c6500000| Complete 
|  62|0x00000000c6600000, 0x00000000c6700000, 0x00000000c6700000|100%| E|CS|TAMS 0x00000000c6600000, 0x00000000c6600000| Complete 
|  63|0x00000000c6700000, 0x00000000c6800000, 0x00000000c6800000|100%| E|CS|TAMS 0x00000000c6700000, 0x00000000c6700000| Complete 
|  64|0x00000000c6800000, 0x00000000c6900000, 0x00000000c6900000|100%| E|CS|TAMS 0x00000000c6800000, 0x00000000c6800000| Complete 

Card table byte_map: [0x0000024b20680000,0x0000024b20870000] _byte_map_base: 0x0000024b2006c000

Marking Bits (Prev, Next): (CMBitMap*) 0x0000024b0d9a9780, (CMBitMap*) 0x0000024b0d9a97c0
 Prev Bits: [0x0000024b20a60000, 0x0000024b219c0000)
 Next Bits: [0x0000024b219c0000, 0x0000024b22920000)

Polling page: 0x0000024b0b7e0000

Metaspace:

Usage:
  Non-class:     23.37 MB used.
      Class:      3.17 MB used.
       Both:     26.54 MB used.

Virtual space:
  Non-class space:       64.00 MB reserved,      23.56 MB ( 37%) committed,  1 nodes.
      Class space:        1.00 GB reserved,       3.31 MB ( <1%) committed,  1 nodes.
             Both:        1.06 GB reserved,      26.88 MB (  2%) committed. 

Chunk freelists:
   Non-Class:  8.48 MB
       Class:  12.73 MB
        Both:  21.22 MB

MaxMetaspaceSize: unlimited
CompressedClassSpaceSize: 1.00 GB
Initial GC threshold: 21.00 MB
Current GC threshold: 43.88 MB
CDS: on
MetaspaceReclaimPolicy: balanced
 - commit_granule_bytes: 65536.
 - commit_granule_words: 8192.
 - virtual_space_node_default_size: 8388608.
 - enlarge_chunks_in_place: 1.
 - new_chunks_are_fully_committed: 0.
 - uncommit_free_chunks: 1.
 - use_allocation_guard: 0.
 - handle_deallocations: 1.


Internal statistics:

num_allocs_failed_limit: 6.
num_arena_births: 164.
num_arena_deaths: 0.
num_vsnodes_births: 2.
num_vsnodes_deaths: 0.
num_space_committed: 430.
num_space_uncommitted: 0.
num_chunks_returned_to_freelist: 6.
num_chunks_taken_from_freelist: 1137.
num_chunk_merges: 6.
num_chunk_splits: 781.
num_chunks_enlarged: 611.
num_inconsistent_stats: 0.

CodeHeap 'non-profiled nmethods': size=120000Kb used=2446Kb max_used=2446Kb free=117553Kb
 bounds [0x0000024b18c30000, 0x0000024b18ea0000, 0x0000024b20160000]
CodeHeap 'profiled nmethods': size=120000Kb used=12408Kb max_used=12408Kb free=107591Kb
 bounds [0x0000024b11160000, 0x0000024b11d80000, 0x0000024b18690000]
CodeHeap 'non-nmethods': size=5760Kb used=1210Kb max_used=1265Kb free=4550Kb
 bounds [0x0000024b18690000, 0x0000024b18900000, 0x0000024b18c30000]
 total_blobs=6371 nmethods=5862 adapters=421
 compilation: enabled
              stopped_count=0, restarted_count=0
 full_count=0

Compilation events (20 events):
Event: 6.427 Thread 0x0000024b252ec1d0 5663       3       com.sun.tools.javac.tree.JCTree$JCImport::accept (6 bytes)
Event: 6.427 Thread 0x0000024b252ec1d0 nmethod 5663 0x0000024b11d0be10 code [0x0000024b11d0bfc0, 0x0000024b11d0c1a8]
Event: 6.427 Thread 0x0000024b252ec1d0 5659       3       com.sun.tools.javac.code.Scope$ScopeImpl::<init> (46 bytes)
Event: 6.427 Thread 0x0000024b252ec1d0 nmethod 5659 0x0000024b11d0c290 code [0x0000024b11d0c4a0, 0x0000024b11d0cc68]
Event: 6.427 Thread 0x0000024b252ec1d0 5664       3       com.sun.tools.javac.tree.JCTree$Visitor::visitImport (6 bytes)
Event: 6.427 Thread 0x0000024b252ec1d0 nmethod 5664 0x0000024b11d0cf10 code [0x0000024b11d0d0c0, 0x0000024b11d0d288]
Event: 6.427 Thread 0x0000024b252ec1d0 5666       3       jdk.internal.org.objectweb.asm.FieldWriter::computeFieldInfoSize (86 bytes)
Event: 6.428 Thread 0x0000024b252ec1d0 nmethod 5666 0x0000024b11d0d310 code [0x0000024b11d0d4e0, 0x0000024b11d0d7b8]
Event: 6.428 Thread 0x0000024b252ec1d0 5667       3       jdk.internal.org.objectweb.asm.FieldWriter::putFieldInfo (269 bytes)
Event: 6.428 Thread 0x0000024b252ec1d0 nmethod 5667 0x0000024b11d0d910 code [0x0000024b11d0db80, 0x0000024b11d0e468]
Event: 6.428 Thread 0x0000024b252ec1d0 5665       3       com.sun.tools.javac.tree.JCTree$JCVariableDecl::accept (6 bytes)
Event: 6.428 Thread 0x0000024b252ec1d0 nmethod 5665 0x0000024b11d0e810 code [0x0000024b11d0e9c0, 0x0000024b11d0eba8]
Event: 6.428 Thread 0x0000024b252ec1d0 5668       3       com.sun.tools.javac.code.Scope$ScopeImpl::<init> (12 bytes)
Event: 6.428 Thread 0x0000024b252ec1d0 nmethod 5668 0x0000024b11d0ec90 code [0x0000024b11d0ee40, 0x0000024b11d0f028]
Event: 6.428 Thread 0x0000024b252ec1d0 5670       3       com.sun.tools.javac.tree.JCTree$Visitor::visitVarDef (6 bytes)
Event: 6.428 Thread 0x0000024b252ec1d0 nmethod 5670 0x0000024b11d0f110 code [0x0000024b11d0f2c0, 0x0000024b11d0f488]
Event: 6.428 Thread 0x0000024b252ec1d0 5669       3       com.sun.tools.javac.comp.Check::checkDisjoint (53 bytes)
Event: 6.429 Thread 0x0000024b252ec1d0 nmethod 5669 0x0000024b11d0f510 code [0x0000024b11d0f700, 0x0000024b11d0fa58]
Event: 6.430 Thread 0x0000024b252ec1d0 5671       3       java.util.ImmutableCollections$AbstractImmutableList::<init> (5 bytes)
Event: 6.430 Thread 0x0000024b252ec1d0 nmethod 5671 0x0000024b11d0fc10 code [0x0000024b11d0fdc0, 0x0000024b11d0fff8]

GC Heap History (20 events):
Event: 0.878 GC heap before
{Heap before GC invocations=0 (full 0):
 garbage-first heap   total 63488K, used 22528K [0x00000000c2800000, 0x0000000100000000)
  region size 1024K, 23 young (23552K), 0 survivors (0K)
 Metaspace       used 6018K, committed 6208K, reserved 1114112K
  class space    used 742K, committed 832K, reserved 1048576K
}
Event: 0.886 GC heap after
{Heap after GC invocations=1 (full 0):
 garbage-first heap   total 63488K, used 3848K [0x00000000c2800000, 0x0000000100000000)
  region size 1024K, 3 young (3072K), 3 survivors (3072K)
 Metaspace       used 6018K, committed 6208K, reserved 1114112K
  class space    used 742K, committed 832K, reserved 1048576K
}
Event: 1.381 GC heap before
{Heap before GC invocations=1 (full 0):
 garbage-first heap   total 63488K, used 30472K [0x00000000c2800000, 0x0000000100000000)
  region size 1024K, 29 young (29696K), 3 survivors (3072K)
 Metaspace       used 9162K, committed 9344K, reserved 1114112K
  class space    used 1144K, committed 1216K, reserved 1048576K
}
Event: 1.388 GC heap after
{Heap after GC invocations=2 (full 0):
 garbage-first heap   total 63488K, used 5231K [0x00000000c2800000, 0x0000000100000000)
  region size 1024K, 2 young (2048K), 2 survivors (2048K)
 Metaspace       used 9162K, committed 9344K, reserved 1114112K
  class space    used 1144K, committed 1216K, reserved 1048576K
}
Event: 2.252 GC heap before
{Heap before GC invocations=2 (full 0):
 garbage-first heap   total 63488K, used 41071K [0x00000000c2800000, 0x0000000100000000)
  region size 1024K, 37 young (37888K), 2 survivors (2048K)
 Metaspace       used 15828K, committed 15936K, reserved 1114112K
  class space    used 2001K, committed 2048K, reserved 1048576K
}
Event: 2.263 GC heap after
{Heap after GC invocations=3 (full 0):
 garbage-first heap   total 63488K, used 7989K [0x00000000c2800000, 0x0000000100000000)
  region size 1024K, 5 young (5120K), 5 survivors (5120K)
 Metaspace       used 15828K, committed 15936K, reserved 1114112K
  class space    used 2001K, committed 2048K, reserved 1048576K
}
Event: 2.919 GC heap before
{Heap before GC invocations=3 (full 0):
 garbage-first heap   total 63488K, used 40757K [0x00000000c2800000, 0x0000000100000000)
  region size 1024K, 37 young (37888K), 5 survivors (5120K)
 Metaspace       used 16513K, committed 16704K, reserved 1114112K
  class space    used 2036K, committed 2112K, reserved 1048576K
}
Event: 2.932 GC heap after
{Heap after GC invocations=4 (full 0):
 garbage-first heap   total 63488K, used 10180K [0x00000000c2800000, 0x0000000100000000)
  region size 1024K, 3 young (3072K), 3 survivors (3072K)
 Metaspace       used 16513K, committed 16704K, reserved 1114112K
  class space    used 2036K, committed 2112K, reserved 1048576K
}
Event: 3.769 GC heap before
{Heap before GC invocations=4 (full 0):
 garbage-first heap   total 63488K, used 43972K [0x00000000c2800000, 0x0000000100000000)
  region size 1024K, 36 young (36864K), 3 survivors (3072K)
 Metaspace       used 17876K, committed 18112K, reserved 1114112K
  class space    used 2171K, committed 2304K, reserved 1048576K
}
Event: 3.775 GC heap after
{Heap after GC invocations=5 (full 0):
 garbage-first heap   total 63488K, used 11792K [0x00000000c2800000, 0x0000000100000000)
  region size 1024K, 4 young (4096K), 4 survivors (4096K)
 Metaspace       used 17876K, committed 18112K, reserved 1114112K
  class space    used 2171K, committed 2304K, reserved 1048576K
}
Event: 5.499 GC heap before
{Heap before GC invocations=5 (full 0):
 garbage-first heap   total 63488K, used 45584K [0x00000000c2800000, 0x0000000100000000)
  region size 1024K, 37 young (37888K), 4 survivors (4096K)
 Metaspace       used 20479K, committed 20672K, reserved 1114112K
  class space    used 2471K, committed 2560K, reserved 1048576K
}
Event: 5.513 GC heap after
{Heap after GC invocations=6 (full 0):
 garbage-first heap   total 63488K, used 13010K [0x00000000c2800000, 0x0000000100000000)
  region size 1024K, 4 young (4096K), 4 survivors (4096K)
 Metaspace       used 20479K, committed 20672K, reserved 1114112K
  class space    used 2471K, committed 2560K, reserved 1048576K
}
Event: 5.558 GC heap before
{Heap before GC invocations=6 (full 0):
 garbage-first heap   total 63488K, used 16082K [0x00000000c2800000, 0x0000000100000000)
  region size 1024K, 8 young (8192K), 4 survivors (4096K)
 Metaspace       used 21330K, committed 21504K, reserved 1114112K
  class space    used 2613K, committed 2688K, reserved 1048576K
}
Event: 5.563 GC heap after
{Heap after GC invocations=7 (full 0):
 garbage-first heap   total 63488K, used 13243K [0x00000000c2800000, 0x0000000100000000)
  region size 1024K, 2 young (2048K), 2 survivors (2048K)
 Metaspace       used 21330K, committed 21504K, reserved 1114112K
  class space    used 2613K, committed 2688K, reserved 1048576K
}
Event: 5.914 GC heap before
{Heap before GC invocations=8 (full 0):
 garbage-first heap   total 55296K, used 42939K [0x00000000c2800000, 0x0000000100000000)
  region size 1024K, 32 young (32768K), 2 survivors (2048K)
 Metaspace       used 25944K, committed 26240K, reserved 1114112K
  class space    used 3109K, committed 3264K, reserved 1048576K
}
Event: 5.923 GC heap after
{Heap after GC invocations=9 (full 0):
 garbage-first heap   total 66560K, used 19460K [0x00000000c2800000, 0x0000000100000000)
  region size 1024K, 4 young (4096K), 4 survivors (4096K)
 Metaspace       used 25944K, committed 26240K, reserved 1114112K
  class space    used 3109K, committed 3264K, reserved 1048576K
}
Event: 5.938 GC heap before
{Heap before GC invocations=9 (full 0):
 garbage-first heap   total 66560K, used 20484K [0x00000000c2800000, 0x0000000100000000)
  region size 1024K, 5 young (5120K), 4 survivors (4096K)
 Metaspace       used 25952K, committed 26240K, reserved 1114112K
  class space    used 3110K, committed 3264K, reserved 1048576K
}
Event: 5.943 GC heap after
{Heap after GC invocations=10 (full 0):
 garbage-first heap   total 66560K, used 19867K [0x00000000c2800000, 0x0000000100000000)
  region size 1024K, 1 young (1024K), 1 survivors (1024K)
 Metaspace       used 25952K, committed 26240K, reserved 1114112K
  class space    used 3110K, committed 3264K, reserved 1048576K
}
Event: 6.273 GC heap before
{Heap before GC invocations=10 (full 0):
 garbage-first heap   total 66560K, used 48539K [0x00000000c2800000, 0x0000000100000000)
  region size 1024K, 29 young (29696K), 1 survivors (1024K)
 Metaspace       used 26686K, committed 26944K, reserved 1114112K
  class space    used 3189K, committed 3328K, reserved 1048576K
}
Event: 6.281 GC heap after
{Heap after GC invocations=11 (full 0):
 garbage-first heap   total 66560K, used 28460K [0x00000000c2800000, 0x0000000100000000)
  region size 1024K, 4 young (4096K), 4 survivors (4096K)
 Metaspace       used 26686K, committed 26944K, reserved 1114112K
  class space    used 3189K, committed 3328K, reserved 1048576K
}

Dll operation events (4 events):
Event: 0.038 Loaded shared library C:\Users\39\.jdks\jbr-17.0.14\bin\java.dll
Event: 0.105 Loaded shared library C:\Users\39\.jdks\jbr-17.0.14\bin\jsvml.dll
Event: 0.160 Loaded shared library C:\Users\39\.jdks\jbr-17.0.14\bin\zip.dll
Event: 0.373 Loaded shared library C:\Users\39\.jdks\jbr-17.0.14\bin\verify.dll

Deoptimization events (20 events):
Event: 6.313 Thread 0x0000024b0d96d650 DEOPT PACKING pc=0x0000024b18e8df6c sp=0x000000c604dfc320
Event: 6.313 Thread 0x0000024b0d96d650 DEOPT UNPACKING pc=0x0000024b186e69a3 sp=0x000000c604dfc2d8 mode 2
Event: 6.315 Thread 0x0000024b0d96d650 Uncommon trap: trap_request=0xffffffbe fr.pc=0x0000024b18e8df6c relative=0x00000000000001cc
Event: 6.315 Thread 0x0000024b0d96d650 Uncommon trap: reason=profile_predicate action=maybe_recompile pc=0x0000024b18e8df6c method=java.util.LinkedHashMap.valuesToArray([Ljava/lang/Object;)[Ljava/lang/Object; @ 12 c2
Event: 6.315 Thread 0x0000024b0d96d650 DEOPT PACKING pc=0x0000024b18e8df6c sp=0x000000c604dfc320
Event: 6.315 Thread 0x0000024b0d96d650 DEOPT UNPACKING pc=0x0000024b186e69a3 sp=0x000000c604dfc2d8 mode 2
Event: 6.317 Thread 0x0000024b0d96d650 Uncommon trap: trap_request=0xffffffbe fr.pc=0x0000024b18e8df6c relative=0x00000000000001cc
Event: 6.317 Thread 0x0000024b0d96d650 Uncommon trap: reason=profile_predicate action=maybe_recompile pc=0x0000024b18e8df6c method=java.util.LinkedHashMap.valuesToArray([Ljava/lang/Object;)[Ljava/lang/Object; @ 12 c2
Event: 6.317 Thread 0x0000024b0d96d650 DEOPT PACKING pc=0x0000024b18e8df6c sp=0x000000c604dfc320
Event: 6.317 Thread 0x0000024b0d96d650 DEOPT UNPACKING pc=0x0000024b186e69a3 sp=0x000000c604dfc2d8 mode 2
Event: 6.328 Thread 0x0000024b0d96d650 Uncommon trap: trap_request=0xffffffbe fr.pc=0x0000024b18e8df6c relative=0x00000000000001cc
Event: 6.328 Thread 0x0000024b0d96d650 Uncommon trap: reason=profile_predicate action=maybe_recompile pc=0x0000024b18e8df6c method=java.util.LinkedHashMap.valuesToArray([Ljava/lang/Object;)[Ljava/lang/Object; @ 12 c2
Event: 6.328 Thread 0x0000024b0d96d650 DEOPT PACKING pc=0x0000024b18e8df6c sp=0x000000c604dfc320
Event: 6.328 Thread 0x0000024b0d96d650 DEOPT UNPACKING pc=0x0000024b186e69a3 sp=0x000000c604dfc2d8 mode 2
Event: 6.389 Thread 0x0000024b0d96d650 DEOPT PACKING pc=0x0000024b11440b24 sp=0x000000c604dfc840
Event: 6.389 Thread 0x0000024b0d96d650 DEOPT UNPACKING pc=0x0000024b186e7143 sp=0x000000c604dfbd30 mode 0
Event: 6.409 Thread 0x0000024b0d96d650 Uncommon trap: trap_request=0xffffff45 fr.pc=0x0000024b18e89788 relative=0x0000000000000828
Event: 6.409 Thread 0x0000024b0d96d650 Uncommon trap: reason=unstable_if action=reinterpret pc=0x0000024b18e89788 method=java.time.LocalDateTime.compareTo0(Ljava/time/LocalDateTime;)I @ 13 c2
Event: 6.409 Thread 0x0000024b0d96d650 DEOPT PACKING pc=0x0000024b18e89788 sp=0x000000c604dfc1c0
Event: 6.409 Thread 0x0000024b0d96d650 DEOPT UNPACKING pc=0x0000024b186e69a3 sp=0x000000c604dfc098 mode 2

Classes loaded (20 events):
Event: 6.066 Loading class java/nio/file/FileVisitResult
Event: 6.066 Loading class java/nio/file/FileVisitResult done
Event: 6.066 Loading class sun/nio/fs/BasicFileAttributesHolder
Event: 6.066 Loading class sun/nio/fs/BasicFileAttributesHolder done
Event: 6.384 Loading class java/util/ComparableTimSort
Event: 6.384 Loading class java/util/ComparableTimSort done
Event: 6.386 Loading class java/nio/file/Files$2
Event: 6.387 Loading class java/nio/file/Files$2 done
Event: 6.387 Loading class java/util/ImmutableCollections$Access
Event: 6.387 Loading class java/util/ImmutableCollections$Access done
Event: 6.387 Loading class java/util/ImmutableCollections$Access$1
Event: 6.387 Loading class jdk/internal/access/JavaUtilCollectionAccess
Event: 6.388 Loading class jdk/internal/access/JavaUtilCollectionAccess done
Event: 6.388 Loading class java/util/ImmutableCollections$Access$1 done
Event: 6.388 Loading class java/util/stream/Nodes$SpinedNodeBuilder
Event: 6.389 Loading class java/util/stream/Nodes$SpinedNodeBuilder done
Event: 6.391 Loading class sun/nio/fs/WindowsPath$WindowsPathWithAttributes
Event: 6.391 Loading class sun/nio/fs/WindowsPath$WindowsPathWithAttributes done
Event: 6.408 Loading class java/nio/file/FileTreeWalker$1
Event: 6.408 Loading class java/nio/file/FileTreeWalker$1 done

Classes unloaded (0 events):
No events

Classes redefined (0 events):
No events

Internal exceptions (20 events):
Event: 5.330 Thread 0x0000024b0d96d650 Exception <a 'java/lang/NoSuchMethodError'{0x00000000c4a98f18}: 'int java.lang.invoke.DirectMethodHandle$Holder.invokeInterface(java.lang.Object, java.lang.Object)'> (0x00000000c4a98f18) 
thrown [s\src\hotspot\share\interpreter\linkResolver.cpp, line 771]
Event: 5.391 Thread 0x0000024b0d96d650 Exception <a 'sun/nio/fs/WindowsException'{0x00000000c4898498}> (0x00000000c4898498) 
thrown [s\src\hotspot\share\prims\jni.cpp, line 531]
Event: 5.518 Thread 0x0000024b0d96d650 Exception <a 'sun/nio/fs/WindowsException'{0x00000000c6521330}> (0x00000000c6521330) 
thrown [s\src\hotspot\share\prims\jni.cpp, line 531]
Event: 5.520 Thread 0x0000024b0d96d650 Exception <a 'java/lang/NoSuchMethodError'{0x00000000c65279b8}: 'int java.lang.invoke.DirectMethodHandle$Holder.invokeVirtual(java.lang.Object, java.lang.Object, java.lang.Object)'> (0x00000000c65279b8) 
thrown [s\src\hotspot\share\interpreter\linkResolver.cpp, line 771]
Event: 5.688 Thread 0x0000024b0d96d650 Exception <a 'java/lang/NoSuchMethodError'{0x00000000c5065ed0}: 'java.lang.Object java.lang.invoke.DirectMethodHandle$Holder.newInvokeSpecial(java.lang.Object, java.lang.Object, java.lang.Object, java.lang.Object, java.lang.Object, java.lang.Object)'> (0x00000000c5065ed0) 
thrown [s\src\hotspot\share\interpreter\linkResolver.cpp, line 771]
Event: 5.707 Thread 0x0000024b0d96d650 Exception <a 'sun/nio/fs/WindowsException'{0x00000000c4fdcf60}> (0x00000000c4fdcf60) 
thrown [s\src\hotspot\share\prims\jni.cpp, line 531]
Event: 6.007 Thread 0x0000024b0d96d650 Exception <a 'sun/nio/fs/WindowsException'{0x00000000c62d9108}> (0x00000000c62d9108) 
thrown [s\src\hotspot\share\prims\jni.cpp, line 531]
Event: 6.007 Thread 0x0000024b0d96d650 Exception <a 'sun/nio/fs/WindowsException'{0x00000000c62d9c78}> (0x00000000c62d9c78) 
thrown [s\src\hotspot\share\prims\jni.cpp, line 531]
Event: 6.007 Thread 0x0000024b0d96d650 Exception <a 'sun/nio/fs/WindowsException'{0x00000000c62da8a0}> (0x00000000c62da8a0) 
thrown [s\src\hotspot\share\prims\jni.cpp, line 531]
Event: 6.027 Thread 0x0000024b0d96d650 Exception <a 'java/lang/NoSuchMethodError'{0x00000000c61b6f88}: 'java.lang.Object java.lang.invoke.DirectMethodHandle$Holder.invokeVirtual(java.lang.Object, java.lang.Object, java.lang.Object, int, int)'> (0x00000000c61b6f88) 
thrown [s\src\hotspot\share\interpreter\linkResolver.cpp, line 771]
Event: 6.028 Thread 0x0000024b0d96d650 Exception <a 'java/lang/NoSuchMethodError'{0x00000000c61bdd98}: 'java.lang.Object java.lang.invoke.DirectMethodHandle$Holder.invokeVirtual(java.lang.Object, java.lang.Object, int)'> (0x00000000c61bdd98) 
thrown [s\src\hotspot\share\interpreter\linkResolver.cpp, line 771]
Event: 6.029 Thread 0x0000024b0d96d650 Exception <a 'java/lang/NoSuchMethodError'{0x00000000c61ce180}: 'java.lang.Object java.lang.invoke.DirectMethodHandle$Holder.invokeSpecial(java.lang.Object, java.lang.Object, java.lang.Object, int, int)'> (0x00000000c61ce180) 
thrown [s\src\hotspot\share\interpreter\linkResolver.cpp, line 771]
Event: 6.064 Thread 0x0000024b0d96d650 Exception <a 'java/lang/NoSuchMethodError'{0x00000000c5e49348}: 'java.lang.Object java.lang.invoke.DirectMethodHandle$Holder.invokeStatic(java.lang.Object, int, java.lang.Object)'> (0x00000000c5e49348) 
thrown [s\src\hotspot\share\interpreter\linkResolver.cpp, line 771]
Event: 6.163 Thread 0x0000024b0d96d650 Exception <a 'sun/nio/fs/WindowsException'{0x00000000c5661948}> (0x00000000c5661948) 
thrown [s\src\hotspot\share\prims\jni.cpp, line 531]
Event: 6.163 Thread 0x0000024b0d96d650 Exception <a 'sun/nio/fs/WindowsException'{0x00000000c5662530}> (0x00000000c5662530) 
thrown [s\src\hotspot\share\prims\jni.cpp, line 531]
Event: 6.389 Thread 0x0000024b0d96d650 Exception <a 'sun/nio/fs/WindowsException'{0x00000000c66cc058}> (0x00000000c66cc058) 
thrown [s\src\hotspot\share\prims\jni.cpp, line 531]
Event: 6.397 Thread 0x0000024b0d96d650 Exception <a 'sun/nio/fs/WindowsException'{0x00000000c66f5fa0}> (0x00000000c66f5fa0) 
thrown [s\src\hotspot\share\prims\jni.cpp, line 531]
Event: 6.399 Thread 0x0000024b0d96d650 Exception <a 'java/lang/NoSuchMethodError'{0x00000000c6519db0}: 'int java.lang.invoke.DirectMethodHandle$Holder.invokeSpecial(java.lang.Object, java.lang.Object, java.lang.Object, java.lang.Object, java.lang.Object)'> (0x00000000c6519db0) 
thrown [s\src\hotspot\share\interpreter\linkResolver.cpp, line 771]
Event: 6.429 Thread 0x0000024b0d96d650 Exception <a 'sun/nio/fs/WindowsException'{0x00000000c640f658}> (0x00000000c640f658) 
thrown [s\src\hotspot\share\prims\jni.cpp, line 531]
Event: 6.432 Thread 0x0000024b0d96d650 Exception <a 'sun/nio/fs/WindowsException'{0x00000000c64240f0}> (0x00000000c64240f0) 
thrown [s\src\hotspot\share\prims\jni.cpp, line 531]

VM Operations (20 events):
Event: 5.938 Executing VM operation: G1CollectForAllocation
Event: 5.943 Executing VM operation: G1CollectForAllocation done
Event: 6.009 Executing VM operation: HandshakeAllThreads
Event: 6.009 Executing VM operation: HandshakeAllThreads done
Event: 6.010 Executing VM operation: HandshakeAllThreads
Event: 6.010 Executing VM operation: HandshakeAllThreads done
Event: 6.015 Executing VM operation: HandshakeAllThreads
Event: 6.015 Executing VM operation: HandshakeAllThreads done
Event: 6.056 Executing VM operation: HandshakeAllThreads
Event: 6.056 Executing VM operation: HandshakeAllThreads done
Event: 6.272 Executing VM operation: G1CollectForAllocation
Event: 6.281 Executing VM operation: G1CollectForAllocation done
Event: 6.297 Executing VM operation: G1PauseRemark
Event: 6.302 Executing VM operation: G1PauseRemark done
Event: 6.310 Executing VM operation: G1PauseCleanup
Event: 6.310 Executing VM operation: G1PauseCleanup done
Event: 6.389 Executing VM operation: HandshakeAllThreads
Event: 6.389 Executing VM operation: HandshakeAllThreads done
Event: 6.391 Executing VM operation: HandshakeAllThreads
Event: 6.391 Executing VM operation: HandshakeAllThreads done

Memory protections (0 events):
No events

Nmethod flushes (0 events):
No events

Events (20 events):
Event: 0.126 Thread 0x0000024b0d96d650 Thread added: 0x0000024b252e43c0
Event: 0.126 Thread 0x0000024b0d96d650 Thread added: 0x0000024b252e7140
Event: 0.126 Thread 0x0000024b0d96d650 Thread added: 0x0000024b252e6210
Event: 0.127 Thread 0x0000024b0d96d650 Thread added: 0x0000024b252eb7d0
Event: 0.127 Thread 0x0000024b0d96d650 Thread added: 0x0000024b252ec1d0
Event: 0.127 Thread 0x0000024b0d96d650 Thread added: 0x0000024b252ecbd0
Event: 0.142 Thread 0x0000024b0d96d650 Thread added: 0x0000024b252e7650
Event: 0.165 Loaded shared library C:\Users\39\.jdks\jbr-17.0.14\bin\instrument.dll
Event: 0.173 Loaded shared library C:\Users\39\.jdks\jbr-17.0.14\bin\net.dll
Event: 0.177 Loaded shared library C:\Users\39\.jdks\jbr-17.0.14\bin\nio.dll
Event: 0.180 Loaded shared library C:\Users\39\.jdks\jbr-17.0.14\bin\zip.dll
Event: 0.193 Loaded shared library C:\Program Files\JetBrains\IntelliJ IDEA 2024.2.2\bin\breakgen64.dll
Event: 0.194 Thread 0x0000024b0d96d650 Thread added: 0x0000024b252e57f0
Event: 0.194 Thread 0x0000024b0d96d650 Thread added: 0x0000024b252e6720
Event: 0.209 Loaded shared library C:\Users\39\.jdks\jbr-17.0.14\bin\extnet.dll
Event: 0.330 Thread 0x0000024b0d96d650 Thread added: 0x0000024b252e6c30
Event: 0.332 Loaded shared library C:\Users\39\.jdks\jbr-17.0.14\bin\jimage.dll
Event: 0.360 Loaded shared library C:\Users\39\AppData\Local\Temp\jansi-2.4.1-300399c79fc4818c-jansi.dll
Event: 0.435 Thread 0x0000024b252e6c30 Thread exited: 0x0000024b252e6c30
Event: 2.026 Thread 0x0000024b0d96d650 Thread added: 0x0000024b252e7b60


Dynamic libraries:
0x00007ff6e2110000 - 0x00007ff6e211a000 	C:\Users\39\.jdks\jbr-17.0.14\bin\java.exe
0x00007ffbec690000 - 0x00007ffbec888000 	C:\Windows\SYSTEM32\ntdll.dll
0x00007ffbec4d0000 - 0x00007ffbec592000 	C:\Windows\System32\KERNEL32.DLL
0x00007ffbe9dd0000 - 0x00007ffbea0cf000 	C:\Windows\System32\KERNELBASE.dll
0x00007ffbea330000 - 0x00007ffbea430000 	C:\Windows\System32\ucrtbase.dll
0x00007ffbd5c20000 - 0x00007ffbd5c37000 	C:\Users\39\.jdks\jbr-17.0.14\bin\jli.dll
0x00007ffbd59f0000 - 0x00007ffbd5a0b000 	C:\Users\39\.jdks\jbr-17.0.14\bin\VCRUNTIME140.dll
0x00007ffbebf40000 - 0x00007ffbec0dd000 	C:\Windows\System32\USER32.dll
0x00007ffbea680000 - 0x00007ffbea6a2000 	C:\Windows\System32\win32u.dll
0x00007ffbea720000 - 0x00007ffbea74b000 	C:\Windows\System32\GDI32.dll
0x00007ffbd6c00000 - 0x00007ffbd6e9a000 	C:\Windows\WinSxS\amd64_microsoft.windows.common-controls_6595b64144ccf1df_6.0.19041.4355_none_60b8b9eb71f62e16\COMCTL32.dll
0x00007ffbea430000 - 0x00007ffbea54a000 	C:\Windows\System32\gdi32full.dll
0x00007ffbebaf0000 - 0x00007ffbebb8e000 	C:\Windows\System32\msvcrt.dll
0x00007ffbe9d30000 - 0x00007ffbe9dcd000 	C:\Windows\System32\msvcp_win.dll
0x00007ffbeaab0000 - 0x00007ffbeaadf000 	C:\Windows\System32\IMM32.DLL
0x00007ffbd08d0000 - 0x00007ffbd08dc000 	C:\Users\39\.jdks\jbr-17.0.14\bin\vcruntime140_1.dll
0x00007ffbbdf90000 - 0x00007ffbbe01d000 	C:\Users\39\.jdks\jbr-17.0.14\bin\msvcp140.dll
0x00007ffbbaac0000 - 0x00007ffbbb74e000 	C:\Users\39\.jdks\jbr-17.0.14\bin\server\jvm.dll
0x00007ffbec5a0000 - 0x00007ffbec64f000 	C:\Windows\System32\ADVAPI32.dll
0x00007ffbebd50000 - 0x00007ffbebdef000 	C:\Windows\System32\sechost.dll
0x00007ffbebdf0000 - 0x00007ffbebf13000 	C:\Windows\System32\RPCRT4.dll
0x00007ffbea550000 - 0x00007ffbea577000 	C:\Windows\System32\bcrypt.dll
0x00007ffbebb90000 - 0x00007ffbebbfb000 	C:\Windows\System32\WS2_32.dll
0x00007ffbe9a70000 - 0x00007ffbe9abb000 	C:\Windows\SYSTEM32\POWRPROF.dll
0x00007ffbd9750000 - 0x00007ffbd9777000 	C:\Windows\SYSTEM32\WINMM.dll
0x00007ffbe4350000 - 0x00007ffbe435a000 	C:\Windows\SYSTEM32\VERSION.dll
0x00007ffbe9a50000 - 0x00007ffbe9a62000 	C:\Windows\SYSTEM32\UMPDC.dll
0x00007ffbe7bb0000 - 0x00007ffbe7bc2000 	C:\Windows\SYSTEM32\kernel.appcore.dll
0x00007ffbd06d0000 - 0x00007ffbd06da000 	C:\Users\39\.jdks\jbr-17.0.14\bin\jimage.dll
0x00007ffbd8040000 - 0x00007ffbd8224000 	C:\Windows\SYSTEM32\DBGHELP.DLL
0x00007ffbd5720000 - 0x00007ffbd5754000 	C:\Windows\SYSTEM32\dbgcore.DLL
0x00007ffbea2a0000 - 0x00007ffbea322000 	C:\Windows\System32\bcryptPrimitives.dll
0x00007ffbd0640000 - 0x00007ffbd064e000 	C:\Users\39\.jdks\jbr-17.0.14\bin\instrument.dll
0x00007ffbcd4f0000 - 0x00007ffbcd515000 	C:\Users\39\.jdks\jbr-17.0.14\bin\java.dll
0x00007ffbbd520000 - 0x00007ffbbd5f7000 	C:\Users\39\.jdks\jbr-17.0.14\bin\jsvml.dll
0x00007ffbeb370000 - 0x00007ffbebadd000 	C:\Windows\System32\SHELL32.dll
0x00007ffbe7db0000 - 0x00007ffbe8554000 	C:\Windows\SYSTEM32\windows.storage.dll
0x00007ffbea750000 - 0x00007ffbeaaa5000 	C:\Windows\System32\combase.dll
0x00007ffbe9690000 - 0x00007ffbe96bf000 	C:\Windows\SYSTEM32\Wldp.dll
0x00007ffbec250000 - 0x00007ffbec31d000 	C:\Windows\System32\OLEAUT32.dll
0x00007ffbeb2c0000 - 0x00007ffbeb36d000 	C:\Windows\System32\SHCORE.dll
0x00007ffbebc60000 - 0x00007ffbebcb5000 	C:\Windows\System32\shlwapi.dll
0x00007ffbe9c60000 - 0x00007ffbe9c84000 	C:\Windows\SYSTEM32\profapi.dll
0x00007ffbd0620000 - 0x00007ffbd0638000 	C:\Users\39\.jdks\jbr-17.0.14\bin\zip.dll
0x00007ffbcdb30000 - 0x00007ffbcdb49000 	C:\Users\39\.jdks\jbr-17.0.14\bin\net.dll
0x00007ffbe0f60000 - 0x00007ffbe106a000 	C:\Windows\SYSTEM32\WINHTTP.dll
0x00007ffbe93f0000 - 0x00007ffbe945c000 	C:\Windows\system32\mswsock.dll
0x00007ffbcc8c0000 - 0x00007ffbcc8d6000 	C:\Users\39\.jdks\jbr-17.0.14\bin\nio.dll
0x00007ffbcba80000 - 0x00007ffbcba9a000 	C:\Program Files\JetBrains\IntelliJ IDEA 2024.2.2\bin\breakgen64.dll
0x00007ffbd04e0000 - 0x00007ffbd04e9000 	C:\Users\39\.jdks\jbr-17.0.14\bin\extnet.dll
0x00007ffbbd700000 - 0x00007ffbbd724000 	C:\Users\39\AppData\Local\Temp\jansi-2.4.1-300399c79fc4818c-jansi.dll
0x00007ffbcd4e0000 - 0x00007ffbcd4f0000 	C:\Users\39\.jdks\jbr-17.0.14\bin\verify.dll

dbghelp: loaded successfully - version: 4.0.5 - missing functions: none
symbol engine: initialized successfully - sym options: 0x614 - pdb path: .;C:\Users\39\.jdks\jbr-17.0.14\bin;C:\Windows\SYSTEM32;C:\Windows\WinSxS\amd64_microsoft.windows.common-controls_6595b64144ccf1df_6.0.19041.4355_none_60b8b9eb71f62e16;C:\Users\39\.jdks\jbr-17.0.14\bin\server;C:\Program Files\JetBrains\IntelliJ IDEA 2024.2.2\bin;C:\Users\39\AppData\Local\Temp

VM Arguments:
jvm_args: -Dmaven.multiModuleProjectDirectory=C:\Users\39\Documents\GitHub\DevAthletes\DevAthletes\gymify -Djansi.passthrough=true -Dmaven.home=C:\Program Files\JetBrains\IntelliJ IDEA 2024.2.2\plugins\maven\lib\maven3 -Dclassworlds.conf=C:\Program Files\JetBrains\IntelliJ IDEA 2024.2.2\plugins\maven\lib\maven3\bin\m2.conf -Dmaven.ext.class.path=C:\Program Files\JetBrains\IntelliJ IDEA 2024.2.2\plugins\maven\lib\maven-event-listener.jar -javaagent:C:\Program Files\JetBrains\IntelliJ IDEA 2024.2.2\lib\idea_rt.jar=62755:C:\Program Files\JetBrains\IntelliJ IDEA 2024.2.2\bin -Dfile.encoding=UTF-8 
java_command: org.codehaus.classworlds.Launcher -Didea.version=2024.2.2 org.openjfx:javafx-maven-plugin:0.0.8:run
java_class_path (initial): C:\Program Files\JetBrains\IntelliJ IDEA 2024.2.2\plugins\maven\lib\maven3\boot\plexus-classworlds-2.8.0.jar;C:\Program Files\JetBrains\IntelliJ IDEA 2024.2.2\plugins\maven\lib\maven3\boot\plexus-classworlds.license
Launcher Type: SUN_STANDARD

[Global flags]
     intx CICompilerCount                          = 4                                         {product} {ergonomic}
     uint ConcGCThreads                            = 2                                         {product} {ergonomic}
     uint G1ConcRefinementThreads                  = 8                                         {product} {ergonomic}
   size_t G1HeapRegionSize                         = 1048576                                   {product} {ergonomic}
    uintx GCDrainStackTargetSize                   = 64                                        {product} {ergonomic}
   size_t InitialHeapSize                          = 65011712                                  {product} {ergonomic}
   size_t MarkStackSize                            = 4194304                                   {product} {ergonomic}
   size_t MaxHeapSize                              = 1031798784                                {product} {ergonomic}
   size_t MaxNewSize                               = 618659840                                 {product} {ergonomic}
   size_t MinHeapDeltaBytes                        = 1048576                                   {product} {ergonomic}
   size_t MinHeapSize                              = 8388608                                   {product} {ergonomic}
    uintx NonNMethodCodeHeapSize                   = 5839372                                {pd product} {ergonomic}
    uintx NonProfiledCodeHeapSize                  = 122909434                              {pd product} {ergonomic}
    uintx ProfiledCodeHeapSize                     = 122909434                              {pd product} {ergonomic}
    uintx ReservedCodeCacheSize                    = 251658240                              {pd product} {ergonomic}
     bool SegmentedCodeCache                       = true                                      {product} {ergonomic}
   size_t SoftMaxHeapSize                          = 1031798784                             {manageable} {ergonomic}
     bool UseCompressedClassPointers               = true                           {product lp64_product} {ergonomic}
     bool UseCompressedOops                        = true                           {product lp64_product} {ergonomic}
     bool UseG1GC                                  = true                                      {product} {ergonomic}
     bool UseLargePagesIndividualAllocation        = false                                  {pd product} {ergonomic}

Logging:
Log output configuration:
 #0: stdout all=warning uptime,level,tags
 #1: stderr all=off uptime,level,tags

Environment Variables:
PATH=C:\oraclexe\app\oracle\product\11.2.0\server\bin;C:\Users\39\.jdks\jbr-17.0.12-1\bin;C:\Program Files (x86)\VMware\VMware Workstation\bin\;C:\Users\39\.jdks\jbr-17.0.12\bin;C:\Windows\system32;C:\Windows;C:\Windows\System32\Wbem;C:\Windows\System32\WindowsPowerShell\v1.0\;C:\Windows\System32\OpenSSH\;C:\xampp\php;C:\composer;C:\Program Files\Git\cmd;C:\Program Files (x86)\CodeBlocks\MinGW\bin;C:\Program Files (x86)\GnuWin32\bin;C:\Program Files\Apache\Maven\apache-maven-3.8.8\bin;C:\Users\39\scoop\shims;C:\Users\39\AppData\Local\Microsoft\WindowsApps;C:\Users\39\AppData\Roaming\Composer\vendor\bin;C:\Users\39\AppData\Local\Programs\Microsoft VS Code\bin;C:\Users\39\AppData\Local\GitHubDesktop\bin
USERNAME=39
OS=Windows_NT
PROCESSOR_IDENTIFIER=Intel64 Family 6 Model 142 Stepping 12, GenuineIntel
TMP=C:\Users\39\AppData\Local\Temp
TEMP=C:\Users\39\AppData\Local\Temp



Periodic native trim disabled

JNI global refs:
JNI global refs: 14, weak refs: 22

JNI global refs memory usage: 843, weak refs: 841

Process memory usage:
Resident Set Size: 189068K (4% of 4024112K total physical memory with 140348K free physical memory)

OOME stack traces (most recent first):
Classloader memory used:
Loader org.codehaus.plexus.classworlds.realm.ClassRealm                                : 1728K
Loader jdk.internal.loader.ClassLoaders$AppClassLoader                                 : 887K
Loader bootstrap                                                                       : 706K
Loader jdk.internal.loader.ClassLoaders$PlatformClassLoader                            : 64350B
Loader jdk.internal.reflect.DelegatingClassLoader                                      : 6788B
Loader org.eclipse.sisu.space.CloningClassSpace$CloningClassLoader                     : 4611B

Classes loaded by more than one classloader:
Class org.codehaus.plexus.util.DirectoryScanner                                       : loaded 2 times (x 113B)
Class org.codehaus.plexus.interpolation.BasicInterpolator                             : loaded 2 times (x 68B)
Class org.codehaus.plexus.util.Scanner                                                : loaded 2 times (x 68B)
Class [Lorg.codehaus.plexus.util.MatchPattern;                                        : loaded 2 times (x 67B)
Class org.codehaus.plexus.interpolation.ValueSource                                   : loaded 2 times (x 68B)
Class org.codehaus.plexus.util.AbstractScanner                                        : loaded 2 times (x 98B)
Class org.codehaus.plexus.util.MatchPattern                                           : loaded 2 times (x 76B)
Class org.codehaus.plexus.interpolation.RecursionInterceptor                          : loaded 2 times (x 68B)
Class org.apache.maven.shared.utils.logging.MessageBuilder                            : loaded 2 times (x 68B)
Class org.apache.maven.shared.utils.logging.AnsiMessageBuilder                        : loaded 2 times (x 124B)
Class [Lorg.apache.maven.shared.utils.logging.Style;                                  : loaded 2 times (x 67B)
Class org.codehaus.plexus.interpolation.PropertiesBasedValueSource                    : loaded 2 times (x 80B)
Class org.codehaus.plexus.interpolation.AbstractValueSource                           : loaded 2 times (x 80B)
Class org.codehaus.plexus.util.MatchPatterns                                          : loaded 2 times (x 74B)
Class org.apache.maven.shared.utils.logging.MessageUtils$1                            : loaded 2 times (x 85B)
Class org.apache.maven.shared.utils.logging.Style                                     : loaded 2 times (x 78B)
Class org.apache.maven.shared.utils.logging.LoggerLevelRenderer                       : loaded 2 times (x 68B)
Class org.codehaus.plexus.util.SelectorUtils                                          : loaded 2 times (x 69B)
Class org.codehaus.plexus.util.StringUtils                                            : loaded 2 times (x 69B)
Class org.apache.maven.shared.utils.logging.MessageUtils                              : loaded 2 times (x 69B)
Class org.codehaus.plexus.interpolation.Interpolator                                  : loaded 2 times (x 68B)


---------------  S Y S T E M  ---------------

OS:
 Windows 10 , 64 bit Build 19041 (10.0.19041.5438)
OS uptime: 0 days 4:29 hours

CPU: total 8 (initial active 8) (4 cores per cpu, 2 threads per core) family 6 model 142 stepping 12 microcode 0xde, cx8, cmov, fxsr, ht, mmx, 3dnowpref, sse, sse2, sse3, ssse3, sse4.1, sse4.2, popcnt, lzcnt, tsc, tscinvbit, avx, avx2, aes, erms, clmul, bmi1, bmi2, adx, fma, vzeroupper, clflush, clflushopt
Processor Information for processor 0
  Max Mhz: 2112, Current Mhz: 1609, Mhz Limit: 1605
Processor Information for processor 1
  Max Mhz: 2112, Current Mhz: 1408, Mhz Limit: 1605
Processor Information for processor 2
  Max Mhz: 2112, Current Mhz: 1408, Mhz Limit: 1605
Processor Information for processor 3
  Max Mhz: 2112, Current Mhz: 1408, Mhz Limit: 1605
Processor Information for processor 4
  Max Mhz: 2112, Current Mhz: 1609, Mhz Limit: 1605
Processor Information for processor 5
  Max Mhz: 2112, Current Mhz: 1408, Mhz Limit: 1605
Processor Information for processor 6
  Max Mhz: 2112, Current Mhz: 1408, Mhz Limit: 1605
Processor Information for processor 7
  Max Mhz: 2112, Current Mhz: 1609, Mhz Limit: 1605

Memory: 4k page, system-wide physical 3929M (137M free)
TotalPageFile size 16217M (AvailPageFile size 4M)
current process WorkingSet (physical memory assigned to process): 184M, peak: 184M
current process commit charge ("private bytes"): 219M, peak: 222M

vm_info: OpenJDK 64-Bit Server VM (17.0.14+1-b1367.22) for windows-amd64 JRE (17.0.14+1-b1367.22), built on 2025-01-30 by "builduser" with MS VC++ 16.10 / 16.11 (VS2019)

END.
