#
# There is insufficient memory for the Java Runtime Environment to continue.
# Native memory allocation (mmap) failed to map 9437184 bytes. Error detail: G1 virtual space
# Possible reasons:
#   The system is out of physical RAM or swap space
#   This process is running with CompressedOops enabled, and the Java Heap may be blocking the growth of the native heap
# Possible solutions:
#   Reduce memory load on the system
#   Increase physical memory or swap space
#   Check if swap backing store is full
#   Decrease Java heap size (-Xmx/-Xms)
#   Decrease number of Java threads
#   Decrease Java thread stack sizes (-Xss)
#   Set larger code cache with -XX:ReservedCodeCacheSize=
#   JVM is running with Unscaled Compressed Oops mode in which the Java heap is
#     placed in the first 4GB address space. The Java Heap base address is the
#     maximum limit for the native heap growth. Please use -XX:HeapBaseMinAddress
#     to set the Java Heap base and to place the Java Heap above 4GB virtual address.
# This output file may be truncated or incomplete.
#
#  Out of Memory Error (os_windows.cpp:3825), pid=11716, tid=11116
#
# JRE version: OpenJDK Runtime Environment JBR-17.0.12+1-1207.37-nomod (17.0.12+1) (build 17.0.12+1-b1207.37)
# Java VM: OpenJDK 64-Bit Server VM JBR-17.0.12+1-1207.37-nomod (17.0.12+1-b1207.37, mixed mode, sharing, tiered, compressed oops, compressed class ptrs, g1 gc, windows-amd64)
# No core dump will be written. Minidumps are not enabled by default on client versions of Windows
#

---------------  S U M M A R Y ------------

Command Line: -Dmaven.multiModuleProjectDirectory=C:\Users\39\Documents\GitHub\DevAthletes\DevAthletes\gymify -Djansi.passthrough=true -Dmaven.home=C:\Program Files\JetBrains\IntelliJ IDEA 2024.2.2\plugins\maven\lib\maven3 -Dclassworlds.conf=C:\Program Files\JetBrains\IntelliJ IDEA 2024.2.2\plugins\maven\lib\maven3\bin\m2.conf -Dmaven.ext.class.path=C:\Program Files\JetBrains\IntelliJ IDEA 2024.2.2\plugins\maven\lib\maven-event-listener.jar -javaagent:C:\Program Files\JetBrains\IntelliJ IDEA 2024.2.2\lib\idea_rt.jar=56773:C:\Program Files\JetBrains\IntelliJ IDEA 2024.2.2\bin -Dfile.encoding=UTF-8 org.codehaus.classworlds.Launcher -Didea.version=2024.2.2 org.openjfx:javafx-maven-plugin:0.0.8:run

Host: Intel(R) Core(TM) i5-10210U CPU @ 1.60GHz, 8 cores, 3G,  Windows 10 , 64 bit Build 19041 (10.0.19041.5438)
Time: Mon Mar  3 23:17:36 2025 Paris, Madrid elapsed time: 6.332623 seconds (0d 0h 0m 6s)

---------------  T H R E A D  ---------------

Current thread (0x000001a970e7e910):  VMThread "VM Thread" [stack: 0x00000036fa100000,0x00000036fa200000] [id=11116]

Stack: [0x00000036fa100000,0x00000036fa200000]
Native frames: (J=compiled Java code, j=interpreted, Vv=VM code, C=native code)
V  [jvm.dll+0x689d89]

VM_Operation (0x00000036f9bfb780): G1CollectForAllocation, mode: safepoint, requested by thread 0x000001a970dbb8c0


---------------  P R O C E S S  ---------------

Threads class SMR info:
_java_thread_list=0x000001a97eaba9d0, length=14, elements={
0x000001a970dbb8c0, 0x000001a979715310, 0x000001a979716930, 0x000001a97972bb10,
0x000001a97972e9f0, 0x000001a979730370, 0x000001a979730d30, 0x000001a979737430,
0x000001a97973d6b0, 0x000001a979746ca0, 0x000001a979af4850, 0x000001a979b5ac90,
0x000001a979b5b170, 0x000001a97e92a260
}

Java Threads: ( => current thread )
  0x000001a970dbb8c0 JavaThread "main" [_thread_blocked, id=10252, stack(0x00000036f9b00000,0x00000036f9c00000)]
  0x000001a979715310 JavaThread "Reference Handler" daemon [_thread_blocked, id=14900, stack(0x00000036fa200000,0x00000036fa300000)]
  0x000001a979716930 JavaThread "Finalizer" daemon [_thread_blocked, id=17032, stack(0x00000036fa300000,0x00000036fa400000)]
  0x000001a97972bb10 JavaThread "Signal Dispatcher" daemon [_thread_blocked, id=19884, stack(0x00000036fa400000,0x00000036fa500000)]
  0x000001a97972e9f0 JavaThread "Attach Listener" daemon [_thread_blocked, id=16064, stack(0x00000036fa500000,0x00000036fa600000)]
  0x000001a979730370 JavaThread "Service Thread" daemon [_thread_blocked, id=12928, stack(0x00000036fa600000,0x00000036fa700000)]
  0x000001a979730d30 JavaThread "Monitor Deflation Thread" daemon [_thread_blocked, id=6616, stack(0x00000036fa700000,0x00000036fa800000)]
  0x000001a979737430 JavaThread "C2 CompilerThread0" daemon [_thread_in_native, id=13408, stack(0x00000036fa800000,0x00000036fa900000)]
  0x000001a97973d6b0 JavaThread "C1 CompilerThread0" daemon [_thread_blocked, id=11812, stack(0x00000036fa900000,0x00000036faa00000)]
  0x000001a979746ca0 JavaThread "Sweeper thread" daemon [_thread_blocked, id=12256, stack(0x00000036faa00000,0x00000036fab00000)]
  0x000001a979af4850 JavaThread "Common-Cleaner" daemon [_thread_blocked, id=12200, stack(0x00000036fab00000,0x00000036fac00000)]
  0x000001a979b5ac90 JavaThread "Monitor Ctrl-Break" daemon [_thread_in_native, id=15068, stack(0x00000036fac00000,0x00000036fad00000)]
  0x000001a979b5b170 JavaThread "Notification Thread" daemon [_thread_blocked, id=14516, stack(0x00000036fad00000,0x00000036fae00000)]
  0x000001a97e92a260 JavaThread "Thread-1" daemon [_thread_blocked, id=15404, stack(0x00000036fb600000,0x00000036fb700000)]

Other Threads:
=>0x000001a970e7e910 VMThread "VM Thread" [stack: 0x00000036fa100000,0x00000036fa200000] [id=11116]
  0x000001a979b55de0 WatcherThread [stack: 0x00000036fae00000,0x00000036faf00000] [id=9732]
  0x000001a970df71d0 GCTaskThread "GC Thread#0" [stack: 0x00000036f9c00000,0x00000036f9d00000] [id=5256]
  0x000001a97e4428d0 GCTaskThread "GC Thread#1" [stack: 0x00000036faf00000,0x00000036fb000000] [id=12968]
  0x000001a97e172d10 GCTaskThread "GC Thread#2" [stack: 0x00000036fb000000,0x00000036fb100000] [id=7040]
  0x000001a97e731e60 GCTaskThread "GC Thread#3" [stack: 0x00000036fb100000,0x00000036fb200000] [id=1328]
  0x000001a97e732120 GCTaskThread "GC Thread#4" [stack: 0x00000036fb200000,0x00000036fb300000] [id=5656]
  0x000001a97e7323e0 GCTaskThread "GC Thread#5" [stack: 0x00000036fb300000,0x00000036fb400000] [id=17480]
  0x000001a97e734ed0 GCTaskThread "GC Thread#6" [stack: 0x00000036fb400000,0x00000036fb500000] [id=8120]
  0x000001a97e77f050 GCTaskThread "GC Thread#7" [stack: 0x00000036fb500000,0x00000036fb600000] [id=19484]
  0x000001a970e023d0 ConcurrentGCThread "G1 Main Marker" [stack: 0x00000036f9d00000,0x00000036f9e00000] [id=17080]
  0x000001a970e02df0 ConcurrentGCThread "G1 Conc#0" [stack: 0x00000036f9e00000,0x00000036f9f00000] [id=16420]
  0x000001a97ead5be0 ConcurrentGCThread "G1 Conc#1" [stack: 0x00000036fb700000,0x00000036fb800000] [id=22044]
  0x000001a970e52fe0 ConcurrentGCThread "G1 Refine#0" [stack: 0x00000036f9f00000,0x00000036fa000000] [id=19648]
  0x000001a970e53a10 ConcurrentGCThread "G1 Service" [stack: 0x00000036fa000000,0x00000036fa100000] [id=5412]

Threads with active compile tasks:
C2 CompilerThread0     6507 5323   !   4       com.sun.tools.javac.jvm.ClassReader::classSigToType (497 bytes)

VM state: at safepoint (normal execution)

VM Mutex/Monitor currently owned by a thread:  ([mutex/lock_event])
[0x000001a970db6940] Threads_lock - owner thread: 0x000001a970e7e910
[0x000001a970db7d80] Heap_lock - owner thread: 0x000001a970dbb8c0

Heap address: 0x00000000c2800000, size: 984 MB, Compressed Oops mode: 32-bit

CDS archive(s) mapped at: [0x000001a90f000000-0x000001a90fc00000-0x000001a90fc00000), size 12582912, SharedBaseAddress: 0x000001a90f000000, ArchiveRelocationMode: 1.
Compressed class space mapped at: 0x000001a910000000-0x000001a950000000, reserved size: 1073741824
Narrow klass base: 0x000001a90f000000, Narrow klass shift: 0, Narrow klass range: 0x100000000

GC Precious Log:
 CPUs: 8 total, 8 available
 Memory: 3929M
 Large Page Support: Disabled
 NUMA Support: Disabled
 Compressed Oops: Enabled (32-bit)
 Heap Region Size: 1M
 Heap Min Capacity: 8M
 Heap Initial Capacity: 62M
 Heap Max Capacity: 984M
 Pre-touch: Disabled
 Parallel Workers: 8
 Concurrent Workers: 2
 Concurrent Refinement Workers: 8
 Periodic GC: Disabled

Heap:
 garbage-first heap   total 54272K, used 27945K [0x00000000c2800000, 0x0000000100000000)
  region size 1024K, 2 young (2048K), 2 survivors (2048K)
 Metaspace       used 27055K, committed 27328K, reserved 1114112K
  class space    used 3253K, committed 3392K, reserved 1048576K

Heap Regions: E=young(eden), S=young(survivor), O=old, HS=humongous(starts), HC=humongous(continues), CS=collection set, F=free, OA=open archive, CA=closed archive, TAMS=top-at-mark-start (previous, next)
|   0|0x00000000c2800000, 0x00000000c2900000, 0x00000000c2900000|100%| O|  |TAMS 0x00000000c2900000, 0x00000000c2800000| Untracked 
|   1|0x00000000c2900000, 0x00000000c2a00000, 0x00000000c2a00000|100%| O|  |TAMS 0x00000000c2a00000, 0x00000000c2900000| Untracked 
|   2|0x00000000c2a00000, 0x00000000c2b00000, 0x00000000c2b00000|100%| O|  |TAMS 0x00000000c2b00000, 0x00000000c2a00000| Untracked 
|   3|0x00000000c2b00000, 0x00000000c2c00000, 0x00000000c2c00000|100%| O|  |TAMS 0x00000000c2c00000, 0x00000000c2b00000| Untracked 
|   4|0x00000000c2c00000, 0x00000000c2d00000, 0x00000000c2d00000|100%| O|  |TAMS 0x00000000c2d00000, 0x00000000c2c00000| Untracked 
|   5|0x00000000c2d00000, 0x00000000c2e00000, 0x00000000c2e00000|100%| O|  |TAMS 0x00000000c2e00000, 0x00000000c2d00000| Untracked 
|   6|0x00000000c2e00000, 0x00000000c2f00000, 0x00000000c2f00000|100%| O|  |TAMS 0x00000000c2f00000, 0x00000000c2e00000| Untracked 
|   7|0x00000000c2f00000, 0x00000000c3000000, 0x00000000c3000000|100%| O|  |TAMS 0x00000000c2f00000, 0x00000000c2f00000| Untracked 
|   8|0x00000000c3000000, 0x00000000c3100000, 0x00000000c3100000|100%| O|  |TAMS 0x00000000c3000000, 0x00000000c3000000| Untracked 
|   9|0x00000000c3100000, 0x00000000c3200000, 0x00000000c3200000|100%| O|  |TAMS 0x00000000c3100000, 0x00000000c3100000| Untracked 
|  10|0x00000000c3200000, 0x00000000c3300000, 0x00000000c3300000|100%| O|  |TAMS 0x00000000c3200000, 0x00000000c3200000| Untracked 
|  11|0x00000000c3300000, 0x00000000c3400000, 0x00000000c3400000|100%| O|  |TAMS 0x00000000c3300000, 0x00000000c3300000| Untracked 
|  12|0x00000000c3400000, 0x00000000c3500000, 0x00000000c3500000|100%| O|  |TAMS 0x00000000c3400000, 0x00000000c3400000| Untracked 
|  13|0x00000000c3500000, 0x00000000c3600000, 0x00000000c3600000|100%| O|  |TAMS 0x00000000c3500000, 0x00000000c3500000| Untracked 
|  14|0x00000000c3600000, 0x00000000c3700000, 0x00000000c3700000|100%| O|  |TAMS 0x00000000c3600000, 0x00000000c3600000| Untracked 
|  15|0x00000000c3700000, 0x00000000c3800000, 0x00000000c3800000|100%| O|  |TAMS 0x00000000c3700000, 0x00000000c3700000| Untracked 
|  16|0x00000000c3800000, 0x00000000c3900000, 0x00000000c3900000|100%| O|  |TAMS 0x00000000c3800000, 0x00000000c3800000| Untracked 
|  17|0x00000000c3900000, 0x00000000c3a00000, 0x00000000c3a00000|100%| O|  |TAMS 0x00000000c3900000, 0x00000000c3900000| Untracked 
|  18|0x00000000c3a00000, 0x00000000c3b00000, 0x00000000c3b00000|100%| O|  |TAMS 0x00000000c3a00000, 0x00000000c3a00000| Untracked 
|  19|0x00000000c3b00000, 0x00000000c3c00000, 0x00000000c3c00000|100%| O|  |TAMS 0x00000000c3b00000, 0x00000000c3b00000| Untracked 
|  20|0x00000000c3c00000, 0x00000000c3d00000, 0x00000000c3d00000|100%| O|  |TAMS 0x00000000c3c00000, 0x00000000c3c00000| Untracked 
|  21|0x00000000c3d00000, 0x00000000c3e00000, 0x00000000c3e00000|100%| O|  |TAMS 0x00000000c3d00000, 0x00000000c3d00000| Untracked 
|  22|0x00000000c3e00000, 0x00000000c3f00000, 0x00000000c3f00000|100%| O|  |TAMS 0x00000000c3e00000, 0x00000000c3e00000| Untracked 
|  23|0x00000000c3f00000, 0x00000000c4000000, 0x00000000c4000000|100%| O|  |TAMS 0x00000000c3f00000, 0x00000000c3f00000| Untracked 
|  24|0x00000000c4000000, 0x00000000c4100000, 0x00000000c4100000|100%| O|  |TAMS 0x00000000c4000000, 0x00000000c4000000| Untracked 
|  25|0x00000000c4100000, 0x00000000c414a400, 0x00000000c4200000| 29%| O|  |TAMS 0x00000000c4100000, 0x00000000c4100000| Untracked 
|  26|0x00000000c4200000, 0x00000000c4200000, 0x00000000c4300000|  0%| F|  |TAMS 0x00000000c4200000, 0x00000000c4200000| Untracked 
|  27|0x00000000c4300000, 0x00000000c4300000, 0x00000000c4400000|  0%| F|  |TAMS 0x00000000c4300000, 0x00000000c4300000| Untracked 
|  28|0x00000000c4400000, 0x00000000c4400000, 0x00000000c4500000|  0%| F|  |TAMS 0x00000000c4400000, 0x00000000c4400000| Untracked 
|  29|0x00000000c4500000, 0x00000000c4500000, 0x00000000c4600000|  0%| F|  |TAMS 0x00000000c4500000, 0x00000000c4500000| Untracked 
|  30|0x00000000c4600000, 0x00000000c4600000, 0x00000000c4700000|  0%| F|  |TAMS 0x00000000c4600000, 0x00000000c4600000| Untracked 
|  31|0x00000000c4700000, 0x00000000c4700000, 0x00000000c4800000|  0%| F|  |TAMS 0x00000000c4700000, 0x00000000c4700000| Untracked 
|  32|0x00000000c4800000, 0x00000000c4800000, 0x00000000c4900000|  0%| F|  |TAMS 0x00000000c4800000, 0x00000000c4800000| Untracked 
|  33|0x00000000c4900000, 0x00000000c4900000, 0x00000000c4a00000|  0%| F|  |TAMS 0x00000000c4900000, 0x00000000c4900000| Untracked 
|  34|0x00000000c4a00000, 0x00000000c4a00000, 0x00000000c4b00000|  0%| F|  |TAMS 0x00000000c4a00000, 0x00000000c4a00000| Untracked 
|  35|0x00000000c4b00000, 0x00000000c4b00000, 0x00000000c4c00000|  0%| F|  |TAMS 0x00000000c4b00000, 0x00000000c4b00000| Untracked 
|  36|0x00000000c4c00000, 0x00000000c4c00000, 0x00000000c4d00000|  0%| F|  |TAMS 0x00000000c4c00000, 0x00000000c4c00000| Untracked 
|  37|0x00000000c4d00000, 0x00000000c4d00000, 0x00000000c4e00000|  0%| F|  |TAMS 0x00000000c4d00000, 0x00000000c4d00000| Untracked 
|  38|0x00000000c4e00000, 0x00000000c4f00000, 0x00000000c4f00000|100%| S|CS|TAMS 0x00000000c4e00000, 0x00000000c4e00000| Complete 
|  39|0x00000000c4f00000, 0x00000000c5000000, 0x00000000c5000000|100%| S|CS|TAMS 0x00000000c4f00000, 0x00000000c4f00000| Complete 
|  40|0x00000000c5000000, 0x00000000c5000000, 0x00000000c5100000|  0%| F|  |TAMS 0x00000000c5000000, 0x00000000c5000000| Untracked 
|  41|0x00000000c5100000, 0x00000000c5100000, 0x00000000c5200000|  0%| F|  |TAMS 0x00000000c5100000, 0x00000000c5100000| Untracked 
|  42|0x00000000c5200000, 0x00000000c5200000, 0x00000000c5300000|  0%| F|  |TAMS 0x00000000c5200000, 0x00000000c5200000| Untracked 
|  43|0x00000000c5300000, 0x00000000c5300000, 0x00000000c5400000|  0%| F|  |TAMS 0x00000000c5300000, 0x00000000c5300000| Untracked 
|  44|0x00000000c5400000, 0x00000000c5400000, 0x00000000c5500000|  0%| F|  |TAMS 0x00000000c5400000, 0x00000000c5400000| Untracked 
|  45|0x00000000c5500000, 0x00000000c5500000, 0x00000000c5600000|  0%| F|  |TAMS 0x00000000c5500000, 0x00000000c5500000| Untracked 
|  46|0x00000000c5600000, 0x00000000c5600000, 0x00000000c5700000|  0%| F|  |TAMS 0x00000000c5600000, 0x00000000c5600000| Untracked 
|  47|0x00000000c5700000, 0x00000000c5700000, 0x00000000c5800000|  0%| F|  |TAMS 0x00000000c5700000, 0x00000000c5700000| Untracked 
|  48|0x00000000c5800000, 0x00000000c5800000, 0x00000000c5900000|  0%| F|  |TAMS 0x00000000c5800000, 0x00000000c5800000| Untracked 
|  49|0x00000000c5900000, 0x00000000c5900000, 0x00000000c5a00000|  0%| F|  |TAMS 0x00000000c5900000, 0x00000000c5900000| Untracked 
|  50|0x00000000c5a00000, 0x00000000c5a00000, 0x00000000c5b00000|  0%| F|  |TAMS 0x00000000c5a00000, 0x00000000c5a00000| Untracked 
|  51|0x00000000c5b00000, 0x00000000c5b00000, 0x00000000c5c00000|  0%| F|  |TAMS 0x00000000c5b00000, 0x00000000c5b00000| Untracked 
|  61|0x00000000c6500000, 0x00000000c6500000, 0x00000000c6600000|  0%| F|  |TAMS 0x00000000c6500000, 0x00000000c6500000| Untracked 

Card table byte_map: [0x000001a974ac0000,0x000001a974cb0000] _byte_map_base: 0x000001a9744ac000

Marking Bits (Prev, Next): (CMBitMap*) 0x000001a970df7830, (CMBitMap*) 0x000001a970df77f0
 Prev Bits: [0x000001a975e00000, 0x000001a976d60000)
 Next Bits: [0x000001a974ea0000, 0x000001a975e00000)

Polling page: 0x000001a970580000

Metaspace:

Usage:
  Non-class:     23.24 MB used.
      Class:      3.18 MB used.
       Both:     26.42 MB used.

Virtual space:
  Non-class space:       64.00 MB reserved,      23.38 MB ( 37%) committed,  1 nodes.
      Class space:        1.00 GB reserved,       3.31 MB ( <1%) committed,  1 nodes.
             Both:        1.06 GB reserved,      26.69 MB (  2%) committed. 

Chunk freelists:
   Non-Class:  8.05 MB
       Class:  12.73 MB
        Both:  20.78 MB

MaxMetaspaceSize: unlimited
CompressedClassSpaceSize: 1.00 GB
Initial GC threshold: 21.00 MB
Current GC threshold: 35.31 MB
CDS: on
MetaspaceReclaimPolicy: balanced
 - commit_granule_bytes: 65536.
 - commit_granule_words: 8192.
 - virtual_space_node_default_size: 8388608.
 - enlarge_chunks_in_place: 1.
 - new_chunks_are_fully_committed: 0.
 - uncommit_free_chunks: 1.
 - use_allocation_guard: 0.
 - handle_deallocations: 1.


Internal statistics:

num_allocs_failed_limit: 3.
num_arena_births: 156.
num_arena_deaths: 0.
num_vsnodes_births: 2.
num_vsnodes_deaths: 0.
num_space_committed: 427.
num_space_uncommitted: 0.
num_chunks_returned_to_freelist: 3.
num_chunks_taken_from_freelist: 1129.
num_chunk_merges: 3.
num_chunk_splits: 786.
num_chunks_enlarged: 612.
num_inconsistent_stats: 0.

CodeHeap 'non-profiled nmethods': size=120000Kb used=2112Kb max_used=2112Kb free=117887Kb
 bounds [0x000001a907ad0000, 0x000001a907d40000, 0x000001a90f000000]
CodeHeap 'profiled nmethods': size=120000Kb used=11746Kb max_used=11746Kb free=108253Kb
 bounds [0x000001a900000000, 0x000001a900b80000, 0x000001a907530000]
CodeHeap 'non-nmethods': size=5760Kb used=1207Kb max_used=1254Kb free=4552Kb
 bounds [0x000001a907530000, 0x000001a9077a0000, 0x000001a907ad0000]
 total_blobs=6006 nmethods=5497 adapters=421
 compilation: enabled
              stopped_count=0, restarted_count=0
 full_count=0

Compilation events (20 events):
Event: 6.301 Thread 0x000001a97973d6b0 5563       2       com.sun.tools.javac.comp.Check::checkForBadAuxiliaryClassAccess (78 bytes)
Event: 6.301 Thread 0x000001a97973d6b0 nmethod 5563 0x000001a900b76010 code [0x000001a900b76200, 0x000001a900b764b8]
Event: 6.302 Thread 0x000001a97973d6b0 5564       2       com.sun.tools.javac.comp.Resolve$$Lambda$264/0x000001a9102dad48::loadClass (6 bytes)
Event: 6.302 Thread 0x000001a97973d6b0 nmethod 5564 0x000001a900b76710 code [0x000001a900b768a0, 0x000001a900b769b8]
Event: 6.302 Thread 0x000001a97973d6b0 5568       2       com.sun.tools.javac.code.Scope$ScopeListenerList::symbolAdded (8 bytes)
Event: 6.302 Thread 0x000001a97973d6b0 nmethod 5568 0x000001a900b76a90 code [0x000001a900b76c20, 0x000001a900b76d48]
Event: 6.302 Thread 0x000001a97973d6b0 5567       2       com.sun.tools.javac.code.ClassFinder::newCompletionFailure (38 bytes)
Event: 6.302 Thread 0x000001a97973d6b0 nmethod 5567 0x000001a900b76e10 code [0x000001a900b76fc0, 0x000001a900b77288]
Event: 6.302 Thread 0x000001a97973d6b0 5565       2       com.sun.tools.javac.comp.Attr::attribType (12 bytes)
Event: 6.303 Thread 0x000001a97973d6b0 nmethod 5565 0x000001a900b77390 code [0x000001a900b77520, 0x000001a900b77648]
Event: 6.303 Thread 0x000001a97973d6b0 5566       2       com.sun.tools.javac.comp.Attr::attribType (23 bytes)
Event: 6.303 Thread 0x000001a97973d6b0 nmethod 5566 0x000001a900b77710 code [0x000001a900b778c0, 0x000001a900b77a98]
Event: 6.303 Thread 0x000001a97973d6b0 5569   !   2       java.util.EnumSet::clone (18 bytes)
Event: 6.303 Thread 0x000001a97973d6b0 nmethod 5569 0x000001a900b77b90 code [0x000001a900b77d40, 0x000001a900b77f78]
Event: 6.305 Thread 0x000001a97973d6b0 5570       2       com.sun.tools.javac.code.Attribute::<init> (10 bytes)
Event: 6.305 Thread 0x000001a97973d6b0 nmethod 5570 0x000001a900b78110 code [0x000001a900b782a0, 0x000001a900b783f8]
Event: 6.305 Thread 0x000001a97973d6b0 5571       2       com.sun.tools.javac.util.Pair::<init> (15 bytes)
Event: 6.305 Thread 0x000001a97973d6b0 nmethod 5571 0x000001a900b78490 code [0x000001a900b78620, 0x000001a900b787d8]
Event: 6.311 Thread 0x000001a97973d6b0 5574       1       jdk.internal.jimage.ImageReader$Node::setCompleted (6 bytes)
Event: 6.311 Thread 0x000001a97973d6b0 nmethod 5574 0x000001a907cdfe10 code [0x000001a907cdffa0, 0x000001a907ce0078]

GC Heap History (19 events):
Event: 1.247 GC heap before
{Heap before GC invocations=0 (full 0):
 garbage-first heap   total 63488K, used 23552K [0x00000000c2800000, 0x0000000100000000)
  region size 1024K, 23 young (23552K), 0 survivors (0K)
 Metaspace       used 6026K, committed 6208K, reserved 1114112K
  class space    used 742K, committed 832K, reserved 1048576K
}
Event: 1.264 GC heap after
{Heap after GC invocations=1 (full 0):
 garbage-first heap   total 63488K, used 3688K [0x00000000c2800000, 0x0000000100000000)
  region size 1024K, 3 young (3072K), 3 survivors (3072K)
 Metaspace       used 6026K, committed 6208K, reserved 1114112K
  class space    used 742K, committed 832K, reserved 1048576K
}
Event: 2.054 GC heap before
{Heap before GC invocations=1 (full 0):
 garbage-first heap   total 63488K, used 30312K [0x00000000c2800000, 0x0000000100000000)
  region size 1024K, 29 young (29696K), 3 survivors (3072K)
 Metaspace       used 9128K, committed 9280K, reserved 1114112K
  class space    used 1125K, committed 1216K, reserved 1048576K
}
Event: 2.064 GC heap after
{Heap after GC invocations=2 (full 0):
 garbage-first heap   total 63488K, used 4960K [0x00000000c2800000, 0x0000000100000000)
  region size 1024K, 2 young (2048K), 2 survivors (2048K)
 Metaspace       used 9128K, committed 9280K, reserved 1114112K
  class space    used 1125K, committed 1216K, reserved 1048576K
}
Event: 3.444 GC heap before
{Heap before GC invocations=2 (full 0):
 garbage-first heap   total 63488K, used 40800K [0x00000000c2800000, 0x0000000100000000)
  region size 1024K, 37 young (37888K), 2 survivors (2048K)
 Metaspace       used 15812K, committed 16000K, reserved 1114112K
  class space    used 2002K, committed 2112K, reserved 1048576K
}
Event: 3.454 GC heap after
{Heap after GC invocations=3 (full 0):
 garbage-first heap   total 63488K, used 7908K [0x00000000c2800000, 0x0000000100000000)
  region size 1024K, 5 young (5120K), 5 survivors (5120K)
 Metaspace       used 15812K, committed 16000K, reserved 1114112K
  class space    used 2002K, committed 2112K, reserved 1048576K
}
Event: 4.430 GC heap before
{Heap before GC invocations=3 (full 0):
 garbage-first heap   total 63488K, used 40676K [0x00000000c2800000, 0x0000000100000000)
  region size 1024K, 37 young (37888K), 5 survivors (5120K)
 Metaspace       used 16757K, committed 16960K, reserved 1114112K
  class space    used 2068K, committed 2176K, reserved 1048576K
}
Event: 4.441 GC heap after
{Heap after GC invocations=4 (full 0):
 garbage-first heap   total 63488K, used 9369K [0x00000000c2800000, 0x0000000100000000)
  region size 1024K, 2 young (2048K), 2 survivors (2048K)
 Metaspace       used 16757K, committed 16960K, reserved 1114112K
  class space    used 2068K, committed 2176K, reserved 1048576K
}
Event: 5.453 GC heap before
{Heap before GC invocations=4 (full 0):
 garbage-first heap   total 63488K, used 42137K [0x00000000c2800000, 0x0000000100000000)
  region size 1024K, 35 young (35840K), 2 survivors (2048K)
 Metaspace       used 21295K, committed 21504K, reserved 1114112K
  class space    used 2644K, committed 2752K, reserved 1048576K
}
Event: 5.460 GC heap after
{Heap after GC invocations=5 (full 0):
 garbage-first heap   total 63488K, used 11318K [0x00000000c2800000, 0x0000000100000000)
  region size 1024K, 4 young (4096K), 4 survivors (4096K)
 Metaspace       used 21295K, committed 21504K, reserved 1114112K
  class space    used 2644K, committed 2752K, reserved 1048576K
}
Event: 5.798 GC heap before
{Heap before GC invocations=6 (full 0):
 garbage-first heap   total 45056K, used 32822K [0x00000000c2800000, 0x0000000100000000)
  region size 1024K, 26 young (26624K), 4 survivors (4096K)
 Metaspace       used 25547K, committed 25792K, reserved 1114112K
  class space    used 3105K, committed 3264K, reserved 1048576K
}
Event: 5.805 GC heap after
{Heap after GC invocations=7 (full 0):
 garbage-first heap   total 54272K, used 15426K [0x00000000c2800000, 0x0000000100000000)
  region size 1024K, 4 young (4096K), 4 survivors (4096K)
 Metaspace       used 25547K, committed 25792K, reserved 1114112K
  class space    used 3105K, committed 3264K, reserved 1048576K
}
Event: 5.814 GC heap before
{Heap before GC invocations=7 (full 0):
 garbage-first heap   total 54272K, used 16450K [0x00000000c2800000, 0x0000000100000000)
  region size 1024K, 5 young (5120K), 4 survivors (4096K)
 Metaspace       used 25571K, committed 25856K, reserved 1114112K
  class space    used 3105K, committed 3264K, reserved 1048576K
}
Event: 5.819 GC heap after
{Heap after GC invocations=8 (full 0):
 garbage-first heap   total 54272K, used 15618K [0x00000000c2800000, 0x0000000100000000)
  region size 1024K, 1 young (1024K), 1 survivors (1024K)
 Metaspace       used 25571K, committed 25856K, reserved 1114112K
  class space    used 3105K, committed 3264K, reserved 1048576K
}
Event: 6.081 GC heap before
{Heap before GC invocations=8 (full 0):
 garbage-first heap   total 54272K, used 38146K [0x00000000c2800000, 0x0000000100000000)
  region size 1024K, 24 young (24576K), 1 survivors (1024K)
 Metaspace       used 26407K, committed 26688K, reserved 1114112K
  class space    used 3200K, committed 3328K, reserved 1048576K
}
Event: 6.089 GC heap after
{Heap after GC invocations=9 (full 0):
 garbage-first heap   total 54272K, used 22121K [0x00000000c2800000, 0x0000000100000000)
  region size 1024K, 3 young (3072K), 3 survivors (3072K)
 Metaspace       used 26407K, committed 26688K, reserved 1114112K
  class space    used 3200K, committed 3328K, reserved 1048576K
}
Event: 6.211 GC heap before
{Heap before GC invocations=9 (full 0):
 garbage-first heap   total 54272K, used 37481K [0x00000000c2800000, 0x0000000100000000)
  region size 1024K, 19 young (19456K), 3 survivors (3072K)
 Metaspace       used 26810K, committed 27136K, reserved 1114112K
  class space    used 3242K, committed 3392K, reserved 1048576K
}
Event: 6.221 GC heap after
{Heap after GC invocations=10 (full 0):
 garbage-first heap   total 54272K, used 25591K [0x00000000c2800000, 0x0000000100000000)
  region size 1024K, 3 young (3072K), 3 survivors (3072K)
 Metaspace       used 26810K, committed 27136K, reserved 1114112K
  class space    used 3242K, committed 3392K, reserved 1048576K
}
Event: 6.313 GC heap before
{Heap before GC invocations=10 (full 0):
 garbage-first heap   total 54272K, used 38903K [0x00000000c2800000, 0x0000000100000000)
  region size 1024K, 16 young (16384K), 3 survivors (3072K)
 Metaspace       used 27055K, committed 27328K, reserved 1114112K
  class space    used 3253K, committed 3392K, reserved 1048576K
}

Dll operation events (4 events):
Event: 0.075 Loaded shared library C:\Users\39\.jdks\jbr-17.0.12-1\bin\java.dll
Event: 0.154 Loaded shared library C:\Users\39\.jdks\jbr-17.0.12-1\bin\jsvml.dll
Event: 0.232 Loaded shared library C:\Users\39\.jdks\jbr-17.0.12-1\bin\zip.dll
Event: 0.530 Loaded shared library C:\Users\39\.jdks\jbr-17.0.12-1\bin\verify.dll

Deoptimization events (20 events):
Event: 5.965 Thread 0x000001a970dbb8c0 DEOPT PACKING pc=0x000001a9009fb931 sp=0x00000036f9bfc270
Event: 5.965 Thread 0x000001a970dbb8c0 DEOPT UNPACKING pc=0x000001a907587143 sp=0x00000036f9bfb700 mode 0
Event: 5.965 Thread 0x000001a970dbb8c0 DEOPT PACKING pc=0x000001a900a00dbe sp=0x00000036f9bfc110
Event: 5.965 Thread 0x000001a970dbb8c0 DEOPT UNPACKING pc=0x000001a907587143 sp=0x00000036f9bfb5a8 mode 0
Event: 5.965 Thread 0x000001a970dbb8c0 DEOPT PACKING pc=0x000001a900a0129e sp=0x00000036f9bfc110
Event: 5.965 Thread 0x000001a970dbb8c0 DEOPT UNPACKING pc=0x000001a907587143 sp=0x00000036f9bfb590 mode 0
Event: 5.965 Thread 0x000001a970dbb8c0 DEOPT PACKING pc=0x000001a900a00dbe sp=0x00000036f9bfc110
Event: 5.965 Thread 0x000001a970dbb8c0 DEOPT UNPACKING pc=0x000001a907587143 sp=0x00000036f9bfb5a8 mode 0
Event: 5.966 Thread 0x000001a970dbb8c0 DEOPT PACKING pc=0x000001a900a0717b sp=0x00000036f9bfc100
Event: 5.966 Thread 0x000001a970dbb8c0 DEOPT UNPACKING pc=0x000001a907587143 sp=0x00000036f9bfb5c8 mode 0
Event: 5.966 Thread 0x000001a970dbb8c0 DEOPT PACKING pc=0x000001a900a0717b sp=0x00000036f9bfc100
Event: 5.966 Thread 0x000001a970dbb8c0 DEOPT UNPACKING pc=0x000001a907587143 sp=0x00000036f9bfb5c8 mode 0
Event: 6.110 Thread 0x000001a970dbb8c0 DEOPT PACKING pc=0x000001a9009d51a8 sp=0x00000036f9bfbee0
Event: 6.110 Thread 0x000001a970dbb8c0 DEOPT UNPACKING pc=0x000001a907587143 sp=0x00000036f9bfb388 mode 0
Event: 6.113 Thread 0x000001a970dbb8c0 DEOPT PACKING pc=0x000001a9009d5999 sp=0x00000036f9bfbe40
Event: 6.113 Thread 0x000001a970dbb8c0 DEOPT UNPACKING pc=0x000001a907587143 sp=0x00000036f9bfb300 mode 0
Event: 6.143 Thread 0x000001a970dbb8c0 DEOPT PACKING pc=0x000001a900a31dce sp=0x00000036f9bfc420
Event: 6.143 Thread 0x000001a970dbb8c0 DEOPT UNPACKING pc=0x000001a907587143 sp=0x00000036f9bfb8a8 mode 0
Event: 6.271 Thread 0x000001a970dbb8c0 DEOPT PACKING pc=0x000001a9008ce90c sp=0x00000036f9bfbfe0
Event: 6.271 Thread 0x000001a970dbb8c0 DEOPT UNPACKING pc=0x000001a907587143 sp=0x00000036f9bfb538 mode 0

Classes loaded (20 events):
Event: 5.950 Loading class java/nio/file/ClosedDirectoryStreamException
Event: 5.950 Loading class java/nio/file/ClosedDirectoryStreamException done
Event: 5.950 Loading class java/nio/file/DirectoryIteratorException
Event: 5.950 Loading class java/nio/file/DirectoryIteratorException done
Event: 5.950 Loading class java/nio/file/Files$3
Event: 5.950 Loading class java/nio/file/Files$3 done
Event: 5.950 Loading class java/nio/file/FileVisitResult
Event: 5.950 Loading class java/nio/file/FileVisitResult done
Event: 5.950 Loading class sun/nio/fs/BasicFileAttributesHolder
Event: 5.950 Loading class sun/nio/fs/BasicFileAttributesHolder done
Event: 6.072 Loading class java/util/ComparableTimSort
Event: 6.072 Loading class java/util/ComparableTimSort done
Event: 6.073 Loading class java/nio/file/Files$2
Event: 6.073 Loading class java/nio/file/Files$2 done
Event: 6.075 Loading class sun/nio/fs/WindowsPath$WindowsPathWithAttributes
Event: 6.075 Loading class sun/nio/fs/WindowsPath$WindowsPathWithAttributes done
Event: 6.123 Loading class java/nio/file/FileTreeWalker$1
Event: 6.123 Loading class java/nio/file/FileTreeWalker$1 done
Event: 6.181 Loading class jdk/internal/jimage/ImageReader$LinkNode
Event: 6.181 Loading class jdk/internal/jimage/ImageReader$LinkNode done

Classes unloaded (0 events):
No events

Classes redefined (0 events):
No events

Internal exceptions (20 events):
Event: 6.298 Thread 0x000001a970dbb8c0 Exception <a 'sun/nio/fs/WindowsException'{0x00000000c53d1f28}> (0x00000000c53d1f28) 
thrown [s\src\hotspot\share\prims\jni.cpp, line 531]
Event: 6.298 Thread 0x000001a970dbb8c0 Exception <a 'sun/nio/fs/WindowsException'{0x00000000c53d2288}> (0x00000000c53d2288) 
thrown [s\src\hotspot\share\prims\jni.cpp, line 531]
Event: 6.298 Thread 0x000001a970dbb8c0 Exception <a 'sun/nio/fs/WindowsException'{0x00000000c53d3798}> (0x00000000c53d3798) 
thrown [s\src\hotspot\share\prims\jni.cpp, line 531]
Event: 6.298 Thread 0x000001a970dbb8c0 Exception <a 'sun/nio/fs/WindowsException'{0x00000000c53d3b88}> (0x00000000c53d3b88) 
thrown [s\src\hotspot\share\prims\jni.cpp, line 531]
Event: 6.301 Thread 0x000001a970dbb8c0 Exception <a 'sun/nio/fs/WindowsException'{0x00000000c53f8f38}> (0x00000000c53f8f38) 
thrown [s\src\hotspot\share\prims\jni.cpp, line 531]
Event: 6.301 Thread 0x000001a970dbb8c0 Exception <a 'sun/nio/fs/WindowsException'{0x00000000c53f9288}> (0x00000000c53f9288) 
thrown [s\src\hotspot\share\prims\jni.cpp, line 531]
Event: 6.301 Thread 0x000001a970dbb8c0 Exception <a 'sun/nio/fs/WindowsException'{0x00000000c53fe2e0}> (0x00000000c53fe2e0) 
thrown [s\src\hotspot\share\prims\jni.cpp, line 531]
Event: 6.301 Thread 0x000001a970dbb8c0 Exception <a 'sun/nio/fs/WindowsException'{0x00000000c53fe5e0}> (0x00000000c53fe5e0) 
thrown [s\src\hotspot\share\prims\jni.cpp, line 531]
Event: 6.301 Thread 0x000001a970dbb8c0 Exception <a 'sun/nio/fs/WindowsException'{0x00000000c5206c38}> (0x00000000c5206c38) 
thrown [s\src\hotspot\share\prims\jni.cpp, line 531]
Event: 6.301 Thread 0x000001a970dbb8c0 Exception <a 'sun/nio/fs/WindowsException'{0x00000000c5206f88}> (0x00000000c5206f88) 
thrown [s\src\hotspot\share\prims\jni.cpp, line 531]
Event: 6.301 Thread 0x000001a970dbb8c0 Exception <a 'sun/nio/fs/WindowsException'{0x00000000c5208470}> (0x00000000c5208470) 
thrown [s\src\hotspot\share\prims\jni.cpp, line 531]
Event: 6.301 Thread 0x000001a970dbb8c0 Exception <a 'sun/nio/fs/WindowsException'{0x00000000c5208848}> (0x00000000c5208848) 
thrown [s\src\hotspot\share\prims\jni.cpp, line 531]
Event: 6.303 Thread 0x000001a970dbb8c0 Exception <a 'sun/nio/fs/WindowsException'{0x00000000c521c2b8}> (0x00000000c521c2b8) 
thrown [s\src\hotspot\share\prims\jni.cpp, line 531]
Event: 6.303 Thread 0x000001a970dbb8c0 Exception <a 'sun/nio/fs/WindowsException'{0x00000000c521c618}> (0x00000000c521c618) 
thrown [s\src\hotspot\share\prims\jni.cpp, line 531]
Event: 6.303 Thread 0x000001a970dbb8c0 Exception <a 'sun/nio/fs/WindowsException'{0x00000000c5229028}> (0x00000000c5229028) 
thrown [s\src\hotspot\share\prims\jni.cpp, line 531]
Event: 6.303 Thread 0x000001a970dbb8c0 Exception <a 'sun/nio/fs/WindowsException'{0x00000000c5229340}> (0x00000000c5229340) 
thrown [s\src\hotspot\share\prims\jni.cpp, line 531]
Event: 6.304 Thread 0x000001a970dbb8c0 Exception <a 'sun/nio/fs/WindowsException'{0x00000000c5249bb0}> (0x00000000c5249bb0) 
thrown [s\src\hotspot\share\prims\jni.cpp, line 531]
Event: 6.304 Thread 0x000001a970dbb8c0 Exception <a 'sun/nio/fs/WindowsException'{0x00000000c5249f10}> (0x00000000c5249f10) 
thrown [s\src\hotspot\share\prims\jni.cpp, line 531]
Event: 6.304 Thread 0x000001a970dbb8c0 Exception <a 'sun/nio/fs/WindowsException'{0x00000000c524b420}> (0x00000000c524b420) 
thrown [s\src\hotspot\share\prims\jni.cpp, line 531]
Event: 6.304 Thread 0x000001a970dbb8c0 Exception <a 'sun/nio/fs/WindowsException'{0x00000000c524b808}> (0x00000000c524b808) 
thrown [s\src\hotspot\share\prims\jni.cpp, line 531]

VM Operations (20 events):
Event: 5.819 Executing VM operation: G1CollectForAllocation done
Event: 5.868 Executing VM operation: HandshakeAllThreads
Event: 5.869 Executing VM operation: HandshakeAllThreads done
Event: 5.897 Executing VM operation: HandshakeAllThreads
Event: 5.897 Executing VM operation: HandshakeAllThreads done
Event: 5.897 Executing VM operation: HandshakeAllThreads
Event: 5.897 Executing VM operation: HandshakeAllThreads done
Event: 5.901 Executing VM operation: HandshakeAllThreads
Event: 5.901 Executing VM operation: HandshakeAllThreads done
Event: 5.941 Executing VM operation: HandshakeAllThreads
Event: 5.941 Executing VM operation: HandshakeAllThreads done
Event: 6.076 Executing VM operation: HandshakeAllThreads
Event: 6.076 Executing VM operation: HandshakeAllThreads done
Event: 6.081 Executing VM operation: G1CollectForAllocation
Event: 6.089 Executing VM operation: G1CollectForAllocation done
Event: 6.181 Executing VM operation: HandshakeAllThreads
Event: 6.181 Executing VM operation: HandshakeAllThreads done
Event: 6.211 Executing VM operation: G1CollectForAllocation
Event: 6.221 Executing VM operation: G1CollectForAllocation done
Event: 6.313 Executing VM operation: G1CollectForAllocation

Events (20 events):
Event: 0.198 Thread 0x000001a97972e9f0 Thread added: 0x000001a97972e9f0
Event: 0.198 Thread 0x000001a979730370 Thread added: 0x000001a979730370
Event: 0.198 Thread 0x000001a979730d30 Thread added: 0x000001a979730d30
Event: 0.198 Thread 0x000001a979737430 Thread added: 0x000001a979737430
Event: 0.198 Thread 0x000001a97973d6b0 Thread added: 0x000001a97973d6b0
Event: 0.198 Thread 0x000001a979746ca0 Thread added: 0x000001a979746ca0
Event: 0.213 Thread 0x000001a979af4850 Thread added: 0x000001a979af4850
Event: 0.235 Loaded shared library C:\Users\39\.jdks\jbr-17.0.12-1\bin\instrument.dll
Event: 0.247 Loaded shared library C:\Users\39\.jdks\jbr-17.0.12-1\bin\net.dll
Event: 0.259 Loaded shared library C:\Users\39\.jdks\jbr-17.0.12-1\bin\nio.dll
Event: 0.262 Loaded shared library C:\Users\39\.jdks\jbr-17.0.12-1\bin\zip.dll
Event: 0.278 Loaded shared library C:\Program Files\JetBrains\IntelliJ IDEA 2024.2.2\bin\breakgen64.dll
Event: 0.280 Thread 0x000001a979b5ac90 Thread added: 0x000001a979b5ac90
Event: 0.280 Thread 0x000001a979b5b170 Thread added: 0x000001a979b5b170
Event: 0.307 Loaded shared library C:\Users\39\.jdks\jbr-17.0.12-1\bin\extnet.dll
Event: 0.467 Thread 0x000001a979d60f40 Thread added: 0x000001a979d60f40
Event: 0.469 Loaded shared library C:\Users\39\.jdks\jbr-17.0.12-1\bin\jimage.dll
Event: 0.514 Loaded shared library C:\Users\39\AppData\Local\Temp\jansi-2.4.1-170b04a3495e8d4e-jansi.dll
Event: 0.678 Thread 0x000001a979d60f40 Thread exited: 0x000001a979d60f40
Event: 3.165 Thread 0x000001a97e92a260 Thread added: 0x000001a97e92a260


Dynamic libraries:
0x00007ff62d400000 - 0x00007ff62d40a000 	C:\Users\39\.jdks\jbr-17.0.12-1\bin\java.exe
0x00007ffab2050000 - 0x00007ffab2248000 	C:\Windows\SYSTEM32\ntdll.dll
0x00007ffab0bc0000 - 0x00007ffab0c82000 	C:\Windows\System32\KERNEL32.DLL
0x00007ffaafa20000 - 0x00007ffaafd1f000 	C:\Windows\System32\KERNELBASE.dll
0x00007ffaaf920000 - 0x00007ffaafa20000 	C:\Windows\System32\ucrtbase.dll
0x00007ffa9acc0000 - 0x00007ffa9acd7000 	C:\Users\39\.jdks\jbr-17.0.12-1\bin\jli.dll
0x00007ffaa9c20000 - 0x00007ffaa9c3b000 	C:\Users\39\.jdks\jbr-17.0.12-1\bin\VCRUNTIME140.dll
0x00007ffab0190000 - 0x00007ffab032d000 	C:\Windows\System32\USER32.dll
0x00007ffaaff30000 - 0x00007ffaaff52000 	C:\Windows\System32\win32u.dll
0x00007ffaaed70000 - 0x00007ffaaf00a000 	C:\Windows\WinSxS\amd64_microsoft.windows.common-controls_6595b64144ccf1df_6.0.19041.4355_none_60b8b9eb71f62e16\COMCTL32.dll
0x00007ffab0890000 - 0x00007ffab08bb000 	C:\Windows\System32\GDI32.dll
0x00007ffab08c0000 - 0x00007ffab095e000 	C:\Windows\System32\msvcrt.dll
0x00007ffaaf6f0000 - 0x00007ffaaf80a000 	C:\Windows\System32\gdi32full.dll
0x00007ffaaff60000 - 0x00007ffaafffd000 	C:\Windows\System32\msvcp_win.dll
0x00007ffab1f70000 - 0x00007ffab1f9f000 	C:\Windows\System32\IMM32.DLL
0x00007ffaa9c10000 - 0x00007ffaa9c1c000 	C:\Users\39\.jdks\jbr-17.0.12-1\bin\vcruntime140_1.dll
0x00007ffa73f20000 - 0x00007ffa73fad000 	C:\Users\39\.jdks\jbr-17.0.12-1\bin\msvcp140.dll
0x00007ffa52060000 - 0x00007ffa52cea000 	C:\Users\39\.jdks\jbr-17.0.12-1\bin\server\jvm.dll
0x00007ffab0330000 - 0x00007ffab03df000 	C:\Windows\System32\ADVAPI32.dll
0x00007ffab1860000 - 0x00007ffab18ff000 	C:\Windows\System32\sechost.dll
0x00007ffab1e40000 - 0x00007ffab1f63000 	C:\Windows\System32\RPCRT4.dll
0x00007ffaaf810000 - 0x00007ffaaf837000 	C:\Windows\System32\bcrypt.dll
0x00007ffab1fa0000 - 0x00007ffab200b000 	C:\Windows\System32\WS2_32.dll
0x00007ffaaf260000 - 0x00007ffaaf2ab000 	C:\Windows\SYSTEM32\POWRPROF.dll
0x00007ffa9b820000 - 0x00007ffa9b847000 	C:\Windows\SYSTEM32\WINMM.dll
0x00007ffaac050000 - 0x00007ffaac05a000 	C:\Windows\SYSTEM32\VERSION.dll
0x00007ffaaf010000 - 0x00007ffaaf022000 	C:\Windows\SYSTEM32\UMPDC.dll
0x00007ffaac760000 - 0x00007ffaac772000 	C:\Windows\SYSTEM32\kernel.appcore.dll
0x00007ffaa23e0000 - 0x00007ffaa23ea000 	C:\Users\39\.jdks\jbr-17.0.12-1\bin\jimage.dll
0x00007ffaaf070000 - 0x00007ffaaf254000 	C:\Windows\SYSTEM32\DBGHELP.DLL
0x00007ffaaf030000 - 0x00007ffaaf064000 	C:\Windows\SYSTEM32\dbgcore.DLL
0x00007ffaaf840000 - 0x00007ffaaf8c2000 	C:\Windows\System32\bcryptPrimitives.dll
0x00007ffa99d20000 - 0x00007ffa99d2e000 	C:\Users\39\.jdks\jbr-17.0.12-1\bin\instrument.dll
0x00007ffa98240000 - 0x00007ffa98265000 	C:\Users\39\.jdks\jbr-17.0.12-1\bin\java.dll
0x00007ffa623a0000 - 0x00007ffa62477000 	C:\Users\39\.jdks\jbr-17.0.12-1\bin\jsvml.dll
0x00007ffab0e90000 - 0x00007ffab15fd000 	C:\Windows\System32\SHELL32.dll
0x00007ffaac9a0000 - 0x00007ffaad144000 	C:\Windows\SYSTEM32\windows.storage.dll
0x00007ffab1ae0000 - 0x00007ffab1e35000 	C:\Windows\System32\combase.dll
0x00007ffaae990000 - 0x00007ffaae9bf000 	C:\Windows\SYSTEM32\Wldp.dll
0x00007ffab1990000 - 0x00007ffab1a5d000 	C:\Windows\System32\OLEAUT32.dll
0x00007ffab17b0000 - 0x00007ffab185d000 	C:\Windows\System32\SHCORE.dll
0x00007ffab00d0000 - 0x00007ffab0125000 	C:\Windows\System32\shlwapi.dll
0x00007ffaaf620000 - 0x00007ffaaf644000 	C:\Windows\SYSTEM32\profapi.dll
0x00007ffa98290000 - 0x00007ffa982a8000 	C:\Users\39\.jdks\jbr-17.0.12-1\bin\zip.dll
0x00007ffa980f0000 - 0x00007ffa98109000 	C:\Users\39\.jdks\jbr-17.0.12-1\bin\net.dll
0x00007ffaa58e0000 - 0x00007ffaa59ea000 	C:\Windows\SYSTEM32\WINHTTP.dll
0x00007ffaae710000 - 0x00007ffaae77c000 	C:\Windows\system32\mswsock.dll
0x00007ffa980b0000 - 0x00007ffa980c6000 	C:\Users\39\.jdks\jbr-17.0.12-1\bin\nio.dll
0x00007ffa963b0000 - 0x00007ffa963ca000 	C:\Program Files\JetBrains\IntelliJ IDEA 2024.2.2\bin\breakgen64.dll
0x00007ffa986e0000 - 0x00007ffa986e9000 	C:\Users\39\.jdks\jbr-17.0.12-1\bin\extnet.dll
0x00007ffa99930000 - 0x00007ffa99954000 	C:\Users\39\AppData\Local\Temp\jansi-2.4.1-170b04a3495e8d4e-jansi.dll
0x00007ffa98230000 - 0x00007ffa98240000 	C:\Users\39\.jdks\jbr-17.0.12-1\bin\verify.dll

dbghelp: loaded successfully - version: 4.0.5 - missing functions: none
symbol engine: initialized successfully - sym options: 0x614 - pdb path: .;C:\Users\39\.jdks\jbr-17.0.12-1\bin;C:\Windows\SYSTEM32;C:\Windows\WinSxS\amd64_microsoft.windows.common-controls_6595b64144ccf1df_6.0.19041.4355_none_60b8b9eb71f62e16;C:\Users\39\.jdks\jbr-17.0.12-1\bin\server;C:\Program Files\JetBrains\IntelliJ IDEA 2024.2.2\bin;C:\Users\39\AppData\Local\Temp

VM Arguments:
jvm_args: -Dmaven.multiModuleProjectDirectory=C:\Users\39\Documents\GitHub\DevAthletes\DevAthletes\gymify -Djansi.passthrough=true -Dmaven.home=C:\Program Files\JetBrains\IntelliJ IDEA 2024.2.2\plugins\maven\lib\maven3 -Dclassworlds.conf=C:\Program Files\JetBrains\IntelliJ IDEA 2024.2.2\plugins\maven\lib\maven3\bin\m2.conf -Dmaven.ext.class.path=C:\Program Files\JetBrains\IntelliJ IDEA 2024.2.2\plugins\maven\lib\maven-event-listener.jar -javaagent:C:\Program Files\JetBrains\IntelliJ IDEA 2024.2.2\lib\idea_rt.jar=56773:C:\Program Files\JetBrains\IntelliJ IDEA 2024.2.2\bin -Dfile.encoding=UTF-8 
java_command: org.codehaus.classworlds.Launcher -Didea.version=2024.2.2 org.openjfx:javafx-maven-plugin:0.0.8:run
java_class_path (initial): C:\Program Files\JetBrains\IntelliJ IDEA 2024.2.2\plugins\maven\lib\maven3\boot\plexus-classworlds-2.8.0.jar;C:\Program Files\JetBrains\IntelliJ IDEA 2024.2.2\plugins\maven\lib\maven3\boot\plexus-classworlds.license
Launcher Type: SUN_STANDARD

[Global flags]
     intx CICompilerCount                          = 4                                         {product} {ergonomic}
     uint ConcGCThreads                            = 2                                         {product} {ergonomic}
     uint G1ConcRefinementThreads                  = 8                                         {product} {ergonomic}
   size_t G1HeapRegionSize                         = 1048576                                   {product} {ergonomic}
    uintx GCDrainStackTargetSize                   = 64                                        {product} {ergonomic}
   size_t InitialHeapSize                          = 65011712                                  {product} {ergonomic}
   size_t MarkStackSize                            = 4194304                                   {product} {ergonomic}
   size_t MaxHeapSize                              = 1031798784                                {product} {ergonomic}
   size_t MaxNewSize                               = 618659840                                 {product} {ergonomic}
   size_t MinHeapDeltaBytes                        = 1048576                                   {product} {ergonomic}
   size_t MinHeapSize                              = 8388608                                   {product} {ergonomic}
    uintx NonNMethodCodeHeapSize                   = 5839372                                {pd product} {ergonomic}
    uintx NonProfiledCodeHeapSize                  = 122909434                              {pd product} {ergonomic}
    uintx ProfiledCodeHeapSize                     = 122909434                              {pd product} {ergonomic}
    uintx ReservedCodeCacheSize                    = 251658240                              {pd product} {ergonomic}
     bool SegmentedCodeCache                       = true                                      {product} {ergonomic}
   size_t SoftMaxHeapSize                          = 1031798784                             {manageable} {ergonomic}
     bool UseCompressedClassPointers               = true                           {product lp64_product} {ergonomic}
     bool UseCompressedOops                        = true                           {product lp64_product} {ergonomic}
     bool UseG1GC                                  = true                                      {product} {ergonomic}
     bool UseLargePagesIndividualAllocation        = false                                  {pd product} {ergonomic}

Logging:
Log output configuration:
 #0: stdout all=warning uptime,level,tags
 #1: stderr all=off uptime,level,tags

Environment Variables:
PATH=C:\oraclexe\app\oracle\product\11.2.0\server\bin;C:\Users\39\.jdks\jbr-17.0.12-1\bin;C:\Program Files (x86)\VMware\VMware Workstation\bin\;C:\Users\39\.jdks\jbr-17.0.12\bin;C:\Windows\system32;C:\Windows;C:\Windows\System32\Wbem;C:\Windows\System32\WindowsPowerShell\v1.0\;C:\Windows\System32\OpenSSH\;C:\xampp\php;C:\composer;C:\Program Files\Git\cmd;C:\Program Files (x86)\CodeBlocks\MinGW\bin;C:\Program Files (x86)\GnuWin32\bin;C:\Program Files\Apache\Maven\apache-maven-3.8.8\bin;C:\Users\39\scoop\shims;C:\Users\39\AppData\Local\Microsoft\WindowsApps;C:\Users\39\AppData\Roaming\Composer\vendor\bin;C:\Users\39\AppData\Local\Programs\Microsoft VS Code\bin;C:\Users\39\AppData\Local\GitHubDesktop\bin
USERNAME=39
OS=Windows_NT
PROCESSOR_IDENTIFIER=Intel64 Family 6 Model 142 Stepping 12, GenuineIntel
TMP=C:\Users\39\AppData\Local\Temp
TEMP=C:\Users\39\AppData\Local\Temp



Periodic native trim disabled

JNI global refs:
JNI global refs: 15, weak refs: 15

JNI global refs memory usage: 843, weak refs: 841

Process memory usage:
Resident Set Size: 178728K (4% of 4024112K total physical memory with 229540K free physical memory)

OOME stack traces (most recent first):
Classloader memory used:
Loader org.codehaus.plexus.classworlds.realm.ClassRealm                                : 1699K
Loader jdk.internal.loader.ClassLoaders$AppClassLoader                                 : 913K
Loader bootstrap                                                                       : 696K
Loader jdk.internal.loader.ClassLoaders$PlatformClassLoader                            : 63537B
Loader jdk.internal.reflect.DelegatingClassLoader                                      : 5812B
Loader org.eclipse.sisu.space.CloningClassSpace$CloningClassLoader                     : 4681B

Classes loaded by more than one classloader:
Class org.codehaus.plexus.util.DirectoryScanner                                       : loaded 2 times (x 113B)
Class org.codehaus.plexus.interpolation.BasicInterpolator                             : loaded 2 times (x 68B)
Class org.codehaus.plexus.util.Scanner                                                : loaded 2 times (x 68B)
Class [Lorg.codehaus.plexus.util.MatchPattern;                                        : loaded 2 times (x 67B)
Class org.codehaus.plexus.interpolation.ValueSource                                   : loaded 2 times (x 68B)
Class org.codehaus.plexus.util.AbstractScanner                                        : loaded 2 times (x 98B)
Class org.codehaus.plexus.util.MatchPattern                                           : loaded 2 times (x 76B)
Class org.codehaus.plexus.interpolation.RecursionInterceptor                          : loaded 2 times (x 68B)
Class org.apache.maven.shared.utils.logging.MessageBuilder                            : loaded 2 times (x 68B)
Class org.apache.maven.shared.utils.logging.AnsiMessageBuilder                        : loaded 2 times (x 124B)
Class [Lorg.apache.maven.shared.utils.logging.Style;                                  : loaded 2 times (x 67B)
Class org.codehaus.plexus.interpolation.PropertiesBasedValueSource                    : loaded 2 times (x 80B)
Class org.codehaus.plexus.interpolation.AbstractValueSource                           : loaded 2 times (x 80B)
Class org.codehaus.plexus.util.MatchPatterns                                          : loaded 2 times (x 74B)
Class org.apache.maven.shared.utils.logging.MessageUtils$1                            : loaded 2 times (x 85B)
Class org.apache.maven.shared.utils.logging.Style                                     : loaded 2 times (x 78B)
Class org.apache.maven.shared.utils.logging.LoggerLevelRenderer                       : loaded 2 times (x 68B)
Class org.codehaus.plexus.util.SelectorUtils                                          : loaded 2 times (x 69B)
Class org.codehaus.plexus.util.StringUtils                                            : loaded 2 times (x 69B)
Class org.apache.maven.shared.utils.logging.MessageUtils                              : loaded 2 times (x 69B)
Class org.codehaus.plexus.interpolation.Interpolator                                  : loaded 2 times (x 68B)


---------------  S Y S T E M  ---------------

OS:
 Windows 10 , 64 bit Build 19041 (10.0.19041.5438)
OS uptime: 3 days 4:59 hours

CPU: total 8 (initial active 8) (4 cores per cpu, 2 threads per core) family 6 model 142 stepping 12 microcode 0xde, cx8, cmov, fxsr, ht, mmx, 3dnowpref, sse, sse2, sse3, ssse3, sse4.1, sse4.2, popcnt, lzcnt, tsc, tscinvbit, avx, avx2, aes, erms, clmul, bmi1, bmi2, adx, fma, vzeroupper, clflush, clflushopt
Processor Information for all 8 processors :
  Max Mhz: 2112, Current Mhz: 1609, Mhz Limit: 1605

Memory: 4k page, system-wide physical 3929M (222M free)
TotalPageFile size 16217M (AvailPageFile size 0M)
current process WorkingSet (physical memory assigned to process): 174M, peak: 174M
current process commit charge ("private bytes"): 209M, peak: 212M

vm_info: OpenJDK 64-Bit Server VM (17.0.12+1-b1207.37) for windows-amd64 JRE (17.0.12+1-b1207.37), built on 2024-09-25 by "builduser" with MS VC++ 16.10 / 16.11 (VS2019)

END.
